1NUMBER OF BEAM       NUMBER OF BEAM        APPROXIMATE NUMBER    AVERAGE TIME USED     TIME LEFT (RESERVED   NUMBER OF STARS
 PARTICLES HANDLED    PARTICLES LEFT        OF BEAM PARTICLES     BY A BEAM PARTICLE     10000.0 SECONDS      CREATED
                                            THAT CAN STILL BE                           FOR PRINTOUT)
                                            HANDLED

 NEXT SEEDS:       0       0       0       0       0       0   181CD    3039       0       0
          1               9999999               9999999             3.9696693E-04         1.0000000E+30                 0       
 NEXT SEEDS:     419       0       0       0       0       0   181CD    3039       0       0
     200000               9800000               9800000             1.8062031E-04         1.0000000E+30              5108       
 NEXT SEEDS: D1888F1       0       0       0       0       0   181CD    3039       0       0
     400000               9600000               9600000             1.7886905E-04         1.0000000E+30             10181       
 NEXT SEEDS:1A3F6A4D       0       0       0       0       0   181CD    3039       0       0
     600000               9400000               9400000             1.7806746E-04         1.0000000E+30             15305       
 NEXT SEEDS:27631BFC       0       0       0       0       0   181CD    3039       0       0
     800000               9200000               9200000             1.7851077E-04         1.0000000E+30             20472       
 NEXT SEEDS:34891599       0       0       0       0       0   181CD    3039       0       0
    1000000               9000000               9000000             1.7787415E-04         1.0000000E+30             25550       
 NEXT SEEDS: 60C84B3       1       0       0       0       0   181CD    3039       0       0
    1200000               8800000               8800000             1.7728460E-04         1.0000000E+30             30681       
 NEXT SEEDS:132C4AC3       1       0       0       0       0   181CD    3039       0       0
    1400000               8600000               8600000             1.7720552E-04         1.0000000E+30             35823       
 NEXT SEEDS:205F2724       1       0       0       0       0   181CD    3039       0       0
 COUSET, TXYZ:   1.00000000103349     -0.167046834082080      0.985948962822182    
    1600000               8400000               8400000             1.7720076E-04         1.0000000E+30             41163       
 NEXT SEEDS:2D90645A       1       0       0       0       0   181CD    3039       0       0
    1800000               8200000               8200000             1.7728819E-04         1.0000000E+30             46286       
 NEXT SEEDS:3AB370EF       1       0       0       0       0   181CD    3039       0       0
    2000000               8000000               8000000             1.7840981E-04         1.0000000E+30             51473       
 NEXT SEEDS: C475A16       2       0       0       0       0   181CD    3039       0       0
    2200000               7800000               7800000             1.8001736E-04         1.0000000E+30             56761       
 NEXT SEEDS:1983B221       2       0       0       0       0   181CD    3039       0       0
    2400000               7600000               7600000             1.8066637E-04         1.0000000E+30             61944       
 NEXT SEEDS:26B5320E       2       0       0       0       0   181CD    3039       0       0
    2600000               7400000               7400000             1.8073674E-04         1.0000000E+30             67252       
 NEXT SEEDS:33E87EF6       2       0       0       0       0   181CD    3039       0       0
    2800000               7200000               7200000             1.8127628E-04         1.0000000E+30             72439       
 NEXT SEEDS: 56C9000       3       0       0       0       0   181CD    3039       0       0
    3000000               7000000               7000000             1.8098846E-04         1.0000000E+30             77629       
 NEXT SEEDS:12927592       3       0       0       0       0   181CD    3039       0       0
    3200000               6800000               6800000             1.8220462E-04         1.0000000E+30             82721       
 NEXT SEEDS:1FB39232       3       0       0       0       0   181CD    3039       0       0
    3400000               6600000               6600000             1.8290668E-04         1.0000000E+30             87875       
 NEXT SEEDS:2CE22F4F       3       0       0       0       0   181CD    3039       0       0
    3600000               6400000               6400000             1.8310578E-04         1.0000000E+30             93123       
 NEXT SEEDS:3A2C19EA       3       0       0       0       0   181CD    3039       0       0
    3800000               6200000               6200000             1.8257927E-04         1.0000000E+30             98347       
 NEXT SEEDS: BC4BF0D       4       0       0       0       0   181CD    3039       0       0
    4000000               6000000               6000000             1.8179536E-04         1.0000000E+30            103543       
 NEXT SEEDS:18F77626       4       0       0       0       0   181CD    3039       0       0
    4200000               5800000               5800000             1.8136013E-04         1.0000000E+30            108603       
 NEXT SEEDS:2616E3D2       4       0       0       0       0   181CD    3039       0       0
    4400000               5600000               5600000             1.8225096E-04         1.0000000E+30            113660       
 NEXT SEEDS:3335FDB2       4       0       0       0       0   181CD    3039       0       0
 COUSET, TXYZ:  0.999999999992023      0.238313936478790      0.971188173148762    
    4600000               5400000               5400000             1.8263415E-04         1.0000000E+30            118902       
 NEXT SEEDS: 4CC58A6       5       0       0       0       0   181CD    3039       0       0
    4800000               5200000               5200000             1.8312717E-04         1.0000000E+30            124058       
 NEXT SEEDS:120CE9BC       5       0       0       0       0   181CD    3039       0       0
    5000000               5000000               5000000             1.8314995E-04         1.0000000E+30            129138       
 NEXT SEEDS:1F29E78A       5       0       0       0       0   181CD    3039       0       0
    5200000               4800000               4800000             1.8332828E-04         1.0000000E+30            134105       
 NEXT SEEDS:2C3C8B81       5       0       0       0       0   181CD    3039       0       0
    5400000               4600000               4600000             1.8350298E-04         1.0000000E+30            139206       
 NEXT SEEDS:3981BAF7       5       0       0       0       0   181CD    3039       0       0
    5600000               4400000               4400000             1.8339037E-04         1.0000000E+30            144202       
 NEXT SEEDS: AFFC2A1       6       0       0       0       0   181CD    3039       0       0
    5800000               4200000               4200000             1.8326862E-04         1.0000000E+30            149348       
 NEXT SEEDS:181FB87D       6       0       0       0       0   181CD    3039       0       0
    6000000               4000000               4000000             1.8316373E-04         1.0000000E+30            154523       
 NEXT SEEDS:254A877C       6       0       0       0       0   181CD    3039       0       0
    6200000               3800000               3800000             1.8328906E-04         1.0000000E+30            159710       
 NEXT SEEDS:3274501D       6       0       0       0       0   181CD    3039       0       0
    6400000               3600000               3600000             1.8323757E-04         1.0000000E+30            164889       
 NEXT SEEDS: 403E63D       7       0       0       0       0   181CD    3039       0       0
    6600000               3400000               3400000             1.8320085E-04         1.0000000E+30            170096       
 NEXT SEEDS:11323E5E       7       0       0       0       0   181CD    3039       0       0
    6800000               3200000               3200000             1.8313701E-04         1.0000000E+30            175300       
 NEXT SEEDS:1E5C7225       7       0       0       0       0   181CD    3039       0       0
    7000000               3000000               3000000             1.8316596E-04         1.0000000E+30            180459       
 NEXT SEEDS:2B86F8D7       7       0       0       0       0   181CD    3039       0       0
    7200000               2800000               2800000             1.8381456E-04         1.0000000E+30            185691       
 NEXT SEEDS:38B1803C       7       0       0       0       0   181CD    3039       0       0
    7400000               2600000               2600000             1.8408953E-04         1.0000000E+30            190720       
 NEXT SEEDS: A433F24       8       0       0       0       0   181CD    3039       0       0
    7600000               2400000               2400000             1.8430861E-04         1.0000000E+30            195831       
 NEXT SEEDS:1769E377       8       0       0       0       0   181CD    3039       0       0
    7800000               2200000               2200000             1.8447738E-04         1.0000000E+30            200989       
 NEXT SEEDS:2491A7F0       8       0       0       0       0   181CD    3039       0       0
    8000000               2000000               2000000             1.8467588E-04         1.0000000E+30            206126       
 NEXT SEEDS:31B80021       8       0       0       0       0   181CD    3039       0       0
    8200000               1800000               1800000             1.8534293E-04         1.0000000E+30            211316       
 NEXT SEEDS: 349EB7F       9       0       0       0       0   181CD    3039       0       0
    8400000               1600000               1600000             1.8663713E-04         1.0000000E+30            216540       
 NEXT SEEDS:107956CA       9       0       0       0       0   181CD    3039       0       0
    8600000               1400000               1400000             1.8758716E-04         1.0000000E+30            221673       
 NEXT SEEDS:1DB3C52E       9       0       0       0       0   181CD    3039       0       0
    8800000               1200000               1200000             1.8792318E-04         1.0000000E+30            226787       
 NEXT SEEDS:2AE7CA2E       9       0       0       0       0   181CD    3039       0       0
    9000000               1000000               1000000             1.8769418E-04         1.0000000E+30            232087       
 NEXT SEEDS:381EFD4E       9       0       0       0       0   181CD    3039       0       0
    9200000                800000                800000             1.8748047E-04         1.0000000E+30            237267       
 NEXT SEEDS: 9AC93CA       A       0       0       0       0   181CD    3039       0       0
    9400000                600000                600000             1.8717298E-04         1.0000000E+30            242404       
 NEXT SEEDS:16D7B1EE       A       0       0       0       0   181CD    3039       0       0
    9600000                400000                400000             1.8682186E-04         1.0000000E+30            247616       
 NEXT SEEDS:2407E0EE       A       0       0       0       0   181CD    3039       0       0
    9800000                200000                200000             1.8667516E-04         1.0000000E+30            252780       
 NEXT SEEDS:3126D117       A       0       0       0       0   181CD    3039       0       0
    9999950                    50                    50             1.8644000E-04         1.0000000E+30            258030       
 NEXT SEEDS: 2BB6AB0       B       0       0       0       0   181CD    3039       0       0
    9999951                    49                    49             1.8644001E-04         1.0000000E+30            258030       
 NEXT SEEDS: 2BB6DA9       B       0       0       0       0   181CD    3039       0       0
    9999952                    48                    48             1.8644002E-04         1.0000000E+30            258030       
 NEXT SEEDS: 2BB72F1       B       0       0       0       0   181CD    3039       0       0
    9999953                    47                    47             1.8644002E-04         1.0000000E+30            258030       
 NEXT SEEDS: 2BB76BC       B       0       0       0       0   181CD    3039       0       0
    9999954                    46                    46             1.8644004E-04         1.0000000E+30            258030       
 NEXT SEEDS: 2BB7DC5       B       0       0       0       0   181CD    3039       0       0
    9999955                    45                    45             1.8644003E-04         1.0000000E+30            258030       
 NEXT SEEDS: 2BB826E       B       0       0       0       0   181CD    3039       0       0
    9999956                    44                    44             1.8644004E-04         1.0000000E+30            258030       
 NEXT SEEDS: 2BB872A       B       0       0       0       0   181CD    3039       0       0
    9999957                    43                    43             1.8644004E-04         1.0000000E+30            258030       
 NEXT SEEDS: 2BB8A05       B       0       0       0       0   181CD    3039       0       0
    9999958                    42                    42             1.8644005E-04         1.0000000E+30            258030       
 NEXT SEEDS: 2BB8D9F       B       0       0       0       0   181CD    3039       0       0
    9999959                    41                    41             1.8644004E-04         1.0000000E+30            258030       
 NEXT SEEDS: 2BB90FB       B       0       0       0       0   181CD    3039       0       0
    9999960                    40                    40             1.8644005E-04         1.0000000E+30            258030       
 NEXT SEEDS: 2BB9335       B       0       0       0       0   181CD    3039       0       0
    9999961                    39                    39             1.8644006E-04         1.0000000E+30            258030       
 NEXT SEEDS: 2BB982A       B       0       0       0       0   181CD    3039       0       0
    9999962                    38                    38             1.8644005E-04         1.0000000E+30            258030       
 NEXT SEEDS: 2BB997D       B       0       0       0       0   181CD    3039       0       0
    9999963                    37                    37             1.8644005E-04         1.0000000E+30            258030       
 NEXT SEEDS: 2BBA063       B       0       0       0       0   181CD    3039       0       0
    9999964                    36                    36             1.8644006E-04         1.0000000E+30            258030       
 NEXT SEEDS: 2BBA51D       B       0       0       0       0   181CD    3039       0       0
    9999965                    35                    35             1.8644007E-04         1.0000000E+30            258030       
 NEXT SEEDS: 2BBA9B8       B       0       0       0       0   181CD    3039       0       0
    9999966                    34                    34             1.8644007E-04         1.0000000E+30            258030       
 NEXT SEEDS: 2BBAD46       B       0       0       0       0   181CD    3039       0       0
    9999967                    33                    33             1.8644007E-04         1.0000000E+30            258030       
 NEXT SEEDS: 2BBAEF3       B       0       0       0       0   181CD    3039       0       0
    9999968                    32                    32             1.8644006E-04         1.0000000E+30            258030       
 NEXT SEEDS: 2BBB191       B       0       0       0       0   181CD    3039       0       0
    9999969                    31                    31             1.8644007E-04         1.0000000E+30            258030       
 NEXT SEEDS: 2BBB7C0       B       0       0       0       0   181CD    3039       0       0
    9999970                    30                    30             1.8644008E-04         1.0000000E+30            258030       
 NEXT SEEDS: 2BBBD49       B       0       0       0       0   181CD    3039       0       0
    9999971                    29                    29             1.8644008E-04         1.0000000E+30            258030       
 NEXT SEEDS: 2BBBDC3       B       0       0       0       0   181CD    3039       0       0
    9999972                    28                    28             1.8644007E-04         1.0000000E+30            258030       
 NEXT SEEDS: 2BBC160       B       0       0       0       0   181CD    3039       0       0
    9999973                    27                    27             1.8644008E-04         1.0000000E+30            258030       
 NEXT SEEDS: 2BBC3C0       B       0       0       0       0   181CD    3039       0       0
    9999974                    26                    26             1.8644007E-04         1.0000000E+30            258030       
 NEXT SEEDS: 2BBC63E       B       0       0       0       0   181CD    3039       0       0
    9999975                    25                    25             1.8644008E-04         1.0000000E+30            258030       
 NEXT SEEDS: 2BBC987       B       0       0       0       0   181CD    3039       0       0
    9999976                    24                    24             1.8644008E-04         1.0000000E+30            258030       
 NEXT SEEDS: 2BBCD83       B       0       0       0       0   181CD    3039       0       0
    9999977                    23                    23             1.8644010E-04         1.0000000E+30            258030       
 NEXT SEEDS: 2BBD639       B       0       0       0       0   181CD    3039       0       0
    9999978                    22                    22             1.8644010E-04         1.0000000E+30            258030       
 NEXT SEEDS: 2BBDB62       B       0       0       0       0   181CD    3039       0       0
    9999979                    21                    21             1.8644010E-04         1.0000000E+30            258030       
 NEXT SEEDS: 2BBDF07       B       0       0       0       0   181CD    3039       0       0
    9999980                    20                    20             1.8644010E-04         1.0000000E+30            258030       
 NEXT SEEDS: 2BBE381       B       0       0       0       0   181CD    3039       0       0
    9999981                    19                    19             1.8644010E-04         1.0000000E+30            258030       
 NEXT SEEDS: 2BBE5C6       B       0       0       0       0   181CD    3039       0       0
    9999982                    18                    18             1.8644010E-04         1.0000000E+30            258030       
 NEXT SEEDS: 2BBE7BE       B       0       0       0       0   181CD    3039       0       0
    9999983                    17                    17             1.8644010E-04         1.0000000E+30            258030       
 NEXT SEEDS: 2BBEA03       B       0       0       0       0   181CD    3039       0       0
    9999984                    16                    16             1.8644009E-04         1.0000000E+30            258030       
 NEXT SEEDS: 2BBEBD4       B       0       0       0       0   181CD    3039       0       0
    9999985                    15                    15             1.8644010E-04         1.0000000E+30            258030       
 NEXT SEEDS: 2BBF1E6       B       0       0       0       0   181CD    3039       0       0
    9999986                    14                    14             1.8644011E-04         1.0000000E+30            258030       
 NEXT SEEDS: 2BBF79C       B       0       0       0       0   181CD    3039       0       0
    9999987                    13                    13             1.8644011E-04         1.0000000E+30            258030       
 NEXT SEEDS: 2BBFB4C       B       0       0       0       0   181CD    3039       0       0
    9999988                    12                    12             1.8644011E-04         1.0000000E+30            258030       
 NEXT SEEDS: 2BC00AB       B       0       0       0       0   181CD    3039       0       0
    9999989                    11                    11             1.8644012E-04         1.0000000E+30            258030       
 NEXT SEEDS: 2BC0548       B       0       0       0       0   181CD    3039       0       0
    9999990                    10                    10             1.8644013E-04         1.0000000E+30            258030       
 NEXT SEEDS: 2BC0A14       B       0       0       0       0   181CD    3039       0       0
    9999991                     9                     9             1.8644028E-04         1.0000000E+30            258031       
 NEXT SEEDS: 2BC288B       B       0       0       0       0   181CD    3039       0       0
    9999992                     8                     8             1.8644028E-04         1.0000000E+30            258031       
 NEXT SEEDS: 2BC2B05       B       0       0       0       0   181CD    3039       0       0
    9999993                     7                     7             1.8644028E-04         1.0000000E+30            258031       
 NEXT SEEDS: 2BC2D3C       B       0       0       0       0   181CD    3039       0       0
    9999994                     6                     6             1.8644028E-04         1.0000000E+30            258031       
 NEXT SEEDS: 2BC2F79       B       0       0       0       0   181CD    3039       0       0
    9999995                     5                     5             1.8644029E-04         1.0000000E+30            258031       
 NEXT SEEDS: 2BC34F5       B       0       0       0       0   181CD    3039       0       0
    9999996                     4                     4             1.8644029E-04         1.0000000E+30            258031       
 NEXT SEEDS: 2BC3862       B       0       0       0       0   181CD    3039       0       0
    9999997                     3                     3             1.8644039E-04         1.0000000E+30            258032       
 NEXT SEEDS: 2BC4B33       B       0       0       0       0   181CD    3039       0       0
    9999998                     2                     2             1.8644039E-04         1.0000000E+30            258032       
 NEXT SEEDS: 2BC4D74       B       0       0       0       0   181CD    3039       0       0
    9999999                     1                     1             1.8644038E-04         1.0000000E+30            258032       
 NEXT SEEDS: 2BC4DB3       B       0       0       0       0   181CD    3039       0       0
   10000000                     0                     1             1.8644039E-04         1.0000000E+30            258032       
 NEXT SEEDS: 2BC5196       B       0       0       0       0   181CD    3039       0       0
