1NUMBER OF BEAM       NUMBER OF BEAM        APPROXIMATE NUMBER    AVERAGE TIME USED     TIME LEFT (RESERVED   NUMBER OF STARS
 PARTICLES HANDLED    PARTICLES LEFT        OF BEAM PARTICLES     BY A BEAM PARTICLE     10000.0 SECONDS      CREATED
                                            THAT CAN STILL BE                           FOR PRINTOUT)
                                            HANDLED

 NEXT SEEDS:       0       0       0       0       0       0   181CD    3039       0       0
          1              24999999              24999999             2.3579597E-04         1.0000000E+30                 0       
 NEXT SEEDS:     586       0       0       0       0       0   181CD    3039       0       0
     500000              24500000              24500000             2.9079969E-04         1.0000000E+30             12977       
 NEXT SEEDS:22215170       0       0       0       0       0   181CD    3039       0       0
    1000000              24000000              24000000             2.9829337E-04         1.0000000E+30             26026       
 NEXT SEEDS: 8946D24       1       0       0       0       0   181CD    3039       0       0
    1500000              23500000              23500000             2.9509196E-04         1.0000000E+30             39010       
 NEXT SEEDS:2AB2C419       1       0       0       0       0   181CD    3039       0       0
    2000000              23000000              23000000             2.9394887E-04         1.0000000E+30             52261       
 NEXT SEEDS:11409DB8       2       0       0       0       0   181CD    3039       0       0
    2500000              22500000              22500000             2.9288822E-04         1.0000000E+30             65400       
 NEXT SEEDS:3363B0EF       2       0       0       0       0   181CD    3039       0       0
    3000000              22000000              22000000             2.9378148E-04         1.0000000E+30             78549       
 NEXT SEEDS:19EF5501       3       0       0       0       0   181CD    3039       0       0
    3500000              21500000              21500000             2.9329326E-04         1.0000000E+30             91734       
 NEXT SEEDS:  7C0C93       4       0       0       0       0   181CD    3039       0       0
    4000000              21000000              21000000             2.9320887E-04         1.0000000E+30            104963       
 NEXT SEEDS:22ACFB1D       4       0       0       0       0   181CD    3039       0       0
    4500000              20500000              20500000             2.9192175E-04         1.0000000E+30            118168       
 NEXT SEEDS: 932AD6A       5       0       0       0       0   181CD    3039       0       0
 COUSET, TXYZ:  0.999999999196163     -0.529509030191888      0.848304299964095    
    5000000              20000000              20000000             2.9235699E-04         1.0000000E+30            131277       
 NEXT SEEDS:2B422CE8       5       0       0       0       0   181CD    3039       0       0
    5500000              19500000              19500000             2.9232014E-04         1.0000000E+30            144607       
 NEXT SEEDS:11E9D82C       6       0       0       0       0   181CD    3039       0       0
    6000000              19000000              19000000             2.9158301E-04         1.0000000E+30            157579       
 NEXT SEEDS:33F6162A       6       0       0       0       0   181CD    3039       0       0
    6500000              18500000              18500000             2.9156919E-04         1.0000000E+30            170672       
 NEXT SEEDS:1A80E251       7       0       0       0       0   181CD    3039       0       0
    7000000              18000000              18000000             2.9168067E-04         1.0000000E+30            183908       
 NEXT SEEDS: 11225C2       8       0       0       0       0   181CD    3039       0       0
    7500000              17500000              17500000             2.9115233E-04         1.0000000E+30            197143       
 NEXT SEEDS:234A596A       8       0       0       0       0   181CD    3039       0       0
    8000000              17000000              17000000             2.9116826E-04         1.0000000E+30            210366       
 NEXT SEEDS: 9D64867       9       0       0       0       0   181CD    3039       0       0
    8500000              16500000              16500000             2.9119527E-04         1.0000000E+30            223364       
 NEXT SEEDS:2C09E4DB       9       0       0       0       0   181CD    3039       0       0
    9000000              16000000              16000000             2.9120610E-04         1.0000000E+30            236712       
 NEXT SEEDS:12A058D7       A       0       0       0       0   181CD    3039       0       0
    9500000              15500000              15500000             2.9137828E-04         1.0000000E+30            249960       
 NEXT SEEDS:34D4CE02       A       0       0       0       0   181CD    3039       0       0
   10000000              15000000              15000000             2.9080780E-04         1.0000000E+30            263201       
 NEXT SEEDS:1B59CA61       B       0       0       0       0   181CD    3039       0       0
   10500000              14500000              14500000             2.9046874E-04         1.0000000E+30            276497       
 NEXT SEEDS: 1F95CA9       C       0       0       0       0   181CD    3039       0       0
   11000000              14000000              14000000             2.9049580E-04         1.0000000E+30            289607       
 NEXT SEEDS:24267D30       C       0       0       0       0   181CD    3039       0       0
 COUSET, TXYZ:   1.00000000000848      0.410305195000852      0.911948269899265    
   11500000              13500000              13500000             2.9076842E-04         1.0000000E+30            302768       
 NEXT SEEDS: AAF40EA       D       0       0       0       0   181CD    3039       0       0
   12000000              13000000              13000000             2.9085764E-04         1.0000000E+30            315833       
 NEXT SEEDS:2CD5F4C6       D       0       0       0       0   181CD    3039       0       0
 COUSET, TXYZ:  0.999999999994248     -0.871486925930677      0.490418737325965    
   12500000              12500000              12500000             2.9086968E-04         1.0000000E+30            328891       
 NEXT SEEDS:136A1380       E       0       0       0       0   181CD    3039       0       0
   13000000              12000000              12000000             2.9076699E-04         1.0000000E+30            342156       
 NEXT SEEDS:35A70794       E       0       0       0       0   181CD    3039       0       0
   13500000              11500000              11500000             2.9064832E-04         1.0000000E+30            355393       
 NEXT SEEDS:1C3690A4       F       0       0       0       0   181CD    3039       0       0
   14000000              11000000              11000000             2.9019518E-04         1.0000000E+30            368501       
 NEXT SEEDS: 2C0EE7A      10       0       0       0       0   181CD    3039       0       0
   14500000              10500000              10500000             2.9046681E-04         1.0000000E+30            381705       
 NEXT SEEDS:24FBA874      10       0       0       0       0   181CD    3039       0       0
   15000000              10000000              10000000             2.9045493E-04         1.0000000E+30            394918       
 NEXT SEEDS: B7956DF      11       0       0       0       0   181CD    3039       0       0
   15500000               9500000               9500000             2.9021139E-04         1.0000000E+30            407794       
 NEXT SEEDS:2D73472F      11       0       0       0       0   181CD    3039       0       0
   16000000               9000000               9000000             2.8979560E-04         1.0000000E+30            420821       
 NEXT SEEDS:13F1AE21      12       0       0       0       0   181CD    3039       0       0
   16500000               8500000               8500000             2.8982023E-04         1.0000000E+30            433927       
 NEXT SEEDS:360878A5      12       0       0       0       0   181CD    3039       0       0
   17000000               8000000               8000000             2.8983264E-04         1.0000000E+30            447117       
 NEXT SEEDS:1C9350AC      13       0       0       0       0   181CD    3039       0       0
   17500000               7500000               7500000             2.8987788E-04         1.0000000E+30            460288       
 NEXT SEEDS: 3235E92      14       0       0       0       0   181CD    3039       0       0
   18000000               7000000               7000000             2.8976143E-04         1.0000000E+30            473511       
 NEXT SEEDS:25453D9B      14       0       0       0       0   181CD    3039       0       0
   18500000               6500000               6500000             2.8981903E-04         1.0000000E+30            486725       
 NEXT SEEDS: BD256A0      15       0       0       0       0   181CD    3039       0       0
   19000000               6000000               6000000             2.8967363E-04         1.0000000E+30            499648       
 NEXT SEEDS:2DE98C73      15       0       0       0       0   181CD    3039       0       0
   19500000               5500000               5500000             2.8973841E-04         1.0000000E+30            512665       
 NEXT SEEDS:147BA045      16       0       0       0       0   181CD    3039       0       0
   20000000               5000000               5000000             2.8968075E-04         1.0000000E+30            525814       
 NEXT SEEDS:36A1BEB0      16       0       0       0       0   181CD    3039       0       0
   20500000               4500000               4500000             2.8956672E-04         1.0000000E+30            538766       
 NEXT SEEDS:1D32B2B6      17       0       0       0       0   181CD    3039       0       0
 COUSET, TXYZ:   1.00000000001145     -0.222354343586890      0.974965920384368    
   21000000               4000000               4000000             2.8955265E-04         1.0000000E+30            551962       
 NEXT SEEDS: 3C69AE6      18       0       0       0       0   181CD    3039       0       0
   21500000               3500000               3500000             2.8934648E-04         1.0000000E+30            565153       
 NEXT SEEDS:25DBA362      18       0       0       0       0   181CD    3039       0       0
   22000000               3000000               3000000             2.8956797E-04         1.0000000E+30            578159       
 NEXT SEEDS: C40B1F8      19       0       0       0       0   181CD    3039       0       0
   22500000               2500000               2500000             2.8939369E-04         1.0000000E+30            591218       
 NEXT SEEDS:2E6CBDFC      19       0       0       0       0   181CD    3039       0       0
   23000000               2000000               2000000             2.8928092E-04         1.0000000E+30            604536       
 NEXT SEEDS:14F77088      1A       0       0       0       0   181CD    3039       0       0
   23500000               1500000               1500000             2.8932491E-04         1.0000000E+30            617558       
 NEXT SEEDS:3725F80C      1A       0       0       0       0   181CD    3039       0       0
   24000000               1000000               1000000             2.8922122E-04         1.0000000E+30            631076       
 NEXT SEEDS:1DCA6906      1B       0       0       0       0   181CD    3039       0       0
   24500000                500000                500000             2.8911231E-04         1.0000000E+30            644318       
 NEXT SEEDS: 468A14D      1C       0       0       0       0   181CD    3039       0       0
   24999950                    50                    50             2.8902209E-04         1.0000000E+30            657466       
 NEXT SEEDS:26966B6D      1C       0       0       0       0   181CD    3039       0       0
   24999951                    49                    49             2.8902208E-04         1.0000000E+30            657466       
 NEXT SEEDS:26966CB6      1C       0       0       0       0   181CD    3039       0       0
   24999952                    48                    48             2.8902206E-04         1.0000000E+30            657466       
 NEXT SEEDS:26966F1A      1C       0       0       0       0   181CD    3039       0       0
   24999953                    47                    47             2.8902207E-04         1.0000000E+30            657466       
 NEXT SEEDS:269671CE      1C       0       0       0       0   181CD    3039       0       0
   24999954                    46                    46             2.8902206E-04         1.0000000E+30            657466       
 NEXT SEEDS:26967841      1C       0       0       0       0   181CD    3039       0       0
   24999955                    45                    45             2.8902207E-04         1.0000000E+30            657466       
 NEXT SEEDS:26967D03      1C       0       0       0       0   181CD    3039       0       0
   24999956                    44                    44             2.8902206E-04         1.0000000E+30            657466       
 NEXT SEEDS:26968219      1C       0       0       0       0   181CD    3039       0       0
   24999957                    43                    43             2.8902207E-04         1.0000000E+30            657466       
 NEXT SEEDS:269686C3      1C       0       0       0       0   181CD    3039       0       0
   24999958                    42                    42             2.8902205E-04         1.0000000E+30            657466       
 NEXT SEEDS:269687AA      1C       0       0       0       0   181CD    3039       0       0
   24999959                    41                    41             2.8902206E-04         1.0000000E+30            657466       
 NEXT SEEDS:26968E16      1C       0       0       0       0   181CD    3039       0       0
   24999960                    40                    40             2.8902205E-04         1.0000000E+30            657466       
 NEXT SEEDS:26969103      1C       0       0       0       0   181CD    3039       0       0
   24999961                    39                    39             2.8902204E-04         1.0000000E+30            657466       
 NEXT SEEDS:2696966B      1C       0       0       0       0   181CD    3039       0       0
   24999962                    38                    38             2.8902205E-04         1.0000000E+30            657466       
 NEXT SEEDS:26969A45      1C       0       0       0       0   181CD    3039       0       0
   24999963                    37                    37             2.8902204E-04         1.0000000E+30            657466       
 NEXT SEEDS:26969E6A      1C       0       0       0       0   181CD    3039       0       0
   24999964                    36                    36             2.8902204E-04         1.0000000E+30            657466       
 NEXT SEEDS:2696A348      1C       0       0       0       0   181CD    3039       0       0
   24999965                    35                    35             2.8902203E-04         1.0000000E+30            657466       
 NEXT SEEDS:2696A786      1C       0       0       0       0   181CD    3039       0       0
   24999966                    34                    34             2.8902202E-04         1.0000000E+30            657466       
 NEXT SEEDS:2696A9FA      1C       0       0       0       0   181CD    3039       0       0
   24999967                    33                    33             2.8902203E-04         1.0000000E+30            657466       
 NEXT SEEDS:2696AC60      1C       0       0       0       0   181CD    3039       0       0
   24999968                    32                    32             2.8902202E-04         1.0000000E+30            657466       
 NEXT SEEDS:2696AFA2      1C       0       0       0       0   181CD    3039       0       0
   24999969                    31                    31             2.8902202E-04         1.0000000E+30            657466       
 NEXT SEEDS:2696B557      1C       0       0       0       0   181CD    3039       0       0
   24999970                    30                    30             2.8902201E-04         1.0000000E+30            657466       
 NEXT SEEDS:2696B927      1C       0       0       0       0   181CD    3039       0       0
   24999971                    29                    29             2.8902200E-04         1.0000000E+30            657466       
 NEXT SEEDS:2696BD88      1C       0       0       0       0   181CD    3039       0       0
   24999972                    28                    28             2.8902201E-04         1.0000000E+30            657466       
 NEXT SEEDS:2696C23C      1C       0       0       0       0   181CD    3039       0       0
   24999973                    27                    27             2.8902200E-04         1.0000000E+30            657466       
 NEXT SEEDS:2696C75B      1C       0       0       0       0   181CD    3039       0       0
   24999974                    26                    26             2.8902201E-04         1.0000000E+30            657466       
 NEXT SEEDS:2696CDD1      1C       0       0       0       0   181CD    3039       0       0
   24999975                    25                    25             2.8902199E-04         1.0000000E+30            657466       
 NEXT SEEDS:2696D216      1C       0       0       0       0   181CD    3039       0       0
   24999976                    24                    24             2.8902200E-04         1.0000000E+30            657466       
 NEXT SEEDS:2696D5BC      1C       0       0       0       0   181CD    3039       0       0
   24999977                    23                    23             2.8902199E-04         1.0000000E+30            657466       
 NEXT SEEDS:2696D6D8      1C       0       0       0       0   181CD    3039       0       0
   24999978                    22                    22             2.8902198E-04         1.0000000E+30            657466       
 NEXT SEEDS:2696D92F      1C       0       0       0       0   181CD    3039       0       0
   24999979                    21                    21             2.8902197E-04         1.0000000E+30            657466       
 NEXT SEEDS:2696DA18      1C       0       0       0       0   181CD    3039       0       0
   24999980                    20                    20             2.8902198E-04         1.0000000E+30            657466       
 NEXT SEEDS:2696DFCC      1C       0       0       0       0   181CD    3039       0       0
   24999981                    19                    19             2.8902204E-04         1.0000000E+30            657467       
 NEXT SEEDS:269718C0      1C       0       0       0       0   181CD    3039       0       0
   24999982                    18                    18             2.8902203E-04         1.0000000E+30            657467       
 NEXT SEEDS:26971CC6      1C       0       0       0       0   181CD    3039       0       0
   24999983                    17                    17             2.8902204E-04         1.0000000E+30            657467       
 NEXT SEEDS:26972014      1C       0       0       0       0   181CD    3039       0       0
   24999984                    16                    16             2.8902203E-04         1.0000000E+30            657467       
 NEXT SEEDS:269722C9      1C       0       0       0       0   181CD    3039       0       0
   24999985                    15                    15             2.8902204E-04         1.0000000E+30            657467       
 NEXT SEEDS:269728BF      1C       0       0       0       0   181CD    3039       0       0
   24999986                    14                    14             2.8902202E-04         1.0000000E+30            657467       
 NEXT SEEDS:26972B1E      1C       0       0       0       0   181CD    3039       0       0
   24999987                    13                    13             2.8902203E-04         1.0000000E+30            657467       
 NEXT SEEDS:26973125      1C       0       0       0       0   181CD    3039       0       0
   24999988                    12                    12             2.8902202E-04         1.0000000E+30            657467       
 NEXT SEEDS:2697330C      1C       0       0       0       0   181CD    3039       0       0
   24999989                    11                    11             2.8902201E-04         1.0000000E+30            657467       
 NEXT SEEDS:26973681      1C       0       0       0       0   181CD    3039       0       0
   24999990                    10                    10             2.8902202E-04         1.0000000E+30            657467       
 NEXT SEEDS:26973B5F      1C       0       0       0       0   181CD    3039       0       0
   24999991                     9                     9             2.8902200E-04         1.0000000E+30            657467       
 NEXT SEEDS:26973DDC      1C       0       0       0       0   181CD    3039       0       0
   24999992                     8                     8             2.8902199E-04         1.0000000E+30            657467       
 NEXT SEEDS:2697418A      1C       0       0       0       0   181CD    3039       0       0
   24999993                     7                     7             2.8902200E-04         1.0000000E+30            657467       
 NEXT SEEDS:269745F5      1C       0       0       0       0   181CD    3039       0       0
   24999994                     6                     6             2.8902199E-04         1.0000000E+30            657467       
 NEXT SEEDS:269749E4      1C       0       0       0       0   181CD    3039       0       0
   24999995                     5                     5             2.8902198E-04         1.0000000E+30            657467       
 NEXT SEEDS:26974A84      1C       0       0       0       0   181CD    3039       0       0
   24999996                     4                     4             2.8902199E-04         1.0000000E+30            657467       
 NEXT SEEDS:26974C53      1C       0       0       0       0   181CD    3039       0       0
   24999997                     3                     3             2.8902197E-04         1.0000000E+30            657467       
 NEXT SEEDS:26974FF9      1C       0       0       0       0   181CD    3039       0       0
   24999998                     2                     2             2.8902196E-04         1.0000000E+30            657467       
 NEXT SEEDS:26975300      1C       0       0       0       0   181CD    3039       0       0
   24999999                     1                     1             2.8902197E-04         1.0000000E+30            657467       
 NEXT SEEDS:2697546B      1C       0       0       0       0   181CD    3039       0       0
   25000000                     0                     1             2.8902196E-04         1.0000000E+30            657467       
 NEXT SEEDS:269755FA      1C       0       0       0       0   181CD    3039       0       0
