1NUMBER OF BEAM       NUMBER OF BEAM        APPROXIMATE NUMBER    AVERAGE TIME USED     TIME LEFT (RESERVED   NUMBER OF STARS
 PARTICLES HANDLED    PARTICLES LEFT        OF BEAM PARTICLES     BY A BEAM PARTICLE     10000.0 SECONDS      CREATED
                                            THAT CAN STILL BE                           FOR PRINTOUT)
                                            HANDLED

 NEXT SEEDS:       0       0       0       0       0       0   181CD    3039       0       0
          1               9999999               9999999             5.4216385E-04         1.0000000E+30                 0       
 NEXT SEEDS:     749       0       0       0       0       0   181CD    3039       0       0
     200000               9800000               9800000             6.3021047E-04         1.0000000E+30             13047       
 NEXT SEEDS:201C595B       0       0       0       0       0   181CD    3039       0       0
     400000               9600000               9600000             6.2892604E-04         1.0000000E+30             26314       
 NEXT SEEDS: 4BE453E       1       0       0       0       0   181CD    3039       0       0
 COUSET, TXYZ:  0.999999999993608      0.657506487510767      0.753448882717646    
     600000               9400000               9400000             6.0541150E-04         1.0000000E+30             39425       
 NEXT SEEDS:24DA1951       1       0       0       0       0   181CD    3039       0       0
 COUSET, TXYZ:   1.00000000001138      0.995521898143794      9.453121356955745E-02
     800000               9200000               9200000             5.5849687E-04         1.0000000E+30             52497       
 NEXT SEEDS: 9721F58       2       0       0       0       0   181CD    3039       0       0
    1000000               9000000               9000000             5.3722557E-04         1.0000000E+30             65511       
 NEXT SEEDS:297EE6F8       2       0       0       0       0   181CD    3039       0       0
    1200000               8800000               8800000             5.4324329E-04         1.0000000E+30             78632       
 NEXT SEEDS: E007A1B       3       0       0       0       0   181CD    3039       0       0
 COUSET, TXYZ:   1.00000000000546      0.782832180260627      0.622232896558282    
    1400000               8600000               8600000             5.5531916E-04         1.0000000E+30             91906       
 NEXT SEEDS:2E345C4B       3       0       0       0       0   181CD    3039       0       0
    1600000               8400000               8400000             5.5843856E-04         1.0000000E+30            105063       
 NEXT SEEDS:12D28EB3       4       0       0       0       0   181CD    3039       0       0
    1800000               8200000               8200000             5.5588873E-04         1.0000000E+30            118062       
 NEXT SEEDS:32F4D650       4       0       0       0       0   181CD    3039       0       0
    2000000               8000000               8000000             5.5040581E-04         1.0000000E+30            131184       
 NEXT SEEDS:17771D8D       5       0       0       0       0   181CD    3039       0       0
    2200000               7800000               7800000             5.4179176E-04         1.0000000E+30            144328       
 NEXT SEEDS:37B25B15       5       0       0       0       0   181CD    3039       0       0
    2400000               7600000               7600000             5.3999979E-04         1.0000000E+30            157730       
 NEXT SEEDS:1C63934A       6       0       0       0       0   181CD    3039       0       0
    2600000               7400000               7400000             5.3904855E-04         1.0000000E+30            170527       
 NEXT SEEDS:  C3C7E4       7       0       0       0       0   181CD    3039       0       0
    2800000               7200000               7200000             5.4238071E-04         1.0000000E+30            183667       
 NEXT SEEDS:20DB7F77       7       0       0       0       0   181CD    3039       0       0
    3000000               7000000               7000000             5.3377701E-04         1.0000000E+30            196634       
 NEXT SEEDS: 548DF6C       8       0       0       0       0   181CD    3039       0       0
    3200000               6800000               6800000             5.3097125E-04         1.0000000E+30            209640       
 NEXT SEEDS:25610695       8       0       0       0       0   181CD    3039       0       0
    3400000               6600000               6600000             5.3541076E-04         1.0000000E+30            222798       
 NEXT SEEDS: 9F30B49       9       0       0       0       0   181CD    3039       0       0
    3600000               6400000               6400000             5.3675455E-04         1.0000000E+30            235915       
 NEXT SEEDS:2A0FDDBB       9       0       0       0       0   181CD    3039       0       0
    3800000               6200000               6200000             5.3917448E-04         1.0000000E+30            249018       
 NEXT SEEDS: EB2C30B       A       0       0       0       0   181CD    3039       0       0
    4000000               6000000               6000000             5.4310314E-04         1.0000000E+30            262042       
 NEXT SEEDS:2EB94C58       A       0       0       0       0   181CD    3039       0       0
    4200000               5800000               5800000             5.4670793E-04         1.0000000E+30            275124       
 NEXT SEEDS:13445A1B       B       0       0       0       0   181CD    3039       0       0
 COUSET, TXYZ:  0.999999999993961      0.576122713429016      0.817363211221982    
 COUSET, TXYZ:  0.999999999992592      0.987842354197804      0.155458943898780    
    4400000               5600000               5600000             5.4994040E-04         1.0000000E+30            288211       
 NEXT SEEDS:33613492       B       0       0       0       0   181CD    3039       0       0
    4600000               5400000               5400000             5.5263056E-04         1.0000000E+30            301376       
 NEXT SEEDS:17DB2A8E       C       0       0       0       0   181CD    3039       0       0
    4800000               5200000               5200000             5.4682566E-04         1.0000000E+30            314421       
 NEXT SEEDS:37FDC257       C       0       0       0       0   181CD    3039       0       0
    5000000               5000000               5000000             5.4759995E-04         1.0000000E+30            327720       
 NEXT SEEDS:1C99AC40       D       0       0       0       0   181CD    3039       0       0
    5200000               4800000               4800000             5.5057490E-04         1.0000000E+30            340587       
 NEXT SEEDS: 105924D       E       0       0       0       0   181CD    3039       0       0
    5400000               4600000               4600000             5.5344780E-04         1.0000000E+30            353454       
 NEXT SEEDS:2127512C       E       0       0       0       0   181CD    3039       0       0
    5600000               4400000               4400000             5.5615391E-04         1.0000000E+30            366617       
 NEXT SEEDS: 5BB8126       F       0       0       0       0   181CD    3039       0       0
 COUSET, TXYZ:  0.999999999994277     -0.837245830587729      0.546826681090105    
    5800000               4200000               4200000             5.5863567E-04         1.0000000E+30            379884       
 NEXT SEEDS:25D2E35B       F       0       0       0       0   181CD    3039       0       0
    6000000               4000000               4000000             5.6103784E-04         1.0000000E+30            392982       
 NEXT SEEDS: A6C8E02      10       0       0       0       0   181CD    3039       0       0
    6200000               3800000               3800000             5.5744940E-04         1.0000000E+30            406122       
 NEXT SEEDS:2A9A75F7      10       0       0       0       0   181CD    3039       0       0
    6400000               3600000               3600000             5.5864925E-04         1.0000000E+30            419224       
 NEXT SEEDS: F0B402E      11       0       0       0       0   181CD    3039       0       0
    6600000               3400000               3400000             5.6067016E-04         1.0000000E+30            432420       
 NEXT SEEDS:2F44F9A7      11       0       0       0       0   181CD    3039       0       0
    6800000               3200000               3200000             5.5840339E-04         1.0000000E+30            445454       
 NEXT SEEDS:13F20F8B      12       0       0       0       0   181CD    3039       0       0
    7000000               3000000               3000000             5.5388121E-04         1.0000000E+30            458422       
 NEXT SEEDS:340D2384      12       0       0       0       0   181CD    3039       0       0
    7200000               2800000               2800000             5.4953627E-04         1.0000000E+30            471525       
 NEXT SEEDS:18786520      13       0       0       0       0   181CD    3039       0       0
    7400000               2600000               2600000             5.4540313E-04         1.0000000E+30            484561       
 NEXT SEEDS:38867E47      13       0       0       0       0   181CD    3039       0       0
    7600000               2400000               2400000             5.4161174E-04         1.0000000E+30            497717       
 NEXT SEEDS:1D0C4664      14       0       0       0       0   181CD    3039       0       0
    7800000               2200000               2200000             5.3799388E-04         1.0000000E+30            510816       
 NEXT SEEDS: 195EB34      15       0       0       0       0   181CD    3039       0       0
    8000000               2000000               2000000             5.3451211E-04         1.0000000E+30            524057       
 NEXT SEEDS:21BE09E6      15       0       0       0       0   181CD    3039       0       0
    8200000               1800000               1800000             5.3153186E-04         1.0000000E+30            537015       
 NEXT SEEDS: 62D2AFA      16       0       0       0       0   181CD    3039       0       0
    8400000               1600000               1600000             5.2847444E-04         1.0000000E+30            549940       
 NEXT SEEDS:26563B91      16       0       0       0       0   181CD    3039       0       0
    8600000               1400000               1400000             5.2570815E-04         1.0000000E+30            563047       
 NEXT SEEDS: AE3D510      17       0       0       0       0   181CD    3039       0       0
    8800000               1200000               1200000             5.2379242E-04         1.0000000E+30            576161       
 NEXT SEEDS:2B16B1BE      17       0       0       0       0   181CD    3039       0       0
    9000000               1000000               1000000             5.2240378E-04         1.0000000E+30            589188       
 NEXT SEEDS: F87DC5A      18       0       0       0       0   181CD    3039       0       0
    9200000                800000                800000             5.1964820E-04         1.0000000E+30            602305       
 NEXT SEEDS:2FAE6D9C      18       0       0       0       0   181CD    3039       0       0
    9400000                600000                600000             5.1692240E-04         1.0000000E+30            615326       
 NEXT SEEDS:141B5D2A      19       0       0       0       0   181CD    3039       0       0
    9600000                400000                400000             5.1444272E-04         1.0000000E+30            628404       
 NEXT SEEDS:342CF8C8      19       0       0       0       0   181CD    3039       0       0
 COUSET, TXYZ:  0.999999999994330     -0.902402218808213      0.430894691866439    
    9800000                200000                200000             5.1327788E-04         1.0000000E+30            641638       
 NEXT SEEDS:18D24486      1A       0       0       0       0   181CD    3039       0       0
    9999950                    50                    50             5.1359966E-04         1.0000000E+30            654685       
 NEXT SEEDS:38DB79CA      1A       0       0       0       0   181CD    3039       0       0
    9999951                    49                    49             5.1359966E-04         1.0000000E+30            654685       
 NEXT SEEDS:38DB8157      1A       0       0       0       0   181CD    3039       0       0
    9999952                    48                    48             5.1359970E-04         1.0000000E+30            654685       
 NEXT SEEDS:38DB88A0      1A       0       0       0       0   181CD    3039       0       0
    9999953                    47                    47             5.1359990E-04         1.0000000E+30            654686       
 NEXT SEEDS:38DBACC0      1A       0       0       0       0   181CD    3039       0       0
    9999954                    46                    46             5.1359994E-04         1.0000000E+30            654686       
 NEXT SEEDS:38DBB341      1A       0       0       0       0   181CD    3039       0       0
    9999955                    45                    45             5.1359994E-04         1.0000000E+30            654686       
 NEXT SEEDS:38DBBC64      1A       0       0       0       0   181CD    3039       0       0
    9999956                    44                    44             5.1359999E-04         1.0000000E+30            654686       
 NEXT SEEDS:38DBC864      1A       0       0       0       0   181CD    3039       0       0
    9999957                    43                    43             5.1359998E-04         1.0000000E+30            654686       
 NEXT SEEDS:38DBCEAF      1A       0       0       0       0   181CD    3039       0       0
    9999958                    42                    42             5.1360013E-04         1.0000000E+30            654687       
 NEXT SEEDS:38DBE636      1A       0       0       0       0   181CD    3039       0       0
    9999959                    41                    41             5.1360013E-04         1.0000000E+30            654687       
 NEXT SEEDS:38DBEDA6      1A       0       0       0       0   181CD    3039       0       0
    9999960                    40                    40             5.1360017E-04         1.0000000E+30            654687       
 NEXT SEEDS:38DBFB16      1A       0       0       0       0   181CD    3039       0       0
    9999961                    39                    39             5.1360017E-04         1.0000000E+30            654687       
 NEXT SEEDS:38DC0110      1A       0       0       0       0   181CD    3039       0       0
    9999962                    38                    38             5.1360017E-04         1.0000000E+30            654687       
 NEXT SEEDS:38DC05C2      1A       0       0       0       0   181CD    3039       0       0
    9999963                    37                    37             5.1360016E-04         1.0000000E+30            654687       
 NEXT SEEDS:38DC0FCE      1A       0       0       0       0   181CD    3039       0       0
    9999964                    36                    36             5.1360021E-04         1.0000000E+30            654687       
 NEXT SEEDS:38DC1761      1A       0       0       0       0   181CD    3039       0       0
    9999965                    35                    35             5.1360026E-04         1.0000000E+30            654687       
 NEXT SEEDS:38DC27FD      1A       0       0       0       0   181CD    3039       0       0
    9999966                    34                    34             5.1360021E-04         1.0000000E+30            654687       
 NEXT SEEDS:38DC316D      1A       0       0       0       0   181CD    3039       0       0
    9999967                    33                    33             5.1360015E-04         1.0000000E+30            654687       
 NEXT SEEDS:38DC3B68      1A       0       0       0       0   181CD    3039       0       0
    9999968                    32                    32             5.1360010E-04         1.0000000E+30            654687       
 NEXT SEEDS:38DC4792      1A       0       0       0       0   181CD    3039       0       0
    9999969                    31                    31             5.1360005E-04         1.0000000E+30            654687       
 NEXT SEEDS:38DC55C3      1A       0       0       0       0   181CD    3039       0       0
    9999970                    30                    30             5.1360000E-04         1.0000000E+30            654687       
 NEXT SEEDS:38DC5CDA      1A       0       0       0       0   181CD    3039       0       0
    9999971                    29                    29             5.1360005E-04         1.0000000E+30            654687       
 NEXT SEEDS:38DC694C      1A       0       0       0       0   181CD    3039       0       0
    9999972                    28                    28             5.1360004E-04         1.0000000E+30            654687       
 NEXT SEEDS:38DC71E5      1A       0       0       0       0   181CD    3039       0       0
    9999973                    27                    27             5.1360009E-04         1.0000000E+30            654687       
 NEXT SEEDS:38DC7BA6      1A       0       0       0       0   181CD    3039       0       0
    9999974                    26                    26             5.1360019E-04         1.0000000E+30            654687       
 NEXT SEEDS:38DC8DB1      1A       0       0       0       0   181CD    3039       0       0
    9999975                    25                    25             5.1360018E-04         1.0000000E+30            654687       
 NEXT SEEDS:38DC93C4      1A       0       0       0       0   181CD    3039       0       0
    9999976                    24                    24             5.1360018E-04         1.0000000E+30            654687       
 NEXT SEEDS:38DC9CC1      1A       0       0       0       0   181CD    3039       0       0
    9999977                    23                    23             5.1360018E-04         1.0000000E+30            654687       
 NEXT SEEDS:38DCA217      1A       0       0       0       0   181CD    3039       0       0
    9999978                    22                    22             5.1360022E-04         1.0000000E+30            654687       
 NEXT SEEDS:38DCB240      1A       0       0       0       0   181CD    3039       0       0
    9999979                    21                    21             5.1360027E-04         1.0000000E+30            654687       
 NEXT SEEDS:38DCBB1C      1A       0       0       0       0   181CD    3039       0       0
    9999980                    20                    20             5.1360027E-04         1.0000000E+30            654687       
 NEXT SEEDS:38DCC45F      1A       0       0       0       0   181CD    3039       0       0
    9999981                    19                    19             5.1360031E-04         1.0000000E+30            654687       
 NEXT SEEDS:38DCCB40      1A       0       0       0       0   181CD    3039       0       0
    9999982                    18                    18             5.1360031E-04         1.0000000E+30            654687       
 NEXT SEEDS:38DCD2FF      1A       0       0       0       0   181CD    3039       0       0
    9999983                    17                    17             5.1360046E-04         1.0000000E+30            654688       
 NEXT SEEDS:38DCEF6A      1A       0       0       0       0   181CD    3039       0       0
    9999984                    16                    16             5.1360045E-04         1.0000000E+30            654688       
 NEXT SEEDS:38DCF687      1A       0       0       0       0   181CD    3039       0       0
    9999985                    15                    15             5.1360050E-04         1.0000000E+30            654688       
 NEXT SEEDS:38DD012B      1A       0       0       0       0   181CD    3039       0       0
    9999986                    14                    14             5.1360055E-04         1.0000000E+30            654688       
 NEXT SEEDS:38DD0BBD      1A       0       0       0       0   181CD    3039       0       0
    9999987                    13                    13             5.1360054E-04         1.0000000E+30            654688       
 NEXT SEEDS:38DD12D8      1A       0       0       0       0   181CD    3039       0       0
    9999988                    12                    12             5.1360059E-04         1.0000000E+30            654688       
 NEXT SEEDS:38DD1C99      1A       0       0       0       0   181CD    3039       0       0
    9999989                    11                    11             5.1360059E-04         1.0000000E+30            654688       
 NEXT SEEDS:38DD2472      1A       0       0       0       0   181CD    3039       0       0
    9999990                    10                    10             5.1360058E-04         1.0000000E+30            654688       
 NEXT SEEDS:38DD2AEB      1A       0       0       0       0   181CD    3039       0       0
    9999991                     9                     9             5.1360058E-04         1.0000000E+30            654688       
 NEXT SEEDS:38DD30EB      1A       0       0       0       0   181CD    3039       0       0
    9999992                     8                     8             5.1360063E-04         1.0000000E+30            654688       
 NEXT SEEDS:38DD3A79      1A       0       0       0       0   181CD    3039       0       0
    9999993                     7                     7             5.1360063E-04         1.0000000E+30            654688       
 NEXT SEEDS:38DD41B8      1A       0       0       0       0   181CD    3039       0       0
    9999994                     6                     6             5.1360067E-04         1.0000000E+30            654688       
 NEXT SEEDS:38DD4BB2      1A       0       0       0       0   181CD    3039       0       0
    9999995                     5                     5             5.1360067E-04         1.0000000E+30            654688       
 NEXT SEEDS:38DD5463      1A       0       0       0       0   181CD    3039       0       0
    9999996                     4                     4             5.1360067E-04         1.0000000E+30            654688       
 NEXT SEEDS:38DD5BCE      1A       0       0       0       0   181CD    3039       0       0
    9999997                     3                     3             5.1360071E-04         1.0000000E+30            654688       
 NEXT SEEDS:38DD620B      1A       0       0       0       0   181CD    3039       0       0
    9999998                     2                     2             5.1360066E-04         1.0000000E+30            654688       
 NEXT SEEDS:38DD6617      1A       0       0       0       0   181CD    3039       0       0
    9999999                     1                     1             5.1360071E-04         1.0000000E+30            654688       
 NEXT SEEDS:38DD6DC6      1A       0       0       0       0   181CD    3039       0       0
   10000000                     0                     1             5.1360071E-04         1.0000000E+30            654688       
 NEXT SEEDS:38DD7345      1A       0       0       0       0   181CD    3039       0       0
