1NUMBER OF BEAM       NUMBER OF BEAM        APPROXIMATE NUMBER    AVERAGE TIME USED     TIME LEFT (RESERVED   NUMBER OF STARS
 PARTICLES HANDLED    PARTICLES LEFT        OF BEAM PARTICLES     BY A BEAM PARTICLE     10000.0 SECONDS      CREATED
                                            THAT CAN STILL BE                           FOR PRINTOUT)
                                            HANDLED

 NEXT SEEDS:       0       0       0       0       0       0   181CD    3039       0       0
          1               9999999               9999999             3.1995773E-04         1.0000000E+30                 0       
 NEXT SEEDS:     419       0       0       0       0       0   181CD    3039       0       0
     200000               9800000               9800000             3.2760963E-04         1.0000000E+30              5108       
 NEXT SEEDS: D1888F1       0       0       0       0       0   181CD    3039       0       0
     400000               9600000               9600000             3.0828951E-04         1.0000000E+30             10181       
 NEXT SEEDS:1A3F6A4D       0       0       0       0       0   181CD    3039       0       0
     600000               9400000               9400000             2.9559899E-04         1.0000000E+30             15305       
 NEXT SEEDS:27631BFC       0       0       0       0       0   181CD    3039       0       0
     800000               9200000               9200000             2.9485532E-04         1.0000000E+30             20472       
 NEXT SEEDS:34891599       0       0       0       0       0   181CD    3039       0       0
    1000000               9000000               9000000             2.8472011E-04         1.0000000E+30             25550       
 NEXT SEEDS: 60C84B3       1       0       0       0       0   181CD    3039       0       0
    1200000               8800000               8800000             2.8071711E-04         1.0000000E+30             30681       
 NEXT SEEDS:132C4AC3       1       0       0       0       0   181CD    3039       0       0
    1400000               8600000               8600000             2.7882914E-04         1.0000000E+30             35823       
 NEXT SEEDS:205F2724       1       0       0       0       0   181CD    3039       0       0
 COUSET, TXYZ:   1.00000000103349     -0.167046834082080      0.985948962822182    
    1600000               8400000               8400000             2.7861751E-04         1.0000000E+30             41163       
 NEXT SEEDS:2D90645A       1       0       0       0       0   181CD    3039       0       0
    1800000               8200000               8200000             2.8414711E-04         1.0000000E+30             46286       
 NEXT SEEDS:3AB370EF       1       0       0       0       0   181CD    3039       0       0
    2000000               8000000               8000000             2.9221437E-04         1.0000000E+30             51473       
 NEXT SEEDS: C475A16       2       0       0       0       0   181CD    3039       0       0
    2200000               7800000               7800000             2.9520129E-04         1.0000000E+30             56761       
 NEXT SEEDS:1983B221       2       0       0       0       0   181CD    3039       0       0
    2400000               7600000               7600000             3.0610574E-04         1.0000000E+30             61944       
 NEXT SEEDS:26B5320E       2       0       0       0       0   181CD    3039       0       0
    2600000               7400000               7400000             3.0806529E-04         1.0000000E+30             67252       
 NEXT SEEDS:33E87EF6       2       0       0       0       0   181CD    3039       0       0
    2800000               7200000               7200000             3.0454490E-04         1.0000000E+30             72439       
 NEXT SEEDS: 56C9000       3       0       0       0       0   181CD    3039       0       0
    3000000               7000000               7000000             3.0067325E-04         1.0000000E+30             77629       
 NEXT SEEDS:12927592       3       0       0       0       0   181CD    3039       0       0
    3200000               6800000               6800000             2.9885342E-04         1.0000000E+30             82721       
 NEXT SEEDS:1FB39232       3       0       0       0       0   181CD    3039       0       0
    3400000               6600000               6600000             2.9625335E-04         1.0000000E+30             87875       
 NEXT SEEDS:2CE22F4F       3       0       0       0       0   181CD    3039       0       0
    3600000               6400000               6400000             2.9351585E-04         1.0000000E+30             93123       
 NEXT SEEDS:3A2C19EA       3       0       0       0       0   181CD    3039       0       0
    3800000               6200000               6200000             2.9228540E-04         1.0000000E+30             98347       
 NEXT SEEDS: BC4BF0D       4       0       0       0       0   181CD    3039       0       0
    4000000               6000000               6000000             2.9074776E-04         1.0000000E+30            103543       
 NEXT SEEDS:18F77626       4       0       0       0       0   181CD    3039       0       0
    4200000               5800000               5800000             2.8923781E-04         1.0000000E+30            108603       
 NEXT SEEDS:2616E3D2       4       0       0       0       0   181CD    3039       0       0
    4400000               5600000               5600000             2.8750679E-04         1.0000000E+30            113660       
 NEXT SEEDS:3335FDB2       4       0       0       0       0   181CD    3039       0       0
 COUSET, TXYZ:  0.999999999992023      0.238313936478790      0.971188173148762    
    4600000               5400000               5400000             2.8575619E-04         1.0000000E+30            118902       
 NEXT SEEDS: 4CC58A6       5       0       0       0       0   181CD    3039       0       0
    4800000               5200000               5200000             2.8477365E-04         1.0000000E+30            124058       
 NEXT SEEDS:120CE9BC       5       0       0       0       0   181CD    3039       0       0
    5000000               5000000               5000000             2.8322746E-04         1.0000000E+30            129138       
 NEXT SEEDS:1F29E78A       5       0       0       0       0   181CD    3039       0       0
    5200000               4800000               4800000             2.8179943E-04         1.0000000E+30            134105       
 NEXT SEEDS:2C3C8B81       5       0       0       0       0   181CD    3039       0       0
    5400000               4600000               4600000             2.8171721E-04         1.0000000E+30            139206       
 NEXT SEEDS:3981BAF7       5       0       0       0       0   181CD    3039       0       0
    5600000               4400000               4400000             2.8111157E-04         1.0000000E+30            144202       
 NEXT SEEDS: AFFC2A1       6       0       0       0       0   181CD    3039       0       0
    5800000               4200000               4200000             2.8436279E-04         1.0000000E+30            149348       
 NEXT SEEDS:181FB87D       6       0       0       0       0   181CD    3039       0       0
    6000000               4000000               4000000             2.9153041E-04         1.0000000E+30            154523       
 NEXT SEEDS:254A877C       6       0       0       0       0   181CD    3039       0       0
    6200000               3800000               3800000             2.9889189E-04         1.0000000E+30            159710       
 NEXT SEEDS:3274501D       6       0       0       0       0   181CD    3039       0       0
    6400000               3600000               3600000             3.0429916E-04         1.0000000E+30            164889       
 NEXT SEEDS: 403E63D       7       0       0       0       0   181CD    3039       0       0
    6600000               3400000               3400000             3.1134488E-04         1.0000000E+30            170096       
 NEXT SEEDS:11323E5E       7       0       0       0       0   181CD    3039       0       0
    6800000               3200000               3200000             3.1959673E-04         1.0000000E+30            175300       
 NEXT SEEDS:1E5C7225       7       0       0       0       0   181CD    3039       0       0
    7000000               3000000               3000000             3.2734186E-04         1.0000000E+30            180459       
 NEXT SEEDS:2B86F8D7       7       0       0       0       0   181CD    3039       0       0
    7200000               2800000               2800000             3.3273139E-04         1.0000000E+30            185691       
 NEXT SEEDS:38B1803C       7       0       0       0       0   181CD    3039       0       0
    7400000               2600000               2600000             3.3875894E-04         1.0000000E+30            190720       
 NEXT SEEDS: A433F24       8       0       0       0       0   181CD    3039       0       0
    7600000               2400000               2400000             3.4416735E-04         1.0000000E+30            195831       
 NEXT SEEDS:1769E377       8       0       0       0       0   181CD    3039       0       0
    7800000               2200000               2200000             3.4907307E-04         1.0000000E+30            200989       
 NEXT SEEDS:2491A7F0       8       0       0       0       0   181CD    3039       0       0
    8000000               2000000               2000000             3.5017459E-04         1.0000000E+30            206126       
 NEXT SEEDS:31B80021       8       0       0       0       0   181CD    3039       0       0
    8200000               1800000               1800000             3.5263960E-04         1.0000000E+30            211316       
 NEXT SEEDS: 349EB7F       9       0       0       0       0   181CD    3039       0       0
    8400000               1600000               1600000             3.5238702E-04         1.0000000E+30            216540       
 NEXT SEEDS:107956CA       9       0       0       0       0   181CD    3039       0       0
    8600000               1400000               1400000             3.5430473E-04         1.0000000E+30            221673       
 NEXT SEEDS:1DB3C52E       9       0       0       0       0   181CD    3039       0       0
    8800000               1200000               1200000             3.5623618E-04         1.0000000E+30            226787       
 NEXT SEEDS:2AE7CA2E       9       0       0       0       0   181CD    3039       0       0
    9000000               1000000               1000000             3.5807693E-04         1.0000000E+30            232087       
 NEXT SEEDS:381EFD4E       9       0       0       0       0   181CD    3039       0       0
    9200000                800000                800000             3.5737111E-04         1.0000000E+30            237267       
 NEXT SEEDS: 9AC93CA       A       0       0       0       0   181CD    3039       0       0
    9400000                600000                600000             3.5617873E-04         1.0000000E+30            242404       
 NEXT SEEDS:16D7B1EE       A       0       0       0       0   181CD    3039       0       0
    9600000                400000                400000             3.5563247E-04         1.0000000E+30            247616       
 NEXT SEEDS:2407E0EE       A       0       0       0       0   181CD    3039       0       0
    9800000                200000                200000             3.5489721E-04         1.0000000E+30            252780       
 NEXT SEEDS:3126D117       A       0       0       0       0   181CD    3039       0       0
    9999950                    50                    50             3.5383768E-04         1.0000000E+30            258030       
 NEXT SEEDS: 2BB6AB0       B       0       0       0       0   181CD    3039       0       0
    9999951                    49                    49             3.5383764E-04         1.0000000E+30            258030       
 NEXT SEEDS: 2BB6DA9       B       0       0       0       0   181CD    3039       0       0
    9999952                    48                    48             3.5383763E-04         1.0000000E+30            258030       
 NEXT SEEDS: 2BB72F1       B       0       0       0       0   181CD    3039       0       0
    9999953                    47                    47             3.5383762E-04         1.0000000E+30            258030       
 NEXT SEEDS: 2BB76BC       B       0       0       0       0   181CD    3039       0       0
    9999954                    46                    46             3.5383761E-04         1.0000000E+30            258030       
 NEXT SEEDS: 2BB7DC5       B       0       0       0       0   181CD    3039       0       0
    9999955                    45                    45             3.5383760E-04         1.0000000E+30            258030       
 NEXT SEEDS: 2BB826E       B       0       0       0       0   181CD    3039       0       0
    9999956                    44                    44             3.5383759E-04         1.0000000E+30            258030       
 NEXT SEEDS: 2BB872A       B       0       0       0       0   181CD    3039       0       0
    9999957                    43                    43             3.5383758E-04         1.0000000E+30            258030       
 NEXT SEEDS: 2BB8A05       B       0       0       0       0   181CD    3039       0       0
    9999958                    42                    42             3.5383757E-04         1.0000000E+30            258030       
 NEXT SEEDS: 2BB8D9F       B       0       0       0       0   181CD    3039       0       0
    9999959                    41                    41             3.5383753E-04         1.0000000E+30            258030       
 NEXT SEEDS: 2BB90FB       B       0       0       0       0   181CD    3039       0       0
    9999960                    40                    40             3.5383752E-04         1.0000000E+30            258030       
 NEXT SEEDS: 2BB9335       B       0       0       0       0   181CD    3039       0       0
    9999961                    39                    39             3.5383751E-04         1.0000000E+30            258030       
 NEXT SEEDS: 2BB982A       B       0       0       0       0   181CD    3039       0       0
    9999962                    38                    38             3.5383747E-04         1.0000000E+30            258030       
 NEXT SEEDS: 2BB997D       B       0       0       0       0   181CD    3039       0       0
    9999963                    37                    37             3.5383746E-04         1.0000000E+30            258030       
 NEXT SEEDS: 2BBA063       B       0       0       0       0   181CD    3039       0       0
    9999964                    36                    36             3.5383745E-04         1.0000000E+30            258030       
 NEXT SEEDS: 2BBA51D       B       0       0       0       0   181CD    3039       0       0
    9999965                    35                    35             3.5383744E-04         1.0000000E+30            258030       
 NEXT SEEDS: 2BBA9B8       B       0       0       0       0   181CD    3039       0       0
    9999966                    34                    34             3.5383743E-04         1.0000000E+30            258030       
 NEXT SEEDS: 2BBAD46       B       0       0       0       0   181CD    3039       0       0
    9999967                    33                    33             3.5383739E-04         1.0000000E+30            258030       
 NEXT SEEDS: 2BBAEF3       B       0       0       0       0   181CD    3039       0       0
    9999968                    32                    32             3.5383738E-04         1.0000000E+30            258030       
 NEXT SEEDS: 2BBB191       B       0       0       0       0   181CD    3039       0       0
    9999969                    31                    31             3.5383737E-04         1.0000000E+30            258030       
 NEXT SEEDS: 2BBB7C0       B       0       0       0       0   181CD    3039       0       0
    9999970                    30                    30             3.5383736E-04         1.0000000E+30            258030       
 NEXT SEEDS: 2BBBD49       B       0       0       0       0   181CD    3039       0       0
    9999971                    29                    29             3.5383733E-04         1.0000000E+30            258030       
 NEXT SEEDS: 2BBBDC3       B       0       0       0       0   181CD    3039       0       0
    9999972                    28                    28             3.5383731E-04         1.0000000E+30            258030       
 NEXT SEEDS: 2BBC160       B       0       0       0       0   181CD    3039       0       0
    9999973                    27                    27             3.5383730E-04         1.0000000E+30            258030       
 NEXT SEEDS: 2BBC3C0       B       0       0       0       0   181CD    3039       0       0
    9999974                    26                    26             3.5383727E-04         1.0000000E+30            258030       
 NEXT SEEDS: 2BBC63E       B       0       0       0       0   181CD    3039       0       0
    9999975                    25                    25             3.5383726E-04         1.0000000E+30            258030       
 NEXT SEEDS: 2BBC987       B       0       0       0       0   181CD    3039       0       0
    9999976                    24                    24             3.5383725E-04         1.0000000E+30            258030       
 NEXT SEEDS: 2BBCD83       B       0       0       0       0   181CD    3039       0       0
    9999977                    23                    23             3.5383724E-04         1.0000000E+30            258030       
 NEXT SEEDS: 2BBD639       B       0       0       0       0   181CD    3039       0       0
    9999978                    22                    22             3.5383722E-04         1.0000000E+30            258030       
 NEXT SEEDS: 2BBDB62       B       0       0       0       0   181CD    3039       0       0
    9999979                    21                    21             3.5383721E-04         1.0000000E+30            258030       
 NEXT SEEDS: 2BBDF07       B       0       0       0       0   181CD    3039       0       0
    9999980                    20                    20             3.5383720E-04         1.0000000E+30            258030       
 NEXT SEEDS: 2BBE381       B       0       0       0       0   181CD    3039       0       0
    9999981                    19                    19             3.5383717E-04         1.0000000E+30            258030       
 NEXT SEEDS: 2BBE5C6       B       0       0       0       0   181CD    3039       0       0
    9999982                    18                    18             3.5383716E-04         1.0000000E+30            258030       
 NEXT SEEDS: 2BBE7BE       B       0       0       0       0   181CD    3039       0       0
    9999983                    17                    17             3.5383712E-04         1.0000000E+30            258030       
 NEXT SEEDS: 2BBEA03       B       0       0       0       0   181CD    3039       0       0
    9999984                    16                    16             3.5383711E-04         1.0000000E+30            258030       
 NEXT SEEDS: 2BBEBD4       B       0       0       0       0   181CD    3039       0       0
    9999985                    15                    15             3.5383710E-04         1.0000000E+30            258030       
 NEXT SEEDS: 2BBF1E6       B       0       0       0       0   181CD    3039       0       0
    9999986                    14                    14             3.5383709E-04         1.0000000E+30            258030       
 NEXT SEEDS: 2BBF79C       B       0       0       0       0   181CD    3039       0       0
    9999987                    13                    13             3.5383708E-04         1.0000000E+30            258030       
 NEXT SEEDS: 2BBFB4C       B       0       0       0       0   181CD    3039       0       0
    9999988                    12                    12             3.5383707E-04         1.0000000E+30            258030       
 NEXT SEEDS: 2BC00AB       B       0       0       0       0   181CD    3039       0       0
    9999989                    11                    11             3.5383706E-04         1.0000000E+30            258030       
 NEXT SEEDS: 2BC0548       B       0       0       0       0   181CD    3039       0       0
    9999990                    10                    10             3.5383702E-04         1.0000000E+30            258030       
 NEXT SEEDS: 2BC0A14       B       0       0       0       0   181CD    3039       0       0
    9999991                     9                     9             3.5383711E-04         1.0000000E+30            258031       
 NEXT SEEDS: 2BC288B       B       0       0       0       0   181CD    3039       0       0
    9999992                     8                     8             3.5383710E-04         1.0000000E+30            258031       
 NEXT SEEDS: 2BC2B05       B       0       0       0       0   181CD    3039       0       0
    9999993                     7                     7             3.5383706E-04         1.0000000E+30            258031       
 NEXT SEEDS: 2BC2D3C       B       0       0       0       0   181CD    3039       0       0
    9999994                     6                     6             3.5383705E-04         1.0000000E+30            258031       
 NEXT SEEDS: 2BC2F79       B       0       0       0       0   181CD    3039       0       0
    9999995                     5                     5             3.5383704E-04         1.0000000E+30            258031       
 NEXT SEEDS: 2BC34F5       B       0       0       0       0   181CD    3039       0       0
    9999996                     4                     4             3.5383703E-04         1.0000000E+30            258031       
 NEXT SEEDS: 2BC3862       B       0       0       0       0   181CD    3039       0       0
    9999997                     3                     3             3.5383707E-04         1.0000000E+30            258032       
 NEXT SEEDS: 2BC4B33       B       0       0       0       0   181CD    3039       0       0
    9999998                     2                     2             3.5383705E-04         1.0000000E+30            258032       
 NEXT SEEDS: 2BC4D74       B       0       0       0       0   181CD    3039       0       0
    9999999                     1                     1             3.5383702E-04         1.0000000E+30            258032       
 NEXT SEEDS: 2BC4DB3       B       0       0       0       0   181CD    3039       0       0
   10000000                     0                     1             3.5383701E-04         1.0000000E+30            258032       
 NEXT SEEDS: 2BC5196       B       0       0       0       0   181CD    3039       0       0
