1NUMBER OF BEAM       NUMBER OF BEAM        APPROXIMATE NUMBER    AVERAGE TIME USED     TIME LEFT (RESERVED   NUMBER OF STARS
 PARTICLES HANDLED    PARTICLES LEFT        OF BEAM PARTICLES     BY A BEAM PARTICLE     10000.0 SECONDS      CREATED
                                            THAT CAN STILL BE                           FOR PRINTOUT)
                                            HANDLED

 NEXT SEEDS:       0       0       0       0       0       0   181CD    3039       0       0
          1              16999999              16999999             9.9468231E-04         1.0000000E+30                 0       
 NEXT SEEDS:    12B3       0       0       0       0       0   181CD    3039       0       0
     300000              16700000              16700000             2.1077685E-03         1.0000000E+30             33370       
 NEXT SEEDS:1DB99648       1       0       0       0       0   181CD    3039       0       0
     600000              16400000              16400000             2.1172382E-03         1.0000000E+30             66440       
 NEXT SEEDS:3B5262A7       2       0       0       0       0   181CD    3039       0       0
     900000              16100000              16100000             2.1170796E-03         1.0000000E+30             99621       
 NEXT SEEDS:1D5DA65A       4       0       0       0       0   181CD    3039       0       0
    1200000              15800000              15800000             2.1168422E-03         1.0000000E+30            132905       
 NEXT SEEDS:3B17FA25       5       0       0       0       0   181CD    3039       0       0
    1500000              15500000              15500000             2.1145128E-03         1.0000000E+30            166323       
 NEXT SEEDS:1D41B442       7       0       0       0       0   181CD    3039       0       0
    1800000              15200000              15200000             2.1128761E-03         1.0000000E+30            199746       
 NEXT SEEDS:3AE66718       8       0       0       0       0   181CD    3039       0       0
    2100000              14900000              14900000             2.1056753E-03         1.0000000E+30            233047       
 NEXT SEEDS:1D208F59       A       0       0       0       0   181CD    3039       0       0
    2400000              14600000              14600000             2.1070441E-03         1.0000000E+30            266667       
 NEXT SEEDS:3AF49499       B       0       0       0       0   181CD    3039       0       0
    2700000              14300000              14300000             2.1084873E-03         1.0000000E+30            300025       
 NEXT SEEDS:1D302AA8       D       0       0       0       0   181CD    3039       0       0
    3000000              14000000              14000000             2.1080995E-03         1.0000000E+30            333118       
 NEXT SEEDS:3AE7029A       E       0       0       0       0   181CD    3039       0       0
    3300000              13700000              13700000             2.1087219E-03         1.0000000E+30            366365       
 NEXT SEEDS:1D0366E2      10       0       0       0       0   181CD    3039       0       0
    3600000              13400000              13400000             2.1085100E-03         1.0000000E+30            399662       
 NEXT SEEDS:3AC13F29      11       0       0       0       0   181CD    3039       0       0
    3900000              13100000              13100000             2.1100305E-03         1.0000000E+30            433141       
 NEXT SEEDS:1CE3C80A      13       0       0       0       0   181CD    3039       0       0
    4200000              12800000              12800000             2.1099997E-03         1.0000000E+30            466665       
 NEXT SEEDS:3AA6D463      14       0       0       0       0   181CD    3039       0       0
 COUSET, TXYZ:  0.999999999831014     -0.581276600631526      0.813706036121330    
    4500000              12500000              12500000             2.1105481E-03         1.0000000E+30            499849       
 NEXT SEEDS:1CBA8CFB      16       0       0       0       0   181CD    3039       0       0
    4800000              12200000              12200000             2.1099395E-03         1.0000000E+30            533077       
 NEXT SEEDS:3A42F214      17       0       0       0       0   181CD    3039       0       0
 COUSET, TXYZ:   1.00000000002194      0.833494873247281      0.552527190565651    
 COUSET, TXYZ:  0.999999999976778      0.609691361422769      0.792638911333532    
    5100000              11900000              11900000             2.1085098E-03         1.0000000E+30            566434       
 NEXT SEEDS:1C51AE5A      19       0       0       0       0   181CD    3039       0       0
    5400000              11600000              11600000             2.1071782E-03         1.0000000E+30            600169       
 NEXT SEEDS:3A22415B      1A       0       0       0       0   181CD    3039       0       0
    5700000              11300000              11300000             2.1057408E-03         1.0000000E+30            633342       
 NEXT SEEDS:1C16E560      1C       0       0       0       0   181CD    3039       0       0
    6000000              11000000              11000000             2.1053154E-03         1.0000000E+30            666778       
 NEXT SEEDS:39DA9BA7      1D       0       0       0       0   181CD    3039       0       0
    6300000              10700000              10700000             2.1037566E-03         1.0000000E+30            699834       
 NEXT SEEDS:1BE721B0      1F       0       0       0       0   181CD    3039       0       0
    6600000              10400000              10400000             2.1012693E-03         1.0000000E+30            733191       
 NEXT SEEDS:39A7B9BE      20       0       0       0       0   181CD    3039       0       0
    6900000              10100000              10100000             2.1003759E-03         1.0000000E+30            766661       
 NEXT SEEDS:1BE6CDE2      22       0       0       0       0   181CD    3039       0       0
    7200000               9800000               9800000             2.0980223E-03         1.0000000E+30            799957       
 NEXT SEEDS:39992478      23       0       0       0       0   181CD    3039       0       0
    7500000               9500000               9500000             2.0970317E-03         1.0000000E+30            833133       
 NEXT SEEDS:1B99A239      25       0       0       0       0   181CD    3039       0       0
    7800000               9200000               9200000             2.0947979E-03         1.0000000E+30            866649       
 NEXT SEEDS:393B4A05      26       0       0       0       0   181CD    3039       0       0
    8100000               8900000               8900000             2.0939257E-03         1.0000000E+30            900169       
 NEXT SEEDS:1B67E57F      28       0       0       0       0   181CD    3039       0       0
    8400000               8600000               8600000             2.0928532E-03         1.0000000E+30            933472       
 NEXT SEEDS:390A5E69      29       0       0       0       0   181CD    3039       0       0
    8700000               8300000               8300000             2.0912176E-03         1.0000000E+30            966665       
 NEXT SEEDS:1B05FC80      2B       0       0       0       0   181CD    3039       0       0
    9000000               8000000               8000000             2.0898880E-03         1.0000000E+30           1000211       
 NEXT SEEDS:38B61BD9      2C       0       0       0       0   181CD    3039       0       0
    9300000               7700000               7700000             2.0892504E-03         1.0000000E+30           1033548       
 NEXT SEEDS:1B155EE2      2E       0       0       0       0   181CD    3039       0       0
    9600000               7400000               7400000             2.0888800E-03         1.0000000E+30           1066989       
 NEXT SEEDS:38D7C731      2F       0       0       0       0   181CD    3039       0       0
 COUSET, TXYZ:  0.999999999982046      0.774364025186242      0.632740354696501    
    9900000               7100000               7100000             2.0882879E-03         1.0000000E+30           1100308       
 NEXT SEEDS:1AE66BE3      31       0       0       0       0   181CD    3039       0       0
   10200000               6800000               6800000             2.0874879E-03         1.0000000E+30           1133519       
 NEXT SEEDS:3862296C      32       0       0       0       0   181CD    3039       0       0
   10500000               6500000               6500000             2.0867386E-03         1.0000000E+30           1166890       
 NEXT SEEDS:1A96E87C      34       0       0       0       0   181CD    3039       0       0
   10800000               6200000               6200000             2.0877832E-03         1.0000000E+30           1200235       
 NEXT SEEDS:385AF9F9      35       0       0       0       0   181CD    3039       0       0
 COUSET, TXYZ:  0.999999999989129     -0.845720196585610      0.533626600785095    
   11100000               5900000               5900000             2.0877511E-03         1.0000000E+30           1233621       
 NEXT SEEDS:1A6DEFEB      37       0       0       0       0   181CD    3039       0       0
   11400000               5600000               5600000             2.0887025E-03         1.0000000E+30           1266781       
 NEXT SEEDS:381483C4      38       0       0       0       0   181CD    3039       0       0
   11700000               5300000               5300000             2.0892039E-03         1.0000000E+30           1300488       
 NEXT SEEDS:1A5CC155      3A       0       0       0       0   181CD    3039       0       0
   12000000               5000000               5000000             2.0900050E-03         1.0000000E+30           1333814       
 NEXT SEEDS:3810A1B2      3B       0       0       0       0   181CD    3039       0       0
   12300000               4700000               4700000             2.0909129E-03         1.0000000E+30           1367296       
 NEXT SEEDS:1A3E5509      3D       0       0       0       0   181CD    3039       0       0
 COUSET, TXYZ:  0.999999999991412      0.997707281266320     -6.767703370414846E-02
   12600000               4400000               4400000             2.0917941E-03         1.0000000E+30           1400796       
 NEXT SEEDS:37FAC4E6      3E       0       0       0       0   181CD    3039       0       0
   12900000               4100000               4100000             2.0921669E-03         1.0000000E+30           1434223       
 NEXT SEEDS:1A086181      40       0       0       0       0   181CD    3039       0       0
   13200000               3800000               3800000             2.0924066E-03         1.0000000E+30           1467548       
 NEXT SEEDS:379C41D8      41       0       0       0       0   181CD    3039       0       0
 COUSET, TXYZ:  0.999999999985152      0.997838088873211      6.572022796797093E-02
   13500000               3500000               3500000             2.0925558E-03         1.0000000E+30           1500743       
 NEXT SEEDS:19A69B3D      43       0       0       0       0   181CD    3039       0       0
   13800000               3200000               3200000             2.0926322E-03         1.0000000E+30           1534021       
 NEXT SEEDS:376146AA      44       0       0       0       0   181CD    3039       0       0
   14100000               2900000               2900000             2.0927123E-03         1.0000000E+30           1567456       
 NEXT SEEDS:19B03038      46       0       0       0       0   181CD    3039       0       0
   14400000               2600000               2600000             2.0927304E-03         1.0000000E+30           1600680       
 NEXT SEEDS:375E6E21      47       0       0       0       0   181CD    3039       0       0
 COUSET, TXYZ:   1.00000000001455     -0.612558924855309      0.790424925979193    
   14700000               2300000               2300000             2.0930508E-03         1.0000000E+30           1633859       
 NEXT SEEDS:1986981F      49       0       0       0       0   181CD    3039       0       0
   15000000               2000000               2000000             2.0928498E-03         1.0000000E+30           1667112       
 NEXT SEEDS:373D5FC9      4A       0       0       0       0   181CD    3039       0       0
   15300000               1700000               1700000             2.0928967E-03         1.0000000E+30           1700167       
 NEXT SEEDS:192C2F67      4C       0       0       0       0   181CD    3039       0       0
   15600000               1400000               1400000             2.0931886E-03         1.0000000E+30           1733849       
 NEXT SEEDS:36F49E49      4D       0       0       0       0   181CD    3039       0       0
   15900000               1100000               1100000             2.0930751E-03         1.0000000E+30           1767276       
 NEXT SEEDS:191737D5      4F       0       0       0       0   181CD    3039       0       0
 COUSET, TXYZ:  0.999999999993334     -0.907768590632485      0.419471317073979    
   16200000                800000                800000             2.0931964E-03         1.0000000E+30           1800627       
 NEXT SEEDS:36D4CE66      50       0       0       0       0   181CD    3039       0       0
   16500000                500000                500000             2.0932308E-03         1.0000000E+30           1834307       
 NEXT SEEDS:18F7D214      52       0       0       0       0   181CD    3039       0       0
   16800000                200000                200000             2.0930808E-03         1.0000000E+30           1867461       
 NEXT SEEDS:36A17E6D      53       0       0       0       0   181CD    3039       0       0
   16999950                    50                    50             2.0934145E-03         1.0000000E+30           1889795       
 NEXT SEEDS:369DECB9      54       0       0       0       0   181CD    3039       0       0
   16999951                    49                    49             2.0934143E-03         1.0000000E+30           1889795       
 NEXT SEEDS:369DFE67      54       0       0       0       0   181CD    3039       0       0
   16999952                    48                    48             2.0934142E-03         1.0000000E+30           1889795       
 NEXT SEEDS:369E1AD7      54       0       0       0       0   181CD    3039       0       0
   16999953                    47                    47             2.0934143E-03         1.0000000E+30           1889795       
 NEXT SEEDS:369E28E9      54       0       0       0       0   181CD    3039       0       0
   16999954                    46                    46             2.0934142E-03         1.0000000E+30           1889795       
 NEXT SEEDS:369E37E8      54       0       0       0       0   181CD    3039       0       0
   16999955                    45                    45             2.0934141E-03         1.0000000E+30           1889795       
 NEXT SEEDS:369E4771      54       0       0       0       0   181CD    3039       0       0
   16999956                    44                    44             2.0934139E-03         1.0000000E+30           1889795       
 NEXT SEEDS:369E5ABC      54       0       0       0       0   181CD    3039       0       0
   16999957                    43                    43             2.0934141E-03         1.0000000E+30           1889795       
 NEXT SEEDS:369E6B1B      54       0       0       0       0   181CD    3039       0       0
   16999958                    42                    42             2.0934139E-03         1.0000000E+30           1889795       
 NEXT SEEDS:369E7A97      54       0       0       0       0   181CD    3039       0       0
   16999959                    41                    41             2.0934138E-03         1.0000000E+30           1889795       
 NEXT SEEDS:369E8F35      54       0       0       0       0   181CD    3039       0       0
   16999960                    40                    40             2.0934137E-03         1.0000000E+30           1889795       
 NEXT SEEDS:369E9E9D      54       0       0       0       0   181CD    3039       0       0
   16999961                    39                    39             2.0934138E-03         1.0000000E+30           1889795       
 NEXT SEEDS:369EB0B6      54       0       0       0       0   181CD    3039       0       0
   16999962                    38                    38             2.0934137E-03         1.0000000E+30           1889795       
 NEXT SEEDS:369EC159      54       0       0       0       0   181CD    3039       0       0
   16999963                    37                    37             2.0934135E-03         1.0000000E+30           1889795       
 NEXT SEEDS:369ED47A      54       0       0       0       0   181CD    3039       0       0
   16999964                    36                    36             2.0934134E-03         1.0000000E+30           1889795       
 NEXT SEEDS:369EE3CF      54       0       0       0       0   181CD    3039       0       0
   16999965                    35                    35             2.0934135E-03         1.0000000E+30           1889795       
 NEXT SEEDS:369EF410      54       0       0       0       0   181CD    3039       0       0
   16999966                    34                    34             2.0934134E-03         1.0000000E+30           1889795       
 NEXT SEEDS:369F0CC4      54       0       0       0       0   181CD    3039       0       0
   16999967                    33                    33             2.0934133E-03         1.0000000E+30           1889795       
 NEXT SEEDS:369F1C26      54       0       0       0       0   181CD    3039       0       0
   16999968                    32                    32             2.0934134E-03         1.0000000E+30           1889796       
 NEXT SEEDS:369F3E0F      54       0       0       0       0   181CD    3039       0       0
   16999969                    31                    31             2.0934133E-03         1.0000000E+30           1889797       
 NEXT SEEDS:369F57CE      54       0       0       0       0   181CD    3039       0       0
   16999970                    30                    30             2.0934131E-03         1.0000000E+30           1889797       
 NEXT SEEDS:369F6614      54       0       0       0       0   181CD    3039       0       0
   16999971                    29                    29             2.0934132E-03         1.0000000E+30           1889797       
 NEXT SEEDS:369F7686      54       0       0       0       0   181CD    3039       0       0
   16999972                    28                    28             2.0934131E-03         1.0000000E+30           1889797       
 NEXT SEEDS:369F8676      54       0       0       0       0   181CD    3039       0       0
   16999973                    27                    27             2.0934130E-03         1.0000000E+30           1889797       
 NEXT SEEDS:369F9568      54       0       0       0       0   181CD    3039       0       0
   16999974                    26                    26             2.0934129E-03         1.0000000E+30           1889797       
 NEXT SEEDS:369FA660      54       0       0       0       0   181CD    3039       0       0
   16999975                    25                    25             2.0934130E-03         1.0000000E+30           1889797       
 NEXT SEEDS:369FBC92      54       0       0       0       0   181CD    3039       0       0
   16999976                    24                    24             2.0934129E-03         1.0000000E+30           1889797       
 NEXT SEEDS:369FCD0C      54       0       0       0       0   181CD    3039       0       0
   16999977                    23                    23             2.0934127E-03         1.0000000E+30           1889797       
 NEXT SEEDS:369FDFA5      54       0       0       0       0   181CD    3039       0       0
   16999978                    22                    22             2.0934126E-03         1.0000000E+30           1889797       
 NEXT SEEDS:369FEFAA      54       0       0       0       0   181CD    3039       0       0
   16999979                    21                    21             2.0934127E-03         1.0000000E+30           1889797       
 NEXT SEEDS:36A00022      54       0       0       0       0   181CD    3039       0       0
   16999980                    20                    20             2.0934126E-03         1.0000000E+30           1889797       
 NEXT SEEDS:36A01092      54       0       0       0       0   181CD    3039       0       0
   16999981                    19                    19             2.0934125E-03         1.0000000E+30           1889798       
 NEXT SEEDS:36A02C73      54       0       0       0       0   181CD    3039       0       0
   16999982                    18                    18             2.0934124E-03         1.0000000E+30           1889798       
 NEXT SEEDS:36A04027      54       0       0       0       0   181CD    3039       0       0
   16999983                    17                    17             2.0934125E-03         1.0000000E+30           1889798       
 NEXT SEEDS:36A0520B      54       0       0       0       0   181CD    3039       0       0
   16999984                    16                    16             2.0934123E-03         1.0000000E+30           1889798       
 NEXT SEEDS:36A063ED      54       0       0       0       0   181CD    3039       0       0
   16999985                    15                    15             2.0934122E-03         1.0000000E+30           1889798       
 NEXT SEEDS:36A07668      54       0       0       0       0   181CD    3039       0       0
   16999986                    14                    14             2.0934123E-03         1.0000000E+30           1889798       
 NEXT SEEDS:36A088D1      54       0       0       0       0   181CD    3039       0       0
   16999987                    13                    13             2.0934122E-03         1.0000000E+30           1889798       
 NEXT SEEDS:36A09A50      54       0       0       0       0   181CD    3039       0       0
   16999988                    12                    12             2.0934121E-03         1.0000000E+30           1889798       
 NEXT SEEDS:36A0AE0E      54       0       0       0       0   181CD    3039       0       0
   16999989                    11                    11             2.0934120E-03         1.0000000E+30           1889798       
 NEXT SEEDS:36A0BF34      54       0       0       0       0   181CD    3039       0       0
   16999990                    10                    10             2.0934121E-03         1.0000000E+30           1889798       
 NEXT SEEDS:36A0CBFE      54       0       0       0       0   181CD    3039       0       0
   16999991                     9                     9             2.0934119E-03         1.0000000E+30           1889799       
 NEXT SEEDS:36A0ECAC      54       0       0       0       0   181CD    3039       0       0
   16999992                     8                     8             2.0934118E-03         1.0000000E+30           1889799       
 NEXT SEEDS:36A0FCA8      54       0       0       0       0   181CD    3039       0       0
   16999993                     7                     7             2.0934119E-03         1.0000000E+30           1889799       
 NEXT SEEDS:36A10DDC      54       0       0       0       0   181CD    3039       0       0
   16999994                     6                     6             2.0934118E-03         1.0000000E+30           1889799       
 NEXT SEEDS:36A11D3A      54       0       0       0       0   181CD    3039       0       0
   16999995                     5                     5             2.0934117E-03         1.0000000E+30           1889799       
 NEXT SEEDS:36A13290      54       0       0       0       0   181CD    3039       0       0
   16999996                     4                     4             2.0934115E-03         1.0000000E+30           1889799       
 NEXT SEEDS:36A14528      54       0       0       0       0   181CD    3039       0       0
   16999997                     3                     3             2.0934117E-03         1.0000000E+30           1889799       
 NEXT SEEDS:36A15888      54       0       0       0       0   181CD    3039       0       0
   16999998                     2                     2             2.0934115E-03         1.0000000E+30           1889799       
 NEXT SEEDS:36A1679A      54       0       0       0       0   181CD    3039       0       0
   16999999                     1                     1             2.0934114E-03         1.0000000E+30           1889799       
 NEXT SEEDS:36A17AB8      54       0       0       0       0   181CD    3039       0       0
   17000000                     0                     1             2.0934115E-03         1.0000000E+30           1889800       
 NEXT SEEDS:36A1AC84      54       0       0       0       0   181CD    3039       0       0
