1NUMBER OF BEAM       NUMBER OF BEAM        APPROXIMATE NUMBER    AVERAGE TIME USED     TIME LEFT (RESERVED   NUMBER OF STARS
 PARTICLES HANDLED    PARTICLES LEFT        OF BEAM PARTICLES     BY A BEAM PARTICLE     10000.0 SECONDS      CREATED
                                            THAT CAN STILL BE                           FOR PRINTOUT)
                                            HANDLED

 NEXT SEEDS:       0       0       0       0       0       0   181CD    3039       0       0
          1              24999999              24999999             2.4890900E-04         1.0000000E+30                 0       
 NEXT SEEDS:     218       0       0       0       0       0   181CD    3039       0       0
     500000              24500000              24500000             2.7115902E-04         1.0000000E+30             12781       
 NEXT SEEDS:210DF15D       0       0       0       0       0   181CD    3039       0       0
    1000000              24000000              24000000             2.7102894E-04         1.0000000E+30             25555       
 NEXT SEEDS: 6827E26       1       0       0       0       0   181CD    3039       0       0
    1500000              23500000              23500000             2.7146752E-04         1.0000000E+30             38415       
 NEXT SEEDS:27C96EC9       1       0       0       0       0   181CD    3039       0       0
    2000000              23000000              23000000             2.7265006E-04         1.0000000E+30             51287       
 NEXT SEEDS: D5887FE       2       0       0       0       0   181CD    3039       0       0
    2500000              22500000              22500000             2.7158113E-04         1.0000000E+30             64422       
 NEXT SEEDS:2EA5F506       2       0       0       0       0   181CD    3039       0       0
    3000000              22000000              22000000             2.7149276E-04         1.0000000E+30             77389       
 NEXT SEEDS:143F6D24       3       0       0       0       0   181CD    3039       0       0
    3500000              21500000              21500000             2.7165631E-04         1.0000000E+30             90214       
 NEXT SEEDS:35879BD9       3       0       0       0       0   181CD    3039       0       0
    4000000              21000000              21000000             2.7234034E-04         1.0000000E+30            103138       
 NEXT SEEDS:1B0AD5A8       4       0       0       0       0   181CD    3039       0       0
    4500000              20500000              20500000             2.7231842E-04         1.0000000E+30            115939       
 NEXT SEEDS:  92DE9E       5       0       0       0       0   181CD    3039       0       0
    5000000              20000000              20000000             2.7230086E-04         1.0000000E+30            128862       
 NEXT SEEDS:21B829C0       5       0       0       0       0   181CD    3039       0       0
 COUSET, TXYZ:   1.00000000002634     -0.900337298903528      0.435192771373527    
    5500000              19500000              19500000             2.7321673E-04         1.0000000E+30            141817       
 NEXT SEEDS: 7447C34       6       0       0       0       0   181CD    3039       0       0
    6000000              19000000              19000000             2.7316703E-04         1.0000000E+30            154692       
 NEXT SEEDS:28713D61       6       0       0       0       0   181CD    3039       0       0
    6500000              18500000              18500000             2.7298597E-04         1.0000000E+30            167702       
 NEXT SEEDS: DFA2B3E       7       0       0       0       0   181CD    3039       0       0
    7000000              18000000              18000000             2.7286515E-04         1.0000000E+30            180531       
 NEXT SEEDS:2F09911A       7       0       0       0       0   181CD    3039       0       0
    7500000              17500000              17500000             2.7366250E-04         1.0000000E+30            193324       
 NEXT SEEDS:14A1BD98       8       0       0       0       0   181CD    3039       0       0
    8000000              17000000              17000000             2.7348493E-04         1.0000000E+30            205838       
 NEXT SEEDS:359C0D89       8       0       0       0       0   181CD    3039       0       0
    8500000              16500000              16500000             2.7374136E-04         1.0000000E+30            218744       
 NEXT SEEDS:1B37E51F       9       0       0       0       0   181CD    3039       0       0
    9000000              16000000              16000000             2.7322228E-04         1.0000000E+30            231760       
 NEXT SEEDS:  CECADA       A       0       0       0       0   181CD    3039       0       0
    9500000              15500000              15500000             2.7345582E-04         1.0000000E+30            244663       
 NEXT SEEDS:21F9F5CF       A       0       0       0       0   181CD    3039       0       0
   10000000              15000000              15000000             2.7333015E-04         1.0000000E+30            257579       
 NEXT SEEDS: 77D21C0       B       0       0       0       0   181CD    3039       0       0
   10500000              14500000              14500000             2.7390165E-04         1.0000000E+30            270423       
 NEXT SEEDS:28C3004C       B       0       0       0       0   181CD    3039       0       0
 COUSET, TXYZ:  0.999999999994588     -0.831034858993514      0.556220336851150    
   11000000              14000000              14000000             2.7381066E-04         1.0000000E+30            283206       
 NEXT SEEDS: E33232D       C       0       0       0       0   181CD    3039       0       0
   11500000              13500000              13500000             2.7426900E-04         1.0000000E+30            296102       
 NEXT SEEDS:2F53CED8       C       0       0       0       0   181CD    3039       0       0
   12000000              13000000              13000000             2.7385059E-04         1.0000000E+30            308901       
 NEXT SEEDS:14CA67F6       D       0       0       0       0   181CD    3039       0       0
   12500000              12500000              12500000             2.7381289E-04         1.0000000E+30            321514       
 NEXT SEEDS:35D511A1       D       0       0       0       0   181CD    3039       0       0
 COUSET, TXYZ:  0.999999999988379      0.290783359556944      0.956788920181215    
   13000000              12000000              12000000             2.7400624E-04         1.0000000E+30            334413       
 NEXT SEEDS:1B67168F       E       0       0       0       0   181CD    3039       0       0
 COUSET, TXYZ:  0.999999999985236     -0.387145292723585      0.922018721226658    
   13500000              11500000              11500000             2.7400908E-04         1.0000000E+30            347319       
 NEXT SEEDS: 104D8BC       F       0       0       0       0   181CD    3039       0       0
   14000000              11000000              11000000             2.7416213E-04         1.0000000E+30            360546       
 NEXT SEEDS:2230D9CC       F       0       0       0       0   181CD    3039       0       0
   14500000              10500000              10500000             2.7523811E-04         1.0000000E+30            373371       
 NEXT SEEDS: 7B38515      10       0       0       0       0   181CD    3039       0       0
   15000000              10000000              10000000             2.7517785E-04         1.0000000E+30            386205       
 NEXT SEEDS:28E712A5      10       0       0       0       0   181CD    3039       0       0
   15500000               9500000               9500000             2.7530600E-04         1.0000000E+30            399136       
 NEXT SEEDS: E8CDB11      11       0       0       0       0   181CD    3039       0       0
   16000000               9000000               9000000             2.7556758E-04         1.0000000E+30            412069       
 NEXT SEEDS:2FBA2248      11       0       0       0       0   181CD    3039       0       0
   16500000               8500000               8500000             2.7578316E-04         1.0000000E+30            425012       
 NEXT SEEDS:153CB863      12       0       0       0       0   181CD    3039       0       0
   17000000               8000000               8000000             2.7588257E-04         1.0000000E+30            437982       
 NEXT SEEDS:36767DEA      12       0       0       0       0   181CD    3039       0       0
   17500000               7500000               7500000             2.7573124E-04         1.0000000E+30            450759       
 NEXT SEEDS:1BEF69F3      13       0       0       0       0   181CD    3039       0       0
   18000000               7000000               7000000             2.7581867E-04         1.0000000E+30            463565       
 NEXT SEEDS: 177281F      14       0       0       0       0   181CD    3039       0       0
   18500000               6500000               6500000             2.7584516E-04         1.0000000E+30            476264       
 NEXT SEEDS:22816FC8      14       0       0       0       0   181CD    3039       0       0
   19000000               6000000               6000000             2.7570062E-04         1.0000000E+30            489032       
 NEXT SEEDS: 7F9BF46      15       0       0       0       0   181CD    3039       0       0
   19500000               5500000               5500000             2.7594245E-04         1.0000000E+30            501936       
 NEXT SEEDS:292E3CE1      15       0       0       0       0   181CD    3039       0       0
   20000000               5000000               5000000             2.7601515E-04         1.0000000E+30            514666       
 NEXT SEEDS: EC359EE      16       0       0       0       0   181CD    3039       0       0
   20500000               4500000               4500000             2.7625990E-04         1.0000000E+30            527673       
 NEXT SEEDS:30038299      16       0       0       0       0   181CD    3039       0       0
 COUSET, TXYZ:  0.999999999963905      0.871586933915940      0.490240978045309    
   21000000               4000000               4000000             2.7650503E-04         1.0000000E+30            540658       
 NEXT SEEDS:158A22F7      17       0       0       0       0   181CD    3039       0       0
   21500000               3500000               3500000             2.7658999E-04         1.0000000E+30            553606       
 NEXT SEEDS:36BB577B      17       0       0       0       0   181CD    3039       0       0
 COUSET, TXYZ:  0.999999999986921      0.961388937853456      0.275193223293826    
   22000000               3000000               3000000             2.7661176E-04         1.0000000E+30            566596       
 NEXT SEEDS:1C4EED60      18       0       0       0       0   181CD    3039       0       0
   22500000               2500000               2500000             2.7662653E-04         1.0000000E+30            579302       
 NEXT SEEDS: 1C4107F      19       0       0       0       0   181CD    3039       0       0
   23000000               2000000               2000000             2.7667186E-04         1.0000000E+30            592249       
 NEXT SEEDS:22F3358B      19       0       0       0       0   181CD    3039       0       0
   23500000               1500000               1500000             2.7683050E-04         1.0000000E+30            605237       
 NEXT SEEDS: 878588A      1A       0       0       0       0   181CD    3039       0       0
   24000000               1000000               1000000             2.7684360E-04         1.0000000E+30            618060       
 NEXT SEEDS:29A2D1AD      1A       0       0       0       0   181CD    3039       0       0
 COUSET, TXYZ:  0.999999999889544     -6.557800352983927E-02  0.997847445871426    
   24500000                500000                500000             2.7684677E-04         1.0000000E+30            630801       
 NEXT SEEDS: F1D436B      1B       0       0       0       0   181CD    3039       0       0
   24999950                    50                    50             2.7687123E-04         1.0000000E+30            643638       
 NEXT SEEDS:3043EC86      1B       0       0       0       0   181CD    3039       0       0
   24999951                    49                    49             2.7687124E-04         1.0000000E+30            643638       
 NEXT SEEDS:3043F6D9      1B       0       0       0       0   181CD    3039       0       0
   24999952                    48                    48             2.7687130E-04         1.0000000E+30            643639       
 NEXT SEEDS:30441B5D      1B       0       0       0       0   181CD    3039       0       0
   24999953                    47                    47             2.7687131E-04         1.0000000E+30            643639       
 NEXT SEEDS:30441EE9      1B       0       0       0       0   181CD    3039       0       0
   24999954                    46                    46             2.7687132E-04         1.0000000E+30            643639       
 NEXT SEEDS:30442478      1B       0       0       0       0   181CD    3039       0       0
   24999955                    45                    45             2.7687131E-04         1.0000000E+30            643639       
 NEXT SEEDS:3044276A      1B       0       0       0       0   181CD    3039       0       0
   24999956                    44                    44             2.7687132E-04         1.0000000E+30            643639       
 NEXT SEEDS:30442BF3      1B       0       0       0       0   181CD    3039       0       0
   24999957                    43                    43             2.7687133E-04         1.0000000E+30            643639       
 NEXT SEEDS:3044310F      1B       0       0       0       0   181CD    3039       0       0
   24999958                    42                    42             2.7687132E-04         1.0000000E+30            643639       
 NEXT SEEDS:3044323E      1B       0       0       0       0   181CD    3039       0       0
   24999959                    41                    41             2.7687132E-04         1.0000000E+30            643639       
 NEXT SEEDS:3044372F      1B       0       0       0       0   181CD    3039       0       0
   24999960                    40                    40             2.7687133E-04         1.0000000E+30            643639       
 NEXT SEEDS:30443BD3      1B       0       0       0       0   181CD    3039       0       0
   24999961                    39                    39             2.7687134E-04         1.0000000E+30            643639       
 NEXT SEEDS:30444026      1B       0       0       0       0   181CD    3039       0       0
   24999962                    38                    38             2.7687133E-04         1.0000000E+30            643639       
 NEXT SEEDS:304441D2      1B       0       0       0       0   181CD    3039       0       0
   24999963                    37                    37             2.7687134E-04         1.0000000E+30            643639       
 NEXT SEEDS:304445EA      1B       0       0       0       0   181CD    3039       0       0
   24999964                    36                    36             2.7687133E-04         1.0000000E+30            643639       
 NEXT SEEDS:30444874      1B       0       0       0       0   181CD    3039       0       0
   24999965                    35                    35             2.7687134E-04         1.0000000E+30            643639       
 NEXT SEEDS:30444A3C      1B       0       0       0       0   181CD    3039       0       0
   24999966                    34                    34             2.7687132E-04         1.0000000E+30            643639       
 NEXT SEEDS:30444CC5      1B       0       0       0       0   181CD    3039       0       0
   24999967                    33                    33             2.7687133E-04         1.0000000E+30            643639       
 NEXT SEEDS:304451A9      1B       0       0       0       0   181CD    3039       0       0
   24999968                    32                    32             2.7687134E-04         1.0000000E+30            643639       
 NEXT SEEDS:304456D6      1B       0       0       0       0   181CD    3039       0       0
   24999969                    31                    31             2.7687135E-04         1.0000000E+30            643639       
 NEXT SEEDS:304459F9      1B       0       0       0       0   181CD    3039       0       0
   24999970                    30                    30             2.7687134E-04         1.0000000E+30            643639       
 NEXT SEEDS:30445CBC      1B       0       0       0       0   181CD    3039       0       0
   24999971                    29                    29             2.7687135E-04         1.0000000E+30            643639       
 NEXT SEEDS:30445DC0      1B       0       0       0       0   181CD    3039       0       0
   24999972                    28                    28             2.7687134E-04         1.0000000E+30            643639       
 NEXT SEEDS:30446107      1B       0       0       0       0   181CD    3039       0       0
   24999973                    27                    27             2.7687134E-04         1.0000000E+30            643639       
 NEXT SEEDS:304462F3      1B       0       0       0       0   181CD    3039       0       0
   24999974                    26                    26             2.7687133E-04         1.0000000E+30            643639       
 NEXT SEEDS:304463C3      1B       0       0       0       0   181CD    3039       0       0
   24999975                    25                    25             2.7687134E-04         1.0000000E+30            643639       
 NEXT SEEDS:30446785      1B       0       0       0       0   181CD    3039       0       0
   24999976                    24                    24             2.7687135E-04         1.0000000E+30            643639       
 NEXT SEEDS:30446E84      1B       0       0       0       0   181CD    3039       0       0
   24999977                    23                    23             2.7687134E-04         1.0000000E+30            643639       
 NEXT SEEDS:304470F3      1B       0       0       0       0   181CD    3039       0       0
   24999978                    22                    22             2.7687135E-04         1.0000000E+30            643639       
 NEXT SEEDS:30447407      1B       0       0       0       0   181CD    3039       0       0
   24999979                    21                    21             2.7687136E-04         1.0000000E+30            643639       
 NEXT SEEDS:30447A90      1B       0       0       0       0   181CD    3039       0       0
   24999980                    20                    20             2.7687136E-04         1.0000000E+30            643639       
 NEXT SEEDS:304480C1      1B       0       0       0       0   181CD    3039       0       0
   24999981                    19                    19             2.7687135E-04         1.0000000E+30            643639       
 NEXT SEEDS:30448267      1B       0       0       0       0   181CD    3039       0       0
   24999982                    18                    18             2.7687136E-04         1.0000000E+30            643639       
 NEXT SEEDS:30448301      1B       0       0       0       0   181CD    3039       0       0
   24999983                    17                    17             2.7687135E-04         1.0000000E+30            643639       
 NEXT SEEDS:3044865E      1B       0       0       0       0   181CD    3039       0       0
   24999984                    16                    16             2.7687136E-04         1.0000000E+30            643639       
 NEXT SEEDS:3044870C      1B       0       0       0       0   181CD    3039       0       0
   24999985                    15                    15             2.7687135E-04         1.0000000E+30            643639       
 NEXT SEEDS:304488DD      1B       0       0       0       0   181CD    3039       0       0
   24999986                    14                    14             2.7687136E-04         1.0000000E+30            643639       
 NEXT SEEDS:304489F5      1B       0       0       0       0   181CD    3039       0       0
   24999987                    13                    13             2.7687135E-04         1.0000000E+30            643639       
 NEXT SEEDS:30449122      1B       0       0       0       0   181CD    3039       0       0
   24999988                    12                    12             2.7687135E-04         1.0000000E+30            643639       
 NEXT SEEDS:304493C7      1B       0       0       0       0   181CD    3039       0       0
   24999989                    11                    11             2.7687138E-04         1.0000000E+30            643640       
 NEXT SEEDS:3044A0B2      1B       0       0       0       0   181CD    3039       0       0
   24999990                    10                    10             2.7687139E-04         1.0000000E+30            643640       
 NEXT SEEDS:3044A486      1B       0       0       0       0   181CD    3039       0       0
   24999991                     9                     9             2.7687138E-04         1.0000000E+30            643640       
 NEXT SEEDS:3044A867      1B       0       0       0       0   181CD    3039       0       0
   24999992                     8                     8             2.7687139E-04         1.0000000E+30            643640       
 NEXT SEEDS:3044AC17      1B       0       0       0       0   181CD    3039       0       0
   24999993                     7                     7             2.7687140E-04         1.0000000E+30            643640       
 NEXT SEEDS:3044ADB8      1B       0       0       0       0   181CD    3039       0       0
   24999994                     6                     6             2.7687154E-04         1.0000000E+30            643643       
 NEXT SEEDS:30451CA8      1B       0       0       0       0   181CD    3039       0       0
   24999995                     5                     5             2.7687155E-04         1.0000000E+30            643643       
 NEXT SEEDS:3045234D      1B       0       0       0       0   181CD    3039       0       0
   24999996                     4                     4             2.7687156E-04         1.0000000E+30            643643       
 NEXT SEEDS:3045260A      1B       0       0       0       0   181CD    3039       0       0
   24999997                     3                     3             2.7687157E-04         1.0000000E+30            643643       
 NEXT SEEDS:30452AAD      1B       0       0       0       0   181CD    3039       0       0
   24999998                     2                     2             2.7687158E-04         1.0000000E+30            643643       
 NEXT SEEDS:30452F73      1B       0       0       0       0   181CD    3039       0       0
   24999999                     1                     1             2.7687158E-04         1.0000000E+30            643643       
 NEXT SEEDS:30453674      1B       0       0       0       0   181CD    3039       0       0
   25000000                     0                     1             2.7687159E-04         1.0000000E+30            643643       
 NEXT SEEDS:30453CC0      1B       0       0       0       0   181CD    3039       0       0
