1NUMBER OF BEAM       NUMBER OF BEAM        APPROXIMATE NUMBER    AVERAGE TIME USED     TIME LEFT (RESERVED   NUMBER OF STARS
 PARTICLES HANDLED    PARTICLES LEFT        OF BEAM PARTICLES     BY A BEAM PARTICLE     10000.0 SECONDS      CREATED
                                            THAT CAN STILL BE                           FOR PRINTOUT)
                                            HANDLED

 NEXT SEEDS:       0       0       0       0       0       0   181CD    3039       0       0
          1               9999999               9999999             2.6798248E-04         1.0000000E+30                 0       
 NEXT SEEDS:     5CD       0       0       0       0       0   181CD    3039       0       0
     200000               9800000               9800000             4.0572414E-04         1.0000000E+30              8027       
 NEXT SEEDS:13CBC532       0       0       0       0       0   181CD    3039       0       0
     400000               9600000               9600000             4.0373985E-04         1.0000000E+30             15943       
 NEXT SEEDS:27838C82       0       0       0       0       0   181CD    3039       0       0
     600000               9400000               9400000             4.3295657E-04         1.0000000E+30             24005       
 NEXT SEEDS:3B5C90F1       0       0       0       0       0   181CD    3039       0       0
     800000               9200000               9200000             4.6375715E-04         1.0000000E+30             32086       
 NEXT SEEDS:13931FD2       1       0       0       0       0   181CD    3039       0       0
    1000000               9000000               9000000             4.6796156E-04         1.0000000E+30             40018       
 NEXT SEEDS:275D362F       1       0       0       0       0   181CD    3039       0       0
    1200000               8800000               8800000             4.5309320E-04         1.0000000E+30             48006       
 NEXT SEEDS:3B2C4232       1       0       0       0       0   181CD    3039       0       0
    1400000               8600000               8600000             4.4683222E-04         1.0000000E+30             55952       
 NEXT SEEDS:13524C1D       2       0       0       0       0   181CD    3039       0       0
 COUSET, TXYZ:   1.00000000000559     -0.432221411548769      0.901767515166727    
    1600000               8400000               8400000             4.5768157E-04         1.0000000E+30             63826       
 NEXT SEEDS:270DA802       2       0       0       0       0   181CD    3039       0       0
    1800000               8200000               8200000             4.5083282E-04         1.0000000E+30             71772       
 NEXT SEEDS:3AC71F56       2       0       0       0       0   181CD    3039       0       0
    2000000               8000000               8000000             4.4465301E-04         1.0000000E+30             79656       
 NEXT SEEDS:12EC7516       3       0       0       0       0   181CD    3039       0       0
    2200000               7800000               7800000             4.4141526E-04         1.0000000E+30             87377       
 NEXT SEEDS:269520DB       3       0       0       0       0   181CD    3039       0       0
    2400000               7600000               7600000             4.5295000E-04         1.0000000E+30             95317       
 NEXT SEEDS:3A55F31A       3       0       0       0       0   181CD    3039       0       0
    2600000               7400000               7400000             4.6439868E-04         1.0000000E+30            103304       
 NEXT SEEDS:12819E46       4       0       0       0       0   181CD    3039       0       0
    2800000               7200000               7200000             4.7651203E-04         1.0000000E+30            111488       
 NEXT SEEDS:265812EE       4       0       0       0       0   181CD    3039       0       0
    3000000               7000000               7000000             4.8584360E-04         1.0000000E+30            119568       
 NEXT SEEDS:3A38DC70       4       0       0       0       0   181CD    3039       0       0
    3200000               6800000               6800000             4.8202028E-04         1.0000000E+30            127480       
 NEXT SEEDS:12590980       5       0       0       0       0   181CD    3039       0       0
    3400000               6600000               6600000             4.8619961E-04         1.0000000E+30            135346       
 NEXT SEEDS:2606BFAC       5       0       0       0       0   181CD    3039       0       0
    3600000               6400000               6400000             4.8198599E-04         1.0000000E+30            143396       
 NEXT SEEDS:39CA99DC       5       0       0       0       0   181CD    3039       0       0
    3800000               6200000               6200000             4.7821152E-04         1.0000000E+30            151314       
 NEXT SEEDS:11F413CD       6       0       0       0       0   181CD    3039       0       0
    4000000               6000000               6000000             4.7484507E-04         1.0000000E+30            159288       
 NEXT SEEDS:25B289CA       6       0       0       0       0   181CD    3039       0       0
    4200000               5800000               5800000             4.7106717E-04         1.0000000E+30            167206       
 NEXT SEEDS:396E74A8       6       0       0       0       0   181CD    3039       0       0
    4400000               5600000               5600000             4.6910141E-04         1.0000000E+30            175330       
 NEXT SEEDS:11AC5398       7       0       0       0       0   181CD    3039       0       0
    4600000               5400000               5400000             4.7201003E-04         1.0000000E+30            183349       
 NEXT SEEDS:2579F943       7       0       0       0       0   181CD    3039       0       0
    4800000               5200000               5200000             4.7899695E-04         1.0000000E+30            191266       
 NEXT SEEDS:39373AAD       7       0       0       0       0   181CD    3039       0       0
    5000000               5000000               5000000             4.8476451E-04         1.0000000E+30            199276       
 NEXT SEEDS:115A8CBB       8       0       0       0       0   181CD    3039       0       0
    5200000               4800000               4800000             4.9066421E-04         1.0000000E+30            207391       
 NEXT SEEDS:252D1738       8       0       0       0       0   181CD    3039       0       0
    5400000               4600000               4600000             4.8822723E-04         1.0000000E+30            215385       
 NEXT SEEDS:390AE1A8       8       0       0       0       0   181CD    3039       0       0
    5600000               4400000               4400000             4.8896533E-04         1.0000000E+30            223395       
 NEXT SEEDS:113383A5       9       0       0       0       0   181CD    3039       0       0
    5800000               4200000               4200000             4.9416088E-04         1.0000000E+30            231372       
 NEXT SEEDS:24F33BE5       9       0       0       0       0   181CD    3039       0       0
    6000000               4000000               4000000             4.9559563E-04         1.0000000E+30            239421       
 NEXT SEEDS:38D91CCB       9       0       0       0       0   181CD    3039       0       0
    6200000               3800000               3800000             4.9281416E-04         1.0000000E+30            247419       
 NEXT SEEDS:110F6C37       A       0       0       0       0   181CD    3039       0       0
    6400000               3600000               3600000             4.8965470E-04         1.0000000E+30            255370       
 NEXT SEEDS:24C6DBB2       A       0       0       0       0   181CD    3039       0       0
    6600000               3400000               3400000             4.9332269E-04         1.0000000E+30            263405       
 NEXT SEEDS:38810D55       A       0       0       0       0   181CD    3039       0       0
    6800000               3200000               3200000             4.9635527E-04         1.0000000E+30            271501       
 NEXT SEEDS:10BEFD92       B       0       0       0       0   181CD    3039       0       0
    7000000               3000000               3000000             5.0073086E-04         1.0000000E+30            279670       
 NEXT SEEDS:2491A389       B       0       0       0       0   181CD    3039       0       0
    7200000               2800000               2800000             5.0430699E-04         1.0000000E+30            287724       
 NEXT SEEDS:385ABBAB       B       0       0       0       0   181CD    3039       0       0
    7400000               2600000               2600000             5.0739361E-04         1.0000000E+30            295609       
 NEXT SEEDS:107995C0       C       0       0       0       0   181CD    3039       0       0
    7600000               2400000               2400000             5.0522195E-04         1.0000000E+30            303689       
 NEXT SEEDS:244B2A53       C       0       0       0       0   181CD    3039       0       0
    7800000               2200000               2200000             5.0264837E-04         1.0000000E+30            311614       
 NEXT SEEDS:380AA42E       C       0       0       0       0   181CD    3039       0       0
    8000000               2000000               2000000             5.0469279E-04         1.0000000E+30            319676       
 NEXT SEEDS:104D980D       D       0       0       0       0   181CD    3039       0       0
    8200000               1800000               1800000             5.0712733E-04         1.0000000E+30            327828       
 NEXT SEEDS:24304E3D       D       0       0       0       0   181CD    3039       0       0
    8400000               1600000               1600000             5.1015768E-04         1.0000000E+30            335794       
 NEXT SEEDS:3805E5CA       D       0       0       0       0   181CD    3039       0       0
    8600000               1400000               1400000             5.1303022E-04         1.0000000E+30            343909       
 NEXT SEEDS:104BECE5       E       0       0       0       0   181CD    3039       0       0
    8800000               1200000               1200000             5.1440744E-04         1.0000000E+30            351850       
 NEXT SEEDS:2411D988       E       0       0       0       0   181CD    3039       0       0
    9000000               1000000               1000000             5.1704360E-04         1.0000000E+30            359805       
 NEXT SEEDS:37E0BD95       E       0       0       0       0   181CD    3039       0       0
 COUSET, TXYZ:   1.00000000000925      0.390958928096843      0.920408124996662    
    9200000                800000                800000             5.1955235E-04         1.0000000E+30            367759       
 NEXT SEEDS:1009EBED       F       0       0       0       0   181CD    3039       0       0
    9400000                600000                600000             5.2196438E-04         1.0000000E+30            375639       
 NEXT SEEDS:23D64958       F       0       0       0       0   181CD    3039       0       0
 COUSET, TXYZ:   1.00000000001197     -0.572868477460956      0.819647306806715    
    9600000                400000                400000             5.2428678E-04         1.0000000E+30            383555       
 NEXT SEEDS:379DAD98       F       0       0       0       0   181CD    3039       0       0
    9800000                200000                200000             5.2650209E-04         1.0000000E+30            391505       
 NEXT SEEDS: FBE8EAA      10       0       0       0       0   181CD    3039       0       0
    9999950                    50                    50             5.2864667E-04         1.0000000E+30            399569       
 NEXT SEEDS:2386F757      10       0       0       0       0   181CD    3039       0       0
    9999951                    49                    49             5.2864666E-04         1.0000000E+30            399569       
 NEXT SEEDS:2386FCA9      10       0       0       0       0   181CD    3039       0       0
    9999952                    48                    48             5.2864671E-04         1.0000000E+30            399569       
 NEXT SEEDS:238704CB      10       0       0       0       0   181CD    3039       0       0
    9999953                    47                    47             5.2864670E-04         1.0000000E+30            399569       
 NEXT SEEDS:23870C6E      10       0       0       0       0   181CD    3039       0       0
    9999954                    46                    46             5.2864665E-04         1.0000000E+30            399569       
 NEXT SEEDS:2387112E      10       0       0       0       0   181CD    3039       0       0
    9999955                    45                    45             5.2864665E-04         1.0000000E+30            399569       
 NEXT SEEDS:23871382      10       0       0       0       0   181CD    3039       0       0
    9999956                    44                    44             5.2864664E-04         1.0000000E+30            399569       
 NEXT SEEDS:2387192F      10       0       0       0       0   181CD    3039       0       0
    9999957                    43                    43             5.2864664E-04         1.0000000E+30            399569       
 NEXT SEEDS:23871F0B      10       0       0       0       0   181CD    3039       0       0
    9999958                    42                    42             5.2864659E-04         1.0000000E+30            399569       
 NEXT SEEDS:238722E1      10       0       0       0       0   181CD    3039       0       0
    9999959                    41                    41             5.2864658E-04         1.0000000E+30            399569       
 NEXT SEEDS:23872A96      10       0       0       0       0   181CD    3039       0       0
    9999960                    40                    40             5.2864658E-04         1.0000000E+30            399569       
 NEXT SEEDS:23872F62      10       0       0       0       0   181CD    3039       0       0
    9999961                    39                    39             5.2864657E-04         1.0000000E+30            399569       
 NEXT SEEDS:238736B9      10       0       0       0       0   181CD    3039       0       0
    9999962                    38                    38             5.2864657E-04         1.0000000E+30            399569       
 NEXT SEEDS:23873B84      10       0       0       0       0   181CD    3039       0       0
    9999963                    37                    37             5.2864657E-04         1.0000000E+30            399569       
 NEXT SEEDS:238741CD      10       0       0       0       0   181CD    3039       0       0
    9999964                    36                    36             5.2864656E-04         1.0000000E+30            399569       
 NEXT SEEDS:23874A05      10       0       0       0       0   181CD    3039       0       0
    9999965                    35                    35             5.2864656E-04         1.0000000E+30            399569       
 NEXT SEEDS:2387513E      10       0       0       0       0   181CD    3039       0       0
    9999966                    34                    34             5.2864655E-04         1.0000000E+30            399569       
 NEXT SEEDS:238758A2      10       0       0       0       0   181CD    3039       0       0
    9999967                    33                    33             5.2864650E-04         1.0000000E+30            399569       
 NEXT SEEDS:23875DD9      10       0       0       0       0   181CD    3039       0       0
    9999968                    32                    32             5.2864650E-04         1.0000000E+30            399569       
 NEXT SEEDS:23876032      10       0       0       0       0   181CD    3039       0       0
    9999969                    31                    31             5.2864644E-04         1.0000000E+30            399569       
 NEXT SEEDS:238763C5      10       0       0       0       0   181CD    3039       0       0
    9999970                    30                    30             5.2864649E-04         1.0000000E+30            399569       
 NEXT SEEDS:23876C73      10       0       0       0       0   181CD    3039       0       0
    9999971                    29                    29             5.2864644E-04         1.0000000E+30            399569       
 NEXT SEEDS:23877387      10       0       0       0       0   181CD    3039       0       0
    9999972                    28                    28             5.2864643E-04         1.0000000E+30            399569       
 NEXT SEEDS:238777BB      10       0       0       0       0   181CD    3039       0       0
    9999973                    27                    27             5.2864638E-04         1.0000000E+30            399569       
 NEXT SEEDS:23877B6F      10       0       0       0       0   181CD    3039       0       0
    9999974                    26                    26             5.2864633E-04         1.0000000E+30            399569       
 NEXT SEEDS:23877FB0      10       0       0       0       0   181CD    3039       0       0
    9999975                    25                    25             5.2864627E-04         1.0000000E+30            399569       
 NEXT SEEDS:238782D2      10       0       0       0       0   181CD    3039       0       0
    9999976                    24                    24             5.2864622E-04         1.0000000E+30            399569       
 NEXT SEEDS:23878BB6      10       0       0       0       0   181CD    3039       0       0
    9999977                    23                    23             5.2864617E-04         1.0000000E+30            399569       
 NEXT SEEDS:23878EFE      10       0       0       0       0   181CD    3039       0       0
    9999978                    22                    22             5.2864611E-04         1.0000000E+30            399569       
 NEXT SEEDS:238790AC      10       0       0       0       0   181CD    3039       0       0
    9999979                    21                    21             5.2864606E-04         1.0000000E+30            399569       
 NEXT SEEDS:2387936F      10       0       0       0       0   181CD    3039       0       0
    9999980                    20                    20             5.2864601E-04         1.0000000E+30            399569       
 NEXT SEEDS:23879987      10       0       0       0       0   181CD    3039       0       0
    9999981                    19                    19             5.2864596E-04         1.0000000E+30            399569       
 NEXT SEEDS:23879EFA      10       0       0       0       0   181CD    3039       0       0
    9999982                    18                    18             5.2864590E-04         1.0000000E+30            399569       
 NEXT SEEDS:2387A567      10       0       0       0       0   181CD    3039       0       0
    9999983                    17                    17             5.2864585E-04         1.0000000E+30            399569       
 NEXT SEEDS:2387AF3B      10       0       0       0       0   181CD    3039       0       0
    9999984                    16                    16             5.2864585E-04         1.0000000E+30            399569       
 NEXT SEEDS:2387B329      10       0       0       0       0   181CD    3039       0       0
    9999985                    15                    15             5.2864584E-04         1.0000000E+30            399569       
 NEXT SEEDS:2387BA03      10       0       0       0       0   181CD    3039       0       0
    9999986                    14                    14             5.2864584E-04         1.0000000E+30            399569       
 NEXT SEEDS:2387C1C1      10       0       0       0       0   181CD    3039       0       0
    9999987                    13                    13             5.2864583E-04         1.0000000E+30            399569       
 NEXT SEEDS:2387CC29      10       0       0       0       0   181CD    3039       0       0
    9999988                    12                    12             5.2864583E-04         1.0000000E+30            399569       
 NEXT SEEDS:2387D28F      10       0       0       0       0   181CD    3039       0       0
    9999989                    11                    11             5.2864583E-04         1.0000000E+30            399569       
 NEXT SEEDS:2387D6DA      10       0       0       0       0   181CD    3039       0       0
    9999990                    10                    10             5.2864577E-04         1.0000000E+30            399569       
 NEXT SEEDS:2387D9EC      10       0       0       0       0   181CD    3039       0       0
    9999991                     9                     9             5.2864606E-04         1.0000000E+30            399570       
 NEXT SEEDS:23880FDA      10       0       0       0       0   181CD    3039       0       0
    9999992                     8                     8             5.2864601E-04         1.0000000E+30            399570       
 NEXT SEEDS:23881343      10       0       0       0       0   181CD    3039       0       0
    9999993                     7                     7             5.2864600E-04         1.0000000E+30            399570       
 NEXT SEEDS:23881610      10       0       0       0       0   181CD    3039       0       0
    9999994                     6                     6             5.2864600E-04         1.0000000E+30            399570       
 NEXT SEEDS:23881ADD      10       0       0       0       0   181CD    3039       0       0
    9999995                     5                     5             5.2864595E-04         1.0000000E+30            399570       
 NEXT SEEDS:23881F6A      10       0       0       0       0   181CD    3039       0       0
    9999996                     4                     4             5.2864594E-04         1.0000000E+30            399570       
 NEXT SEEDS:238825BD      10       0       0       0       0   181CD    3039       0       0
    9999997                     3                     3             5.2864594E-04         1.0000000E+30            399570       
 NEXT SEEDS:23882C09      10       0       0       0       0   181CD    3039       0       0
    9999998                     2                     2             5.2864594E-04         1.0000000E+30            399570       
 NEXT SEEDS:23882FB8      10       0       0       0       0   181CD    3039       0       0
    9999999                     1                     1             5.2864593E-04         1.0000000E+30            399570       
 NEXT SEEDS:238838CF      10       0       0       0       0   181CD    3039       0       0
   10000000                     0                     1             5.2864593E-04         1.0000000E+30            399570       
 NEXT SEEDS:23883D70      10       0       0       0       0   181CD    3039       0       0
