1NUMBER OF BEAM       NUMBER OF BEAM        APPROXIMATE NUMBER    AVERAGE TIME USED     TIME LEFT (RESERVED   NUMBER OF STARS
 PARTICLES HANDLED    PARTICLES LEFT        OF BEAM PARTICLES     BY A BEAM PARTICLE     10000.0 SECONDS      CREATED
                                            THAT CAN STILL BE                           FOR PRINTOUT)
                                            HANDLED

 NEXT SEEDS:       0       0       0       0       0       0   181CD    3039       0       0
          1              49999999              49999999             1.5997887E-04         1.0000000E+30                 0       
 NEXT SEEDS:     121       0       0       0       0       0   181CD    3039       0       0
    1000000              49000000              49000000             2.3505989E-04         1.0000000E+30             12566       
 NEXT SEEDS:2375C61F       0       0       0       0       0   181CD    3039       0       0
    2000000              48000000              48000000             2.3729157E-04         1.0000000E+30             25082       
 NEXT SEEDS: B39AD2D       1       0       0       0       0   181CD    3039       0       0
    3000000              47000000              47000000             2.4113989E-04         1.0000000E+30             37655       
 NEXT SEEDS:2EC85175       1       0       0       0       0   181CD    3039       0       0
    4000000              46000000              46000000             2.4258711E-04         1.0000000E+30             50249       
 NEXT SEEDS:16B5F236       2       0       0       0       0   181CD    3039       0       0
    5000000              45000000              45000000             2.3985869E-04         1.0000000E+30             62886       
 NEXT SEEDS:3A2E444A       2       0       0       0       0   181CD    3039       0       0
    6000000              44000000              44000000             2.3073914E-04         1.0000000E+30             75663       
 NEXT SEEDS:2212154A       3       0       0       0       0   181CD    3039       0       0
    7000000              43000000              43000000             2.2804663E-04         1.0000000E+30             88369       
 NEXT SEEDS: 9ED74FC       4       0       0       0       0   181CD    3039       0       0
    8000000              42000000              42000000             2.2379080E-04         1.0000000E+30            100972       
 NEXT SEEDS:2D4D4F3E       4       0       0       0       0   181CD    3039       0       0
 COUSET, TXYZ:  0.999999999990234     -2.021450109195951E-02  0.999795666086862    
    9000000              41000000              41000000             2.2325548E-04         1.0000000E+30            113832       
 NEXT SEEDS:15304C7C       5       0       0       0       0   181CD    3039       0       0
 COUSET, TXYZ:  0.999999999993581     -0.303980420794828      0.952678279253055    
   10000000              40000000              40000000             2.2031797E-04         1.0000000E+30            126712       
 NEXT SEEDS:38AC5B77       5       0       0       0       0   181CD    3039       0       0
 COUSET, TXYZ:   1.00000000002483      0.139021560233255      0.990289354602973    
   11000000              39000000              39000000             2.1846333E-04         1.0000000E+30            139331       
 NEXT SEEDS:20947008       6       0       0       0       0   181CD    3039       0       0
   12000000              38000000              38000000             2.1573865E-04         1.0000000E+30            152005       
 NEXT SEEDS: 87611FC       7       0       0       0       0   181CD    3039       0       0
   13000000              37000000              37000000             2.1703018E-04         1.0000000E+30            164820       
 NEXT SEEDS:2C02BA0F       7       0       0       0       0   181CD    3039       0       0
   14000000              36000000              36000000             2.1709365E-04         1.0000000E+30            177412       
 NEXT SEEDS:13CCE226       8       0       0       0       0   181CD    3039       0       0
   15000000              35000000              35000000             2.1886190E-04         1.0000000E+30            190092       
 NEXT SEEDS:3739E4E1       8       0       0       0       0   181CD    3039       0       0
 COUSET, TXYZ:   1.00000000000861     -0.999999467245271      1.032243375026032E-03
   16000000              34000000              34000000             2.1940732E-04         1.0000000E+30            202684       
 NEXT SEEDS:1F1DDF27       9       0       0       0       0   181CD    3039       0       0
   17000000              33000000              33000000             2.1953949E-04         1.0000000E+30            215535       
 NEXT SEEDS: 71AD0A9       A       0       0       0       0   181CD    3039       0       0
 COUSET, TXYZ:   1.00000000005224      0.640510584193408      0.767949341845351    
   18000000              32000000              32000000             2.2018175E-04         1.0000000E+30            228085       
 NEXT SEEDS:2A994E3D       A       0       0       0       0   181CD    3039       0       0
   19000000              31000000              31000000             2.2151304E-04         1.0000000E+30            240860       
 NEXT SEEDS:1271F0A1       B       0       0       0       0   181CD    3039       0       0
   20000000              30000000              30000000             2.2140592E-04         1.0000000E+30            253558       
 NEXT SEEDS:35FD7E03       B       0       0       0       0   181CD    3039       0       0
   21000000              29000000              29000000             2.1991942E-04         1.0000000E+30            266414       
 NEXT SEEDS:1DE43E13       C       0       0       0       0   181CD    3039       0       0
   22000000              28000000              28000000             2.1993913E-04         1.0000000E+30            279052       
 NEXT SEEDS: 5B032D0       D       0       0       0       0   181CD    3039       0       0
   23000000              27000000              27000000             2.2097294E-04         1.0000000E+30            291774       
 NEXT SEEDS:29302944       D       0       0       0       0   181CD    3039       0       0
   24000000              26000000              26000000             2.2107038E-04         1.0000000E+30            304366       
 NEXT SEEDS:111D9422       E       0       0       0       0   181CD    3039       0       0
   25000000              25000000              25000000             2.2129972E-04         1.0000000E+30            317123       
 NEXT SEEDS:34AA8464       E       0       0       0       0   181CD    3039       0       0
   26000000              24000000              24000000             2.2169846E-04         1.0000000E+30            329926       
 NEXT SEEDS:1CA5EB2A       F       0       0       0       0   181CD    3039       0       0
   27000000              23000000              23000000             2.2214214E-04         1.0000000E+30            342342       
 NEXT SEEDS: 4685D98      10       0       0       0       0   181CD    3039       0       0
   28000000              22000000              22000000             2.2259784E-04         1.0000000E+30            354984       
 NEXT SEEDS:27D220E1      10       0       0       0       0   181CD    3039       0       0
   29000000              21000000              21000000             2.2329321E-04         1.0000000E+30            367698       
 NEXT SEEDS: FAB5266      11       0       0       0       0   181CD    3039       0       0
 COUSET, TXYZ:  0.999999999992373     -0.893601966888081      0.448860250811429    
   30000000              20000000              20000000             2.2186531E-04         1.0000000E+30            380385       
 NEXT SEEDS:333BEE28      11       0       0       0       0   181CD    3039       0       0
 COUSET, TXYZ:   1.00000000000582     -0.999176883443421      4.056544840055577E-02
   31000000              19000000              19000000             2.2032958E-04         1.0000000E+30            393089       
 NEXT SEEDS:1B0F5253      12       0       0       0       0   181CD    3039       0       0
   32000000              18000000              18000000             2.2087247E-04         1.0000000E+30            406019       
 NEXT SEEDS: 2ED5698      13       0       0       0       0   181CD    3039       0       0
   33000000              17000000              17000000             2.2124993E-04         1.0000000E+30            418793       
 NEXT SEEDS:26730CEB      13       0       0       0       0   181CD    3039       0       0
   34000000              16000000              16000000             2.2056921E-04         1.0000000E+30            431476       
 NEXT SEEDS: E4F4423      14       0       0       0       0   181CD    3039       0       0
   35000000              15000000              15000000             2.2076445E-04         1.0000000E+30            444352       
 NEXT SEEDS:31D267BE      14       0       0       0       0   181CD    3039       0       0
   36000000              14000000              14000000             2.2068258E-04         1.0000000E+30            456825       
 NEXT SEEDS:19A22B97      15       0       0       0       0   181CD    3039       0       0
   37000000              13000000              13000000             2.2092102E-04         1.0000000E+30            469565       
 NEXT SEEDS: 16D8751      16       0       0       0       0   181CD    3039       0       0
   38000000              12000000              12000000             2.2073762E-04         1.0000000E+30            482241       
 NEXT SEEDS:24E16A44      16       0       0       0       0   181CD    3039       0       0
   39000000              11000000              11000000             2.1988159E-04         1.0000000E+30            494661       
 NEXT SEEDS: CB99FBD      17       0       0       0       0   181CD    3039       0       0
 COUSET, TXYZ:   1.00000000000903      0.315201725337146      0.949024695338610    
   40000000              10000000              10000000             2.2037803E-04         1.0000000E+30            507292       
 NEXT SEEDS:3028D397      17       0       0       0       0   181CD    3039       0       0
   41000000               9000000               9000000             2.2052849E-04         1.0000000E+30            519936       
 NEXT SEEDS:1819DC01      18       0       0       0       0   181CD    3039       0       0
   42000000               8000000               8000000             2.1992372E-04         1.0000000E+30            532607       
 NEXT SEEDS:  1D9341      19       0       0       0       0   181CD    3039       0       0
 COUSET, TXYZ:   1.00000000001739     -0.751855697645144      0.659327695424149    
   43000000               7000000               7000000             2.1904223E-04         1.0000000E+30            545355       
 NEXT SEEDS:238DFA90      19       0       0       0       0   181CD    3039       0       0
   44000000               6000000               6000000             2.1882267E-04         1.0000000E+30            558018       
 NEXT SEEDS: B6D54C3      1A       0       0       0       0   181CD    3039       0       0
 COUSET, TXYZ:  0.999999999990819      0.235638589999026      0.971840755929133    
   45000000               5000000               5000000             2.1832427E-04         1.0000000E+30            570706       
 NEXT SEEDS:2EEE8A50      1A       0       0       0       0   181CD    3039       0       0
   46000000               4000000               4000000             2.1814422E-04         1.0000000E+30            583450       
 NEXT SEEDS:16D3AD6C      1B       0       0       0       0   181CD    3039       0       0
   47000000               3000000               3000000             2.1853834E-04         1.0000000E+30            596084       
 NEXT SEEDS:3A4EDA58      1B       0       0       0       0   181CD    3039       0       0
   48000000               2000000               2000000             2.1830144E-04         1.0000000E+30            608879       
 NEXT SEEDS:222C3D19      1C       0       0       0       0   181CD    3039       0       0
   49000000               1000000               1000000             2.1842764E-04         1.0000000E+30            621751       
 NEXT SEEDS: A0EDA90      1D       0       0       0       0   181CD    3039       0       0
   49999950                    50                    50             2.1757157E-04         1.0000000E+30            634570       
 NEXT SEEDS:2D96ADB7      1D       0       0       0       0   181CD    3039       0       0
   49999951                    49                    49             2.1757157E-04         1.0000000E+30            634570       
 NEXT SEEDS:2D96B125      1D       0       0       0       0   181CD    3039       0       0
   49999952                    48                    48             2.1757156E-04         1.0000000E+30            634570       
 NEXT SEEDS:2D96B1AF      1D       0       0       0       0   181CD    3039       0       0
   49999953                    47                    47             2.1757158E-04         1.0000000E+30            634570       
 NEXT SEEDS:2D96B662      1D       0       0       0       0   181CD    3039       0       0
   49999954                    46                    46             2.1757159E-04         1.0000000E+30            634570       
 NEXT SEEDS:2D96B95F      1D       0       0       0       0   181CD    3039       0       0
   49999955                    45                    45             2.1757161E-04         1.0000000E+30            634570       
 NEXT SEEDS:2D96BA1E      1D       0       0       0       0   181CD    3039       0       0
   49999956                    44                    44             2.1757164E-04         1.0000000E+30            634570       
 NEXT SEEDS:2D96BE11      1D       0       0       0       0   181CD    3039       0       0
   49999957                    43                    43             2.1757166E-04         1.0000000E+30            634570       
 NEXT SEEDS:2D96C030      1D       0       0       0       0   181CD    3039       0       0
   49999958                    42                    42             2.1757167E-04         1.0000000E+30            634570       
 NEXT SEEDS:2D96C254      1D       0       0       0       0   181CD    3039       0       0
   49999959                    41                    41             2.1757169E-04         1.0000000E+30            634570       
 NEXT SEEDS:2D96C43F      1D       0       0       0       0   181CD    3039       0       0
   49999960                    40                    40             2.1757168E-04         1.0000000E+30            634570       
 NEXT SEEDS:2D96C543      1D       0       0       0       0   181CD    3039       0       0
   49999961                    39                    39             2.1757168E-04         1.0000000E+30            634570       
 NEXT SEEDS:2D96C650      1D       0       0       0       0   181CD    3039       0       0
   49999962                    38                    38             2.1757167E-04         1.0000000E+30            634570       
 NEXT SEEDS:2D96C8B1      1D       0       0       0       0   181CD    3039       0       0
   49999963                    37                    37             2.1757169E-04         1.0000000E+30            634570       
 NEXT SEEDS:2D96C9CD      1D       0       0       0       0   181CD    3039       0       0
   49999964                    36                    36             2.1757170E-04         1.0000000E+30            634570       
 NEXT SEEDS:2D96CB0B      1D       0       0       0       0   181CD    3039       0       0
   49999965                    35                    35             2.1757172E-04         1.0000000E+30            634570       
 NEXT SEEDS:2D96CDF8      1D       0       0       0       0   181CD    3039       0       0
   49999966                    34                    34             2.1757173E-04         1.0000000E+30            634570       
 NEXT SEEDS:2D96D09B      1D       0       0       0       0   181CD    3039       0       0
   49999967                    33                    33             2.1757175E-04         1.0000000E+30            634570       
 NEXT SEEDS:2D96D208      1D       0       0       0       0   181CD    3039       0       0
   49999968                    32                    32             2.1757177E-04         1.0000000E+30            634570       
 NEXT SEEDS:2D96D2F8      1D       0       0       0       0   181CD    3039       0       0
   49999969                    31                    31             2.1757180E-04         1.0000000E+30            634570       
 NEXT SEEDS:2D96D4D7      1D       0       0       0       0   181CD    3039       0       0
   49999970                    30                    30             2.1757182E-04         1.0000000E+30            634570       
 NEXT SEEDS:2D96D7AD      1D       0       0       0       0   181CD    3039       0       0
   49999971                    29                    29             2.1757183E-04         1.0000000E+30            634570       
 NEXT SEEDS:2D96D8FD      1D       0       0       0       0   181CD    3039       0       0
   49999972                    28                    28             2.1757187E-04         1.0000000E+30            634570       
 NEXT SEEDS:2D96DCF3      1D       0       0       0       0   181CD    3039       0       0
   49999973                    27                    27             2.1757188E-04         1.0000000E+30            634570       
 NEXT SEEDS:2D96DFE4      1D       0       0       0       0   181CD    3039       0       0
   49999974                    26                    26             2.1757190E-04         1.0000000E+30            634570       
 NEXT SEEDS:2D96E0FD      1D       0       0       0       0   181CD    3039       0       0
   49999975                    25                    25             2.1757191E-04         1.0000000E+30            634570       
 NEXT SEEDS:2D96E49D      1D       0       0       0       0   181CD    3039       0       0
   49999976                    24                    24             2.1757193E-04         1.0000000E+30            634570       
 NEXT SEEDS:2D96E60E      1D       0       0       0       0   181CD    3039       0       0
   49999977                    23                    23             2.1757196E-04         1.0000000E+30            634570       
 NEXT SEEDS:2D96E8E3      1D       0       0       0       0   181CD    3039       0       0
   49999978                    22                    22             2.1757198E-04         1.0000000E+30            634570       
 NEXT SEEDS:2D96E998      1D       0       0       0       0   181CD    3039       0       0
   49999979                    21                    21             2.1757201E-04         1.0000000E+30            634570       
 NEXT SEEDS:2D96EEE8      1D       0       0       0       0   181CD    3039       0       0
   49999980                    20                    20             2.1757203E-04         1.0000000E+30            634570       
 NEXT SEEDS:2D96F188      1D       0       0       0       0   181CD    3039       0       0
   49999981                    19                    19             2.1757204E-04         1.0000000E+30            634570       
 NEXT SEEDS:2D96F3D5      1D       0       0       0       0   181CD    3039       0       0
   49999982                    18                    18             2.1757206E-04         1.0000000E+30            634570       
 NEXT SEEDS:2D96F43D      1D       0       0       0       0   181CD    3039       0       0
   49999983                    17                    17             2.1757207E-04         1.0000000E+30            634570       
 NEXT SEEDS:2D96F625      1D       0       0       0       0   181CD    3039       0       0
   49999984                    16                    16             2.1757209E-04         1.0000000E+30            634570       
 NEXT SEEDS:2D96F7BF      1D       0       0       0       0   181CD    3039       0       0
   49999985                    15                    15             2.1757212E-04         1.0000000E+30            634570       
 NEXT SEEDS:2D96FBA1      1D       0       0       0       0   181CD    3039       0       0
   49999986                    14                    14             2.1757214E-04         1.0000000E+30            634570       
 NEXT SEEDS:2D96FC75      1D       0       0       0       0   181CD    3039       0       0
   49999987                    13                    13             2.1757215E-04         1.0000000E+30            634570       
 NEXT SEEDS:2D96FE94      1D       0       0       0       0   181CD    3039       0       0
   49999988                    12                    12             2.1757217E-04         1.0000000E+30            634570       
 NEXT SEEDS:2D96FF12      1D       0       0       0       0   181CD    3039       0       0
   49999989                    11                    11             2.1757218E-04         1.0000000E+30            634570       
 NEXT SEEDS:2D96FFEA      1D       0       0       0       0   181CD    3039       0       0
   49999990                    10                    10             2.1757220E-04         1.0000000E+30            634570       
 NEXT SEEDS:2D970247      1D       0       0       0       0   181CD    3039       0       0
   49999991                     9                     9             2.1757221E-04         1.0000000E+30            634570       
 NEXT SEEDS:2D97035C      1D       0       0       0       0   181CD    3039       0       0
   49999992                     8                     8             2.1757223E-04         1.0000000E+30            634570       
 NEXT SEEDS:2D9703D6      1D       0       0       0       0   181CD    3039       0       0
   49999993                     7                     7             2.1757224E-04         1.0000000E+30            634570       
 NEXT SEEDS:2D970458      1D       0       0       0       0   181CD    3039       0       0
   49999994                     6                     6             2.1757226E-04         1.0000000E+30            634570       
 NEXT SEEDS:2D9704DD      1D       0       0       0       0   181CD    3039       0       0
   49999995                     5                     5             2.1757225E-04         1.0000000E+30            634570       
 NEXT SEEDS:2D9704FC      1D       0       0       0       0   181CD    3039       0       0
   49999996                     4                     4             2.1757225E-04         1.0000000E+30            634570       
 NEXT SEEDS:2D9707AE      1D       0       0       0       0   181CD    3039       0       0
   49999997                     3                     3             2.1757224E-04         1.0000000E+30            634570       
 NEXT SEEDS:2D970829      1D       0       0       0       0   181CD    3039       0       0
   49999998                     2                     2             2.1757224E-04         1.0000000E+30            634570       
 NEXT SEEDS:2D970A47      1D       0       0       0       0   181CD    3039       0       0
   49999999                     1                     1             2.1757226E-04         1.0000000E+30            634570       
 NEXT SEEDS:2D970C8E      1D       0       0       0       0   181CD    3039       0       0
   50000000                     0                     1             2.1757227E-04         1.0000000E+30            634570       
 NEXT SEEDS:2D970EB4      1D       0       0       0       0   181CD    3039       0       0
