1NUMBER OF BEAM       NUMBER OF BEAM        APPROXIMATE NUMBER    AVERAGE TIME USED     TIME LEFT (RESERVED   NUMBER OF STARS
 PARTICLES HANDLED    PARTICLES LEFT        OF BEAM PARTICLES     BY A BEAM PARTICLE     10000.0 SECONDS      CREATED
                                            THAT CAN STILL BE                           FOR PRINTOUT)
                                            HANDLED

 NEXT SEEDS:       0       0       0       0       0       0   181CD    3039       0       0
          1               9999999               9999999             7.1716309E-04         1.0000000E+30                 0       
 NEXT SEEDS:     A4D       0       0       0       0       0   181CD    3039       0       0
     200000               9800000               9800000             1.3874722E-03         1.0000000E+30             13418       
 NEXT SEEDS:27B88475       0       0       0       0       0   181CD    3039       0       0
 COUSET, TXYZ:   1.00000000001627      0.535945794009898      0.844252394675692    
     400000               9600000               9600000             1.4301153E-03         1.0000000E+30             26714       
 NEXT SEEDS:13D52522       1       0       0       0       0   181CD    3039       0       0
     600000               9400000               9400000             1.3934590E-03         1.0000000E+30             40096       
 NEXT SEEDS:3B92EC97       1       0       0       0       0   181CD    3039       0       0
     800000               9200000               9200000             1.3253847E-03         1.0000000E+30             53669       
 NEXT SEEDS:27BF222A       2       0       0       0       0   181CD    3039       0       0
    1000000               9000000               9000000             1.2544990E-03         1.0000000E+30             67177       
 NEXT SEEDS:13E36A1E       3       0       0       0       0   181CD    3039       0       0
    1200000               8800000               8800000             1.2542926E-03         1.0000000E+30             80642       
 NEXT SEEDS:   6BE09       4       0       0       0       0   181CD    3039       0       0
    1400000               8600000               8600000             1.2863374E-03         1.0000000E+30             94125       
 NEXT SEEDS:27CA54A9       4       0       0       0       0   181CD    3039       0       0
    1600000               8400000               8400000             1.2994422E-03         1.0000000E+30            107637       
 NEXT SEEDS:13E504E3       5       0       0       0       0   181CD    3039       0       0
    1800000               8200000               8200000             1.3049023E-03         1.0000000E+30            120898       
 NEXT SEEDS:3B90A0E0       5       0       0       0       0   181CD    3039       0       0
    2000000               8000000               8000000             1.3232346E-03         1.0000000E+30            134277       
 NEXT SEEDS:27A51C8C       6       0       0       0       0   181CD    3039       0       0
    2200000               7800000               7800000             1.3513608E-03         1.0000000E+30            147601       
 NEXT SEEDS:13BFFD0C       7       0       0       0       0   181CD    3039       0       0
    2400000               7600000               7600000             1.3496891E-03         1.0000000E+30            161122       
 NEXT SEEDS:3B73AEF7       7       0       0       0       0   181CD    3039       0       0
    2600000               7400000               7400000             1.3504153E-03         1.0000000E+30            174434       
 NEXT SEEDS:277ADD1C       8       0       0       0       0   181CD    3039       0       0
    2800000               7200000               7200000             1.3533732E-03         1.0000000E+30            187807       
 NEXT SEEDS:1391B8C1       9       0       0       0       0   181CD    3039       0       0
    3000000               7000000               7000000             1.3559061E-03         1.0000000E+30            201119       
 NEXT SEEDS:3B4AC8CE       9       0       0       0       0   181CD    3039       0       0
    3200000               6800000               6800000             1.3554583E-03         1.0000000E+30            214507       
 NEXT SEEDS:2760B04D       A       0       0       0       0   181CD    3039       0       0
    3400000               6600000               6600000             1.3228699E-03         1.0000000E+30            227980       
 NEXT SEEDS:1387AA63       B       0       0       0       0   181CD    3039       0       0
    3600000               6400000               6400000             1.2932320E-03         1.0000000E+30            241261       
 NEXT SEEDS:3B1F54AD       B       0       0       0       0   181CD    3039       0       0
    3800000               6200000               6200000             1.2676535E-03         1.0000000E+30            254573       
 NEXT SEEDS:272F30EE       C       0       0       0       0   181CD    3039       0       0
    4000000               6000000               6000000             1.2438774E-03         1.0000000E+30            267842       
 NEXT SEEDS:133B779A       D       0       0       0       0   181CD    3039       0       0
    4200000               5800000               5800000             1.2216736E-03         1.0000000E+30            281312       
 NEXT SEEDS:3AEFF80E       D       0       0       0       0   181CD    3039       0       0
    4400000               5600000               5600000             1.2026024E-03         1.0000000E+30            294650       
 NEXT SEEDS:270C5523       E       0       0       0       0   181CD    3039       0       0
    4600000               5400000               5400000             1.1853263E-03         1.0000000E+30            308183       
 NEXT SEEDS:1330901E       F       0       0       0       0   181CD    3039       0       0
    4800000               5200000               5200000             1.1697590E-03         1.0000000E+30            321727       
 NEXT SEEDS:3B0078AB       F       0       0       0       0   181CD    3039       0       0
    5000000               5000000               5000000             1.1552661E-03         1.0000000E+30            335116       
 NEXT SEEDS:2727ED78      10       0       0       0       0   181CD    3039       0       0
    5200000               4800000               4800000             1.1411583E-03         1.0000000E+30            348402       
 NEXT SEEDS:133CE73A      11       0       0       0       0   181CD    3039       0       0
    5400000               4600000               4600000             1.1287286E-03         1.0000000E+30            361863       
 NEXT SEEDS:3AFCCB6C      11       0       0       0       0   181CD    3039       0       0
    5600000               4400000               4400000             1.1165909E-03         1.0000000E+30            375129       
 NEXT SEEDS:27141270      12       0       0       0       0   181CD    3039       0       0
    5800000               4200000               4200000             1.1059500E-03         1.0000000E+30            388538       
 NEXT SEEDS:132EF32A      13       0       0       0       0   181CD    3039       0       0
    6000000               4000000               4000000             1.0954781E-03         1.0000000E+30            402031       
 NEXT SEEDS:3AE94AC2      13       0       0       0       0   181CD    3039       0       0
    6200000               3800000               3800000             1.0861576E-03         1.0000000E+30            415475       
 NEXT SEEDS:2705757A      14       0       0       0       0   181CD    3039       0       0
    6400000               3600000               3600000             1.0770483E-03         1.0000000E+30            429016       
 NEXT SEEDS:1326DC15      15       0       0       0       0   181CD    3039       0       0
    6600000               3400000               3400000             1.0691789E-03         1.0000000E+30            442549       
 NEXT SEEDS:3AE20D47      15       0       0       0       0   181CD    3039       0       0
    6800000               3200000               3200000             1.0609132E-03         1.0000000E+30            455854       
 NEXT SEEDS:26EE1DAE      16       0       0       0       0   181CD    3039       0       0
 COUSET, TXYZ:  0.999999999990266      0.171443040356547      0.985194033626796    
    7000000               3000000               3000000             1.0536096E-03         1.0000000E+30            469229       
 NEXT SEEDS:1309719C      17       0       0       0       0   181CD    3039       0       0
    7200000               2800000               2800000             1.0463057E-03         1.0000000E+30            482594       
 NEXT SEEDS:3AB82031      17       0       0       0       0   181CD    3039       0       0
    7400000               2600000               2600000             1.0398350E-03         1.0000000E+30            496214       
 NEXT SEEDS:26E86531      18       0       0       0       0   181CD    3039       0       0
    7600000               2400000               2400000             1.0332343E-03         1.0000000E+30            509526       
 NEXT SEEDS:13044698      19       0       0       0       0   181CD    3039       0       0
    7800000               2200000               2200000             1.0277951E-03         1.0000000E+30            522964       
 NEXT SEEDS:3AC00F6E      19       0       0       0       0   181CD    3039       0       0
    8000000               2000000               2000000             1.0218377E-03         1.0000000E+30            536499       
 NEXT SEEDS:26E39048      1A       0       0       0       0   181CD    3039       0       0
    8200000               1800000               1800000             1.0165390E-03         1.0000000E+30            549881       
 NEXT SEEDS:130A26D3      1B       0       0       0       0   181CD    3039       0       0
    8400000               1600000               1600000             1.0115477E-03         1.0000000E+30            563435       
 NEXT SEEDS:3ACF127E      1B       0       0       0       0   181CD    3039       0       0
    8600000               1400000               1400000             1.0063085E-03         1.0000000E+30            576922       
 NEXT SEEDS:26FDCAD8      1C       0       0       0       0   181CD    3039       0       0
    8800000               1200000               1200000             1.0019528E-03         1.0000000E+30            590179       
 NEXT SEEDS:131A0CAA      1D       0       0       0       0   181CD    3039       0       0
    9000000               1000000               1000000             9.9725259E-04         1.0000000E+30            603681       
 NEXT SEEDS:3ACCC6F6      1D       0       0       0       0   181CD    3039       0       0
    9200000                800000                800000             9.9269944E-04         1.0000000E+30            617110       
 NEXT SEEDS:26EEA9A0      1E       0       0       0       0   181CD    3039       0       0
    9400000                600000                600000             9.8869846E-04         1.0000000E+30            630552       
 NEXT SEEDS:13088CEE      1F       0       0       0       0   181CD    3039       0       0
    9600000                400000                400000             9.8437590E-04         1.0000000E+30            644211       
 NEXT SEEDS:3AD48CB0      1F       0       0       0       0   181CD    3039       0       0
    9800000                200000                200000             9.8056081E-04         1.0000000E+30            657509       
 NEXT SEEDS:26ED188A      20       0       0       0       0   181CD    3039       0       0
 COUSET, TXYZ:   1.00000000031156      0.746280241812619      0.665631881225067    
    9999950                    50                    50             9.7633895E-04         1.0000000E+30            670928       
 NEXT SEEDS:13107782      21       0       0       0       0   181CD    3039       0       0
    9999951                    49                    49             9.7633915E-04         1.0000000E+30            670928       
 NEXT SEEDS:13108385      21       0       0       0       0   181CD    3039       0       0
    9999952                    48                    48             9.7633924E-04         1.0000000E+30            670928       
 NEXT SEEDS:13108DAD      21       0       0       0       0   181CD    3039       0       0
    9999953                    47                    47             9.7633934E-04         1.0000000E+30            670928       
 NEXT SEEDS:131098B6      21       0       0       0       0   181CD    3039       0       0
    9999954                    46                    46             9.7633944E-04         1.0000000E+30            670928       
 NEXT SEEDS:1310A4BB      21       0       0       0       0   181CD    3039       0       0
    9999955                    45                    45             9.7633963E-04         1.0000000E+30            670928       
 NEXT SEEDS:1310B019      21       0       0       0       0   181CD    3039       0       0
    9999956                    44                    44             9.7633973E-04         1.0000000E+30            670928       
 NEXT SEEDS:1310BE11      21       0       0       0       0   181CD    3039       0       0
    9999957                    43                    43             9.7633993E-04         1.0000000E+30            670929       
 NEXT SEEDS:1310CB7C      21       0       0       0       0   181CD    3039       0       0
    9999958                    42                    42             9.7634002E-04         1.0000000E+30            670929       
 NEXT SEEDS:1310D6E4      21       0       0       0       0   181CD    3039       0       0
    9999959                    41                    41             9.7634022E-04         1.0000000E+30            670929       
 NEXT SEEDS:1310E3FA      21       0       0       0       0   181CD    3039       0       0
    9999960                    40                    40             9.7634032E-04         1.0000000E+30            670929       
 NEXT SEEDS:1310F455      21       0       0       0       0   181CD    3039       0       0
    9999961                    39                    39             9.7634081E-04         1.0000000E+30            670930       
 NEXT SEEDS:13111806      21       0       0       0       0   181CD    3039       0       0
    9999962                    38                    38             9.7634090E-04         1.0000000E+30            670930       
 NEXT SEEDS:13112398      21       0       0       0       0   181CD    3039       0       0
    9999963                    37                    37             9.7634100E-04         1.0000000E+30            670930       
 NEXT SEEDS:13112F1C      21       0       0       0       0   181CD    3039       0       0
    9999964                    36                    36             9.7634120E-04         1.0000000E+30            670930       
 NEXT SEEDS:13113BA2      21       0       0       0       0   181CD    3039       0       0
    9999965                    35                    35             9.7634129E-04         1.0000000E+30            670930       
 NEXT SEEDS:131147EB      21       0       0       0       0   181CD    3039       0       0
    9999966                    34                    34             9.7634159E-04         1.0000000E+30            670930       
 NEXT SEEDS:13115317      21       0       0       0       0   181CD    3039       0       0
    9999967                    33                    33             9.7634178E-04         1.0000000E+30            670930       
 NEXT SEEDS:13115E09      21       0       0       0       0   181CD    3039       0       0
    9999968                    32                    32             9.7634208E-04         1.0000000E+30            670931       
 NEXT SEEDS:13117791      21       0       0       0       0   181CD    3039       0       0
    9999969                    31                    31             9.7634217E-04         1.0000000E+30            670931       
 NEXT SEEDS:13118265      21       0       0       0       0   181CD    3039       0       0
    9999970                    30                    30             9.7634227E-04         1.0000000E+30            670931       
 NEXT SEEDS:13118F7A      21       0       0       0       0   181CD    3039       0       0
    9999971                    29                    29             9.7634286E-04         1.0000000E+30            670932       
 NEXT SEEDS:1311B516      21       0       0       0       0   181CD    3039       0       0
    9999972                    28                    28             9.7634276E-04         1.0000000E+30            670932       
 NEXT SEEDS:1311C0E5      21       0       0       0       0   181CD    3039       0       0
    9999973                    27                    27             9.7634266E-04         1.0000000E+30            670932       
 NEXT SEEDS:1311CC07      21       0       0       0       0   181CD    3039       0       0
    9999974                    26                    26             9.7634276E-04         1.0000000E+30            670932       
 NEXT SEEDS:1311D808      21       0       0       0       0   181CD    3039       0       0
    9999975                    25                    25             9.7634295E-04         1.0000000E+30            670932       
 NEXT SEEDS:1311E312      21       0       0       0       0   181CD    3039       0       0
    9999976                    24                    24             9.7634305E-04         1.0000000E+30            670932       
 NEXT SEEDS:1311ED82      21       0       0       0       0   181CD    3039       0       0
    9999977                    23                    23             9.7634315E-04         1.0000000E+30            670932       
 NEXT SEEDS:1311F833      21       0       0       0       0   181CD    3039       0       0
    9999978                    22                    22             9.7634325E-04         1.0000000E+30            670932       
 NEXT SEEDS:1312038E      21       0       0       0       0   181CD    3039       0       0
    9999979                    21                    21             9.7634335E-04         1.0000000E+30            670932       
 NEXT SEEDS:13120DF1      21       0       0       0       0   181CD    3039       0       0
    9999980                    20                    20             9.7634344E-04         1.0000000E+30            670932       
 NEXT SEEDS:13121960      21       0       0       0       0   181CD    3039       0       0
    9999981                    19                    19             9.7634364E-04         1.0000000E+30            670932       
 NEXT SEEDS:1312248B      21       0       0       0       0   181CD    3039       0       0
    9999982                    18                    18             9.7634374E-04         1.0000000E+30            670932       
 NEXT SEEDS:13122FC3      21       0       0       0       0   181CD    3039       0       0
    9999983                    17                    17             9.7634393E-04         1.0000000E+30            670932       
 NEXT SEEDS:13123B35      21       0       0       0       0   181CD    3039       0       0
    9999984                    16                    16             9.7634422E-04         1.0000000E+30            670932       
 NEXT SEEDS:13124692      21       0       0       0       0   181CD    3039       0       0
    9999985                    15                    15             9.7634432E-04         1.0000000E+30            670932       
 NEXT SEEDS:13125128      21       0       0       0       0   181CD    3039       0       0
    9999986                    14                    14             9.7634452E-04         1.0000000E+30            670932       
 NEXT SEEDS:13125C65      21       0       0       0       0   181CD    3039       0       0
    9999987                    13                    13             9.7634462E-04         1.0000000E+30            670932       
 NEXT SEEDS:131266E1      21       0       0       0       0   181CD    3039       0       0
    9999988                    12                    12             9.7634471E-04         1.0000000E+30            670932       
 NEXT SEEDS:13127147      21       0       0       0       0   181CD    3039       0       0
    9999989                    11                    11             9.7634491E-04         1.0000000E+30            670932       
 NEXT SEEDS:13127BD1      21       0       0       0       0   181CD    3039       0       0
    9999990                    10                    10             9.7634501E-04         1.0000000E+30            670932       
 NEXT SEEDS:131286ED      21       0       0       0       0   181CD    3039       0       0
    9999991                     9                     9             9.7634510E-04         1.0000000E+30            670932       
 NEXT SEEDS:13128AEE      21       0       0       0       0   181CD    3039       0       0
    9999992                     8                     8             9.7634520E-04         1.0000000E+30            670932       
 NEXT SEEDS:1312969A      21       0       0       0       0   181CD    3039       0       0
    9999993                     7                     7             9.7634540E-04         1.0000000E+30            670932       
 NEXT SEEDS:1312A2AC      21       0       0       0       0   181CD    3039       0       0
    9999994                     6                     6             9.7634559E-04         1.0000000E+30            670932       
 NEXT SEEDS:1312B3B0      21       0       0       0       0   181CD    3039       0       0
    9999995                     5                     5             9.7634579E-04         1.0000000E+30            670932       
 NEXT SEEDS:1312C099      21       0       0       0       0   181CD    3039       0       0
    9999996                     4                     4             9.7634588E-04         1.0000000E+30            670932       
 NEXT SEEDS:1312CC45      21       0       0       0       0   181CD    3039       0       0
    9999997                     3                     3             9.7634598E-04         1.0000000E+30            670932       
 NEXT SEEDS:1312D85B      21       0       0       0       0   181CD    3039       0       0
    9999998                     2                     2             9.7634608E-04         1.0000000E+30            670932       
 NEXT SEEDS:1312E2CE      21       0       0       0       0   181CD    3039       0       0
    9999999                     1                     1             9.7634628E-04         1.0000000E+30            670932       
 NEXT SEEDS:1312ED9C      21       0       0       0       0   181CD    3039       0       0
   10000000                     0                     1             9.7634637E-04         1.0000000E+30            670932       
 NEXT SEEDS:1312F7D4      21       0       0       0       0   181CD    3039       0       0
