1NUMBER OF BEAM       NUMBER OF BEAM        APPROXIMATE NUMBER    AVERAGE TIME USED     TIME LEFT (RESERVED   NUMBER OF STARS
 PARTICLES HANDLED    PARTICLES LEFT        OF BEAM PARTICLES     BY A BEAM PARTICLE     10000.0 SECONDS      CREATED
                                            THAT CAN STILL BE                           FOR PRINTOUT)
                                            HANDLED

 NEXT SEEDS:       0       0       0       0       0       0   181CD    3039       0       0
          1                999999                999999             5.9890747E-04         1.0000000E+30                 0       
 NEXT SEEDS:     A71       0       0       0       0       0   181CD    3039       0       0
      20000                980000                980000             1.0316126E-03         1.0000000E+30               558       
 NEXT SEEDS: 33015D4       0       0       0       0       0   181CD    3039       0       0
      40000                960000                960000             1.0388052E-03         1.0000000E+30              1113       
 NEXT SEEDS: 65EFF39       0       0       0       0       0   181CD    3039       0       0
      60000                940000                940000             1.1130049E-03         1.0000000E+30              1669       
 NEXT SEEDS: 98EB19B       0       0       0       0       0   181CD    3039       0       0
      80000                920000                920000             1.0898189E-03         1.0000000E+30              2256       
 NEXT SEEDS: CC0D438       0       0       0       0       0   181CD    3039       0       0
     100000                900000                900000             1.0735570E-03         1.0000000E+30              2800       
 NEXT SEEDS: FEFBEB7       0       0       0       0       0   181CD    3039       0       0
     120000                880000                880000             1.0743124E-03         1.0000000E+30              3336       
 NEXT SEEDS:131DB35C       0       0       0       0       0   181CD    3039       0       0
     140000                860000                860000             1.0953365E-03         1.0000000E+30              3890       
 NEXT SEEDS:164C2983       0       0       0       0       0   181CD    3039       0       0
     160000                840000                840000             1.0851340E-03         1.0000000E+30              4499       
 NEXT SEEDS:198031B4       0       0       0       0       0   181CD    3039       0       0
     180000                820000                820000             1.0744221E-03         1.0000000E+30              5059       
 NEXT SEEDS:1CAD2F06       0       0       0       0       0   181CD    3039       0       0
     200000                800000                800000             1.0779180E-03         1.0000000E+30              5563       
 NEXT SEEDS:1FDB2EC9       0       0       0       0       0   181CD    3039       0       0
     220000                780000                780000             1.0713152E-03         1.0000000E+30              6098       
 NEXT SEEDS:230B2088       0       0       0       0       0   181CD    3039       0       0
     240000                760000                760000             1.0653782E-03         1.0000000E+30              6633       
 NEXT SEEDS:26384B5D       0       0       0       0       0   181CD    3039       0       0
     260000                740000                740000             1.0657930E-03         1.0000000E+30              7198       
 NEXT SEEDS:29671273       0       0       0       0       0   181CD    3039       0       0
     280000                720000                720000             1.0759724E-03         1.0000000E+30              7744       
 NEXT SEEDS:2C968061       0       0       0       0       0   181CD    3039       0       0
     300000                700000                700000             1.0719076E-03         1.0000000E+30              8306       
 NEXT SEEDS:2FC5B853       0       0       0       0       0   181CD    3039       0       0
     320000                680000                680000             1.0680438E-03         1.0000000E+30              8869       
 NEXT SEEDS:32F399D6       0       0       0       0       0   181CD    3039       0       0
     340000                660000                660000             1.0648982E-03         1.0000000E+30              9425       
 NEXT SEEDS:3623C1E0       0       0       0       0       0   181CD    3039       0       0
     360000                640000                640000             1.0696708E-03         1.0000000E+30              9999       
 NEXT SEEDS:3950B963       0       0       0       0       0   181CD    3039       0       0
     380000                620000                620000             1.0676368E-03         1.0000000E+30             10551       
 NEXT SEEDS:  E7929E       1       0       0       0       0   181CD    3039       0       0
     400000                600000                600000             1.0647911E-03         1.0000000E+30             11066       
 NEXT SEEDS: 4129059       1       0       0       0       0   181CD    3039       0       0
     420000                580000                580000             1.0627062E-03         1.0000000E+30             11614       
 NEXT SEEDS: 73FEAEE       1       0       0       0       0   181CD    3039       0       0
     440000                560000                560000             1.0656422E-03         1.0000000E+30             12182       
 NEXT SEEDS: A702C7C       1       0       0       0       0   181CD    3039       0       0
     460000                540000                540000             1.0707537E-03         1.0000000E+30             12798       
 NEXT SEEDS: DA3C729       1       0       0       0       0   181CD    3039       0       0
     480000                520000                520000             1.0685253E-03         1.0000000E+30             13346       
 NEXT SEEDS:10D408D8       1       0       0       0       0   181CD    3039       0       0
     500000                500000                500000             1.0662691E-03         1.0000000E+30             13908       
 NEXT SEEDS:140236E9       1       0       0       0       0   181CD    3039       0       0
     520000                480000                480000             1.0639680E-03         1.0000000E+30             14473       
 NEXT SEEDS:1731D07D       1       0       0       0       0   181CD    3039       0       0
     540000                460000                460000             1.0670673E-03         1.0000000E+30             15046       
 NEXT SEEDS:1A63DCD6       1       0       0       0       0   181CD    3039       0       0
     560000                440000                440000             1.0654103E-03         1.0000000E+30             15591       
 NEXT SEEDS:1D93ECF2       1       0       0       0       0   181CD    3039       0       0
     580000                420000                420000             1.0640039E-03         1.0000000E+30             16137       
 NEXT SEEDS:20C517E3       1       0       0       0       0   181CD    3039       0       0
     600000                400000                400000             1.0619408E-03         1.0000000E+30             16670       
 NEXT SEEDS:23F19279       1       0       0       0       0   181CD    3039       0       0
     620000                380000                380000             1.0652330E-03         1.0000000E+30             17212       
 NEXT SEEDS:271EA58C       1       0       0       0       0   181CD    3039       0       0
     640000                360000                360000             1.0669069E-03         1.0000000E+30             17752       
 NEXT SEEDS:2A4F23D4       1       0       0       0       0   181CD    3039       0       0
     660000                340000                340000             1.0655377E-03         1.0000000E+30             18296       
 NEXT SEEDS:2D7FAD85       1       0       0       0       0   181CD    3039       0       0
     680000                320000                320000             1.0645661E-03         1.0000000E+30             18833       
 NEXT SEEDS:30A9A49F       1       0       0       0       0   181CD    3039       0       0
     700000                300000                300000             1.0640181E-03         1.0000000E+30             19357       
 NEXT SEEDS:33D81E92       1       0       0       0       0   181CD    3039       0       0
     720000                280000                280000             1.0689998E-03         1.0000000E+30             19919       
 NEXT SEEDS:3709FB11       1       0       0       0       0   181CD    3039       0       0
     740000                260000                260000             1.0716694E-03         1.0000000E+30             20479       
 NEXT SEEDS:3A3886B1       1       0       0       0       0   181CD    3039       0       0
     760000                240000                240000             1.0703442E-03         1.0000000E+30             21027       
 NEXT SEEDS: 1CAF149       2       0       0       0       0   181CD    3039       0       0
     780000                220000                220000             1.0696598E-03         1.0000000E+30             21621       
 NEXT SEEDS: 4FA929F       2       0       0       0       0   181CD    3039       0       0
     800000                200000                200000             1.0690462E-03         1.0000000E+30             22151       
 NEXT SEEDS: 8287966       2       0       0       0       0   181CD    3039       0       0
     820000                180000                180000             1.0707803E-03         1.0000000E+30             22697       
 NEXT SEEDS: B5676C1       2       0       0       0       0   181CD    3039       0       0
     840000                160000                160000             1.0717054E-03         1.0000000E+30             23242       
 NEXT SEEDS: E8733B8       2       0       0       0       0   181CD    3039       0       0
     860000                140000                140000             1.0748385E-03         1.0000000E+30             23827       
 NEXT SEEDS:11B78D0C       2       0       0       0       0   181CD    3039       0       0
     880000                120000                120000             1.0741912E-03         1.0000000E+30             24376       
 NEXT SEEDS:14E50742       2       0       0       0       0   181CD    3039       0       0
     900000                100000                100000             1.0735898E-03         1.0000000E+30             24962       
 NEXT SEEDS:18145AA6       2       0       0       0       0   181CD    3039       0       0
     920000                 80000                 80000             1.0729974E-03         1.0000000E+30             25492       
 NEXT SEEDS:1B3E99E8       2       0       0       0       0   181CD    3039       0       0
     940000                 60000                 60000             1.0754851E-03         1.0000000E+30             26028       
 NEXT SEEDS:1E6D7231       2       0       0       0       0   181CD    3039       0       0
     960000                 40000                 40000             1.0736763E-03         1.0000000E+30             26568       
 NEXT SEEDS:2199C5D7       2       0       0       0       0   181CD    3039       0       0
     980000                 20000                 20000             1.0721531E-03         1.0000000E+30             27132       
 NEXT SEEDS:24C889E9       2       0       0       0       0   181CD    3039       0       0
     999950                    50                    50             1.0716535E-03         1.0000000E+30             27693       
 NEXT SEEDS:27F5F99F       2       0       0       0       0   181CD    3039       0       0
     999951                    49                    49             1.0716559E-03         1.0000000E+30             27693       
 NEXT SEEDS:27F6036F       2       0       0       0       0   181CD    3039       0       0
     999952                    48                    48             1.0716581E-03         1.0000000E+30             27693       
 NEXT SEEDS:27F60D51       2       0       0       0       0   181CD    3039       0       0
     999953                    47                    47             1.0716603E-03         1.0000000E+30             27693       
 NEXT SEEDS:27F6175B       2       0       0       0       0   181CD    3039       0       0
     999954                    46                    46             1.0716624E-03         1.0000000E+30             27693       
 NEXT SEEDS:27F62138       2       0       0       0       0   181CD    3039       0       0
     999955                    45                    45             1.0716613E-03         1.0000000E+30             27693       
 NEXT SEEDS:27F62B1A       2       0       0       0       0   181CD    3039       0       0
     999956                    44                    44             1.0716627E-03         1.0000000E+30             27693       
 NEXT SEEDS:27F634F7       2       0       0       0       0   181CD    3039       0       0
     999957                    43                    43             1.0716649E-03         1.0000000E+30             27693       
 NEXT SEEDS:27F63E2C       2       0       0       0       0   181CD    3039       0       0
     999958                    42                    42             1.0716670E-03         1.0000000E+30             27693       
 NEXT SEEDS:27F647E4       2       0       0       0       0   181CD    3039       0       0
     999959                    41                    41             1.0716691E-03         1.0000000E+30             27693       
 NEXT SEEDS:27F65232       2       0       0       0       0   181CD    3039       0       0
     999960                    40                    40             1.0716681E-03         1.0000000E+30             27693       
 NEXT SEEDS:27F65BDD       2       0       0       0       0   181CD    3039       0       0
     999961                    39                    39             1.0716694E-03         1.0000000E+30             27693       
 NEXT SEEDS:27F66557       2       0       0       0       0   181CD    3039       0       0
     999962                    38                    38             1.0716715E-03         1.0000000E+30             27693       
 NEXT SEEDS:27F66F79       2       0       0       0       0   181CD    3039       0       0
     999963                    37                    37             1.0716738E-03         1.0000000E+30             27693       
 NEXT SEEDS:27F67955       2       0       0       0       0   181CD    3039       0       0
     999964                    36                    36             1.0716759E-03         1.0000000E+30             27693       
 NEXT SEEDS:27F682F3       2       0       0       0       0   181CD    3039       0       0
     999965                    35                    35             1.0716781E-03         1.0000000E+30             27693       
 NEXT SEEDS:27F68CA5       2       0       0       0       0   181CD    3039       0       0
     999966                    34                    34             1.0716803E-03         1.0000000E+30             27693       
 NEXT SEEDS:27F696A2       2       0       0       0       0   181CD    3039       0       0
     999967                    33                    33             1.0716828E-03         1.0000000E+30             27693       
 NEXT SEEDS:27F6A521       2       0       0       0       0   181CD    3039       0       0
     999968                    32                    32             1.0716849E-03         1.0000000E+30             27693       
 NEXT SEEDS:27F6AE8E       2       0       0       0       0   181CD    3039       0       0
     999969                    31                    31             1.0716872E-03         1.0000000E+30             27693       
 NEXT SEEDS:27F6B894       2       0       0       0       0   181CD    3039       0       0
     999970                    30                    30             1.0716896E-03         1.0000000E+30             27693       
 NEXT SEEDS:27F6C232       2       0       0       0       0   181CD    3039       0       0
     999971                    29                    29             1.0716918E-03         1.0000000E+30             27693       
 NEXT SEEDS:27F6CC02       2       0       0       0       0   181CD    3039       0       0
     999972                    28                    28             1.0716940E-03         1.0000000E+30             27693       
 NEXT SEEDS:27F6D5AC       2       0       0       0       0   181CD    3039       0       0
     999973                    27                    27             1.0716964E-03         1.0000000E+30             27693       
 NEXT SEEDS:27F6DF80       2       0       0       0       0   181CD    3039       0       0
     999974                    26                    26             1.0716986E-03         1.0000000E+30             27693       
 NEXT SEEDS:27F6E978       2       0       0       0       0   181CD    3039       0       0
     999975                    25                    25             1.0717007E-03         1.0000000E+30             27693       
 NEXT SEEDS:27F6F338       2       0       0       0       0   181CD    3039       0       0
     999976                    24                    24             1.0717028E-03         1.0000000E+30             27693       
 NEXT SEEDS:27F6FC73       2       0       0       0       0   181CD    3039       0       0
     999977                    23                    23             1.0717050E-03         1.0000000E+30             27693       
 NEXT SEEDS:27F70649       2       0       0       0       0   181CD    3039       0       0
     999978                    22                    22             1.0717071E-03         1.0000000E+30             27693       
 NEXT SEEDS:27F71010       2       0       0       0       0   181CD    3039       0       0
     999979                    21                    21             1.0717092E-03         1.0000000E+30             27693       
 NEXT SEEDS:27F719D8       2       0       0       0       0   181CD    3039       0       0
     999980                    20                    20             1.0717113E-03         1.0000000E+30             27693       
 NEXT SEEDS:27F7232F       2       0       0       0       0   181CD    3039       0       0
     999981                    19                    19             1.0717134E-03         1.0000000E+30             27693       
 NEXT SEEDS:27F72CA6       2       0       0       0       0   181CD    3039       0       0
     999982                    18                    18             1.0717157E-03         1.0000000E+30             27693       
 NEXT SEEDS:27F7366E       2       0       0       0       0   181CD    3039       0       0
     999983                    17                    17             1.0717178E-03         1.0000000E+30             27693       
 NEXT SEEDS:27F73FA7       2       0       0       0       0   181CD    3039       0       0
     999984                    16                    16             1.0717201E-03         1.0000000E+30             27693       
 NEXT SEEDS:27F749B8       2       0       0       0       0   181CD    3039       0       0
     999985                    15                    15             1.0717222E-03         1.0000000E+30             27693       
 NEXT SEEDS:27F75366       2       0       0       0       0   181CD    3039       0       0
     999986                    14                    14             1.0717243E-03         1.0000000E+30             27693       
 NEXT SEEDS:27F75D08       2       0       0       0       0   181CD    3039       0       0
     999987                    13                    13             1.0717263E-03         1.0000000E+30             27693       
 NEXT SEEDS:27F76611       2       0       0       0       0   181CD    3039       0       0
     999988                    12                    12             1.0717285E-03         1.0000000E+30             27693       
 NEXT SEEDS:27F77073       2       0       0       0       0   181CD    3039       0       0
     999989                    11                    11             1.0717307E-03         1.0000000E+30             27693       
 NEXT SEEDS:27F77A5F       2       0       0       0       0   181CD    3039       0       0
     999990                    10                    10             1.0717330E-03         1.0000000E+30             27693       
 NEXT SEEDS:27F7840E       2       0       0       0       0   181CD    3039       0       0
     999991                     9                     9             1.0717354E-03         1.0000000E+30             27693       
 NEXT SEEDS:27F78E78       2       0       0       0       0   181CD    3039       0       0
     999992                     8                     8             1.0717375E-03         1.0000000E+30             27693       
 NEXT SEEDS:27F79805       2       0       0       0       0   181CD    3039       0       0
     999993                     7                     7             1.0717400E-03         1.0000000E+30             27693       
 NEXT SEEDS:27F7A28B       2       0       0       0       0   181CD    3039       0       0
     999994                     6                     6             1.0717423E-03         1.0000000E+30             27693       
 NEXT SEEDS:27F7AC27       2       0       0       0       0   181CD    3039       0       0
     999995                     5                     5             1.0717444E-03         1.0000000E+30             27693       
 NEXT SEEDS:27F7B622       2       0       0       0       0   181CD    3039       0       0
     999996                     4                     4             1.0717467E-03         1.0000000E+30             27693       
 NEXT SEEDS:27F7C016       2       0       0       0       0   181CD    3039       0       0
     999997                     3                     3             1.0717488E-03         1.0000000E+30             27693       
 NEXT SEEDS:27F7CA24       2       0       0       0       0   181CD    3039       0       0
     999998                     2                     2             1.0717509E-03         1.0000000E+30             27693       
 NEXT SEEDS:27F7D406       2       0       0       0       0   181CD    3039       0       0
     999999                     1                     1             1.0717530E-03         1.0000000E+30             27693       
 NEXT SEEDS:27F7DD33       2       0       0       0       0   181CD    3039       0       0
    1000000                     0                     1             1.0717551E-03         1.0000000E+30             27693       
 NEXT SEEDS:27F7E6A1       2       0       0       0       0   181CD    3039       0       0
