1NUMBER OF BEAM       NUMBER OF BEAM        APPROXIMATE NUMBER    AVERAGE TIME USED     TIME LEFT (RESERVED   NUMBER OF STARS
 PARTICLES HANDLED    PARTICLES LEFT        OF BEAM PARTICLES     BY A BEAM PARTICLE     10000.0 SECONDS      CREATED
                                            THAT CAN STILL BE                           FOR PRINTOUT)
                                            HANDLED

 NEXT SEEDS:       0       0       0       0       0       0   181CD    3039       0       0
          1              16666665              16666665             1.7590523E-03         1.0000000E+30                 1       
 NEXT SEEDS:    154C       0       0       0       0       0   181CD    3039       0       0
     300000              16366666              16366666             3.7102888E-04         1.0000000E+30             11736       
 NEXT SEEDS:1DCA3A49       0       0       0       0       0   181CD    3039       0       0
     600000              16066666              16066666             3.3751931E-04         1.0000000E+30             23487       
 NEXT SEEDS:  196BE7       1       0       0       0       0   181CD    3039       0       0
     900000              15766666              15766666             3.0719978E-04         1.0000000E+30             35133       
 NEXT SEEDS:1DF909EA       1       0       0       0       0   181CD    3039       0       0
    1200000              15466666              15466666             3.1465599E-04         1.0000000E+30             46882       
 NEXT SEEDS:  510874       2       0       0       0       0   181CD    3039       0       0
    1500000              15166666              15166666             3.0096794E-04         1.0000000E+30             58476       
 NEXT SEEDS:1E1C0146       2       0       0       0       0   181CD    3039       0       0
    1800000              14866666              14866666             2.9184092E-04         1.0000000E+30             70138       
 NEXT SEEDS:  4C7795       3       0       0       0       0   181CD    3039       0       0
    2100000              14566666              14566666             2.8535415E-04         1.0000000E+30             81826       
 NEXT SEEDS:1E19E1CC       3       0       0       0       0   181CD    3039       0       0
    2400000              14266666              14266666             2.8040744E-04         1.0000000E+30             93364       
 NEXT SEEDS:  40C4B6       4       0       0       0       0   181CD    3039       0       0
    2700000              13966666              13966666             2.7669332E-04         1.0000000E+30            105152       
 NEXT SEEDS:1E2B65EB       4       0       0       0       0   181CD    3039       0       0
    3000000              13666666              13666666             2.7374384E-04         1.0000000E+30            117075       
 NEXT SEEDS:  7B19BF       5       0       0       0       0   181CD    3039       0       0
    3300000              13366666              13366666             2.7121525E-04         1.0000000E+30            128739       
 NEXT SEEDS:1E4A7871       5       0       0       0       0   181CD    3039       0       0
    3600000              13066666              13066666             2.6917379E-04         1.0000000E+30            140396       
 NEXT SEEDS:  9511D7       6       0       0       0       0   181CD    3039       0       0
    3900000              12766666              12766666             2.7579427E-04         1.0000000E+30            152032       
 NEXT SEEDS:1E677EE2       6       0       0       0       0   181CD    3039       0       0
    4200000              12466666              12466666             2.7432016E-04         1.0000000E+30            163632       
 NEXT SEEDS:  9B8A11       7       0       0       0       0   181CD    3039       0       0
    4500000              12166666              12166666             2.7250065E-04         1.0000000E+30            175545       
 NEXT SEEDS:1E84EB6D       7       0       0       0       0   181CD    3039       0       0
    4800000              11866666              11866666             2.7089966E-04         1.0000000E+30            187220       
 NEXT SEEDS:  C2916B       8       0       0       0       0   181CD    3039       0       0
    5100000              11566666              11566666             2.6943606E-04         1.0000000E+30            198825       
 NEXT SEEDS:1E8935D5       8       0       0       0       0   181CD    3039       0       0
    5400000              11266666              11266666             2.7050157E-04         1.0000000E+30            210672       
 NEXT SEEDS:  F7AA13       9       0       0       0       0   181CD    3039       0       0
    5700000              10966666              10966666             2.7031361E-04         1.0000000E+30            222406       
 NEXT SEEDS:1ECF6A4B       9       0       0       0       0   181CD    3039       0       0
    6000000              10666666              10666666             2.6910651E-04         1.0000000E+30            233972       
 NEXT SEEDS: 10525F9       A       0       0       0       0   181CD    3039       0       0
    6300000              10366666              10366666             2.6802050E-04         1.0000000E+30            245567       
 NEXT SEEDS:1ED9CAD0       A       0       0       0       0   181CD    3039       0       0
    6600000              10066666              10066666             2.6705899E-04         1.0000000E+30            257268       
 NEXT SEEDS: 1281E64       B       0       0       0       0   181CD    3039       0       0
    6900000               9766666               9766666             2.6617456E-04         1.0000000E+30            268974       
 NEXT SEEDS:1EF9EF59       B       0       0       0       0   181CD    3039       0       0
    7200000               9466666               9466666             2.6536653E-04         1.0000000E+30            280678       
 NEXT SEEDS: 13E1AAE       C       0       0       0       0   181CD    3039       0       0
    7500000               9166666               9166666             2.6462744E-04         1.0000000E+30            292401       
 NEXT SEEDS:1F17028E       C       0       0       0       0   181CD    3039       0       0
    7800000               8866666               8866666             2.6392681E-04         1.0000000E+30            304086       
 NEXT SEEDS: 156B6FE       D       0       0       0       0   181CD    3039       0       0
    8100000               8566666               8566666             2.6383852E-04         1.0000000E+30            315812       
 NEXT SEEDS:1F34B8CE       D       0       0       0       0   181CD    3039       0       0
    8400000               8266666               8266666             2.6323544E-04         1.0000000E+30            327457       
 NEXT SEEDS: 17B7FD4       E       0       0       0       0   181CD    3039       0       0
 COUSET, TXYZ:  0.999999999994473     -0.220295902747648      0.975433091104431    
    8700000               7966666               7966666             2.6268518E-04         1.0000000E+30            339141       
 NEXT SEEDS:1F78487E       E       0       0       0       0   181CD    3039       0       0
    9000000               7666666               7666666             2.6214600E-04         1.0000000E+30            350931       
 NEXT SEEDS: 1B199CE       F       0       0       0       0   181CD    3039       0       0
    9300000               7366666               7366666             2.6165212E-04         1.0000000E+30            362680       
 NEXT SEEDS:1F8CCBD2       F       0       0       0       0   181CD    3039       0       0
    9600000               7066666               7066666             2.6121407E-04         1.0000000E+30            374583       
 NEXT SEEDS: 1E36C84      10       0       0       0       0   181CD    3039       0       0
    9900000               6766666               6766666             2.6172556E-04         1.0000000E+30            386333       
 NEXT SEEDS:1FCD508F      10       0       0       0       0   181CD    3039       0       0
   10200000               6466666               6466666             2.6521563E-04         1.0000000E+30            398260       
 NEXT SEEDS: 214A19F      11       0       0       0       0   181CD    3039       0       0
   10500000               6166666               6166666             2.6597268E-04         1.0000000E+30            410044       
 NEXT SEEDS:1FF1D158      11       0       0       0       0   181CD    3039       0       0
   10800000               5866666               5866666             2.6542381E-04         1.0000000E+30            421675       
 NEXT SEEDS: 21FC54C      12       0       0       0       0   181CD    3039       0       0
   11100000               5566666               5566666             2.6492810E-04         1.0000000E+30            433528       
 NEXT SEEDS:2006B98B      12       0       0       0       0   181CD    3039       0       0
   11400000               5266666               5266666             2.6445450E-04         1.0000000E+30            445240       
 NEXT SEEDS: 259A9C1      13       0       0       0       0   181CD    3039       0       0
   11700000               4966666               4966666             2.6398715E-04         1.0000000E+30            456974       
 NEXT SEEDS:20326E83      13       0       0       0       0   181CD    3039       0       0
   12000000               4666666               4666666             2.6353894E-04         1.0000000E+30            468599       
 NEXT SEEDS: 2603BD5      14       0       0       0       0   181CD    3039       0       0
   12300000               4366666               4366666             2.6312625E-04         1.0000000E+30            480226       
 NEXT SEEDS:2035495D      14       0       0       0       0   181CD    3039       0       0
   12600000               4066666               4066666             2.6274676E-04         1.0000000E+30            491976       
 NEXT SEEDS: 28829FD      15       0       0       0       0   181CD    3039       0       0
   12900000               3766666               3766666             2.6237961E-04         1.0000000E+30            503707       
 NEXT SEEDS:20740386      15       0       0       0       0   181CD    3039       0       0
   13200000               3466666               3466666             2.6202198E-04         1.0000000E+30            515499       
 NEXT SEEDS: 2BC224B      16       0       0       0       0   181CD    3039       0       0
   13500000               3166666               3166666             2.6168808E-04         1.0000000E+30            527230       
 NEXT SEEDS:20A8C466      16       0       0       0       0   181CD    3039       0       0
   13800000               2866666               2866666             2.6135887E-04         1.0000000E+30            539069       
 NEXT SEEDS: 2EA90E1      17       0       0       0       0   181CD    3039       0       0
   14100000               2566666               2566666             2.6104378E-04         1.0000000E+30            550803       
 NEXT SEEDS:20BE672B      17       0       0       0       0   181CD    3039       0       0
 COUSET, TXYZ:   1.00000000000781      0.197272240801556      0.980348745612886    
   14400000               2266666               2266666             2.6165926E-04         1.0000000E+30            562586       
 NEXT SEEDS: 2F9F5D1      18       0       0       0       0   181CD    3039       0       0
   14700000               1966666               1966666             2.6137255E-04         1.0000000E+30            574391       
 NEXT SEEDS:20FBF9EA      18       0       0       0       0   181CD    3039       0       0
   15000000               1666666               1666666             2.6114967E-04         1.0000000E+30            586216       
 NEXT SEEDS: 348CBE7      19       0       0       0       0   181CD    3039       0       0
 COUSET, TXYZ:  0.999999999991852     -0.236233919058836      0.971696215630074    
   15300000               1366666               1366666             2.6086905E-04         1.0000000E+30            597980       
 NEXT SEEDS:2125AF0B      19       0       0       0       0   181CD    3039       0       0
   15600000               1066666               1066666             2.6059566E-04         1.0000000E+30            609784       
 NEXT SEEDS: 35F4D3E      1A       0       0       0       0   181CD    3039       0       0
   15900000                766666                766666             2.6034488E-04         1.0000000E+30            621676       
 NEXT SEEDS:2156FE1C      1A       0       0       0       0   181CD    3039       0       0
   16200000                466666                466666             2.6010370E-04         1.0000000E+30            633389       
 NEXT SEEDS: 3C2CE57      1B       0       0       0       0   181CD    3039       0       0
   16500000                166666                166666             2.5986131E-04         1.0000000E+30            645066       
 NEXT SEEDS:21A6B0D7      1B       0       0       0       0   181CD    3039       0       0
   16666616                    50                    50             2.5973078E-04         1.0000000E+30            651685       
 NEXT SEEDS:323A6B00      1B       0       0       0       0   181CD    3039       0       0
   16666617                    49                    49             2.5973080E-04         1.0000000E+30            651685       
 NEXT SEEDS:323A7401      1B       0       0       0       0   181CD    3039       0       0
   16666618                    48                    48             2.5973081E-04         1.0000000E+30            651685       
 NEXT SEEDS:323A78A0      1B       0       0       0       0   181CD    3039       0       0
   16666619                    47                    47             2.5973080E-04         1.0000000E+30            651685       
 NEXT SEEDS:323A7F84      1B       0       0       0       0   181CD    3039       0       0
   16666620                    46                    46             2.5973081E-04         1.0000000E+30            651685       
 NEXT SEEDS:323A839E      1B       0       0       0       0   181CD    3039       0       0
   16666621                    45                    45             2.5973082E-04         1.0000000E+30            651685       
 NEXT SEEDS:323A88BF      1B       0       0       0       0   181CD    3039       0       0
   16666622                    44                    44             2.5973081E-04         1.0000000E+30            651685       
 NEXT SEEDS:323A8B93      1B       0       0       0       0   181CD    3039       0       0
   16666623                    43                    43             2.5973079E-04         1.0000000E+30            651685       
 NEXT SEEDS:323A8E8F      1B       0       0       0       0   181CD    3039       0       0
   16666624                    42                    42             2.5973081E-04         1.0000000E+30            651685       
 NEXT SEEDS:323A9729      1B       0       0       0       0   181CD    3039       0       0
   16666625                    41                    41             2.5973082E-04         1.0000000E+30            651685       
 NEXT SEEDS:323A9B33      1B       0       0       0       0   181CD    3039       0       0
   16666626                    40                    40             2.5973083E-04         1.0000000E+30            651685       
 NEXT SEEDS:323AA636      1B       0       0       0       0   181CD    3039       0       0
   16666627                    39                    39             2.5973082E-04         1.0000000E+30            651685       
 NEXT SEEDS:323AAB0D      1B       0       0       0       0   181CD    3039       0       0
   16666628                    38                    38             2.5973083E-04         1.0000000E+30            651685       
 NEXT SEEDS:323AAD78      1B       0       0       0       0   181CD    3039       0       0
   16666629                    37                    37             2.5973082E-04         1.0000000E+30            651685       
 NEXT SEEDS:323AB34C      1B       0       0       0       0   181CD    3039       0       0
   16666630                    36                    36             2.5973083E-04         1.0000000E+30            651685       
 NEXT SEEDS:323AB996      1B       0       0       0       0   181CD    3039       0       0
   16666631                    35                    35             2.5973084E-04         1.0000000E+30            651685       
 NEXT SEEDS:323ABFE2      1B       0       0       0       0   181CD    3039       0       0
   16666632                    34                    34             2.5973083E-04         1.0000000E+30            651685       
 NEXT SEEDS:323AC20E      1B       0       0       0       0   181CD    3039       0       0
   16666633                    33                    33             2.5973084E-04         1.0000000E+30            651685       
 NEXT SEEDS:323AC95B      1B       0       0       0       0   181CD    3039       0       0
   16666634                    32                    32             2.5973083E-04         1.0000000E+30            651685       
 NEXT SEEDS:323ACC0C      1B       0       0       0       0   181CD    3039       0       0
   16666635                    31                    31             2.5973081E-04         1.0000000E+30            651685       
 NEXT SEEDS:323AD067      1B       0       0       0       0   181CD    3039       0       0
   16666636                    30                    30             2.5973080E-04         1.0000000E+30            651685       
 NEXT SEEDS:323AD595      1B       0       0       0       0   181CD    3039       0       0
   16666637                    29                    29             2.5973078E-04         1.0000000E+30            651685       
 NEXT SEEDS:323ADDEF      1B       0       0       0       0   181CD    3039       0       0
   16666638                    28                    28             2.5973076E-04         1.0000000E+30            651685       
 NEXT SEEDS:323AE3D3      1B       0       0       0       0   181CD    3039       0       0
   16666639                    27                    27             2.5973075E-04         1.0000000E+30            651685       
 NEXT SEEDS:323AEA4A      1B       0       0       0       0   181CD    3039       0       0
   16666640                    26                    26             2.5973073E-04         1.0000000E+30            651686       
 NEXT SEEDS:323B0275      1B       0       0       0       0   181CD    3039       0       0
   16666641                    25                    25             2.5973083E-04         1.0000000E+30            651689       
 NEXT SEEDS:323B461A      1B       0       0       0       0   181CD    3039       0       0
   16666642                    24                    24             2.5973082E-04         1.0000000E+30            651689       
 NEXT SEEDS:323B493A      1B       0       0       0       0   181CD    3039       0       0
   16666643                    23                    23             2.5973083E-04         1.0000000E+30            651689       
 NEXT SEEDS:323B4E9D      1B       0       0       0       0   181CD    3039       0       0
   16666644                    22                    22             2.5973082E-04         1.0000000E+30            651689       
 NEXT SEEDS:323B528E      1B       0       0       0       0   181CD    3039       0       0
   16666645                    21                    21             2.5973083E-04         1.0000000E+30            651689       
 NEXT SEEDS:323B5612      1B       0       0       0       0   181CD    3039       0       0
   16666646                    20                    20             2.5973084E-04         1.0000000E+30            651689       
 NEXT SEEDS:323B5CDE      1B       0       0       0       0   181CD    3039       0       0
   16666647                    19                    19             2.5973083E-04         1.0000000E+30            651689       
 NEXT SEEDS:323B60A5      1B       0       0       0       0   181CD    3039       0       0
   16666648                    18                    18             2.5973084E-04         1.0000000E+30            651689       
 NEXT SEEDS:323B6B10      1B       0       0       0       0   181CD    3039       0       0
   16666649                    17                    17             2.5973086E-04         1.0000000E+30            651689       
 NEXT SEEDS:323B7074      1B       0       0       0       0   181CD    3039       0       0
   16666650                    16                    16             2.5973084E-04         1.0000000E+30            651689       
 NEXT SEEDS:323B74A9      1B       0       0       0       0   181CD    3039       0       0
   16666651                    15                    15             2.5973085E-04         1.0000000E+30            651689       
 NEXT SEEDS:323B7BFA      1B       0       0       0       0   181CD    3039       0       0
   16666652                    14                    14             2.5973084E-04         1.0000000E+30            651689       
 NEXT SEEDS:323B7F70      1B       0       0       0       0   181CD    3039       0       0
   16666653                    13                    13             2.5973085E-04         1.0000000E+30            651689       
 NEXT SEEDS:323B891D      1B       0       0       0       0   181CD    3039       0       0
   16666654                    12                    12             2.5973087E-04         1.0000000E+30            651689       
 NEXT SEEDS:323B8F9C      1B       0       0       0       0   181CD    3039       0       0
   16666655                    11                    11             2.5973085E-04         1.0000000E+30            651689       
 NEXT SEEDS:323B93E3      1B       0       0       0       0   181CD    3039       0       0
   16666656                    10                    10             2.5973086E-04         1.0000000E+30            651689       
 NEXT SEEDS:323B9A66      1B       0       0       0       0   181CD    3039       0       0
   16666657                     9                     9             2.5973088E-04         1.0000000E+30            651689       
 NEXT SEEDS:323BA0C1      1B       0       0       0       0   181CD    3039       0       0
   16666658                     8                     8             2.5973086E-04         1.0000000E+30            651689       
 NEXT SEEDS:323BA591      1B       0       0       0       0   181CD    3039       0       0
   16666659                     7                     7             2.5973088E-04         1.0000000E+30            651689       
 NEXT SEEDS:323BA82C      1B       0       0       0       0   181CD    3039       0       0
   16666660                     6                     6             2.5973086E-04         1.0000000E+30            651689       
 NEXT SEEDS:323BAFB1      1B       0       0       0       0   181CD    3039       0       0
   16666661                     5                     5             2.5973087E-04         1.0000000E+30            651689       
 NEXT SEEDS:323BB17F      1B       0       0       0       0   181CD    3039       0       0
   16666662                     4                     4             2.5973086E-04         1.0000000E+30            651689       
 NEXT SEEDS:323BB66A      1B       0       0       0       0   181CD    3039       0       0
   16666663                     3                     3             2.5973087E-04         1.0000000E+30            651689       
 NEXT SEEDS:323BBAE6      1B       0       0       0       0   181CD    3039       0       0
   16666664                     2                     2             2.5973086E-04         1.0000000E+30            651689       
 NEXT SEEDS:323BBE5C      1B       0       0       0       0   181CD    3039       0       0
   16666665                     1                     1             2.5973087E-04         1.0000000E+30            651689       
 NEXT SEEDS:323BC1C9      1B       0       0       0       0   181CD    3039       0       0
   16666666                     0                     1             2.5973086E-04         1.0000000E+30            651689       
 NEXT SEEDS:323BC5D6      1B       0       0       0       0   181CD    3039       0       0
