1NUMBER OF BEAM       NUMBER OF BEAM        APPROXIMATE NUMBER    AVERAGE TIME USED     TIME LEFT (RESERVED   NUMBER OF STARS
 PARTICLES HANDLED    PARTICLES LEFT        OF BEAM PARTICLES     BY A BEAM PARTICLE     10000.0 SECONDS      CREATED
                                            THAT CAN STILL BE                           FOR PRINTOUT)
                                            HANDLED

 NEXT SEEDS:       0       0       0       0       0       0   181CD    3039       0       0
          1              49999999              49999999             2.5606155E-04         1.0000000E+30                 0       
 NEXT SEEDS:     44C       0       0       0       0       0   181CD    3039       0       0
    1000000              49000000              49000000             1.0120498E-04         1.0000000E+30             13108       
 NEXT SEEDS:25BF1B15       0       0       0       0       0   181CD    3039       0       0
    2000000              48000000              48000000             1.0126472E-04         1.0000000E+30             26055       
 NEXT SEEDS: FCA8279       1       0       0       0       0   181CD    3039       0       0
    3000000              47000000              47000000             1.0141285E-04         1.0000000E+30             39002       
 NEXT SEEDS:355CF372       1       0       0       0       0   181CD    3039       0       0
    4000000              46000000              46000000             1.0137413E-04         1.0000000E+30             52028       
 NEXT SEEDS:1F7FE38E       2       0       0       0       0   181CD    3039       0       0
    5000000              45000000              45000000             1.0140202E-04         1.0000000E+30             65126       
 NEXT SEEDS: 9A17EB0       3       0       0       0       0   181CD    3039       0       0
    6000000              44000000              44000000             1.0136101E-04         1.0000000E+30             78212       
 NEXT SEEDS:2F44E2DC       3       0       0       0       0   181CD    3039       0       0
    7000000              43000000              43000000             1.0136290E-04         1.0000000E+30             91307       
 NEXT SEEDS:19550B41       4       0       0       0       0   181CD    3039       0       0
    8000000              42000000              42000000             1.0133788E-04         1.0000000E+30            104090       
 NEXT SEEDS: 34B5D21       5       0       0       0       0   181CD    3039       0       0
    9000000              41000000              41000000             1.0130844E-04         1.0000000E+30            116895       
 NEXT SEEDS:28D2016F       5       0       0       0       0   181CD    3039       0       0
   10000000              40000000              40000000             1.0129751E-04         1.0000000E+30            129887       
 NEXT SEEDS:12DD0C2F       6       0       0       0       0   181CD    3039       0       0
   11000000              39000000              39000000             1.0145222E-04         1.0000000E+30            142938       
 NEXT SEEDS:3890D27A       6       0       0       0       0   181CD    3039       0       0
   12000000              38000000              38000000             1.0142423E-04         1.0000000E+30            155750       
 NEXT SEEDS:228D6068       7       0       0       0       0   181CD    3039       0       0
   13000000              37000000              37000000             1.0142076E-04         1.0000000E+30            168543       
 NEXT SEEDS: C9D9A8C       8       0       0       0       0   181CD    3039       0       0
   14000000              36000000              36000000             1.0140648E-04         1.0000000E+30            181444       
 NEXT SEEDS:323A3E87       8       0       0       0       0   181CD    3039       0       0
   15000000              35000000              35000000             1.0140585E-04         1.0000000E+30            194320       
 NEXT SEEDS:1C534700       9       0       0       0       0   181CD    3039       0       0
   16000000              34000000              34000000             1.0139013E-04         1.0000000E+30            207407       
 NEXT SEEDS: 6655E3F       A       0       0       0       0   181CD    3039       0       0
   17000000              33000000              33000000             1.0138737E-04         1.0000000E+30            220416       
 NEXT SEEDS:2C0C55B9       A       0       0       0       0   181CD    3039       0       0
   18000000              32000000              32000000             1.0138885E-04         1.0000000E+30            233573       
 NEXT SEEDS:16272F9F       B       0       0       0       0   181CD    3039       0       0
   19000000              31000000              31000000             1.0137039E-04         1.0000000E+30            246556       
 NEXT SEEDS:  20E058       C       0       0       0       0   181CD    3039       0       0
   20000000              30000000              30000000             1.0137442E-04         1.0000000E+30            259577       
 NEXT SEEDS:25C3F858       C       0       0       0       0   181CD    3039       0       0
   21000000              29000000              29000000             1.0136504E-04         1.0000000E+30            272280       
 NEXT SEEDS: FB3521E       D       0       0       0       0   181CD    3039       0       0
 COUSET, TXYZ:  0.999999999964510      0.674846410152492      0.737958211983115    
   22000000              28000000              28000000             1.0136042E-04         1.0000000E+30            285353       
 NEXT SEEDS:355E9582       D       0       0       0       0   181CD    3039       0       0
   23000000              27000000              27000000             1.0133944E-04         1.0000000E+30            298098       
 NEXT SEEDS:1F51F725       E       0       0       0       0   181CD    3039       0       0
   24000000              26000000              26000000             1.0133778E-04         1.0000000E+30            310965       
 NEXT SEEDS: 9624D38       F       0       0       0       0   181CD    3039       0       0
 COUSET, TXYZ:   1.00000000001177     -0.149501246240444      0.988761537174708    
   25000000              25000000              25000000             1.0133081E-04         1.0000000E+30            323842       
 NEXT SEEDS:2EF9FF4D       F       0       0       0       0   181CD    3039       0       0
 COUSET, TXYZ:   1.00000000000617      0.441311533288834      0.897353960596704    
 COUSET, TXYZ:  0.999999999994205      0.505070902704956      0.863077854674311    
   26000000              24000000              24000000             1.0132485E-04         1.0000000E+30            336682       
 NEXT SEEDS:190C62C3      10       0       0       0       0   181CD    3039       0       0
   27000000              23000000              23000000             1.0132285E-04         1.0000000E+30            349680       
 NEXT SEEDS: 31EED5B      11       0       0       0       0   181CD    3039       0       0
   28000000              22000000              22000000             1.0131004E-04         1.0000000E+30            362431       
 NEXT SEEDS:28AAE424      11       0       0       0       0   181CD    3039       0       0
   29000000              21000000              21000000             1.0131394E-04         1.0000000E+30            375368       
 NEXT SEEDS:12C7087C      12       0       0       0       0   181CD    3039       0       0
   30000000              20000000              20000000             1.0130996E-04         1.0000000E+30            388432       
 NEXT SEEDS:3870DCDF      12       0       0       0       0   181CD    3039       0       0
   31000000              19000000              19000000             1.0131513E-04         1.0000000E+30            401518       
 NEXT SEEDS:229929D7      13       0       0       0       0   181CD    3039       0       0
   32000000              18000000              18000000             1.0131188E-04         1.0000000E+30            414508       
 NEXT SEEDS: C96B5B6      14       0       0       0       0   181CD    3039       0       0
 COUSET, TXYZ:   1.00000000001688     -0.726871247295629      0.686773754513565    
   33000000              17000000              17000000             1.0130832E-04         1.0000000E+30            427554       
 NEXT SEEDS:323E3F21      14       0       0       0       0   181CD    3039       0       0
 COUSET, TXYZ:  0.999999999965196      0.587634791749005      0.809126288941655    
   34000000              16000000              16000000             1.0130395E-04         1.0000000E+30            440552       
 NEXT SEEDS:1C3C7DE0      15       0       0       0       0   181CD    3039       0       0
   35000000              15000000              15000000             1.0130245E-04         1.0000000E+30            453525       
 NEXT SEEDS: 64DCC2C      16       0       0       0       0   181CD    3039       0       0
   36000000              14000000              14000000             1.0130043E-04         1.0000000E+30            466572       
 NEXT SEEDS:2BF288E0      16       0       0       0       0   181CD    3039       0       0
   37000000              13000000              13000000             1.0129768E-04         1.0000000E+30            479697       
 NEXT SEEDS:1609AF76      17       0       0       0       0   181CD    3039       0       0
   38000000              12000000              12000000             1.0142834E-04         1.0000000E+30            492552       
 NEXT SEEDS:3B93084C      17       0       0       0       0   181CD    3039       0       0
   39000000              11000000              11000000             1.0142095E-04         1.0000000E+30            505548       
 NEXT SEEDS:25900928      18       0       0       0       0   181CD    3039       0       0
   40000000              10000000              10000000             1.0141643E-04         1.0000000E+30            518563       
 NEXT SEEDS: F987C43      19       0       0       0       0   181CD    3039       0       0
   41000000               9000000               9000000             1.0140850E-04         1.0000000E+30            531380       
 NEXT SEEDS:35346D24      19       0       0       0       0   181CD    3039       0       0
   42000000               8000000               8000000             1.0141438E-04         1.0000000E+30            544455       
 NEXT SEEDS:1F757724      1A       0       0       0       0   181CD    3039       0       0
   43000000               7000000               7000000             1.0140915E-04         1.0000000E+30            557505       
 NEXT SEEDS: 9833624      1B       0       0       0       0   181CD    3039       0       0
 COUSET, TXYZ:   1.00000000002109     -1.404687071858064E-02  0.999901337865494    
   44000000               6000000               6000000             1.0140225E-04         1.0000000E+30            570502       
 NEXT SEEDS:2F1F2EB9      1B       0       0       0       0   181CD    3039       0       0
   45000000               5000000               5000000             1.0139697E-04         1.0000000E+30            583382       
 NEXT SEEDS:191F9A03      1C       0       0       0       0   181CD    3039       0       0
   46000000               4000000               4000000             1.0139324E-04         1.0000000E+30            596297       
 NEXT SEEDS: 321697F      1D       0       0       0       0   181CD    3039       0       0
   47000000               3000000               3000000             1.0139198E-04         1.0000000E+30            609548       
 NEXT SEEDS:28CD18B2      1D       0       0       0       0   181CD    3039       0       0
   48000000               2000000               2000000             1.0138616E-04         1.0000000E+30            622474       
 NEXT SEEDS:12C886D4      1E       0       0       0       0   181CD    3039       0       0
 COUSET, TXYZ:   1.00000000002104     -0.542454025070518      0.840085490129948    
   49000000               1000000               1000000             1.0137604E-04         1.0000000E+30            635375       
 NEXT SEEDS:384D061E      1E       0       0       0       0   181CD    3039       0       0
   49999950                    50                    50             1.0137007E-04         1.0000000E+30            648115       
 NEXT SEEDS:224766E3      1F       0       0       0       0   181CD    3039       0       0
   49999951                    49                    49             1.0137008E-04         1.0000000E+30            648115       
 NEXT SEEDS:2247687B      1F       0       0       0       0   181CD    3039       0       0
   49999952                    48                    48             1.0137008E-04         1.0000000E+30            648115       
 NEXT SEEDS:22476E07      1F       0       0       0       0   181CD    3039       0       0
   49999953                    47                    47             1.0137008E-04         1.0000000E+30            648115       
 NEXT SEEDS:22476EFE      1F       0       0       0       0   181CD    3039       0       0
   49999954                    46                    46             1.0137008E-04         1.0000000E+30            648115       
 NEXT SEEDS:22477190      1F       0       0       0       0   181CD    3039       0       0
   49999955                    45                    45             1.0137009E-04         1.0000000E+30            648115       
 NEXT SEEDS:22477588      1F       0       0       0       0   181CD    3039       0       0
   49999956                    44                    44             1.0137009E-04         1.0000000E+30            648115       
 NEXT SEEDS:22477B0F      1F       0       0       0       0   181CD    3039       0       0
   49999957                    43                    43             1.0137009E-04         1.0000000E+30            648115       
 NEXT SEEDS:22477BB5      1F       0       0       0       0   181CD    3039       0       0
   49999958                    42                    42             1.0137009E-04         1.0000000E+30            648115       
 NEXT SEEDS:224780B6      1F       0       0       0       0   181CD    3039       0       0
   49999959                    41                    41             1.0137010E-04         1.0000000E+30            648115       
 NEXT SEEDS:22478437      1F       0       0       0       0   181CD    3039       0       0
   49999960                    40                    40             1.0137010E-04         1.0000000E+30            648115       
 NEXT SEEDS:22478574      1F       0       0       0       0   181CD    3039       0       0
   49999961                    39                    39             1.0137010E-04         1.0000000E+30            648115       
 NEXT SEEDS:22478A38      1F       0       0       0       0   181CD    3039       0       0
   49999962                    38                    38             1.0137010E-04         1.0000000E+30            648115       
 NEXT SEEDS:22478DF5      1F       0       0       0       0   181CD    3039       0       0
   49999963                    37                    37             1.0137010E-04         1.0000000E+30            648115       
 NEXT SEEDS:224790A8      1F       0       0       0       0   181CD    3039       0       0
   49999964                    36                    36             1.0137011E-04         1.0000000E+30            648115       
 NEXT SEEDS:2247941E      1F       0       0       0       0   181CD    3039       0       0
   49999965                    35                    35             1.0137011E-04         1.0000000E+30            648115       
 NEXT SEEDS:2247977D      1F       0       0       0       0   181CD    3039       0       0
   49999966                    34                    34             1.0137011E-04         1.0000000E+30            648115       
 NEXT SEEDS:224798A4      1F       0       0       0       0   181CD    3039       0       0
   49999967                    33                    33             1.0137011E-04         1.0000000E+30            648115       
 NEXT SEEDS:22479BC4      1F       0       0       0       0   181CD    3039       0       0
   49999968                    32                    32             1.0137011E-04         1.0000000E+30            648115       
 NEXT SEEDS:22479E93      1F       0       0       0       0   181CD    3039       0       0
   49999969                    31                    31             1.0137012E-04         1.0000000E+30            648115       
 NEXT SEEDS:2247A293      1F       0       0       0       0   181CD    3039       0       0
   49999970                    30                    30             1.0137012E-04         1.0000000E+30            648115       
 NEXT SEEDS:2247A3FA      1F       0       0       0       0   181CD    3039       0       0
   49999971                    29                    29             1.0137011E-04         1.0000000E+30            648115       
 NEXT SEEDS:2247A537      1F       0       0       0       0   181CD    3039       0       0
   49999972                    28                    28             1.0137012E-04         1.0000000E+30            648115       
 NEXT SEEDS:2247A731      1F       0       0       0       0   181CD    3039       0       0
   49999973                    27                    27             1.0137012E-04         1.0000000E+30            648115       
 NEXT SEEDS:2247A9C9      1F       0       0       0       0   181CD    3039       0       0
   49999974                    26                    26             1.0137012E-04         1.0000000E+30            648115       
 NEXT SEEDS:2247AAFD      1F       0       0       0       0   181CD    3039       0       0
   49999975                    25                    25             1.0137013E-04         1.0000000E+30            648115       
 NEXT SEEDS:2247AD8E      1F       0       0       0       0   181CD    3039       0       0
   49999976                    24                    24             1.0137012E-04         1.0000000E+30            648115       
 NEXT SEEDS:2247B07D      1F       0       0       0       0   181CD    3039       0       0
   49999977                    23                    23             1.0137013E-04         1.0000000E+30            648115       
 NEXT SEEDS:2247B2AA      1F       0       0       0       0   181CD    3039       0       0
   49999978                    22                    22             1.0137013E-04         1.0000000E+30            648115       
 NEXT SEEDS:2247B483      1F       0       0       0       0   181CD    3039       0       0
   49999979                    21                    21             1.0137013E-04         1.0000000E+30            648115       
 NEXT SEEDS:2247B599      1F       0       0       0       0   181CD    3039       0       0
   49999980                    20                    20             1.0137014E-04         1.0000000E+30            648115       
 NEXT SEEDS:2247B735      1F       0       0       0       0   181CD    3039       0       0
   49999981                    19                    19             1.0137013E-04         1.0000000E+30            648115       
 NEXT SEEDS:2247BC19      1F       0       0       0       0   181CD    3039       0       0
   49999982                    18                    18             1.0137014E-04         1.0000000E+30            648115       
 NEXT SEEDS:2247BEDF      1F       0       0       0       0   181CD    3039       0       0
   49999983                    17                    17             1.0137014E-04         1.0000000E+30            648115       
 NEXT SEEDS:2247C05D      1F       0       0       0       0   181CD    3039       0       0
   49999984                    16                    16             1.0137014E-04         1.0000000E+30            648115       
 NEXT SEEDS:2247C304      1F       0       0       0       0   181CD    3039       0       0
   49999985                    15                    15             1.0137014E-04         1.0000000E+30            648115       
 NEXT SEEDS:2247C554      1F       0       0       0       0   181CD    3039       0       0
   49999986                    14                    14             1.0137014E-04         1.0000000E+30            648115       
 NEXT SEEDS:2247C6B4      1F       0       0       0       0   181CD    3039       0       0
   49999987                    13                    13             1.0137014E-04         1.0000000E+30            648115       
 NEXT SEEDS:2247C8D0      1F       0       0       0       0   181CD    3039       0       0
   49999988                    12                    12             1.0137015E-04         1.0000000E+30            648115       
 NEXT SEEDS:2247C978      1F       0       0       0       0   181CD    3039       0       0
   49999989                    11                    11             1.0137015E-04         1.0000000E+30            648115       
 NEXT SEEDS:2247CABD      1F       0       0       0       0   181CD    3039       0       0
   49999990                    10                    10             1.0137014E-04         1.0000000E+30            648115       
 NEXT SEEDS:2247CB4E      1F       0       0       0       0   181CD    3039       0       0
   49999991                     9                     9             1.0137014E-04         1.0000000E+30            648115       
 NEXT SEEDS:2247CBFE      1F       0       0       0       0   181CD    3039       0       0
   49999992                     8                     8             1.0137015E-04         1.0000000E+30            648115       
 NEXT SEEDS:2247CE0C      1F       0       0       0       0   181CD    3039       0       0
   49999993                     7                     7             1.0137015E-04         1.0000000E+30            648115       
 NEXT SEEDS:2247CF23      1F       0       0       0       0   181CD    3039       0       0
   49999994                     6                     6             1.0137015E-04         1.0000000E+30            648115       
 NEXT SEEDS:2247D256      1F       0       0       0       0   181CD    3039       0       0
   49999995                     5                     5             1.0137015E-04         1.0000000E+30            648115       
 NEXT SEEDS:2247D4B6      1F       0       0       0       0   181CD    3039       0       0
   49999996                     4                     4             1.0137015E-04         1.0000000E+30            648115       
 NEXT SEEDS:2247D6F7      1F       0       0       0       0   181CD    3039       0       0
   49999997                     3                     3             1.0137015E-04         1.0000000E+30            648115       
 NEXT SEEDS:2247D94D      1F       0       0       0       0   181CD    3039       0       0
   49999998                     2                     2             1.0137016E-04         1.0000000E+30            648115       
 NEXT SEEDS:2247DB2C      1F       0       0       0       0   181CD    3039       0       0
   49999999                     1                     1             1.0137016E-04         1.0000000E+30            648115       
 NEXT SEEDS:2247DE9E      1F       0       0       0       0   181CD    3039       0       0
   50000000                     0                     1             1.0137015E-04         1.0000000E+30            648115       
 NEXT SEEDS:2247DF69      1F       0       0       0       0   181CD    3039       0       0
