1NUMBER OF BEAM       NUMBER OF BEAM        APPROXIMATE NUMBER    AVERAGE TIME USED     TIME LEFT (RESERVED   NUMBER OF STARS
 PARTICLES HANDLED    PARTICLES LEFT        OF BEAM PARTICLES     BY A BEAM PARTICLE     10000.0 SECONDS      CREATED
                                            THAT CAN STILL BE                           FOR PRINTOUT)
                                            HANDLED

 NEXT SEEDS:       0       0       0       0       0       0   181CD    3039       0       0
          1               9999999               9999999             1.3148785E-03         1.0000000E+30                 1       
 NEXT SEEDS:    1980       0       0       0       0       0   181CD    3039       0       0
     200000               9800000               9800000             3.8592682E-04         1.0000000E+30             13236       
 NEXT SEEDS:2043968B       0       0       0       0       0   181CD    3039       0       0
     400000               9600000               9600000             3.8581302E-04         1.0000000E+30             26338       
 NEXT SEEDS: 4E85F50       1       0       0       0       0   181CD    3039       0       0
     600000               9400000               9400000             3.8591548E-04         1.0000000E+30             39600       
 NEXT SEEDS:253CED37       1       0       0       0       0   181CD    3039       0       0
     800000               9200000               9200000             3.8555128E-04         1.0000000E+30             52656       
 NEXT SEEDS: 9CA73FA       2       0       0       0       0   181CD    3039       0       0
    1000000               9000000               9000000             3.8576582E-04         1.0000000E+30             66026       
 NEXT SEEDS:2A218B5F       2       0       0       0       0   181CD    3039       0       0
    1200000               8800000               8800000             3.8578007E-04         1.0000000E+30             79241       
 NEXT SEEDS: ECEC3C2       3       0       0       0       0   181CD    3039       0       0
    1400000               8600000               8600000             3.8594752E-04         1.0000000E+30             92619       
 NEXT SEEDS:2F290295       3       0       0       0       0   181CD    3039       0       0
    1600000               8400000               8400000             3.8601306E-04         1.0000000E+30            105956       
 NEXT SEEDS:13F2DE39       4       0       0       0       0   181CD    3039       0       0
    1800000               8200000               8200000             3.8606468E-04         1.0000000E+30            119269       
 NEXT SEEDS:345997BB       4       0       0       0       0   181CD    3039       0       0
    2000000               8000000               8000000             3.8600429E-04         1.0000000E+30            132421       
 NEXT SEEDS:18F99653       5       0       0       0       0   181CD    3039       0       0
    2200000               7800000               7800000             3.8598568E-04         1.0000000E+30            145567       
 NEXT SEEDS:39432E63       5       0       0       0       0   181CD    3039       0       0
 COUSET, TXYZ:  0.999999999994765      0.240970349936986      0.970532477787723    
    2400000               7600000               7600000             3.8594166E-04         1.0000000E+30            158766       
 NEXT SEEDS:1DEE3C0A       6       0       0       0       0   181CD    3039       0       0
    2600000               7400000               7400000             3.8593822E-04         1.0000000E+30            171922       
 NEXT SEEDS: 2890159       7       0       0       0       0   181CD    3039       0       0
    2800000               7200000               7200000             3.8597257E-04         1.0000000E+30            185088       
 NEXT SEEDS:22CD09BA       7       0       0       0       0   181CD    3039       0       0
    3000000               7000000               7000000             3.8586973E-04         1.0000000E+30            198279       
 NEXT SEEDS: 7609261       8       0       0       0       0   181CD    3039       0       0
    3200000               6800000               6800000             3.8573381E-04         1.0000000E+30            211309       
 NEXT SEEDS:2789C8ED       8       0       0       0       0   181CD    3039       0       0
    3400000               6600000               6600000             3.8558936E-04         1.0000000E+30            224373       
 NEXT SEEDS: C0D132C       9       0       0       0       0   181CD    3039       0       0
    3600000               6400000               6400000             3.8558965E-04         1.0000000E+30            237661       
 NEXT SEEDS:2C5BD49D       9       0       0       0       0   181CD    3039       0       0
    3800000               6200000               6200000             3.8554441E-04         1.0000000E+30            250897       
 NEXT SEEDS:1104FB30       A       0       0       0       0   181CD    3039       0       0
    4000000               6000000               6000000             3.8551417E-04         1.0000000E+30            264159       
 NEXT SEEDS:3145CE82       A       0       0       0       0   181CD    3039       0       0
    4200000               5800000               5800000             3.8542470E-04         1.0000000E+30            277267       
 NEXT SEEDS:15D1CADB       B       0       0       0       0   181CD    3039       0       0
    4400000               5600000               5600000             3.8542484E-04         1.0000000E+30            290705       
 NEXT SEEDS:3616FC1B       B       0       0       0       0   181CD    3039       0       0
    4600000               5400000               5400000             3.8535980E-04         1.0000000E+30            303809       
 NEXT SEEDS:1AA8AA94       C       0       0       0       0   181CD    3039       0       0
    4800000               5200000               5200000             3.8529972E-04         1.0000000E+30            316927       
 NEXT SEEDS:3AD49B21       C       0       0       0       0   181CD    3039       0       0
    5000000               5000000               5000000             3.8525186E-04         1.0000000E+30            330069       
 NEXT SEEDS:1F645DD5       D       0       0       0       0   181CD    3039       0       0
    5200000               4800000               4800000             3.8526685E-04         1.0000000E+30            343351       
 NEXT SEEDS: 4114020       E       0       0       0       0   181CD    3039       0       0
    5400000               4600000               4600000             3.8527858E-04         1.0000000E+30            356695       
 NEXT SEEDS:245EE7B6       E       0       0       0       0   181CD    3039       0       0
    5600000               4400000               4400000             3.8528533E-04         1.0000000E+30            369906       
 NEXT SEEDS: 9127F19       F       0       0       0       0   181CD    3039       0       0
    5800000               4200000               4200000             3.8528609E-04         1.0000000E+30            383126       
 NEXT SEEDS:295DC8CD       F       0       0       0       0   181CD    3039       0       0
    6000000               4000000               4000000             3.8525552E-04         1.0000000E+30            396389       
 NEXT SEEDS: DF26315      10       0       0       0       0   181CD    3039       0       0
    6200000               3800000               3800000             3.8526583E-04         1.0000000E+30            409822       
 NEXT SEEDS:2E39E55C      10       0       0       0       0   181CD    3039       0       0
    6400000               3600000               3600000             3.8529799E-04         1.0000000E+30            423173       
 NEXT SEEDS:1303A65B      11       0       0       0       0   181CD    3039       0       0
    6600000               3400000               3400000             3.8535691E-04         1.0000000E+30            436704       
 NEXT SEEDS:33727FD9      11       0       0       0       0   181CD    3039       0       0
    6800000               3200000               3200000             3.8532943E-04         1.0000000E+30            449827       
 NEXT SEEDS:180E9B35      12       0       0       0       0   181CD    3039       0       0
    7000000               3000000               3000000             3.8528919E-04         1.0000000E+30            462942       
 NEXT SEEDS:3837E107      12       0       0       0       0   181CD    3039       0       0
    7200000               2800000               2800000             3.8525481E-04         1.0000000E+30            476110       
 NEXT SEEDS:1CCEDE73      13       0       0       0       0   181CD    3039       0       0
    7400000               2600000               2600000             3.8529754E-04         1.0000000E+30            489318       
 NEXT SEEDS: 17541F1      14       0       0       0       0   181CD    3039       0       0
    7600000               2400000               2400000             3.8524387E-04         1.0000000E+30            502403       
 NEXT SEEDS:2199949A      14       0       0       0       0   181CD    3039       0       0
    7800000               2200000               2200000             3.8525327E-04         1.0000000E+30            515711       
 NEXT SEEDS: 64DA008      15       0       0       0       0   181CD    3039       0       0
    8000000               2000000               2000000             3.8524297E-04         1.0000000E+30            528957       
 NEXT SEEDS:2684384C      15       0       0       0       0   181CD    3039       0       0
    8200000               1800000               1800000             3.8521522E-04         1.0000000E+30            542033       
 NEXT SEEDS: B2764B1      16       0       0       0       0   181CD    3039       0       0
    8400000               1600000               1600000             3.8519466E-04         1.0000000E+30            555118       
 NEXT SEEDS:2B6174A6      16       0       0       0       0   181CD    3039       0       0
    8600000               1400000               1400000             3.8520461E-04         1.0000000E+30            568374       
 NEXT SEEDS:101653E6      17       0       0       0       0   181CD    3039       0       0
    8800000               1200000               1200000             3.8519483E-04         1.0000000E+30            581378       
 NEXT SEEDS:3048EDD8      17       0       0       0       0   181CD    3039       0       0
    9000000               1000000               1000000             3.8516226E-04         1.0000000E+30            594629       
 NEXT SEEDS:14DCC827      18       0       0       0       0   181CD    3039       0       0
 COUSET, TXYZ:  0.999999999994741      3.162875027743150E-02  0.999499685915593    
    9200000                800000                800000             3.8513793E-04         1.0000000E+30            607901       
 NEXT SEEDS:350A9DA7      18       0       0       0       0   181CD    3039       0       0
    9400000                600000                600000             3.8511892E-04         1.0000000E+30            621060       
 NEXT SEEDS:19A6FCE0      19       0       0       0       0   181CD    3039       0       0
    9600000                400000                400000             3.8511720E-04         1.0000000E+30            634370       
 NEXT SEEDS:39E2B84D      19       0       0       0       0   181CD    3039       0       0
    9800000                200000                200000             3.8516319E-04         1.0000000E+30            647923       
 NEXT SEEDS:1EC0DD30      1A       0       0       0       0   181CD    3039       0       0
    9999950                    50                    50             3.8516867E-04         1.0000000E+30            661041       
 NEXT SEEDS: 368FC7C      1B       0       0       0       0   181CD    3039       0       0
    9999951                    49                    49             3.8516870E-04         1.0000000E+30            661041       
 NEXT SEEDS: 3690861      1B       0       0       0       0   181CD    3039       0       0
    9999952                    48                    48             3.8516871E-04         1.0000000E+30            661041       
 NEXT SEEDS: 369128A      1B       0       0       0       0   181CD    3039       0       0
    9999953                    47                    47             3.8516870E-04         1.0000000E+30            661041       
 NEXT SEEDS: 3691AB7      1B       0       0       0       0   181CD    3039       0       0
    9999954                    46                    46             3.8516871E-04         1.0000000E+30            661041       
 NEXT SEEDS: 3692000      1B       0       0       0       0   181CD    3039       0       0
    9999955                    45                    45             3.8516869E-04         1.0000000E+30            661041       
 NEXT SEEDS: 369280B      1B       0       0       0       0   181CD    3039       0       0
    9999956                    44                    44             3.8516870E-04         1.0000000E+30            661041       
 NEXT SEEDS: 3693638      1B       0       0       0       0   181CD    3039       0       0
    9999957                    43                    43             3.8516874E-04         1.0000000E+30            661042       
 NEXT SEEDS: 3694420      1B       0       0       0       0   181CD    3039       0       0
    9999958                    42                    42             3.8516875E-04         1.0000000E+30            661042       
 NEXT SEEDS: 3694CF0      1B       0       0       0       0   181CD    3039       0       0
    9999959                    41                    41             3.8516871E-04         1.0000000E+30            661042       
 NEXT SEEDS: 369569E      1B       0       0       0       0   181CD    3039       0       0
    9999960                    40                    40             3.8516867E-04         1.0000000E+30            661042       
 NEXT SEEDS: 369603D      1B       0       0       0       0   181CD    3039       0       0
    9999961                    39                    39             3.8516863E-04         1.0000000E+30            661043       
 NEXT SEEDS: 369788E      1B       0       0       0       0   181CD    3039       0       0
    9999962                    38                    38             3.8516859E-04         1.0000000E+30            661045       
 NEXT SEEDS: 369AB5F      1B       0       0       0       0   181CD    3039       0       0
    9999963                    37                    37             3.8516858E-04         1.0000000E+30            661045       
 NEXT SEEDS: 369AFCC      1B       0       0       0       0   181CD    3039       0       0
    9999964                    36                    36             3.8516857E-04         1.0000000E+30            661045       
 NEXT SEEDS: 369B98E      1B       0       0       0       0   181CD    3039       0       0
    9999965                    35                    35             3.8516858E-04         1.0000000E+30            661045       
 NEXT SEEDS: 369C4BF      1B       0       0       0       0   181CD    3039       0       0
    9999966                    34                    34             3.8516859E-04         1.0000000E+30            661045       
 NEXT SEEDS: 369CF32      1B       0       0       0       0   181CD    3039       0       0
    9999967                    33                    33             3.8516862E-04         1.0000000E+30            661045       
 NEXT SEEDS: 369DC20      1B       0       0       0       0   181CD    3039       0       0
    9999968                    32                    32             3.8516883E-04         1.0000000E+30            661046       
 NEXT SEEDS: 36A1B9D      1B       0       0       0       0   181CD    3039       0       0
    9999969                    31                    31             3.8516884E-04         1.0000000E+30            661046       
 NEXT SEEDS: 36A258F      1B       0       0       0       0   181CD    3039       0       0
    9999970                    30                    30             3.8516882E-04         1.0000000E+30            661046       
 NEXT SEEDS: 36A298C      1B       0       0       0       0   181CD    3039       0       0
    9999971                    29                    29             3.8516883E-04         1.0000000E+30            661046       
 NEXT SEEDS: 36A34EA      1B       0       0       0       0   181CD    3039       0       0
    9999972                    28                    28             3.8516884E-04         1.0000000E+30            661046       
 NEXT SEEDS: 36A3DC6      1B       0       0       0       0   181CD    3039       0       0
    9999973                    27                    27             3.8516885E-04         1.0000000E+30            661046       
 NEXT SEEDS: 36A4701      1B       0       0       0       0   181CD    3039       0       0
    9999974                    26                    26             3.8516886E-04         1.0000000E+30            661046       
 NEXT SEEDS: 36A5385      1B       0       0       0       0   181CD    3039       0       0
    9999975                    25                    25             3.8516888E-04         1.0000000E+30            661046       
 NEXT SEEDS: 36A5CC4      1B       0       0       0       0   181CD    3039       0       0
    9999976                    24                    24             3.8516903E-04         1.0000000E+30            661047       
 NEXT SEEDS: 36A8AC9      1B       0       0       0       0   181CD    3039       0       0
    9999977                    23                    23             3.8516904E-04         1.0000000E+30            661047       
 NEXT SEEDS: 36A9286      1B       0       0       0       0   181CD    3039       0       0
    9999978                    22                    22             3.8516905E-04         1.0000000E+30            661047       
 NEXT SEEDS: 36AA037      1B       0       0       0       0   181CD    3039       0       0
    9999979                    21                    21             3.8516906E-04         1.0000000E+30            661047       
 NEXT SEEDS: 36AAB2C      1B       0       0       0       0   181CD    3039       0       0
    9999980                    20                    20             3.8516905E-04         1.0000000E+30            661047       
 NEXT SEEDS: 36AB299      1B       0       0       0       0   181CD    3039       0       0
    9999981                    19                    19             3.8516908E-04         1.0000000E+30            661047       
 NEXT SEEDS: 36ABDF8      1B       0       0       0       0   181CD    3039       0       0
    9999982                    18                    18             3.8516907E-04         1.0000000E+30            661047       
 NEXT SEEDS: 36AC5FA      1B       0       0       0       0   181CD    3039       0       0
    9999983                    17                    17             3.8516906E-04         1.0000000E+30            661047       
 NEXT SEEDS: 36AC997      1B       0       0       0       0   181CD    3039       0       0
    9999984                    16                    16             3.8516904E-04         1.0000000E+30            661047       
 NEXT SEEDS: 36AD0A7      1B       0       0       0       0   181CD    3039       0       0
    9999985                    15                    15             3.8516905E-04         1.0000000E+30            661047       
 NEXT SEEDS: 36AD8B9      1B       0       0       0       0   181CD    3039       0       0
    9999986                    14                    14             3.8516906E-04         1.0000000E+30            661047       
 NEXT SEEDS: 36AE284      1B       0       0       0       0   181CD    3039       0       0
    9999987                    13                    13             3.8516905E-04         1.0000000E+30            661047       
 NEXT SEEDS: 36AE744      1B       0       0       0       0   181CD    3039       0       0
    9999988                    12                    12             3.8516930E-04         1.0000000E+30            661048       
 NEXT SEEDS: 36B3836      1B       0       0       0       0   181CD    3039       0       0
    9999989                    11                    11             3.8516929E-04         1.0000000E+30            661048       
 NEXT SEEDS: 36B3E57      1B       0       0       0       0   181CD    3039       0       0
    9999990                    10                    10             3.8516927E-04         1.0000000E+30            661048       
 NEXT SEEDS: 36B44D6      1B       0       0       0       0   181CD    3039       0       0
    9999991                     9                     9             3.8516928E-04         1.0000000E+30            661048       
 NEXT SEEDS: 36B4F6F      1B       0       0       0       0   181CD    3039       0       0
    9999992                     8                     8             3.8516929E-04         1.0000000E+30            661048       
 NEXT SEEDS: 36B5817      1B       0       0       0       0   181CD    3039       0       0
    9999993                     7                     7             3.8516930E-04         1.0000000E+30            661048       
 NEXT SEEDS: 36B5FE1      1B       0       0       0       0   181CD    3039       0       0
    9999994                     6                     6             3.8516932E-04         1.0000000E+30            661049       
 NEXT SEEDS: 36B6F5C      1B       0       0       0       0   181CD    3039       0       0
    9999995                     5                     5             3.8516933E-04         1.0000000E+30            661049       
 NEXT SEEDS: 36B7887      1B       0       0       0       0   181CD    3039       0       0
    9999996                     4                     4             3.8516934E-04         1.0000000E+30            661049       
 NEXT SEEDS: 36B7F4F      1B       0       0       0       0   181CD    3039       0       0
    9999997                     3                     3             3.8516932E-04         1.0000000E+30            661049       
 NEXT SEEDS: 36B842B      1B       0       0       0       0   181CD    3039       0       0
    9999998                     2                     2             3.8516933E-04         1.0000000E+30            661049       
 NEXT SEEDS: 36B8EA0      1B       0       0       0       0   181CD    3039       0       0
    9999999                     1                     1             3.8516934E-04         1.0000000E+30            661049       
 NEXT SEEDS: 36B9D24      1B       0       0       0       0   181CD    3039       0       0
   10000000                     0                     1             3.8516933E-04         1.0000000E+30            661049       
 NEXT SEEDS: 36BA506      1B       0       0       0       0   181CD    3039       0       0
