1NUMBER OF BEAM       NUMBER OF BEAM        APPROXIMATE NUMBER    AVERAGE TIME USED     TIME LEFT (RESERVED   NUMBER OF STARS
 PARTICLES HANDLED    PARTICLES LEFT        OF BEAM PARTICLES     BY A BEAM PARTICLE     10000.0 SECONDS      CREATED
                                            THAT CAN STILL BE                           FOR PRINTOUT)
                                            HANDLED

 NEXT SEEDS:       0       0       0       0       0       0   181CD    3039       0       0
          1                999999                999999             1.8980503E-03         1.0000000E+30                 0       
 NEXT SEEDS:    24CE       0       0       0       0       0   181CD    3039       0       0
      20000                980000                980000             3.7469116E-03         1.0000000E+30              4647       
 NEXT SEEDS: BF7A84E       0       0       0       0       0   181CD    3039       0       0
      40000                960000                960000             3.5660852E-03         1.0000000E+30              9328       
 NEXT SEEDS:17F653C5       0       0       0       0       0   181CD    3039       0       0
      60000                940000                940000             3.4691036E-03         1.0000000E+30             14151       
 NEXT SEEDS:23F73C8A       0       0       0       0       0   181CD    3039       0       0
      80000                920000                920000             3.4506526E-03         1.0000000E+30             18845       
 NEXT SEEDS:300D2D4B       0       0       0       0       0   181CD    3039       0       0
     100000                900000                900000             3.4643063E-03         1.0000000E+30             23635       
 NEXT SEEDS:  8946B4       1       0       0       0       0   181CD    3039       0       0
     120000                880000                880000             3.4503710E-03         1.0000000E+30             28385       
 NEXT SEEDS: C9DB6B5       1       0       0       0       0   181CD    3039       0       0
     140000                860000                860000             3.4753659E-03         1.0000000E+30             33183       
 NEXT SEEDS:189E477A       1       0       0       0       0   181CD    3039       0       0
     160000                840000                840000             3.4646322E-03         1.0000000E+30             37991       
 NEXT SEEDS:24A7AF21       1       0       0       0       0   181CD    3039       0       0
     180000                820000                820000             3.4544845E-03         1.0000000E+30             42783       
 NEXT SEEDS:30A5B2C4       1       0       0       0       0   181CD    3039       0       0
     200000                800000                800000             3.4586854E-03         1.0000000E+30             47504       
 NEXT SEEDS:  F967B7       2       0       0       0       0   181CD    3039       0       0
     220000                780000                780000             3.4687160E-03         1.0000000E+30             52140       
 NEXT SEEDS: D00BEBF       2       0       0       0       0   181CD    3039       0       0
     240000                760000                760000             3.4780170E-03         1.0000000E+30             56847       
 NEXT SEEDS:190268DF       2       0       0       0       0   181CD    3039       0       0
     260000                740000                740000             3.4686454E-03         1.0000000E+30             61493       
 NEXT SEEDS:24FEB373       2       0       0       0       0   181CD    3039       0       0
     280000                720000                720000             3.4860729E-03         1.0000000E+30             66111       
 NEXT SEEDS:30FEC44F       2       0       0       0       0   181CD    3039       0       0
     300000                700000                700000             3.4849844E-03         1.0000000E+30             70741       
 NEXT SEEDS: 1627002       3       0       0       0       0   181CD    3039       0       0
     320000                680000                680000             3.4785914E-03         1.0000000E+30             75521       
 NEXT SEEDS: D695426       3       0       0       0       0   181CD    3039       0       0
     340000                660000                660000             3.4914280E-03         1.0000000E+30             80331       
 NEXT SEEDS:19A3CCF9       3       0       0       0       0   181CD    3039       0       0
     360000                640000                640000             3.5024138E-03         1.0000000E+30             85153       
 NEXT SEEDS:25A12E37       3       0       0       0       0   181CD    3039       0       0
     380000                620000                620000             3.4999716E-03         1.0000000E+30             89819       
 NEXT SEEDS:31AA051A       3       0       0       0       0   181CD    3039       0       0
     400000                600000                600000             3.5122661E-03         1.0000000E+30             94594       
 NEXT SEEDS: 2157C11       4       0       0       0       0   181CD    3039       0       0
     420000                580000                580000             3.5122159E-03         1.0000000E+30             99406       
 NEXT SEEDS: E406F50       4       0       0       0       0   181CD    3039       0       0
     440000                560000                560000             3.5152684E-03         1.0000000E+30            104205       
 NEXT SEEDS:1A49B2C4       4       0       0       0       0   181CD    3039       0       0
     460000                540000                540000             3.5217547E-03         1.0000000E+30            109067       
 NEXT SEEDS:26612FA9       4       0       0       0       0   181CD    3039       0       0
     480000                520000                520000             3.5196118E-03         1.0000000E+30            113810       
 NEXT SEEDS:32690675       4       0       0       0       0   181CD    3039       0       0
     500000                500000                500000             3.5201362E-03         1.0000000E+30            118546       
 NEXT SEEDS: 2C9CAC6       5       0       0       0       0   181CD    3039       0       0
     520000                480000                480000             3.5256880E-03         1.0000000E+30            123235       
 NEXT SEEDS: ED47EBD       5       0       0       0       0   181CD    3039       0       0
     540000                460000                460000             3.5309588E-03         1.0000000E+30            128026       
 NEXT SEEDS:1AD06FE0       5       0       0       0       0   181CD    3039       0       0
     560000                440000                440000             3.5339754E-03         1.0000000E+30            132748       
 NEXT SEEDS:26D431FE       5       0       0       0       0   181CD    3039       0       0
     580000                420000                420000             3.5366814E-03         1.0000000E+30            137358       
 NEXT SEEDS:32D4D5BC       5       0       0       0       0   181CD    3039       0       0
 COUSET, TXYZ:  0.999999999982145     -0.615914165109197      0.787813265426605    
     600000                400000                400000             3.5389426E-03         1.0000000E+30            142110       
 NEXT SEEDS: 33A42B6       6       0       0       0       0   181CD    3039       0       0
     620000                380000                380000             3.5442605E-03         1.0000000E+30            146889       
 NEXT SEEDS: F4760E2       6       0       0       0       0   181CD    3039       0       0
     640000                360000                360000             3.5483671E-03         1.0000000E+30            151622       
 NEXT SEEDS:1B509166       6       0       0       0       0   181CD    3039       0       0
     660000                340000                340000             3.5503060E-03         1.0000000E+30            156304       
 NEXT SEEDS:275AA138       6       0       0       0       0   181CD    3039       0       0
     680000                320000                320000             3.5520997E-03         1.0000000E+30            161059       
 NEXT SEEDS:3356E862       6       0       0       0       0   181CD    3039       0       0
     700000                300000                300000             3.5585520E-03         1.0000000E+30            165880       
 NEXT SEEDS: 3C48CB7       7       0       0       0       0   181CD    3039       0       0
     720000                280000                280000             3.5584487E-03         1.0000000E+30            170607       
 NEXT SEEDS: FD705BE       7       0       0       0       0   181CD    3039       0       0
     740000                260000                260000             3.5609343E-03         1.0000000E+30            175279       
 NEXT SEEDS:1BCDE5A9       7       0       0       0       0   181CD    3039       0       0
     760000                240000                240000             3.5624590E-03         1.0000000E+30            179971       
 NEXT SEEDS:27D506EC       7       0       0       0       0   181CD    3039       0       0
     780000                220000                220000             3.5649149E-03         1.0000000E+30            184610       
 NEXT SEEDS:33D681BA       7       0       0       0       0   181CD    3039       0       0
     800000                200000                200000             3.5664555E-03         1.0000000E+30            189228       
 NEXT SEEDS: 42E86FE       8       0       0       0       0   181CD    3039       0       0
     820000                180000                180000             3.5635511E-03         1.0000000E+30            193972       
 NEXT SEEDS:1038B3C3       8       0       0       0       0   181CD    3039       0       0
     840000                160000                160000             3.5646296E-03         1.0000000E+30            198779       
 NEXT SEEDS:1C4305E5       8       0       0       0       0   181CD    3039       0       0
     860000                140000                140000             3.5667859E-03         1.0000000E+30            203520       
 NEXT SEEDS:28513847       8       0       0       0       0   181CD    3039       0       0
     880000                120000                120000             3.5630444E-03         1.0000000E+30            208247       
 NEXT SEEDS:34548EED       8       0       0       0       0   181CD    3039       0       0
     900000                100000                100000             3.5682461E-03         1.0000000E+30            213010       
 NEXT SEEDS: 4B56CEB       9       0       0       0       0   181CD    3039       0       0
     920000                 80000                 80000             3.5680235E-03         1.0000000E+30            217732       
 NEXT SEEDS:10BB830F       9       0       0       0       0   181CD    3039       0       0
     940000                 60000                 60000             3.5666585E-03         1.0000000E+30            222413       
 NEXT SEEDS:1CAD9524       9       0       0       0       0   181CD    3039       0       0
     960000                 40000                 40000             3.5695212E-03         1.0000000E+30            227182       
 NEXT SEEDS:28BFDD2C       9       0       0       0       0   181CD    3039       0       0
     980000                 20000                 20000             3.5696606E-03         1.0000000E+30            231917       
 NEXT SEEDS:34CCEC40       9       0       0       0       0   181CD    3039       0       0
     999950                    50                    50             3.5699464E-03         1.0000000E+30            236596       
 NEXT SEEDS: 526ADB7       A       0       0       0       0   181CD    3039       0       0
     999951                    49                    49             3.5699450E-03         1.0000000E+30            236596       
 NEXT SEEDS: 526D56B       A       0       0       0       0   181CD    3039       0       0
     999952                    48                    48             3.5699454E-03         1.0000000E+30            236597       
 NEXT SEEDS: 527445B       A       0       0       0       0   181CD    3039       0       0
     999953                    47                    47             3.5699445E-03         1.0000000E+30            236598       
 NEXT SEEDS: 527711F       A       0       0       0       0   181CD    3039       0       0
     999954                    46                    46             3.5699426E-03         1.0000000E+30            236598       
 NEXT SEEDS: 52791D6       A       0       0       0       0   181CD    3039       0       0
     999955                    45                    45             3.5699408E-03         1.0000000E+30            236598       
 NEXT SEEDS: 527AF74       A       0       0       0       0   181CD    3039       0       0
     999956                    44                    44             3.5699391E-03         1.0000000E+30            236598       
 NEXT SEEDS: 527D53F       A       0       0       0       0   181CD    3039       0       0
     999957                    43                    43             3.5699373E-03         1.0000000E+30            236598       
 NEXT SEEDS: 527F329       A       0       0       0       0   181CD    3039       0       0
     999958                    42                    42             3.5699366E-03         1.0000000E+30            236599       
 NEXT SEEDS: 5282D3D       A       0       0       0       0   181CD    3039       0       0
     999959                    41                    41             3.5699348E-03         1.0000000E+30            236599       
 NEXT SEEDS: 5284EF4       A       0       0       0       0   181CD    3039       0       0
     999960                    40                    40             3.5699334E-03         1.0000000E+30            236600       
 NEXT SEEDS: 52876A5       A       0       0       0       0   181CD    3039       0       0
     999961                    39                    39             3.5699318E-03         1.0000000E+30            236600       
 NEXT SEEDS: 5289AE6       A       0       0       0       0   181CD    3039       0       0
     999962                    38                    38             3.5699302E-03         1.0000000E+30            236600       
 NEXT SEEDS: 528C147       A       0       0       0       0   181CD    3039       0       0
     999963                    37                    37             3.5699305E-03         1.0000000E+30            236601       
 NEXT SEEDS: 52908B8       A       0       0       0       0   181CD    3039       0       0
     999964                    36                    36             3.5699301E-03         1.0000000E+30            236602       
 NEXT SEEDS: 5295363       A       0       0       0       0   181CD    3039       0       0
     999965                    35                    35             3.5699283E-03         1.0000000E+30            236602       
 NEXT SEEDS: 52971D5       A       0       0       0       0   181CD    3039       0       0
     999966                    34                    34             3.5699266E-03         1.0000000E+30            236603       
 NEXT SEEDS: 529938E       A       0       0       0       0   181CD    3039       0       0
     999967                    33                    33             3.5699253E-03         1.0000000E+30            236603       
 NEXT SEEDS: 529AF28       A       0       0       0       0   181CD    3039       0       0
     999968                    32                    32             3.5699217E-03         1.0000000E+30            236603       
 NEXT SEEDS: 529D4DA       A       0       0       0       0   181CD    3039       0       0
     999969                    31                    31             3.5699186E-03         1.0000000E+30            236604       
 NEXT SEEDS: 52A0AD9       A       0       0       0       0   181CD    3039       0       0
     999970                    30                    30             3.5699170E-03         1.0000000E+30            236604       
 NEXT SEEDS: 52A29B2       A       0       0       0       0   181CD    3039       0       0
     999971                    29                    29             3.5699151E-03         1.0000000E+30            236604       
 NEXT SEEDS: 52A49FF       A       0       0       0       0   181CD    3039       0       0
     999972                    28                    28             3.5699133E-03         1.0000000E+30            236604       
 NEXT SEEDS: 52A69A5       A       0       0       0       0   181CD    3039       0       0
     999973                    27                    27             3.5699117E-03         1.0000000E+30            236604       
 NEXT SEEDS: 52A8EF8       A       0       0       0       0   181CD    3039       0       0
     999974                    26                    26             3.5699098E-03         1.0000000E+30            236604       
 NEXT SEEDS: 52AAF2D       A       0       0       0       0   181CD    3039       0       0
     999975                    25                    25             3.5699082E-03         1.0000000E+30            236604       
 NEXT SEEDS: 52AD4AF       A       0       0       0       0   181CD    3039       0       0
     999976                    24                    24             3.5699066E-03         1.0000000E+30            236604       
 NEXT SEEDS: 52AF9CC       A       0       0       0       0   181CD    3039       0       0
     999977                    23                    23             3.5699047E-03         1.0000000E+30            236604       
 NEXT SEEDS: 52B1D1B       A       0       0       0       0   181CD    3039       0       0
     999978                    22                    22             3.5699028E-03         1.0000000E+30            236604       
 NEXT SEEDS: 52B3C23       A       0       0       0       0   181CD    3039       0       0
     999979                    21                    21             3.5699020E-03         1.0000000E+30            236605       
 NEXT SEEDS: 52B6F6F       A       0       0       0       0   181CD    3039       0       0
     999980                    20                    20             3.5699001E-03         1.0000000E+30            236605       
 NEXT SEEDS: 52B8DDB       A       0       0       0       0   181CD    3039       0       0
     999981                    19                    19             3.5699007E-03         1.0000000E+30            236606       
 NEXT SEEDS: 52BD805       A       0       0       0       0   181CD    3039       0       0
     999982                    18                    18             3.5698991E-03         1.0000000E+30            236606       
 NEXT SEEDS: 52BFC1C       A       0       0       0       0   181CD    3039       0       0
     999983                    17                    17             3.5698992E-03         1.0000000E+30            236607       
 NEXT SEEDS: 52C3FFC       A       0       0       0       0   181CD    3039       0       0
     999984                    16                    16             3.5698975E-03         1.0000000E+30            236607       
 NEXT SEEDS: 52C6399       A       0       0       0       0   181CD    3039       0       0
     999985                    15                    15             3.5698957E-03         1.0000000E+30            236607       
 NEXT SEEDS: 52C83B2       A       0       0       0       0   181CD    3039       0       0
     999986                    14                    14             3.5698943E-03         1.0000000E+30            236608       
 NEXT SEEDS: 52CAC8B       A       0       0       0       0   181CD    3039       0       0
     999987                    13                    13             3.5698927E-03         1.0000000E+30            236608       
 NEXT SEEDS: 52CCFE4       A       0       0       0       0   181CD    3039       0       0
     999988                    12                    12             3.5698908E-03         1.0000000E+30            236608       
 NEXT SEEDS: 52CEC0D       A       0       0       0       0   181CD    3039       0       0
     999989                    11                    11             3.5698890E-03         1.0000000E+30            236608       
 NEXT SEEDS: 52D0DFB       A       0       0       0       0   181CD    3039       0       0
     999990                    10                    10             3.5698876E-03         1.0000000E+30            236608       
 NEXT SEEDS: 52D391D       A       0       0       0       0   181CD    3039       0       0
     999991                     9                     9             3.5698874E-03         1.0000000E+30            236610       
 NEXT SEEDS: 52D768A       A       0       0       0       0   181CD    3039       0       0
     999992                     8                     8             3.5698858E-03         1.0000000E+30            236610       
 NEXT SEEDS: 52D9C31       A       0       0       0       0   181CD    3039       0       0
     999993                     7                     7             3.5698842E-03         1.0000000E+30            236610       
 NEXT SEEDS: 52DC1E8       A       0       0       0       0   181CD    3039       0       0
     999994                     6                     6             3.5698821E-03         1.0000000E+30            236610       
 NEXT SEEDS: 52DDF9A       A       0       0       0       0   181CD    3039       0       0
     999995                     5                     5             3.5698800E-03         1.0000000E+30            236610       
 NEXT SEEDS: 52DF978       A       0       0       0       0   181CD    3039       0       0
     999996                     4                     4             3.5698784E-03         1.0000000E+30            236610       
 NEXT SEEDS: 52E205C       A       0       0       0       0   181CD    3039       0       0
     999997                     3                     3             3.5698763E-03         1.0000000E+30            236610       
 NEXT SEEDS: 52E3AE3       A       0       0       0       0   181CD    3039       0       0
     999998                     2                     2             3.5698759E-03         1.0000000E+30            236611       
 NEXT SEEDS: 52E7625       A       0       0       0       0   181CD    3039       0       0
     999999                     1                     1             3.5698745E-03         1.0000000E+30            236611       
 NEXT SEEDS: 52E9E9D       A       0       0       0       0   181CD    3039       0       0
    1000000                     0                     1             3.5698731E-03         1.0000000E+30            236611       
 NEXT SEEDS: 52ECA63       A       0       0       0       0   181CD    3039       0       0
