1NUMBER OF BEAM       NUMBER OF BEAM        APPROXIMATE NUMBER    AVERAGE TIME USED     TIME LEFT (RESERVED   NUMBER OF STARS
 PARTICLES HANDLED    PARTICLES LEFT        OF BEAM PARTICLES     BY A BEAM PARTICLE     10000.0 SECONDS      CREATED
                                            THAT CAN STILL BE                           FOR PRINTOUT)
                                            HANDLED

 NEXT SEEDS:       0       0       0       0       0       0   181CD    3039       0       0
          1               9999999               9999999             3.5500526E-04         1.0000000E+30                 0       
 NEXT SEEDS:     5EE       0       0       0       0       0   181CD    3039       0       0
     200000               9800000               9800000             3.9167601E-04         1.0000000E+30             13258       
 NEXT SEEDS:20688F1E       0       0       0       0       0   181CD    3039       0       0
     400000               9600000               9600000             3.9128759E-04         1.0000000E+30             26446       
 NEXT SEEDS: 53462B9       1       0       0       0       0   181CD    3039       0       0
 COUSET, TXYZ:   1.00000000000688     -0.799506663765933      0.600657218892463    
     600000               9400000               9400000             3.9061987E-04         1.0000000E+30             39484       
 NEXT SEEDS:257596D1       1       0       0       0       0   181CD    3039       0       0
     800000               9200000               9200000             3.9054923E-04         1.0000000E+30             52485       
 NEXT SEEDS: A291266       2       0       0       0       0   181CD    3039       0       0
    1000000               9000000               9000000             3.9032464E-04         1.0000000E+30             65564       
 NEXT SEEDS:2A6C581D       2       0       0       0       0   181CD    3039       0       0
    1200000               8800000               8800000             3.9029835E-04         1.0000000E+30             78771       
 NEXT SEEDS: F14D79D       3       0       0       0       0   181CD    3039       0       0
    1400000               8600000               8600000             3.9007744E-04         1.0000000E+30             91596       
 NEXT SEEDS:2F3FF63A       3       0       0       0       0   181CD    3039       0       0
    1600000               8400000               8400000             3.9033914E-04         1.0000000E+30            104744       
 NEXT SEEDS:13E678F0       4       0       0       0       0   181CD    3039       0       0
    1800000               8200000               8200000             3.9022170E-04         1.0000000E+30            117673       
 NEXT SEEDS:34209632       4       0       0       0       0   181CD    3039       0       0
    2000000               8000000               8000000             3.9017481E-04         1.0000000E+30            130760       
 NEXT SEEDS:18C662EA       5       0       0       0       0   181CD    3039       0       0
    2200000               7800000               7800000             3.9011842E-04         1.0000000E+30            143676       
 NEXT SEEDS:38FE6030       5       0       0       0       0   181CD    3039       0       0
    2400000               7600000               7600000             3.9011498E-04         1.0000000E+30            156664       
 NEXT SEEDS:1DAD9CCC       6       0       0       0       0   181CD    3039       0       0
 COUSET, TXYZ:  0.999999999988722     -0.342673240381324      0.939454655799846    
    2600000               7400000               7400000             3.9006154E-04         1.0000000E+30            169718       
 NEXT SEEDS: 2511CC6       7       0       0       0       0   181CD    3039       0       0
    2800000               7200000               7200000             3.9002614E-04         1.0000000E+30            182661       
 NEXT SEEDS:228BEB08       7       0       0       0       0   181CD    3039       0       0
    3000000               7000000               7000000             3.9005752E-04         1.0000000E+30            195952       
 NEXT SEEDS: 7452868       8       0       0       0       0   181CD    3039       0       0
    3200000               6800000               6800000             3.9011347E-04         1.0000000E+30            209183       
 NEXT SEEDS:279BEA58       8       0       0       0       0   181CD    3039       0       0
    3400000               6600000               6600000             3.9005449E-04         1.0000000E+30            222024       
 NEXT SEEDS: C46D3A0       9       0       0       0       0   181CD    3039       0       0
    3600000               6400000               6400000             3.9006296E-04         1.0000000E+30            235227       
 NEXT SEEDS:2C9714AB       9       0       0       0       0   181CD    3039       0       0
    3800000               6200000               6200000             3.9000249E-04         1.0000000E+30            248206       
 NEXT SEEDS:1124808B       A       0       0       0       0   181CD    3039       0       0
    4000000               6000000               6000000             3.9000866E-04         1.0000000E+30            261389       
 NEXT SEEDS:3171F0E1       A       0       0       0       0   181CD    3039       0       0
    4200000               5800000               5800000             3.8996189E-04         1.0000000E+30            274366       
 NEXT SEEDS:161197D5       B       0       0       0       0   181CD    3039       0       0
    4400000               5600000               5600000             3.9000385E-04         1.0000000E+30            287507       
 NEXT SEEDS:3669E845       B       0       0       0       0   181CD    3039       0       0
    4600000               5400000               5400000             3.9005219E-04         1.0000000E+30            300622       
 NEXT SEEDS:1B32F863       C       0       0       0       0   181CD    3039       0       0
    4800000               5200000               5200000             3.9006433E-04         1.0000000E+30            313710       
 NEXT SEEDS:3B7AF4C8       C       0       0       0       0   181CD    3039       0       0
    5000000               5000000               5000000             3.9009389E-04         1.0000000E+30            326853       
 NEXT SEEDS:2038A640       D       0       0       0       0   181CD    3039       0       0
    5200000               4800000               4800000             3.9012692E-04         1.0000000E+30            340031       
 NEXT SEEDS: 4F520CF       E       0       0       0       0   181CD    3039       0       0
 COUSET, TXYZ:  0.999999999988932      8.188148792326081E-03  0.999966476536698    
    5400000               4600000               4600000             3.9014634E-04         1.0000000E+30            353116       
 NEXT SEEDS:253D8234       E       0       0       0       0   181CD    3039       0       0
    5600000               4400000               4400000             3.9011461E-04         1.0000000E+30            366035       
 NEXT SEEDS: 9D8F403       F       0       0       0       0   181CD    3039       0       0
    5800000               4200000               4200000             3.9013431E-04         1.0000000E+30            379262       
 NEXT SEEDS:2A295B7A       F       0       0       0       0   181CD    3039       0       0
    6000000               4000000               4000000             3.9013447E-04         1.0000000E+30            392482       
 NEXT SEEDS: ECB9DB9      10       0       0       0       0   181CD    3039       0       0
    6200000               3800000               3800000             3.9019590E-04         1.0000000E+30            405568       
 NEXT SEEDS:2F058208      10       0       0       0       0   181CD    3039       0       0
    6400000               3600000               3600000             3.9018440E-04         1.0000000E+30            418623       
 NEXT SEEDS:13B9793A      11       0       0       0       0   181CD    3039       0       0
    6600000               3400000               3400000             3.9014004E-04         1.0000000E+30            431488       
 NEXT SEEDS:33E62D1A      11       0       0       0       0   181CD    3039       0       0
    6800000               3200000               3200000             3.9013754E-04         1.0000000E+30            444565       
 NEXT SEEDS:189100F2      12       0       0       0       0   181CD    3039       0       0
    7000000               3000000               3000000             3.9008782E-04         1.0000000E+30            457474       
 NEXT SEEDS:38B33BDB      12       0       0       0       0   181CD    3039       0       0
    7200000               2800000               2800000             3.9008232E-04         1.0000000E+30            470490       
 NEXT SEEDS:1D5AE2DF      13       0       0       0       0   181CD    3039       0       0
    7400000               2600000               2600000             3.9005654E-04         1.0000000E+30            483543       
 NEXT SEEDS: 1F87A87      14       0       0       0       0   181CD    3039       0       0
    7600000               2400000               2400000             3.9008416E-04         1.0000000E+30            496846       
 NEXT SEEDS:2253919B      14       0       0       0       0   181CD    3039       0       0
 COUSET, TXYZ:  0.999999999993849     -0.784575824527600      0.620032882639730    
    7800000               2200000               2200000             3.9007997E-04         1.0000000E+30            509976       
 NEXT SEEDS: 700D24E      15       0       0       0       0   181CD    3039       0       0
    8000000               2000000               2000000             3.9006335E-04         1.0000000E+30            523059       
 NEXT SEEDS:2735A08F      15       0       0       0       0   181CD    3039       0       0
    8200000               1800000               1800000             3.9004537E-04         1.0000000E+30            536030       
 NEXT SEEDS: BD2D03E      16       0       0       0       0   181CD    3039       0       0
 COUSET, TXYZ:  0.999999999993943      0.965797514893002      0.259297435803725    
    8400000               1600000               1600000             3.9004138E-04         1.0000000E+30            549057       
 NEXT SEEDS:2C12C219      16       0       0       0       0   181CD    3039       0       0
    8600000               1400000               1400000             3.9004235E-04         1.0000000E+30            562019       
 NEXT SEEDS:10B40BD0      17       0       0       0       0   181CD    3039       0       0
    8800000               1200000               1200000             3.9006014E-04         1.0000000E+30            575191       
 NEXT SEEDS:310AA9E4      17       0       0       0       0   181CD    3039       0       0
    9000000               1000000               1000000             3.9001828E-04         1.0000000E+30            588151       
 NEXT SEEDS:1594DFE4      18       0       0       0       0   181CD    3039       0       0
    9200000                800000                800000             3.8999806E-04         1.0000000E+30            601135       
 NEXT SEEDS:35C5258C      18       0       0       0       0   181CD    3039       0       0
    9400000                600000                600000             3.8998306E-04         1.0000000E+30            614088       
 NEXT SEEDS:1A65084D      19       0       0       0       0   181CD    3039       0       0
    9600000                400000                400000             3.9000475E-04         1.0000000E+30            627310       
 NEXT SEEDS:3AB96123      19       0       0       0       0   181CD    3039       0       0
    9800000                200000                200000             3.8997307E-04         1.0000000E+30            640187       
 NEXT SEEDS:1F442BA5      1A       0       0       0       0   181CD    3039       0       0
    9999950                    50                    50             3.8994731E-04         1.0000000E+30            653160       
 NEXT SEEDS: 3D267F2      1B       0       0       0       0   181CD    3039       0       0
    9999951                    49                    49             3.8994732E-04         1.0000000E+30            653160       
 NEXT SEEDS: 3D27188      1B       0       0       0       0   181CD    3039       0       0
    9999952                    48                    48             3.8994735E-04         1.0000000E+30            653160       
 NEXT SEEDS: 3D27EC2      1B       0       0       0       0   181CD    3039       0       0
    9999953                    47                    47             3.8994734E-04         1.0000000E+30            653160       
 NEXT SEEDS: 3D2850E      1B       0       0       0       0   181CD    3039       0       0
    9999954                    46                    46             3.8994740E-04         1.0000000E+30            653161       
 NEXT SEEDS: 3D298D1      1B       0       0       0       0   181CD    3039       0       0
    9999955                    45                    45             3.8994738E-04         1.0000000E+30            653161       
 NEXT SEEDS: 3D2A045      1B       0       0       0       0   181CD    3039       0       0
    9999956                    44                    44             3.8994739E-04         1.0000000E+30            653161       
 NEXT SEEDS: 3D2A786      1B       0       0       0       0   181CD    3039       0       0
    9999957                    43                    43             3.8994740E-04         1.0000000E+30            653161       
 NEXT SEEDS: 3D2B335      1B       0       0       0       0   181CD    3039       0       0
    9999958                    42                    42             3.8994741E-04         1.0000000E+30            653161       
 NEXT SEEDS: 3D2C05A      1B       0       0       0       0   181CD    3039       0       0
    9999959                    41                    41             3.8994744E-04         1.0000000E+30            653161       
 NEXT SEEDS: 3D2CF71      1B       0       0       0       0   181CD    3039       0       0
    9999960                    40                    40             3.8994765E-04         1.0000000E+30            653162       
 NEXT SEEDS: 3D3059C      1B       0       0       0       0   181CD    3039       0       0
    9999961                    39                    39             3.8994766E-04         1.0000000E+30            653162       
 NEXT SEEDS: 3D30F35      1B       0       0       0       0   181CD    3039       0       0
    9999962                    38                    38             3.8994767E-04         1.0000000E+30            653162       
 NEXT SEEDS: 3D318F4      1B       0       0       0       0   181CD    3039       0       0
    9999963                    37                    37             3.8994765E-04         1.0000000E+30            653162       
 NEXT SEEDS: 3D32083      1B       0       0       0       0   181CD    3039       0       0
    9999964                    36                    36             3.8994766E-04         1.0000000E+30            653162       
 NEXT SEEDS: 3D3292C      1B       0       0       0       0   181CD    3039       0       0
    9999965                    35                    35             3.8994765E-04         1.0000000E+30            653162       
 NEXT SEEDS: 3D32D85      1B       0       0       0       0   181CD    3039       0       0
    9999966                    34                    34             3.8994764E-04         1.0000000E+30            653162       
 NEXT SEEDS: 3D3346D      1B       0       0       0       0   181CD    3039       0       0
    9999967                    33                    33             3.8994765E-04         1.0000000E+30            653162       
 NEXT SEEDS: 3D33D3E      1B       0       0       0       0   181CD    3039       0       0
    9999968                    32                    32             3.8994765E-04         1.0000000E+30            653162       
 NEXT SEEDS: 3D34855      1B       0       0       0       0   181CD    3039       0       0
    9999969                    31                    31             3.8994769E-04         1.0000000E+30            653163       
 NEXT SEEDS: 3D35E99      1B       0       0       0       0   181CD    3039       0       0
    9999970                    30                    30             3.8994772E-04         1.0000000E+30            653163       
 NEXT SEEDS: 3D36C96      1B       0       0       0       0   181CD    3039       0       0
    9999971                    29                    29             3.8994771E-04         1.0000000E+30            653163       
 NEXT SEEDS: 3D37452      1B       0       0       0       0   181CD    3039       0       0
    9999972                    28                    28             3.8994772E-04         1.0000000E+30            653163       
 NEXT SEEDS: 3D380AC      1B       0       0       0       0   181CD    3039       0       0
    9999973                    27                    27             3.8994778E-04         1.0000000E+30            653163       
 NEXT SEEDS: 3D39441      1B       0       0       0       0   181CD    3039       0       0
    9999974                    26                    26             3.8994779E-04         1.0000000E+30            653163       
 NEXT SEEDS: 3D39FF6      1B       0       0       0       0   181CD    3039       0       0
    9999975                    25                    25             3.8994780E-04         1.0000000E+30            653163       
 NEXT SEEDS: 3D3AA93      1B       0       0       0       0   181CD    3039       0       0
    9999976                    24                    24             3.8994781E-04         1.0000000E+30            653163       
 NEXT SEEDS: 3D3B5D7      1B       0       0       0       0   181CD    3039       0       0
    9999977                    23                    23             3.8994782E-04         1.0000000E+30            653163       
 NEXT SEEDS: 3D3C2A0      1B       0       0       0       0   181CD    3039       0       0
    9999978                    22                    22             3.8994780E-04         1.0000000E+30            653163       
 NEXT SEEDS: 3D3C7FC      1B       0       0       0       0   181CD    3039       0       0
    9999979                    21                    21             3.8994781E-04         1.0000000E+30            653163       
 NEXT SEEDS: 3D3D241      1B       0       0       0       0   181CD    3039       0       0
    9999980                    20                    20             3.8994782E-04         1.0000000E+30            653163       
 NEXT SEEDS: 3D3DF5A      1B       0       0       0       0   181CD    3039       0       0
    9999981                    19                    19             3.8994783E-04         1.0000000E+30            653163       
 NEXT SEEDS: 3D3E822      1B       0       0       0       0   181CD    3039       0       0
    9999982                    18                    18             3.8994784E-04         1.0000000E+30            653163       
 NEXT SEEDS: 3D3F4F9      1B       0       0       0       0   181CD    3039       0       0
    9999983                    17                    17             3.8994785E-04         1.0000000E+30            653163       
 NEXT SEEDS: 3D3FABC      1B       0       0       0       0   181CD    3039       0       0
    9999984                    16                    16             3.8994784E-04         1.0000000E+30            653163       
 NEXT SEEDS: 3D4039A      1B       0       0       0       0   181CD    3039       0       0
    9999985                    15                    15             3.8994785E-04         1.0000000E+30            653163       
 NEXT SEEDS: 3D40A9A      1B       0       0       0       0   181CD    3039       0       0
    9999986                    14                    14             3.8994783E-04         1.0000000E+30            653163       
 NEXT SEEDS: 3D41344      1B       0       0       0       0   181CD    3039       0       0
    9999987                    13                    13             3.8994784E-04         1.0000000E+30            653163       
 NEXT SEEDS: 3D41962      1B       0       0       0       0   181CD    3039       0       0
    9999988                    12                    12             3.8994785E-04         1.0000000E+30            653163       
 NEXT SEEDS: 3D42523      1B       0       0       0       0   181CD    3039       0       0
    9999989                    11                    11             3.8994786E-04         1.0000000E+30            653163       
 NEXT SEEDS: 3D4331B      1B       0       0       0       0   181CD    3039       0       0
    9999990                    10                    10             3.8994787E-04         1.0000000E+30            653163       
 NEXT SEEDS: 3D4394B      1B       0       0       0       0   181CD    3039       0       0
    9999991                     9                     9             3.8994786E-04         1.0000000E+30            653163       
 NEXT SEEDS: 3D440FE      1B       0       0       0       0   181CD    3039       0       0
    9999992                     8                     8             3.8994784E-04         1.0000000E+30            653163       
 NEXT SEEDS: 3D445DB      1B       0       0       0       0   181CD    3039       0       0
    9999993                     7                     7             3.8994785E-04         1.0000000E+30            653163       
 NEXT SEEDS: 3D44F9E      1B       0       0       0       0   181CD    3039       0       0
    9999994                     6                     6             3.8994784E-04         1.0000000E+30            653163       
 NEXT SEEDS: 3D45684      1B       0       0       0       0   181CD    3039       0       0
    9999995                     5                     5             3.8994785E-04         1.0000000E+30            653163       
 NEXT SEEDS: 3D4602D      1B       0       0       0       0   181CD    3039       0       0
    9999996                     4                     4             3.8994798E-04         1.0000000E+30            653164       
 NEXT SEEDS: 3D485B2      1B       0       0       0       0   181CD    3039       0       0
    9999997                     3                     3             3.8994796E-04         1.0000000E+30            653164       
 NEXT SEEDS: 3D48A9B      1B       0       0       0       0   181CD    3039       0       0
    9999998                     2                     2             3.8994800E-04         1.0000000E+30            653164       
 NEXT SEEDS: 3D4978B      1B       0       0       0       0   181CD    3039       0       0
    9999999                     1                     1             3.8994801E-04         1.0000000E+30            653164       
 NEXT SEEDS: 3D4A3AE      1B       0       0       0       0   181CD    3039       0       0
   10000000                     0                     1             3.8994797E-04         1.0000000E+30            653164       
 NEXT SEEDS: 3D4A619      1B       0       0       0       0   181CD    3039       0       0
