1NUMBER OF BEAM       NUMBER OF BEAM        APPROXIMATE NUMBER    AVERAGE TIME USED     TIME LEFT (RESERVED   NUMBER OF STARS
 PARTICLES HANDLED    PARTICLES LEFT        OF BEAM PARTICLES     BY A BEAM PARTICLE     10000.0 SECONDS      CREATED
                                            THAT CAN STILL BE                           FOR PRINTOUT)
                                            HANDLED

 NEXT SEEDS:       0       0       0       0       0       0   181CD    3039       0       0
          1              16666665              16666665             2.6488304E-04         1.0000000E+30                 0       
 NEXT SEEDS:     3B5       0       0       0       0       0   181CD    3039       0       0
 COUSET, TXYZ:  0.999999999982331      0.506793330376831      0.862067584502644    
     300000              16366666              16366666             2.4575465E-04         1.0000000E+30             11632       
 NEXT SEEDS:1DC45694       0       0       0       0       0   181CD    3039       0       0
 COUSET, TXYZ:   1.00000000001749     -0.599249764110959      0.800562127662772    
     600000              16066666              16066666             2.4603997E-04         1.0000000E+30             23375       
 NEXT SEEDS:    9233       1       0       0       0       0   181CD    3039       0       0
     900000              15766666              15766666             2.4596407E-04         1.0000000E+30             34907       
 NEXT SEEDS:1DC35B70       1       0       0       0       0   181CD    3039       0       0
    1200000              15466666              15466666             2.4704182E-04         1.0000000E+30             46545       
 NEXT SEEDS:3B74DBE6       1       0       0       0       0   181CD    3039       0       0
    1500000              15166666              15166666             2.4684458E-04         1.0000000E+30             58211       
 NEXT SEEDS:1DB75412       2       0       0       0       0   181CD    3039       0       0
 COUSET, TXYZ:   1.00000000000550     -0.820066215967805      0.572268644466251    
    1800000              14866666              14866666             2.4662706E-04         1.0000000E+30             69813       
 NEXT SEEDS:3B693776       2       0       0       0       0   181CD    3039       0       0
    2100000              14566666              14566666             2.4650464E-04         1.0000000E+30             81534       
 NEXT SEEDS:1D8FADC3       3       0       0       0       0   181CD    3039       0       0
    2400000              14266666              14266666             2.4636264E-04         1.0000000E+30             93149       
 NEXT SEEDS:3B42D3C3       3       0       0       0       0   181CD    3039       0       0
 COUSET, TXYZ:   1.00000000000727     -0.448573372462517      0.893746009519562    
    2700000              13966666              13966666             2.4618224E-04         1.0000000E+30            104647       
 NEXT SEEDS:1D564A2E       4       0       0       0       0   181CD    3039       0       0
    3000000              13666666              13666666             2.4608855E-04         1.0000000E+30            116295       
 NEXT SEEDS:3B08F07B       4       0       0       0       0   181CD    3039       0       0
    3300000              13366666              13366666             2.4606738E-04         1.0000000E+30            127861       
 NEXT SEEDS:1D21BB19       5       0       0       0       0   181CD    3039       0       0
    3600000              13066666              13066666             2.4595661E-04         1.0000000E+30            139413       
 NEXT SEEDS:3ADB0388       5       0       0       0       0   181CD    3039       0       0
    3900000              12766666              12766666             2.4594455E-04         1.0000000E+30            151084       
 NEXT SEEDS:1CFD72AB       6       0       0       0       0   181CD    3039       0       0
    4200000              12466666              12466666             2.4588106E-04         1.0000000E+30            162647       
 NEXT SEEDS:3AA96C13       6       0       0       0       0   181CD    3039       0       0
    4500000              12166666              12166666             2.4585971E-04         1.0000000E+30            174314       
 NEXT SEEDS:1CC5BD49       7       0       0       0       0   181CD    3039       0       0
 COUSET, TXYZ:  0.999999999994903      0.142464381557464      0.989799929267150    
    4800000              11866666              11866666             2.4586085E-04         1.0000000E+30            185972       
 NEXT SEEDS:3A98E615       7       0       0       0       0   181CD    3039       0       0
    5100000              11566666              11566666             2.4588166E-04         1.0000000E+30            197799       
 NEXT SEEDS:1CCE6946       8       0       0       0       0   181CD    3039       0       0
    5400000              11266666              11266666             2.4584410E-04         1.0000000E+30            209334       
 NEXT SEEDS:3A7B05CF       8       0       0       0       0   181CD    3039       0       0
 COUSET, TXYZ:  0.999999999994292      0.995630391011641     -9.338160676809086E-02
    5700000              10966666              10966666             2.4589182E-04         1.0000000E+30            221017       
 NEXT SEEDS:1CBD3121       9       0       0       0       0   181CD    3039       0       0
    6000000              10666666              10666666             2.4589307E-04         1.0000000E+30            232713       
 NEXT SEEDS:3A8FEC94       9       0       0       0       0   181CD    3039       0       0
    6300000              10366666              10366666             2.4780390E-04         1.0000000E+30            244308       
 NEXT SEEDS:1CABF6CC       A       0       0       0       0   181CD    3039       0       0
 COUSET, TXYZ:  0.999999999992010     -0.550925322740140      0.834554545100375    
    6600000              10066666              10066666             2.4772232E-04         1.0000000E+30            256018       
 NEXT SEEDS:3A72304C       A       0       0       0       0   181CD    3039       0       0
    6900000               9766666               9766666             2.4760314E-04         1.0000000E+30            267665       
 NEXT SEEDS:1C85970C       B       0       0       0       0   181CD    3039       0       0
    7200000               9466666               9466666             2.4753447E-04         1.0000000E+30            279319       
 NEXT SEEDS:3A5F2B91       B       0       0       0       0   181CD    3039       0       0
 COUSET, TXYZ:   1.00000000000549      0.743446186947426      0.668795758901253    
    7500000               9166666               9166666             2.4747627E-04         1.0000000E+30            290983       
 NEXT SEEDS:1C977D0F       C       0       0       0       0   181CD    3039       0       0
    7800000               8866666               8866666             2.4739997E-04         1.0000000E+30            302619       
 NEXT SEEDS:3A4F73D7       C       0       0       0       0   181CD    3039       0       0
    8100000               8566666               8566666             2.4735801E-04         1.0000000E+30            314258       
 NEXT SEEDS:1C924305       D       0       0       0       0   181CD    3039       0       0
    8400000               8266666               8266666             2.4727456E-04         1.0000000E+30            325745       
 NEXT SEEDS:3A4B76B4       D       0       0       0       0   181CD    3039       0       0
    8700000               7966666               7966666             2.4720873E-04         1.0000000E+30            337395       
 NEXT SEEDS:1C5975FF       E       0       0       0       0   181CD    3039       0       0
    9000000               7666666               7666666             2.4714704E-04         1.0000000E+30            349094       
 NEXT SEEDS:3A070DB7       E       0       0       0       0   181CD    3039       0       0
    9300000               7366666               7366666             2.4708973E-04         1.0000000E+30            360756       
 NEXT SEEDS:1C1F5606       F       0       0       0       0   181CD    3039       0       0
    9600000               7066666               7066666             2.4703172E-04         1.0000000E+30            372321       
 NEXT SEEDS:39CE2DD7       F       0       0       0       0   181CD    3039       0       0
    9900000               6766666               6766666             2.4695676E-04         1.0000000E+30            383701       
 NEXT SEEDS:1BD7D261      10       0       0       0       0   181CD    3039       0       0
   10200000               6466666               6466666             2.4693749E-04         1.0000000E+30            395415       
 NEXT SEEDS:39AE66AD      10       0       0       0       0   181CD    3039       0       0
 COUSET, TXYZ:   1.00000000000669     -0.811378897332889      0.584520559926032    
   10500000               6166666               6166666             2.4688980E-04         1.0000000E+30            406995       
 NEXT SEEDS:1BC29897      11       0       0       0       0   181CD    3039       0       0
   10800000               5866666               5866666             2.4767482E-04         1.0000000E+30            418559       
 NEXT SEEDS:396ED1E7      11       0       0       0       0   181CD    3039       0       0
   11100000               5566666               5566666             2.4763137E-04         1.0000000E+30            430412       
 NEXT SEEDS:1B95BCE1      12       0       0       0       0   181CD    3039       0       0
   11400000               5266666               5266666             2.4757932E-04         1.0000000E+30            442102       
 NEXT SEEDS:39589105      12       0       0       0       0   181CD    3039       0       0
   11700000               4966666               4966666             2.4752025E-04         1.0000000E+30            453704       
 NEXT SEEDS:1B667431      13       0       0       0       0   181CD    3039       0       0
   12000000               4666666               4666666             2.4749906E-04         1.0000000E+30            465500       
 NEXT SEEDS:393A9D0D      13       0       0       0       0   181CD    3039       0       0
   12300000               4366666               4366666             2.4744686E-04         1.0000000E+30            477133       
 NEXT SEEDS:1B518442      14       0       0       0       0   181CD    3039       0       0
   12600000               4066666               4066666             2.4740840E-04         1.0000000E+30            488899       
 NEXT SEEDS:39102567      14       0       0       0       0   181CD    3039       0       0
   12900000               3766666               3766666             2.4801098E-04         1.0000000E+30            500577       
 NEXT SEEDS:1B53A278      15       0       0       0       0   181CD    3039       0       0
   13200000               3466666               3466666             2.4795694E-04         1.0000000E+30            512304       
 NEXT SEEDS:39075EAA      15       0       0       0       0   181CD    3039       0       0
   13500000               3166666               3166666             2.4797583E-04         1.0000000E+30            523891       
 NEXT SEEDS:1B258B7C      16       0       0       0       0   181CD    3039       0       0
   13800000               2866666               2866666             2.4790622E-04         1.0000000E+30            535314       
 NEXT SEEDS:38C13673      16       0       0       0       0   181CD    3039       0       0
   14100000               2566666               2566666             2.4784624E-04         1.0000000E+30            546960       
 NEXT SEEDS:1AD53264      17       0       0       0       0   181CD    3039       0       0
   14400000               2266666               2266666             2.4779856E-04         1.0000000E+30            558626       
 NEXT SEEDS:3896ABA8      17       0       0       0       0   181CD    3039       0       0
   14700000               1966666               1966666             2.4773294E-04         1.0000000E+30            570078       
 NEXT SEEDS:1A9E77BF      18       0       0       0       0   181CD    3039       0       0
   15000000               1666666               1666666             2.4769911E-04         1.0000000E+30            581832       
 NEXT SEEDS:38640638      18       0       0       0       0   181CD    3039       0       0
   15300000               1366666               1366666             2.4766178E-04         1.0000000E+30            593542       
 NEXT SEEDS:1A86CB83      19       0       0       0       0   181CD    3039       0       0
   15600000               1066666               1066666             2.4764302E-04         1.0000000E+30            605299       
 NEXT SEEDS:3869EF4C      19       0       0       0       0   181CD    3039       0       0
   15900000                766666                766666             2.4762372E-04         1.0000000E+30            617104       
 NEXT SEEDS:1AA86339      1A       0       0       0       0   181CD    3039       0       0
   16200000                466666                466666             2.4757536E-04         1.0000000E+30            628698       
 NEXT SEEDS:3856D649      1A       0       0       0       0   181CD    3039       0       0
   16500000                166666                166666             2.4754391E-04         1.0000000E+30            640282       
 NEXT SEEDS:1A81A104      1B       0       0       0       0   181CD    3039       0       0
   16666616                    50                    50             2.4752635E-04         1.0000000E+30            646786       
 NEXT SEEDS:2B07EEFB      1B       0       0       0       0   181CD    3039       0       0
   16666617                    49                    49             2.4752637E-04         1.0000000E+30            646786       
 NEXT SEEDS:2B07F701      1B       0       0       0       0   181CD    3039       0       0
   16666618                    48                    48             2.4752635E-04         1.0000000E+30            646786       
 NEXT SEEDS:2B07FC7F      1B       0       0       0       0   181CD    3039       0       0
   16666619                    47                    47             2.4752637E-04         1.0000000E+30            646786       
 NEXT SEEDS:2B08021E      1B       0       0       0       0   181CD    3039       0       0
   16666620                    46                    46             2.4752635E-04         1.0000000E+30            646786       
 NEXT SEEDS:2B0806B4      1B       0       0       0       0   181CD    3039       0       0
   16666621                    45                    45             2.4752637E-04         1.0000000E+30            646786       
 NEXT SEEDS:2B080B7C      1B       0       0       0       0   181CD    3039       0       0
   16666622                    44                    44             2.4752638E-04         1.0000000E+30            646786       
 NEXT SEEDS:2B0812F1      1B       0       0       0       0   181CD    3039       0       0
   16666623                    43                    43             2.4752637E-04         1.0000000E+30            646786       
 NEXT SEEDS:2B081985      1B       0       0       0       0   181CD    3039       0       0
   16666624                    42                    42             2.4752638E-04         1.0000000E+30            646786       
 NEXT SEEDS:2B081FA5      1B       0       0       0       0   181CD    3039       0       0
   16666625                    41                    41             2.4752639E-04         1.0000000E+30            646786       
 NEXT SEEDS:2B0824E2      1B       0       0       0       0   181CD    3039       0       0
   16666626                    40                    40             2.4752638E-04         1.0000000E+30            646786       
 NEXT SEEDS:2B082816      1B       0       0       0       0   181CD    3039       0       0
   16666627                    39                    39             2.4752639E-04         1.0000000E+30            646786       
 NEXT SEEDS:2B082BBC      1B       0       0       0       0   181CD    3039       0       0
   16666628                    38                    38             2.4752638E-04         1.0000000E+30            646786       
 NEXT SEEDS:2B082E77      1B       0       0       0       0   181CD    3039       0       0
   16666629                    37                    37             2.4752636E-04         1.0000000E+30            646786       
 NEXT SEEDS:2B083055      1B       0       0       0       0   181CD    3039       0       0
   16666630                    36                    36             2.4752638E-04         1.0000000E+30            646786       
 NEXT SEEDS:2B083962      1B       0       0       0       0   181CD    3039       0       0
   16666631                    35                    35             2.4752639E-04         1.0000000E+30            646786       
 NEXT SEEDS:2B083E28      1B       0       0       0       0   181CD    3039       0       0
   16666632                    34                    34             2.4752641E-04         1.0000000E+30            646786       
 NEXT SEEDS:2B084471      1B       0       0       0       0   181CD    3039       0       0
   16666633                    33                    33             2.4752639E-04         1.0000000E+30            646786       
 NEXT SEEDS:2B0849E7      1B       0       0       0       0   181CD    3039       0       0
   16666634                    32                    32             2.4752641E-04         1.0000000E+30            646786       
 NEXT SEEDS:2B084FCD      1B       0       0       0       0   181CD    3039       0       0
   16666635                    31                    31             2.4752639E-04         1.0000000E+30            646786       
 NEXT SEEDS:2B08569B      1B       0       0       0       0   181CD    3039       0       0
   16666636                    30                    30             2.4752641E-04         1.0000000E+30            646786       
 NEXT SEEDS:2B085BA9      1B       0       0       0       0   181CD    3039       0       0
   16666637                    29                    29             2.4752648E-04         1.0000000E+30            646787       
 NEXT SEEDS:2B087611      1B       0       0       0       0   181CD    3039       0       0
   16666638                    28                    28             2.4752649E-04         1.0000000E+30            646787       
 NEXT SEEDS:2B087DC5      1B       0       0       0       0   181CD    3039       0       0
   16666639                    27                    27             2.4752648E-04         1.0000000E+30            646787       
 NEXT SEEDS:2B08823E      1B       0       0       0       0   181CD    3039       0       0
   16666640                    26                    26             2.4752649E-04         1.0000000E+30            646787       
 NEXT SEEDS:2B08857E      1B       0       0       0       0   181CD    3039       0       0
   16666641                    25                    25             2.4752648E-04         1.0000000E+30            646787       
 NEXT SEEDS:2B088EBE      1B       0       0       0       0   181CD    3039       0       0
   16666642                    24                    24             2.4752649E-04         1.0000000E+30            646787       
 NEXT SEEDS:2B08941F      1B       0       0       0       0   181CD    3039       0       0
   16666643                    23                    23             2.4752651E-04         1.0000000E+30            646787       
 NEXT SEEDS:2B089A44      1B       0       0       0       0   181CD    3039       0       0
   16666644                    22                    22             2.4752649E-04         1.0000000E+30            646787       
 NEXT SEEDS:2B08A0BA      1B       0       0       0       0   181CD    3039       0       0
   16666645                    21                    21             2.4752651E-04         1.0000000E+30            646787       
 NEXT SEEDS:2B08A5C9      1B       0       0       0       0   181CD    3039       0       0
   16666646                    20                    20             2.4752649E-04         1.0000000E+30            646787       
 NEXT SEEDS:2B08A93F      1B       0       0       0       0   181CD    3039       0       0
   16666647                    19                    19             2.4752651E-04         1.0000000E+30            646787       
 NEXT SEEDS:2B08AC1B      1B       0       0       0       0   181CD    3039       0       0
   16666648                    18                    18             2.4752652E-04         1.0000000E+30            646787       
 NEXT SEEDS:2B08B262      1B       0       0       0       0   181CD    3039       0       0
   16666649                    17                    17             2.4752651E-04         1.0000000E+30            646787       
 NEXT SEEDS:2B08B561      1B       0       0       0       0   181CD    3039       0       0
   16666650                    16                    16             2.4752652E-04         1.0000000E+30            646787       
 NEXT SEEDS:2B08C3E8      1B       0       0       0       0   181CD    3039       0       0
   16666651                    15                    15             2.4752654E-04         1.0000000E+30            646787       
 NEXT SEEDS:2B08C9C4      1B       0       0       0       0   181CD    3039       0       0
   16666652                    14                    14             2.4752652E-04         1.0000000E+30            646787       
 NEXT SEEDS:2B08CBE2      1B       0       0       0       0   181CD    3039       0       0
   16666653                    13                    13             2.4752653E-04         1.0000000E+30            646787       
 NEXT SEEDS:2B08CEAE      1B       0       0       0       0   181CD    3039       0       0
   16666654                    12                    12             2.4752652E-04         1.0000000E+30            646787       
 NEXT SEEDS:2B08D1AD      1B       0       0       0       0   181CD    3039       0       0
   16666655                    11                    11             2.4752653E-04         1.0000000E+30            646787       
 NEXT SEEDS:2B08D89E      1B       0       0       0       0   181CD    3039       0       0
   16666656                    10                    10             2.4752652E-04         1.0000000E+30            646787       
 NEXT SEEDS:2B08DBDC      1B       0       0       0       0   181CD    3039       0       0
   16666657                     9                     9             2.4752653E-04         1.0000000E+30            646787       
 NEXT SEEDS:2B08E3F6      1B       0       0       0       0   181CD    3039       0       0
   16666658                     8                     8             2.4752655E-04         1.0000000E+30            646787       
 NEXT SEEDS:2B08EBD3      1B       0       0       0       0   181CD    3039       0       0
   16666659                     7                     7             2.4752656E-04         1.0000000E+30            646787       
 NEXT SEEDS:2B08F6F4      1B       0       0       0       0   181CD    3039       0       0
   16666660                     6                     6             2.4752655E-04         1.0000000E+30            646787       
 NEXT SEEDS:2B08FD03      1B       0       0       0       0   181CD    3039       0       0
   16666661                     5                     5             2.4752656E-04         1.0000000E+30            646787       
 NEXT SEEDS:2B09047E      1B       0       0       0       0   181CD    3039       0       0
   16666662                     4                     4             2.4752658E-04         1.0000000E+30            646787       
 NEXT SEEDS:2B090A93      1B       0       0       0       0   181CD    3039       0       0
   16666663                     3                     3             2.4752656E-04         1.0000000E+30            646787       
 NEXT SEEDS:2B090D00      1B       0       0       0       0   181CD    3039       0       0
   16666664                     2                     2             2.4752658E-04         1.0000000E+30            646787       
 NEXT SEEDS:2B091038      1B       0       0       0       0   181CD    3039       0       0
   16666665                     1                     1             2.4752656E-04         1.0000000E+30            646787       
 NEXT SEEDS:2B091601      1B       0       0       0       0   181CD    3039       0       0
   16666666                     0                     1             2.4752658E-04         1.0000000E+30            646787       
 NEXT SEEDS:2B091C71      1B       0       0       0       0   181CD    3039       0       0
