1NUMBER OF BEAM       NUMBER OF BEAM        APPROXIMATE NUMBER    AVERAGE TIME USED     TIME LEFT (RESERVED   NUMBER OF STARS
 PARTICLES HANDLED    PARTICLES LEFT        OF BEAM PARTICLES     BY A BEAM PARTICLE     10000.0 SECONDS      CREATED
                                            THAT CAN STILL BE                           FOR PRINTOUT)
                                            HANDLED

 NEXT SEEDS:       0       0       0       0       0       0   181CD    3039       0       0
          1              49999999              49999999             1.6403198E-04         1.0000000E+30                 0       
 NEXT SEEDS:     13C       0       0       0       0       0   181CD    3039       0       0
    1000000              49000000              49000000             9.8572637E-05         1.0000000E+30             12568       
 NEXT SEEDS:25217AF5       0       0       0       0       0   181CD    3039       0       0
    2000000              48000000              48000000             9.9256144E-05         1.0000000E+30             25174       
 NEXT SEEDS: EB29D9A       1       0       0       0       0   181CD    3039       0       0
    3000000              47000000              47000000             1.0220513E-04         1.0000000E+30             37739       
 NEXT SEEDS:33EFF98C       1       0       0       0       0   181CD    3039       0       0
    4000000              46000000              46000000             1.0362906E-04         1.0000000E+30             50336       
 NEXT SEEDS:1D976063       2       0       0       0       0   181CD    3039       0       0
    5000000              45000000              45000000             1.0381127E-04         1.0000000E+30             62899       
 NEXT SEEDS: 743E180       3       0       0       0       0   181CD    3039       0       0
    6000000              44000000              44000000             1.0387304E-04         1.0000000E+30             75458       
 NEXT SEEDS:2C9B82CF       3       0       0       0       0   181CD    3039       0       0
    7000000              43000000              43000000             1.0358320E-04         1.0000000E+30             87966       
 NEXT SEEDS:1637C57F       4       0       0       0       0   181CD    3039       0       0
 COUSET, TXYZ:   1.00000000002409     -0.966872522470964      0.255259721340462    
    8000000              42000000              42000000             1.0421966E-04         1.0000000E+30            100615       
 NEXT SEEDS:3B787778       4       0       0       0       0   181CD    3039       0       0
    9000000              41000000              41000000             1.0482282E-04         1.0000000E+30            113194       
 NEXT SEEDS:24F66E86       5       0       0       0       0   181CD    3039       0       0
   10000000              40000000              40000000             1.0520996E-04         1.0000000E+30            125673       
 NEXT SEEDS: E822510       6       0       0       0       0   181CD    3039       0       0
   11000000              39000000              39000000             1.0570517E-04         1.0000000E+30            138344       
 NEXT SEEDS:33C9571A       6       0       0       0       0   181CD    3039       0       0
 COUSET, TXYZ:   1.00000000013416      0.842442081658883      0.538786914576221    
   12000000              38000000              38000000             1.0586884E-04         1.0000000E+30            150994       
 NEXT SEEDS:1D5D7C89       7       0       0       0       0   181CD    3039       0       0
   13000000              37000000              37000000             1.0627535E-04         1.0000000E+30            163695       
 NEXT SEEDS: 72C2E59       8       0       0       0       0   181CD    3039       0       0
   14000000              36000000              36000000             1.0607681E-04         1.0000000E+30            176499       
 NEXT SEEDS:2C68F910       8       0       0       0       0   181CD    3039       0       0
   15000000              35000000              35000000             1.0591343E-04         1.0000000E+30            189234       
 NEXT SEEDS:162DCADA       9       0       0       0       0   181CD    3039       0       0
   16000000              34000000              34000000             1.0583291E-04         1.0000000E+30            201849       
 NEXT SEEDS:3B70ED8B       9       0       0       0       0   181CD    3039       0       0
   17000000              33000000              33000000             1.0563394E-04         1.0000000E+30            214399       
 NEXT SEEDS:250843B8       A       0       0       0       0   181CD    3039       0       0
   18000000              32000000              32000000             1.0582047E-04         1.0000000E+30            227160       
 NEXT SEEDS: EC88D77       B       0       0       0       0   181CD    3039       0       0
   19000000              31000000              31000000             1.0595491E-04         1.0000000E+30            239733       
 NEXT SEEDS:33F246CB       B       0       0       0       0   181CD    3039       0       0
 COUSET, TXYZ:  0.999999999992970     -5.545181705952098E-02  0.998461364285437    
   20000000              30000000              30000000             1.0603717E-04         1.0000000E+30            252461       
 NEXT SEEDS:1D8C0285       C       0       0       0       0   181CD    3039       0       0
   21000000              29000000              29000000             1.0657199E-04         1.0000000E+30            265177       
 NEXT SEEDS: 7178E29       D       0       0       0       0   181CD    3039       0       0
   22000000              28000000              28000000             1.0675981E-04         1.0000000E+30            277863       
 NEXT SEEDS:2C3F3A50       D       0       0       0       0   181CD    3039       0       0
   23000000              27000000              27000000             1.0686504E-04         1.0000000E+30            290394       
 NEXT SEEDS:15D96DD4       E       0       0       0       0   181CD    3039       0       0
   24000000              26000000              26000000             1.0713148E-04         1.0000000E+30            303079       
 NEXT SEEDS:3B21CF71       E       0       0       0       0   181CD    3039       0       0
   25000000              25000000              25000000             1.0735231E-04         1.0000000E+30            315739       
 NEXT SEEDS:24B8EA9B       F       0       0       0       0   181CD    3039       0       0
   26000000              24000000              24000000             1.0714169E-04         1.0000000E+30            328417       
 NEXT SEEDS: E6FC484      10       0       0       0       0   181CD    3039       0       0
   27000000              23000000              23000000             1.0741497E-04         1.0000000E+30            341014       
 NEXT SEEDS:339D96B3      10       0       0       0       0   181CD    3039       0       0
   28000000              22000000              22000000             1.0760654E-04         1.0000000E+30            353647       
 NEXT SEEDS:1D2FE558      11       0       0       0       0   181CD    3039       0       0
   29000000              21000000              21000000             1.0752304E-04         1.0000000E+30            366298       
 NEXT SEEDS: 6B40F5F      12       0       0       0       0   181CD    3039       0       0
   30000000              20000000              20000000             1.0765552E-04         1.0000000E+30            379063       
 NEXT SEEDS:2BF42E5F      12       0       0       0       0   181CD    3039       0       0
   31000000              19000000              19000000             1.0800195E-04         1.0000000E+30            391696       
 NEXT SEEDS:15955434      13       0       0       0       0   181CD    3039       0       0
   32000000              18000000              18000000             1.0824594E-04         1.0000000E+30            404529       
 NEXT SEEDS:3AF39D54      13       0       0       0       0   181CD    3039       0       0
   33000000              17000000              17000000             1.0834122E-04         1.0000000E+30            417204       
 NEXT SEEDS:2494DAC7      14       0       0       0       0   181CD    3039       0       0
   34000000              16000000              16000000             1.0857413E-04         1.0000000E+30            429983       
 NEXT SEEDS: E41360B      15       0       0       0       0   181CD    3039       0       0
   35000000              15000000              15000000             1.0869292E-04         1.0000000E+30            442615       
 NEXT SEEDS:33634955      15       0       0       0       0   181CD    3039       0       0
 COUSET, TXYZ:  0.999999999992228      0.124925431404153      0.992166133554730    
   36000000              14000000              14000000             1.0886900E-04         1.0000000E+30            455580       
 NEXT SEEDS:1D3681DB      16       0       0       0       0   181CD    3039       0       0
   37000000              13000000              13000000             1.0903258E-04         1.0000000E+30            468297       
 NEXT SEEDS: 6D650AE      17       0       0       0       0   181CD    3039       0       0
   38000000              12000000              12000000             1.0917305E-04         1.0000000E+30            480998       
 NEXT SEEDS:2C0A14F6      17       0       0       0       0   181CD    3039       0       0
   39000000              11000000              11000000             1.0932461E-04         1.0000000E+30            493805       
 NEXT SEEDS:15BB1E04      18       0       0       0       0   181CD    3039       0       0
   40000000              10000000              10000000             1.0950064E-04         1.0000000E+30            506519       
 NEXT SEEDS:3AF7EA2B      18       0       0       0       0   181CD    3039       0       0
   41000000               9000000               9000000             1.0956150E-04         1.0000000E+30            519067       
 NEXT SEEDS:24928273      19       0       0       0       0   181CD    3039       0       0
   42000000               8000000               8000000             1.0972873E-04         1.0000000E+30            531896       
 NEXT SEEDS: E4389F6      1A       0       0       0       0   181CD    3039       0       0
 COUSET, TXYZ:   1.00000000001936     -0.953201362333854      0.302336175281100    
   43000000               7000000               7000000             1.0978615E-04         1.0000000E+30            544492       
 NEXT SEEDS:3393098D      1A       0       0       0       0   181CD    3039       0       0
   44000000               6000000               6000000             1.0977098E-04         1.0000000E+30            557425       
 NEXT SEEDS:1D342FBB      1B       0       0       0       0   181CD    3039       0       0
   45000000               5000000               5000000             1.0990232E-04         1.0000000E+30            569955       
 NEXT SEEDS: 6D58AA8      1C       0       0       0       0   181CD    3039       0       0
   46000000               4000000               4000000             1.0986130E-04         1.0000000E+30            582481       
 NEXT SEEDS:2C0F329F      1C       0       0       0       0   181CD    3039       0       0
   47000000               3000000               3000000             1.0998832E-04         1.0000000E+30            594970       
 NEXT SEEDS:15A91A11      1D       0       0       0       0   181CD    3039       0       0
   48000000               2000000               2000000             1.1005676E-04         1.0000000E+30            607804       
 NEXT SEEDS:3B000080      1D       0       0       0       0   181CD    3039       0       0
   49000000               1000000               1000000             1.1000508E-04         1.0000000E+30            620350       
 NEXT SEEDS:24B9D4FA      1E       0       0       0       0   181CD    3039       0       0
   49999950                    50                    50             1.1000573E-04         1.0000000E+30            633054       
 NEXT SEEDS: E660CCF      1F       0       0       0       0   181CD    3039       0       0
   49999951                    49                    49             1.1000573E-04         1.0000000E+30            633054       
 NEXT SEEDS: E660DBE      1F       0       0       0       0   181CD    3039       0       0
   49999952                    48                    48             1.1000573E-04         1.0000000E+30            633054       
 NEXT SEEDS: E660EFB      1F       0       0       0       0   181CD    3039       0       0
   49999953                    47                    47             1.1000573E-04         1.0000000E+30            633054       
 NEXT SEEDS: E660F99      1F       0       0       0       0   181CD    3039       0       0
   49999954                    46                    46             1.1000574E-04         1.0000000E+30            633054       
 NEXT SEEDS: E6610CF      1F       0       0       0       0   181CD    3039       0       0
   49999955                    45                    45             1.1000574E-04         1.0000000E+30            633054       
 NEXT SEEDS: E661348      1F       0       0       0       0   181CD    3039       0       0
   49999956                    44                    44             1.1000574E-04         1.0000000E+30            633054       
 NEXT SEEDS: E66165D      1F       0       0       0       0   181CD    3039       0       0
   49999957                    43                    43             1.1000574E-04         1.0000000E+30            633054       
 NEXT SEEDS: E661700      1F       0       0       0       0   181CD    3039       0       0
   49999958                    42                    42             1.1000574E-04         1.0000000E+30            633054       
 NEXT SEEDS: E66188E      1F       0       0       0       0   181CD    3039       0       0
   49999959                    41                    41             1.1000575E-04         1.0000000E+30            633054       
 NEXT SEEDS: E661B50      1F       0       0       0       0   181CD    3039       0       0
   49999960                    40                    40             1.1000574E-04         1.0000000E+30            633054       
 NEXT SEEDS: E661DBC      1F       0       0       0       0   181CD    3039       0       0
   49999961                    39                    39             1.1000575E-04         1.0000000E+30            633054       
 NEXT SEEDS: E661E34      1F       0       0       0       0   181CD    3039       0       0
   49999962                    38                    38             1.1000575E-04         1.0000000E+30            633054       
 NEXT SEEDS: E661F61      1F       0       0       0       0   181CD    3039       0       0
   49999963                    37                    37             1.1000575E-04         1.0000000E+30            633054       
 NEXT SEEDS: E662039      1F       0       0       0       0   181CD    3039       0       0
   49999964                    36                    36             1.1000574E-04         1.0000000E+30            633054       
 NEXT SEEDS: E6620BD      1F       0       0       0       0   181CD    3039       0       0
   49999965                    35                    35             1.1000575E-04         1.0000000E+30            633054       
 NEXT SEEDS: E662337      1F       0       0       0       0   181CD    3039       0       0
   49999966                    34                    34             1.1000575E-04         1.0000000E+30            633054       
 NEXT SEEDS: E662428      1F       0       0       0       0   181CD    3039       0       0
   49999967                    33                    33             1.1000576E-04         1.0000000E+30            633054       
 NEXT SEEDS: E66281C      1F       0       0       0       0   181CD    3039       0       0
   49999968                    32                    32             1.1000576E-04         1.0000000E+30            633054       
 NEXT SEEDS: E662A14      1F       0       0       0       0   181CD    3039       0       0
   49999969                    31                    31             1.1000575E-04         1.0000000E+30            633054       
 NEXT SEEDS: E662E2A      1F       0       0       0       0   181CD    3039       0       0
   49999970                    30                    30             1.1000576E-04         1.0000000E+30            633054       
 NEXT SEEDS: E662ECA      1F       0       0       0       0   181CD    3039       0       0
   49999971                    29                    29             1.1000576E-04         1.0000000E+30            633054       
 NEXT SEEDS: E662F55      1F       0       0       0       0   181CD    3039       0       0
   49999972                    28                    28             1.1000576E-04         1.0000000E+30            633054       
 NEXT SEEDS: E66327A      1F       0       0       0       0   181CD    3039       0       0
   49999973                    27                    27             1.1000576E-04         1.0000000E+30            633054       
 NEXT SEEDS: E6634B1      1F       0       0       0       0   181CD    3039       0       0
   49999974                    26                    26             1.1000576E-04         1.0000000E+30            633054       
 NEXT SEEDS: E663AA3      1F       0       0       0       0   181CD    3039       0       0
   49999975                    25                    25             1.1000577E-04         1.0000000E+30            633054       
 NEXT SEEDS: E663C36      1F       0       0       0       0   181CD    3039       0       0
   49999976                    24                    24             1.1000577E-04         1.0000000E+30            633054       
 NEXT SEEDS: E663D5A      1F       0       0       0       0   181CD    3039       0       0
   49999977                    23                    23             1.1000577E-04         1.0000000E+30            633054       
 NEXT SEEDS: E663EEA      1F       0       0       0       0   181CD    3039       0       0
   49999978                    22                    22             1.1000577E-04         1.0000000E+30            633054       
 NEXT SEEDS: E664299      1F       0       0       0       0   181CD    3039       0       0
   49999979                    21                    21             1.1000577E-04         1.0000000E+30            633054       
 NEXT SEEDS: E66433B      1F       0       0       0       0   181CD    3039       0       0
   49999980                    20                    20             1.1000577E-04         1.0000000E+30            633054       
 NEXT SEEDS: E6644A2      1F       0       0       0       0   181CD    3039       0       0
   49999981                    19                    19             1.1000578E-04         1.0000000E+30            633054       
 NEXT SEEDS: E664551      1F       0       0       0       0   181CD    3039       0       0
   49999982                    18                    18             1.1000577E-04         1.0000000E+30            633054       
 NEXT SEEDS: E66476A      1F       0       0       0       0   181CD    3039       0       0
   49999983                    17                    17             1.1000578E-04         1.0000000E+30            633054       
 NEXT SEEDS: E6649BF      1F       0       0       0       0   181CD    3039       0       0
   49999984                    16                    16             1.1000578E-04         1.0000000E+30            633054       
 NEXT SEEDS: E664CA4      1F       0       0       0       0   181CD    3039       0       0
   49999985                    15                    15             1.1000579E-04         1.0000000E+30            633054       
 NEXT SEEDS: E664F04      1F       0       0       0       0   181CD    3039       0       0
   49999986                    14                    14             1.1000579E-04         1.0000000E+30            633054       
 NEXT SEEDS: E665205      1F       0       0       0       0   181CD    3039       0       0
   49999987                    13                    13             1.1000579E-04         1.0000000E+30            633054       
 NEXT SEEDS: E6655E4      1F       0       0       0       0   181CD    3039       0       0
   49999988                    12                    12             1.1000580E-04         1.0000000E+30            633054       
 NEXT SEEDS: E665821      1F       0       0       0       0   181CD    3039       0       0
   49999989                    11                    11             1.1000580E-04         1.0000000E+30            633054       
 NEXT SEEDS: E665966      1F       0       0       0       0   181CD    3039       0       0
   49999990                    10                    10             1.1000580E-04         1.0000000E+30            633054       
 NEXT SEEDS: E665E0D      1F       0       0       0       0   181CD    3039       0       0
   49999991                     9                     9             1.1000580E-04         1.0000000E+30            633054       
 NEXT SEEDS: E665FAC      1F       0       0       0       0   181CD    3039       0       0
   49999992                     8                     8             1.1000580E-04         1.0000000E+30            633054       
 NEXT SEEDS: E666308      1F       0       0       0       0   181CD    3039       0       0
   49999993                     7                     7             1.1000581E-04         1.0000000E+30            633054       
 NEXT SEEDS: E6665A3      1F       0       0       0       0   181CD    3039       0       0
   49999994                     6                     6             1.1000581E-04         1.0000000E+30            633054       
 NEXT SEEDS: E66670F      1F       0       0       0       0   181CD    3039       0       0
   49999995                     5                     5             1.1000580E-04         1.0000000E+30            633054       
 NEXT SEEDS: E666862      1F       0       0       0       0   181CD    3039       0       0
   49999996                     4                     4             1.1000581E-04         1.0000000E+30            633054       
 NEXT SEEDS: E666A6B      1F       0       0       0       0   181CD    3039       0       0
   49999997                     3                     3             1.1000581E-04         1.0000000E+30            633054       
 NEXT SEEDS: E666BA6      1F       0       0       0       0   181CD    3039       0       0
   49999998                     2                     2             1.1000581E-04         1.0000000E+30            633054       
 NEXT SEEDS: E666C48      1F       0       0       0       0   181CD    3039       0       0
   49999999                     1                     1             1.1000580E-04         1.0000000E+30            633054       
 NEXT SEEDS: E666D0B      1F       0       0       0       0   181CD    3039       0       0
   50000000                     0                     1             1.1000581E-04         1.0000000E+30            633054       
 NEXT SEEDS: E666DAF      1F       0       0       0       0   181CD    3039       0       0
