1NUMBER OF BEAM       NUMBER OF BEAM        APPROXIMATE NUMBER    AVERAGE TIME USED     TIME LEFT (RESERVED   NUMBER OF STARS
 PARTICLES HANDLED    PARTICLES LEFT        OF BEAM PARTICLES     BY A BEAM PARTICLE     10000.0 SECONDS      CREATED
                                            THAT CAN STILL BE                           FOR PRINTOUT)
                                            HANDLED

 NEXT SEEDS:       0       0       0       0       0       0   181CD    3039       0       0
          1              49999999              49999999             2.1743774E-04         1.0000000E+30                 0       
 NEXT SEEDS:     1E3       0       0       0       0       0   181CD    3039       0       0
 COUSET, TXYZ:  0.999999999994683     -0.729339741933721     -0.684151694308667    
    1000000              49000000              49000000             2.1736461E-04         1.0000000E+30             12759       
 NEXT SEEDS:23D7398C       0       0       0       0       0   181CD    3039       0       0
    2000000              48000000              48000000             2.0575258E-04         1.0000000E+30             25579       
 NEXT SEEDS: C1E1272       1       0       0       0       0   181CD    3039       0       0
    3000000              47000000              47000000             2.1933403E-04         1.0000000E+30             38343       
 NEXT SEEDS:2FDE40D0       1       0       0       0       0   181CD    3039       0       0
    4000000              46000000              46000000             2.1368520E-04         1.0000000E+30             51042       
 NEXT SEEDS:1807ACDC       2       0       0       0       0   181CD    3039       0       0
    5000000              45000000              45000000             2.1588021E-04         1.0000000E+30             63803       
 NEXT SEEDS:  492305       3       0       0       0       0   181CD    3039       0       0
 COUSET, TXYZ:  0.999999999993862     -0.937156857457505     -0.348908332528900    
    6000000              44000000              44000000             2.0771433E-04         1.0000000E+30             76447       
 NEXT SEEDS:2400331E       3       0       0       0       0   181CD    3039       0       0
    7000000              43000000              43000000             2.0972254E-04         1.0000000E+30             89363       
 NEXT SEEDS: C2F476D       4       0       0       0       0   181CD    3039       0       0
    8000000              42000000              42000000             2.0738938E-04         1.0000000E+30            102023       
 NEXT SEEDS:2FF5D1B9       4       0       0       0       0   181CD    3039       0       0
    9000000              41000000              41000000             2.0625692E-04         1.0000000E+30            114892       
 NEXT SEEDS:1840CCA4       5       0       0       0       0   181CD    3039       0       0
   10000000              40000000              40000000             2.0742838E-04         1.0000000E+30            127713       
 NEXT SEEDS:  7A473E       6       0       0       0       0   181CD    3039       0       0
   11000000              39000000              39000000             2.1076428E-04         1.0000000E+30            140286       
 NEXT SEEDS:243B38D0       6       0       0       0       0   181CD    3039       0       0
   12000000              38000000              38000000             2.0874632E-04         1.0000000E+30            152804       
 NEXT SEEDS: C5BE0C4       7       0       0       0       0   181CD    3039       0       0
 COUSET, TXYZ:  0.999999999992904      0.236477327103035      0.971637007195595    
   13000000              37000000              37000000             2.0889893E-04         1.0000000E+30            165518       
 NEXT SEEDS:302DD208       7       0       0       0       0   181CD    3039       0       0
   14000000              36000000              36000000             2.1007738E-04         1.0000000E+30            178227       
 NEXT SEEDS:18714787       8       0       0       0       0   181CD    3039       0       0
 COUSET, TXYZ:   1.00000000004918      0.952499464007511      0.304540261974928    
   15000000              35000000              35000000             2.1116045E-04         1.0000000E+30            191196       
 NEXT SEEDS:  AB481C       9       0       0       0       0   181CD    3039       0       0
   16000000              34000000              34000000             2.1040166E-04         1.0000000E+30            203919       
 NEXT SEEDS:246EFFA5       9       0       0       0       0   181CD    3039       0       0
   17000000              33000000              33000000             2.1204606E-04         1.0000000E+30            216675       
 NEXT SEEDS: CA1445D       A       0       0       0       0   181CD    3039       0       0
 COUSET, TXYZ:   1.00000000001661      0.996237398524438      8.666628995457347E-02
   18000000              32000000              32000000             2.1192003E-04         1.0000000E+30            229272       
 NEXT SEEDS:30645627       A       0       0       0       0   181CD    3039       0       0
   19000000              31000000              31000000             2.1302618E-04         1.0000000E+30            242008       
 NEXT SEEDS:188D523B       B       0       0       0       0   181CD    3039       0       0
   20000000              30000000              30000000             2.1371404E-04         1.0000000E+30            254756       
 NEXT SEEDS:  AC4CAE       C       0       0       0       0   181CD    3039       0       0
   21000000              29000000              29000000             2.1303539E-04         1.0000000E+30            267640       
 NEXT SEEDS:248A14A1       C       0       0       0       0   181CD    3039       0       0
   22000000              28000000              28000000             2.1424286E-04         1.0000000E+30            280339       
 NEXT SEEDS: CC3E69C       D       0       0       0       0   181CD    3039       0       0
   23000000              27000000              27000000             2.1565630E-04         1.0000000E+30            292979       
 NEXT SEEDS:30928AA3       D       0       0       0       0   181CD    3039       0       0
   24000000              26000000              26000000             2.1677366E-04         1.0000000E+30            305631       
 NEXT SEEDS:18C509D4       E       0       0       0       0   181CD    3039       0       0
   25000000              25000000              25000000             2.1814817E-04         1.0000000E+30            318354       
 NEXT SEEDS:  FC1EFC       F       0       0       0       0   181CD    3039       0       0
   26000000              24000000              24000000             2.1874089E-04         1.0000000E+30            331146       
 NEXT SEEDS:24BA71ED       F       0       0       0       0   181CD    3039       0       0
   27000000              23000000              23000000             2.1968423E-04         1.0000000E+30            343929       
 NEXT SEEDS: CF5CAE4      10       0       0       0       0   181CD    3039       0       0
   28000000              22000000              22000000             2.2029649E-04         1.0000000E+30            356741       
 NEXT SEEDS:30BF00C6      10       0       0       0       0   181CD    3039       0       0
   29000000              21000000              21000000             2.2077918E-04         1.0000000E+30            369448       
 NEXT SEEDS:18E905C6      11       0       0       0       0   181CD    3039       0       0
   30000000              20000000              20000000             2.2124982E-04         1.0000000E+30            382123       
 NEXT SEEDS: 1037830      12       0       0       0       0   181CD    3039       0       0
   31000000              19000000              19000000             2.2031518E-04         1.0000000E+30            394978       
 NEXT SEEDS:24E1FDF8      12       0       0       0       0   181CD    3039       0       0
 COUSET, TXYZ:   1.00000000000949     -0.133632505413518      0.991030954872699    
   32000000              18000000              18000000             2.2014557E-04         1.0000000E+30            407590       
 NEXT SEEDS: D0E40DB      13       0       0       0       0   181CD    3039       0       0
   33000000              17000000              17000000             2.2054779E-04         1.0000000E+30            420330       
 NEXT SEEDS:30C2368B      13       0       0       0       0   181CD    3039       0       0
   34000000              16000000              16000000             2.1943321E-04         1.0000000E+30            433087       
 NEXT SEEDS:190646D4      14       0       0       0       0   181CD    3039       0       0
   35000000              15000000              15000000             2.1996179E-04         1.0000000E+30            445845       
 NEXT SEEDS: 12DABEB      15       0       0       0       0   181CD    3039       0       0
   36000000              14000000              14000000             2.1996424E-04         1.0000000E+30            458694       
 NEXT SEEDS:250C6B1D      15       0       0       0       0   181CD    3039       0       0
   37000000              13000000              13000000             2.2063561E-04         1.0000000E+30            471459       
 NEXT SEEDS: D35C686      16       0       0       0       0   181CD    3039       0       0
   38000000              12000000              12000000             2.2062708E-04         1.0000000E+30            484514       
 NEXT SEEDS:3132B765      16       0       0       0       0   181CD    3039       0       0
   39000000              11000000              11000000             2.2078666E-04         1.0000000E+30            497135       
 NEXT SEEDS:195607AD      17       0       0       0       0   181CD    3039       0       0
   40000000              10000000              10000000             2.2150779E-04         1.0000000E+30            509985       
 NEXT SEEDS: 18E0D9C      18       0       0       0       0   181CD    3039       0       0
   41000000               9000000               9000000             2.2169434E-04         1.0000000E+30            522627       
 NEXT SEEDS:254C86E0      18       0       0       0       0   181CD    3039       0       0
   42000000               8000000               8000000             2.2216260E-04         1.0000000E+30            535180       
 NEXT SEEDS: D77BAF1      19       0       0       0       0   181CD    3039       0       0
   43000000               7000000               7000000             2.2255492E-04         1.0000000E+30            547886       
 NEXT SEEDS:3168A0DF      19       0       0       0       0   181CD    3039       0       0
   44000000               6000000               6000000             2.2186126E-04         1.0000000E+30            560570       
 NEXT SEEDS:198A83E9      1A       0       0       0       0   181CD    3039       0       0
   45000000               5000000               5000000             2.2190597E-04         1.0000000E+30            573399       
 NEXT SEEDS: 1BADE1B      1B       0       0       0       0   181CD    3039       0       0
   46000000               4000000               4000000             2.2247427E-04         1.0000000E+30            586006       
 NEXT SEEDS:257956E8      1B       0       0       0       0   181CD    3039       0       0
   47000000               3000000               3000000             2.2300842E-04         1.0000000E+30            598737       
 NEXT SEEDS: D9B010D      1C       0       0       0       0   181CD    3039       0       0
   48000000               2000000               2000000             2.2375136E-04         1.0000000E+30            611549       
 NEXT SEEDS:31655A5A      1C       0       0       0       0   181CD    3039       0       0
   49000000               1000000               1000000             2.2375002E-04         1.0000000E+30            624639       
 NEXT SEEDS:19B23B21      1D       0       0       0       0   181CD    3039       0       0
   49999950                    50                    50             2.2380997E-04         1.0000000E+30            637373       
 NEXT SEEDS: 1D02C04      1E       0       0       0       0   181CD    3039       0       0
   49999951                    49                    49             2.2380997E-04         1.0000000E+30            637373       
 NEXT SEEDS: 1D02F11      1E       0       0       0       0   181CD    3039       0       0
   49999952                    48                    48             2.2380996E-04         1.0000000E+30            637373       
 NEXT SEEDS: 1D02FDF      1E       0       0       0       0   181CD    3039       0       0
   49999953                    47                    47             2.2380998E-04         1.0000000E+30            637373       
 NEXT SEEDS: 1D0329D      1E       0       0       0       0   181CD    3039       0       0
   49999954                    46                    46             2.2380997E-04         1.0000000E+30            637373       
 NEXT SEEDS: 1D03632      1E       0       0       0       0   181CD    3039       0       0
   49999955                    45                    45             2.2380997E-04         1.0000000E+30            637373       
 NEXT SEEDS: 1D037F3      1E       0       0       0       0   181CD    3039       0       0
   49999956                    44                    44             2.2380996E-04         1.0000000E+30            637373       
 NEXT SEEDS: 1D039FC      1E       0       0       0       0   181CD    3039       0       0
   49999957                    43                    43             2.2380998E-04         1.0000000E+30            637373       
 NEXT SEEDS: 1D03C01      1E       0       0       0       0   181CD    3039       0       0
   49999958                    42                    42             2.2380997E-04         1.0000000E+30            637373       
 NEXT SEEDS: 1D03D9B      1E       0       0       0       0   181CD    3039       0       0
   49999959                    41                    41             2.2380997E-04         1.0000000E+30            637373       
 NEXT SEEDS: 1D03EE9      1E       0       0       0       0   181CD    3039       0       0
   49999960                    40                    40             2.2380998E-04         1.0000000E+30            637373       
 NEXT SEEDS: 1D043CC      1E       0       0       0       0   181CD    3039       0       0
   49999961                    39                    39             2.2380998E-04         1.0000000E+30            637373       
 NEXT SEEDS: 1D04525      1E       0       0       0       0   181CD    3039       0       0
   49999962                    38                    38             2.2380998E-04         1.0000000E+30            637373       
 NEXT SEEDS: 1D047DE      1E       0       0       0       0   181CD    3039       0       0
   49999963                    37                    37             2.2380997E-04         1.0000000E+30            637373       
 NEXT SEEDS: 1D049A6      1E       0       0       0       0   181CD    3039       0       0
   49999964                    36                    36             2.2380999E-04         1.0000000E+30            637373       
 NEXT SEEDS: 1D04BCA      1E       0       0       0       0   181CD    3039       0       0
   49999965                    35                    35             2.2380998E-04         1.0000000E+30            637373       
 NEXT SEEDS: 1D04C45      1E       0       0       0       0   181CD    3039       0       0
   49999966                    34                    34             2.2380998E-04         1.0000000E+30            637373       
 NEXT SEEDS: 1D04CE6      1E       0       0       0       0   181CD    3039       0       0
   49999967                    33                    33             2.2380997E-04         1.0000000E+30            637373       
 NEXT SEEDS: 1D04EED      1E       0       0       0       0   181CD    3039       0       0
   49999968                    32                    32             2.2380997E-04         1.0000000E+30            637373       
 NEXT SEEDS: 1D04F74      1E       0       0       0       0   181CD    3039       0       0
   49999969                    31                    31             2.2380998E-04         1.0000000E+30            637373       
 NEXT SEEDS: 1D0509C      1E       0       0       0       0   181CD    3039       0       0
   49999970                    30                    30             2.2380998E-04         1.0000000E+30            637373       
 NEXT SEEDS: 1D0536A      1E       0       0       0       0   181CD    3039       0       0
   49999971                    29                    29             2.2380997E-04         1.0000000E+30            637373       
 NEXT SEEDS: 1D0574E      1E       0       0       0       0   181CD    3039       0       0
   49999972                    28                    28             2.2380999E-04         1.0000000E+30            637373       
 NEXT SEEDS: 1D05A78      1E       0       0       0       0   181CD    3039       0       0
   49999973                    27                    27             2.2380999E-04         1.0000000E+30            637373       
 NEXT SEEDS: 1D05CDD      1E       0       0       0       0   181CD    3039       0       0
   49999974                    26                    26             2.2380998E-04         1.0000000E+30            637373       
 NEXT SEEDS: 1D05D5E      1E       0       0       0       0   181CD    3039       0       0
   49999975                    25                    25             2.2380998E-04         1.0000000E+30            637373       
 NEXT SEEDS: 1D05DE3      1E       0       0       0       0   181CD    3039       0       0
   49999976                    24                    24             2.2380997E-04         1.0000000E+30            637373       
 NEXT SEEDS: 1D05E5A      1E       0       0       0       0   181CD    3039       0       0
   49999977                    23                    23             2.2380999E-04         1.0000000E+30            637373       
 NEXT SEEDS: 1D05FC2      1E       0       0       0       0   181CD    3039       0       0
   49999978                    22                    22             2.2380998E-04         1.0000000E+30            637373       
 NEXT SEEDS: 1D06272      1E       0       0       0       0   181CD    3039       0       0
   49999979                    21                    21             2.2380998E-04         1.0000000E+30            637373       
 NEXT SEEDS: 1D06489      1E       0       0       0       0   181CD    3039       0       0
   49999980                    20                    20             2.2380997E-04         1.0000000E+30            637373       
 NEXT SEEDS: 1D066C5      1E       0       0       0       0   181CD    3039       0       0
   49999981                    19                    19             2.2380999E-04         1.0000000E+30            637373       
 NEXT SEEDS: 1D06A40      1E       0       0       0       0   181CD    3039       0       0
   49999982                    18                    18             2.2380998E-04         1.0000000E+30            637373       
 NEXT SEEDS: 1D06DD9      1E       0       0       0       0   181CD    3039       0       0
   49999983                    17                    17             2.2380998E-04         1.0000000E+30            637373       
 NEXT SEEDS: 1D070F8      1E       0       0       0       0   181CD    3039       0       0
   49999984                    16                    16             2.2380999E-04         1.0000000E+30            637373       
 NEXT SEEDS: 1D071FC      1E       0       0       0       0   181CD    3039       0       0
   49999985                    15                    15             2.2380999E-04         1.0000000E+30            637373       
 NEXT SEEDS: 1D0742F      1E       0       0       0       0   181CD    3039       0       0
   49999986                    14                    14             2.2380999E-04         1.0000000E+30            637373       
 NEXT SEEDS: 1D07577      1E       0       0       0       0   181CD    3039       0       0
   49999987                    13                    13             2.2380998E-04         1.0000000E+30            637373       
 NEXT SEEDS: 1D07A66      1E       0       0       0       0   181CD    3039       0       0
   49999988                    12                    12             2.2381000E-04         1.0000000E+30            637373       
 NEXT SEEDS: 1D07C87      1E       0       0       0       0   181CD    3039       0       0
   49999989                    11                    11             2.2380999E-04         1.0000000E+30            637373       
 NEXT SEEDS: 1D07E9B      1E       0       0       0       0   181CD    3039       0       0
   49999990                    10                    10             2.2380999E-04         1.0000000E+30            637373       
 NEXT SEEDS: 1D07FA1      1E       0       0       0       0   181CD    3039       0       0
   49999991                     9                     9             2.2380998E-04         1.0000000E+30            637373       
 NEXT SEEDS: 1D083AF      1E       0       0       0       0   181CD    3039       0       0
   49999992                     8                     8             2.2381000E-04         1.0000000E+30            637373       
 NEXT SEEDS: 1D08726      1E       0       0       0       0   181CD    3039       0       0
   49999993                     7                     7             2.2380999E-04         1.0000000E+30            637373       
 NEXT SEEDS: 1D08849      1E       0       0       0       0   181CD    3039       0       0
   49999994                     6                     6             2.2380999E-04         1.0000000E+30            637373       
 NEXT SEEDS: 1D08B08      1E       0       0       0       0   181CD    3039       0       0
   49999995                     5                     5             2.2380998E-04         1.0000000E+30            637373       
 NEXT SEEDS: 1D08C2F      1E       0       0       0       0   181CD    3039       0       0
   49999996                     4                     4             2.2381000E-04         1.0000000E+30            637373       
 NEXT SEEDS: 1D08DB2      1E       0       0       0       0   181CD    3039       0       0
   49999997                     3                     3             2.2381000E-04         1.0000000E+30            637373       
 NEXT SEEDS: 1D08F53      1E       0       0       0       0   181CD    3039       0       0
   49999998                     2                     2             2.2380999E-04         1.0000000E+30            637373       
 NEXT SEEDS: 1D0901C      1E       0       0       0       0   181CD    3039       0       0
   49999999                     1                     1             2.2380999E-04         1.0000000E+30            637373       
 NEXT SEEDS: 1D09205      1E       0       0       0       0   181CD    3039       0       0
   50000000                     0                     1             2.2381000E-04         1.0000000E+30            637373       
 NEXT SEEDS: 1D095B4      1E       0       0       0       0   181CD    3039       0       0
