1NUMBER OF BEAM       NUMBER OF BEAM        APPROXIMATE NUMBER    AVERAGE TIME USED     TIME LEFT (RESERVED   NUMBER OF STARS
 PARTICLES HANDLED    PARTICLES LEFT        OF BEAM PARTICLES     BY A BEAM PARTICLE     10000.0 SECONDS      CREATED
                                            THAT CAN STILL BE                           FOR PRINTOUT)
                                            HANDLED

 NEXT SEEDS:       0       0       0       0       0       0   181CD    3039       0       0
          1              16666665              16666665             4.3916702E-04         1.0000000E+30                 0       
 NEXT SEEDS:     513       0       0       0       0       0   181CD    3039       0       0
     300000              16366666              16366666             3.7750512E-04         1.0000000E+30             13644       
 NEXT SEEDS:1A3E3429       0       0       0       0       0   181CD    3039       0       0
     600000              16066666              16066666             3.7512189E-04         1.0000000E+30             27195       
 NEXT SEEDS:3469391D       0       0       0       0       0   181CD    3039       0       0
     900000              15766666              15766666             3.7478008E-04         1.0000000E+30             41026       
 NEXT SEEDS:13177364       1       0       0       0       0   181CD    3039       0       0
    1200000              15466666              15466666             3.7338975E-04         1.0000000E+30             54636       
 NEXT SEEDS:2D46DA09       1       0       0       0       0   181CD    3039       0       0
    1500000              15166666              15166666             3.7213024E-04         1.0000000E+30             68030       
 NEXT SEEDS: BBE86C4       2       0       0       0       0   181CD    3039       0       0
    1800000              14866666              14866666             3.7184417E-04         1.0000000E+30             81611       
 NEXT SEEDS:26066A22       2       0       0       0       0   181CD    3039       0       0
    2100000              14566666              14566666             3.7091825E-04         1.0000000E+30             95410       
 NEXT SEEDS: 4B6D82F       3       0       0       0       0   181CD    3039       0       0
    2400000              14266666              14266666             3.7104598E-04         1.0000000E+30            109171       
 NEXT SEEDS:1F004E27       3       0       0       0       0   181CD    3039       0       0
    2700000              13966666              13966666             3.7153586E-04         1.0000000E+30            122812       
 NEXT SEEDS:3932F381       3       0       0       0       0   181CD    3039       0       0
    3000000              13666666              13666666             3.7194525E-04         1.0000000E+30            136178       
 NEXT SEEDS:17B027FB       4       0       0       0       0   181CD    3039       0       0
    3300000              13366666              13366666             3.7221596E-04         1.0000000E+30            149600       
 NEXT SEEDS:31C15291       4       0       0       0       0   181CD    3039       0       0
    3600000              13066666              13066666             3.7186562E-04         1.0000000E+30            163103       
 NEXT SEEDS:104E7550       5       0       0       0       0   181CD    3039       0       0
    3900000              12766666              12766666             3.7189379E-04         1.0000000E+30            176600       
 NEXT SEEDS:2A73E50E       5       0       0       0       0   181CD    3039       0       0
    4200000              12466666              12466666             3.7227029E-04         1.0000000E+30            190294       
 NEXT SEEDS: 9264AC8       6       0       0       0       0   181CD    3039       0       0
    4500000              12166666              12166666             3.7241871E-04         1.0000000E+30            203892       
 NEXT SEEDS:234F8542       6       0       0       0       0   181CD    3039       0       0
    4800000              11866666              11866666             3.7229333E-04         1.0000000E+30            217531       
 NEXT SEEDS: 1EA1813       7       0       0       0       0   181CD    3039       0       0
 COUSET, TXYZ:  0.999999999981412     -0.421001279102731      0.907060043743902    
    5100000              11566666              11566666             3.7237631E-04         1.0000000E+30            230934       
 NEXT SEEDS:1C160020       7       0       0       0       0   181CD    3039       0       0
    5400000              11266666              11266666             3.7249298E-04         1.0000000E+30            244500       
 NEXT SEEDS:3631150A       7       0       0       0       0   181CD    3039       0       0
    5700000              10966666              10966666             3.7241000E-04         1.0000000E+30            257999       
 NEXT SEEDS:14B6359A       8       0       0       0       0   181CD    3039       0       0
    6000000              10666666              10666666             3.7254678E-04         1.0000000E+30            271786       
 NEXT SEEDS:2EF65136       8       0       0       0       0   181CD    3039       0       0
    6300000              10366666              10366666             3.7206077E-04         1.0000000E+30            285366       
 NEXT SEEDS: D8C43F2       9       0       0       0       0   181CD    3039       0       0
    6600000              10066666              10066666             3.7173035E-04         1.0000000E+30            298938       
 NEXT SEEDS:27CE7F99       9       0       0       0       0   181CD    3039       0       0
    6900000               9766666               9766666             3.7125080E-04         1.0000000E+30            312746       
 NEXT SEEDS: 66A3089       A       0       0       0       0   181CD    3039       0       0
    7200000               9466666               9466666             3.7092555E-04         1.0000000E+30            326466       
 NEXT SEEDS:209C2308       A       0       0       0       0   181CD    3039       0       0
    7500000               9166666               9166666             3.7035031E-04         1.0000000E+30            339956       
 NEXT SEEDS:3ABB4B35       A       0       0       0       0   181CD    3039       0       0
    7800000               8866666               8866666             3.6996315E-04         1.0000000E+30            353858       
 NEXT SEEDS:196F78EC       B       0       0       0       0   181CD    3039       0       0
    8100000               8566666               8566666             3.6955412E-04         1.0000000E+30            367597       
 NEXT SEEDS:33B3BBFE       B       0       0       0       0   181CD    3039       0       0
    8400000               8266666               8266666             3.6912483E-04         1.0000000E+30            380931       
 NEXT SEEDS:123F109C       C       0       0       0       0   181CD    3039       0       0
    8700000               7966666               7966666             3.6873001E-04         1.0000000E+30            394532       
 NEXT SEEDS:2C62B5C3       C       0       0       0       0   181CD    3039       0       0
    9000000               7666666               7666666             3.6838164E-04         1.0000000E+30            408019       
 NEXT SEEDS: AEE977A       D       0       0       0       0   181CD    3039       0       0
    9300000               7366666               7366666             3.6805650E-04         1.0000000E+30            421670       
 NEXT SEEDS:2522E6C0       D       0       0       0       0   181CD    3039       0       0
    9600000               7066666               7066666             3.6779260E-04         1.0000000E+30            435283       
 NEXT SEEDS: 3B2068B       E       0       0       0       0   181CD    3039       0       0
    9900000               6766666               6766666             3.6751651E-04         1.0000000E+30            449021       
 NEXT SEEDS:1DEC243D       E       0       0       0       0   181CD    3039       0       0
   10200000               6466666               6466666             3.6725750E-04         1.0000000E+30            462679       
 NEXT SEEDS:3828B110       E       0       0       0       0   181CD    3039       0       0
   10500000               6166666               6166666             3.6702048E-04         1.0000000E+30            476351       
 NEXT SEEDS:16CB64DA       F       0       0       0       0   181CD    3039       0       0
   10800000               5866666               5866666             3.6681317E-04         1.0000000E+30            490132       
 NEXT SEEDS:31135730       F       0       0       0       0   181CD    3039       0       0
   11100000               5566666               5566666             3.6656243E-04         1.0000000E+30            503626       
 NEXT SEEDS: FA2C72D      10       0       0       0       0   181CD    3039       0       0
   11400000               5266666               5266666             3.6634047E-04         1.0000000E+30            517204       
 NEXT SEEDS:29D2B5F7      10       0       0       0       0   181CD    3039       0       0
   11700000               4966666               4966666             3.6615102E-04         1.0000000E+30            530924       
 NEXT SEEDS: 8747559      11       0       0       0       0   181CD    3039       0       0
   12000000               4666666               4666666             3.6594207E-04         1.0000000E+30            544427       
 NEXT SEEDS:229BECF7      11       0       0       0       0   181CD    3039       0       0
   12300000               4366666               4366666             3.6574863E-04         1.0000000E+30            558043       
 NEXT SEEDS: 130B2AC      12       0       0       0       0   181CD    3039       0       0
   12600000               4066666               4066666             3.6556251E-04         1.0000000E+30            571654       
 NEXT SEEDS:1B55D7A2      12       0       0       0       0   181CD    3039       0       0
   12900000               3766666               3766666             3.6549791E-04         1.0000000E+30            585541       
 NEXT SEEDS:35A2773B      12       0       0       0       0   181CD    3039       0       0
   13200000               3466666               3466666             3.6532653E-04         1.0000000E+30            599035       
 NEXT SEEDS:14269576      13       0       0       0       0   181CD    3039       0       0
 COUSET, TXYZ:   1.00000000000619     -0.847687232152357      0.530496330296682    
   13500000               3166666               3166666             3.6518711E-04         1.0000000E+30            612716       
 NEXT SEEDS:2E6761B5      13       0       0       0       0   181CD    3039       0       0
   13800000               2866666               2866666             3.6504944E-04         1.0000000E+30            626480       
 NEXT SEEDS: D0DE1E5      14       0       0       0       0   181CD    3039       0       0
   14100000               2566666               2566666             3.6493394E-04         1.0000000E+30            640363       
 NEXT SEEDS:274F2F09      14       0       0       0       0   181CD    3039       0       0
   14400000               2266666               2266666             3.6490575E-04         1.0000000E+30            653971       
 NEXT SEEDS: 5EC3867      15       0       0       0       0   181CD    3039       0       0
   14700000               1966666               1966666             3.6480018E-04         1.0000000E+30            667794       
 NEXT SEEDS:20379F03      15       0       0       0       0   181CD    3039       0       0
   15000000               1666666               1666666             3.6467605E-04         1.0000000E+30            681477       
 NEXT SEEDS:3A7777DD      15       0       0       0       0   181CD    3039       0       0
   15300000               1366666               1366666             3.6457237E-04         1.0000000E+30            695304       
 NEXT SEEDS:191A8142      16       0       0       0       0   181CD    3039       0       0
   15600000               1066666               1066666             3.6446882E-04         1.0000000E+30            709018       
 NEXT SEEDS:335FCABE      16       0       0       0       0   181CD    3039       0       0
   15900000                766666                766666             3.6456734E-04         1.0000000E+30            722791       
 NEXT SEEDS:120783FD      17       0       0       0       0   181CD    3039       0       0
   16200000                466666                466666             3.6447390E-04         1.0000000E+30            736477       
 NEXT SEEDS:2C47F4D5      17       0       0       0       0   181CD    3039       0       0
   16500000                166666                166666             3.6437164E-04         1.0000000E+30            750184       
 NEXT SEEDS: AE43B62      18       0       0       0       0   181CD    3039       0       0
   16666616                    50                    50             3.6430187E-04         1.0000000E+30            757652       
 NEXT SEEDS:195F1160      18       0       0       0       0   181CD    3039       0       0
   16666617                    49                    49             3.6430188E-04         1.0000000E+30            757652       
 NEXT SEEDS:195F1418      18       0       0       0       0   181CD    3039       0       0
   16666618                    48                    48             3.6430188E-04         1.0000000E+30            757652       
 NEXT SEEDS:195F1895      18       0       0       0       0   181CD    3039       0       0
   16666619                    47                    47             3.6430189E-04         1.0000000E+30            757652       
 NEXT SEEDS:195F1FB7      18       0       0       0       0   181CD    3039       0       0
   16666620                    46                    46             3.6430190E-04         1.0000000E+30            757652       
 NEXT SEEDS:195F260A      18       0       0       0       0   181CD    3039       0       0
   16666621                    45                    45             3.6430191E-04         1.0000000E+30            757652       
 NEXT SEEDS:195F28A4      18       0       0       0       0   181CD    3039       0       0
   16666622                    44                    44             3.6430191E-04         1.0000000E+30            757652       
 NEXT SEEDS:195F2B3C      18       0       0       0       0   181CD    3039       0       0
   16666623                    43                    43             3.6430192E-04         1.0000000E+30            757652       
 NEXT SEEDS:195F2D86      18       0       0       0       0   181CD    3039       0       0
   16666624                    42                    42             3.6430193E-04         1.0000000E+30            757652       
 NEXT SEEDS:195F32F9      18       0       0       0       0   181CD    3039       0       0
   16666625                    41                    41             3.6430191E-04         1.0000000E+30            757652       
 NEXT SEEDS:195F3794      18       0       0       0       0   181CD    3039       0       0
   16666626                    40                    40             3.6430203E-04         1.0000000E+30            757653       
 NEXT SEEDS:195F55AB      18       0       0       0       0   181CD    3039       0       0
   16666627                    39                    39             3.6430204E-04         1.0000000E+30            757653       
 NEXT SEEDS:195F5D9B      18       0       0       0       0   181CD    3039       0       0
   16666628                    38                    38             3.6430205E-04         1.0000000E+30            757653       
 NEXT SEEDS:195F6170      18       0       0       0       0   181CD    3039       0       0
   16666629                    37                    37             3.6430205E-04         1.0000000E+30            757653       
 NEXT SEEDS:195F67B2      18       0       0       0       0   181CD    3039       0       0
   16666630                    36                    36             3.6430206E-04         1.0000000E+30            757653       
 NEXT SEEDS:195F6BF0      18       0       0       0       0   181CD    3039       0       0
   16666631                    35                    35             3.6430207E-04         1.0000000E+30            757653       
 NEXT SEEDS:195F6DA7      18       0       0       0       0   181CD    3039       0       0
   16666632                    34                    34             3.6430208E-04         1.0000000E+30            757653       
 NEXT SEEDS:195F72EB      18       0       0       0       0   181CD    3039       0       0
   16666633                    33                    33             3.6430208E-04         1.0000000E+30            757653       
 NEXT SEEDS:195F787E      18       0       0       0       0   181CD    3039       0       0
   16666634                    32                    32             3.6430209E-04         1.0000000E+30            757653       
 NEXT SEEDS:195F7F75      18       0       0       0       0   181CD    3039       0       0
   16666635                    31                    31             3.6430210E-04         1.0000000E+30            757653       
 NEXT SEEDS:195F849F      18       0       0       0       0   181CD    3039       0       0
   16666636                    30                    30             3.6430211E-04         1.0000000E+30            757653       
 NEXT SEEDS:195F8A46      18       0       0       0       0   181CD    3039       0       0
   16666637                    29                    29             3.6430211E-04         1.0000000E+30            757653       
 NEXT SEEDS:195F8DFD      18       0       0       0       0   181CD    3039       0       0
   16666638                    28                    28             3.6430209E-04         1.0000000E+30            757653       
 NEXT SEEDS:195F904B      18       0       0       0       0   181CD    3039       0       0
   16666639                    27                    27             3.6430210E-04         1.0000000E+30            757653       
 NEXT SEEDS:195F9846      18       0       0       0       0   181CD    3039       0       0
   16666640                    26                    26             3.6430211E-04         1.0000000E+30            757653       
 NEXT SEEDS:195F9C6D      18       0       0       0       0   181CD    3039       0       0
   16666641                    25                    25             3.6430211E-04         1.0000000E+30            757653       
 NEXT SEEDS:195F9FDC      18       0       0       0       0   181CD    3039       0       0
   16666642                    24                    24             3.6430212E-04         1.0000000E+30            757653       
 NEXT SEEDS:195FA3A0      18       0       0       0       0   181CD    3039       0       0
   16666643                    23                    23             3.6430213E-04         1.0000000E+30            757653       
 NEXT SEEDS:195FA722      18       0       0       0       0   181CD    3039       0       0
   16666644                    22                    22             3.6430214E-04         1.0000000E+30            757653       
 NEXT SEEDS:195FAB5D      18       0       0       0       0   181CD    3039       0       0
   16666645                    21                    21             3.6430211E-04         1.0000000E+30            757653       
 NEXT SEEDS:195FAE63      18       0       0       0       0   181CD    3039       0       0
   16666646                    20                    20             3.6430212E-04         1.0000000E+30            757653       
 NEXT SEEDS:195FB390      18       0       0       0       0   181CD    3039       0       0
   16666647                    19                    19             3.6430213E-04         1.0000000E+30            757653       
 NEXT SEEDS:195FB5BA      18       0       0       0       0   181CD    3039       0       0
   16666648                    18                    18             3.6430214E-04         1.0000000E+30            757653       
 NEXT SEEDS:195FB8B2      18       0       0       0       0   181CD    3039       0       0
   16666649                    17                    17             3.6430214E-04         1.0000000E+30            757653       
 NEXT SEEDS:195FBDD5      18       0       0       0       0   181CD    3039       0       0
   16666650                    16                    16             3.6430215E-04         1.0000000E+30            757653       
 NEXT SEEDS:195FC2B5      18       0       0       0       0   181CD    3039       0       0
   16666651                    15                    15             3.6430213E-04         1.0000000E+30            757653       
 NEXT SEEDS:195FC634      18       0       0       0       0   181CD    3039       0       0
   16666652                    14                    14             3.6430214E-04         1.0000000E+30            757653       
 NEXT SEEDS:195FCBB5      18       0       0       0       0   181CD    3039       0       0
   16666653                    13                    13             3.6430212E-04         1.0000000E+30            757653       
 NEXT SEEDS:195FCEA5      18       0       0       0       0   181CD    3039       0       0
   16666654                    12                    12             3.6430209E-04         1.0000000E+30            757653       
 NEXT SEEDS:195FD236      18       0       0       0       0   181CD    3039       0       0
   16666655                    11                    11             3.6430207E-04         1.0000000E+30            757653       
 NEXT SEEDS:195FD70E      18       0       0       0       0   181CD    3039       0       0
   16666656                    10                    10             3.6430205E-04         1.0000000E+30            757653       
 NEXT SEEDS:195FD9D6      18       0       0       0       0   181CD    3039       0       0
   16666657                     9                     9             3.6430203E-04         1.0000000E+30            757653       
 NEXT SEEDS:195FDCD5      18       0       0       0       0   181CD    3039       0       0
   16666658                     8                     8             3.6430201E-04         1.0000000E+30            757653       
 NEXT SEEDS:195FE133      18       0       0       0       0   181CD    3039       0       0
   16666659                     7                     7             3.6430198E-04         1.0000000E+30            757653       
 NEXT SEEDS:195FE6BC      18       0       0       0       0   181CD    3039       0       0
   16666660                     6                     6             3.6430196E-04         1.0000000E+30            757653       
 NEXT SEEDS:195FE9F7      18       0       0       0       0   181CD    3039       0       0
   16666661                     5                     5             3.6430194E-04         1.0000000E+30            757653       
 NEXT SEEDS:195FEF6A      18       0       0       0       0   181CD    3039       0       0
   16666662                     4                     4             3.6430195E-04         1.0000000E+30            757653       
 NEXT SEEDS:195FF484      18       0       0       0       0   181CD    3039       0       0
   16666663                     3                     3             3.6430196E-04         1.0000000E+30            757653       
 NEXT SEEDS:195FF7CC      18       0       0       0       0   181CD    3039       0       0
   16666664                     2                     2             3.6430196E-04         1.0000000E+30            757653       
 NEXT SEEDS:195FFADF      18       0       0       0       0   181CD    3039       0       0
   16666665                     1                     1             3.6430194E-04         1.0000000E+30            757653       
 NEXT SEEDS:195FFE6A      18       0       0       0       0   181CD    3039       0       0
   16666666                     0                     1             3.6430195E-04         1.0000000E+30            757653       
 NEXT SEEDS:19600218      18       0       0       0       0   181CD    3039       0       0
