1NUMBER OF BEAM       NUMBER OF BEAM        APPROXIMATE NUMBER    AVERAGE TIME USED     TIME LEFT (RESERVED   NUMBER OF STARS
 PARTICLES HANDLED    PARTICLES LEFT        OF BEAM PARTICLES     BY A BEAM PARTICLE     10000.0 SECONDS      CREATED
                                            THAT CAN STILL BE                           FOR PRINTOUT)
                                            HANDLED

 NEXT SEEDS:       0       0       0       0       0       0   181CD    3039       0       0
          1              16666665              16666665             4.8971176E-04         1.0000000E+30                 0       
 NEXT SEEDS:     5CD       0       0       0       0       0   181CD    3039       0       0
     300000              16366666              16366666             3.0764027E-04         1.0000000E+30             12061       
 NEXT SEEDS:1DB2BF75       0       0       0       0       0   181CD    3039       0       0
     600000              16066666              16066666             3.3928096E-04         1.0000000E+30             24005       
 NEXT SEEDS:3B5C90F1       0       0       0       0       0   181CD    3039       0       0
     900000              15766666              15766666             3.4618505E-04         1.0000000E+30             36087       
 NEXT SEEDS:1D79C498       1       0       0       0       0   181CD    3039       0       0
    1200000              15466666              15466666             3.4872865E-04         1.0000000E+30             48006       
 NEXT SEEDS:3B2C4232       1       0       0       0       0   181CD    3039       0       0
    1500000              15166666              15166666             3.5004624E-04         1.0000000E+30             59883       
 NEXT SEEDS:1D344CEE       2       0       0       0       0   181CD    3039       0       0
 COUSET, TXYZ:   1.00000000000559     -0.432221411548769      0.901767515166727    
    1800000              14866666              14866666             3.5129830E-04         1.0000000E+30             71772       
 NEXT SEEDS:3AC71F56       2       0       0       0       0   181CD    3039       0       0
    2100000              14566666              14566666             3.5073923E-04         1.0000000E+30             83482       
 NEXT SEEDS:1CB9BBC8       3       0       0       0       0   181CD    3039       0       0
    2400000              14266666              14266666             3.5547445E-04         1.0000000E+30             95317       
 NEXT SEEDS:3A55F31A       3       0       0       0       0   181CD    3039       0       0
    2700000              13966666              13966666             3.5977348E-04         1.0000000E+30            107346       
 NEXT SEEDS:1C64D647       4       0       0       0       0   181CD    3039       0       0
    3000000              13666666              13666666             3.5970427E-04         1.0000000E+30            119568       
 NEXT SEEDS:3A38DC70       4       0       0       0       0   181CD    3039       0       0
    3300000              13366666              13366666             3.5369411E-04         1.0000000E+30            131392       
 NEXT SEEDS:1C312EDC       5       0       0       0       0   181CD    3039       0       0
    3600000              13066666              13066666             3.5019603E-04         1.0000000E+30            143396       
 NEXT SEEDS:39CA99DC       5       0       0       0       0   181CD    3039       0       0
    3900000              12766666              12766666             3.5139846E-04         1.0000000E+30            155274       
 NEXT SEEDS:1BD5AF42       6       0       0       0       0   181CD    3039       0       0
    4200000              12466666              12466666             3.5252366E-04         1.0000000E+30            167206       
 NEXT SEEDS:396E74A8       6       0       0       0       0   181CD    3039       0       0
    4500000              12166666              12166666             3.5014082E-04         1.0000000E+30            179428       
 NEXT SEEDS:1B9CA66E       7       0       0       0       0   181CD    3039       0       0
    4800000              11866666              11866666             3.4991405E-04         1.0000000E+30            191266       
 NEXT SEEDS:39373AAD       7       0       0       0       0   181CD    3039       0       0
    5100000              11566666              11566666             3.4790643E-04         1.0000000E+30            203321       
 NEXT SEEDS:1B3DA4BC       8       0       0       0       0   181CD    3039       0       0
    5400000              11266666              11266666             3.4648865E-04         1.0000000E+30            215385       
 NEXT SEEDS:390AE1A8       8       0       0       0       0   181CD    3039       0       0
    5700000              10966666              10966666             3.4690120E-04         1.0000000E+30            227383       
 NEXT SEEDS:1B178824       9       0       0       0       0   181CD    3039       0       0
    6000000              10666666              10666666             3.4854887E-04         1.0000000E+30            239421       
 NEXT SEEDS:38D91CCB       9       0       0       0       0   181CD    3039       0       0
    6300000              10366666              10366666             3.4888033E-04         1.0000000E+30            251340       
 NEXT SEEDS:1AE6F74B       A       0       0       0       0   181CD    3039       0       0
    6600000              10066666              10066666             3.4444684E-04         1.0000000E+30            263405       
 NEXT SEEDS:38810D55       A       0       0       0       0   181CD    3039       0       0
    6900000               9766666               9766666             3.4027652E-04         1.0000000E+30            275581       
 NEXT SEEDS:1AAADD3E       B       0       0       0       0   181CD    3039       0       0
    7200000               9466666               9466666             3.3644237E-04         1.0000000E+30            287724       
 NEXT SEEDS:385ABBAB       B       0       0       0       0   181CD    3039       0       0
    7500000               9166666               9166666             3.3747783E-04         1.0000000E+30            299658       
 NEXT SEEDS:1A6E2480       C       0       0       0       0   181CD    3039       0       0
    7800000               8866666               8866666             3.3924426E-04         1.0000000E+30            311614       
 NEXT SEEDS:380AA42E       C       0       0       0       0   181CD    3039       0       0
    8100000               8566666               8566666             3.4056587E-04         1.0000000E+30            323824       
 NEXT SEEDS:1A450DE7       D       0       0       0       0   181CD    3039       0       0
    8400000               8266666               8266666             3.4155422E-04         1.0000000E+30            335794       
 NEXT SEEDS:3805E5CA       D       0       0       0       0   181CD    3039       0       0
    8700000               7966666               7966666             3.4070885E-04         1.0000000E+30            347807       
 NEXT SEEDS:1A25F6A6       E       0       0       0       0   181CD    3039       0       0
    9000000               7666666               7666666             3.4102669E-04         1.0000000E+30            359805       
 NEXT SEEDS:37E0BD95       E       0       0       0       0   181CD    3039       0       0
 COUSET, TXYZ:   1.00000000000925      0.390958928096843      0.920408124996662    
    9300000               7366666               7366666             3.4002996E-04         1.0000000E+30            371693       
 NEXT SEEDS:19FBCC60       F       0       0       0       0   181CD    3039       0       0
 COUSET, TXYZ:   1.00000000001197     -0.572868477460956      0.819647306806715    
    9600000               7066666               7066666             3.3714785E-04         1.0000000E+30            383555       
 NEXT SEEDS:379DAD98       F       0       0       0       0   181CD    3039       0       0
    9900000               6766666               6766666             3.3443838E-04         1.0000000E+30            395457       
 NEXT SEEDS:1994EEC8      10       0       0       0       0   181CD    3039       0       0
   10200000               6466666               6466666             3.3192024E-04         1.0000000E+30            407659       
 NEXT SEEDS:375EFDA7      10       0       0       0       0   181CD    3039       0       0
 COUSET, TXYZ:  0.999999999987237     -0.312131570716198      0.950038884749836    
   10500000               6166666               6166666             3.2953225E-04         1.0000000E+30            419761       
 NEXT SEEDS:19727872      11       0       0       0       0   181CD    3039       0       0
 COUSET, TXYZ:  0.999999999959505      0.304973422730089      0.952360861935907    
   10800000               5866666               5866666             3.2729666E-04         1.0000000E+30            431881       
 NEXT SEEDS:3742861F      11       0       0       0       0   181CD    3039       0       0
   11100000               5566666               5566666             3.2516162E-04         1.0000000E+30            443963       
 NEXT SEEDS:19619C21      12       0       0       0       0   181CD    3039       0       0
   11400000               5266666               5266666             3.2313085E-04         1.0000000E+30            455844       
 NEXT SEEDS:36F6BDB9      12       0       0       0       0   181CD    3039       0       0
   11700000               4966666               4966666             3.2120695E-04         1.0000000E+30            467895       
 NEXT SEEDS:19065092      13       0       0       0       0   181CD    3039       0       0
   12000000               4666666               4666666             3.1942383E-04         1.0000000E+30            479912       
 NEXT SEEDS:36BDF3C6      13       0       0       0       0   181CD    3039       0       0
 COUSET, TXYZ:   1.00000000000510     -0.826816431226136      0.562471856242324    
   12300000               4366666               4366666             3.1868115E-04         1.0000000E+30            491883       
 NEXT SEEDS:18C52FD3      14       0       0       0       0   181CD    3039       0       0
   12600000               4066666               4066666             3.2024408E-04         1.0000000E+30            503847       
 NEXT SEEDS:36669BBF      14       0       0       0       0   181CD    3039       0       0
   12900000               3766666               3766666             3.2175656E-04         1.0000000E+30            516046       
 NEXT SEEDS:1887573D      15       0       0       0       0   181CD    3039       0       0
   13200000               3466666               3466666             3.2317198E-04         1.0000000E+30            528041       
 NEXT SEEDS:3632956F      15       0       0       0       0   181CD    3039       0       0
   13500000               3166666               3166666             3.2452286E-04         1.0000000E+30            540030       
 NEXT SEEDS:18403E1D      16       0       0       0       0   181CD    3039       0       0
   13800000               2866666               2866666             3.2480204E-04         1.0000000E+30            551821       
 NEXT SEEDS:35D1E190      16       0       0       0       0   181CD    3039       0       0
   14100000               2566666               2566666             3.2314824E-04         1.0000000E+30            563771       
 NEXT SEEDS:17C6D8AF      17       0       0       0       0   181CD    3039       0       0
   14400000               2266666               2266666             3.2159427E-04         1.0000000E+30            575757       
 NEXT SEEDS:358D2D6A      17       0       0       0       0   181CD    3039       0       0
   14700000               1966666               1966666             3.2008404E-04         1.0000000E+30            587807       
 NEXT SEEDS:17928241      18       0       0       0       0   181CD    3039       0       0
   15000000               1666666               1666666             3.1862914E-04         1.0000000E+30            599693       
 NEXT SEEDS:3524BBFC      18       0       0       0       0   181CD    3039       0       0
   15300000               1366666               1366666             3.1724750E-04         1.0000000E+30            611777       
 NEXT SEEDS:173C00C6      19       0       0       0       0   181CD    3039       0       0
   15600000               1066666               1066666             3.1591941E-04         1.0000000E+30            623837       
 NEXT SEEDS:34E00CAA      19       0       0       0       0   181CD    3039       0       0
   15900000                766666                766666             3.1466078E-04         1.0000000E+30            635943       
 NEXT SEEDS:16F104CD      1A       0       0       0       0   181CD    3039       0       0
   16200000                466666                466666             3.1341854E-04         1.0000000E+30            647851       
 NEXT SEEDS:348FED57      1A       0       0       0       0   181CD    3039       0       0
   16500000                166666                166666             3.1222864E-04         1.0000000E+30            659910       
 NEXT SEEDS:16A01623      1B       0       0       0       0   181CD    3039       0       0
   16666616                    50                    50             3.1160427E-04         1.0000000E+30            666526       
 NEXT SEEDS:271364BB      1B       0       0       0       0   181CD    3039       0       0
   16666617                    49                    49             3.1160431E-04         1.0000000E+30            666526       
 NEXT SEEDS:2713705E      1B       0       0       0       0   181CD    3039       0       0
   16666618                    48                    48             3.1160432E-04         1.0000000E+30            666526       
 NEXT SEEDS:27137B48      1B       0       0       0       0   181CD    3039       0       0
   16666619                    47                    47             3.1160430E-04         1.0000000E+30            666526       
 NEXT SEEDS:27137FEB      1B       0       0       0       0   181CD    3039       0       0
   16666620                    46                    46             3.1160431E-04         1.0000000E+30            666526       
 NEXT SEEDS:27138467      1B       0       0       0       0   181CD    3039       0       0
   16666621                    45                    45             3.1160429E-04         1.0000000E+30            666526       
 NEXT SEEDS:2713893A      1B       0       0       0       0   181CD    3039       0       0
   16666622                    44                    44             3.1160430E-04         1.0000000E+30            666526       
 NEXT SEEDS:27138D85      1B       0       0       0       0   181CD    3039       0       0
   16666623                    43                    43             3.1160428E-04         1.0000000E+30            666526       
 NEXT SEEDS:27139184      1B       0       0       0       0   181CD    3039       0       0
   16666624                    42                    42             3.1160429E-04         1.0000000E+30            666526       
 NEXT SEEDS:27139542      1B       0       0       0       0   181CD    3039       0       0
   16666625                    41                    41             3.1160428E-04         1.0000000E+30            666526       
 NEXT SEEDS:2713975F      1B       0       0       0       0   181CD    3039       0       0
   16666626                    40                    40             3.1160429E-04         1.0000000E+30            666526       
 NEXT SEEDS:27139E9B      1B       0       0       0       0   181CD    3039       0       0
   16666627                    39                    39             3.1160430E-04         1.0000000E+30            666527       
 NEXT SEEDS:2713ABC6      1B       0       0       0       0   181CD    3039       0       0
   16666628                    38                    38             3.1160431E-04         1.0000000E+30            666527       
 NEXT SEEDS:2713B11F      1B       0       0       0       0   181CD    3039       0       0
   16666629                    37                    37             3.1160432E-04         1.0000000E+30            666527       
 NEXT SEEDS:2713B594      1B       0       0       0       0   181CD    3039       0       0
   16666630                    36                    36             3.1160430E-04         1.0000000E+30            666527       
 NEXT SEEDS:2713B8E7      1B       0       0       0       0   181CD    3039       0       0
   16666631                    35                    35             3.1160431E-04         1.0000000E+30            666527       
 NEXT SEEDS:2713BAD4      1B       0       0       0       0   181CD    3039       0       0
   16666632                    34                    34             3.1160432E-04         1.0000000E+30            666527       
 NEXT SEEDS:2713C49E      1B       0       0       0       0   181CD    3039       0       0
   16666633                    33                    33             3.1160430E-04         1.0000000E+30            666527       
 NEXT SEEDS:2713CBCB      1B       0       0       0       0   181CD    3039       0       0
   16666634                    32                    32             3.1160431E-04         1.0000000E+30            666527       
 NEXT SEEDS:2713CF75      1B       0       0       0       0   181CD    3039       0       0
   16666635                    31                    31             3.1160435E-04         1.0000000E+30            666528       
 NEXT SEEDS:2713EED3      1B       0       0       0       0   181CD    3039       0       0
   16666636                    30                    30             3.1160436E-04         1.0000000E+30            666528       
 NEXT SEEDS:2713F272      1B       0       0       0       0   181CD    3039       0       0
   16666637                    29                    29             3.1160437E-04         1.0000000E+30            666528       
 NEXT SEEDS:2713FA8C      1B       0       0       0       0   181CD    3039       0       0
   16666638                    28                    28             3.1160436E-04         1.0000000E+30            666528       
 NEXT SEEDS:2713FF62      1B       0       0       0       0   181CD    3039       0       0
   16666639                    27                    27             3.1160437E-04         1.0000000E+30            666528       
 NEXT SEEDS:27140336      1B       0       0       0       0   181CD    3039       0       0
   16666640                    26                    26             3.1160435E-04         1.0000000E+30            666528       
 NEXT SEEDS:27140887      1B       0       0       0       0   181CD    3039       0       0
   16666641                    25                    25             3.1160436E-04         1.0000000E+30            666528       
 NEXT SEEDS:27140F19      1B       0       0       0       0   181CD    3039       0       0
   16666642                    24                    24             3.1160437E-04         1.0000000E+30            666528       
 NEXT SEEDS:2714118A      1B       0       0       0       0   181CD    3039       0       0
   16666643                    23                    23             3.1160435E-04         1.0000000E+30            666528       
 NEXT SEEDS:27141833      1B       0       0       0       0   181CD    3039       0       0
   16666644                    22                    22             3.1160436E-04         1.0000000E+30            666528       
 NEXT SEEDS:27141BAD      1B       0       0       0       0   181CD    3039       0       0
   16666645                    21                    21             3.1160437E-04         1.0000000E+30            666528       
 NEXT SEEDS:27142460      1B       0       0       0       0   181CD    3039       0       0
   16666646                    20                    20             3.1160435E-04         1.0000000E+30            666528       
 NEXT SEEDS:27142B58      1B       0       0       0       0   181CD    3039       0       0
   16666647                    19                    19             3.1160439E-04         1.0000000E+30            666529       
 NEXT SEEDS:2714376E      1B       0       0       0       0   181CD    3039       0       0
   16666648                    18                    18             3.1160437E-04         1.0000000E+30            666529       
 NEXT SEEDS:27143C27      1B       0       0       0       0   181CD    3039       0       0
   16666649                    17                    17             3.1160438E-04         1.0000000E+30            666529       
 NEXT SEEDS:27144244      1B       0       0       0       0   181CD    3039       0       0
   16666650                    16                    16             3.1160437E-04         1.0000000E+30            666529       
 NEXT SEEDS:27144372      1B       0       0       0       0   181CD    3039       0       0
   16666651                    15                    15             3.1160438E-04         1.0000000E+30            666529       
 NEXT SEEDS:27144721      1B       0       0       0       0   181CD    3039       0       0
   16666652                    14                    14             3.1160436E-04         1.0000000E+30            666529       
 NEXT SEEDS:27144A57      1B       0       0       0       0   181CD    3039       0       0
   16666653                    13                    13             3.1160437E-04         1.0000000E+30            666529       
 NEXT SEEDS:2714520E      1B       0       0       0       0   181CD    3039       0       0
   16666654                    12                    12             3.1160441E-04         1.0000000E+30            666530       
 NEXT SEEDS:271465C7      1B       0       0       0       0   181CD    3039       0       0
   16666655                    11                    11             3.1160439E-04         1.0000000E+30            666530       
 NEXT SEEDS:27146B78      1B       0       0       0       0   181CD    3039       0       0
   16666656                    10                    10             3.1160440E-04         1.0000000E+30            666530       
 NEXT SEEDS:27146EDE      1B       0       0       0       0   181CD    3039       0       0
   16666657                     9                     9             3.1160438E-04         1.0000000E+30            666530       
 NEXT SEEDS:2714737C      1B       0       0       0       0   181CD    3039       0       0
   16666658                     8                     8             3.1160439E-04         1.0000000E+30            666530       
 NEXT SEEDS:27147B89      1B       0       0       0       0   181CD    3039       0       0
   16666659                     7                     7             3.1160440E-04         1.0000000E+30            666530       
 NEXT SEEDS:27147EBC      1B       0       0       0       0   181CD    3039       0       0
   16666660                     6                     6             3.1160438E-04         1.0000000E+30            666530       
 NEXT SEEDS:27148340      1B       0       0       0       0   181CD    3039       0       0
   16666661                     5                     5             3.1160439E-04         1.0000000E+30            666530       
 NEXT SEEDS:271486A9      1B       0       0       0       0   181CD    3039       0       0
   16666662                     4                     4             3.1160438E-04         1.0000000E+30            666530       
 NEXT SEEDS:27148CF4      1B       0       0       0       0   181CD    3039       0       0
   16666663                     3                     3             3.1160439E-04         1.0000000E+30            666530       
 NEXT SEEDS:271493A6      1B       0       0       0       0   181CD    3039       0       0
   16666664                     2                     2             3.1160448E-04         1.0000000E+30            666531       
 NEXT SEEDS:2714B85E      1B       0       0       0       0   181CD    3039       0       0
   16666665                     1                     1             3.1160447E-04         1.0000000E+30            666531       
 NEXT SEEDS:2714BB2E      1B       0       0       0       0   181CD    3039       0       0
   16666666                     0                     1             3.1160448E-04         1.0000000E+30            666531       
 NEXT SEEDS:2714C018      1B       0       0       0       0   181CD    3039       0       0
