1NUMBER OF BEAM       NUMBER OF BEAM        APPROXIMATE NUMBER    AVERAGE TIME USED     TIME LEFT (RESERVED   NUMBER OF STARS
 PARTICLES HANDLED    PARTICLES LEFT        OF BEAM PARTICLES     BY A BEAM PARTICLE     10000.0 SECONDS      CREATED
                                            THAT CAN STILL BE                           FOR PRINTOUT)
                                            HANDLED

 NEXT SEEDS:       0       0       0       0       0       0   181CD    3039       0       0
          1               9999999               9999999             6.9570541E-04         1.0000000E+30                 0       
 NEXT SEEDS:     9B2       0       0       0       0       0   181CD    3039       0       0
     200000               9800000               9800000             5.9251669E-04         1.0000000E+30             13007       
 NEXT SEEDS:1FB46D46       0       0       0       0       0   181CD    3039       0       0
     400000               9600000               9600000             5.9199494E-04         1.0000000E+30             26037       
 NEXT SEEDS: 3EB2FC3       1       0       0       0       0   181CD    3039       0       0
     600000               9400000               9400000             5.9175591E-04         1.0000000E+30             39217       
 NEXT SEEDS:23C93B53       1       0       0       0       0   181CD    3039       0       0
     800000               9200000               9200000             5.9129576E-04         1.0000000E+30             52264       
 NEXT SEEDS: 7E7A9D8       2       0       0       0       0   181CD    3039       0       0
    1000000               9000000               9000000             5.9150942E-04         1.0000000E+30             65594       
 NEXT SEEDS:27AC2CA1       2       0       0       0       0   181CD    3039       0       0
    1200000               8800000               8800000             5.9106925E-04         1.0000000E+30             78506       
 NEXT SEEDS: BC235F5       3       0       0       0       0   181CD    3039       0       0
    1400000               8600000               8600000             5.9098355E-04         1.0000000E+30             91563       
 NEXT SEEDS:2B7E5996       3       0       0       0       0   181CD    3039       0       0
    1600000               8400000               8400000             5.9112279E-04         1.0000000E+30            104702       
 NEXT SEEDS: FBA54FE       4       0       0       0       0   181CD    3039       0       0
    1800000               8200000               8200000             5.9117273E-04         1.0000000E+30            117637       
 NEXT SEEDS:2F982638       4       0       0       0       0   181CD    3039       0       0
    2000000               8000000               8000000             5.9108824E-04         1.0000000E+30            130705       
 NEXT SEEDS:13BBF2A2       5       0       0       0       0   181CD    3039       0       0
    2200000               7800000               7800000             5.9093482E-04         1.0000000E+30            143736       
 NEXT SEEDS:33717ACF       5       0       0       0       0   181CD    3039       0       0
    2400000               7600000               7600000             5.9099536E-04         1.0000000E+30            156995       
 NEXT SEEDS:17ACAA9A       6       0       0       0       0   181CD    3039       0       0
 COUSET, TXYZ:   1.00000000000581     -0.642495877278726      0.766289141050209    
    2600000               7400000               7400000             5.9072179E-04         1.0000000E+30            169876       
 NEXT SEEDS:375CE5E5       6       0       0       0       0   181CD    3039       0       0
    2800000               7200000               7200000             5.9068772E-04         1.0000000E+30            183116       
 NEXT SEEDS:1B846200       7       0       0       0       0   181CD    3039       0       0
    3000000               7000000               7000000             5.9066564E-04         1.0000000E+30            196272       
 NEXT SEEDS:3B48B277       7       0       0       0       0   181CD    3039       0       0
    3200000               6800000               6800000             5.9083663E-04         1.0000000E+30            209295       
 NEXT SEEDS:1F6B1EC6       8       0       0       0       0   181CD    3039       0       0
    3400000               6600000               6600000             5.9068965E-04         1.0000000E+30            222130       
 NEXT SEEDS: 379CC9E       9       0       0       0       0   181CD    3039       0       0
    3600000               6400000               6400000             5.9066995E-04         1.0000000E+30            235474       
 NEXT SEEDS:235A9F21       9       0       0       0       0   181CD    3039       0       0
    3800000               6200000               6200000             5.9048872E-04         1.0000000E+30            248449       
 NEXT SEEDS: 7766CE8       A       0       0       0       0   181CD    3039       0       0
    4000000               6000000               6000000             5.9029662E-04         1.0000000E+30            261646       
 NEXT SEEDS:2724E0D9       A       0       0       0       0   181CD    3039       0       0
    4200000               5800000               5800000             5.9019687E-04         1.0000000E+30            274844       
 NEXT SEEDS: B477AEE       B       0       0       0       0   181CD    3039       0       0
    4400000               5600000               5600000             5.9011662E-04         1.0000000E+30            287771       
 NEXT SEEDS:2AF9882A       B       0       0       0       0   181CD    3039       0       0
    4600000               5400000               5400000             5.9014531E-04         1.0000000E+30            300925       
 NEXT SEEDS: F275058       C       0       0       0       0   181CD    3039       0       0
    4800000               5200000               5200000             5.9011235E-04         1.0000000E+30            313975       
 NEXT SEEDS:2ED87BAA       C       0       0       0       0   181CD    3039       0       0
    5000000               5000000               5000000             5.9002958E-04         1.0000000E+30            326771       
 NEXT SEEDS:12F878F8       D       0       0       0       0   181CD    3039       0       0
    5200000               4800000               4800000             5.9002464E-04         1.0000000E+30            339709       
 NEXT SEEDS:32C04F14       D       0       0       0       0   181CD    3039       0       0
 COUSET, TXYZ:  0.999999999982011     -0.606181764425311      0.795326139669908    
    5400000               4600000               4600000             5.9004810E-04         1.0000000E+30            352944       
 NEXT SEEDS:16E2AADD       E       0       0       0       0   181CD    3039       0       0
    5600000               4400000               4400000             5.8991555E-04         1.0000000E+30            365732       
 NEXT SEEDS:3678C871       E       0       0       0       0   181CD    3039       0       0
    5800000               4200000               4200000             5.8994443E-04         1.0000000E+30            378903       
 NEXT SEEDS:1AA82DFD       F       0       0       0       0   181CD    3039       0       0
    6000000               4000000               4000000             5.8991145E-04         1.0000000E+30            392027       
 NEXT SEEDS:3A64FFB4       F       0       0       0       0   181CD    3039       0       0
    6200000               3800000               3800000             5.9002941E-04         1.0000000E+30            405149       
 NEXT SEEDS:1EA822D2      10       0       0       0       0   181CD    3039       0       0
    6400000               3600000               3600000             5.8999839E-04         1.0000000E+30            418108       
 NEXT SEEDS: 2C1177E      11       0       0       0       0   181CD    3039       0       0
    6600000               3400000               3400000             5.8999966E-04         1.0000000E+30            431165       
 NEXT SEEDS:22841BA5      11       0       0       0       0   181CD    3039       0       0
    6800000               3200000               3200000             5.9004042E-04         1.0000000E+30            444309       
 NEXT SEEDS: 6BE10A3      12       0       0       0       0   181CD    3039       0       0
    7000000               3000000               3000000             5.9006061E-04         1.0000000E+30            457441       
 NEXT SEEDS:2682952E      12       0       0       0       0   181CD    3039       0       0
    7200000               2800000               2800000             5.9000874E-04         1.0000000E+30            470424       
 NEXT SEEDS: A8BE402      13       0       0       0       0   181CD    3039       0       0
    7400000               2600000               2600000             5.9005700E-04         1.0000000E+30            483618       
 NEXT SEEDS:2A62E815      13       0       0       0       0   181CD    3039       0       0
    7600000               2400000               2400000             5.9013800E-04         1.0000000E+30            496942       
 NEXT SEEDS: EB4DEEA      14       0       0       0       0   181CD    3039       0       0
    7800000               2200000               2200000             5.9011174E-04         1.0000000E+30            509919       
 NEXT SEEDS:2E5B52D3      14       0       0       0       0   181CD    3039       0       0
    8000000               2000000               2000000             5.9014367E-04         1.0000000E+30            523240       
 NEXT SEEDS:129FFB0A      15       0       0       0       0   181CD    3039       0       0
    8200000               1800000               1800000             5.9020073E-04         1.0000000E+30            536512       
 NEXT SEEDS:32ACB0B8      15       0       0       0       0   181CD    3039       0       0
    8400000               1600000               1600000             5.9014962E-04         1.0000000E+30            549564       
 NEXT SEEDS:16C3A081      16       0       0       0       0   181CD    3039       0       0
    8600000               1400000               1400000             5.9013518E-04         1.0000000E+30            562705       
 NEXT SEEDS:3689A11D      16       0       0       0       0   181CD    3039       0       0
    8800000               1200000               1200000             5.9011840E-04         1.0000000E+30            575787       
 NEXT SEEDS:1ABA7964      17       0       0       0       0   181CD    3039       0       0
    9000000               1000000               1000000             5.8719189E-04         1.0000000E+30            588883       
 NEXT SEEDS:3A6609E5      17       0       0       0       0   181CD    3039       0       0
    9200000                800000                800000             5.8266527E-04         1.0000000E+30            601824       
 NEXT SEEDS:1E924E1C      18       0       0       0       0   181CD    3039       0       0
    9400000                600000                600000             5.7838565E-04         1.0000000E+30            615023       
 NEXT SEEDS: 2CC3C3D      19       0       0       0       0   181CD    3039       0       0
    9600000                400000                400000             5.7422444E-04         1.0000000E+30            628137       
 NEXT SEEDS:226D5EA3      19       0       0       0       0   181CD    3039       0       0
    9800000                200000                200000             5.7025819E-04         1.0000000E+30            641214       
 NEXT SEEDS: 6982AB3      1A       0       0       0       0   181CD    3039       0       0
    9999950                    50                    50             5.6644912E-04         1.0000000E+30            654319       
 NEXT SEEDS:266F3E04      1A       0       0       0       0   181CD    3039       0       0
    9999951                    49                    49             5.6644911E-04         1.0000000E+30            654319       
 NEXT SEEDS:266F4664      1A       0       0       0       0   181CD    3039       0       0
    9999952                    48                    48             5.6644905E-04         1.0000000E+30            654319       
 NEXT SEEDS:266F4C1C      1A       0       0       0       0   181CD    3039       0       0
    9999953                    47                    47             5.6644904E-04         1.0000000E+30            654319       
 NEXT SEEDS:266F5846      1A       0       0       0       0   181CD    3039       0       0
    9999954                    46                    46             5.6644904E-04         1.0000000E+30            654319       
 NEXT SEEDS:266F6088      1A       0       0       0       0   181CD    3039       0       0
    9999955                    45                    45             5.6644903E-04         1.0000000E+30            654319       
 NEXT SEEDS:266F66F0      1A       0       0       0       0   181CD    3039       0       0
    9999956                    44                    44             5.6644902E-04         1.0000000E+30            654319       
 NEXT SEEDS:266F6F7F      1A       0       0       0       0   181CD    3039       0       0
    9999957                    43                    43             5.6644901E-04         1.0000000E+30            654319       
 NEXT SEEDS:266F787E      1A       0       0       0       0   181CD    3039       0       0
    9999958                    42                    42             5.6644896E-04         1.0000000E+30            654319       
 NEXT SEEDS:266F8010      1A       0       0       0       0   181CD    3039       0       0
    9999959                    41                    41             5.6644905E-04         1.0000000E+30            654320       
 NEXT SEEDS:266F9E49      1A       0       0       0       0   181CD    3039       0       0
    9999960                    40                    40             5.6644904E-04         1.0000000E+30            654320       
 NEXT SEEDS:266FA651      1A       0       0       0       0   181CD    3039       0       0
    9999961                    39                    39             5.6644903E-04         1.0000000E+30            654320       
 NEXT SEEDS:266FAAA1      1A       0       0       0       0   181CD    3039       0       0
    9999962                    38                    38             5.6644902E-04         1.0000000E+30            654320       
 NEXT SEEDS:266FB4D6      1A       0       0       0       0   181CD    3039       0       0
    9999963                    37                    37             5.6644897E-04         1.0000000E+30            654320       
 NEXT SEEDS:266FBA1B      1A       0       0       0       0   181CD    3039       0       0
    9999964                    36                    36             5.6644896E-04         1.0000000E+30            654320       
 NEXT SEEDS:266FC097      1A       0       0       0       0   181CD    3039       0       0
    9999965                    35                    35             5.6644895E-04         1.0000000E+30            654320       
 NEXT SEEDS:266FCD2C      1A       0       0       0       0   181CD    3039       0       0
    9999966                    34                    34             5.6644894E-04         1.0000000E+30            654320       
 NEXT SEEDS:266FD7D0      1A       0       0       0       0   181CD    3039       0       0
    9999967                    33                    33             5.6644894E-04         1.0000000E+30            654320       
 NEXT SEEDS:266FE292      1A       0       0       0       0   181CD    3039       0       0
    9999968                    32                    32             5.6644893E-04         1.0000000E+30            654320       
 NEXT SEEDS:266FEAB6      1A       0       0       0       0   181CD    3039       0       0
    9999969                    31                    31             5.6644887E-04         1.0000000E+30            654320       
 NEXT SEEDS:266FEED6      1A       0       0       0       0   181CD    3039       0       0
    9999970                    30                    30             5.6644886E-04         1.0000000E+30            654320       
 NEXT SEEDS:266FFAE1      1A       0       0       0       0   181CD    3039       0       0
    9999971                    29                    29             5.6644886E-04         1.0000000E+30            654320       
 NEXT SEEDS:26700540      1A       0       0       0       0   181CD    3039       0       0
    9999972                    28                    28             5.6644885E-04         1.0000000E+30            654320       
 NEXT SEEDS:267008D8      1A       0       0       0       0   181CD    3039       0       0
    9999973                    27                    27             5.6644879E-04         1.0000000E+30            654320       
 NEXT SEEDS:26700F2E      1A       0       0       0       0   181CD    3039       0       0
    9999974                    26                    26             5.6644878E-04         1.0000000E+30            654320       
 NEXT SEEDS:267013F7      1A       0       0       0       0   181CD    3039       0       0
    9999975                    25                    25             5.6644878E-04         1.0000000E+30            654320       
 NEXT SEEDS:26701A6F      1A       0       0       0       0   181CD    3039       0       0
    9999976                    24                    24             5.6644872E-04         1.0000000E+30            654320       
 NEXT SEEDS:267024E6      1A       0       0       0       0   181CD    3039       0       0
    9999977                    23                    23             5.6644871E-04         1.0000000E+30            654320       
 NEXT SEEDS:2670301C      1A       0       0       0       0   181CD    3039       0       0
    9999978                    22                    22             5.6644870E-04         1.0000000E+30            654320       
 NEXT SEEDS:26703A9C      1A       0       0       0       0   181CD    3039       0       0
    9999979                    21                    21             5.6644874E-04         1.0000000E+30            654320       
 NEXT SEEDS:26704A1C      1A       0       0       0       0   181CD    3039       0       0
    9999980                    20                    20             5.6644874E-04         1.0000000E+30            654320       
 NEXT SEEDS:26705301      1A       0       0       0       0   181CD    3039       0       0
    9999981                    19                    19             5.6644868E-04         1.0000000E+30            654320       
 NEXT SEEDS:26705AB9      1A       0       0       0       0   181CD    3039       0       0
    9999982                    18                    18             5.6644867E-04         1.0000000E+30            654320       
 NEXT SEEDS:26706678      1A       0       0       0       0   181CD    3039       0       0
    9999983                    17                    17             5.6644866E-04         1.0000000E+30            654320       
 NEXT SEEDS:2670720C      1A       0       0       0       0   181CD    3039       0       0
    9999984                    16                    16             5.6644880E-04         1.0000000E+30            654321       
 NEXT SEEDS:267099A0      1A       0       0       0       0   181CD    3039       0       0
    9999985                    15                    15             5.6644875E-04         1.0000000E+30            654321       
 NEXT SEEDS:26709EFF      1A       0       0       0       0   181CD    3039       0       0
    9999986                    14                    14             5.6644874E-04         1.0000000E+30            654321       
 NEXT SEEDS:2670A89D      1A       0       0       0       0   181CD    3039       0       0
    9999987                    13                    13             5.6644888E-04         1.0000000E+30            654322       
 NEXT SEEDS:2670D636      1A       0       0       0       0   181CD    3039       0       0
    9999988                    12                    12             5.6644887E-04         1.0000000E+30            654322       
 NEXT SEEDS:2670DF27      1A       0       0       0       0   181CD    3039       0       0
    9999989                    11                    11             5.6644891E-04         1.0000000E+30            654323       
 NEXT SEEDS:2671001C      1A       0       0       0       0   181CD    3039       0       0
    9999990                    10                    10             5.6644890E-04         1.0000000E+30            654323       
 NEXT SEEDS:267104BF      1A       0       0       0       0   181CD    3039       0       0
    9999991                     9                     9             5.6644889E-04         1.0000000E+30            654323       
 NEXT SEEDS:267109E1      1A       0       0       0       0   181CD    3039       0       0
    9999992                     8                     8             5.6644884E-04         1.0000000E+30            654323       
 NEXT SEEDS:267113FD      1A       0       0       0       0   181CD    3039       0       0
    9999993                     7                     7             5.6644883E-04         1.0000000E+30            654323       
 NEXT SEEDS:2671196B      1A       0       0       0       0   181CD    3039       0       0
    9999994                     6                     6             5.6644882E-04         1.0000000E+30            654323       
 NEXT SEEDS:267127D7      1A       0       0       0       0   181CD    3039       0       0
    9999995                     5                     5             5.6644881E-04         1.0000000E+30            654323       
 NEXT SEEDS:26712BC1      1A       0       0       0       0   181CD    3039       0       0
    9999996                     4                     4             5.6644881E-04         1.0000000E+30            654323       
 NEXT SEEDS:2671361C      1A       0       0       0       0   181CD    3039       0       0
    9999997                     3                     3             5.6644880E-04         1.0000000E+30            654323       
 NEXT SEEDS:26714962      1A       0       0       0       0   181CD    3039       0       0
    9999998                     2                     2             5.6644879E-04         1.0000000E+30            654323       
 NEXT SEEDS:26714F1C      1A       0       0       0       0   181CD    3039       0       0
    9999999                     1                     1             5.6644878E-04         1.0000000E+30            654323       
 NEXT SEEDS:267158EE      1A       0       0       0       0   181CD    3039       0       0
   10000000                     0                     1             5.6644873E-04         1.0000000E+30            654323       
 NEXT SEEDS:26715FF7      1A       0       0       0       0   181CD    3039       0       0
