1NUMBER OF BEAM       NUMBER OF BEAM        APPROXIMATE NUMBER    AVERAGE TIME USED     TIME LEFT (RESERVED   NUMBER OF STARS
 PARTICLES HANDLED    PARTICLES LEFT        OF BEAM PARTICLES     BY A BEAM PARTICLE     10000.0 SECONDS      CREATED
                                            THAT CAN STILL BE                           FOR PRINTOUT)
                                            HANDLED

 NEXT SEEDS:       0       0       0       0       0       0   181CD    3039       0       0
          1               9999999               9999999             8.4924698E-04         1.0000000E+30                 0       
 NEXT SEEDS:     26C       0       0       0       0       0   181CD    3039       0       0
     200000               9800000               9800000             1.5355311E-04         1.0000000E+30              7019       
 NEXT SEEDS: 7DA36D8       0       0       0       0       0   181CD    3039       0       0
     400000               9600000               9600000             1.6024204E-04         1.0000000E+30             13864       
 NEXT SEEDS: FAAE7DF       0       0       0       0       0   181CD    3039       0       0
     600000               9400000               9400000             1.5756752E-04         1.0000000E+30             20956       
 NEXT SEEDS:178F2811       0       0       0       0       0   181CD    3039       0       0
     800000               9200000               9200000             1.6001744E-04         1.0000000E+30             27941       
 NEXT SEEDS:1F69B02B       0       0       0       0       0   181CD    3039       0       0
    1000000               9000000               9000000             1.5796970E-04         1.0000000E+30             34998       
 NEXT SEEDS:2751B3F0       0       0       0       0       0   181CD    3039       0       0
    1200000               8800000               8800000             1.5995750E-04         1.0000000E+30             41959       
 NEXT SEEDS:2F300B13       0       0       0       0       0   181CD    3039       0       0
    1400000               8600000               8600000             1.5996455E-04         1.0000000E+30             49013       
 NEXT SEEDS:370E541F       0       0       0       0       0   181CD    3039       0       0
    1600000               8400000               8400000             1.5981755E-04         1.0000000E+30             55958       
 NEXT SEEDS: 347EC1C       1       0       0       0       0   181CD    3039       0       0
    1800000               8200000               8200000             1.5891700E-04         1.0000000E+30             62889       
 NEXT SEEDS: B1E898A       1       0       0       0       0   181CD    3039       0       0
    2000000               8000000               8000000             1.5824376E-04         1.0000000E+30             69962       
 NEXT SEEDS:130D4E98       1       0       0       0       0   181CD    3039       0       0
    2200000               7800000               7800000             1.5903333E-04         1.0000000E+30             76912       
 NEXT SEEDS:1AE7F4A3       1       0       0       0       0   181CD    3039       0       0
    2400000               7600000               7600000             1.5874634E-04         1.0000000E+30             83978       
 NEXT SEEDS:22D4C394       1       0       0       0       0   181CD    3039       0       0
    2600000               7400000               7400000             1.5916665E-04         1.0000000E+30             90933       
 NEXT SEEDS:2AA95056       1       0       0       0       0   181CD    3039       0       0
    2800000               7200000               7200000             1.5978230E-04         1.0000000E+30             97999       
 NEXT SEEDS:329C59FB       1       0       0       0       0   181CD    3039       0       0
    3000000               7000000               7000000             1.5928357E-04         1.0000000E+30            105229       
 NEXT SEEDS:3A8BF254       1       0       0       0       0   181CD    3039       0       0
    3200000               6800000               6800000             1.5888431E-04         1.0000000E+30            112171       
 NEXT SEEDS: 6CFBCED       2       0       0       0       0   181CD    3039       0       0
    3400000               6600000               6600000             1.5906984E-04         1.0000000E+30            119180       
 NEXT SEEDS: EAC9907       2       0       0       0       0   181CD    3039       0       0
    3600000               6400000               6400000             1.5986312E-04         1.0000000E+30            126101       
 NEXT SEEDS:1687403C       2       0       0       0       0   181CD    3039       0       0
    3800000               6200000               6200000             1.5965238E-04         1.0000000E+30            133061       
 NEXT SEEDS:1E5C31BE       2       0       0       0       0   181CD    3039       0       0
    4000000               6000000               6000000             1.5898741E-04         1.0000000E+30            139941       
 NEXT SEEDS:26269031       2       0       0       0       0   181CD    3039       0       0
    4200000               5800000               5800000             1.5938068E-04         1.0000000E+30            146944       
 NEXT SEEDS:2E04A453       2       0       0       0       0   181CD    3039       0       0
    4400000               5600000               5600000             1.5903273E-04         1.0000000E+30            153971       
 NEXT SEEDS:35DB057E       2       0       0       0       0   181CD    3039       0       0
 COUSET, TXYZ:   1.00000000006335     -0.972030833438141     -0.234853271155122    
    4600000               5400000               5400000             1.6007722E-04         1.0000000E+30            160994       
 NEXT SEEDS: 213DD54       3       0       0       0       0   181CD    3039       0       0
    4800000               5200000               5200000             1.5905469E-04         1.0000000E+30            167907       
 NEXT SEEDS: 9ED0918       3       0       0       0       0   181CD    3039       0       0
    5000000               5000000               5000000             1.5939608E-04         1.0000000E+30            175015       
 NEXT SEEDS:11CFB811       3       0       0       0       0   181CD    3039       0       0
    5200000               4800000               4800000             1.5954861E-04         1.0000000E+30            181960       
 NEXT SEEDS:19AC85FD       3       0       0       0       0   181CD    3039       0       0
    5400000               4600000               4600000             1.5942246E-04         1.0000000E+30            189132       
 NEXT SEEDS:2196038E       3       0       0       0       0   181CD    3039       0       0
    5600000               4400000               4400000             1.5971002E-04         1.0000000E+30            196051       
 NEXT SEEDS:296D9C83       3       0       0       0       0   181CD    3039       0       0
    5800000               4200000               4200000             1.5941465E-04         1.0000000E+30            202941       
 NEXT SEEDS:3146201E       3       0       0       0       0   181CD    3039       0       0
    6000000               4000000               4000000             1.5967519E-04         1.0000000E+30            209941       
 NEXT SEEDS:39284EA1       3       0       0       0       0   181CD    3039       0       0
    6200000               3800000               3800000             1.5940827E-04         1.0000000E+30            216859       
 NEXT SEEDS: 56178C6       4       0       0       0       0   181CD    3039       0       0
    6400000               3600000               3600000             1.5965907E-04         1.0000000E+30            223930       
 NEXT SEEDS: D478536       4       0       0       0       0   181CD    3039       0       0
    6600000               3400000               3400000             1.5957259E-04         1.0000000E+30            230837       
 NEXT SEEDS:1519BCAD       4       0       0       0       0   181CD    3039       0       0
    6800000               3200000               3200000             1.5965830E-04         1.0000000E+30            237898       
 NEXT SEEDS:1CFF3C8D       4       0       0       0       0   181CD    3039       0       0
    7000000               3000000               3000000             1.5988613E-04         1.0000000E+30            244953       
 NEXT SEEDS:24DECA6E       4       0       0       0       0   181CD    3039       0       0
    7200000               2800000               2800000             1.5921781E-04         1.0000000E+30            251964       
 NEXT SEEDS:2CB62732       4       0       0       0       0   181CD    3039       0       0
    7400000               2600000               2600000             1.5945689E-04         1.0000000E+30            258968       
 NEXT SEEDS:34945B42       4       0       0       0       0   181CD    3039       0       0
    7600000               2400000               2400000             1.5936775E-04         1.0000000E+30            265973       
 NEXT SEEDS:  D2262B       5       0       0       0       0   181CD    3039       0       0
    7800000               2200000               2200000             1.5944584E-04         1.0000000E+30            272808       
 NEXT SEEDS: 8A3152D       5       0       0       0       0   181CD    3039       0       0
    8000000               2000000               2000000             1.5957502E-04         1.0000000E+30            279771       
 NEXT SEEDS:107D4BE2       5       0       0       0       0   181CD    3039       0       0
    8200000               1800000               1800000             1.5944412E-04         1.0000000E+30            286733       
 NEXT SEEDS:18569B7E       5       0       0       0       0   181CD    3039       0       0
    8400000               1600000               1600000             1.5963491E-04         1.0000000E+30            293806       
 NEXT SEEDS:203850A2       5       0       0       0       0   181CD    3039       0       0
    8600000               1400000               1400000             1.5908624E-04         1.0000000E+30            300715       
 NEXT SEEDS:280D83C4       5       0       0       0       0   181CD    3039       0       0
    8800000               1200000               1200000             1.5962489E-04         1.0000000E+30            307512       
 NEXT SEEDS:2FDCC8ED       5       0       0       0       0   181CD    3039       0       0
 COUSET, TXYZ:   1.00000000001145     -0.993252217845745      0.115974272006416    
    9000000               1000000               1000000             1.5944700E-04         1.0000000E+30            314367       
 NEXT SEEDS:37B35726       5       0       0       0       0   181CD    3039       0       0
 COUSET, TXYZ:  0.999999999995000      0.393311330467634      0.919405349840743    
    9200000                800000                800000             1.5961865E-04         1.0000000E+30            321295       
 NEXT SEEDS: 3EA5797       6       0       0       0       0   181CD    3039       0       0
    9400000                600000                600000             1.5941309E-04         1.0000000E+30            328174       
 NEXT SEEDS: BB8D13F       6       0       0       0       0   181CD    3039       0       0
    9600000                400000                400000             1.5929008E-04         1.0000000E+30            335223       
 NEXT SEEDS:1399D3E3       6       0       0       0       0   181CD    3039       0       0
    9800000                200000                200000             1.5944219E-04         1.0000000E+30            342130       
 NEXT SEEDS:1B7040F2       6       0       0       0       0   181CD    3039       0       0
    9999950                    50                    50             1.5927631E-04         1.0000000E+30            349020       
 NEXT SEEDS:233FC411       6       0       0       0       0   181CD    3039       0       0
    9999951                    49                    49             1.5927631E-04         1.0000000E+30            349020       
 NEXT SEEDS:233FC642       6       0       0       0       0   181CD    3039       0       0
    9999952                    48                    48             1.5927632E-04         1.0000000E+30            349020       
 NEXT SEEDS:233FC7FF       6       0       0       0       0   181CD    3039       0       0
    9999953                    47                    47             1.5927631E-04         1.0000000E+30            349020       
 NEXT SEEDS:233FC885       6       0       0       0       0   181CD    3039       0       0
    9999954                    46                    46             1.5927631E-04         1.0000000E+30            349020       
 NEXT SEEDS:233FCA45       6       0       0       0       0   181CD    3039       0       0
    9999955                    45                    45             1.5927631E-04         1.0000000E+30            349020       
 NEXT SEEDS:233FCB82       6       0       0       0       0   181CD    3039       0       0
    9999956                    44                    44             1.5927630E-04         1.0000000E+30            349020       
 NEXT SEEDS:233FCD96       6       0       0       0       0   181CD    3039       0       0
    9999957                    43                    43             1.5927630E-04         1.0000000E+30            349020       
 NEXT SEEDS:233FCE87       6       0       0       0       0   181CD    3039       0       0
    9999958                    42                    42             1.5927630E-04         1.0000000E+30            349020       
 NEXT SEEDS:233FD0AF       6       0       0       0       0   181CD    3039       0       0
    9999959                    41                    41             1.5927629E-04         1.0000000E+30            349020       
 NEXT SEEDS:233FD251       6       0       0       0       0   181CD    3039       0       0
    9999960                    40                    40             1.5927629E-04         1.0000000E+30            349020       
 NEXT SEEDS:233FD3D7       6       0       0       0       0   181CD    3039       0       0
    9999961                    39                    39             1.5927628E-04         1.0000000E+30            349020       
 NEXT SEEDS:233FD55F       6       0       0       0       0   181CD    3039       0       0
    9999962                    38                    38             1.5927629E-04         1.0000000E+30            349020       
 NEXT SEEDS:233FD784       6       0       0       0       0   181CD    3039       0       0
    9999963                    37                    37             1.5927629E-04         1.0000000E+30            349020       
 NEXT SEEDS:233FD89E       6       0       0       0       0   181CD    3039       0       0
    9999964                    36                    36             1.5927629E-04         1.0000000E+30            349020       
 NEXT SEEDS:233FD9F2       6       0       0       0       0   181CD    3039       0       0
    9999965                    35                    35             1.5927628E-04         1.0000000E+30            349020       
 NEXT SEEDS:233FDB91       6       0       0       0       0   181CD    3039       0       0
    9999966                    34                    34             1.5927628E-04         1.0000000E+30            349020       
 NEXT SEEDS:233FDE6F       6       0       0       0       0   181CD    3039       0       0
    9999967                    33                    33             1.5927627E-04         1.0000000E+30            349020       
 NEXT SEEDS:233FDF93       6       0       0       0       0   181CD    3039       0       0
    9999968                    32                    32             1.5927628E-04         1.0000000E+30            349020       
 NEXT SEEDS:233FE177       6       0       0       0       0   181CD    3039       0       0
    9999969                    31                    31             1.5927628E-04         1.0000000E+30            349020       
 NEXT SEEDS:233FE37D       6       0       0       0       0   181CD    3039       0       0
    9999970                    30                    30             1.5927628E-04         1.0000000E+30            349020       
 NEXT SEEDS:233FE5F9       6       0       0       0       0   181CD    3039       0       0
    9999971                    29                    29             1.5927628E-04         1.0000000E+30            349020       
 NEXT SEEDS:233FE911       6       0       0       0       0   181CD    3039       0       0
    9999972                    28                    28             1.5927628E-04         1.0000000E+30            349020       
 NEXT SEEDS:233FEAA8       6       0       0       0       0   181CD    3039       0       0
    9999973                    27                    27             1.5927628E-04         1.0000000E+30            349020       
 NEXT SEEDS:233FECBC       6       0       0       0       0   181CD    3039       0       0
    9999974                    26                    26             1.5927627E-04         1.0000000E+30            349020       
 NEXT SEEDS:233FEDE4       6       0       0       0       0   181CD    3039       0       0
    9999975                    25                    25             1.5927627E-04         1.0000000E+30            349020       
 NEXT SEEDS:233FEFE5       6       0       0       0       0   181CD    3039       0       0
    9999976                    24                    24             1.5927627E-04         1.0000000E+30            349020       
 NEXT SEEDS:233FF293       6       0       0       0       0   181CD    3039       0       0
    9999977                    23                    23             1.5927627E-04         1.0000000E+30            349020       
 NEXT SEEDS:233FF452       6       0       0       0       0   181CD    3039       0       0
    9999978                    22                    22             1.5927627E-04         1.0000000E+30            349020       
 NEXT SEEDS:233FF627       6       0       0       0       0   181CD    3039       0       0
    9999979                    21                    21             1.5927627E-04         1.0000000E+30            349020       
 NEXT SEEDS:233FF771       6       0       0       0       0   181CD    3039       0       0
    9999980                    20                    20             1.5927626E-04         1.0000000E+30            349020       
 NEXT SEEDS:233FF95A       6       0       0       0       0   181CD    3039       0       0
    9999981                    19                    19             1.5927626E-04         1.0000000E+30            349020       
 NEXT SEEDS:233FFB3F       6       0       0       0       0   181CD    3039       0       0
    9999982                    18                    18             1.5927625E-04         1.0000000E+30            349020       
 NEXT SEEDS:233FFD17       6       0       0       0       0   181CD    3039       0       0
    9999983                    17                    17             1.5927625E-04         1.0000000E+30            349020       
 NEXT SEEDS:233FFE70       6       0       0       0       0   181CD    3039       0       0
    9999984                    16                    16             1.5927625E-04         1.0000000E+30            349020       
 NEXT SEEDS:233FFFF4       6       0       0       0       0   181CD    3039       0       0
    9999985                    15                    15             1.5927626E-04         1.0000000E+30            349020       
 NEXT SEEDS:234001D4       6       0       0       0       0   181CD    3039       0       0
    9999986                    14                    14             1.5927625E-04         1.0000000E+30            349020       
 NEXT SEEDS:2340034E       6       0       0       0       0   181CD    3039       0       0
    9999987                    13                    13             1.5927625E-04         1.0000000E+30            349020       
 NEXT SEEDS:23400566       6       0       0       0       0   181CD    3039       0       0
    9999988                    12                    12             1.5927624E-04         1.0000000E+30            349020       
 NEXT SEEDS:23400702       6       0       0       0       0   181CD    3039       0       0
    9999989                    11                    11             1.5927624E-04         1.0000000E+30            349020       
 NEXT SEEDS:234007F2       6       0       0       0       0   181CD    3039       0       0
    9999990                    10                    10             1.5927624E-04         1.0000000E+30            349020       
 NEXT SEEDS:234009DF       6       0       0       0       0   181CD    3039       0       0
    9999991                     9                     9             1.5927623E-04         1.0000000E+30            349020       
 NEXT SEEDS:23400B1F       6       0       0       0       0   181CD    3039       0       0
    9999992                     8                     8             1.5927623E-04         1.0000000E+30            349020       
 NEXT SEEDS:23400C46       6       0       0       0       0   181CD    3039       0       0
    9999993                     7                     7             1.5927623E-04         1.0000000E+30            349020       
 NEXT SEEDS:23400DE3       6       0       0       0       0   181CD    3039       0       0
    9999994                     6                     6             1.5927621E-04         1.0000000E+30            349020       
 NEXT SEEDS:23400FCA       6       0       0       0       0   181CD    3039       0       0
    9999995                     5                     5             1.5927619E-04         1.0000000E+30            349020       
 NEXT SEEDS:2340114C       6       0       0       0       0   181CD    3039       0       0
    9999996                     4                     4             1.5927618E-04         1.0000000E+30            349020       
 NEXT SEEDS:234012AF       6       0       0       0       0   181CD    3039       0       0
    9999997                     3                     3             1.5927616E-04         1.0000000E+30            349020       
 NEXT SEEDS:2340146B       6       0       0       0       0   181CD    3039       0       0
    9999998                     2                     2             1.5927615E-04         1.0000000E+30            349020       
 NEXT SEEDS:2340156C       6       0       0       0       0   181CD    3039       0       0
    9999999                     1                     1             1.5927613E-04         1.0000000E+30            349020       
 NEXT SEEDS:2340179E       6       0       0       0       0   181CD    3039       0       0
   10000000                     0                     1             1.5927611E-04         1.0000000E+30            349020       
 NEXT SEEDS:234019FA       6       0       0       0       0   181CD    3039       0       0
