1NUMBER OF BEAM       NUMBER OF BEAM        APPROXIMATE NUMBER    AVERAGE TIME USED     TIME LEFT (RESERVED   NUMBER OF STARS
 PARTICLES HANDLED    PARTICLES LEFT        OF BEAM PARTICLES     BY A BEAM PARTICLE     10000.0 SECONDS      CREATED
                                            THAT CAN STILL BE                           FOR PRINTOUT)
                                            HANDLED

 NEXT SEEDS:       0       0       0       0       0       0   181CD    3039       0       0
          1               9999999               9999999             0.0000000E+00         1.0000000E+30                 0       
 NEXT SEEDS:     4A4       0       0       0       0       0   181CD    3039       0       0
     200000               9800000               9800000             3.7329976E-04         1.0000000E+30              7820       
 NEXT SEEDS:1324617C       0       0       0       0       0   181CD    3039       0       0
     400000               9600000               9600000             3.3075728E-04         1.0000000E+30             15626       
 NEXT SEEDS:265D22EB       0       0       0       0       0   181CD    3039       0       0
     600000               9400000               9400000             3.2133503E-04         1.0000000E+30             23357       
 NEXT SEEDS:397EC008       0       0       0       0       0   181CD    3039       0       0
     800000               9200000               9200000             3.1416289E-04         1.0000000E+30             31259       
 NEXT SEEDS:1121F706       1       0       0       0       0   181CD    3039       0       0
    1000000               9000000               9000000             3.0400863E-04         1.0000000E+30             39123       
 NEXT SEEDS:2456DA1B       1       0       0       0       0   181CD    3039       0       0
    1200000               8800000               8800000             3.0349327E-04         1.0000000E+30             46940       
 NEXT SEEDS:37A2BCD3       1       0       0       0       0   181CD    3039       0       0
    1400000               8600000               8600000             3.0448078E-04         1.0000000E+30             54781       
 NEXT SEEDS: F34FFC5       2       0       0       0       0   181CD    3039       0       0
    1600000               8400000               8400000             3.0306596E-04         1.0000000E+30             62555       
 NEXT SEEDS:227CB53D       2       0       0       0       0   181CD    3039       0       0
    1800000               8200000               8200000             2.9875539E-04         1.0000000E+30             70374       
 NEXT SEEDS:35AE1D3F       2       0       0       0       0   181CD    3039       0       0
