1NUMBER OF BEAM       NUMBER OF BEAM        APPROXIMATE NUMBER    AVERAGE TIME USED     TIME LEFT (RESERVED   NUMBER OF STARS
 PARTICLES HANDLED    PARTICLES LEFT        OF BEAM PARTICLES     BY A BEAM PARTICLE     10000.0 SECONDS      CREATED
                                            THAT CAN STILL BE                           FOR PRINTOUT)
                                            HANDLED

 NEXT SEEDS:       0       0       0       0       0       0   181CD    3039       0       0
          1              49999999              49999999             2.5320053E-04         1.0000000E+30                 0       
 NEXT SEEDS:     202       0       0       0       0       0   181CD    3039       0       0
    1000000              49000000              49000000             1.6313030E-04         1.0000000E+30             12916       
 NEXT SEEDS:25AC067F       0       0       0       0       0   181CD    3039       0       0
    2000000              48000000              48000000             1.5941813E-04         1.0000000E+30             25649       
 NEXT SEEDS: FC1CEEA       1       0       0       0       0   181CD    3039       0       0
    3000000              47000000              47000000             1.5803231E-04         1.0000000E+30             38470       
 NEXT SEEDS:35522741       1       0       0       0       0   181CD    3039       0       0
    4000000              46000000              46000000             1.5729641E-04         1.0000000E+30             51019       
 NEXT SEEDS:1F2E2DB5       2       0       0       0       0   181CD    3039       0       0
    5000000              45000000              45000000             1.5687428E-04         1.0000000E+30             63574       
 NEXT SEEDS: 8FF0503       3       0       0       0       0   181CD    3039       0       0
    6000000              44000000              44000000             1.5659674E-04         1.0000000E+30             76306       
 NEXT SEEDS:2E8E0B7C       3       0       0       0       0   181CD    3039       0       0
    7000000              43000000              43000000             1.5635335E-04         1.0000000E+30             88786       
 NEXT SEEDS:185B22B0       4       0       0       0       0   181CD    3039       0       0
    8000000              42000000              42000000             1.5618203E-04         1.0000000E+30            101364       
 NEXT SEEDS: 23AA821       5       0       0       0       0   181CD    3039       0       0
 COUSET, TXYZ:  0.999999999964789     -0.354814188706028      0.934936838199491    
    9000000              41000000              41000000             1.5610718E-04         1.0000000E+30            113995       
 NEXT SEEDS:27CA803A       5       0       0       0       0   181CD    3039       0       0
 COUSET, TXYZ:  0.999999999945229     -0.733122126865283      0.680097012926084    
   10000000              40000000              40000000             1.5597411E-04         1.0000000E+30            126488       
 NEXT SEEDS:119E32EF       6       0       0       0       0   181CD    3039       0       0
   11000000              39000000              39000000             1.5591913E-04         1.0000000E+30            139343       
 NEXT SEEDS:37288264       6       0       0       0       0   181CD    3039       0       0
   12000000              38000000              38000000             1.5586414E-04         1.0000000E+30            152010       
 NEXT SEEDS:212289B0       7       0       0       0       0   181CD    3039       0       0
   13000000              37000000              37000000             1.5580820E-04         1.0000000E+30            164789       
 NEXT SEEDS: B1573A6       8       0       0       0       0   181CD    3039       0       0
   14000000              36000000              36000000             1.5576695E-04         1.0000000E+30            177352       
 NEXT SEEDS:30A6CE5E       8       0       0       0       0   181CD    3039       0       0
   15000000              35000000              35000000             1.5573950E-04         1.0000000E+30            190065       
 NEXT SEEDS:1AA79CA6       9       0       0       0       0   181CD    3039       0       0
   16000000              34000000              34000000             1.5572133E-04         1.0000000E+30            202722       
 NEXT SEEDS: 494DB1F       A       0       0       0       0   181CD    3039       0       0
   17000000              33000000              33000000             1.5572649E-04         1.0000000E+30            215664       
 NEXT SEEDS:2A3E43BF       A       0       0       0       0   181CD    3039       0       0
   18000000              32000000              32000000             1.5569139E-04         1.0000000E+30            228378       
 NEXT SEEDS:1431D59E       B       0       0       0       0   181CD    3039       0       0
 COUSET, TXYZ:   1.00000000000623     -0.740697195103031      0.671839017309185    
   19000000              31000000              31000000             1.5566864E-04         1.0000000E+30            241000       
 NEXT SEEDS:39B4D934       B       0       0       0       0   181CD    3039       0       0
   20000000              30000000              30000000             1.5565214E-04         1.0000000E+30            253712       
 NEXT SEEDS:23AAC222       C       0       0       0       0   181CD    3039       0       0
   21000000              29000000              29000000             1.5587290E-04         1.0000000E+30            266631       
 NEXT SEEDS: DB3754A       D       0       0       0       0   181CD    3039       0       0
 COUSET, TXYZ:   1.00000000000647     -0.728014870141873      0.685561338514106    
 COUSET, TXYZ:   1.00000000004801     -0.420025295493366      0.907512397293689    
   22000000              28000000              28000000             1.5598957E-04         1.0000000E+30            279371       
 NEXT SEEDS:3330218F       D       0       0       0       0   181CD    3039       0       0
   23000000              27000000              27000000             1.5595410E-04         1.0000000E+30            292057       
 NEXT SEEDS:1D0CC75E       E       0       0       0       0   181CD    3039       0       0
   24000000              26000000              26000000             1.5593610E-04         1.0000000E+30            304694       
 NEXT SEEDS: 70D71EC       F       0       0       0       0   181CD    3039       0       0
   25000000              25000000              25000000             1.5593874E-04         1.0000000E+30            317236       
 NEXT SEEDS:2C8EEC88       F       0       0       0       0   181CD    3039       0       0
   26000000              24000000              24000000             1.5595134E-04         1.0000000E+30            329774       
 NEXT SEEDS:166FEF84      10       0       0       0       0   181CD    3039       0       0
 COUSET, TXYZ:   1.00000000002524      0.935269475752236      0.353936445956920    
   27000000              23000000              23000000             1.5593724E-04         1.0000000E+30            342612       
 NEXT SEEDS:  6C1098      11       0       0       0       0   181CD    3039       0       0
   28000000              22000000              22000000             1.5591843E-04         1.0000000E+30            355246       
 NEXT SEEDS:26000657      11       0       0       0       0   181CD    3039       0       0
   29000000              21000000              21000000             1.5589284E-04         1.0000000E+30            367787       
 NEXT SEEDS: FE277BE      12       0       0       0       0   181CD    3039       0       0
   30000000              20000000              20000000             1.5592822E-04         1.0000000E+30            380439       
 NEXT SEEDS:356DD415      12       0       0       0       0   181CD    3039       0       0
 COUSET, TXYZ:   1.00000000016167     -0.868600695099912     -0.495512696906237    
   31000000              19000000              19000000             1.5597013E-04         1.0000000E+30            393221       
 NEXT SEEDS:1F86C6CB      13       0       0       0       0   181CD    3039       0       0
   32000000              18000000              18000000             1.5593061E-04         1.0000000E+30            405598       
 NEXT SEEDS: 94EB0DA      14       0       0       0       0   181CD    3039       0       0
   33000000              17000000              17000000             1.5602034E-04         1.0000000E+30            418178       
 NEXT SEEDS:2ED322A3      14       0       0       0       0   181CD    3039       0       0
   34000000              16000000              16000000             1.5609519E-04         1.0000000E+30            430813       
 NEXT SEEDS:18C3418D      15       0       0       0       0   181CD    3039       0       0
   35000000              15000000              15000000             1.5605426E-04         1.0000000E+30            443297       
 NEXT SEEDS: 299787D      16       0       0       0       0   181CD    3039       0       0
   36000000              14000000              14000000             1.5602273E-04         1.0000000E+30            455872       
 NEXT SEEDS:281893EC      16       0       0       0       0   181CD    3039       0       0
   37000000              13000000              13000000             1.5602907E-04         1.0000000E+30            468820       
 NEXT SEEDS:123C6AF8      17       0       0       0       0   181CD    3039       0       0
   38000000              12000000              12000000             1.5602031E-04         1.0000000E+30            481643       
 NEXT SEEDS:37E28395      17       0       0       0       0   181CD    3039       0       0
   39000000              11000000              11000000             1.5600923E-04         1.0000000E+30            494479       
 NEXT SEEDS:21DCFEBE      18       0       0       0       0   181CD    3039       0       0
   40000000              10000000              10000000             1.5598765E-04         1.0000000E+30            507176       
 NEXT SEEDS: BC5EB38      19       0       0       0       0   181CD    3039       0       0
   41000000               9000000               9000000             1.5596879E-04         1.0000000E+30            519777       
 NEXT SEEDS:314E6B08      19       0       0       0       0   181CD    3039       0       0
   42000000               8000000               8000000             1.5601721E-04         1.0000000E+30            532489       
 NEXT SEEDS:1B58C547      1A       0       0       0       0   181CD    3039       0       0
   43000000               7000000               7000000             1.5601064E-04         1.0000000E+30            545143       
 NEXT SEEDS: 546421D      1B       0       0       0       0   181CD    3039       0       0
   44000000               6000000               6000000             1.5600118E-04         1.0000000E+30            557843       
 NEXT SEEDS:2AF28CB9      1B       0       0       0       0   181CD    3039       0       0
   45000000               5000000               5000000             1.5598827E-04         1.0000000E+30            570569       
 NEXT SEEDS:14F7EF3E      1C       0       0       0       0   181CD    3039       0       0
   46000000               4000000               4000000             1.5599941E-04         1.0000000E+30            583271       
 NEXT SEEDS:3A81BC65      1C       0       0       0       0   181CD    3039       0       0
   47000000               3000000               3000000             1.5599217E-04         1.0000000E+30            596106       
 NEXT SEEDS:247A6E7D      1D       0       0       0       0   181CD    3039       0       0
   48000000               2000000               2000000             1.5598439E-04         1.0000000E+30            608950       
 NEXT SEEDS: E80A0BD      1E       0       0       0       0   181CD    3039       0       0
 COUSET, TXYZ:  0.999999999984448     -0.393002006412944      0.919537613653893    
   49000000               1000000               1000000             1.5597448E-04         1.0000000E+30            621856       
 NEXT SEEDS:342B65A2      1E       0       0       0       0   181CD    3039       0       0
   49999950                    50                    50             1.5597049E-04         1.0000000E+30            634574       
 NEXT SEEDS:1E2AC89C      1F       0       0       0       0   181CD    3039       0       0
   49999951                    49                    49             1.5597050E-04         1.0000000E+30            634574       
 NEXT SEEDS:1E2AC9CE      1F       0       0       0       0   181CD    3039       0       0
   49999952                    48                    48             1.5597051E-04         1.0000000E+30            634574       
 NEXT SEEDS:1E2ACD83      1F       0       0       0       0   181CD    3039       0       0
   49999953                    47                    47             1.5597050E-04         1.0000000E+30            634574       
 NEXT SEEDS:1E2ACE83      1F       0       0       0       0   181CD    3039       0       0
   49999954                    46                    46             1.5597051E-04         1.0000000E+30            634574       
 NEXT SEEDS:1E2ACF13      1F       0       0       0       0   181CD    3039       0       0
   49999955                    45                    45             1.5597051E-04         1.0000000E+30            634574       
 NEXT SEEDS:1E2AD0EE      1F       0       0       0       0   181CD    3039       0       0
   49999956                    44                    44             1.5597051E-04         1.0000000E+30            634574       
 NEXT SEEDS:1E2AD2E9      1F       0       0       0       0   181CD    3039       0       0
   49999957                    43                    43             1.5597051E-04         1.0000000E+30            634574       
 NEXT SEEDS:1E2AD5C6      1F       0       0       0       0   181CD    3039       0       0
   49999958                    42                    42             1.5597052E-04         1.0000000E+30            634574       
 NEXT SEEDS:1E2AD754      1F       0       0       0       0   181CD    3039       0       0
   49999959                    41                    41             1.5597051E-04         1.0000000E+30            634574       
 NEXT SEEDS:1E2AD8B1      1F       0       0       0       0   181CD    3039       0       0
   49999960                    40                    40             1.5597052E-04         1.0000000E+30            634574       
 NEXT SEEDS:1E2ADBAE      1F       0       0       0       0   181CD    3039       0       0
   49999961                    39                    39             1.5597053E-04         1.0000000E+30            634574       
 NEXT SEEDS:1E2ADDAC      1F       0       0       0       0   181CD    3039       0       0
   49999962                    38                    38             1.5597052E-04         1.0000000E+30            634574       
 NEXT SEEDS:1E2AE049      1F       0       0       0       0   181CD    3039       0       0
   49999963                    37                    37             1.5597053E-04         1.0000000E+30            634574       
 NEXT SEEDS:1E2AE15F      1F       0       0       0       0   181CD    3039       0       0
   49999964                    36                    36             1.5597053E-04         1.0000000E+30            634574       
 NEXT SEEDS:1E2AE4C6      1F       0       0       0       0   181CD    3039       0       0
   49999965                    35                    35             1.5597052E-04         1.0000000E+30            634574       
 NEXT SEEDS:1E2AE552      1F       0       0       0       0   181CD    3039       0       0
   49999966                    34                    34             1.5597052E-04         1.0000000E+30            634574       
 NEXT SEEDS:1E2AE5DE      1F       0       0       0       0   181CD    3039       0       0
   49999967                    33                    33             1.5597052E-04         1.0000000E+30            634574       
 NEXT SEEDS:1E2AE9B4      1F       0       0       0       0   181CD    3039       0       0
   49999968                    32                    32             1.5597052E-04         1.0000000E+30            634574       
 NEXT SEEDS:1E2AEB63      1F       0       0       0       0   181CD    3039       0       0
   49999969                    31                    31             1.5597051E-04         1.0000000E+30            634574       
 NEXT SEEDS:1E2AECE2      1F       0       0       0       0   181CD    3039       0       0
   49999970                    30                    30             1.5597051E-04         1.0000000E+30            634574       
 NEXT SEEDS:1E2AEE46      1F       0       0       0       0   181CD    3039       0       0
   49999971                    29                    29             1.5597051E-04         1.0000000E+30            634574       
 NEXT SEEDS:1E2AEF0D      1F       0       0       0       0   181CD    3039       0       0
   49999972                    28                    28             1.5597050E-04         1.0000000E+30            634574       
 NEXT SEEDS:1E2AF0F7      1F       0       0       0       0   181CD    3039       0       0
   49999973                    27                    27             1.5597050E-04         1.0000000E+30            634574       
 NEXT SEEDS:1E2AF246      1F       0       0       0       0   181CD    3039       0       0
   49999974                    26                    26             1.5597050E-04         1.0000000E+30            634574       
 NEXT SEEDS:1E2AF2D2      1F       0       0       0       0   181CD    3039       0       0
   49999975                    25                    25             1.5597049E-04         1.0000000E+30            634574       
 NEXT SEEDS:1E2AF404      1F       0       0       0       0   181CD    3039       0       0
   49999976                    24                    24             1.5597049E-04         1.0000000E+30            634574       
 NEXT SEEDS:1E2AF546      1F       0       0       0       0   181CD    3039       0       0
   49999977                    23                    23             1.5597049E-04         1.0000000E+30            634574       
 NEXT SEEDS:1E2AF6BC      1F       0       0       0       0   181CD    3039       0       0
   49999978                    22                    22             1.5597048E-04         1.0000000E+30            634574       
 NEXT SEEDS:1E2AF95E      1F       0       0       0       0   181CD    3039       0       0
   49999979                    21                    21             1.5597049E-04         1.0000000E+30            634574       
 NEXT SEEDS:1E2AFC25      1F       0       0       0       0   181CD    3039       0       0
   49999980                    20                    20             1.5597049E-04         1.0000000E+30            634574       
 NEXT SEEDS:1E2AFF00      1F       0       0       0       0   181CD    3039       0       0
   49999981                    19                    19             1.5597049E-04         1.0000000E+30            634574       
 NEXT SEEDS:1E2AFFF7      1F       0       0       0       0   181CD    3039       0       0
   49999982                    18                    18             1.5597049E-04         1.0000000E+30            634574       
 NEXT SEEDS:1E2B034C      1F       0       0       0       0   181CD    3039       0       0
   49999983                    17                    17             1.5597050E-04         1.0000000E+30            634574       
 NEXT SEEDS:1E2B05CD      1F       0       0       0       0   181CD    3039       0       0
   49999984                    16                    16             1.5597050E-04         1.0000000E+30            634574       
 NEXT SEEDS:1E2B0816      1F       0       0       0       0   181CD    3039       0       0
   49999985                    15                    15             1.5597050E-04         1.0000000E+30            634574       
 NEXT SEEDS:1E2B0A6F      1F       0       0       0       0   181CD    3039       0       0
   49999986                    14                    14             1.5597051E-04         1.0000000E+30            634574       
 NEXT SEEDS:1E2B0AF8      1F       0       0       0       0   181CD    3039       0       0
   49999987                    13                    13             1.5597051E-04         1.0000000E+30            634574       
 NEXT SEEDS:1E2B0CD8      1F       0       0       0       0   181CD    3039       0       0
   49999988                    12                    12             1.5597051E-04         1.0000000E+30            634574       
 NEXT SEEDS:1E2B0F46      1F       0       0       0       0   181CD    3039       0       0
   49999989                    11                    11             1.5597051E-04         1.0000000E+30            634574       
 NEXT SEEDS:1E2B11A5      1F       0       0       0       0   181CD    3039       0       0
   49999990                    10                    10             1.5597052E-04         1.0000000E+30            634574       
 NEXT SEEDS:1E2B1308      1F       0       0       0       0   181CD    3039       0       0
   49999991                     9                     9             1.5597051E-04         1.0000000E+30            634574       
 NEXT SEEDS:1E2B1396      1F       0       0       0       0   181CD    3039       0       0
   49999992                     8                     8             1.5597052E-04         1.0000000E+30            634574       
 NEXT SEEDS:1E2B1629      1F       0       0       0       0   181CD    3039       0       0
   49999993                     7                     7             1.5597053E-04         1.0000000E+30            634574       
 NEXT SEEDS:1E2B1760      1F       0       0       0       0   181CD    3039       0       0
   49999994                     6                     6             1.5597053E-04         1.0000000E+30            634574       
 NEXT SEEDS:1E2B1CA3      1F       0       0       0       0   181CD    3039       0       0
   49999995                     5                     5             1.5597053E-04         1.0000000E+30            634574       
 NEXT SEEDS:1E2B1D6E      1F       0       0       0       0   181CD    3039       0       0
   49999996                     4                     4             1.5597054E-04         1.0000000E+30            634574       
 NEXT SEEDS:1E2B1F30      1F       0       0       0       0   181CD    3039       0       0
   49999997                     3                     3             1.5597053E-04         1.0000000E+30            634574       
 NEXT SEEDS:1E2B22B1      1F       0       0       0       0   181CD    3039       0       0
   49999998                     2                     2             1.5597054E-04         1.0000000E+30            634574       
 NEXT SEEDS:1E2B2404      1F       0       0       0       0   181CD    3039       0       0
   49999999                     1                     1             1.5597054E-04         1.0000000E+30            634574       
 NEXT SEEDS:1E2B25CF      1F       0       0       0       0   181CD    3039       0       0
   50000000                     0                     1             1.5597054E-04         1.0000000E+30            634574       
 NEXT SEEDS:1E2B2D95      1F       0       0       0       0   181CD    3039       0       0
