1NUMBER OF BEAM       NUMBER OF BEAM        APPROXIMATE NUMBER    AVERAGE TIME USED     TIME LEFT (RESERVED   NUMBER OF STARS
 PARTICLES HANDLED    PARTICLES LEFT        OF BEAM PARTICLES     BY A BEAM PARTICLE     10000.0 SECONDS      CREATED
                                            THAT CAN STILL BE                           FOR PRINTOUT)
                                            HANDLED

 NEXT SEEDS:       0       0       0       0       0       0   181CD    3039       0       0
          1              49999999              49999999             2.2983551E-04         1.0000000E+30                 0       
 NEXT SEEDS:     20E       0       0       0       0       0   181CD    3039       0       0
    1000000              49000000              49000000             1.5587727E-04         1.0000000E+30             15605       
 NEXT SEEDS:1FAF20A2       0       0       0       0       0   181CD    3039       0       0
    2000000              48000000              48000000             1.5493625E-04         1.0000000E+30             31503       
 NEXT SEEDS: 3DB0B23       1       0       0       0       0   181CD    3039       0       0
    3000000              47000000              47000000             1.5647332E-04         1.0000000E+30             47364       
 NEXT SEEDS:23B58231       1       0       0       0       0   181CD    3039       0       0
    4000000              46000000              46000000             1.5617919E-04         1.0000000E+30             63366       
 NEXT SEEDS: 7EF504E       2       0       0       0       0   181CD    3039       0       0
    5000000              45000000              45000000             1.5541565E-04         1.0000000E+30             79277       
 NEXT SEEDS:27B7A3AA       2       0       0       0       0   181CD    3039       0       0
    6000000              44000000              44000000             1.5545489E-04         1.0000000E+30             94872       
 NEXT SEEDS: BBF018A       3       0       0       0       0   181CD    3039       0       0
    7000000              43000000              43000000             1.5565316E-04         1.0000000E+30            110795       
 NEXT SEEDS:2B8729A3       3       0       0       0       0   181CD    3039       0       0
    8000000              42000000              42000000             1.5566219E-04         1.0000000E+30            126540       
 NEXT SEEDS: FA8CD8B       4       0       0       0       0   181CD    3039       0       0
    9000000              41000000              41000000             1.5611895E-04         1.0000000E+30            142581       
 NEXT SEEDS:2F7864D4       4       0       0       0       0   181CD    3039       0       0
   10000000              40000000              40000000             1.5617003E-04         1.0000000E+30            158253       
 NEXT SEEDS:13898ECB       5       0       0       0       0   181CD    3039       0       0
   11000000              39000000              39000000             1.5592371E-04         1.0000000E+30            173936       
 NEXT SEEDS:333C5B1B       5       0       0       0       0   181CD    3039       0       0
 COUSET, TXYZ:   1.00000000002929      0.238758914595111      0.971078874633742    
   12000000              38000000              38000000             1.5588373E-04         1.0000000E+30            189671       
 NEXT SEEDS:17652ECC       6       0       0       0       0   181CD    3039       0       0
 COUSET, TXYZ:  0.999999999990573     -0.664051080819288      0.747687208693503    
   13000000              37000000              37000000             1.5594619E-04         1.0000000E+30            205727       
 NEXT SEEDS:37382FFD       6       0       0       0       0   181CD    3039       0       0
   14000000              36000000              36000000             1.5621209E-04         1.0000000E+30            221743       
 NEXT SEEDS:1B7CAB21       7       0       0       0       0   181CD    3039       0       0
   15000000              35000000              35000000             1.5645475E-04         1.0000000E+30            237398       
 NEXT SEEDS:3B385AAD       7       0       0       0       0   181CD    3039       0       0
   16000000              34000000              34000000             1.5644067E-04         1.0000000E+30            253166       
 NEXT SEEDS:1F549D24       8       0       0       0       0   181CD    3039       0       0
 COUSET, TXYZ:  0.999999999993134      0.263716689404955      0.964600180238195    
   17000000              33000000              33000000             1.5650493E-04         1.0000000E+30            269163       
 NEXT SEEDS: 38F8203       9       0       0       0       0   181CD    3039       0       0
   18000000              32000000              32000000             1.5667590E-04         1.0000000E+30            285043       
 NEXT SEEDS:2362579B       9       0       0       0       0   181CD    3039       0       0
   19000000              31000000              31000000             1.5667577E-04         1.0000000E+30            300970       
 NEXT SEEDS: 79B2630       A       0       0       0       0   181CD    3039       0       0
   20000000              30000000              30000000             1.5680231E-04         1.0000000E+30            316891       
 NEXT SEEDS:276E936A       A       0       0       0       0   181CD    3039       0       0
   21000000              29000000              29000000             1.5683343E-04         1.0000000E+30            332897       
 NEXT SEEDS: BB50013       B       0       0       0       0   181CD    3039       0       0
   22000000              28000000              28000000             1.5670562E-04         1.0000000E+30            348832       
 NEXT SEEDS:2B7AEC76       B       0       0       0       0   181CD    3039       0       0
   23000000              27000000              27000000             1.5671519E-04         1.0000000E+30            364713       
 NEXT SEEDS: F9E4649       C       0       0       0       0   181CD    3039       0       0
   24000000              26000000              26000000             1.5676933E-04         1.0000000E+30            380691       
 NEXT SEEDS:2F79730F       C       0       0       0       0   181CD    3039       0       0
   25000000              25000000              25000000             1.5688773E-04         1.0000000E+30            396546       
 NEXT SEEDS:139EA266       D       0       0       0       0   181CD    3039       0       0
   26000000              24000000              24000000             1.5691974E-04         1.0000000E+30            412394       
 NEXT SEEDS:3363D417       D       0       0       0       0   181CD    3039       0       0
   27000000              23000000              23000000             1.5730365E-04         1.0000000E+30            428210       
 NEXT SEEDS:1789860C       E       0       0       0       0   181CD    3039       0       0
   28000000              22000000              22000000             1.5730876E-04         1.0000000E+30            443954       
 NEXT SEEDS:374E391D       E       0       0       0       0   181CD    3039       0       0
   29000000              21000000              21000000             1.5727486E-04         1.0000000E+30            460012       
 NEXT SEEDS:1BA16140       F       0       0       0       0   181CD    3039       0       0
   30000000              20000000              20000000             1.5723691E-04         1.0000000E+30            475877       
 NEXT SEEDS:3B71471B       F       0       0       0       0   181CD    3039       0       0
 COUSET, TXYZ:  0.999999999991118     -0.260660422257132      0.965430548641884    
   31000000              19000000              19000000             1.5719915E-04         1.0000000E+30            491699       
 NEXT SEEDS:1F93596B      10       0       0       0       0   181CD    3039       0       0
   32000000              18000000              18000000             1.5723312E-04         1.0000000E+30            507681       
 NEXT SEEDS: 3C8E519      11       0       0       0       0   181CD    3039       0       0
   33000000              17000000              17000000             1.5723344E-04         1.0000000E+30            523530       
 NEXT SEEDS:23918488      11       0       0       0       0   181CD    3039       0       0
   34000000              16000000              16000000             1.5728238E-04         1.0000000E+30            539312       
 NEXT SEEDS: 7B88AA6      12       0       0       0       0   181CD    3039       0       0
   35000000              15000000              15000000             1.5734906E-04         1.0000000E+30            555304       
 NEXT SEEDS:278AE3F9      12       0       0       0       0   181CD    3039       0       0
   36000000              14000000              14000000             1.5728181E-04         1.0000000E+30            571135       
 NEXT SEEDS: BB6FFB4      13       0       0       0       0   181CD    3039       0       0
   37000000              13000000              13000000             1.5733730E-04         1.0000000E+30            586920       
 NEXT SEEDS:2B814012      13       0       0       0       0   181CD    3039       0       0
   38000000              12000000              12000000             1.5732719E-04         1.0000000E+30            602775       
 NEXT SEEDS: FB8A69D      14       0       0       0       0   181CD    3039       0       0
   39000000              11000000              11000000             1.5723505E-04         1.0000000E+30            618499       
 NEXT SEEDS:2F5C9D66      14       0       0       0       0   181CD    3039       0       0
   40000000              10000000              10000000             1.5729943E-04         1.0000000E+30            634194       
 NEXT SEEDS:137DEB6E      15       0       0       0       0   181CD    3039       0       0
   41000000               9000000               9000000             1.5728213E-04         1.0000000E+30            650203       
 NEXT SEEDS:335EDEB9      15       0       0       0       0   181CD    3039       0       0
   42000000               8000000               8000000             1.5726964E-04         1.0000000E+30            666192       
 NEXT SEEDS:17ABEE09      16       0       0       0       0   181CD    3039       0       0
   43000000               7000000               7000000             1.5725224E-04         1.0000000E+30            682000       
 NEXT SEEDS:376EDA32      16       0       0       0       0   181CD    3039       0       0
   44000000               6000000               6000000             1.5731175E-04         1.0000000E+30            697831       
 NEXT SEEDS:1B930ACE      17       0       0       0       0   181CD    3039       0       0
   45000000               5000000               5000000             1.5731142E-04         1.0000000E+30            713570       
 NEXT SEEDS:3B4F0F83      17       0       0       0       0   181CD    3039       0       0
   46000000               4000000               4000000             1.5729255E-04         1.0000000E+30            729471       
 NEXT SEEDS:1F82706A      18       0       0       0       0   181CD    3039       0       0
   47000000               3000000               3000000             1.5729252E-04         1.0000000E+30            745363       
 NEXT SEEDS: 3AF601D      19       0       0       0       0   181CD    3039       0       0
 COUSET, TXYZ:   1.00000000000748     -0.805241580402488      0.592946875534276    
   48000000               2000000               2000000             1.5727882E-04         1.0000000E+30            761269       
 NEXT SEEDS:23829E03      19       0       0       0       0   181CD    3039       0       0
   49000000               1000000               1000000             1.5724107E-04         1.0000000E+30            777316       
 NEXT SEEDS: 7BBA45C      1A       0       0       0       0   181CD    3039       0       0
 COUSET, TXYZ:   1.00000000001503      0.524172319693247      0.851612223548643    
 COUSET, TXYZ:  0.999999999984905     -0.998124448487536     -6.121752446205830E-02
   49999950                    50                    50             1.5719097E-04         1.0000000E+30            793331       
 NEXT SEEDS:27901BE6      1A       0       0       0       0   181CD    3039       0       0
   49999951                    49                    49             1.5719098E-04         1.0000000E+30            793331       
 NEXT SEEDS:27901DB4      1A       0       0       0       0   181CD    3039       0       0
   49999952                    48                    48             1.5719098E-04         1.0000000E+30            793331       
 NEXT SEEDS:27901EF8      1A       0       0       0       0   181CD    3039       0       0
   49999953                    47                    47             1.5719098E-04         1.0000000E+30            793331       
 NEXT SEEDS:279021CB      1A       0       0       0       0   181CD    3039       0       0
   49999954                    46                    46             1.5719098E-04         1.0000000E+30            793331       
 NEXT SEEDS:27902365      1A       0       0       0       0   181CD    3039       0       0
   49999955                    45                    45             1.5719099E-04         1.0000000E+30            793331       
 NEXT SEEDS:27902497      1A       0       0       0       0   181CD    3039       0       0
   49999956                    44                    44             1.5719098E-04         1.0000000E+30            793331       
 NEXT SEEDS:2790271F      1A       0       0       0       0   181CD    3039       0       0
   49999957                    43                    43             1.5719098E-04         1.0000000E+30            793331       
 NEXT SEEDS:279027F3      1A       0       0       0       0   181CD    3039       0       0
   49999958                    42                    42             1.5719098E-04         1.0000000E+30            793331       
 NEXT SEEDS:27902BB1      1A       0       0       0       0   181CD    3039       0       0
   49999959                    41                    41             1.5719097E-04         1.0000000E+30            793331       
 NEXT SEEDS:27902D0F      1A       0       0       0       0   181CD    3039       0       0
   49999960                    40                    40             1.5719097E-04         1.0000000E+30            793331       
 NEXT SEEDS:27902E91      1A       0       0       0       0   181CD    3039       0       0
   49999961                    39                    39             1.5719097E-04         1.0000000E+30            793331       
 NEXT SEEDS:279030E5      1A       0       0       0       0   181CD    3039       0       0
   49999962                    38                    38             1.5719096E-04         1.0000000E+30            793331       
 NEXT SEEDS:27903247      1A       0       0       0       0   181CD    3039       0       0
   49999963                    37                    37             1.5719096E-04         1.0000000E+30            793331       
 NEXT SEEDS:27903423      1A       0       0       0       0   181CD    3039       0       0
   49999964                    36                    36             1.5719096E-04         1.0000000E+30            793331       
 NEXT SEEDS:27903519      1A       0       0       0       0   181CD    3039       0       0
   49999965                    35                    35             1.5719095E-04         1.0000000E+30            793331       
 NEXT SEEDS:279036DB      1A       0       0       0       0   181CD    3039       0       0
   49999966                    34                    34             1.5719095E-04         1.0000000E+30            793331       
 NEXT SEEDS:27903A95      1A       0       0       0       0   181CD    3039       0       0
   49999967                    33                    33             1.5719095E-04         1.0000000E+30            793331       
 NEXT SEEDS:27903BE3      1A       0       0       0       0   181CD    3039       0       0
   49999968                    32                    32             1.5719095E-04         1.0000000E+30            793331       
 NEXT SEEDS:27903CCB      1A       0       0       0       0   181CD    3039       0       0
   49999969                    31                    31             1.5719094E-04         1.0000000E+30            793331       
 NEXT SEEDS:27903EA7      1A       0       0       0       0   181CD    3039       0       0
   49999970                    30                    30             1.5719094E-04         1.0000000E+30            793331       
 NEXT SEEDS:27904107      1A       0       0       0       0   181CD    3039       0       0
   49999971                    29                    29             1.5719094E-04         1.0000000E+30            793331       
 NEXT SEEDS:2790431F      1A       0       0       0       0   181CD    3039       0       0
   49999972                    28                    28             1.5719093E-04         1.0000000E+30            793331       
 NEXT SEEDS:279044A7      1A       0       0       0       0   181CD    3039       0       0
   49999973                    27                    27             1.5719094E-04         1.0000000E+30            793331       
 NEXT SEEDS:27904557      1A       0       0       0       0   181CD    3039       0       0
   49999974                    26                    26             1.5719094E-04         1.0000000E+30            793331       
 NEXT SEEDS:27904621      1A       0       0       0       0   181CD    3039       0       0
   49999975                    25                    25             1.5719093E-04         1.0000000E+30            793331       
 NEXT SEEDS:27904865      1A       0       0       0       0   181CD    3039       0       0
   49999976                    24                    24             1.5719094E-04         1.0000000E+30            793331       
 NEXT SEEDS:2790496D      1A       0       0       0       0   181CD    3039       0       0
   49999977                    23                    23             1.5719094E-04         1.0000000E+30            793331       
 NEXT SEEDS:27904B17      1A       0       0       0       0   181CD    3039       0       0
   49999978                    22                    22             1.5719094E-04         1.0000000E+30            793331       
 NEXT SEEDS:27904C50      1A       0       0       0       0   181CD    3039       0       0
   49999979                    21                    21             1.5719094E-04         1.0000000E+30            793331       
 NEXT SEEDS:27904E89      1A       0       0       0       0   181CD    3039       0       0
   49999980                    20                    20             1.5719095E-04         1.0000000E+30            793331       
 NEXT SEEDS:2790513D      1A       0       0       0       0   181CD    3039       0       0
   49999981                    19                    19             1.5719095E-04         1.0000000E+30            793331       
 NEXT SEEDS:27905564      1A       0       0       0       0   181CD    3039       0       0
   49999982                    18                    18             1.5719095E-04         1.0000000E+30            793331       
 NEXT SEEDS:2790577B      1A       0       0       0       0   181CD    3039       0       0
   49999983                    17                    17             1.5719096E-04         1.0000000E+30            793331       
 NEXT SEEDS:27905971      1A       0       0       0       0   181CD    3039       0       0
   49999984                    16                    16             1.5719095E-04         1.0000000E+30            793331       
 NEXT SEEDS:27905AC2      1A       0       0       0       0   181CD    3039       0       0
   49999985                    15                    15             1.5719096E-04         1.0000000E+30            793331       
 NEXT SEEDS:27905BD6      1A       0       0       0       0   181CD    3039       0       0
   49999986                    14                    14             1.5719096E-04         1.0000000E+30            793331       
 NEXT SEEDS:27905CE9      1A       0       0       0       0   181CD    3039       0       0
   49999987                    13                    13             1.5719096E-04         1.0000000E+30            793331       
 NEXT SEEDS:27905FA1      1A       0       0       0       0   181CD    3039       0       0
   49999988                    12                    12             1.5719096E-04         1.0000000E+30            793331       
 NEXT SEEDS:2790619F      1A       0       0       0       0   181CD    3039       0       0
   49999989                    11                    11             1.5719097E-04         1.0000000E+30            793331       
 NEXT SEEDS:27906294      1A       0       0       0       0   181CD    3039       0       0
   49999990                    10                    10             1.5719096E-04         1.0000000E+30            793331       
 NEXT SEEDS:27906380      1A       0       0       0       0   181CD    3039       0       0
   49999991                     9                     9             1.5719097E-04         1.0000000E+30            793331       
 NEXT SEEDS:2790666A      1A       0       0       0       0   181CD    3039       0       0
   49999992                     8                     8             1.5719097E-04         1.0000000E+30            793331       
 NEXT SEEDS:2790671C      1A       0       0       0       0   181CD    3039       0       0
   49999993                     7                     7             1.5719097E-04         1.0000000E+30            793331       
 NEXT SEEDS:2790687A      1A       0       0       0       0   181CD    3039       0       0
   49999994                     6                     6             1.5719097E-04         1.0000000E+30            793331       
 NEXT SEEDS:27906999      1A       0       0       0       0   181CD    3039       0       0
   49999995                     5                     5             1.5719098E-04         1.0000000E+30            793331       
 NEXT SEEDS:27906B57      1A       0       0       0       0   181CD    3039       0       0
   49999996                     4                     4             1.5719097E-04         1.0000000E+30            793331       
 NEXT SEEDS:27906C8E      1A       0       0       0       0   181CD    3039       0       0
   49999997                     3                     3             1.5719097E-04         1.0000000E+30            793331       
 NEXT SEEDS:27906DF7      1A       0       0       0       0   181CD    3039       0       0
   49999998                     2                     2             1.5719098E-04         1.0000000E+30            793331       
 NEXT SEEDS:27906FC2      1A       0       0       0       0   181CD    3039       0       0
   49999999                     1                     1             1.5719097E-04         1.0000000E+30            793331       
 NEXT SEEDS:279071D7      1A       0       0       0       0   181CD    3039       0       0
   50000000                     0                     1             1.5719098E-04         1.0000000E+30            793331       
 NEXT SEEDS:279073EC      1A       0       0       0       0   181CD    3039       0       0
