1NUMBER OF BEAM       NUMBER OF BEAM        APPROXIMATE NUMBER    AVERAGE TIME USED     TIME LEFT (RESERVED   NUMBER OF STARS
 PARTICLES HANDLED    PARTICLES LEFT        OF BEAM PARTICLES     BY A BEAM PARTICLE     10000.0 SECONDS      CREATED
                                            THAT CAN STILL BE                           FOR PRINTOUT)
                                            HANDLED

 NEXT SEEDS:       0       0       0       0       0       0   181CD    3039       0       0
          1               9999999               9999999             1.5497208E-04         1.0000000E+30                 0       
 NEXT SEEDS:     34F       0       0       0       0       0   181CD    3039       0       0
     200000               9800000               9800000             2.1789798E-04         1.0000000E+30              5043       
 NEXT SEEDS: CF094B2       0       0       0       0       0   181CD    3039       0       0
     400000               9600000               9600000             2.1796946E-04         1.0000000E+30             10235       
 NEXT SEEDS:19E3D92B       0       0       0       0       0   181CD    3039       0       0
     600000               9400000               9400000             2.1256141E-04         1.0000000E+30             15292       
 NEXT SEEDS:26C8EBCE       0       0       0       0       0   181CD    3039       0       0
     800000               9200000               9200000             2.1395734E-04         1.0000000E+30             20415       
 NEXT SEEDS:33D30C7A       0       0       0       0       0   181CD    3039       0       0
    1000000               9000000               9000000             2.1465779E-04         1.0000000E+30             25570       
 NEXT SEEDS: 5295545       1       0       0       0       0   181CD    3039       0       0
    1200000               8800000               8800000             2.1518580E-04         1.0000000E+30             30723       
 NEXT SEEDS:121882AE       1       0       0       0       0   181CD    3039       0       0
    1400000               8600000               8600000             2.1323726E-04         1.0000000E+30             35753       
 NEXT SEEDS:1F0057C1       1       0       0       0       0   181CD    3039       0       0
    1600000               8400000               8400000             2.1587745E-04         1.0000000E+30             40969       
 NEXT SEEDS:2C0A94D6       1       0       0       0       0   181CD    3039       0       0
    1800000               8200000               8200000             2.1610562E-04         1.0000000E+30             46091       
 NEXT SEEDS:38F7B016       1       0       0       0       0   181CD    3039       0       0
    2000000               8000000               8000000             2.1623694E-04         1.0000000E+30             51163       
 NEXT SEEDS: A437CA8       2       0       0       0       0   181CD    3039       0       0
    2200000               7800000               7800000             2.1493923E-04         1.0000000E+30             56312       
 NEXT SEEDS:1739A8F0       2       0       0       0       0   181CD    3039       0       0
    2400000               7600000               7600000             2.1650001E-04         1.0000000E+30             61472       
 NEXT SEEDS:2432A62F       2       0       0       0       0   181CD    3039       0       0
    2600000               7400000               7400000             2.1661539E-04         1.0000000E+30             66711       
 NEXT SEEDS:3129E3DA       2       0       0       0       0   181CD    3039       0       0
    2800000               7200000               7200000             2.1668396E-04         1.0000000E+30             71813       
 NEXT SEEDS: 288F7E3       3       0       0       0       0   181CD    3039       0       0
    3000000               7000000               7000000             2.1567724E-04         1.0000000E+30             76877       
 NEXT SEEDS: F737057       3       0       0       0       0   181CD    3039       0       0
    3200000               6800000               6800000             2.1681103E-04         1.0000000E+30             81986       
 NEXT SEEDS:1C5F0968       3       0       0       0       0   181CD    3039       0       0
 COUSET, TXYZ:   1.00000000001705     -0.339222868423111      0.940706035684309    
    3400000               6600000               6600000             2.1690133E-04         1.0000000E+30             87231       
 NEXT SEEDS:296B7AAF       3       0       0       0       0   181CD    3039       0       0
    3600000               6400000               6400000             2.1606788E-04         1.0000000E+30             92365       
 NEXT SEEDS:366033D8       3       0       0       0       0   181CD    3039       0       0
    3800000               6200000               6200000             2.1615772E-04         1.0000000E+30             97494       
 NEXT SEEDS: 7AEE20E       4       0       0       0       0   181CD    3039       0       0
    4000000               6000000               6000000             2.1622462E-04         1.0000000E+30            102674       
 NEXT SEEDS:14994E35       4       0       0       0       0   181CD    3039       0       0
    4200000               5800000               5800000             2.1630404E-04         1.0000000E+30            107754       
 NEXT SEEDS:218FD3D4       4       0       0       0       0   181CD    3039       0       0
    4400000               5600000               5600000             2.1639612E-04         1.0000000E+30            112892       
 NEXT SEEDS:2E8B19D6       4       0       0       0       0   181CD    3039       0       0
    4600000               5400000               5400000             2.1644608E-04         1.0000000E+30            117974       
 NEXT SEEDS:3B7B9609       4       0       0       0       0   181CD    3039       0       0
    4800000               5200000               5200000             2.1583159E-04         1.0000000E+30            122996       
 NEXT SEEDS: CD6D2DB       5       0       0       0       0   181CD    3039       0       0
    5000000               5000000               5000000             2.1652411E-04         1.0000000E+30            128030       
 NEXT SEEDS:19BEAFA9       5       0       0       0       0   181CD    3039       0       0
    5200000               4800000               4800000             2.1658925E-04         1.0000000E+30            133229       
 NEXT SEEDS:26C6B845       5       0       0       0       0   181CD    3039       0       0
    5400000               4600000               4600000             2.1605156E-04         1.0000000E+30            138367       
 NEXT SEEDS:33B8BAAF       5       0       0       0       0   181CD    3039       0       0
    5600000               4400000               4400000             2.1610706E-04         1.0000000E+30            143492       
 NEXT SEEDS: 50FE9F0       6       0       0       0       0   181CD    3039       0       0
    5800000               4200000               4200000             2.1619249E-04         1.0000000E+30            148643       
 NEXT SEEDS:1221A79F       6       0       0       0       0   181CD    3039       0       0
    6000000               4000000               4000000             2.1625320E-04         1.0000000E+30            153771       
 NEXT SEEDS:1F19D813       6       0       0       0       0   181CD    3039       0       0
    6200000               3800000               3800000             2.1631169E-04         1.0000000E+30            159023       
 NEXT SEEDS:2C1480E4       6       0       0       0       0   181CD    3039       0       0
    6400000               3600000               3600000             2.1636105E-04         1.0000000E+30            164141       
 NEXT SEEDS:39068C19       6       0       0       0       0   181CD    3039       0       0
    6600000               3400000               3400000             2.1641264E-04         1.0000000E+30            169199       
 NEXT SEEDS: A6D58CB       7       0       0       0       0   181CD    3039       0       0
    6800000               3200000               3200000             2.1644609E-04         1.0000000E+30            174367       
 NEXT SEEDS:175F3753       7       0       0       0       0   181CD    3039       0       0
 COUSET, TXYZ:  0.999999999593433     -0.999686475539253      2.503896584870919E-02
    7000000               3000000               3000000             2.1649094E-04         1.0000000E+30            179481       
 NEXT SEEDS:244E98F5       7       0       0       0       0   181CD    3039       0       0
    7200000               2800000               2800000             2.1653545E-04         1.0000000E+30            184704       
 NEXT SEEDS:31458265       7       0       0       0       0   181CD    3039       0       0
    7400000               2600000               2600000             2.1657666E-04         1.0000000E+30            189791       
 NEXT SEEDS: 2A6FB72       8       0       0       0       0   181CD    3039       0       0
    7600000               2400000               2400000             2.1660608E-04         1.0000000E+30            194918       
 NEXT SEEDS: F94B613       8       0       0       0       0   181CD    3039       0       0
    7800000               2200000               2200000             2.1664681E-04         1.0000000E+30            199949       
 NEXT SEEDS:1C9EB9EC       8       0       0       0       0   181CD    3039       0       0
    8000000               2000000               2000000             2.1627918E-04         1.0000000E+30            205143       
 NEXT SEEDS:298DA6A1       8       0       0       0       0   181CD    3039       0       0
    8200000               1800000               1800000             2.1670414E-04         1.0000000E+30            210295       
 NEXT SEEDS:3685B5BB       8       0       0       0       0   181CD    3039       0       0
    8400000               1600000               1600000             2.1674221E-04         1.0000000E+30            215355       
 NEXT SEEDS: 7DEC1A5       9       0       0       0       0   181CD    3039       0       0
    8600000               1400000               1400000             2.1639192E-04         1.0000000E+30            220387       
 NEXT SEEDS:14C795DA       9       0       0       0       0   181CD    3039       0       0
    8800000               1200000               1200000             2.1641974E-04         1.0000000E+30            225521       
 NEXT SEEDS:21BAD6EF       9       0       0       0       0   181CD    3039       0       0
    9000000               1000000               1000000             2.1648652E-04         1.0000000E+30            230610       
 NEXT SEEDS:2EAF386F       9       0       0       0       0   181CD    3039       0       0
    9200000                800000                800000             2.1651035E-04         1.0000000E+30            235714       
 NEXT SEEDS:   A8517       A       0       0       0       0   181CD    3039       0       0
    9400000                600000                600000             2.1653607E-04         1.0000000E+30            240907       
 NEXT SEEDS: CFDDF46       A       0       0       0       0   181CD    3039       0       0
    9600000                400000                400000             2.1623279E-04         1.0000000E+30            245982       
 NEXT SEEDS:19F09F1D       A       0       0       0       0   181CD    3039       0       0
    9800000                200000                200000             2.1625272E-04         1.0000000E+30            251162       
 NEXT SEEDS:26E00E8B       A       0       0       0       0   181CD    3039       0       0
    9999950                    50                    50             2.1592330E-04         1.0000000E+30            256205       
 NEXT SEEDS:33E431DB       A       0       0       0       0   181CD    3039       0       0
    9999951                    49                    49             2.1592330E-04         1.0000000E+30            256205       
 NEXT SEEDS:33E43737       A       0       0       0       0   181CD    3039       0       0
    9999952                    48                    48             2.1592331E-04         1.0000000E+30            256205       
 NEXT SEEDS:33E43977       A       0       0       0       0   181CD    3039       0       0
    9999953                    47                    47             2.1592331E-04         1.0000000E+30            256205       
 NEXT SEEDS:33E43F9B       A       0       0       0       0   181CD    3039       0       0
    9999954                    46                    46             2.1592331E-04         1.0000000E+30            256205       
 NEXT SEEDS:33E444AD       A       0       0       0       0   181CD    3039       0       0
    9999955                    45                    45             2.1592329E-04         1.0000000E+30            256205       
 NEXT SEEDS:33E4472F       A       0       0       0       0   181CD    3039       0       0
    9999956                    44                    44             2.1592329E-04         1.0000000E+30            256205       
 NEXT SEEDS:33E44A32       A       0       0       0       0   181CD    3039       0       0
    9999957                    43                    43             2.1592330E-04         1.0000000E+30            256205       
 NEXT SEEDS:33E44D4A       A       0       0       0       0   181CD    3039       0       0
    9999958                    42                    42             2.1592330E-04         1.0000000E+30            256205       
 NEXT SEEDS:33E4544F       A       0       0       0       0   181CD    3039       0       0
    9999959                    41                    41             2.1592330E-04         1.0000000E+30            256205       
 NEXT SEEDS:33E4597E       A       0       0       0       0   181CD    3039       0       0
    9999960                    40                    40             2.1592328E-04         1.0000000E+30            256205       
 NEXT SEEDS:33E45E34       A       0       0       0       0   181CD    3039       0       0
    9999961                    39                    39             2.1592331E-04         1.0000000E+30            256205       
 NEXT SEEDS:33E465C7       A       0       0       0       0   181CD    3039       0       0
    9999962                    38                    38             2.1592329E-04         1.0000000E+30            256205       
 NEXT SEEDS:33E46820       A       0       0       0       0   181CD    3039       0       0
    9999963                    37                    37             2.1592329E-04         1.0000000E+30            256205       
 NEXT SEEDS:33E469E6       A       0       0       0       0   181CD    3039       0       0
    9999964                    36                    36             2.1592327E-04         1.0000000E+30            256205       
 NEXT SEEDS:33E46C69       A       0       0       0       0   181CD    3039       0       0
    9999965                    35                    35             2.1592327E-04         1.0000000E+30            256205       
 NEXT SEEDS:33E4719D       A       0       0       0       0   181CD    3039       0       0
    9999966                    34                    34             2.1592327E-04         1.0000000E+30            256205       
 NEXT SEEDS:33E47542       A       0       0       0       0   181CD    3039       0       0
    9999967                    33                    33             2.1592325E-04         1.0000000E+30            256205       
 NEXT SEEDS:33E4768F       A       0       0       0       0   181CD    3039       0       0
    9999968                    32                    32             2.1592326E-04         1.0000000E+30            256205       
 NEXT SEEDS:33E47A10       A       0       0       0       0   181CD    3039       0       0
    9999969                    31                    31             2.1592326E-04         1.0000000E+30            256205       
 NEXT SEEDS:33E47D10       A       0       0       0       0   181CD    3039       0       0
    9999970                    30                    30             2.1592324E-04         1.0000000E+30            256205       
 NEXT SEEDS:33E47E9A       A       0       0       0       0   181CD    3039       0       0
    9999971                    29                    29             2.1592324E-04         1.0000000E+30            256205       
 NEXT SEEDS:33E4839B       A       0       0       0       0   181CD    3039       0       0
    9999972                    28                    28             2.1592324E-04         1.0000000E+30            256205       
 NEXT SEEDS:33E48691       A       0       0       0       0   181CD    3039       0       0
    9999973                    27                    27             2.1592322E-04         1.0000000E+30            256205       
 NEXT SEEDS:33E48A42       A       0       0       0       0   181CD    3039       0       0
    9999974                    26                    26             2.1592322E-04         1.0000000E+30            256205       
 NEXT SEEDS:33E48D71       A       0       0       0       0   181CD    3039       0       0
    9999975                    25                    25             2.1592323E-04         1.0000000E+30            256205       
 NEXT SEEDS:33E49331       A       0       0       0       0   181CD    3039       0       0
    9999976                    24                    24             2.1592320E-04         1.0000000E+30            256205       
 NEXT SEEDS:33E4950F       A       0       0       0       0   181CD    3039       0       0
    9999977                    23                    23             2.1592321E-04         1.0000000E+30            256205       
 NEXT SEEDS:33E496A1       A       0       0       0       0   181CD    3039       0       0
    9999978                    22                    22             2.1592319E-04         1.0000000E+30            256205       
 NEXT SEEDS:33E497BD       A       0       0       0       0   181CD    3039       0       0
    9999979                    21                    21             2.1592319E-04         1.0000000E+30            256205       
 NEXT SEEDS:33E49AAF       A       0       0       0       0   181CD    3039       0       0
    9999980                    20                    20             2.1592317E-04         1.0000000E+30            256205       
 NEXT SEEDS:33E49C95       A       0       0       0       0   181CD    3039       0       0
    9999981                    19                    19             2.1592317E-04         1.0000000E+30            256205       
 NEXT SEEDS:33E49E8A       A       0       0       0       0   181CD    3039       0       0
    9999982                    18                    18             2.1592317E-04         1.0000000E+30            256205       
 NEXT SEEDS:33E4A43D       A       0       0       0       0   181CD    3039       0       0
    9999983                    17                    17             2.1592318E-04         1.0000000E+30            256205       
 NEXT SEEDS:33E4A9F8       A       0       0       0       0   181CD    3039       0       0
    9999984                    16                    16             2.1592315E-04         1.0000000E+30            256205       
 NEXT SEEDS:33E4AB50       A       0       0       0       0   181CD    3039       0       0
    9999985                    15                    15             2.1592316E-04         1.0000000E+30            256205       
 NEXT SEEDS:33E4AE00       A       0       0       0       0   181CD    3039       0       0
    9999986                    14                    14             2.1592316E-04         1.0000000E+30            256205       
 NEXT SEEDS:33E4B1DC       A       0       0       0       0   181CD    3039       0       0
    9999987                    13                    13             2.1592314E-04         1.0000000E+30            256205       
 NEXT SEEDS:33E4B4A4       A       0       0       0       0   181CD    3039       0       0
    9999988                    12                    12             2.1592314E-04         1.0000000E+30            256205       
 NEXT SEEDS:33E4B9BF       A       0       0       0       0   181CD    3039       0       0
    9999989                    11                    11             2.1592314E-04         1.0000000E+30            256205       
 NEXT SEEDS:33E4BD57       A       0       0       0       0   181CD    3039       0       0
    9999990                    10                    10             2.1592312E-04         1.0000000E+30            256205       
 NEXT SEEDS:33E4BF7A       A       0       0       0       0   181CD    3039       0       0
    9999991                     9                     9             2.1592312E-04         1.0000000E+30            256205       
 NEXT SEEDS:33E4C3AC       A       0       0       0       0   181CD    3039       0       0
    9999992                     8                     8             2.1592315E-04         1.0000000E+30            256206       
 NEXT SEEDS:33E4CEDD       A       0       0       0       0   181CD    3039       0       0
    9999993                     7                     7             2.1592315E-04         1.0000000E+30            256206       
 NEXT SEEDS:33E4D4A4       A       0       0       0       0   181CD    3039       0       0
    9999994                     6                     6             2.1592316E-04         1.0000000E+30            256206       
 NEXT SEEDS:33E4DC40       A       0       0       0       0   181CD    3039       0       0
    9999995                     5                     5             2.1592314E-04         1.0000000E+30            256206       
 NEXT SEEDS:33E4DEF5       A       0       0       0       0   181CD    3039       0       0
    9999996                     4                     4             2.1592314E-04         1.0000000E+30            256206       
 NEXT SEEDS:33E4E176       A       0       0       0       0   181CD    3039       0       0
    9999997                     3                     3             2.1592314E-04         1.0000000E+30            256206       
 NEXT SEEDS:33E4E544       A       0       0       0       0   181CD    3039       0       0
    9999998                     2                     2             2.1592312E-04         1.0000000E+30            256206       
 NEXT SEEDS:33E4EB02       A       0       0       0       0   181CD    3039       0       0
    9999999                     1                     1             2.1592312E-04         1.0000000E+30            256206       
 NEXT SEEDS:33E4ED2F       A       0       0       0       0   181CD    3039       0       0
   10000000                     0                     1             2.1592313E-04         1.0000000E+30            256206       
 NEXT SEEDS:33E4EF0A       A       0       0       0       0   181CD    3039       0       0
