1NUMBER OF BEAM       NUMBER OF BEAM        APPROXIMATE NUMBER    AVERAGE TIME USED     TIME LEFT (RESERVED   NUMBER OF STARS
 PARTICLES HANDLED    PARTICLES LEFT        OF BEAM PARTICLES     BY A BEAM PARTICLE     10000.0 SECONDS      CREATED
                                            THAT CAN STILL BE                           FOR PRINTOUT)
                                            HANDLED

 NEXT SEEDS:       0       0       0       0       0       0   181CD    3039       0       0
          1               9999999               9999999             2.1171570E-04         1.0000000E+30                 0       
 NEXT SEEDS:     247       0       0       0       0       0   181CD    3039       0       0
     200000               9800000               9800000             2.1480073E-04         1.0000000E+30              2909       
 NEXT SEEDS: 6F12CE8       0       0       0       0       0   181CD    3039       0       0
     400000               9600000               9600000             2.0493172E-04         1.0000000E+30              5848       
 NEXT SEEDS: DEB5A41       0       0       0       0       0   181CD    3039       0       0
     600000               9400000               9400000             2.0327028E-04         1.0000000E+30              8843       
 NEXT SEEDS:14EB922A       0       0       0       0       0   181CD    3039       0       0
     800000               9200000               9200000             2.0092376E-04         1.0000000E+30             11737       
 NEXT SEEDS:1BD773DB       0       0       0       0       0   181CD    3039       0       0
    1000000               9000000               9000000             1.9594467E-04         1.0000000E+30             14601       
 NEXT SEEDS:22C8CE95       0       0       0       0       0   181CD    3039       0       0
    1200000               8800000               8800000             2.0031963E-04         1.0000000E+30             17483       
 NEXT SEEDS:29B72DB9       0       0       0       0       0   181CD    3039       0       0
    1400000               8600000               8600000             2.0710729E-04         1.0000000E+30             20451       
 NEXT SEEDS:30B4F5BA       0       0       0       0       0   181CD    3039       0       0
    1600000               8400000               8400000             2.2201419E-04         1.0000000E+30             23333       
 NEXT SEEDS:379F6ACE       0       0       0       0       0   181CD    3039       0       0
    1800000               8200000               8200000             2.3381365E-04         1.0000000E+30             26260       
 NEXT SEEDS: 2F6A452       1       0       0       0       0   181CD    3039       0       0
    2000000               8000000               8000000             2.3933745E-04         1.0000000E+30             29233       
 NEXT SEEDS: 9F2B1D2       1       0       0       0       0   181CD    3039       0       0
    2200000               7800000               7800000             2.4657202E-04         1.0000000E+30             32117       
 NEXT SEEDS:10E4A98F       1       0       0       0       0   181CD    3039       0       0
    2400000               7600000               7600000             2.5272708E-04         1.0000000E+30             35041       
 NEXT SEEDS:17DA23CD       1       0       0       0       0   181CD    3039       0       0
    2600000               7400000               7400000             2.5872193E-04         1.0000000E+30             37959       
 NEXT SEEDS:1ECE47BC       1       0       0       0       0   181CD    3039       0       0
 COUSET, TXYZ:  0.999999999975755     -0.595286361084976      0.803513626678302    
    2800000               7200000               7200000             2.6296147E-04         1.0000000E+30             40908       
 NEXT SEEDS:25C7A4E5       1       0       0       0       0   181CD    3039       0       0
    3000000               7000000               7000000             2.6766675E-04         1.0000000E+30             43828       
 NEXT SEEDS:2CBC1524       1       0       0       0       0   181CD    3039       0       0
    3200000               6800000               6800000             2.7075856E-04         1.0000000E+30             46702       
 NEXT SEEDS:33A78A3A       1       0       0       0       0   181CD    3039       0       0
    3400000               6600000               6600000             2.7351170E-04         1.0000000E+30             49592       
 NEXT SEEDS:3A968F08       1       0       0       0       0   181CD    3039       0       0
    3600000               6400000               6400000             2.7682355E-04         1.0000000E+30             52526       
 NEXT SEEDS: 5EDF0EC       2       0       0       0       0   181CD    3039       0       0
    3800000               6200000               6200000             2.7901127E-04         1.0000000E+30             55464       
 NEXT SEEDS: CF653B6       2       0       0       0       0   181CD    3039       0       0
    4000000               6000000               6000000             2.8116748E-04         1.0000000E+30             58412       
 NEXT SEEDS:13F14961       2       0       0       0       0   181CD    3039       0       0
    4200000               5800000               5800000             2.8340902E-04         1.0000000E+30             61346       
 NEXT SEEDS:1AE0AB6F       2       0       0       0       0   181CD    3039       0       0
    4400000               5600000               5600000             2.8496025E-04         1.0000000E+30             64205       
 NEXT SEEDS:21D427D3       2       0       0       0       0   181CD    3039       0       0
    4600000               5400000               5400000             2.8704107E-04         1.0000000E+30             67149       
 NEXT SEEDS:28CCC412       2       0       0       0       0   181CD    3039       0       0
    4800000               5200000               5200000             2.8831424E-04         1.0000000E+30             70037       
 NEXT SEEDS:2FBD810C       2       0       0       0       0   181CD    3039       0       0
    5000000               5000000               5000000             2.8946392E-04         1.0000000E+30             72912       
 NEXT SEEDS:36AB5D8F       2       0       0       0       0   181CD    3039       0       0
    5200000               4800000               4800000             2.9115188E-04         1.0000000E+30             75842       
 NEXT SEEDS: 204A64F       3       0       0       0       0   181CD    3039       0       0
    5400000               4600000               4600000             2.9211089E-04         1.0000000E+30             78732       
 NEXT SEEDS: 8F10B9E       3       0       0       0       0   181CD    3039       0       0
    5600000               4400000               4400000             2.9299992E-04         1.0000000E+30             81658       
 NEXT SEEDS: FDE9A7D       3       0       0       0       0   181CD    3039       0       0
    5800000               4200000               4200000             2.9436995E-04         1.0000000E+30             84657       
 NEXT SEEDS:16D59A55       3       0       0       0       0   181CD    3039       0       0
    6000000               4000000               4000000             2.9515159E-04         1.0000000E+30             87621       
 NEXT SEEDS:1DCB1D27       3       0       0       0       0   181CD    3039       0       0
 COUSET, TXYZ:   1.00000000000660      5.439906707797550E-02  0.998519274483097    
    6200000               3800000               3800000             2.9638900E-04         1.0000000E+30             90576       
 NEXT SEEDS:24C147C3       3       0       0       0       0   181CD    3039       0       0
    6400000               3600000               3600000             2.9707050E-04         1.0000000E+30             93610       
 NEXT SEEDS:2BBEB081       3       0       0       0       0   181CD    3039       0       0
    6600000               3400000               3400000             2.9770347E-04         1.0000000E+30             96557       
 NEXT SEEDS:32B475E4       3       0       0       0       0   181CD    3039       0       0
    6800000               3200000               3200000             2.9875979E-04         1.0000000E+30             99523       
 NEXT SEEDS:39A78AB3       3       0       0       0       0   181CD    3039       0       0
    7000000               3000000               3000000             2.9977515E-04         1.0000000E+30            102429       
 NEXT SEEDS: 503177C       4       0       0       0       0   181CD    3039       0       0
    7200000               2800000               2800000             3.0050873E-04         1.0000000E+30            105465       
 NEXT SEEDS: C030912       4       0       0       0       0   181CD    3039       0       0
    7400000               2600000               2600000             3.0075245E-04         1.0000000E+30            108400       
 NEXT SEEDS:12F2AEF8       4       0       0       0       0   181CD    3039       0       0
    7600000               2400000               2400000             2.9837782E-04         1.0000000E+30            111268       
 NEXT SEEDS:19EA1C31       4       0       0       0       0   181CD    3039       0       0
    7800000               2200000               2200000             2.9851675E-04         1.0000000E+30            114128       
 NEXT SEEDS:20D67715       4       0       0       0       0   181CD    3039       0       0
    8000000               2000000               2000000             2.9693183E-04         1.0000000E+30            117052       
 NEXT SEEDS:27CA1A32       4       0       0       0       0   181CD    3039       0       0
    8200000               1800000               1800000             2.9463346E-04         1.0000000E+30            120011       
 NEXT SEEDS:2EC96A4D       4       0       0       0       0   181CD    3039       0       0
    8400000               1600000               1600000             2.9168937E-04         1.0000000E+30            122867       
 NEXT SEEDS:35B6FEFB       4       0       0       0       0   181CD    3039       0       0
    8600000               1400000               1400000             2.8962797E-04         1.0000000E+30            125807       
 NEXT SEEDS: 11A31FD       5       0       0       0       0   181CD    3039       0       0
    8800000               1200000               1200000             2.8808108E-04         1.0000000E+30            128724       
 NEXT SEEDS: 80CB4A5       5       0       0       0       0   181CD    3039       0       0
    9000000               1000000               1000000             2.8571503E-04         1.0000000E+30            131483       
 NEXT SEEDS: EEA94B1       5       0       0       0       0   181CD    3039       0       0
    9200000                800000                800000             2.8357345E-04         1.0000000E+30            134372       
 NEXT SEEDS:15D84F3D       5       0       0       0       0   181CD    3039       0       0
    9400000                600000                600000             2.8185874E-04         1.0000000E+30            137271       
 NEXT SEEDS:1CC87BFA       5       0       0       0       0   181CD    3039       0       0
    9600000                400000                400000             2.7987819E-04         1.0000000E+30            140072       
 NEXT SEEDS:23AEF228       5       0       0       0       0   181CD    3039       0       0
 COUSET, TXYZ:  0.999999999988181      0.632963518412932      0.774181622317841    
    9800000                200000                200000             2.7832829E-04         1.0000000E+30            142978       
 NEXT SEEDS:2AA183F3       5       0       0       0       0   181CD    3039       0       0
    9999950                    50                    50             2.7679557E-04         1.0000000E+30            145843       
 NEXT SEEDS:318DB87A       5       0       0       0       0   181CD    3039       0       0
    9999951                    49                    49             2.7679555E-04         1.0000000E+30            145843       
 NEXT SEEDS:318DBA03       5       0       0       0       0   181CD    3039       0       0
    9999952                    48                    48             2.7679554E-04         1.0000000E+30            145843       
 NEXT SEEDS:318DBBFA       5       0       0       0       0   181CD    3039       0       0
    9999953                    47                    47             2.7679552E-04         1.0000000E+30            145843       
 NEXT SEEDS:318DBD07       5       0       0       0       0   181CD    3039       0       0
    9999954                    46                    46             2.7679551E-04         1.0000000E+30            145843       
 NEXT SEEDS:318DBE14       5       0       0       0       0   181CD    3039       0       0
    9999955                    45                    45             2.7679551E-04         1.0000000E+30            145843       
 NEXT SEEDS:318DC098       5       0       0       0       0   181CD    3039       0       0
    9999956                    44                    44             2.7679548E-04         1.0000000E+30            145843       
 NEXT SEEDS:318DC1AC       5       0       0       0       0   181CD    3039       0       0
    9999957                    43                    43             2.7679548E-04         1.0000000E+30            145843       
 NEXT SEEDS:318DC2AC       5       0       0       0       0   181CD    3039       0       0
    9999958                    42                    42             2.7679545E-04         1.0000000E+30            145843       
 NEXT SEEDS:318DC3E3       5       0       0       0       0   181CD    3039       0       0
    9999959                    41                    41             2.7679542E-04         1.0000000E+30            145843       
 NEXT SEEDS:318DC4B3       5       0       0       0       0   181CD    3039       0       0
    9999960                    40                    40             2.7679542E-04         1.0000000E+30            145843       
 NEXT SEEDS:318DC6C2       5       0       0       0       0   181CD    3039       0       0
    9999961                    39                    39             2.7679539E-04         1.0000000E+30            145843       
 NEXT SEEDS:318DC76F       5       0       0       0       0   181CD    3039       0       0
    9999962                    38                    38             2.7679536E-04         1.0000000E+30            145843       
 NEXT SEEDS:318DC8AC       5       0       0       0       0   181CD    3039       0       0
    9999963                    37                    37             2.7679534E-04         1.0000000E+30            145843       
 NEXT SEEDS:318DCBC0       5       0       0       0       0   181CD    3039       0       0
    9999964                    36                    36             2.7679531E-04         1.0000000E+30            145843       
 NEXT SEEDS:318DCE81       5       0       0       0       0   181CD    3039       0       0
    9999965                    35                    35             2.7679528E-04         1.0000000E+30            145843       
 NEXT SEEDS:318DD0C0       5       0       0       0       0   181CD    3039       0       0
    9999966                    34                    34             2.7679525E-04         1.0000000E+30            145844       
 NEXT SEEDS:318DF8B1       5       0       0       0       0   181CD    3039       0       0
    9999967                    33                    33             2.7679523E-04         1.0000000E+30            145844       
 NEXT SEEDS:318DFA57       5       0       0       0       0   181CD    3039       0       0
    9999968                    32                    32             2.7679520E-04         1.0000000E+30            145844       
 NEXT SEEDS:318DFBF2       5       0       0       0       0   181CD    3039       0       0
    9999969                    31                    31             2.7679517E-04         1.0000000E+30            145844       
 NEXT SEEDS:318DFE53       5       0       0       0       0   181CD    3039       0       0
    9999970                    30                    30             2.7679514E-04         1.0000000E+30            145844       
 NEXT SEEDS:318E001E       5       0       0       0       0   181CD    3039       0       0
    9999971                    29                    29             2.7679512E-04         1.0000000E+30            145844       
 NEXT SEEDS:318E0108       5       0       0       0       0   181CD    3039       0       0
    9999972                    28                    28             2.7679509E-04         1.0000000E+30            145844       
 NEXT SEEDS:318E039A       5       0       0       0       0   181CD    3039       0       0
    9999973                    27                    27             2.7679506E-04         1.0000000E+30            145844       
 NEXT SEEDS:318E05C5       5       0       0       0       0   181CD    3039       0       0
    9999974                    26                    26             2.7679503E-04         1.0000000E+30            145844       
 NEXT SEEDS:318E066B       5       0       0       0       0   181CD    3039       0       0
    9999975                    25                    25             2.7679500E-04         1.0000000E+30            145844       
 NEXT SEEDS:318E084A       5       0       0       0       0   181CD    3039       0       0
    9999976                    24                    24             2.7679498E-04         1.0000000E+30            145844       
 NEXT SEEDS:318E0B65       5       0       0       0       0   181CD    3039       0       0
    9999977                    23                    23             2.7679495E-04         1.0000000E+30            145844       
 NEXT SEEDS:318E0C5F       5       0       0       0       0   181CD    3039       0       0
    9999978                    22                    22             2.7679492E-04         1.0000000E+30            145844       
 NEXT SEEDS:318E0D54       5       0       0       0       0   181CD    3039       0       0
    9999979                    21                    21             2.7679489E-04         1.0000000E+30            145844       
 NEXT SEEDS:318E0EAE       5       0       0       0       0   181CD    3039       0       0
    9999980                    20                    20             2.7679487E-04         1.0000000E+30            145844       
 NEXT SEEDS:318E126B       5       0       0       0       0   181CD    3039       0       0
    9999981                    19                    19             2.7679484E-04         1.0000000E+30            145844       
 NEXT SEEDS:318E134B       5       0       0       0       0   181CD    3039       0       0
    9999982                    18                    18             2.7679486E-04         1.0000000E+30            145845       
 NEXT SEEDS:318E275C       5       0       0       0       0   181CD    3039       0       0
    9999983                    17                    17             2.7679486E-04         1.0000000E+30            145845       
 NEXT SEEDS:318E2B19       5       0       0       0       0   181CD    3039       0       0
    9999984                    16                    16             2.7679485E-04         1.0000000E+30            145845       
 NEXT SEEDS:318E2DAE       5       0       0       0       0   181CD    3039       0       0
    9999985                    15                    15             2.7679483E-04         1.0000000E+30            145845       
 NEXT SEEDS:318E2E86       5       0       0       0       0   181CD    3039       0       0
    9999986                    14                    14             2.7679482E-04         1.0000000E+30            145845       
 NEXT SEEDS:318E3006       5       0       0       0       0   181CD    3039       0       0
    9999987                    13                    13             2.7679479E-04         1.0000000E+30            145845       
 NEXT SEEDS:318E3171       5       0       0       0       0   181CD    3039       0       0
    9999988                    12                    12             2.7679479E-04         1.0000000E+30            145845       
 NEXT SEEDS:318E3310       5       0       0       0       0   181CD    3039       0       0
    9999989                    11                    11             2.7679476E-04         1.0000000E+30            145845       
 NEXT SEEDS:318E349F       5       0       0       0       0   181CD    3039       0       0
    9999990                    10                    10             2.7679476E-04         1.0000000E+30            145845       
 NEXT SEEDS:318E36D2       5       0       0       0       0   181CD    3039       0       0
    9999991                     9                     9             2.7679473E-04         1.0000000E+30            145845       
 NEXT SEEDS:318E3905       5       0       0       0       0   181CD    3039       0       0
    9999992                     8                     8             2.7679473E-04         1.0000000E+30            145845       
 NEXT SEEDS:318E3BA1       5       0       0       0       0   181CD    3039       0       0
    9999993                     7                     7             2.7679473E-04         1.0000000E+30            145845       
 NEXT SEEDS:318E3E3F       5       0       0       0       0   181CD    3039       0       0
    9999994                     6                     6             2.7679470E-04         1.0000000E+30            145845       
 NEXT SEEDS:318E3F85       5       0       0       0       0   181CD    3039       0       0
    9999995                     5                     5             2.7679470E-04         1.0000000E+30            145845       
 NEXT SEEDS:318E4138       5       0       0       0       0   181CD    3039       0       0
    9999996                     4                     4             2.7679467E-04         1.0000000E+30            145845       
 NEXT SEEDS:318E431E       5       0       0       0       0   181CD    3039       0       0
    9999997                     3                     3             2.7679466E-04         1.0000000E+30            145845       
 NEXT SEEDS:318E4623       5       0       0       0       0   181CD    3039       0       0
    9999998                     2                     2             2.7679464E-04         1.0000000E+30            145845       
 NEXT SEEDS:318E4867       5       0       0       0       0   181CD    3039       0       0
    9999999                     1                     1             2.7679463E-04         1.0000000E+30            145845       
 NEXT SEEDS:318E49F8       5       0       0       0       0   181CD    3039       0       0
   10000000                     0                     1             2.7679461E-04         1.0000000E+30            145845       
 NEXT SEEDS:318E4B4B       5       0       0       0       0   181CD    3039       0       0
