1NUMBER OF BEAM       NUMBER OF BEAM        APPROXIMATE NUMBER    AVERAGE TIME USED     TIME LEFT (RESERVED   NUMBER OF STARS
 PARTICLES HANDLED    PARTICLES LEFT        OF BEAM PARTICLES     BY A BEAM PARTICLE     10000.0 SECONDS      CREATED
                                            THAT CAN STILL BE                           FOR PRINTOUT)
                                            HANDLED

 NEXT SEEDS:       0       0       0       0       0       0   181CD    3039       0       0
          1                999999                999999             1.2118816E-02         1.0000000E+30                 0       
 NEXT SEEDS:    30C2       0       0       0       0       0   181CD    3039       0       0
      20000                980000                980000             4.7830266E-03         1.0000000E+30              5962       
 NEXT SEEDS: F7458B1       0       0       0       0       0   181CD    3039       0       0
      40000                960000                960000             4.6479302E-03         1.0000000E+30             12157       
 NEXT SEEDS:1EEFFD51       0       0       0       0       0   181CD    3039       0       0
      60000                940000                940000             4.7132993E-03         1.0000000E+30             18358       
 NEXT SEEDS:2E6487E8       0       0       0       0       0   181CD    3039       0       0
      80000                920000                920000             4.6685927E-03         1.0000000E+30             24469       
 NEXT SEEDS: 2472AE9       1       0       0       0       0   181CD    3039       0       0
     100000                900000                900000             4.7001564E-03         1.0000000E+30             30585       
 NEXT SEEDS:11CDE746       1       0       0       0       0   181CD    3039       0       0
     120000                880000                880000             4.6901450E-03         1.0000000E+30             36634       
 NEXT SEEDS:214704C0       1       0       0       0       0   181CD    3039       0       0
     140000                860000                860000             4.6633110E-03         1.0000000E+30             42796       
 NEXT SEEDS:30D14493       1       0       0       0       0   181CD    3039       0       0
     160000                840000                840000             4.6775121E-03         1.0000000E+30             48918       
 NEXT SEEDS: 4BCDAE9       2       0       0       0       0   181CD    3039       0       0
     180000                820000                820000             4.6577685E-03         1.0000000E+30             55065       
 NEXT SEEDS:143B1115       2       0       0       0       0   181CD    3039       0       0
     200000                800000                800000             4.6716148E-03         1.0000000E+30             61092       
 NEXT SEEDS:23C6706E       2       0       0       0       0   181CD    3039       0       0
     220000                780000                780000             4.6527381E-03         1.0000000E+30             67120       
 NEXT SEEDS:335821BD       2       0       0       0       0   181CD    3039       0       0
     240000                760000                760000             4.6583621E-03         1.0000000E+30             73320       
 NEXT SEEDS: 75C5C1E       3       0       0       0       0   181CD    3039       0       0
     260000                740000                740000             4.6677282E-03         1.0000000E+30             79511       
 NEXT SEEDS:16DF7694       3       0       0       0       0   181CD    3039       0       0
     280000                720000                720000             4.6675488E-03         1.0000000E+30             85657       
 NEXT SEEDS:26575982       3       0       0       0       0   181CD    3039       0       0
     300000                700000                700000             4.6728738E-03         1.0000000E+30             91747       
 NEXT SEEDS:35E34F36       3       0       0       0       0   181CD    3039       0       0
     320000                680000                680000             4.6673129E-03         1.0000000E+30             98028       
 NEXT SEEDS: 9CC714D       4       0       0       0       0   181CD    3039       0       0
     340000                660000                660000             4.6674075E-03         1.0000000E+30            104139       
 NEXT SEEDS:193FF605       4       0       0       0       0   181CD    3039       0       0
     360000                640000                640000             4.6757581E-03         1.0000000E+30            110280       
 NEXT SEEDS:28C9F609       4       0       0       0       0   181CD    3039       0       0
     380000                620000                620000             4.6695918E-03         1.0000000E+30            116389       
 NEXT SEEDS:3869038A       4       0       0       0       0   181CD    3039       0       0
     400000                600000                600000             4.6767305E-03         1.0000000E+30            122497       
 NEXT SEEDS: C56BCC1       5       0       0       0       0   181CD    3039       0       0
     420000                580000                580000             4.6748209E-03         1.0000000E+30            128579       
 NEXT SEEDS:1BDC4609       5       0       0       0       0   181CD    3039       0       0
     440000                560000                560000             4.6824462E-03         1.0000000E+30            134620       
 NEXT SEEDS:2B582165       5       0       0       0       0   181CD    3039       0       0
     460000                540000                540000             4.6747038E-03         1.0000000E+30            140614       
 NEXT SEEDS:3AB77AD5       5       0       0       0       0   181CD    3039       0       0
     480000                520000                520000             4.6806126E-03         1.0000000E+30            146673       
 NEXT SEEDS: E86B445       6       0       0       0       0   181CD    3039       0       0
     500000                500000                500000             4.6725575E-03         1.0000000E+30            152894       
 NEXT SEEDS:1E02D176       6       0       0       0       0   181CD    3039       0       0
     520000                480000                480000             4.6778071E-03         1.0000000E+30            159186       
 NEXT SEEDS:2D80BDA9       6       0       0       0       0   181CD    3039       0       0
     540000                460000                460000             4.6787574E-03         1.0000000E+30            165481       
 NEXT SEEDS: 1691F31       7       0       0       0       0   181CD    3039       0       0
     560000                440000                440000             4.6777631E-03         1.0000000E+30            171603       
 NEXT SEEDS:10D3B1C1       7       0       0       0       0   181CD    3039       0       0
     580000                420000                420000             4.6782600E-03         1.0000000E+30            177914       
 NEXT SEEDS:20678C17       7       0       0       0       0   181CD    3039       0       0
     600000                400000                400000             4.6776045E-03         1.0000000E+30            184053       
 NEXT SEEDS:2FF46BCD       7       0       0       0       0   181CD    3039       0       0
     620000                380000                380000             4.6797020E-03         1.0000000E+30            190171       
 NEXT SEEDS: 3C47969       8       0       0       0       0   181CD    3039       0       0
     640000                360000                360000             4.6827014E-03         1.0000000E+30            196281       
 NEXT SEEDS:134B2830       8       0       0       0       0   181CD    3039       0       0
     660000                340000                340000             4.6793504E-03         1.0000000E+30            202382       
 NEXT SEEDS:22D0A50F       8       0       0       0       0   181CD    3039       0       0
     680000                320000                320000             4.6860161E-03         1.0000000E+30            208561       
 NEXT SEEDS:3258AE33       8       0       0       0       0   181CD    3039       0       0
     700000                300000                300000             4.6804722E-03         1.0000000E+30            214798       
 NEXT SEEDS: 63C2B8C       9       0       0       0       0   181CD    3039       0       0
     720000                280000                280000             4.6792178E-03         1.0000000E+30            220861       
 NEXT SEEDS:15AE694B       9       0       0       0       0   181CD    3039       0       0
     740000                260000                260000             4.6801889E-03         1.0000000E+30            226946       
 NEXT SEEDS:25487AB2       9       0       0       0       0   181CD    3039       0       0
     760000                240000                240000             4.6760841E-03         1.0000000E+30            233074       
 NEXT SEEDS:34CBFDC1       9       0       0       0       0   181CD    3039       0       0
     780000                220000                220000             4.6749477E-03         1.0000000E+30            239249       
 NEXT SEEDS: 8C374F2       A       0       0       0       0   181CD    3039       0       0
     800000                200000                200000             4.6735418E-03         1.0000000E+30            245392       
 NEXT SEEDS:183D9A34       A       0       0       0       0   181CD    3039       0       0
     820000                180000                180000             4.6702544E-03         1.0000000E+30            251660       
 NEXT SEEDS:27BE57E2       A       0       0       0       0   181CD    3039       0       0
     840000                160000                160000             4.6691967E-03         1.0000000E+30            257857       
 NEXT SEEDS:37489865       A       0       0       0       0   181CD    3039       0       0
     860000                140000                140000             4.6685237E-03         1.0000000E+30            263948       
 NEXT SEEDS: B373759       B       0       0       0       0   181CD    3039       0       0
     880000                120000                120000             4.6648637E-03         1.0000000E+30            270002       
 NEXT SEEDS:1ABF2E8A       B       0       0       0       0   181CD    3039       0       0
     900000                100000                100000             4.6673182E-03         1.0000000E+30            276104       
 NEXT SEEDS:2A29780B       B       0       0       0       0   181CD    3039       0       0
     920000                 80000                 80000             4.6661891E-03         1.0000000E+30            282119       
 NEXT SEEDS:399627B1       B       0       0       0       0   181CD    3039       0       0
     940000                 60000                 60000             4.6652826E-03         1.0000000E+30            288528       
 NEXT SEEDS: D9E4C13       C       0       0       0       0   181CD    3039       0       0
     960000                 40000                 40000             4.6644200E-03         1.0000000E+30            294654       
 NEXT SEEDS:1D1A2D1D       C       0       0       0       0   181CD    3039       0       0
     980000                 20000                 20000             4.6663195E-03         1.0000000E+30            300786       
 NEXT SEEDS:2C970148       C       0       0       0       0   181CD    3039       0       0
     999950                    50                    50             4.6652391E-03         1.0000000E+30            306689       
 NEXT SEEDS:  7EB97A       D       0       0       0       0   181CD    3039       0       0
     999951                    49                    49             4.6652369E-03         1.0000000E+30            306690       
 NEXT SEEDS:  7EE5FF       D       0       0       0       0   181CD    3039       0       0
     999952                    48                    48             4.6652346E-03         1.0000000E+30            306690       
 NEXT SEEDS:  7F1953       D       0       0       0       0   181CD    3039       0       0
     999953                    47                    47             4.6652324E-03         1.0000000E+30            306690       
 NEXT SEEDS:  7F4162       D       0       0       0       0   181CD    3039       0       0
     999954                    46                    46             4.6652302E-03         1.0000000E+30            306690       
 NEXT SEEDS:  7F7189       D       0       0       0       0   181CD    3039       0       0
     999955                    45                    45             4.6652284E-03         1.0000000E+30            306690       
 NEXT SEEDS:  7FAB2A       D       0       0       0       0   181CD    3039       0       0
     999956                    44                    44             4.6652262E-03         1.0000000E+30            306691       
 NEXT SEEDS:  7FDD7D       D       0       0       0       0   181CD    3039       0       0
     999957                    43                    43             4.6652240E-03         1.0000000E+30            306691       
 NEXT SEEDS:  8008E7       D       0       0       0       0   181CD    3039       0       0
     999958                    42                    42             4.6652218E-03         1.0000000E+30            306691       
 NEXT SEEDS:  80389D       D       0       0       0       0   181CD    3039       0       0
     999959                    41                    41             4.6652196E-03         1.0000000E+30            306691       
 NEXT SEEDS:  80699E       D       0       0       0       0   181CD    3039       0       0
     999960                    40                    40             4.6652168E-03         1.0000000E+30            306692       
 NEXT SEEDS:  8091FB       D       0       0       0       0   181CD    3039       0       0
     999961                    39                    39             4.6652146E-03         1.0000000E+30            306692       
 NEXT SEEDS:  80BD05       D       0       0       0       0   181CD    3039       0       0
     999962                    38                    38             4.6652119E-03         1.0000000E+30            306692       
 NEXT SEEDS:  80E336       D       0       0       0       0   181CD    3039       0       0
     999963                    37                    37             4.6652092E-03         1.0000000E+30            306692       
 NEXT SEEDS:  810B0A       D       0       0       0       0   181CD    3039       0       0
     999964                    36                    36             4.6652070E-03         1.0000000E+30            306692       
 NEXT SEEDS:  8135DF       D       0       0       0       0   181CD    3039       0       0
     999965                    35                    35             4.6652057E-03         1.0000000E+30            306694       
 NEXT SEEDS:  817C69       D       0       0       0       0   181CD    3039       0       0
     999966                    34                    34             4.6652035E-03         1.0000000E+30            306694       
 NEXT SEEDS:  81AA97       D       0       0       0       0   181CD    3039       0       0
     999967                    33                    33             4.6652013E-03         1.0000000E+30            306694       
 NEXT SEEDS:  81DA99       D       0       0       0       0   181CD    3039       0       0
     999968                    32                    32             4.6651990E-03         1.0000000E+30            306694       
 NEXT SEEDS:  820926       D       0       0       0       0   181CD    3039       0       0
     999969                    31                    31             4.6651963E-03         1.0000000E+30            306694       
 NEXT SEEDS:  823343       D       0       0       0       0   181CD    3039       0       0
     999970                    30                    30             4.6651956E-03         1.0000000E+30            306695       
 NEXT SEEDS:  82723B       D       0       0       0       0   181CD    3039       0       0
     999971                    29                    29             4.6651943E-03         1.0000000E+30            306696       
 NEXT SEEDS:  82C9BF       D       0       0       0       0   181CD    3039       0       0
     999972                    28                    28             4.6651921E-03         1.0000000E+30            306696       
 NEXT SEEDS:  82FA74       D       0       0       0       0   181CD    3039       0       0
     999973                    27                    27             4.6651899E-03         1.0000000E+30            306696       
 NEXT SEEDS:  832C19       D       0       0       0       0   181CD    3039       0       0
     999974                    26                    26             4.6651877E-03         1.0000000E+30            306696       
 NEXT SEEDS:  835B4D       D       0       0       0       0   181CD    3039       0       0
     999975                    25                    25             4.6651854E-03         1.0000000E+30            306696       
 NEXT SEEDS:  83864E       D       0       0       0       0   181CD    3039       0       0
     999976                    24                    24             4.6651832E-03         1.0000000E+30            306696       
 NEXT SEEDS:  83B301       D       0       0       0       0   181CD    3039       0       0
     999977                    23                    23             4.6651815E-03         1.0000000E+30            306697       
 NEXT SEEDS:  83EACA       D       0       0       0       0   181CD    3039       0       0
     999978                    22                    22             4.6651812E-03         1.0000000E+30            306698       
 NEXT SEEDS:  84460E       D       0       0       0       0   181CD    3039       0       0
     999979                    21                    21             4.6651790E-03         1.0000000E+30            306698       
 NEXT SEEDS:  8473F1       D       0       0       0       0   181CD    3039       0       0
     999980                    20                    20             4.6651768E-03         1.0000000E+30            306698       
 NEXT SEEDS:  84A566       D       0       0       0       0   181CD    3039       0       0
     999981                    19                    19             4.6651745E-03         1.0000000E+30            306698       
 NEXT SEEDS:  84D3D4       D       0       0       0       0   181CD    3039       0       0
     999982                    18                    18             4.6651723E-03         1.0000000E+30            306698       
 NEXT SEEDS:  84FC95       D       0       0       0       0   181CD    3039       0       0
     999983                    17                    17             4.6651720E-03         1.0000000E+30            306699       
 NEXT SEEDS:  85651D       D       0       0       0       0   181CD    3039       0       0
     999984                    16                    16             4.6651693E-03         1.0000000E+30            306699       
 NEXT SEEDS:  858EA1       D       0       0       0       0   181CD    3039       0       0
     999985                    15                    15             4.6651691E-03         1.0000000E+30            306700       
 NEXT SEEDS:  85EAB4       D       0       0       0       0   181CD    3039       0       0
     999986                    14                    14             4.6651688E-03         1.0000000E+30            306701       
 NEXT SEEDS:  862FE6       D       0       0       0       0   181CD    3039       0       0
     999987                    13                    13             4.6651670E-03         1.0000000E+30            306701       
 NEXT SEEDS:  866942       D       0       0       0       0   181CD    3039       0       0
     999988                    12                    12             4.6651668E-03         1.0000000E+30            306702       
 NEXT SEEDS:  86B23E       D       0       0       0       0   181CD    3039       0       0
     999989                    11                    11             4.6651646E-03         1.0000000E+30            306702       
 NEXT SEEDS:  86E8AD       D       0       0       0       0   181CD    3039       0       0
     999990                    10                    10             4.6651623E-03         1.0000000E+30            306702       
 NEXT SEEDS:  871E7A       D       0       0       0       0   181CD    3039       0       0
     999991                     9                     9             4.6651596E-03         1.0000000E+30            306702       
 NEXT SEEDS:  87474F       D       0       0       0       0   181CD    3039       0       0
     999992                     8                     8             4.6651579E-03         1.0000000E+30            306702       
 NEXT SEEDS:  8780CE       D       0       0       0       0   181CD    3039       0       0
     999993                     7                     7             4.6651557E-03         1.0000000E+30            306702       
 NEXT SEEDS:  87B1BD       D       0       0       0       0   181CD    3039       0       0
     999994                     6                     6             4.6651529E-03         1.0000000E+30            306702       
 NEXT SEEDS:  87D9AA       D       0       0       0       0   181CD    3039       0       0
     999995                     5                     5             4.6651512E-03         1.0000000E+30            306702       
 NEXT SEEDS:  881387       D       0       0       0       0   181CD    3039       0       0
     999996                     4                     4             4.6651490E-03         1.0000000E+30            306702       
 NEXT SEEDS:  884371       D       0       0       0       0   181CD    3039       0       0
     999997                     3                     3             4.6651477E-03         1.0000000E+30            306703       
 NEXT SEEDS:  8881C1       D       0       0       0       0   181CD    3039       0       0
     999998                     2                     2             4.6651450E-03         1.0000000E+30            306703       
 NEXT SEEDS:  88ACE8       D       0       0       0       0   181CD    3039       0       0
     999999                     1                     1             4.6651428E-03         1.0000000E+30            306703       
 NEXT SEEDS:  88DB38       D       0       0       0       0   181CD    3039       0       0
    1000000                     0                     1             4.6651411E-03         1.0000000E+30            306704       
 NEXT SEEDS:  89183D       D       0       0       0       0   181CD    3039       0       0
