1NUMBER OF BEAM       NUMBER OF BEAM        APPROXIMATE NUMBER    AVERAGE TIME USED     TIME LEFT (RESERVED   NUMBER OF STARS
 PARTICLES HANDLED    PARTICLES LEFT        OF BEAM PARTICLES     BY A BEAM PARTICLE     10000.0 SECONDS      CREATED
                                            THAT CAN STILL BE                           FOR PRINTOUT)
                                            HANDLED

 NEXT SEEDS:       0       0       0       0       0       0   181CD    3039       0       0
          1               5999999               5999999             2.3283005E-02         1.0000000E+30                 1       
 NEXT SEEDS:    5798       0       0       0       0       0   181CD    3039       0       0
     100000               5900000               5900000             5.0129543E-03         1.0000000E+30             30328       
 NEXT SEEDS:11A8927A       1       0       0       0       0   181CD    3039       0       0
     200000               5800000               5800000             5.0164797E-03         1.0000000E+30             60675       
 NEXT SEEDS:22FA93DF       2       0       0       0       0   181CD    3039       0       0
     300000               5700000               5700000             5.0000374E-03         1.0000000E+30             91171       
 NEXT SEEDS:34A21378       3       0       0       0       0   181CD    3039       0       0
     400000               5600000               5600000             4.9614850E-03         1.0000000E+30            121776       
 NEXT SEEDS: A7A07ED       5       0       0       0       0   181CD    3039       0       0
     500000               5500000               5500000             4.9609780E-03         1.0000000E+30            152399       
 NEXT SEEDS:1C16B0C9       6       0       0       0       0   181CD    3039       0       0
 COUSET, TXYZ:  0.999999999947452     -0.898523579255750      0.438925252652818    
     600000               5400000               5400000             4.9632080E-03         1.0000000E+30            182744       
 NEXT SEEDS:2D86F1FF       7       0       0       0       0   181CD    3039       0       0
     700000               5300000               5300000             4.9623831E-03         1.0000000E+30            213267       
 NEXT SEEDS: 3B9A8A6       9       0       0       0       0   181CD    3039       0       0
     800000               5200000               5200000             4.9748086E-03         1.0000000E+30            243932       
 NEXT SEEDS:155FFE79       A       0       0       0       0   181CD    3039       0       0
     900000               5100000               5100000             4.9957357E-03         1.0000000E+30            274362       
 NEXT SEEDS:2710F771       B       0       0       0       0   181CD    3039       0       0
    1000000               5000000               5000000             4.9962798E-03         1.0000000E+30            305117       
 NEXT SEEDS:389A194F       C       0       0       0       0   181CD    3039       0       0
 COUSET, TXYZ:   1.00000000003317     -3.708832135746370E-02  0.999311991564805    
 COUSET, TXYZ:   1.00000000000544      0.631733450501733      0.775185685837952    
    1100000               4900000               4900000             4.9961528E-03         1.0000000E+30            335941       
 NEXT SEEDS: EAAC16D       E       0       0       0       0   181CD    3039       0       0
 COUSET, TXYZ:  0.999999999991872     -0.901922430902427      0.431898053501981    
    1200000               4800000               4800000             4.9960551E-03         1.0000000E+30            366363       
 NEXT SEEDS:203F0A0A       F       0       0       0       0   181CD    3039       0       0
    1300000               4700000               4700000             4.9947810E-03         1.0000000E+30            396575       
 NEXT SEEDS:32012A54      10       0       0       0       0   181CD    3039       0       0
    1400000               4600000               4600000             4.9896655E-03         1.0000000E+30            427176       
 NEXT SEEDS: 804B7A4      12       0       0       0       0   181CD    3039       0       0
 COUSET, TXYZ:   1.00000000000604     -0.561065401770738      0.827771475075049    
    1500000               4500000               4500000             4.9851468E-03         1.0000000E+30            457346       
 NEXT SEEDS:197869BD      13       0       0       0       0   181CD    3039       0       0
    1600000               4400000               4400000             4.9847272E-03         1.0000000E+30            487414       
 NEXT SEEDS:2B1990D1      14       0       0       0       0   181CD    3039       0       0
    1700000               4300000               4300000             4.9873834E-03         1.0000000E+30            517919       
 NEXT SEEDS: 1084571      16       0       0       0       0   181CD    3039       0       0
 COUSET, TXYZ:  0.999999999864791     -0.747793440569046      0.663931449753278    
    1800000               4200000               4200000             4.9848166E-03         1.0000000E+30            548418       
 NEXT SEEDS:12D5E19D      17       0       0       0       0   181CD    3039       0       0
    1900000               4100000               4100000             4.9811878E-03         1.0000000E+30            579052       
 NEXT SEEDS:243D680C      18       0       0       0       0   181CD    3039       0       0
    2000000               4000000               4000000             4.9747642E-03         1.0000000E+30            609586       
 NEXT SEEDS:35DBA134      19       0       0       0       0   181CD    3039       0       0
    2100000               3900000               3900000             4.9357422E-03         1.0000000E+30            640542       
 NEXT SEEDS: C018B79      1B       0       0       0       0   181CD    3039       0       0
    2200000               3800000               3800000             4.9032107E-03         1.0000000E+30            671087       
 NEXT SEEDS:1D97B754      1C       0       0       0       0   181CD    3039       0       0
 COUSET, TXYZ:   1.00000000000808      0.961130723043069     -0.276093703729137    
 COUSET, TXYZ:   1.00000000000850      0.393324962441661      0.919399518129780    
    2300000               3700000               3700000             4.8765718E-03         1.0000000E+30            701667       
 NEXT SEEDS:2F384550      1D       0       0       0       0   181CD    3039       0       0
    2400000               3600000               3600000             4.8596822E-03         1.0000000E+30            732145       
 NEXT SEEDS: 5247403      1F       0       0       0       0   181CD    3039       0       0
    2500000               3500000               3500000             4.8466570E-03         1.0000000E+30            762528       
 NEXT SEEDS:16867E03      20       0       0       0       0   181CD    3039       0       0
    2600000               3400000               3400000             4.8373775E-03         1.0000000E+30            792923       
 NEXT SEEDS:285B9FC6      21       0       0       0       0   181CD    3039       0       0
    2700000               3300000               3300000             4.8306293E-03         1.0000000E+30            823356       
 NEXT SEEDS:39E27D83      22       0       0       0       0   181CD    3039       0       0
    2800000               3200000               3200000             4.8260917E-03         1.0000000E+30            853711       
 NEXT SEEDS: FC5C237      24       0       0       0       0   181CD    3039       0       0
 COUSET, TXYZ:  0.999999999994126     -0.775508306465920      0.631337363531268    
    2900000               3100000               3100000             4.8142093E-03         1.0000000E+30            884441       
 NEXT SEEDS:21B43B97      25       0       0       0       0   181CD    3039       0       0
 COUSET, TXYZ:  0.999999999986404      0.708202105603794      0.706009757433395    
    3000000               3000000               3000000             4.7930654E-03         1.0000000E+30            915035       
 NEXT SEEDS:337922A8      26       0       0       0       0   181CD    3039       0       0
    3100000               2900000               2900000             4.7758761E-03         1.0000000E+30            945733       
 NEXT SEEDS: 9A1F1C3      28       0       0       0       0   181CD    3039       0       0
    3200000               2800000               2800000             4.7629123E-03         1.0000000E+30            976337       
 NEXT SEEDS:1B83D4AA      29       0       0       0       0   181CD    3039       0       0
    3300000               2700000               2700000             4.7457487E-03         1.0000000E+30           1007002       
 NEXT SEEDS:2D170C27      2A       0       0       0       0   181CD    3039       0       0
    3400000               2600000               2600000             4.7301646E-03         1.0000000E+30           1037444       
 NEXT SEEDS: 3664106      2C       0       0       0       0   181CD    3039       0       0
 COUSET, TXYZ:  0.999999999974198      0.238047493303765      0.971253515247276    
    3500000               2500000               2500000             4.7104813E-03         1.0000000E+30           1067940       
 NEXT SEEDS:14AAC353      2D       0       0       0       0   181CD    3039       0       0
 COUSET, TXYZ:   1.00000000019314      0.993073059815351      0.117498503204340    
    3600000               2400000               2400000             4.6966865E-03         1.0000000E+30           1098181       
 NEXT SEEDS:2618ADC4      2E       0       0       0       0   181CD    3039       0       0
    3700000               2300000               2300000             4.6747907E-03         1.0000000E+30           1128378       
 NEXT SEEDS:3781BF6D      2F       0       0       0       0   181CD    3039       0       0
    3800000               2200000               2200000             4.6662528E-03         1.0000000E+30           1159086       
 NEXT SEEDS: D460FFC      31       0       0       0       0   181CD    3039       0       0
    3900000               2100000               2100000             4.6935404E-03         1.0000000E+30           1189251       
 NEXT SEEDS:1EC7BC9C      32       0       0       0       0   181CD    3039       0       0
 COUSET, TXYZ:  0.999999999979431     -0.641527993601566      0.767099624158695    
    4000000               2000000               2000000             4.7268987E-03         1.0000000E+30           1219678       
 NEXT SEEDS:3054BD2E      33       0       0       0       0   181CD    3039       0       0
    4100000               1900000               1900000             4.7610359E-03         1.0000000E+30           1250245       
 NEXT SEEDS: 68EC9A0      35       0       0       0       0   181CD    3039       0       0
    4200000               1800000               1800000             4.7939009E-03         1.0000000E+30           1280781       
 NEXT SEEDS:18787ABC      36       0       0       0       0   181CD    3039       0       0
    4300000               1700000               1700000             4.8258682E-03         1.0000000E+30           1311086       
 NEXT SEEDS:2A0EA4D9      37       0       0       0       0   181CD    3039       0       0
 COUSET, TXYZ:   1.00000000001005      0.938949102886213     -0.344056074222323    
    4400000               1600000               1600000             4.8580236E-03         1.0000000E+30           1341319       
 NEXT SEEDS:  264B14      39       0       0       0       0   181CD    3039       0       0
    4500000               1500000               1500000             4.8899659E-03         1.0000000E+30           1371902       
 NEXT SEEDS:120B2F42      3A       0       0       0       0   181CD    3039       0       0
    4600000               1400000               1400000             4.9181091E-03         1.0000000E+30           1402387       
 NEXT SEEDS:2378F721      3B       0       0       0       0   181CD    3039       0       0
    4700000               1300000               1300000             4.9455541E-03         1.0000000E+30           1432912       
 NEXT SEEDS:352EFC6C      3C       0       0       0       0   181CD    3039       0       0
    4800000               1200000               1200000             4.9729783E-03         1.0000000E+30           1463238       
 NEXT SEEDS: B387ACB      3E       0       0       0       0   181CD    3039       0       0
    4900000               1100000               1100000             4.9980379E-03         1.0000000E+30           1493512       
 NEXT SEEDS:1CE604BD      3F       0       0       0       0   181CD    3039       0       0
 COUSET, TXYZ:  0.999999999980212     -0.876573971368468      0.481267153127799    
    5000000               1000000               1000000             5.0236748E-03         1.0000000E+30           1523925       
 NEXT SEEDS:2E8FE0CE      40       0       0       0       0   181CD    3039       0       0
 COUSET, TXYZ:   1.00000000000781      0.250858088640310      0.968023873351969    
    5100000                900000                900000             5.0487548E-03         1.0000000E+30           1554383       
 NEXT SEEDS: 4D1198A      42       0       0       0       0   181CD    3039       0       0
    5200000                800000                800000             5.0717512E-03         1.0000000E+30           1584724       
 NEXT SEEDS:16536979      43       0       0       0       0   181CD    3039       0       0
    5300000                700000                700000             5.0763681E-03         1.0000000E+30           1615023       
 NEXT SEEDS:27C9CB0C      44       0       0       0       0   181CD    3039       0       0
 COUSET, TXYZ:   1.00000000000528      0.914902679232703      0.403674482155345    
 COUSET, TXYZ:   1.00000000000965      0.404783526047994      0.914412542050606    
    5400000                600000                600000             5.0736945E-03         1.0000000E+30           1645555       
 NEXT SEEDS:39A29891      45       0       0       0       0   181CD    3039       0       0
    5500000                500000                500000             5.0725602E-03         1.0000000E+30           1676195       
 NEXT SEEDS: F95EC00      47       0       0       0       0   181CD    3039       0       0
 COUSET, TXYZ:   1.00000000001823      0.570841544924846     -0.821060247865089    
 COUSET, TXYZ:  0.999999999993231     -0.884415357242271      0.466700627662410    
    5600000                400000                400000             5.0737931E-03         1.0000000E+30           1706946       
 NEXT SEEDS:2112C99F      48       0       0       0       0   181CD    3039       0       0
 COUSET, TXYZ:  0.999999999993828     -0.988160499552801     -0.153423684974692    
    5700000                300000                300000             5.0766226E-03         1.0000000E+30           1737514       
 NEXT SEEDS:32820CEB      49       0       0       0       0   181CD    3039       0       0
    5800000                200000                200000             5.0734185E-03         1.0000000E+30           1768108       
 NEXT SEEDS: 8B4AD14      4B       0       0       0       0   181CD    3039       0       0
    5900000                100000                100000             5.0744321E-03         1.0000000E+30           1798795       
 NEXT SEEDS:1A2E5C25      4C       0       0       0       0   181CD    3039       0       0
    5999950                    50                    50             5.0750949E-03         1.0000000E+30           1829147       
 NEXT SEEDS:2BB27C63      4D       0       0       0       0   181CD    3039       0       0
    5999951                    49                    49             5.0750950E-03         1.0000000E+30           1829147       
 NEXT SEEDS:2BB2A1F3      4D       0       0       0       0   181CD    3039       0       0
    5999952                    48                    48             5.0750964E-03         1.0000000E+30           1829147       
 NEXT SEEDS:2BB2DAE7      4D       0       0       0       0   181CD    3039       0       0
    5999953                    47                    47             5.0750982E-03         1.0000000E+30           1829148       
 NEXT SEEDS:2BB31E98      4D       0       0       0       0   181CD    3039       0       0
    5999954                    46                    46             5.0750999E-03         1.0000000E+30           1829149       
 NEXT SEEDS:2BB36371      4D       0       0       0       0   181CD    3039       0       0
    5999955                    45                    45             5.0751014E-03         1.0000000E+30           1829149       
 NEXT SEEDS:2BB39CCB      4D       0       0       0       0   181CD    3039       0       0
    5999956                    44                    44             5.0751025E-03         1.0000000E+30           1829149       
 NEXT SEEDS:2BB3CBDF      4D       0       0       0       0   181CD    3039       0       0
    5999957                    43                    43             5.0751036E-03         1.0000000E+30           1829149       
 NEXT SEEDS:2BB3F6F4      4D       0       0       0       0   181CD    3039       0       0
    5999958                    42                    42             5.0751044E-03         1.0000000E+30           1829149       
 NEXT SEEDS:2BB4231B      4D       0       0       0       0   181CD    3039       0       0
    5999959                    41                    41             5.0751052E-03         1.0000000E+30           1829149       
 NEXT SEEDS:2BB44B49      4D       0       0       0       0   181CD    3039       0       0
    5999960                    40                    40             5.0751063E-03         1.0000000E+30           1829149       
 NEXT SEEDS:2BB47A91      4D       0       0       0       0   181CD    3039       0       0
    5999961                    39                    39             5.0751070E-03         1.0000000E+30           1829149       
 NEXT SEEDS:2BB49E64      4D       0       0       0       0   181CD    3039       0       0
    5999962                    38                    38             5.0751081E-03         1.0000000E+30           1829149       
 NEXT SEEDS:2BB4CF8F      4D       0       0       0       0   181CD    3039       0       0
    5999963                    37                    37             5.0751089E-03         1.0000000E+30           1829150       
 NEXT SEEDS:2BB4E486      4D       0       0       0       0   181CD    3039       0       0
    5999964                    36                    36             5.0751097E-03         1.0000000E+30           1829150       
 NEXT SEEDS:2BB50F9A      4D       0       0       0       0   181CD    3039       0       0
    5999965                    35                    35             5.0751105E-03         1.0000000E+30           1829150       
 NEXT SEEDS:2BB536ED      4D       0       0       0       0   181CD    3039       0       0
    5999966                    34                    34             5.0751119E-03         1.0000000E+30           1829150       
 NEXT SEEDS:2BB5679A      4D       0       0       0       0   181CD    3039       0       0
    5999967                    33                    33             5.0751130E-03         1.0000000E+30           1829151       
 NEXT SEEDS:2BB59F97      4D       0       0       0       0   181CD    3039       0       0
    5999968                    32                    32             5.0751141E-03         1.0000000E+30           1829151       
 NEXT SEEDS:2BB5CFBC      4D       0       0       0       0   181CD    3039       0       0
    5999969                    31                    31             5.0751152E-03         1.0000000E+30           1829151       
 NEXT SEEDS:2BB5F9A6      4D       0       0       0       0   181CD    3039       0       0
    5999970                    30                    30             5.0751160E-03         1.0000000E+30           1829151       
 NEXT SEEDS:2BB623CE      4D       0       0       0       0   181CD    3039       0       0
    5999971                    29                    29             5.0751171E-03         1.0000000E+30           1829151       
 NEXT SEEDS:2BB64E57      4D       0       0       0       0   181CD    3039       0       0
    5999972                    28                    28             5.0751179E-03         1.0000000E+30           1829151       
 NEXT SEEDS:2BB67AB0      4D       0       0       0       0   181CD    3039       0       0
    5999973                    27                    27             5.0751190E-03         1.0000000E+30           1829151       
 NEXT SEEDS:2BB6A892      4D       0       0       0       0   181CD    3039       0       0
    5999974                    26                    26             5.0751205E-03         1.0000000E+30           1829152       
 NEXT SEEDS:2BB6D965      4D       0       0       0       0   181CD    3039       0       0
    5999975                    25                    25             5.0751216E-03         1.0000000E+30           1829152       
 NEXT SEEDS:2BB70B8D      4D       0       0       0       0   181CD    3039       0       0
    5999976                    24                    24             5.0751227E-03         1.0000000E+30           1829152       
 NEXT SEEDS:2BB740C0      4D       0       0       0       0   181CD    3039       0       0
    5999977                    23                    23             5.0751241E-03         1.0000000E+30           1829153       
 NEXT SEEDS:2BB76F75      4D       0       0       0       0   181CD    3039       0       0
    5999978                    22                    22             5.0751252E-03         1.0000000E+30           1829153       
 NEXT SEEDS:2BB79DF6      4D       0       0       0       0   181CD    3039       0       0
    5999979                    21                    21             5.0751263E-03         1.0000000E+30           1829154       
 NEXT SEEDS:2BB7CC0D      4D       0       0       0       0   181CD    3039       0       0
    5999980                    20                    20             5.0751271E-03         1.0000000E+30           1829154       
 NEXT SEEDS:2BB7F84D      4D       0       0       0       0   181CD    3039       0       0
    5999981                    19                    19             5.0751282E-03         1.0000000E+30           1829154       
 NEXT SEEDS:2BB825BD      4D       0       0       0       0   181CD    3039       0       0
    5999982                    18                    18             5.0751309E-03         1.0000000E+30           1829155       
 NEXT SEEDS:2BB8889E      4D       0       0       0       0   181CD    3039       0       0
    5999983                    17                    17             5.0751321E-03         1.0000000E+30           1829155       
 NEXT SEEDS:2BB8B7F6      4D       0       0       0       0   181CD    3039       0       0
    5999984                    16                    16             5.0751335E-03         1.0000000E+30           1829156       
 NEXT SEEDS:2BB8ED58      4D       0       0       0       0   181CD    3039       0       0
    5999985                    15                    15             5.0751352E-03         1.0000000E+30           1829157       
 NEXT SEEDS:2BB92CBC      4D       0       0       0       0   181CD    3039       0       0
    5999986                    14                    14             5.0751364E-03         1.0000000E+30           1829157       
 NEXT SEEDS:2BB95D64      4D       0       0       0       0   181CD    3039       0       0
    5999987                    13                    13             5.0751381E-03         1.0000000E+30           1829158       
 NEXT SEEDS:2BB99DAA      4D       0       0       0       0   181CD    3039       0       0
    5999988                    12                    12             5.0751395E-03         1.0000000E+30           1829159       
 NEXT SEEDS:2BB9D21C      4D       0       0       0       0   181CD    3039       0       0
    5999989                    11                    11             5.0751410E-03         1.0000000E+30           1829159       
 NEXT SEEDS:2BBA09A3      4D       0       0       0       0   181CD    3039       0       0
    5999990                    10                    10             5.0751418E-03         1.0000000E+30           1829159       
 NEXT SEEDS:2BBA3930      4D       0       0       0       0   181CD    3039       0       0
    5999991                     9                     9             5.0751435E-03         1.0000000E+30           1829159       
 NEXT SEEDS:2BBA7445      4D       0       0       0       0   181CD    3039       0       0
    5999992                     8                     8             5.0751446E-03         1.0000000E+30           1829159       
 NEXT SEEDS:2BBAAA27      4D       0       0       0       0   181CD    3039       0       0
    5999993                     7                     7             5.0751457E-03         1.0000000E+30           1829159       
 NEXT SEEDS:2BBADA47      4D       0       0       0       0   181CD    3039       0       0
    5999994                     6                     6             5.0751468E-03         1.0000000E+30           1829159       
 NEXT SEEDS:2BBB05EB      4D       0       0       0       0   181CD    3039       0       0
    5999995                     5                     5             5.0751479E-03         1.0000000E+30           1829159       
 NEXT SEEDS:2BBB3462      4D       0       0       0       0   181CD    3039       0       0
    5999996                     4                     4             5.0751491E-03         1.0000000E+30           1829159       
 NEXT SEEDS:2BBB669C      4D       0       0       0       0   181CD    3039       0       0
    5999997                     3                     3             5.0751498E-03         1.0000000E+30           1829159       
 NEXT SEEDS:2BBB9D22      4D       0       0       0       0   181CD    3039       0       0
    5999998                     2                     2             5.0751506E-03         1.0000000E+30           1829160       
 NEXT SEEDS:2BBBBEAA      4D       0       0       0       0   181CD    3039       0       0
    5999999                     1                     1             5.0751517E-03         1.0000000E+30           1829161       
 NEXT SEEDS:2BBBF097      4D       0       0       0       0   181CD    3039       0       0
    6000000                     0                     1             5.0751532E-03         1.0000000E+30           1829161       
 NEXT SEEDS:2BBC25D0      4D       0       0       0       0   181CD    3039       0       0
