1NUMBER OF BEAM       NUMBER OF BEAM        APPROXIMATE NUMBER    AVERAGE TIME USED     TIME LEFT (RESERVED   NUMBER OF STARS
 PARTICLES HANDLED    PARTICLES LEFT        OF BEAM PARTICLES     BY A BEAM PARTICLE     10000.0 SECONDS      CREATED
                                            THAT CAN STILL BE                           FOR PRINTOUT)
                                            HANDLED

 NEXT SEEDS:       0       0       0       0       0       0   181CD    3039       0       0
          1              24999999              24999999             1.0368824E-03         1.0000000E+30                 0       
 NEXT SEEDS:     2D3       0       0       0       0       0   181CD    3039       0       0
     500000              24500000              24500000             2.2929510E-04         1.0000000E+30             12835       
 NEXT SEEDS:2252414B       0       0       0       0       0   181CD    3039       0       0
    1000000              24000000              24000000             2.2773820E-04         1.0000000E+30             25721       
 NEXT SEEDS: 913395E       1       0       0       0       0   181CD    3039       0       0
    1500000              23500000              23500000             2.2940674E-04         1.0000000E+30             38678       
 NEXT SEEDS:2B72BA89       1       0       0       0       0   181CD    3039       0       0
    2000000              23000000              23000000             2.2860271E-04         1.0000000E+30             51624       
 NEXT SEEDS:121C35E8       2       0       0       0       0   181CD    3039       0       0
    2500000              22500000              22500000             2.2915661E-04         1.0000000E+30             64497       
 NEXT SEEDS:3455B6A3       2       0       0       0       0   181CD    3039       0       0
    3000000              22000000              22000000             2.2884409E-04         1.0000000E+30             77236       
 NEXT SEEDS:1AF7DD11       3       0       0       0       0   181CD    3039       0       0
    3500000              21500000              21500000             2.2847771E-04         1.0000000E+30             90252       
 NEXT SEEDS: 1A78DE9       4       0       0       0       0   181CD    3039       0       0
    4000000              21000000              21000000             2.2892437E-04         1.0000000E+30            103022       
 NEXT SEEDS:23D922F8       4       0       0       0       0   181CD    3039       0       0
    4500000              20500000              20500000             2.2866151E-04         1.0000000E+30            116133       
 NEXT SEEDS: AB45528       5       0       0       0       0   181CD    3039       0       0
    5000000              20000000              20000000             2.2901127E-04         1.0000000E+30            129004       
 NEXT SEEDS:2CF22C13       5       0       0       0       0   181CD    3039       0       0
    5500000              19500000              19500000             2.2874225E-04         1.0000000E+30            141790       
 NEXT SEEDS:13AC1B6A       6       0       0       0       0   181CD    3039       0       0
 COUSET, TXYZ:  0.999999999983827     -0.797699368330407      0.603055318965784    
 COUSET, TXYZ:   1.00000000056108     -0.363762960869894      0.931491550912478    
    6000000              19000000              19000000             2.2844637E-04         1.0000000E+30            154683       
 NEXT SEEDS:35E93490       6       0       0       0       0   181CD    3039       0       0
 COUSET, TXYZ:   1.00000000000510      0.115089183646011      0.993355162979431    
    6500000              18500000              18500000             2.2868297E-04         1.0000000E+30            167576       
 NEXT SEEDS:1C874194       7       0       0       0       0   181CD    3039       0       0
    7000000              18000000              18000000             2.2847917E-04         1.0000000E+30            180561       
 NEXT SEEDS: 350E019       8       0       0       0       0   181CD    3039       0       0
    7500000              17500000              17500000             2.2868177E-04         1.0000000E+30            193635       
 NEXT SEEDS:25ABDEC3       8       0       0       0       0   181CD    3039       0       0
    8000000              17000000              17000000             2.2858838E-04         1.0000000E+30            206416       
 NEXT SEEDS: C4AAA76       9       0       0       0       0   181CD    3039       0       0
    8500000              16500000              16500000             2.2846954E-04         1.0000000E+30            219491       
 NEXT SEEDS:2EAD7D23       9       0       0       0       0   181CD    3039       0       0
    9000000              16000000              16000000             2.2870206E-04         1.0000000E+30            232486       
 NEXT SEEDS:157A12F8       A       0       0       0       0   181CD    3039       0       0
    9500000              15500000              15500000             2.2860107E-04         1.0000000E+30            245600       
 NEXT SEEDS:37E73E2F       A       0       0       0       0   181CD    3039       0       0
   10000000              15000000              15000000             2.2879699E-04         1.0000000E+30            258625       
 NEXT SEEDS:1EA2BCD9       B       0       0       0       0   181CD    3039       0       0
   10500000              14500000              14500000             2.2866573E-04         1.0000000E+30            271834       
 NEXT SEEDS: 55C934D       C       0       0       0       0   181CD    3039       0       0
   11000000              14000000              14000000             2.2868095E-04         1.0000000E+30            284627       
 NEXT SEEDS:27AD475D       C       0       0       0       0   181CD    3039       0       0
   11500000              13500000              13500000             2.2870408E-04         1.0000000E+30            297648       
 NEXT SEEDS: E5C6FA6       D       0       0       0       0   181CD    3039       0       0
   12000000              13000000              13000000             2.2859544E-04         1.0000000E+30            310654       
 NEXT SEEDS:30B8D01A       D       0       0       0       0   181CD    3039       0       0
   12500000              12500000              12500000             2.2876174E-04         1.0000000E+30            323435       
 NEXT SEEDS:176F07A9       E       0       0       0       0   181CD    3039       0       0
   13000000              12000000              12000000             2.2865204E-04         1.0000000E+30            336146       
 NEXT SEEDS:39A68C24       E       0       0       0       0   181CD    3039       0       0
   13500000              11500000              11500000             2.2879966E-04         1.0000000E+30            349044       
 NEXT SEEDS:20644232       F       0       0       0       0   181CD    3039       0       0
   14000000              11000000              11000000             2.2869721E-04         1.0000000E+30            362021       
 NEXT SEEDS: 727E682      10       0       0       0       0   181CD    3039       0       0
   14500000              10500000              10500000             2.2874222E-04         1.0000000E+30            374947       
 NEXT SEEDS:2976F579      10       0       0       0       0   181CD    3039       0       0
   15000000              10000000              10000000             2.2871170E-04         1.0000000E+30            387792       
 NEXT SEEDS:101853AE      11       0       0       0       0   181CD    3039       0       0
   15500000               9500000               9500000             2.2862489E-04         1.0000000E+30            400756       
 NEXT SEEDS:3276D589      11       0       0       0       0   181CD    3039       0       0
   16000000               9000000               9000000             2.2877313E-04         1.0000000E+30            413962       
 NEXT SEEDS:195434ED      12       0       0       0       0   181CD    3039       0       0
   16500000               8500000               8500000             2.2868546E-04         1.0000000E+30            426954       
 NEXT SEEDS:   D52EF      13       0       0       0       0   181CD    3039       0       0
 COUSET, TXYZ:   1.00000000009111     -0.222597213867191      0.974910498743750    
   17000000               8000000               8000000             2.2879662E-04         1.0000000E+30            439915       
 NEXT SEEDS:22549A5F      13       0       0       0       0   181CD    3039       0       0
   17500000               7500000               7500000             2.2871346E-04         1.0000000E+30            452712       
 NEXT SEEDS: 8FB174F      14       0       0       0       0   181CD    3039       0       0
   18000000               7000000               7000000             2.2874847E-04         1.0000000E+30            465646       
 NEXT SEEDS:2B646757      14       0       0       0       0   181CD    3039       0       0
   18500000               6500000               6500000             2.2873784E-04         1.0000000E+30            478644       
 NEXT SEEDS:1224B558      15       0       0       0       0   181CD    3039       0       0
   19000000               6000000               6000000             2.2869445E-04         1.0000000E+30            491631       
 NEXT SEEDS:346BC136      15       0       0       0       0   181CD    3039       0       0
   19500000               5500000               5500000             2.2877901E-04         1.0000000E+30            504524       
 NEXT SEEDS:1B15AA2E      16       0       0       0       0   181CD    3039       0       0
   20000000               5000000               5000000             2.2872438E-04         1.0000000E+30            517505       
 NEXT SEEDS: 1D64417      17       0       0       0       0   181CD    3039       0       0
   20500000               4500000               4500000             2.2882130E-04         1.0000000E+30            530279       
 NEXT SEEDS:2445E175      17       0       0       0       0   181CD    3039       0       0
   21000000               4000000               4000000             2.2877812E-04         1.0000000E+30            543330       
 NEXT SEEDS: B068DAA      18       0       0       0       0   181CD    3039       0       0
   21500000               3500000               3500000             2.2886936E-04         1.0000000E+30            556058       
 NEXT SEEDS:2D409517      18       0       0       0       0   181CD    3039       0       0
   22000000               3000000               3000000             2.2881706E-04         1.0000000E+30            568985       
 NEXT SEEDS:13F2CE6E      19       0       0       0       0   181CD    3039       0       0
   22500000               2500000               2500000             2.2889645E-04         1.0000000E+30            582002       
 NEXT SEEDS:362DEEFD      19       0       0       0       0   181CD    3039       0       0
   23000000               2000000               2000000             2.2884045E-04         1.0000000E+30            594906       
 NEXT SEEDS:1CC88111      1A       0       0       0       0   181CD    3039       0       0
   23500000               1500000               1500000             2.2973995E-04         1.0000000E+30            608053       
 NEXT SEEDS: 38B03F2      1B       0       0       0       0   181CD    3039       0       0
