1NUMBER OF BEAM       NUMBER OF BEAM        APPROXIMATE NUMBER    AVERAGE TIME USED     TIME LEFT (RESERVED   NUMBER OF STARS
 PARTICLES HANDLED    PARTICLES LEFT        OF BEAM PARTICLES     BY A BEAM PARTICLE     10000.0 SECONDS      CREATED
                                            THAT CAN STILL BE                           FOR PRINTOUT)
                                            HANDLED

 NEXT SEEDS:       0       0       0       0       0       0   181CD    3039       0       0
          1               9999999               9999999             3.8504601E-04         1.0000000E+30                 0       
 NEXT SEEDS:     817       0       0       0       0       0   181CD    3039       0       0
     200000               9800000               9800000             4.3162573E-04         1.0000000E+30             13529       
 NEXT SEEDS:1FBEFBD4       0       0       0       0       0   181CD    3039       0       0
     400000               9600000               9600000             4.4384000E-04         1.0000000E+30             27218       
 NEXT SEEDS: 3EDB570       1       0       0       0       0   181CD    3039       0       0
     600000               9400000               9400000             4.4521683E-04         1.0000000E+30             40529       
 NEXT SEEDS:23B14E32       1       0       0       0       0   181CD    3039       0       0
     800000               9200000               9200000             4.4553963E-04         1.0000000E+30             53750       
 NEXT SEEDS: 7CAE48C       2       0       0       0       0   181CD    3039       0       0
    1000000               9000000               9000000             4.4190244E-04         1.0000000E+30             67243       
 NEXT SEEDS:278A9215       2       0       0       0       0   181CD    3039       0       0
    1200000               8800000               8800000             4.4096657E-04         1.0000000E+30             80705       
 NEXT SEEDS: BD63E4F       3       0       0       0       0   181CD    3039       0       0
    1400000               8600000               8600000             4.4205660E-04         1.0000000E+30             94038       
 NEXT SEEDS:2B89F0B6       3       0       0       0       0   181CD    3039       0       0
    1600000               8400000               8400000             4.4279410E-04         1.0000000E+30            107616       
 NEXT SEEDS: FCADC6A       4       0       0       0       0   181CD    3039       0       0
    1800000               8200000               8200000             4.4738195E-04         1.0000000E+30            121048       
 NEXT SEEDS:2F9C4113       4       0       0       0       0   181CD    3039       0       0
    2000000               8000000               8000000             4.5019594E-04         1.0000000E+30            134428       
 NEXT SEEDS:13C6F35E       5       0       0       0       0   181CD    3039       0       0
    2200000               7800000               7800000             4.5120221E-04         1.0000000E+30            147929       
 NEXT SEEDS:3386A706       5       0       0       0       0   181CD    3039       0       0
 COUSET, TXYZ:  0.999999999994288     -0.847142097842526      0.531366414116982    
    2400000               7600000               7600000             4.5174976E-04         1.0000000E+30            161522       
 NEXT SEEDS:17C7C5A4       6       0       0       0       0   181CD    3039       0       0
    2600000               7400000               7400000             4.5340608E-04         1.0000000E+30            175080       
 NEXT SEEDS:37AE2FBD       6       0       0       0       0   181CD    3039       0       0
    2800000               7200000               7200000             4.5372305E-04         1.0000000E+30            188714       
 NEXT SEEDS:1BF711D0       7       0       0       0       0   181CD    3039       0       0
    3000000               7000000               7000000             4.5309097E-04         1.0000000E+30            202217       
 NEXT SEEDS:  2E4A69       8       0       0       0       0   181CD    3039       0       0
    3200000               6800000               6800000             4.5227519E-04         1.0000000E+30            215579       
 NEXT SEEDS:1FE9CC9A       8       0       0       0       0   181CD    3039       0       0
    3400000               6600000               6600000             4.5156080E-04         1.0000000E+30            229155       
 NEXT SEEDS: 4128E66       9       0       0       0       0   181CD    3039       0       0
    3600000               6400000               6400000             4.5093522E-04         1.0000000E+30            242473       
 NEXT SEEDS:23CD020F       9       0       0       0       0   181CD    3039       0       0
    3800000               6200000               6200000             4.5035766E-04         1.0000000E+30            255752       
 NEXT SEEDS: 7ECE3B0       A       0       0       0       0   181CD    3039       0       0
    4000000               6000000               6000000             4.4963039E-04         1.0000000E+30            269204       
 NEXT SEEDS:27A8B523       A       0       0       0       0   181CD    3039       0       0
    4200000               5800000               5800000             4.5089489E-04         1.0000000E+30            282800       
 NEXT SEEDS: BF960E0       B       0       0       0       0   181CD    3039       0       0
    4400000               5600000               5600000             4.5139309E-04         1.0000000E+30            296232       
 NEXT SEEDS:2BAF2DFC       B       0       0       0       0   181CD    3039       0       0
    4600000               5400000               5400000             4.5136585E-04         1.0000000E+30            309976       
 NEXT SEEDS: FFF8927       C       0       0       0       0   181CD    3039       0       0
    4800000               5200000               5200000             4.5181401E-04         1.0000000E+30            323720       
 NEXT SEEDS:2FE880BD       C       0       0       0       0   181CD    3039       0       0
    5000000               5000000               5000000             4.5113964E-04         1.0000000E+30            337067       
 NEXT SEEDS:14032061       D       0       0       0       0   181CD    3039       0       0
    5200000               4800000               4800000             4.5126657E-04         1.0000000E+30            350488       
 NEXT SEEDS:33CCF9F8       D       0       0       0       0   181CD    3039       0       0
    5400000               4600000               4600000             4.5282330E-04         1.0000000E+30            364276       
 NEXT SEEDS:18248826       E       0       0       0       0   181CD    3039       0       0
    5600000               4400000               4400000             4.5406733E-04         1.0000000E+30            377738       
 NEXT SEEDS:37F0CF1D       E       0       0       0       0   181CD    3039       0       0
    5800000               4200000               4200000             4.5504226E-04         1.0000000E+30            391427       
 NEXT SEEDS:1C2DBE00       F       0       0       0       0   181CD    3039       0       0
    6000000               4000000               4000000             4.5512524E-04         1.0000000E+30            404906       
 NEXT SEEDS:  620AB8      10       0       0       0       0   181CD    3039       0       0
    6200000               3800000               3800000             4.5456554E-04         1.0000000E+30            418555       
 NEXT SEEDS:2032C341      10       0       0       0       0   181CD    3039       0       0
    6400000               3600000               3600000             4.5452316E-04         1.0000000E+30            432038       
 NEXT SEEDS: 469D61A      11       0       0       0       0   181CD    3039       0       0
 COUSET, TXYZ:  0.999999999882082      0.988085029805697      0.153908978419194    
    6600000               3400000               3400000             4.5441731E-04         1.0000000E+30            445523       
 NEXT SEEDS:243598CB      11       0       0       0       0   181CD    3039       0       0
    6800000               3200000               3200000             4.5411039E-04         1.0000000E+30            458896       
 NEXT SEEDS: 86CB18F      12       0       0       0       0   181CD    3039       0       0
    7000000               3000000               3000000             4.5425711E-04         1.0000000E+30            472363       
 NEXT SEEDS:2844B17D      12       0       0       0       0   181CD    3039       0       0
    7200000               2800000               2800000             4.5406222E-04         1.0000000E+30            485854       
 NEXT SEEDS: C7B2923      13       0       0       0       0   181CD    3039       0       0
    7400000               2600000               2600000             4.5343931E-04         1.0000000E+30            499270       
 NEXT SEEDS:2C371D6E      13       0       0       0       0   181CD    3039       0       0
    7600000               2400000               2400000             4.5336078E-04         1.0000000E+30            512764       
 NEXT SEEDS:107023FA      14       0       0       0       0   181CD    3039       0       0
    7800000               2200000               2200000             4.5301642E-04         1.0000000E+30            526021       
 NEXT SEEDS:303497EA      14       0       0       0       0   181CD    3039       0       0
    8000000               2000000               2000000             4.5276101E-04         1.0000000E+30            539706       
 NEXT SEEDS:146CBE4F      15       0       0       0       0   181CD    3039       0       0
    8200000               1800000               1800000             4.5280514E-04         1.0000000E+30            553274       
 NEXT SEEDS:343C54D1      15       0       0       0       0   181CD    3039       0       0
    8400000               1600000               1600000             4.5273414E-04         1.0000000E+30            566627       
 NEXT SEEDS:18674E23      16       0       0       0       0   181CD    3039       0       0
    8600000               1400000               1400000             4.5310578E-04         1.0000000E+30            580328       
 NEXT SEEDS:38469893      16       0       0       0       0   181CD    3039       0       0
    8800000               1200000               1200000             4.5287520E-04         1.0000000E+30            593951       
 NEXT SEEDS:1C9F7E63      17       0       0       0       0   181CD    3039       0       0
    9000000               1000000               1000000             4.5235069E-04         1.0000000E+30            607499       
 NEXT SEEDS:  E65203      18       0       0       0       0   181CD    3039       0       0
 COUSET, TXYZ:  0.999999999973968      0.868425276755600      0.495820066798327    
    9200000                800000                800000             4.5204205E-04         1.0000000E+30            621086       
 NEXT SEEDS:20BF9A03      18       0       0       0       0   181CD    3039       0       0
    9400000                600000                600000             4.5157935E-04         1.0000000E+30            634708       
 NEXT SEEDS: 4FDD4FA      19       0       0       0       0   181CD    3039       0       0
    9600000                400000                400000             4.5119214E-04         1.0000000E+30            648294       
 NEXT SEEDS:24E0D8D5      19       0       0       0       0   181CD    3039       0       0
    9800000                200000                200000             4.5077624E-04         1.0000000E+30            662029       
 NEXT SEEDS: 91AA425      1A       0       0       0       0   181CD    3039       0       0
    9999950                    50                    50             4.5065984E-04         1.0000000E+30            675421       
 NEXT SEEDS:28DD1E3F      1A       0       0       0       0   181CD    3039       0       0
    9999951                    49                    49             4.5065990E-04         1.0000000E+30            675421       
 NEXT SEEDS:28DD2469      1A       0       0       0       0   181CD    3039       0       0
    9999952                    48                    48             4.5066005E-04         1.0000000E+30            675422       
 NEXT SEEDS:28DD4587      1A       0       0       0       0   181CD    3039       0       0
    9999953                    47                    47             4.5066005E-04         1.0000000E+30            675422       
 NEXT SEEDS:28DD538C      1A       0       0       0       0   181CD    3039       0       0
    9999954                    46                    46             4.5066005E-04         1.0000000E+30            675422       
 NEXT SEEDS:28DD5EA0      1A       0       0       0       0   181CD    3039       0       0
    9999955                    45                    45             4.5066006E-04         1.0000000E+30            675422       
 NEXT SEEDS:28DD694E      1A       0       0       0       0   181CD    3039       0       0
    9999956                    44                    44             4.5066006E-04         1.0000000E+30            675422       
 NEXT SEEDS:28DD7342      1A       0       0       0       0   181CD    3039       0       0
    9999957                    43                    43             4.5066007E-04         1.0000000E+30            675422       
 NEXT SEEDS:28DD7E84      1A       0       0       0       0   181CD    3039       0       0
    9999958                    42                    42             4.5066012E-04         1.0000000E+30            675422       
 NEXT SEEDS:28DD8B24      1A       0       0       0       0   181CD    3039       0       0
    9999959                    41                    41             4.5066007E-04         1.0000000E+30            675422       
 NEXT SEEDS:28DD93E6      1A       0       0       0       0   181CD    3039       0       0
    9999960                    40                    40             4.5066008E-04         1.0000000E+30            675422       
 NEXT SEEDS:28DD9BA2      1A       0       0       0       0   181CD    3039       0       0
    9999961                    39                    39             4.5066008E-04         1.0000000E+30            675422       
 NEXT SEEDS:28DDA86C      1A       0       0       0       0   181CD    3039       0       0
    9999962                    38                    38             4.5066008E-04         1.0000000E+30            675422       
 NEXT SEEDS:28DDB08E      1A       0       0       0       0   181CD    3039       0       0
    9999963                    37                    37             4.5066009E-04         1.0000000E+30            675422       
 NEXT SEEDS:28DDBD47      1A       0       0       0       0   181CD    3039       0       0
    9999964                    36                    36             4.5066014E-04         1.0000000E+30            675422       
 NEXT SEEDS:28DDCAA1      1A       0       0       0       0   181CD    3039       0       0
    9999965                    35                    35             4.5066014E-04         1.0000000E+30            675422       
 NEXT SEEDS:28DDD2FE      1A       0       0       0       0   181CD    3039       0       0
    9999966                    34                    34             4.5066015E-04         1.0000000E+30            675423       
 NEXT SEEDS:28DDD9A4      1A       0       0       0       0   181CD    3039       0       0
    9999967                    33                    33             4.5066015E-04         1.0000000E+30            675423       
 NEXT SEEDS:28DDDF89      1A       0       0       0       0   181CD    3039       0       0
    9999968                    32                    32             4.5066016E-04         1.0000000E+30            675423       
 NEXT SEEDS:28DDE963      1A       0       0       0       0   181CD    3039       0       0
    9999969                    31                    31             4.5066016E-04         1.0000000E+30            675423       
 NEXT SEEDS:28DDF27D      1A       0       0       0       0   181CD    3039       0       0
    9999970                    30                    30             4.5066016E-04         1.0000000E+30            675423       
 NEXT SEEDS:28DDF856      1A       0       0       0       0   181CD    3039       0       0
    9999971                    29                    29             4.5066017E-04         1.0000000E+30            675423       
 NEXT SEEDS:28DE01A2      1A       0       0       0       0   181CD    3039       0       0
    9999972                    28                    28             4.5066017E-04         1.0000000E+30            675423       
 NEXT SEEDS:28DE0D03      1A       0       0       0       0   181CD    3039       0       0
    9999973                    27                    27             4.5066017E-04         1.0000000E+30            675423       
 NEXT SEEDS:28DE190E      1A       0       0       0       0   181CD    3039       0       0
    9999974                    26                    26             4.5066018E-04         1.0000000E+30            675423       
 NEXT SEEDS:28DE2179      1A       0       0       0       0   181CD    3039       0       0
    9999975                    25                    25             4.5066018E-04         1.0000000E+30            675423       
 NEXT SEEDS:28DE2836      1A       0       0       0       0   181CD    3039       0       0
    9999976                    24                    24             4.5066014E-04         1.0000000E+30            675423       
 NEXT SEEDS:28DE3017      1A       0       0       0       0   181CD    3039       0       0
    9999977                    23                    23             4.5066019E-04         1.0000000E+30            675423       
 NEXT SEEDS:28DE3BD5      1A       0       0       0       0   181CD    3039       0       0
    9999978                    22                    22             4.5066019E-04         1.0000000E+30            675423       
 NEXT SEEDS:28DE3FB6      1A       0       0       0       0   181CD    3039       0       0
    9999979                    21                    21             4.5066025E-04         1.0000000E+30            675423       
 NEXT SEEDS:28DE4C44      1A       0       0       0       0   181CD    3039       0       0
    9999980                    20                    20             4.5066025E-04         1.0000000E+30            675423       
 NEXT SEEDS:28DE5408      1A       0       0       0       0   181CD    3039       0       0
    9999981                    19                    19             4.5066030E-04         1.0000000E+30            675423       
 NEXT SEEDS:28DE6026      1A       0       0       0       0   181CD    3039       0       0
    9999982                    18                    18             4.5066031E-04         1.0000000E+30            675423       
 NEXT SEEDS:28DE69FC      1A       0       0       0       0   181CD    3039       0       0
    9999983                    17                    17             4.5066031E-04         1.0000000E+30            675423       
 NEXT SEEDS:28DE70DB      1A       0       0       0       0   181CD    3039       0       0
    9999984                    16                    16             4.5066031E-04         1.0000000E+30            675423       
 NEXT SEEDS:28DE7790      1A       0       0       0       0   181CD    3039       0       0
    9999985                    15                    15             4.5066032E-04         1.0000000E+30            675423       
 NEXT SEEDS:28DE80F5      1A       0       0       0       0   181CD    3039       0       0
    9999986                    14                    14             4.5066032E-04         1.0000000E+30            675423       
 NEXT SEEDS:28DE8AA1      1A       0       0       0       0   181CD    3039       0       0
    9999987                    13                    13             4.5066032E-04         1.0000000E+30            675423       
 NEXT SEEDS:28DE9009      1A       0       0       0       0   181CD    3039       0       0
    9999988                    12                    12             4.5066033E-04         1.0000000E+30            675423       
 NEXT SEEDS:28DEA255      1A       0       0       0       0   181CD    3039       0       0
    9999989                    11                    11             4.5066033E-04         1.0000000E+30            675423       
 NEXT SEEDS:28DEAB11      1A       0       0       0       0   181CD    3039       0       0
    9999990                    10                    10             4.5066038E-04         1.0000000E+30            675423       
 NEXT SEEDS:28DEB6A5      1A       0       0       0       0   181CD    3039       0       0
    9999991                     9                     9             4.5066044E-04         1.0000000E+30            675424       
 NEXT SEEDS:28DECCA9      1A       0       0       0       0   181CD    3039       0       0
    9999992                     8                     8             4.5066059E-04         1.0000000E+30            675425       
 NEXT SEEDS:28DEF57F      1A       0       0       0       0   181CD    3039       0       0
    9999993                     7                     7             4.5066054E-04         1.0000000E+30            675425       
 NEXT SEEDS:28DEFC58      1A       0       0       0       0   181CD    3039       0       0
    9999994                     6                     6             4.5066055E-04         1.0000000E+30            675425       
 NEXT SEEDS:28DF0654      1A       0       0       0       0   181CD    3039       0       0
    9999995                     5                     5             4.5066055E-04         1.0000000E+30            675425       
 NEXT SEEDS:28DF0F27      1A       0       0       0       0   181CD    3039       0       0
    9999996                     4                     4             4.5066060E-04         1.0000000E+30            675425       
 NEXT SEEDS:28DF1A6D      1A       0       0       0       0   181CD    3039       0       0
    9999997                     3                     3             4.5066061E-04         1.0000000E+30            675425       
 NEXT SEEDS:28DF209B      1A       0       0       0       0   181CD    3039       0       0
    9999998                     2                     2             4.5066061E-04         1.0000000E+30            675425       
 NEXT SEEDS:28DF2BB6      1A       0       0       0       0   181CD    3039       0       0
    9999999                     1                     1             4.5066056E-04         1.0000000E+30            675425       
 NEXT SEEDS:28DF324B      1A       0       0       0       0   181CD    3039       0       0
   10000000                     0                     1             4.5066057E-04         1.0000000E+30            675425       
 NEXT SEEDS:28DF3BC9      1A       0       0       0       0   181CD    3039       0       0
