1NUMBER OF BEAM       NUMBER OF BEAM        APPROXIMATE NUMBER    AVERAGE TIME USED     TIME LEFT (RESERVED   NUMBER OF STARS
 PARTICLES HANDLED    PARTICLES LEFT        OF BEAM PARTICLES     BY A BEAM PARTICLE     10000.0 SECONDS      CREATED
                                            THAT CAN STILL BE                           FOR PRINTOUT)
                                            HANDLED

 NEXT SEEDS:       0       0       0       0       0       0   181CD    3039       0       0
          1               9999999               9999999             1.8501282E-04         1.0000000E+30                 0       
 NEXT SEEDS:     18F       0       0       0       0       0   181CD    3039       0       0
     200000               9800000               9800000             1.2566592E-04         1.0000000E+30              2574       
 NEXT SEEDS: 72F414F       0       0       0       0       0   181CD    3039       0       0
     400000               9600000               9600000             1.2546661E-04         1.0000000E+30              5067       
 NEXT SEEDS: E57CBB8       0       0       0       0       0   181CD    3039       0       0
     600000               9400000               9400000             1.2831679E-04         1.0000000E+30              7545       
 NEXT SEEDS:157BC7A2       0       0       0       0       0   181CD    3039       0       0
     800000               9200000               9200000             1.2634320E-04         1.0000000E+30             10046       
 NEXT SEEDS:1CABEAF2       0       0       0       0       0   181CD    3039       0       0
    1000000               9000000               9000000             1.2867131E-04         1.0000000E+30             12599       
 NEXT SEEDS:23D54126       0       0       0       0       0   181CD    3039       0       0
    1200000               8800000               8800000             1.2820038E-04         1.0000000E+30             15171       
 NEXT SEEDS:2B004259       0       0       0       0       0   181CD    3039       0       0
    1400000               8600000               8600000             1.2776354E-04         1.0000000E+30             17640       
 NEXT SEEDS:3226CEAF       0       0       0       0       0   181CD    3039       0       0
    1600000               8400000               8400000             1.2956699E-04         1.0000000E+30             20193       
 NEXT SEEDS:3956A3B5       0       0       0       0       0   181CD    3039       0       0
    1800000               8200000               8200000             1.2912820E-04         1.0000000E+30             22722       
 NEXT SEEDS: 4F3A1F5       1       0       0       0       0   181CD    3039       0       0
    2000000               8000000               8000000             1.2880489E-04         1.0000000E+30             25330       
 NEXT SEEDS: C29BAC5       1       0       0       0       0   181CD    3039       0       0
    2200000               7800000               7800000             1.2998953E-04         1.0000000E+30             27962       
 NEXT SEEDS:1366E62F       1       0       0       0       0   181CD    3039       0       0
    2400000               7600000               7600000             1.2968707E-04         1.0000000E+30             30527       
 NEXT SEEDS:1AA092B8       1       0       0       0       0   181CD    3039       0       0
    2600000               7400000               7400000             1.2934139E-04         1.0000000E+30             33055       
 NEXT SEEDS:21C9A195       1       0       0       0       0   181CD    3039       0       0
    2800000               7200000               7200000             1.3020532E-04         1.0000000E+30             35626       
 NEXT SEEDS:28F93727       1       0       0       0       0   181CD    3039       0       0
    3000000               7000000               7000000             1.2990043E-04         1.0000000E+30             38218       
 NEXT SEEDS:3030FCA1       1       0       0       0       0   181CD    3039       0       0
    3200000               6800000               6800000             1.2962532E-04         1.0000000E+30             40809       
 NEXT SEEDS:376316C0       1       0       0       0       0   181CD    3039       0       0
    3400000               6600000               6600000             1.3036898E-04         1.0000000E+30             43394       
 NEXT SEEDS: 300B52D       2       0       0       0       0   181CD    3039       0       0
    3600000               6400000               6400000             1.3009730E-04         1.0000000E+30             46006       
 NEXT SEEDS: A2FF432       2       0       0       0       0   181CD    3039       0       0
    3800000               6200000               6200000             1.2988681E-04         1.0000000E+30             48574       
 NEXT SEEDS:1161CAB6       2       0       0       0       0   181CD    3039       0       0
    4000000               6000000               6000000             1.3049423E-04         1.0000000E+30             51163       
 NEXT SEEDS:18955322       2       0       0       0       0   181CD    3039       0       0
    4200000               5800000               5800000             1.3026362E-04         1.0000000E+30             53718       
 NEXT SEEDS:1FC56227       2       0       0       0       0   181CD    3039       0       0
    4400000               5600000               5600000             1.3007818E-04         1.0000000E+30             56240       
 NEXT SEEDS:270662DF       2       0       0       0       0   181CD    3039       0       0
    4600000               5400000               5400000             1.3059070E-04         1.0000000E+30             58795       
 NEXT SEEDS:2E3FABC8       2       0       0       0       0   181CD    3039       0       0
    4800000               5200000               5200000             1.3037488E-04         1.0000000E+30             61390       
 NEXT SEEDS:35734345       2       0       0       0       0   181CD    3039       0       0
    5000000               5000000               5000000             1.3016985E-04         1.0000000E+30             63915       
 NEXT SEEDS: 1018D5F       3       0       0       0       0   181CD    3039       0       0
    5200000               4800000               4800000             1.3046396E-04         1.0000000E+30             66458       
 NEXT SEEDS: 82B1E35       3       0       0       0       0   181CD    3039       0       0
    5400000               4600000               4600000             1.3044729E-04         1.0000000E+30             68975       
 NEXT SEEDS: F584E9A       3       0       0       0       0   181CD    3039       0       0
    5600000               4400000               4400000             1.3027078E-04         1.0000000E+30             71462       
 NEXT SEEDS:167E239E       3       0       0       0       0   181CD    3039       0       0
    5800000               4200000               4200000             1.3066812E-04         1.0000000E+30             73951       
 NEXT SEEDS:1DA5A9DE       3       0       0       0       0   181CD    3039       0       0
    6000000               4000000               4000000             1.3053948E-04         1.0000000E+30             76580       
 NEXT SEEDS:24F956E7       3       0       0       0       0   181CD    3039       0       0
    6200000               3800000               3800000             1.3037931E-04         1.0000000E+30             79079       
 NEXT SEEDS:2C21CC35       3       0       0       0       0   181CD    3039       0       0
    6400000               3600000               3600000             1.3071034E-04         1.0000000E+30             81597       
 NEXT SEEDS:334CD2C5       3       0       0       0       0   181CD    3039       0       0
    6600000               3400000               3400000             1.3058633E-04         1.0000000E+30             84227       
 NEXT SEEDS:3A8D8564       3       0       0       0       0   181CD    3039       0       0
    6800000               3200000               3200000             1.3044949E-04         1.0000000E+30             86829       
 NEXT SEEDS: 627BA8B       4       0       0       0       0   181CD    3039       0       0
    7000000               3000000               3000000             1.3068332E-04         1.0000000E+30             89348       
 NEXT SEEDS: D55EBDC       4       0       0       0       0   181CD    3039       0       0
    7200000               2800000               2800000             1.3062604E-04         1.0000000E+30             91891       
 NEXT SEEDS:1488D2EE       4       0       0       0       0   181CD    3039       0       0
    7400000               2600000               2600000             1.3047894E-04         1.0000000E+30             94403       
 NEXT SEEDS:1BAE6350       4       0       0       0       0   181CD    3039       0       0
    7600000               2400000               2400000             1.3035037E-04         1.0000000E+30             96922       
 NEXT SEEDS:22D86739       4       0       0       0       0   181CD    3039       0       0
    7800000               2200000               2200000             1.3026653E-04         1.0000000E+30             99504       
 NEXT SEEDS:2A0ACA3F       4       0       0       0       0   181CD    3039       0       0
    8000000               2000000               2000000             1.3051867E-04         1.0000000E+30            102077       
 NEXT SEEDS:313A618B       4       0       0       0       0   181CD    3039       0       0
    8200000               1800000               1800000             1.3040296E-04         1.0000000E+30            104600       
 NEXT SEEDS:3868CB31       4       0       0       0       0   181CD    3039       0       0
    8400000               1600000               1600000             1.3029367E-04         1.0000000E+30            107094       
 NEXT SEEDS: 3F91EB1       5       0       0       0       0   181CD    3039       0       0
    8600000               1400000               1400000             1.3055352E-04         1.0000000E+30            109675       
 NEXT SEEDS: B273836       5       0       0       0       0   181CD    3039       0       0
    8800000               1200000               1200000             1.3042199E-04         1.0000000E+30            112142       
 NEXT SEEDS:1249FA0E       5       0       0       0       0   181CD    3039       0       0
    9000000               1000000               1000000             1.3032890E-04         1.0000000E+30            114698       
 NEXT SEEDS:197A8511       5       0       0       0       0   181CD    3039       0       0
    9200000                800000                800000             1.3058298E-04         1.0000000E+30            117253       
 NEXT SEEDS:20B831A0       5       0       0       0       0   181CD    3039       0       0
    9400000                600000                600000             1.3048664E-04         1.0000000E+30            119841       
 NEXT SEEDS:27ECA643       5       0       0       0       0   181CD    3039       0       0
    9600000                400000                400000             1.3037952E-04         1.0000000E+30            122447       
 NEXT SEEDS:2F1B3D2C       5       0       0       0       0   181CD    3039       0       0
    9800000                200000                200000             1.3073486E-04         1.0000000E+30            124969       
 NEXT SEEDS:36486243       5       0       0       0       0   181CD    3039       0       0
    9999950                    50                    50             1.3065696E-04         1.0000000E+30            127565       
 NEXT SEEDS: 1E2D3CA       6       0       0       0       0   181CD    3039       0       0
    9999951                    49                    49             1.3065697E-04         1.0000000E+30            127565       
 NEXT SEEDS: 1E2D5AE       6       0       0       0       0   181CD    3039       0       0
    9999952                    48                    48             1.3065698E-04         1.0000000E+30            127565       
 NEXT SEEDS: 1E2D79D       6       0       0       0       0   181CD    3039       0       0
    9999953                    47                    47             1.3065698E-04         1.0000000E+30            127565       
 NEXT SEEDS: 1E2D9D2       6       0       0       0       0   181CD    3039       0       0
    9999954                    46                    46             1.3065699E-04         1.0000000E+30            127565       
 NEXT SEEDS: 1E2DD1A       6       0       0       0       0   181CD    3039       0       0
    9999955                    45                    45             1.3065699E-04         1.0000000E+30            127565       
 NEXT SEEDS: 1E2DF81       6       0       0       0       0   181CD    3039       0       0
    9999956                    44                    44             1.3065699E-04         1.0000000E+30            127565       
 NEXT SEEDS: 1E2E00F       6       0       0       0       0   181CD    3039       0       0
    9999957                    43                    43             1.3065699E-04         1.0000000E+30            127565       
 NEXT SEEDS: 1E2E08C       6       0       0       0       0   181CD    3039       0       0
    9999958                    42                    42             1.3065700E-04         1.0000000E+30            127565       
 NEXT SEEDS: 1E2E4F3       6       0       0       0       0   181CD    3039       0       0
    9999959                    41                    41             1.3065700E-04         1.0000000E+30            127565       
 NEXT SEEDS: 1E2E526       6       0       0       0       0   181CD    3039       0       0
    9999960                    40                    40             1.3065700E-04         1.0000000E+30            127565       
 NEXT SEEDS: 1E2E746       6       0       0       0       0   181CD    3039       0       0
    9999961                    39                    39             1.3065701E-04         1.0000000E+30            127565       
 NEXT SEEDS: 1E2EB11       6       0       0       0       0   181CD    3039       0       0
    9999962                    38                    38             1.3065700E-04         1.0000000E+30            127565       
 NEXT SEEDS: 1E2EBD6       6       0       0       0       0   181CD    3039       0       0
    9999963                    37                    37             1.3065699E-04         1.0000000E+30            127565       
 NEXT SEEDS: 1E2EC54       6       0       0       0       0   181CD    3039       0       0
    9999964                    36                    36             1.3065699E-04         1.0000000E+30            127565       
 NEXT SEEDS: 1E2EDC7       6       0       0       0       0   181CD    3039       0       0
    9999965                    35                    35             1.3065700E-04         1.0000000E+30            127565       
 NEXT SEEDS: 1E2F0D2       6       0       0       0       0   181CD    3039       0       0
    9999966                    34                    34             1.3065700E-04         1.0000000E+30            127565       
 NEXT SEEDS: 1E2F3B8       6       0       0       0       0   181CD    3039       0       0
    9999967                    33                    33             1.3065700E-04         1.0000000E+30            127565       
 NEXT SEEDS: 1E2F47B       6       0       0       0       0   181CD    3039       0       0
    9999968                    32                    32             1.3065701E-04         1.0000000E+30            127565       
 NEXT SEEDS: 1E2F82B       6       0       0       0       0   181CD    3039       0       0
    9999969                    31                    31             1.3065701E-04         1.0000000E+30            127565       
 NEXT SEEDS: 1E2F9FF       6       0       0       0       0   181CD    3039       0       0
    9999970                    30                    30             1.3065701E-04         1.0000000E+30            127565       
 NEXT SEEDS: 1E2FAD9       6       0       0       0       0   181CD    3039       0       0
    9999971                    29                    29             1.3065701E-04         1.0000000E+30            127565       
 NEXT SEEDS: 1E2FD88       6       0       0       0       0   181CD    3039       0       0
    9999972                    28                    28             1.3065701E-04         1.0000000E+30            127565       
 NEXT SEEDS: 1E2FEE8       6       0       0       0       0   181CD    3039       0       0
    9999973                    27                    27             1.3065701E-04         1.0000000E+30            127565       
 NEXT SEEDS: 1E3004D       6       0       0       0       0   181CD    3039       0       0
    9999974                    26                    26             1.3065701E-04         1.0000000E+30            127565       
 NEXT SEEDS: 1E301B9       6       0       0       0       0   181CD    3039       0       0
    9999975                    25                    25             1.3065702E-04         1.0000000E+30            127565       
 NEXT SEEDS: 1E3048A       6       0       0       0       0   181CD    3039       0       0
    9999976                    24                    24             1.3065701E-04         1.0000000E+30            127565       
 NEXT SEEDS: 1E30529       6       0       0       0       0   181CD    3039       0       0
    9999977                    23                    23             1.3065702E-04         1.0000000E+30            127565       
 NEXT SEEDS: 1E30713       6       0       0       0       0   181CD    3039       0       0
    9999978                    22                    22             1.3065701E-04         1.0000000E+30            127565       
 NEXT SEEDS: 1E307DC       6       0       0       0       0   181CD    3039       0       0
    9999979                    21                    21             1.3065700E-04         1.0000000E+30            127565       
 NEXT SEEDS: 1E3085A       6       0       0       0       0   181CD    3039       0       0
    9999980                    20                    20             1.3065702E-04         1.0000000E+30            127565       
 NEXT SEEDS: 1E30B2E       6       0       0       0       0   181CD    3039       0       0
    9999981                    19                    19             1.3065700E-04         1.0000000E+30            127565       
 NEXT SEEDS: 1E30BB4       6       0       0       0       0   181CD    3039       0       0
    9999982                    18                    18             1.3065700E-04         1.0000000E+30            127565       
 NEXT SEEDS: 1E30CE6       6       0       0       0       0   181CD    3039       0       0
    9999983                    17                    17             1.3065700E-04         1.0000000E+30            127565       
 NEXT SEEDS: 1E30DBB       6       0       0       0       0   181CD    3039       0       0
    9999984                    16                    16             1.3065700E-04         1.0000000E+30            127565       
 NEXT SEEDS: 1E30ED7       6       0       0       0       0   181CD    3039       0       0
    9999985                    15                    15             1.3065700E-04         1.0000000E+30            127565       
 NEXT SEEDS: 1E310A6       6       0       0       0       0   181CD    3039       0       0
    9999986                    14                    14             1.3065701E-04         1.0000000E+30            127565       
 NEXT SEEDS: 1E31267       6       0       0       0       0   181CD    3039       0       0
    9999987                    13                    13             1.3065701E-04         1.0000000E+30            127565       
 NEXT SEEDS: 1E31321       6       0       0       0       0   181CD    3039       0       0
    9999988                    12                    12             1.3065700E-04         1.0000000E+30            127565       
 NEXT SEEDS: 1E313B8       6       0       0       0       0   181CD    3039       0       0
    9999989                    11                    11             1.3065700E-04         1.0000000E+30            127565       
 NEXT SEEDS: 1E31536       6       0       0       0       0   181CD    3039       0       0
    9999990                    10                    10             1.3065700E-04         1.0000000E+30            127565       
 NEXT SEEDS: 1E31659       6       0       0       0       0   181CD    3039       0       0
    9999991                     9                     9             1.3065699E-04         1.0000000E+30            127565       
 NEXT SEEDS: 1E31719       6       0       0       0       0   181CD    3039       0       0
    9999992                     8                     8             1.3065699E-04         1.0000000E+30            127565       
 NEXT SEEDS: 1E319CC       6       0       0       0       0   181CD    3039       0       0
    9999993                     7                     7             1.3065701E-04         1.0000000E+30            127565       
 NEXT SEEDS: 1E31B83       6       0       0       0       0   181CD    3039       0       0
    9999994                     6                     6             1.3065699E-04         1.0000000E+30            127565       
 NEXT SEEDS: 1E31BFA       6       0       0       0       0   181CD    3039       0       0
    9999995                     5                     5             1.3065699E-04         1.0000000E+30            127565       
 NEXT SEEDS: 1E31C75       6       0       0       0       0   181CD    3039       0       0
    9999996                     4                     4             1.3065699E-04         1.0000000E+30            127565       
 NEXT SEEDS: 1E31DE6       6       0       0       0       0   181CD    3039       0       0
    9999997                     3                     3             1.3065699E-04         1.0000000E+30            127565       
 NEXT SEEDS: 1E31F0D       6       0       0       0       0   181CD    3039       0       0
    9999998                     2                     2             1.3065699E-04         1.0000000E+30            127565       
 NEXT SEEDS: 1E31FC3       6       0       0       0       0   181CD    3039       0       0
    9999999                     1                     1             1.3065699E-04         1.0000000E+30            127565       
 NEXT SEEDS: 1E323B9       6       0       0       0       0   181CD    3039       0       0
   10000000                     0                     1             1.3065700E-04         1.0000000E+30            127565       
 NEXT SEEDS: 1E324F7       6       0       0       0       0   181CD    3039       0       0
