1NUMBER OF BEAM       NUMBER OF BEAM        APPROXIMATE NUMBER    AVERAGE TIME USED     TIME LEFT (RESERVED   NUMBER OF STARS
 PARTICLES HANDLED    PARTICLES LEFT        OF BEAM PARTICLES     BY A BEAM PARTICLE     10000.0 SECONDS      CREATED
                                            THAT CAN STILL BE                           FOR PRINTOUT)
                                            HANDLED

 NEXT SEEDS:       0       0       0       0       0       0   181CD    3039       0       0
          1              24999999              24999999             3.0803680E-04         1.0000000E+30                 0       
 NEXT SEEDS:     3A3       0       0       0       0       0   181CD    3039       0       0
     500000              24500000              24500000             5.2768042E-04         1.0000000E+30             13592       
 NEXT SEEDS:219E3E4C       0       0       0       0       0   181CD    3039       0       0
    1000000              24000000              24000000             5.2522760E-04         1.0000000E+30             27020       
 NEXT SEEDS: 780A90E       1       0       0       0       0   181CD    3039       0       0
    1500000              23500000              23500000             5.2040873E-04         1.0000000E+30             40611       
 NEXT SEEDS:2909FF4B       1       0       0       0       0   181CD    3039       0       0
    2000000              23000000              23000000             5.2456061E-04         1.0000000E+30             54115       
 NEXT SEEDS: EE55B12       2       0       0       0       0   181CD    3039       0       0
    2500000              22500000              22500000             5.2474165E-04         1.0000000E+30             67810       
 NEXT SEEDS:307AA221       2       0       0       0       0   181CD    3039       0       0
    3000000              22000000              22000000             5.2168062E-04         1.0000000E+30             81466       
 NEXT SEEDS:16740F0E       3       0       0       0       0   181CD    3039       0       0
    3500000              21500000              21500000             5.2164896E-04         1.0000000E+30             95253       
 NEXT SEEDS:3808EF53       3       0       0       0       0   181CD    3039       0       0
    4000000              21000000              21000000             5.2225961E-04         1.0000000E+30            108870       
 NEXT SEEDS:1E0142CF       4       0       0       0       0   181CD    3039       0       0
    4500000              20500000              20500000             5.1746172E-04         1.0000000E+30            122473       
 NEXT SEEDS: 3EFFAFC       5       0       0       0       0   181CD    3039       0       0
    5000000              20000000              20000000             5.1704251E-04         1.0000000E+30            135916       
 NEXT SEEDS:255D85C6       5       0       0       0       0   181CD    3039       0       0
    5500000              19500000              19500000             5.1743295E-04         1.0000000E+30            149536       
 NEXT SEEDS: B5E897D       6       0       0       0       0   181CD    3039       0       0
    6000000              19000000              19000000             5.1668565E-04         1.0000000E+30            163198       
 NEXT SEEDS:2CF4EC96       6       0       0       0       0   181CD    3039       0       0
 COUSET, TXYZ:  0.999999999986691     -0.494708538337555      0.869058952010335    
    6500000              18500000              18500000             5.1573792E-04         1.0000000E+30            176784       
 NEXT SEEDS:12CB89BC       7       0       0       0       0   181CD    3039       0       0
    7000000              18000000              18000000             5.1598495E-04         1.0000000E+30            190403       
 NEXT SEEDS:34594FDD       7       0       0       0       0   181CD    3039       0       0
    7500000              17500000              17500000             5.1672883E-04         1.0000000E+30            204156       
 NEXT SEEDS:1A4BDE68       8       0       0       0       0   181CD    3039       0       0
    8000000              17000000              17000000             5.1704433E-04         1.0000000E+30            217653       
 NEXT SEEDS:  218844       9       0       0       0       0   181CD    3039       0       0
    8500000              16500000              16500000             5.1774887E-04         1.0000000E+30            231412       
 NEXT SEEDS:21B8E246       9       0       0       0       0   181CD    3039       0       0
    9000000              16000000              16000000             5.1857846E-04         1.0000000E+30            244944       
 NEXT SEEDS: 7A3500D       A       0       0       0       0   181CD    3039       0       0
    9500000              15500000              15500000             5.1952720E-04         1.0000000E+30            258570       
 NEXT SEEDS:293ADFB2       A       0       0       0       0   181CD    3039       0       0
   10000000              15000000              15000000             5.1971100E-04         1.0000000E+30            272190       
 NEXT SEEDS: F28112F       B       0       0       0       0   181CD    3039       0       0
   10500000              14500000              14500000             5.1986436E-04         1.0000000E+30            285680       
 NEXT SEEDS:30A537D2       B       0       0       0       0   181CD    3039       0       0
   11000000              14000000              14000000             5.1983817E-04         1.0000000E+30            299295       
 NEXT SEEDS:16A5B937       C       0       0       0       0   181CD    3039       0       0
   11500000              13500000              13500000             5.1938630E-04         1.0000000E+30            312887       
 NEXT SEEDS:3854EF81       C       0       0       0       0   181CD    3039       0       0
   12000000              13000000              13000000             5.1932883E-04         1.0000000E+30            326596       
 NEXT SEEDS:1E48E790       D       0       0       0       0   181CD    3039       0       0
   12500000              12500000              12500000             5.1932032E-04         1.0000000E+30            340037       
 NEXT SEEDS: 42A5FEF       E       0       0       0       0   181CD    3039       0       0
   13000000              12000000              12000000             5.1926905E-04         1.0000000E+30            353707       
 NEXT SEEDS:25B6AB16       E       0       0       0       0   181CD    3039       0       0
   13500000              11500000              11500000             5.1883540E-04         1.0000000E+30            367274       
 NEXT SEEDS: B976C11       F       0       0       0       0   181CD    3039       0       0
   14000000              11000000              11000000             5.1935722E-04         1.0000000E+30            381019       
 NEXT SEEDS:2D4063A6       F       0       0       0       0   181CD    3039       0       0
   14500000              10500000              10500000             5.1912103E-04         1.0000000E+30            394554       
 NEXT SEEDS:132FD1BE      10       0       0       0       0   181CD    3039       0       0
   15000000              10000000              10000000             5.1902602E-04         1.0000000E+30            408137       
 NEXT SEEDS:34BA7211      10       0       0       0       0   181CD    3039       0       0
   15500000               9500000               9500000             5.1851267E-04         1.0000000E+30            421774       
 NEXT SEEDS:1AAC26AF      11       0       0       0       0   181CD    3039       0       0
   16000000               9000000               9000000             5.1781574E-04         1.0000000E+30            435223       
 NEXT SEEDS:  A5DC81      12       0       0       0       0   181CD    3039       0       0
   16500000               8500000               8500000             5.1736181E-04         1.0000000E+30            449019       
 NEXT SEEDS:22516D53      12       0       0       0       0   181CD    3039       0       0
   17000000               8000000               8000000             5.1614936E-04         1.0000000E+30            462603       
 NEXT SEEDS: 836EF65      13       0       0       0       0   181CD    3039       0       0
   17500000               7500000               7500000             5.1426686E-04         1.0000000E+30            476365       
 NEXT SEEDS:29C96399      13       0       0       0       0   181CD    3039       0       0
   18000000               7000000               7000000             5.1258079E-04         1.0000000E+30            489709       
 NEXT SEEDS: FA72088      14       0       0       0       0   181CD    3039       0       0
   18500000               6500000               6500000             5.1159355E-04         1.0000000E+30            503341       
 NEXT SEEDS:313CBE40      14       0       0       0       0   181CD    3039       0       0
 COUSET, TXYZ:   1.00000000001279     -0.470717643684789      0.882283911192663    
   19000000               6000000               6000000             5.0999219E-04         1.0000000E+30            516733       
 NEXT SEEDS:170D49F7      15       0       0       0       0   181CD    3039       0       0
   19500000               5500000               5500000             5.0864429E-04         1.0000000E+30            530297       
 NEXT SEEDS:389FE333      15       0       0       0       0   181CD    3039       0       0
   20000000               5000000               5000000             5.0727491E-04         1.0000000E+30            543766       
 NEXT SEEDS:1E7970AA      16       0       0       0       0   181CD    3039       0       0
   20500000               4500000               4500000             5.0629445E-04         1.0000000E+30            557616       
 NEXT SEEDS: 483873C      17       0       0       0       0   181CD    3039       0       0
   21000000               4000000               4000000             5.0504060E-04         1.0000000E+30            571063       
 NEXT SEEDS:2603DBEB      17       0       0       0       0   181CD    3039       0       0
   21500000               3500000               3500000             5.0393755E-04         1.0000000E+30            584730       
 NEXT SEEDS: BFF4BEB      18       0       0       0       0   181CD    3039       0       0
 COUSET, TXYZ:   1.00000000000666     -0.732440324030749      0.680831235877921    
   22000000               3000000               3000000             5.0292694E-04         1.0000000E+30            598342       
 NEXT SEEDS:2D87A2BF      18       0       0       0       0   181CD    3039       0       0
   22500000               2500000               2500000             5.0195539E-04         1.0000000E+30            612140       
 NEXT SEEDS:13860D7C      19       0       0       0       0   181CD    3039       0       0
   23000000               2000000               2000000             5.0107151E-04         1.0000000E+30            625694       
 NEXT SEEDS:35129144      19       0       0       0       0   181CD    3039       0       0
   23500000               1500000               1500000             5.0015006E-04         1.0000000E+30            639487       
 NEXT SEEDS:1B1FC324      1A       0       0       0       0   181CD    3039       0       0
   24000000               1000000               1000000             4.9926653E-04         1.0000000E+30            653211       
 NEXT SEEDS: 120BE31      1B       0       0       0       0   181CD    3039       0       0
 COUSET, TXYZ:  0.999999999992552     -0.931063395468979      0.364857442849777    
   24500000                500000                500000             4.9853385E-04         1.0000000E+30            666713       
 NEXT SEEDS:22A5BEA3      1B       0       0       0       0   181CD    3039       0       0
 COUSET, TXYZ:   1.00000000000741      0.202244360690426      0.979335090040044    
   24999950                    50                    50             4.9748373E-04         1.0000000E+30            680351       
 NEXT SEEDS: 899229E      1C       0       0       0       0   181CD    3039       0       0
   24999951                    49                    49             4.9748371E-04         1.0000000E+30            680351       
 NEXT SEEDS: 899272E      1C       0       0       0       0   181CD    3039       0       0
   24999952                    48                    48             4.9748369E-04         1.0000000E+30            680351       
 NEXT SEEDS: 8992877      1C       0       0       0       0   181CD    3039       0       0
   24999953                    47                    47             4.9748371E-04         1.0000000E+30            680351       
 NEXT SEEDS: 8992CAF      1C       0       0       0       0   181CD    3039       0       0
   24999954                    46                    46             4.9748389E-04         1.0000000E+30            680352       
 NEXT SEEDS: 8994035      1C       0       0       0       0   181CD    3039       0       0
   24999955                    45                    45             4.9748395E-04         1.0000000E+30            680352       
 NEXT SEEDS: 899460E      1C       0       0       0       0   181CD    3039       0       0
   24999956                    44                    44             4.9748397E-04         1.0000000E+30            680352       
 NEXT SEEDS: 899486B      1C       0       0       0       0   181CD    3039       0       0
   24999957                    43                    43             4.9748402E-04         1.0000000E+30            680352       
 NEXT SEEDS: 8994D64      1C       0       0       0       0   181CD    3039       0       0
   24999958                    42                    42             4.9748404E-04         1.0000000E+30            680352       
 NEXT SEEDS: 8994F77      1C       0       0       0       0   181CD    3039       0       0
   24999959                    41                    41             4.9748410E-04         1.0000000E+30            680352       
 NEXT SEEDS: 89951C2      1C       0       0       0       0   181CD    3039       0       0
   24999960                    40                    40             4.9748412E-04         1.0000000E+30            680352       
 NEXT SEEDS: 899554A      1C       0       0       0       0   181CD    3039       0       0
   24999961                    39                    39             4.9748414E-04         1.0000000E+30            680352       
 NEXT SEEDS: 899563A      1C       0       0       0       0   181CD    3039       0       0
   24999962                    38                    38             4.9748420E-04         1.0000000E+30            680352       
 NEXT SEEDS: 8995803      1C       0       0       0       0   181CD    3039       0       0
   24999963                    37                    37             4.9748422E-04         1.0000000E+30            680352       
 NEXT SEEDS: 8995987      1C       0       0       0       0   181CD    3039       0       0
   24999964                    36                    36             4.9748424E-04         1.0000000E+30            680352       
 NEXT SEEDS: 8995D4C      1C       0       0       0       0   181CD    3039       0       0
   24999965                    35                    35             4.9748430E-04         1.0000000E+30            680352       
 NEXT SEEDS: 8995FC4      1C       0       0       0       0   181CD    3039       0       0
   24999966                    34                    34             4.9748431E-04         1.0000000E+30            680352       
 NEXT SEEDS: 89962CE      1C       0       0       0       0   181CD    3039       0       0
   24999967                    33                    33             4.9748433E-04         1.0000000E+30            680352       
 NEXT SEEDS: 89964E5      1C       0       0       0       0   181CD    3039       0       0
   24999968                    32                    32             4.9748435E-04         1.0000000E+30            680352       
 NEXT SEEDS: 899659A      1C       0       0       0       0   181CD    3039       0       0
   24999969                    31                    31             4.9748441E-04         1.0000000E+30            680352       
 NEXT SEEDS: 8996B11      1C       0       0       0       0   181CD    3039       0       0
   24999970                    30                    30             4.9748451E-04         1.0000000E+30            680352       
 NEXT SEEDS: 89971CA      1C       0       0       0       0   181CD    3039       0       0
   24999971                    29                    29             4.9748453E-04         1.0000000E+30            680352       
 NEXT SEEDS: 89973F0      1C       0       0       0       0   181CD    3039       0       0
   24999972                    28                    28             4.9748455E-04         1.0000000E+30            680352       
 NEXT SEEDS: 8997795      1C       0       0       0       0   181CD    3039       0       0
   24999973                    27                    27             4.9748460E-04         1.0000000E+30            680352       
 NEXT SEEDS: 8997AF9      1C       0       0       0       0   181CD    3039       0       0
   24999974                    26                    26             4.9748498E-04         1.0000000E+30            680353       
 NEXT SEEDS: 899A27D      1C       0       0       0       0   181CD    3039       0       0
   24999975                    25                    25             4.9748503E-04         1.0000000E+30            680353       
 NEXT SEEDS: 899A6EC      1C       0       0       0       0   181CD    3039       0       0
   24999976                    24                    24             4.9748509E-04         1.0000000E+30            680353       
 NEXT SEEDS: 899A9B9      1C       0       0       0       0   181CD    3039       0       0
   24999977                    23                    23             4.9748511E-04         1.0000000E+30            680353       
 NEXT SEEDS: 899AD68      1C       0       0       0       0   181CD    3039       0       0
   24999978                    22                    22             4.9748517E-04         1.0000000E+30            680353       
 NEXT SEEDS: 899B23B      1C       0       0       0       0   181CD    3039       0       0
   24999979                    21                    21             4.9748523E-04         1.0000000E+30            680353       
 NEXT SEEDS: 899B557      1C       0       0       0       0   181CD    3039       0       0
   24999980                    20                    20             4.9748525E-04         1.0000000E+30            680353       
 NEXT SEEDS: 899B96F      1C       0       0       0       0   181CD    3039       0       0
   24999981                    19                    19             4.9748530E-04         1.0000000E+30            680353       
 NEXT SEEDS: 899BF86      1C       0       0       0       0   181CD    3039       0       0
   24999982                    18                    18             4.9748536E-04         1.0000000E+30            680353       
 NEXT SEEDS: 899C3F7      1C       0       0       0       0   181CD    3039       0       0
   24999983                    17                    17             4.9748542E-04         1.0000000E+30            680353       
 NEXT SEEDS: 899C763      1C       0       0       0       0   181CD    3039       0       0
   24999984                    16                    16             4.9748544E-04         1.0000000E+30            680353       
 NEXT SEEDS: 899CA7E      1C       0       0       0       0   181CD    3039       0       0
   24999985                    15                    15             4.9748550E-04         1.0000000E+30            680353       
 NEXT SEEDS: 899CE35      1C       0       0       0       0   181CD    3039       0       0
   24999986                    14                    14             4.9748552E-04         1.0000000E+30            680353       
 NEXT SEEDS: 899D0E2      1C       0       0       0       0   181CD    3039       0       0
   24999987                    13                    13             4.9748554E-04         1.0000000E+30            680353       
 NEXT SEEDS: 899D448      1C       0       0       0       0   181CD    3039       0       0
   24999988                    12                    12             4.9748560E-04         1.0000000E+30            680353       
 NEXT SEEDS: 899D88C      1C       0       0       0       0   181CD    3039       0       0
   24999989                    11                    11             4.9748565E-04         1.0000000E+30            680353       
 NEXT SEEDS: 899DBE9      1C       0       0       0       0   181CD    3039       0       0
   24999990                    10                    10             4.9748571E-04         1.0000000E+30            680353       
 NEXT SEEDS: 899E198      1C       0       0       0       0   181CD    3039       0       0
   24999991                     9                     9             4.9748573E-04         1.0000000E+30            680353       
 NEXT SEEDS: 899E3A2      1C       0       0       0       0   181CD    3039       0       0
   24999992                     8                     8             4.9748575E-04         1.0000000E+30            680353       
 NEXT SEEDS: 899E686      1C       0       0       0       0   181CD    3039       0       0
   24999993                     7                     7             4.9748581E-04         1.0000000E+30            680353       
 NEXT SEEDS: 899EB90      1C       0       0       0       0   181CD    3039       0       0
   24999994                     6                     6             4.9748587E-04         1.0000000E+30            680353       
 NEXT SEEDS: 899F08F      1C       0       0       0       0   181CD    3039       0       0
   24999995                     5                     5             4.9748592E-04         1.0000000E+30            680353       
 NEXT SEEDS: 899F479      1C       0       0       0       0   181CD    3039       0       0
   24999996                     4                     4             4.9748594E-04         1.0000000E+30            680353       
 NEXT SEEDS: 899F8F4      1C       0       0       0       0   181CD    3039       0       0
   24999997                     3                     3             4.9748600E-04         1.0000000E+30            680353       
 NEXT SEEDS: 899FCB9      1C       0       0       0       0   181CD    3039       0       0
   24999998                     2                     2             4.9748606E-04         1.0000000E+30            680353       
 NEXT SEEDS: 899FFD2      1C       0       0       0       0   181CD    3039       0       0
   24999999                     1                     1             4.9748608E-04         1.0000000E+30            680353       
 NEXT SEEDS: 89A031C      1C       0       0       0       0   181CD    3039       0       0
   25000000                     0                     1             4.9748610E-04         1.0000000E+30            680353       
 NEXT SEEDS: 89A04CB      1C       0       0       0       0   181CD    3039       0       0
