1NUMBER OF BEAM       NUMBER OF BEAM        APPROXIMATE NUMBER    AVERAGE TIME USED     TIME LEFT (RESERVED   NUMBER OF STARS
 PARTICLES HANDLED    PARTICLES LEFT        OF BEAM PARTICLES     BY A BEAM PARTICLE     10000.0 SECONDS      CREATED
                                            THAT CAN STILL BE                           FOR PRINTOUT)
                                            HANDLED

 NEXT SEEDS:       0       0       0       0       0       0   181CD    3039       0       0
          1              49999999              49999999             3.7598610E-04         1.0000000E+30                 0       
 NEXT SEEDS:     56E       0       0       0       0       0   181CD    3039       0       0
    1000000              49000000              49000000             2.0518180E-04         1.0000000E+30             13048       
 NEXT SEEDS:23A68E3D       0       0       0       0       0   181CD    3039       0       0
    2000000              48000000              48000000             1.9592463E-04         1.0000000E+30             26171       
 NEXT SEEDS: BC41876       1       0       0       0       0   181CD    3039       0       0
    3000000              47000000              47000000             2.0620812E-04         1.0000000E+30             39123       
 NEXT SEEDS:2F9188AB       1       0       0       0       0   181CD    3039       0       0
    4000000              46000000              46000000             2.1811190E-04         1.0000000E+30             51889       
 NEXT SEEDS:17918A07       2       0       0       0       0   181CD    3039       0       0
    5000000              45000000              45000000             2.2761285E-04         1.0000000E+30             64901       
 NEXT SEEDS:3B50B613       2       0       0       0       0   181CD    3039       0       0
    6000000              44000000              44000000             2.3350336E-04         1.0000000E+30             77942       
 NEXT SEEDS:2363076B       3       0       0       0       0   181CD    3039       0       0
    7000000              43000000              43000000             2.3788156E-04         1.0000000E+30             90861       
 NEXT SEEDS: B73C2CB       4       0       0       0       0   181CD    3039       0       0
 COUSET, TXYZ:   1.00000000001181      0.444225675774226      0.895914922861851    
    8000000              42000000              42000000             2.3998133E-04         1.0000000E+30            103494       
 NEXT SEEDS:2F22197F       4       0       0       0       0   181CD    3039       0       0
    9000000              41000000              41000000             2.3588325E-04         1.0000000E+30            116514       
 NEXT SEEDS:172FBB01       5       0       0       0       0   181CD    3039       0       0
   10000000              40000000              40000000             2.3496260E-04         1.0000000E+30            129528       
 NEXT SEEDS:3AF937B8       5       0       0       0       0   181CD    3039       0       0
   11000000              39000000              39000000             2.3128891E-04         1.0000000E+30            142488       
 NEXT SEEDS:230C3AB1       6       0       0       0       0   181CD    3039       0       0
   12000000              38000000              38000000             2.3023332E-04         1.0000000E+30            155424       
 NEXT SEEDS: B1E204A       7       0       0       0       0   181CD    3039       0       0
   13000000              37000000              37000000             2.2919036E-04         1.0000000E+30            168416       
 NEXT SEEDS:2ECEAF18       7       0       0       0       0   181CD    3039       0       0
   14000000              36000000              36000000             2.2679784E-04         1.0000000E+30            181438       
 NEXT SEEDS:16D3DEDA       8       0       0       0       0   181CD    3039       0       0
   15000000              35000000              35000000             2.2544990E-04         1.0000000E+30            194605       
 NEXT SEEDS:3A9BEA88       8       0       0       0       0   181CD    3039       0       0
   16000000              34000000              34000000             2.2565763E-04         1.0000000E+30            207513       
 NEXT SEEDS:22A2DA9A       9       0       0       0       0   181CD    3039       0       0
   17000000              33000000              33000000             2.2563984E-04         1.0000000E+30            220529       
 NEXT SEEDS: ABD3E06       A       0       0       0       0   181CD    3039       0       0
   18000000              32000000              32000000             2.2782851E-04         1.0000000E+30            233589       
 NEXT SEEDS:2E6F944F       A       0       0       0       0   181CD    3039       0       0
   19000000              31000000              31000000             2.2676969E-04         1.0000000E+30            246582       
 NEXT SEEDS:168BFF2A       B       0       0       0       0   181CD    3039       0       0
   20000000              30000000              30000000             2.2735706E-04         1.0000000E+30            259458       
 NEXT SEEDS:3A43A9CC       B       0       0       0       0   181CD    3039       0       0
   21000000              29000000              29000000             2.2623679E-04         1.0000000E+30            272517       
 NEXT SEEDS:225F767C       C       0       0       0       0   181CD    3039       0       0
   22000000              28000000              28000000             2.2502308E-04         1.0000000E+30            285495       
 NEXT SEEDS: A6BFB8E       D       0       0       0       0   181CD    3039       0       0
   23000000              27000000              27000000             2.2567224E-04         1.0000000E+30            298419       
 NEXT SEEDS:2E35A8CA       D       0       0       0       0   181CD    3039       0       0
   24000000              26000000              26000000             2.2420376E-04         1.0000000E+30            311439       
 NEXT SEEDS:164C8C53       E       0       0       0       0   181CD    3039       0       0
   25000000              25000000              25000000             2.2510779E-04         1.0000000E+30            324443       
 NEXT SEEDS:39FD691A       E       0       0       0       0   181CD    3039       0       0
 COUSET, TXYZ:   1.00000000005139      0.690509345393770      0.723323471226152    
   26000000              24000000              24000000             2.2300124E-04         1.0000000E+30            337405       
 NEXT SEEDS:2214872C       F       0       0       0       0   181CD    3039       0       0
   27000000              23000000              23000000             2.2364365E-04         1.0000000E+30            350525       
 NEXT SEEDS: A3520EA      10       0       0       0       0   181CD    3039       0       0
   28000000              22000000              22000000             2.2401221E-04         1.0000000E+30            363482       
 NEXT SEEDS:2DE6035B      10       0       0       0       0   181CD    3039       0       0
   29000000              21000000              21000000             2.2367896E-04         1.0000000E+30            376362       
 NEXT SEEDS:15EBB77B      11       0       0       0       0   181CD    3039       0       0
 COUSET, TXYZ:   1.00000000000926     -0.810936077295679      0.585134752479141    
   30000000              20000000              20000000             2.2378193E-04         1.0000000E+30            389218       
 NEXT SEEDS:39ADE33A      11       0       0       0       0   181CD    3039       0       0
   31000000              19000000              19000000             2.2341761E-04         1.0000000E+30            402351       
 NEXT SEEDS:21E3BCE4      12       0       0       0       0   181CD    3039       0       0
   32000000              18000000              18000000             2.2318346E-04         1.0000000E+30            415270       
 NEXT SEEDS: 9F3D9D7      13       0       0       0       0   181CD    3039       0       0
   33000000              17000000              17000000             2.2354735E-04         1.0000000E+30            428197       
 NEXT SEEDS:2DA77758      13       0       0       0       0   181CD    3039       0       0
   34000000              16000000              16000000             2.2239496E-04         1.0000000E+30            441373       
 NEXT SEEDS:15E4821A      14       0       0       0       0   181CD    3039       0       0
   35000000              15000000              15000000             2.2330183E-04         1.0000000E+30            454612       
 NEXT SEEDS:399F65F8      14       0       0       0       0   181CD    3039       0       0
 COUSET, TXYZ:  0.999999999988879      0.553485764126107      0.832858636797084    
   36000000              14000000              14000000             2.2283499E-04         1.0000000E+30            467768       
 NEXT SEEDS:21DE07BE      15       0       0       0       0   181CD    3039       0       0
   37000000              13000000              13000000             2.2270584E-04         1.0000000E+30            480612       
 NEXT SEEDS: 9E8958F      16       0       0       0       0   181CD    3039       0       0
   38000000              12000000              12000000             2.2324923E-04         1.0000000E+30            493489       
 NEXT SEEDS:2D90B218      16       0       0       0       0   181CD    3039       0       0
   39000000              11000000              11000000             2.2353558E-04         1.0000000E+30            506617       
 NEXT SEEDS:15AB8B62      17       0       0       0       0   181CD    3039       0       0
   40000000              10000000              10000000             2.2365818E-04         1.0000000E+30            519375       
 NEXT SEEDS:39520512      17       0       0       0       0   181CD    3039       0       0
   41000000               9000000               9000000             2.2377218E-04         1.0000000E+30            532481       
 NEXT SEEDS:216D1A08      18       0       0       0       0   181CD    3039       0       0
   42000000               8000000               8000000             2.2432094E-04         1.0000000E+30            545521       
 NEXT SEEDS: 99AF51A      19       0       0       0       0   181CD    3039       0       0
   43000000               7000000               7000000             2.2450566E-04         1.0000000E+30            558389       
 NEXT SEEDS:2D46854A      19       0       0       0       0   181CD    3039       0       0
   44000000               6000000               6000000             2.2473648E-04         1.0000000E+30            571359       
 NEXT SEEDS:156D4EA2      1A       0       0       0       0   181CD    3039       0       0
   45000000               5000000               5000000             2.2429596E-04         1.0000000E+30            584265       
 NEXT SEEDS:391CCA9A      1A       0       0       0       0   181CD    3039       0       0
   46000000               4000000               4000000             2.2511112E-04         1.0000000E+30            597121       
 NEXT SEEDS:212406B4      1B       0       0       0       0   181CD    3039       0       0
   47000000               3000000               3000000             2.2409132E-04         1.0000000E+30            610184       
 NEXT SEEDS: 943338F      1C       0       0       0       0   181CD    3039       0       0
   48000000               2000000               2000000             2.2327366E-04         1.0000000E+30            623156       
 NEXT SEEDS:2D0C1165      1C       0       0       0       0   181CD    3039       0       0
   49000000               1000000               1000000             2.2215155E-04         1.0000000E+30            636073       
 NEXT SEEDS:1526AB48      1D       0       0       0       0   181CD    3039       0       0
   49999950                    50                    50             2.2122893E-04         1.0000000E+30            649059       
 NEXT SEEDS:38DC4602      1D       0       0       0       0   181CD    3039       0       0
   49999951                    49                    49             2.2122893E-04         1.0000000E+30            649059       
 NEXT SEEDS:38DC4906      1D       0       0       0       0   181CD    3039       0       0
   49999952                    48                    48             2.2122892E-04         1.0000000E+30            649059       
 NEXT SEEDS:38DC4C67      1D       0       0       0       0   181CD    3039       0       0
   49999953                    47                    47             2.2122892E-04         1.0000000E+30            649059       
 NEXT SEEDS:38DC4E86      1D       0       0       0       0   181CD    3039       0       0
   49999954                    46                    46             2.2122893E-04         1.0000000E+30            649059       
 NEXT SEEDS:38DC5130      1D       0       0       0       0   181CD    3039       0       0
   49999955                    45                    45             2.2122893E-04         1.0000000E+30            649059       
 NEXT SEEDS:38DC5190      1D       0       0       0       0   181CD    3039       0       0
   49999956                    44                    44             2.2122893E-04         1.0000000E+30            649059       
 NEXT SEEDS:38DC54C0      1D       0       0       0       0   181CD    3039       0       0
   49999957                    43                    43             2.2122894E-04         1.0000000E+30            649059       
 NEXT SEEDS:38DC5719      1D       0       0       0       0   181CD    3039       0       0
   49999958                    42                    42             2.2122894E-04         1.0000000E+30            649059       
 NEXT SEEDS:38DC5837      1D       0       0       0       0   181CD    3039       0       0
   49999959                    41                    41             2.2122893E-04         1.0000000E+30            649059       
 NEXT SEEDS:38DC58B2      1D       0       0       0       0   181CD    3039       0       0
   49999960                    40                    40             2.2122893E-04         1.0000000E+30            649059       
 NEXT SEEDS:38DC59C6      1D       0       0       0       0   181CD    3039       0       0
   49999961                    39                    39             2.2122892E-04         1.0000000E+30            649059       
 NEXT SEEDS:38DC5AC6      1D       0       0       0       0   181CD    3039       0       0
   49999962                    38                    38             2.2122894E-04         1.0000000E+30            649059       
 NEXT SEEDS:38DC5C29      1D       0       0       0       0   181CD    3039       0       0
   49999963                    37                    37             2.2122893E-04         1.0000000E+30            649059       
 NEXT SEEDS:38DC5CC1      1D       0       0       0       0   181CD    3039       0       0
   49999964                    36                    36             2.2122893E-04         1.0000000E+30            649059       
 NEXT SEEDS:38DC6046      1D       0       0       0       0   181CD    3039       0       0
   49999965                    35                    35             2.2122893E-04         1.0000000E+30            649059       
 NEXT SEEDS:38DC6173      1D       0       0       0       0   181CD    3039       0       0
   49999966                    34                    34             2.2122892E-04         1.0000000E+30            649059       
 NEXT SEEDS:38DC61FC      1D       0       0       0       0   181CD    3039       0       0
   49999967                    33                    33             2.2122894E-04         1.0000000E+30            649059       
 NEXT SEEDS:38DC6451      1D       0       0       0       0   181CD    3039       0       0
   49999968                    32                    32             2.2122893E-04         1.0000000E+30            649059       
 NEXT SEEDS:38DC6580      1D       0       0       0       0   181CD    3039       0       0
   49999969                    31                    31             2.2122893E-04         1.0000000E+30            649059       
 NEXT SEEDS:38DC67E8      1D       0       0       0       0   181CD    3039       0       0
   49999970                    30                    30             2.2122892E-04         1.0000000E+30            649059       
 NEXT SEEDS:38DC6A57      1D       0       0       0       0   181CD    3039       0       0
   49999971                    29                    29             2.2122894E-04         1.0000000E+30            649059       
 NEXT SEEDS:38DC6BE6      1D       0       0       0       0   181CD    3039       0       0
   49999972                    28                    28             2.2122893E-04         1.0000000E+30            649059       
 NEXT SEEDS:38DC6DFB      1D       0       0       0       0   181CD    3039       0       0
   49999973                    27                    27             2.2122893E-04         1.0000000E+30            649059       
 NEXT SEEDS:38DC7008      1D       0       0       0       0   181CD    3039       0       0
   49999974                    26                    26             2.2122892E-04         1.0000000E+30            649059       
 NEXT SEEDS:38DC7168      1D       0       0       0       0   181CD    3039       0       0
   49999975                    25                    25             2.2122894E-04         1.0000000E+30            649059       
 NEXT SEEDS:38DC75EE      1D       0       0       0       0   181CD    3039       0       0
   49999976                    24                    24             2.2122894E-04         1.0000000E+30            649059       
 NEXT SEEDS:38DC7889      1D       0       0       0       0   181CD    3039       0       0
   49999977                    23                    23             2.2122893E-04         1.0000000E+30            649059       
 NEXT SEEDS:38DC7A81      1D       0       0       0       0   181CD    3039       0       0
   49999978                    22                    22             2.2122893E-04         1.0000000E+30            649059       
 NEXT SEEDS:38DC7B9F      1D       0       0       0       0   181CD    3039       0       0
   49999979                    21                    21             2.2122894E-04         1.0000000E+30            649059       
 NEXT SEEDS:38DC7D53      1D       0       0       0       0   181CD    3039       0       0
   49999980                    20                    20             2.2122894E-04         1.0000000E+30            649059       
 NEXT SEEDS:38DC7ED0      1D       0       0       0       0   181CD    3039       0       0
   49999981                    19                    19             2.2122893E-04         1.0000000E+30            649059       
 NEXT SEEDS:38DC8062      1D       0       0       0       0   181CD    3039       0       0
   49999982                    18                    18             2.2122893E-04         1.0000000E+30            649059       
 NEXT SEEDS:38DC82B1      1D       0       0       0       0   181CD    3039       0       0
   49999983                    17                    17             2.2122894E-04         1.0000000E+30            649059       
 NEXT SEEDS:38DC8374      1D       0       0       0       0   181CD    3039       0       0
   49999984                    16                    16             2.2122894E-04         1.0000000E+30            649059       
 NEXT SEEDS:38DC849E      1D       0       0       0       0   181CD    3039       0       0
   49999985                    15                    15             2.2122893E-04         1.0000000E+30            649059       
 NEXT SEEDS:38DC87D4      1D       0       0       0       0   181CD    3039       0       0
   49999986                    14                    14             2.2122893E-04         1.0000000E+30            649059       
 NEXT SEEDS:38DC8A23      1D       0       0       0       0   181CD    3039       0       0
   49999987                    13                    13             2.2122894E-04         1.0000000E+30            649059       
 NEXT SEEDS:38DC8B14      1D       0       0       0       0   181CD    3039       0       0
   49999988                    12                    12             2.2122894E-04         1.0000000E+30            649059       
 NEXT SEEDS:38DC8CF3      1D       0       0       0       0   181CD    3039       0       0
   49999989                    11                    11             2.2122894E-04         1.0000000E+30            649059       
 NEXT SEEDS:38DC8EA2      1D       0       0       0       0   181CD    3039       0       0
   49999990                    10                    10             2.2122893E-04         1.0000000E+30            649059       
 NEXT SEEDS:38DC910D      1D       0       0       0       0   181CD    3039       0       0
   49999991                     9                     9             2.2122895E-04         1.0000000E+30            649059       
 NEXT SEEDS:38DC92AB      1D       0       0       0       0   181CD    3039       0       0
   49999992                     8                     8             2.2122894E-04         1.0000000E+30            649059       
 NEXT SEEDS:38DC9604      1D       0       0       0       0   181CD    3039       0       0
   49999993                     7                     7             2.2122894E-04         1.0000000E+30            649059       
 NEXT SEEDS:38DC97A3      1D       0       0       0       0   181CD    3039       0       0
   49999994                     6                     6             2.2122895E-04         1.0000000E+30            649059       
 NEXT SEEDS:38DC9B3C      1D       0       0       0       0   181CD    3039       0       0
   49999995                     5                     5             2.2122895E-04         1.0000000E+30            649059       
 NEXT SEEDS:38DC9E22      1D       0       0       0       0   181CD    3039       0       0
   49999996                     4                     4             2.2122894E-04         1.0000000E+30            649059       
 NEXT SEEDS:38DCA53B      1D       0       0       0       0   181CD    3039       0       0
   49999997                     3                     3             2.2122896E-04         1.0000000E+30            649059       
 NEXT SEEDS:38DCA792      1D       0       0       0       0   181CD    3039       0       0
   49999998                     2                     2             2.2122895E-04         1.0000000E+30            649059       
 NEXT SEEDS:38DCA987      1D       0       0       0       0   181CD    3039       0       0
   49999999                     1                     1             2.2122895E-04         1.0000000E+30            649059       
 NEXT SEEDS:38DCAAA4      1D       0       0       0       0   181CD    3039       0       0
   50000000                     0                     1             2.2122895E-04         1.0000000E+30            649059       
 NEXT SEEDS:38DCAC5A      1D       0       0       0       0   181CD    3039       0       0
