1NUMBER OF BEAM       NUMBER OF BEAM        APPROXIMATE NUMBER    AVERAGE TIME USED     TIME LEFT (RESERVED   NUMBER OF STARS
 PARTICLES HANDLED    PARTICLES LEFT        OF BEAM PARTICLES     BY A BEAM PARTICLE     10000.0 SECONDS      CREATED
                                            THAT CAN STILL BE                           FOR PRINTOUT)
                                            HANDLED

 NEXT SEEDS:       0       0       0       0       0       0   181CD    3039       0       0
          1              24999999              24999999             2.6321411E-04         1.0000000E+30                 0       
 NEXT SEEDS:     3C6       0       0       0       0       0   181CD    3039       0       0
     500000              24500000              24500000             4.9700521E-04         1.0000000E+30             12676       
 NEXT SEEDS:218F3CF5       0       0       0       0       0   181CD    3039       0       0
    1000000              24000000              24000000             4.8924605E-04         1.0000000E+30             25374       
 NEXT SEEDS: 7925A49       1       0       0       0       0   181CD    3039       0       0
    1500000              23500000              23500000             4.9262385E-04         1.0000000E+30             37921       
 NEXT SEEDS:290EABAC       1       0       0       0       0   181CD    3039       0       0
    2000000              23000000              23000000             4.9335873E-04         1.0000000E+30             50783       
 NEXT SEEDS: F267E2D       2       0       0       0       0   181CD    3039       0       0
    2500000              22500000              22500000             4.9582612E-04         1.0000000E+30             63600       
 NEXT SEEDS:30ECC6DC       2       0       0       0       0   181CD    3039       0       0
 COUSET, TXYZ:  0.999999999983991     -0.429256242423509      0.903182749120261    
    3000000              22000000              22000000             4.9592069E-04         1.0000000E+30             76711       
 NEXT SEEDS:16EC14E9       3       0       0       0       0   181CD    3039       0       0
    3500000              21500000              21500000             4.9516510E-04         1.0000000E+30             89512       
 NEXT SEEDS:3898DBB2       3       0       0       0       0   181CD    3039       0       0
 COUSET, TXYZ:  0.999999999988004     -0.820307664513233      0.571922490829704    
    4000000              21000000              21000000             4.9583337E-04         1.0000000E+30            102171       
 NEXT SEEDS:1E8FC74B       4       0       0       0       0   181CD    3039       0       0
    4500000              20500000              20500000             4.9474899E-04         1.0000000E+30            115081       
 NEXT SEEDS: 48C406E       5       0       0       0       0   181CD    3039       0       0
    5000000              20000000              20000000             4.9571784E-04         1.0000000E+30            127767       
 NEXT SEEDS:2613EC93       5       0       0       0       0   181CD    3039       0       0
    5500000              19500000              19500000             4.9684483E-04         1.0000000E+30            140668       
 NEXT SEEDS: C2753FA       6       0       0       0       0   181CD    3039       0       0
    6000000              19000000              19000000             4.9559080E-04         1.0000000E+30            153520       
 NEXT SEEDS:2DCBFED2       6       0       0       0       0   181CD    3039       0       0
    6500000              18500000              18500000             4.9619555E-04         1.0000000E+30            166108       
 NEXT SEEDS:13BB29BB       7       0       0       0       0   181CD    3039       0       0
    7000000              18000000              18000000             4.9496029E-04         1.0000000E+30            178871       
 NEXT SEEDS:3533D635       7       0       0       0       0   181CD    3039       0       0
    7500000              17500000              17500000             4.9528338E-04         1.0000000E+30            191811       
 NEXT SEEDS:1B1B3D3B       8       0       0       0       0   181CD    3039       0       0
    8000000              17000000              17000000             4.9494102E-04         1.0000000E+30            204539       
 NEXT SEEDS: 12CDA39       9       0       0       0       0   181CD    3039       0       0
    8500000              16500000              16500000             4.9490396E-04         1.0000000E+30            217241       
 NEXT SEEDS:22BF0BFF       9       0       0       0       0   181CD    3039       0       0
    9000000              16000000              16000000             4.9489096E-04         1.0000000E+30            229941       
 NEXT SEEDS: 8BFE346       A       0       0       0       0   181CD    3039       0       0
 COUSET, TXYZ:   1.00000000139755      0.853923673675606     -0.520398272798295    
    9500000              15500000              15500000             4.9529298E-04         1.0000000E+30            242621       
 NEXT SEEDS:2A58CEBD       A       0       0       0       0   181CD    3039       0       0
   10000000              15000000              15000000             4.9478990E-04         1.0000000E+30            255413       
 NEXT SEEDS:105F716A       B       0       0       0       0   181CD    3039       0       0
   10500000              14500000              14500000             4.9473764E-04         1.0000000E+30            268260       
 NEXT SEEDS:31FFFB14       B       0       0       0       0   181CD    3039       0       0
   11000000              14000000              14000000             4.9491842E-04         1.0000000E+30            280959       
 NEXT SEEDS:17FD9BD8       C       0       0       0       0   181CD    3039       0       0
   11500000              13500000              13500000             4.9457049E-04         1.0000000E+30            293701       
 NEXT SEEDS:39968B40       C       0       0       0       0   181CD    3039       0       0
   12000000              13000000              13000000             4.9506475E-04         1.0000000E+30            306696       
 NEXT SEEDS:1F96A6E5       D       0       0       0       0   181CD    3039       0       0
   12500000              12500000              12500000             4.9461243E-04         1.0000000E+30            319411       
 NEXT SEEDS: 587A006       E       0       0       0       0   181CD    3039       0       0
   13000000              12000000              12000000             4.9514390E-04         1.0000000E+30            332163       
 NEXT SEEDS:272657AF       E       0       0       0       0   181CD    3039       0       0
   13500000              11500000              11500000             4.9524845E-04         1.0000000E+30            345103       
 NEXT SEEDS: D36C348       F       0       0       0       0   181CD    3039       0       0
   14000000              11000000              11000000             4.9514865E-04         1.0000000E+30            357766       
 NEXT SEEDS:2EC06E9A       F       0       0       0       0   181CD    3039       0       0
   14500000              10500000              10500000             4.9485659E-04         1.0000000E+30            370455       
 NEXT SEEDS:14B691A4      10       0       0       0       0   181CD    3039       0       0
   15000000              10000000              10000000             4.9541609E-04         1.0000000E+30            383466       
 NEXT SEEDS:365AF390      10       0       0       0       0   181CD    3039       0       0
   15500000               9500000               9500000             4.9540267E-04         1.0000000E+30            396264       
 NEXT SEEDS:1C5D8BD2      11       0       0       0       0   181CD    3039       0       0
   16000000               9000000               9000000             4.9554069E-04         1.0000000E+30            409094       
 NEXT SEEDS: 272AA09      12       0       0       0       0   181CD    3039       0       0
   16500000               8500000               8500000             4.9593588E-04         1.0000000E+30            421929       
 NEXT SEEDS:2411D17E      12       0       0       0       0   181CD    3039       0       0
   17000000               8000000               8000000             4.9591266E-04         1.0000000E+30            434377       
 NEXT SEEDS: 9F23C6D      13       0       0       0       0   181CD    3039       0       0
   17500000               7500000               7500000             4.9583547E-04         1.0000000E+30            447386       
 NEXT SEEDS:2B7E80A7      13       0       0       0       0   181CD    3039       0       0
   18000000               7000000               7000000             4.9630722E-04         1.0000000E+30            460252       
 NEXT SEEDS:119AA559      14       0       0       0       0   181CD    3039       0       0
   18500000               6500000               6500000             4.9619318E-04         1.0000000E+30            473325       
 NEXT SEEDS:335C7669      14       0       0       0       0   181CD    3039       0       0
   19000000               6000000               6000000             4.9661537E-04         1.0000000E+30            486352       
 NEXT SEEDS:19667B3C      15       0       0       0       0   181CD    3039       0       0
   19500000               5500000               5500000             4.9660575E-04         1.0000000E+30            499244       
 NEXT SEEDS:3AF5DC14      15       0       0       0       0   181CD    3039       0       0
 COUSET, TXYZ:   1.00000000001084     -0.647824628217150      0.761789505767168    
   20000000               5000000               5000000             4.9680062E-04         1.0000000E+30            511940       
 NEXT SEEDS:20E32C48      16       0       0       0       0   181CD    3039       0       0
   20500000               4500000               4500000             4.9722202E-04         1.0000000E+30            524790       
 NEXT SEEDS: 6EBA5C0      17       0       0       0       0   181CD    3039       0       0
   21000000               4000000               4000000             4.9730965E-04         1.0000000E+30            537585       
 NEXT SEEDS:288C1B85      17       0       0       0       0   181CD    3039       0       0
   21500000               3500000               3500000             4.9748299E-04         1.0000000E+30            550357       
 NEXT SEEDS: E8AAB4A      18       0       0       0       0   181CD    3039       0       0
   22000000               3000000               3000000             4.9755542E-04         1.0000000E+30            563329       
 NEXT SEEDS:30455BA0      18       0       0       0       0   181CD    3039       0       0
   22500000               2500000               2500000             4.9789799E-04         1.0000000E+30            576419       
 NEXT SEEDS:165D8C76      19       0       0       0       0   181CD    3039       0       0
   23000000               2000000               2000000             4.9790768E-04         1.0000000E+30            589142       
 NEXT SEEDS:37EF215E      19       0       0       0       0   181CD    3039       0       0
   23500000               1500000               1500000             4.9809698E-04         1.0000000E+30            601859       
 NEXT SEEDS:1DF75A25      1A       0       0       0       0   181CD    3039       0       0
   24000000               1000000               1000000             4.9831834E-04         1.0000000E+30            614457       
 NEXT SEEDS: 3DFDA70      1B       0       0       0       0   181CD    3039       0       0
   24500000                500000                500000             4.9833588E-04         1.0000000E+30            627239       
 NEXT SEEDS:257FE789      1B       0       0       0       0   181CD    3039       0       0
   24999950                    50                    50             4.9862633E-04         1.0000000E+30            640011       
 NEXT SEEDS: B765539      1C       0       0       0       0   181CD    3039       0       0
   24999951                    49                    49             4.9862631E-04         1.0000000E+30            640011       
 NEXT SEEDS: B765716      1C       0       0       0       0   181CD    3039       0       0
   24999952                    48                    48             4.9862629E-04         1.0000000E+30            640011       
 NEXT SEEDS: B7659C0      1C       0       0       0       0   181CD    3039       0       0
   24999953                    47                    47             4.9862631E-04         1.0000000E+30            640011       
 NEXT SEEDS: B765E20      1C       0       0       0       0   181CD    3039       0       0
   24999954                    46                    46             4.9862629E-04         1.0000000E+30            640011       
 NEXT SEEDS: B7661A4      1C       0       0       0       0   181CD    3039       0       0
   24999955                    45                    45             4.9862627E-04         1.0000000E+30            640011       
 NEXT SEEDS: B766425      1C       0       0       0       0   181CD    3039       0       0
   24999956                    44                    44             4.9862629E-04         1.0000000E+30            640011       
 NEXT SEEDS: B766ACC      1C       0       0       0       0   181CD    3039       0       0
   24999957                    43                    43             4.9862627E-04         1.0000000E+30            640012       
 NEXT SEEDS: B7683A8      1C       0       0       0       0   181CD    3039       0       0
   24999958                    42                    42             4.9862625E-04         1.0000000E+30            640012       
 NEXT SEEDS: B768710      1C       0       0       0       0   181CD    3039       0       0
   24999959                    41                    41             4.9862623E-04         1.0000000E+30            640012       
 NEXT SEEDS: B768F51      1C       0       0       0       0   181CD    3039       0       0
   24999960                    40                    40             4.9862621E-04         1.0000000E+30            640012       
 NEXT SEEDS: B76936E      1C       0       0       0       0   181CD    3039       0       0
   24999961                    39                    39             4.9862619E-04         1.0000000E+30            640012       
 NEXT SEEDS: B76954C      1C       0       0       0       0   181CD    3039       0       0
   24999962                    38                    38             4.9862617E-04         1.0000000E+30            640012       
 NEXT SEEDS: B7699D3      1C       0       0       0       0   181CD    3039       0       0
   24999963                    37                    37             4.9862615E-04         1.0000000E+30            640012       
 NEXT SEEDS: B769AD8      1C       0       0       0       0   181CD    3039       0       0
   24999964                    36                    36             4.9862613E-04         1.0000000E+30            640012       
 NEXT SEEDS: B769C75      1C       0       0       0       0   181CD    3039       0       0
   24999965                    35                    35             4.9862611E-04         1.0000000E+30            640012       
 NEXT SEEDS: B769FBB      1C       0       0       0       0   181CD    3039       0       0
   24999966                    34                    34             4.9862609E-04         1.0000000E+30            640012       
 NEXT SEEDS: B76A431      1C       0       0       0       0   181CD    3039       0       0
   24999967                    33                    33             4.9862611E-04         1.0000000E+30            640012       
 NEXT SEEDS: B76AC26      1C       0       0       0       0   181CD    3039       0       0
   24999968                    32                    32             4.9862609E-04         1.0000000E+30            640012       
 NEXT SEEDS: B76B0E0      1C       0       0       0       0   181CD    3039       0       0
   24999969                    31                    31             4.9862607E-04         1.0000000E+30            640012       
 NEXT SEEDS: B76B539      1C       0       0       0       0   181CD    3039       0       0
   24999970                    30                    30             4.9862609E-04         1.0000000E+30            640012       
 NEXT SEEDS: B76B950      1C       0       0       0       0   181CD    3039       0       0
   24999971                    29                    29             4.9862607E-04         1.0000000E+30            640012       
 NEXT SEEDS: B76BF35      1C       0       0       0       0   181CD    3039       0       0
   24999972                    28                    28             4.9862609E-04         1.0000000E+30            640012       
 NEXT SEEDS: B76C655      1C       0       0       0       0   181CD    3039       0       0
   24999973                    27                    27             4.9862607E-04         1.0000000E+30            640012       
 NEXT SEEDS: B76C840      1C       0       0       0       0   181CD    3039       0       0
   24999974                    26                    26             4.9862605E-04         1.0000000E+30            640012       
 NEXT SEEDS: B76CAB4      1C       0       0       0       0   181CD    3039       0       0
   24999975                    25                    25             4.9862607E-04         1.0000000E+30            640012       
 NEXT SEEDS: B76D024      1C       0       0       0       0   181CD    3039       0       0
   24999976                    24                    24             4.9862605E-04         1.0000000E+30            640012       
 NEXT SEEDS: B76D393      1C       0       0       0       0   181CD    3039       0       0
   24999977                    23                    23             4.9862603E-04         1.0000000E+30            640012       
 NEXT SEEDS: B76DCEE      1C       0       0       0       0   181CD    3039       0       0
   24999978                    22                    22             4.9862605E-04         1.0000000E+30            640012       
 NEXT SEEDS: B76E238      1C       0       0       0       0   181CD    3039       0       0
   24999979                    21                    21             4.9862603E-04         1.0000000E+30            640012       
 NEXT SEEDS: B76E89B      1C       0       0       0       0   181CD    3039       0       0
   24999980                    20                    20             4.9862605E-04         1.0000000E+30            640012       
 NEXT SEEDS: B76EC70      1C       0       0       0       0   181CD    3039       0       0
   24999981                    19                    19             4.9862603E-04         1.0000000E+30            640012       
 NEXT SEEDS: B76F0CC      1C       0       0       0       0   181CD    3039       0       0
   24999982                    18                    18             4.9862601E-04         1.0000000E+30            640012       
 NEXT SEEDS: B76F1AE      1C       0       0       0       0   181CD    3039       0       0
   24999983                    17                    17             4.9862603E-04         1.0000000E+30            640012       
 NEXT SEEDS: B76F6D8      1C       0       0       0       0   181CD    3039       0       0
   24999984                    16                    16             4.9862601E-04         1.0000000E+30            640012       
 NEXT SEEDS: B770067      1C       0       0       0       0   181CD    3039       0       0
   24999985                    15                    15             4.9862603E-04         1.0000000E+30            640012       
 NEXT SEEDS: B770607      1C       0       0       0       0   181CD    3039       0       0
   24999986                    14                    14             4.9862601E-04         1.0000000E+30            640013       
 NEXT SEEDS: B771106      1C       0       0       0       0   181CD    3039       0       0
   24999987                    13                    13             4.9862603E-04         1.0000000E+30            640013       
 NEXT SEEDS: B77154A      1C       0       0       0       0   181CD    3039       0       0
   24999988                    12                    12             4.9862601E-04         1.0000000E+30            640013       
 NEXT SEEDS: B77183E      1C       0       0       0       0   181CD    3039       0       0
   24999989                    11                    11             4.9862599E-04         1.0000000E+30            640013       
 NEXT SEEDS: B771FE1      1C       0       0       0       0   181CD    3039       0       0
   24999990                    10                    10             4.9862600E-04         1.0000000E+30            640013       
 NEXT SEEDS: B772569      1C       0       0       0       0   181CD    3039       0       0
   24999991                     9                     9             4.9862598E-04         1.0000000E+30            640013       
 NEXT SEEDS: B772963      1C       0       0       0       0   181CD    3039       0       0
   24999992                     8                     8             4.9862596E-04         1.0000000E+30            640013       
 NEXT SEEDS: B772D23      1C       0       0       0       0   181CD    3039       0       0
   24999993                     7                     7             4.9862598E-04         1.0000000E+30            640013       
 NEXT SEEDS: B773138      1C       0       0       0       0   181CD    3039       0       0
   24999994                     6                     6             4.9862596E-04         1.0000000E+30            640013       
 NEXT SEEDS: B7732C2      1C       0       0       0       0   181CD    3039       0       0
   24999995                     5                     5             4.9862594E-04         1.0000000E+30            640013       
 NEXT SEEDS: B7739B7      1C       0       0       0       0   181CD    3039       0       0
   24999996                     4                     4             4.9862596E-04         1.0000000E+30            640013       
 NEXT SEEDS: B773BD4      1C       0       0       0       0   181CD    3039       0       0
   24999997                     3                     3             4.9862594E-04         1.0000000E+30            640013       
 NEXT SEEDS: B773F64      1C       0       0       0       0   181CD    3039       0       0
   24999998                     2                     2             4.9862592E-04         1.0000000E+30            640013       
 NEXT SEEDS: B77428B      1C       0       0       0       0   181CD    3039       0       0
   24999999                     1                     1             4.9862594E-04         1.0000000E+30            640013       
 NEXT SEEDS: B7747BB      1C       0       0       0       0   181CD    3039       0       0
   25000000                     0                     1             4.9862592E-04         1.0000000E+30            640013       
 NEXT SEEDS: B774C25      1C       0       0       0       0   181CD    3039       0       0
