1NUMBER OF BEAM       NUMBER OF BEAM        APPROXIMATE NUMBER    AVERAGE TIME USED     TIME LEFT (RESERVED   NUMBER OF STARS
 PARTICLES HANDLED    PARTICLES LEFT        OF BEAM PARTICLES     BY A BEAM PARTICLE     10000.0 SECONDS      CREATED
                                            THAT CAN STILL BE                           FOR PRINTOUT)
                                            HANDLED

 NEXT SEEDS:       0       0       0       0       0       0   181CD    3039       0       0
          1              16666665              16666665             4.1627884E-04         1.0000000E+30                 0       
 NEXT SEEDS:     45E       0       0       0       0       0   181CD    3039       0       0
     300000              16366666              16366666             3.0861175E-04         1.0000000E+30             11645       
 NEXT SEEDS:1CCEC53E       0       0       0       0       0   181CD    3039       0       0
     600000              16066666              16066666             2.7313408E-04         1.0000000E+30             23327       
 NEXT SEEDS:399F476E       0       0       0       0       0   181CD    3039       0       0
     900000              15766666              15766666             2.6126714E-04         1.0000000E+30             34950       
 NEXT SEEDS:1ACB277E       1       0       0       0       0   181CD    3039       0       0
    1200000              15466666              15466666             2.5536588E-04         1.0000000E+30             46651       
 NEXT SEEDS:37A0AFAC       1       0       0       0       0   181CD    3039       0       0
    1500000              15166666              15166666             2.5184928E-04         1.0000000E+30             58321       
 NEXT SEEDS:18DB2642       2       0       0       0       0   181CD    3039       0       0
    1800000              14866666              14866666             2.4957591E-04         1.0000000E+30             70245       
 NEXT SEEDS:35BB8E43       2       0       0       0       0   181CD    3039       0       0
    2100000              14566666              14566666             2.4775388E-04         1.0000000E+30             81812       
 NEXT SEEDS:16CF5D5B       3       0       0       0       0   181CD    3039       0       0
    2400000              14266666              14266666             2.4938171E-04         1.0000000E+30             93179       
 NEXT SEEDS:338529FC       3       0       0       0       0   181CD    3039       0       0
    2700000              13966666              13966666             2.6084023E-04         1.0000000E+30            104717       
 NEXT SEEDS:14A84F97       4       0       0       0       0   181CD    3039       0       0
    3000000              13666666              13666666             2.5855601E-04         1.0000000E+30            116499       
 NEXT SEEDS:318BAD64       4       0       0       0       0   181CD    3039       0       0
    3300000              13366666              13366666             2.5665328E-04         1.0000000E+30            128268       
 NEXT SEEDS:12CA8BCA       5       0       0       0       0   181CD    3039       0       0
    3600000              13066666              13066666             2.6307395E-04         1.0000000E+30            139965       
 NEXT SEEDS:2FAC8802       5       0       0       0       0   181CD    3039       0       0
    3900000              12766666              12766666             2.6596166E-04         1.0000000E+30            151595       
 NEXT SEEDS:10C77A2A       6       0       0       0       0   181CD    3039       0       0
    4200000              12466666              12466666             2.6510088E-04         1.0000000E+30            163203       
 NEXT SEEDS:2D9B711E       6       0       0       0       0   181CD    3039       0       0
    4500000              12166666              12166666             2.6683374E-04         1.0000000E+30            174779       
 NEXT SEEDS: EB81882       7       0       0       0       0   181CD    3039       0       0
    4800000              11866666              11866666             2.6869199E-04         1.0000000E+30            186434       
 NEXT SEEDS:2B70F8B3       7       0       0       0       0   181CD    3039       0       0
    5100000              11566666              11566666             2.6691267E-04         1.0000000E+30            198115       
 NEXT SEEDS: CD3A269       8       0       0       0       0   181CD    3039       0       0
    5400000              11266666              11266666             2.6530649E-04         1.0000000E+30            210040       
 NEXT SEEDS:29AA8CF1       8       0       0       0       0   181CD    3039       0       0
    5700000              10966666              10966666             2.6389134E-04         1.0000000E+30            221934       
 NEXT SEEDS: AF41118       9       0       0       0       0   181CD    3039       0       0
    6000000              10666666              10666666             2.6259890E-04         1.0000000E+30            233722       
 NEXT SEEDS:27C9A535       9       0       0       0       0   181CD    3039       0       0
    6300000              10366666              10366666             2.6141495E-04         1.0000000E+30            245360       
 NEXT SEEDS: 90641B5       A       0       0       0       0   181CD    3039       0       0
 COUSET, TXYZ:   1.00000000031914      0.781970994659236      0.623314819453152    
    6600000              10066666              10066666             2.6034148E-04         1.0000000E+30            257178       
 NEXT SEEDS:25CCA332       A       0       0       0       0   181CD    3039       0       0
    6900000               9766666               9766666             2.6086021E-04         1.0000000E+30            268937       
 NEXT SEEDS: 70F961F       B       0       0       0       0   181CD    3039       0       0
    7200000               9466666               9466666             2.6533895E-04         1.0000000E+30            280858       
 NEXT SEEDS:23FF1B40       B       0       0       0       0   181CD    3039       0       0
    7500000               9166666               9166666             2.6935789E-04         1.0000000E+30            292801       
 NEXT SEEDS: 5433D08       C       0       0       0       0   181CD    3039       0       0
    7800000               8866666               8866666             2.7310509E-04         1.0000000E+30            304548       
 NEXT SEEDS:220FF628       C       0       0       0       0   181CD    3039       0       0
    8100000               8566666               8566666             2.7660316E-04         1.0000000E+30            316439       
 NEXT SEEDS: 348A3F8       D       0       0       0       0   181CD    3039       0       0
    8400000               8266666               8266666             2.7671113E-04         1.0000000E+30            328141       
 NEXT SEEDS:200772A3       D       0       0       0       0   181CD    3039       0       0
    8700000               7966666               7966666             2.7539918E-04         1.0000000E+30            340047       
 NEXT SEEDS: 154D89F       E       0       0       0       0   181CD    3039       0       0
    9000000               7666666               7666666             2.7413829E-04         1.0000000E+30            351797       
 NEXT SEEDS:1E192460       E       0       0       0       0   181CD    3039       0       0
 COUSET, TXYZ:  0.999999999990161     -0.662998670002004      0.748620573826218    
    9300000               7366666               7366666             2.7301624E-04         1.0000000E+30            363784       
 NEXT SEEDS:3B19503D       E       0       0       0       0   181CD    3039       0       0
    9600000               7066666               7066666             2.7192385E-04         1.0000000E+30            375490       
 NEXT SEEDS:1C6A504C       F       0       0       0       0   181CD    3039       0       0
    9900000               6766666               6766666             2.7086278E-04         1.0000000E+30            387086       
 NEXT SEEDS:392221CC       F       0       0       0       0   181CD    3039       0       0
   10200000               6466666               6466666             2.6987683E-04         1.0000000E+30            398633       
 NEXT SEEDS:1A477EE1      10       0       0       0       0   181CD    3039       0       0
   10500000               6166666               6166666             2.6895410E-04         1.0000000E+30            410412       
 NEXT SEEDS:37153028      10       0       0       0       0   181CD    3039       0       0
   10800000               5866666               5866666             2.6808234E-04         1.0000000E+30            422082       
 NEXT SEEDS:1844F236      11       0       0       0       0   181CD    3039       0       0
   11100000               5566666               5566666             2.6724176E-04         1.0000000E+30            433694       
 NEXT SEEDS:350EFAE1      11       0       0       0       0   181CD    3039       0       0
   11400000               5266666               5266666             2.6760271E-04         1.0000000E+30            445181       
 NEXT SEEDS:164CDCE9      12       0       0       0       0   181CD    3039       0       0
 COUSET, TXYZ:  0.999999999989297     -0.999932276237281      1.163799456630554E-02
   11700000               4966666               4966666             2.6689829E-04         1.0000000E+30            456881       
 NEXT SEEDS:3323FAC2      12       0       0       0       0   181CD    3039       0       0
   12000000               4666666               4666666             2.6866990E-04         1.0000000E+30            468652       
 NEXT SEEDS:145543DE      13       0       0       0       0   181CD    3039       0       0
 COUSET, TXYZ:  0.999999999962309      0.853920906091716      0.520402811353015    
   12300000               4366666               4366666             2.6790327E-04         1.0000000E+30            480232       
 NEXT SEEDS:3112D2F4      13       0       0       0       0   181CD    3039       0       0
   12600000               4066666               4066666             2.6731618E-04         1.0000000E+30            491839       
 NEXT SEEDS:123C64F6      14       0       0       0       0   181CD    3039       0       0
   12900000               3766666               3766666             2.6661235E-04         1.0000000E+30            503388       
 NEXT SEEDS:2EF1D5DD      14       0       0       0       0   181CD    3039       0       0
   13200000               3466666               3466666             2.6598096E-04         1.0000000E+30            515277       
 NEXT SEEDS:1037A551      15       0       0       0       0   181CD    3039       0       0
   13500000               3166666               3166666             2.6536066E-04         1.0000000E+30            527116       
 NEXT SEEDS:2D1B732A      15       0       0       0       0   181CD    3039       0       0
   13800000               2866666               2866666             2.6477074E-04         1.0000000E+30            538890       
 NEXT SEEDS: E5F073B      16       0       0       0       0   181CD    3039       0       0
   14100000               2566666               2566666             2.6424917E-04         1.0000000E+30            550689       
 NEXT SEEDS:2B692052      16       0       0       0       0   181CD    3039       0       0
   14400000               2266666               2266666             2.6588738E-04         1.0000000E+30            562562       
 NEXT SEEDS: CCBFBED      17       0       0       0       0   181CD    3039       0       0
   14700000               1966666               1966666             2.6726538E-04         1.0000000E+30            574573       
 NEXT SEEDS:299A88FA      17       0       0       0       0   181CD    3039       0       0
   15000000               1666666               1666666             2.6922791E-04         1.0000000E+30            586072       
 NEXT SEEDS: AA7BFD4      18       0       0       0       0   181CD    3039       0       0
   15300000               1366666               1366666             2.7111941E-04         1.0000000E+30            597768       
 NEXT SEEDS:278887EF      18       0       0       0       0   181CD    3039       0       0
   15600000               1066666               1066666             2.7067267E-04         1.0000000E+30            609575       
 NEXT SEEDS: 8CE6651      19       0       0       0       0   181CD    3039       0       0
   15900000                766666                766666             2.7087660E-04         1.0000000E+30            621266       
 NEXT SEEDS:25A11568      19       0       0       0       0   181CD    3039       0       0
   16200000                466666                466666             2.7087779E-04         1.0000000E+30            632972       
 NEXT SEEDS: 6CE2792      1A       0       0       0       0   181CD    3039       0       0
   16500000                166666                166666             2.7260878E-04         1.0000000E+30            644854       
 NEXT SEEDS:239DFE2E      1A       0       0       0       0   181CD    3039       0       0
   16666616                    50                    50             2.7355314E-04         1.0000000E+30            651352       
 NEXT SEEDS:33990303      1A       0       0       0       0   181CD    3039       0       0
   16666617                    49                    49             2.7355315E-04         1.0000000E+30            651352       
 NEXT SEEDS:33990AD2      1A       0       0       0       0   181CD    3039       0       0
   16666618                    48                    48             2.7355322E-04         1.0000000E+30            651353       
 NEXT SEEDS:33992111      1A       0       0       0       0   181CD    3039       0       0
   16666619                    47                    47             2.7355323E-04         1.0000000E+30            651353       
 NEXT SEEDS:33992473      1A       0       0       0       0   181CD    3039       0       0
   16666620                    46                    46             2.7355325E-04         1.0000000E+30            651353       
 NEXT SEEDS:339926F6      1A       0       0       0       0   181CD    3039       0       0
   16666621                    45                    45             2.7355326E-04         1.0000000E+30            651353       
 NEXT SEEDS:33992D26      1A       0       0       0       0   181CD    3039       0       0
   16666622                    44                    44             2.7355327E-04         1.0000000E+30            651353       
 NEXT SEEDS:33992F2B      1A       0       0       0       0   181CD    3039       0       0
   16666623                    43                    43             2.7355326E-04         1.0000000E+30            651353       
 NEXT SEEDS:33993063      1A       0       0       0       0   181CD    3039       0       0
   16666624                    42                    42             2.7355327E-04         1.0000000E+30            651353       
 NEXT SEEDS:33993868      1A       0       0       0       0   181CD    3039       0       0
   16666625                    41                    41             2.7355328E-04         1.0000000E+30            651353       
 NEXT SEEDS:33993966      1A       0       0       0       0   181CD    3039       0       0
   16666626                    40                    40             2.7355347E-04         1.0000000E+30            651354       
 NEXT SEEDS:339971C2      1A       0       0       0       0   181CD    3039       0       0
   16666627                    39                    39             2.7355351E-04         1.0000000E+30            651354       
 NEXT SEEDS:33997CD7      1A       0       0       0       0   181CD    3039       0       0
   16666628                    38                    38             2.7355353E-04         1.0000000E+30            651354       
 NEXT SEEDS:339981A3      1A       0       0       0       0   181CD    3039       0       0
   16666629                    37                    37             2.7355351E-04         1.0000000E+30            651354       
 NEXT SEEDS:3399842D      1A       0       0       0       0   181CD    3039       0       0
   16666630                    36                    36             2.7355355E-04         1.0000000E+30            651354       
 NEXT SEEDS:33998BED      1A       0       0       0       0   181CD    3039       0       0
   16666631                    35                    35             2.7355353E-04         1.0000000E+30            651354       
 NEXT SEEDS:33998EB8      1A       0       0       0       0   181CD    3039       0       0
   16666632                    34                    34             2.7355355E-04         1.0000000E+30            651354       
 NEXT SEEDS:33999273      1A       0       0       0       0   181CD    3039       0       0
   16666633                    33                    33             2.7355356E-04         1.0000000E+30            651354       
 NEXT SEEDS:3399973D      1A       0       0       0       0   181CD    3039       0       0
   16666634                    32                    32             2.7355357E-04         1.0000000E+30            651354       
 NEXT SEEDS:33999E48      1A       0       0       0       0   181CD    3039       0       0
   16666635                    31                    31             2.7355359E-04         1.0000000E+30            651355       
 NEXT SEEDS:3399A1B0      1A       0       0       0       0   181CD    3039       0       0
   16666636                    30                    30             2.7355360E-04         1.0000000E+30            651355       
 NEXT SEEDS:3399A8A8      1A       0       0       0       0   181CD    3039       0       0
   16666637                    29                    29             2.7355361E-04         1.0000000E+30            651355       
 NEXT SEEDS:3399ACE1      1A       0       0       0       0   181CD    3039       0       0
   16666638                    28                    28             2.7355360E-04         1.0000000E+30            651355       
 NEXT SEEDS:3399B220      1A       0       0       0       0   181CD    3039       0       0
   16666639                    27                    27             2.7355358E-04         1.0000000E+30            651355       
 NEXT SEEDS:3399B6F5      1A       0       0       0       0   181CD    3039       0       0
   16666640                    26                    26             2.7355356E-04         1.0000000E+30            651355       
 NEXT SEEDS:3399BF1D      1A       0       0       0       0   181CD    3039       0       0
   16666641                    25                    25             2.7355355E-04         1.0000000E+30            651355       
 NEXT SEEDS:3399C491      1A       0       0       0       0   181CD    3039       0       0
   16666642                    24                    24             2.7355353E-04         1.0000000E+30            651355       
 NEXT SEEDS:3399CCAD      1A       0       0       0       0   181CD    3039       0       0
   16666643                    23                    23             2.7355351E-04         1.0000000E+30            651355       
 NEXT SEEDS:3399D05E      1A       0       0       0       0   181CD    3039       0       0
   16666644                    22                    22             2.7355350E-04         1.0000000E+30            651355       
 NEXT SEEDS:3399D243      1A       0       0       0       0   181CD    3039       0       0
   16666645                    21                    21             2.7355348E-04         1.0000000E+30            651355       
 NEXT SEEDS:3399D9D3      1A       0       0       0       0   181CD    3039       0       0
   16666646                    20                    20             2.7355349E-04         1.0000000E+30            651355       
 NEXT SEEDS:3399E566      1A       0       0       0       0   181CD    3039       0       0
   16666647                    19                    19             2.7355354E-04         1.0000000E+30            651355       
 NEXT SEEDS:3399EEC4      1A       0       0       0       0   181CD    3039       0       0
   16666648                    18                    18             2.7355355E-04         1.0000000E+30            651355       
 NEXT SEEDS:3399F894      1A       0       0       0       0   181CD    3039       0       0
   16666649                    17                    17             2.7355356E-04         1.0000000E+30            651355       
 NEXT SEEDS:339A000D      1A       0       0       0       0   181CD    3039       0       0
   16666650                    16                    16             2.7355360E-04         1.0000000E+30            651355       
 NEXT SEEDS:339A0873      1A       0       0       0       0   181CD    3039       0       0
   16666651                    15                    15             2.7355362E-04         1.0000000E+30            651355       
 NEXT SEEDS:339A10B8      1A       0       0       0       0   181CD    3039       0       0
   16666652                    14                    14             2.7355360E-04         1.0000000E+30            651355       
 NEXT SEEDS:339A124C      1A       0       0       0       0   181CD    3039       0       0
   16666653                    13                    13             2.7355361E-04         1.0000000E+30            651355       
 NEXT SEEDS:339A15C1      1A       0       0       0       0   181CD    3039       0       0
   16666654                    12                    12             2.7355363E-04         1.0000000E+30            651355       
 NEXT SEEDS:339A175D      1A       0       0       0       0   181CD    3039       0       0
   16666655                    11                    11             2.7355361E-04         1.0000000E+30            651355       
 NEXT SEEDS:339A187D      1A       0       0       0       0   181CD    3039       0       0
   16666656                    10                    10             2.7355362E-04         1.0000000E+30            651355       
 NEXT SEEDS:339A1A2B      1A       0       0       0       0   181CD    3039       0       0
   16666657                     9                     9             2.7355364E-04         1.0000000E+30            651355       
 NEXT SEEDS:339A1E1D      1A       0       0       0       0   181CD    3039       0       0
   16666658                     8                     8             2.7355362E-04         1.0000000E+30            651355       
 NEXT SEEDS:339A2133      1A       0       0       0       0   181CD    3039       0       0
   16666659                     7                     7             2.7355363E-04         1.0000000E+30            651355       
 NEXT SEEDS:339A2341      1A       0       0       0       0   181CD    3039       0       0
   16666660                     6                     6             2.7355364E-04         1.0000000E+30            651355       
 NEXT SEEDS:339A2809      1A       0       0       0       0   181CD    3039       0       0
   16666661                     5                     5             2.7355366E-04         1.0000000E+30            651355       
 NEXT SEEDS:339A2AB6      1A       0       0       0       0   181CD    3039       0       0
   16666662                     4                     4             2.7355364E-04         1.0000000E+30            651355       
 NEXT SEEDS:339A2F1D      1A       0       0       0       0   181CD    3039       0       0
   16666663                     3                     3             2.7355368E-04         1.0000000E+30            651355       
 NEXT SEEDS:339A3674      1A       0       0       0       0   181CD    3039       0       0
   16666664                     2                     2             2.7355367E-04         1.0000000E+30            651355       
 NEXT SEEDS:339A395F      1A       0       0       0       0   181CD    3039       0       0
   16666665                     1                     1             2.7355371E-04         1.0000000E+30            651355       
 NEXT SEEDS:339A4120      1A       0       0       0       0   181CD    3039       0       0
   16666666                     0                     1             2.7355372E-04         1.0000000E+30            651355       
 NEXT SEEDS:339A48DB      1A       0       0       0       0   181CD    3039       0       0
