1NUMBER OF BEAM       NUMBER OF BEAM        APPROXIMATE NUMBER    AVERAGE TIME USED     TIME LEFT (RESERVED   NUMBER OF STARS
 PARTICLES HANDLED    PARTICLES LEFT        OF BEAM PARTICLES     BY A BEAM PARTICLE     10000.0 SECONDS      CREATED
                                            THAT CAN STILL BE                           FOR PRINTOUT)
                                            HANDLED

 NEXT SEEDS:       0       0       0       0       0       0   181CD    3039       0       0
          1               9999999               9999999             3.3569336E-04         1.0000000E+30                 0       
 NEXT SEEDS:     49C       0       0       0       0       0   181CD    3039       0       0
     200000               9800000               9800000             4.6585821E-04         1.0000000E+30              5094       
 NEXT SEEDS: D5A443D       0       0       0       0       0   181CD    3039       0       0
     400000               9600000               9600000             4.8706290E-04         1.0000000E+30             10415       
 NEXT SEEDS:1ABA5894       0       0       0       0       0   181CD    3039       0       0
     600000               9400000               9400000             4.7125671E-04         1.0000000E+30             15603       
 NEXT SEEDS:280E60DD       0       0       0       0       0   181CD    3039       0       0
     800000               9200000               9200000             4.9935424E-04         1.0000000E+30             20829       
 NEXT SEEDS:3564BF74       0       0       0       0       0   181CD    3039       0       0
    1000000               9000000               9000000             4.8723696E-04         1.0000000E+30             25930       
 NEXT SEEDS: 7271012       1       0       0       0       0   181CD    3039       0       0
    1200000               8800000               8800000             4.6578259E-04         1.0000000E+30             31201       
 NEXT SEEDS:147F3551       1       0       0       0       0   181CD    3039       0       0
    1400000               8600000               8600000             4.4540377E-04         1.0000000E+30             36331       
 NEXT SEEDS:21E377F6       1       0       0       0       0   181CD    3039       0       0
    1600000               8400000               8400000             4.2927759E-04         1.0000000E+30             41532       
 NEXT SEEDS:2F3E9BF6       1       0       0       0       0   181CD    3039       0       0
    1800000               8200000               8200000             4.2305506E-04         1.0000000E+30             46647       
 NEXT SEEDS:  F7B690       2       0       0       0       0   181CD    3039       0       0
    2000000               8000000               8000000             4.1755772E-04         1.0000000E+30             51751       
 NEXT SEEDS: E450C60       2       0       0       0       0   181CD    3039       0       0
    2200000               7800000               7800000             4.1258349E-04         1.0000000E+30             56870       
 NEXT SEEDS:1B95B2B6       2       0       0       0       0   181CD    3039       0       0
    2400000               7600000               7600000             4.0840125E-04         1.0000000E+30             61974       
 NEXT SEEDS:28E1D96D       2       0       0       0       0   181CD    3039       0       0
    2600000               7400000               7400000             4.0320698E-04         1.0000000E+30             67220       
 NEXT SEEDS:36479CEA       2       0       0       0       0   181CD    3039       0       0
    2800000               7200000               7200000             4.0043890E-04         1.0000000E+30             72395       
 NEXT SEEDS: 7FF283F       3       0       0       0       0   181CD    3039       0       0
    3000000               7000000               7000000             3.9798324E-04         1.0000000E+30             77618       
 NEXT SEEDS:15609D28       3       0       0       0       0   181CD    3039       0       0
    3200000               6800000               6800000             3.9586633E-04         1.0000000E+30             82736       
 NEXT SEEDS:22D161C9       3       0       0       0       0   181CD    3039       0       0
    3400000               6600000               6600000             3.9483780E-04         1.0000000E+30             87682       
 NEXT SEEDS:301CEA24       3       0       0       0       0   181CD    3039       0       0
    3600000               6400000               6400000             3.9300534E-04         1.0000000E+30             92742       
 NEXT SEEDS: 1CBB1B9       4       0       0       0       0   181CD    3039       0       0
    3800000               6200000               6200000             3.8965394E-04         1.0000000E+30             97951       
 NEXT SEEDS: F393950       4       0       0       0       0   181CD    3039       0       0
    4000000               6000000               6000000             3.8353510E-04         1.0000000E+30            103275       
 NEXT SEEDS:1CA386E0       4       0       0       0       0   181CD    3039       0       0
    4200000               5800000               5800000             3.8251936E-04         1.0000000E+30            108338       
 NEXT SEEDS:29FBDF91       4       0       0       0       0   181CD    3039       0       0
    4400000               5600000               5600000             3.8158562E-04         1.0000000E+30            113454       
 NEXT SEEDS:3755B8CF       4       0       0       0       0   181CD    3039       0       0
    4600000               5400000               5400000             3.8131356E-04         1.0000000E+30            118534       
 NEXT SEEDS: 90DF126       5       0       0       0       0   181CD    3039       0       0
    4800000               5200000               5200000             3.7978018E-04         1.0000000E+30            123823       
 NEXT SEEDS:168F67DE       5       0       0       0       0   181CD    3039       0       0
    5000000               5000000               5000000             3.7692535E-04         1.0000000E+30            128984       
 NEXT SEEDS:23E32A64       5       0       0       0       0   181CD    3039       0       0
    5200000               4800000               4800000             3.7452614E-04         1.0000000E+30            134139       
 NEXT SEEDS:31371E95       5       0       0       0       0   181CD    3039       0       0
    5400000               4600000               4600000             3.7050257E-04         1.0000000E+30            139224       
 NEXT SEEDS: 3053035       6       0       0       0       0   181CD    3039       0       0
    5600000               4400000               4400000             3.6605971E-04         1.0000000E+30            144345       
 NEXT SEEDS:1055CBB1       6       0       0       0       0   181CD    3039       0       0
 COUSET, TXYZ:   1.00000000018187      0.836441400366139      0.548056369470576    
    5800000               4200000               4200000             3.6255523E-04         1.0000000E+30            149536       
 NEXT SEEDS:1DB5BEA6       6       0       0       0       0   181CD    3039       0       0
    6000000               4000000               4000000             3.5930921E-04         1.0000000E+30            154695       
 NEXT SEEDS:2B0DB427       6       0       0       0       0   181CD    3039       0       0
    6200000               3800000               3800000             3.5575889E-04         1.0000000E+30            159863       
 NEXT SEEDS:386B3587       6       0       0       0       0   181CD    3039       0       0
    6400000               3600000               3600000             3.5282662E-04         1.0000000E+30            165020       
 NEXT SEEDS: A2B3B33       7       0       0       0       0   181CD    3039       0       0
    6600000               3400000               3400000             3.4952323E-04         1.0000000E+30            170187       
 NEXT SEEDS:17792918       7       0       0       0       0   181CD    3039       0       0
    6800000               3200000               3200000             3.4837022E-04         1.0000000E+30            175392       
 NEXT SEEDS:24D18D00       7       0       0       0       0   181CD    3039       0       0
    7000000               3000000               3000000             3.4727923E-04         1.0000000E+30            180576       
 NEXT SEEDS:3227E407       7       0       0       0       0   181CD    3039       0       0
    7200000               2800000               2800000             3.4769847E-04         1.0000000E+30            185606       
 NEXT SEEDS: 403F942       8       0       0       0       0   181CD    3039       0       0
    7400000               2600000               2600000             3.4826189E-04         1.0000000E+30            190836       
 NEXT SEEDS:11677ECE       8       0       0       0       0   181CD    3039       0       0
    7600000               2400000               2400000             3.4877516E-04         1.0000000E+30            195873       
 NEXT SEEDS:1EB71DDB       8       0       0       0       0   181CD    3039       0       0
    7800000               2200000               2200000             3.4903684E-04         1.0000000E+30            201025       
 NEXT SEEDS:2C220626       8       0       0       0       0   181CD    3039       0       0
    8000000               2000000               2000000             3.4909406E-04         1.0000000E+30            206241       
 NEXT SEEDS:398C8616       8       0       0       0       0   181CD    3039       0       0
    8200000               1800000               1800000             3.4809413E-04         1.0000000E+30            211432       
 NEXT SEEDS: B44FE81       9       0       0       0       0   181CD    3039       0       0
    8400000               1600000               1600000             3.4699579E-04         1.0000000E+30            216527       
 NEXT SEEDS:18972E05       9       0       0       0       0   181CD    3039       0       0
    8600000               1400000               1400000             3.4748229E-04         1.0000000E+30            221735       
 NEXT SEEDS:25ECE1B7       9       0       0       0       0   181CD    3039       0       0
    8800000               1200000               1200000             3.4775771E-04         1.0000000E+30            226905       
 NEXT SEEDS:334B7105       9       0       0       0       0   181CD    3039       0       0
    9000000               1000000               1000000             3.4547553E-04         1.0000000E+30            231949       
 NEXT SEEDS: 504A4B2       A       0       0       0       0   181CD    3039       0       0
 COUSET, TXYZ:  0.999999999967409      6.399263873924647E-02  0.997950370570604    
    9200000                800000                800000             3.4554908E-04         1.0000000E+30            237074       
 NEXT SEEDS:1250C4C0       A       0       0       0       0   181CD    3039       0       0
    9400000                600000                600000             3.4518791E-04         1.0000000E+30            242314       
 NEXT SEEDS:1FA704DA       A       0       0       0       0   181CD    3039       0       0
    9600000                400000                400000             3.4434555E-04         1.0000000E+30            247470       
 NEXT SEEDS:2D09EED2       A       0       0       0       0   181CD    3039       0       0
    9800000                200000                200000             3.4470023E-04         1.0000000E+30            252652       
 NEXT SEEDS:3A6CA824       A       0       0       0       0   181CD    3039       0       0
    9999950                    50                    50             3.4516862E-04         1.0000000E+30            257755       
 NEXT SEEDS: C36E5F1       B       0       0       0       0   181CD    3039       0       0
    9999951                    49                    49             3.4516859E-04         1.0000000E+30            257755       
 NEXT SEEDS: C36E8DA       B       0       0       0       0   181CD    3039       0       0
    9999952                    48                    48             3.4516855E-04         1.0000000E+30            257755       
 NEXT SEEDS: C36EC46       B       0       0       0       0   181CD    3039       0       0
    9999953                    47                    47             3.4516862E-04         1.0000000E+30            257755       
 NEXT SEEDS: C36EFC7       B       0       0       0       0   181CD    3039       0       0
    9999954                    46                    46             3.4516880E-04         1.0000000E+30            257755       
 NEXT SEEDS: C36F6B6       B       0       0       0       0   181CD    3039       0       0
    9999955                    45                    45             3.4516901E-04         1.0000000E+30            257755       
 NEXT SEEDS: C36FE69       B       0       0       0       0   181CD    3039       0       0
    9999956                    44                    44             3.4516910E-04         1.0000000E+30            257755       
 NEXT SEEDS: C3700F7       B       0       0       0       0   181CD    3039       0       0
    9999957                    43                    43             3.4516924E-04         1.0000000E+30            257755       
 NEXT SEEDS: C370435       B       0       0       0       0   181CD    3039       0       0
    9999958                    42                    42             3.4516940E-04         1.0000000E+30            257755       
 NEXT SEEDS: C370997       B       0       0       0       0   181CD    3039       0       0
    9999959                    41                    41             3.4516951E-04         1.0000000E+30            257755       
 NEXT SEEDS: C370CE1       B       0       0       0       0   181CD    3039       0       0
    9999960                    40                    40             3.4516947E-04         1.0000000E+30            257755       
 NEXT SEEDS: C371368       B       0       0       0       0   181CD    3039       0       0
    9999961                    39                    39             3.4516944E-04         1.0000000E+30            257755       
 NEXT SEEDS: C3715B8       B       0       0       0       0   181CD    3039       0       0
    9999962                    38                    38             3.4516953E-04         1.0000000E+30            257755       
 NEXT SEEDS: C371AA7       B       0       0       0       0   181CD    3039       0       0
    9999963                    37                    37             3.4516964E-04         1.0000000E+30            257755       
 NEXT SEEDS: C371E46       B       0       0       0       0   181CD    3039       0       0
    9999964                    36                    36             3.4516975E-04         1.0000000E+30            257755       
 NEXT SEEDS: C3720BC       B       0       0       0       0   181CD    3039       0       0
    9999965                    35                    35             3.4516994E-04         1.0000000E+30            257755       
 NEXT SEEDS: C3727DF       B       0       0       0       0   181CD    3039       0       0
    9999966                    34                    34             3.4517005E-04         1.0000000E+30            257755       
 NEXT SEEDS: C372AB0       B       0       0       0       0   181CD    3039       0       0
    9999967                    33                    33             3.4517014E-04         1.0000000E+30            257755       
 NEXT SEEDS: C372D26       B       0       0       0       0   181CD    3039       0       0
    9999968                    32                    32             3.4517032E-04         1.0000000E+30            257755       
 NEXT SEEDS: C373438       B       0       0       0       0   181CD    3039       0       0
    9999969                    31                    31             3.4517048E-04         1.0000000E+30            257755       
 NEXT SEEDS: C373937       B       0       0       0       0   181CD    3039       0       0
    9999970                    30                    30             3.4517057E-04         1.0000000E+30            257755       
 NEXT SEEDS: C373B61       B       0       0       0       0   181CD    3039       0       0
    9999971                    29                    29             3.4517066E-04         1.0000000E+30            257755       
 NEXT SEEDS: C373D88       B       0       0       0       0   181CD    3039       0       0
    9999972                    28                    28             3.4517074E-04         1.0000000E+30            257755       
 NEXT SEEDS: C373F38       B       0       0       0       0   181CD    3039       0       0
    9999973                    27                    27             3.4517088E-04         1.0000000E+30            257755       
 NEXT SEEDS: C37448B       B       0       0       0       0   181CD    3039       0       0
    9999974                    26                    26             3.4517102E-04         1.0000000E+30            257755       
 NEXT SEEDS: C374860       B       0       0       0       0   181CD    3039       0       0
    9999975                    25                    25             3.4517118E-04         1.0000000E+30            257755       
 NEXT SEEDS: C374EA0       B       0       0       0       0   181CD    3039       0       0
    9999976                    24                    24             3.4517129E-04         1.0000000E+30            257755       
 NEXT SEEDS: C375231       B       0       0       0       0   181CD    3039       0       0
    9999977                    23                    23             3.4517148E-04         1.0000000E+30            257755       
 NEXT SEEDS: C37583D       B       0       0       0       0   181CD    3039       0       0
    9999978                    22                    22             3.4517159E-04         1.0000000E+30            257755       
 NEXT SEEDS: C375BF9       B       0       0       0       0   181CD    3039       0       0
    9999979                    21                    21             3.4517175E-04         1.0000000E+30            257755       
 NEXT SEEDS: C3760AC       B       0       0       0       0   181CD    3039       0       0
    9999980                    20                    20             3.4517186E-04         1.0000000E+30            257755       
 NEXT SEEDS: C376451       B       0       0       0       0   181CD    3039       0       0
    9999981                    19                    19             3.4517200E-04         1.0000000E+30            257755       
 NEXT SEEDS: C3768B9       B       0       0       0       0   181CD    3039       0       0
    9999982                    18                    18             3.4517211E-04         1.0000000E+30            257755       
 NEXT SEEDS: C376B9C       B       0       0       0       0   181CD    3039       0       0
    9999983                    17                    17             3.4517229E-04         1.0000000E+30            257755       
 NEXT SEEDS: C3770EC       B       0       0       0       0   181CD    3039       0       0
    9999984                    16                    16             3.4517226E-04         1.0000000E+30            257755       
 NEXT SEEDS: C377393       B       0       0       0       0   181CD    3039       0       0
    9999985                    15                    15             3.4517222E-04         1.0000000E+30            257755       
 NEXT SEEDS: C3774A1       B       0       0       0       0   181CD    3039       0       0
    9999986                    14                    14             3.4517219E-04         1.0000000E+30            257755       
 NEXT SEEDS: C3777FC       B       0       0       0       0   181CD    3039       0       0
    9999987                    13                    13             3.4517216E-04         1.0000000E+30            257755       
 NEXT SEEDS: C377E59       B       0       0       0       0   181CD    3039       0       0
    9999988                    12                    12             3.4517212E-04         1.0000000E+30            257755       
 NEXT SEEDS: C378295       B       0       0       0       0   181CD    3039       0       0
    9999989                    11                    11             3.4517218E-04         1.0000000E+30            257755       
 NEXT SEEDS: C378712       B       0       0       0       0   181CD    3039       0       0
    9999990                    10                    10             3.4517230E-04         1.0000000E+30            257755       
 NEXT SEEDS: C378969       B       0       0       0       0   181CD    3039       0       0
    9999991                     9                     9             3.4517248E-04         1.0000000E+30            257755       
 NEXT SEEDS: C378FFF       B       0       0       0       0   181CD    3039       0       0
    9999992                     8                     8             3.4517257E-04         1.0000000E+30            257755       
 NEXT SEEDS: C3792D6       B       0       0       0       0   181CD    3039       0       0
    9999993                     7                     7             3.4517266E-04         1.0000000E+30            257755       
 NEXT SEEDS: C37950C       B       0       0       0       0   181CD    3039       0       0
    9999994                     6                     6             3.4517282E-04         1.0000000E+30            257755       
 NEXT SEEDS: C3799E2       B       0       0       0       0   181CD    3039       0       0
    9999995                     5                     5             3.4517298E-04         1.0000000E+30            257755       
 NEXT SEEDS: C379F78       B       0       0       0       0   181CD    3039       0       0
    9999996                     4                     4             3.4517311E-04         1.0000000E+30            257755       
 NEXT SEEDS: C37A458       B       0       0       0       0   181CD    3039       0       0
    9999997                     3                     3             3.4517325E-04         1.0000000E+30            257755       
 NEXT SEEDS: C37A824       B       0       0       0       0   181CD    3039       0       0
    9999998                     2                     2             3.4517341E-04         1.0000000E+30            257755       
 NEXT SEEDS: C37AF2D       B       0       0       0       0   181CD    3039       0       0
    9999999                     1                     1             3.4517355E-04         1.0000000E+30            257755       
 NEXT SEEDS: C37B434       B       0       0       0       0   181CD    3039       0       0
   10000000                     0                     1             3.4517361E-04         1.0000000E+30            257755       
 NEXT SEEDS: C37B4DE       B       0       0       0       0   181CD    3039       0       0
