1NUMBER OF BEAM       NUMBER OF BEAM        APPROXIMATE NUMBER    AVERAGE TIME USED     TIME LEFT (RESERVED   NUMBER OF STARS
 PARTICLES HANDLED    PARTICLES LEFT        OF BEAM PARTICLES     BY A BEAM PARTICLE     10000.0 SECONDS      CREATED
                                            THAT CAN STILL BE                           FOR PRINTOUT)
                                            HANDLED

 NEXT SEEDS:       0       0       0       0       0       0   181CD    3039       0       0
          1              49999999              49999999             1.9407272E-04         1.0000000E+30                 0       
 NEXT SEEDS:     18F       0       0       0       0       0   181CD    3039       0       0
    1000000              49000000              49000000             2.5884646E-04         1.0000000E+30             12754       
 NEXT SEEDS:2272E3B8       0       0       0       0       0   181CD    3039       0       0
    2000000              48000000              48000000             2.8212413E-04         1.0000000E+30             25436       
 NEXT SEEDS: 928AFA8       1       0       0       0       0   181CD    3039       0       0
    3000000              47000000              47000000             2.6671514E-04         1.0000000E+30             37952       
 NEXT SEEDS:2B81EE99       1       0       0       0       0   181CD    3039       0       0
    4000000              46000000              46000000             2.5453446E-04         1.0000000E+30             50774       
 NEXT SEEDS:122FBE7E       2       0       0       0       0   181CD    3039       0       0
    5000000              45000000              45000000             2.5010959E-04         1.0000000E+30             63652       
 NEXT SEEDS:34768574       2       0       0       0       0   181CD    3039       0       0
    6000000              44000000              44000000             2.4040148E-04         1.0000000E+30             76536       
 NEXT SEEDS:1B2D023A       3       0       0       0       0   181CD    3039       0       0
    7000000              43000000              43000000             2.3329858E-04         1.0000000E+30             89215       
 NEXT SEEDS: 1DC5959       4       0       0       0       0   181CD    3039       0       0
    8000000              42000000              42000000             2.3196791E-04         1.0000000E+30            102033       
 NEXT SEEDS:243BDE95       4       0       0       0       0   181CD    3039       0       0
    9000000              41000000              41000000             2.2760325E-04         1.0000000E+30            114739       
 NEXT SEEDS: AEC3325       5       0       0       0       0   181CD    3039       0       0
   10000000              40000000              40000000             2.2192996E-04         1.0000000E+30            127482       
 NEXT SEEDS:2D31C080       5       0       0       0       0   181CD    3039       0       0
   11000000              39000000              39000000             2.2184944E-04         1.0000000E+30            140215       
 NEXT SEEDS:13DC62E7       6       0       0       0       0   181CD    3039       0       0
   12000000              38000000              38000000             2.2275684E-04         1.0000000E+30            153062       
 NEXT SEEDS:36278060       6       0       0       0       0   181CD    3039       0       0
   13000000              37000000              37000000             2.2110886E-04         1.0000000E+30            165683       
 NEXT SEEDS:1CCE276A       7       0       0       0       0   181CD    3039       0       0
   14000000              36000000              36000000             2.1804824E-04         1.0000000E+30            178532       
 NEXT SEEDS: 38919D0       8       0       0       0       0   181CD    3039       0       0
   15000000              35000000              35000000             2.1407338E-04         1.0000000E+30            191256       
 NEXT SEEDS:25E5237D       8       0       0       0       0   181CD    3039       0       0
   16000000              34000000              34000000             2.1431185E-04         1.0000000E+30            204191       
 NEXT SEEDS: CCD261D       9       0       0       0       0   181CD    3039       0       0
   17000000              33000000              33000000             2.1429676E-04         1.0000000E+30            216814       
 NEXT SEEDS:2F22EE7F       9       0       0       0       0   181CD    3039       0       0
   18000000              32000000              32000000             2.1324899E-04         1.0000000E+30            229405       
 NEXT SEEDS:15CDA2AF       A       0       0       0       0   181CD    3039       0       0
   19000000              31000000              31000000             2.1378372E-04         1.0000000E+30            242238       
 NEXT SEEDS:383027CA       A       0       0       0       0   181CD    3039       0       0
 COUSET, TXYZ:  0.999999999988500      0.151098830559786      0.988518661118982    
   20000000              30000000              30000000             2.1336347E-04         1.0000000E+30            254888       
 NEXT SEEDS:1EF0CD30       B       0       0       0       0   181CD    3039       0       0
   21000000              29000000              29000000             2.1224950E-04         1.0000000E+30            267664       
 NEXT SEEDS: 5A6C9CA       C       0       0       0       0   181CD    3039       0       0
   22000000              28000000              28000000             2.1145509E-04         1.0000000E+30            280399       
 NEXT SEEDS:27FBBEA0       C       0       0       0       0   181CD    3039       0       0
   23000000              27000000              27000000             2.0934644E-04         1.0000000E+30            293114       
 NEXT SEEDS: EAED72A       D       0       0       0       0   181CD    3039       0       0
   24000000              26000000              26000000             2.0902561E-04         1.0000000E+30            305912       
 NEXT SEEDS:30FD72DF       D       0       0       0       0   181CD    3039       0       0
 COUSET, TXYZ:   1.00000000000784     -0.792086807539075     -0.610408461063767    
   25000000              25000000              25000000             2.0838636E-04         1.0000000E+30            318751       
 NEXT SEEDS:17E1E8A4       E       0       0       0       0   181CD    3039       0       0
   26000000              24000000              24000000             2.0686453E-04         1.0000000E+30            331545       
 NEXT SEEDS:3A284F8B       E       0       0       0       0   181CD    3039       0       0
   27000000              23000000              23000000             2.0550173E-04         1.0000000E+30            344339       
 NEXT SEEDS:20DE0F93       F       0       0       0       0   181CD    3039       0       0
   28000000              22000000              22000000             2.0577699E-04         1.0000000E+30            356992       
 NEXT SEEDS: 7A984F5      10       0       0       0       0   181CD    3039       0       0
   29000000              21000000              21000000             2.0665444E-04         1.0000000E+30            369620       
 NEXT SEEDS:29F4F24E      10       0       0       0       0   181CD    3039       0       0
   30000000              20000000              20000000             2.0666775E-04         1.0000000E+30            382187       
 NEXT SEEDS:10A7FCFD      11       0       0       0       0   181CD    3039       0       0
 COUSET, TXYZ:  0.999999999991493      0.644642261072905     -0.764484372123981    
   31000000              19000000              19000000             2.0800275E-04         1.0000000E+30            395163       
 NEXT SEEDS:3306B371      11       0       0       0       0   181CD    3039       0       0
   32000000              18000000              18000000             2.0732330E-04         1.0000000E+30            407937       
 NEXT SEEDS:19D1CF28      12       0       0       0       0   181CD    3039       0       0
   33000000              17000000              17000000             2.0687547E-04         1.0000000E+30            420515       
 NEXT SEEDS:  7CB8BC      13       0       0       0       0   181CD    3039       0       0
 COUSET, TXYZ:  0.999999999992916     -0.702424179193481      0.711758577377328    
   34000000              16000000              16000000             2.0773326E-04         1.0000000E+30            433483       
 NEXT SEEDS:22DB5732      13       0       0       0       0   181CD    3039       0       0
   35000000              15000000              15000000             2.0779443E-04         1.0000000E+30            446268       
 NEXT SEEDS: 9A89D2B      14       0       0       0       0   181CD    3039       0       0
   36000000              14000000              14000000             2.0837957E-04         1.0000000E+30            458955       
 NEXT SEEDS:2BF07D16      14       0       0       0       0   181CD    3039       0       0
   37000000              13000000              13000000             2.0748140E-04         1.0000000E+30            471748       
 NEXT SEEDS:12B6D4AC      15       0       0       0       0   181CD    3039       0       0
   38000000              12000000              12000000             2.0645698E-04         1.0000000E+30            484536       
 NEXT SEEDS:3512CF01      15       0       0       0       0   181CD    3039       0       0
   39000000              11000000              11000000             2.0672757E-04         1.0000000E+30            497161       
 NEXT SEEDS:1BD28B39      16       0       0       0       0   181CD    3039       0       0
   40000000              10000000              10000000             2.0704660E-04         1.0000000E+30            509983       
 NEXT SEEDS: 2942A4E      17       0       0       0       0   181CD    3039       0       0
   41000000               9000000               9000000             2.0681176E-04         1.0000000E+30            522888       
 NEXT SEEDS:24F0151A      17       0       0       0       0   181CD    3039       0       0
   42000000               8000000               8000000             2.0581168E-04         1.0000000E+30            535752       
 NEXT SEEDS: BA6BA75      18       0       0       0       0   181CD    3039       0       0
   43000000               7000000               7000000             2.0678738E-04         1.0000000E+30            548485       
 NEXT SEEDS:2DE9BFBD      18       0       0       0       0   181CD    3039       0       0
   44000000               6000000               6000000             2.0720958E-04         1.0000000E+30            561451       
 NEXT SEEDS:14B8AB09      19       0       0       0       0   181CD    3039       0       0
   45000000               5000000               5000000             2.0787777E-04         1.0000000E+30            574267       
 NEXT SEEDS:371B25CD      19       0       0       0       0   181CD    3039       0       0
   46000000               4000000               4000000             2.0752672E-04         1.0000000E+30            587051       
 NEXT SEEDS:1DCC6C20      1A       0       0       0       0   181CD    3039       0       0
 COUSET, TXYZ:   1.00000000000791     -0.887665390537603      0.460489038368491    
   47000000               3000000               3000000             2.0787948E-04         1.0000000E+30            599841       
 NEXT SEEDS: 489470F      1B       0       0       0       0   181CD    3039       0       0
   48000000               2000000               2000000             2.0825189E-04         1.0000000E+30            612434       
 NEXT SEEDS:26F12D5F      1B       0       0       0       0   181CD    3039       0       0
   49000000               1000000               1000000             2.0781479E-04         1.0000000E+30            624935       
 NEXT SEEDS: DBA2A47      1C       0       0       0       0   181CD    3039       0       0
   49999950                    50                    50             2.0760001E-04         1.0000000E+30            637823       
 NEXT SEEDS:3012633C      1C       0       0       0       0   181CD    3039       0       0
   49999951                    49                    49             2.0760002E-04         1.0000000E+30            637823       
 NEXT SEEDS:30126419      1C       0       0       0       0   181CD    3039       0       0
   49999952                    48                    48             2.0760002E-04         1.0000000E+30            637823       
 NEXT SEEDS:301265AD      1C       0       0       0       0   181CD    3039       0       0
   49999953                    47                    47             2.0760002E-04         1.0000000E+30            637823       
 NEXT SEEDS:301266A9      1C       0       0       0       0   181CD    3039       0       0
   49999954                    46                    46             2.0760001E-04         1.0000000E+30            637823       
 NEXT SEEDS:301268D2      1C       0       0       0       0   181CD    3039       0       0
   49999955                    45                    45             2.0760001E-04         1.0000000E+30            637823       
 NEXT SEEDS:30126B0F      1C       0       0       0       0   181CD    3039       0       0
   49999956                    44                    44             2.0760004E-04         1.0000000E+30            637823       
 NEXT SEEDS:30126CE2      1C       0       0       0       0   181CD    3039       0       0
   49999957                    43                    43             2.0760004E-04         1.0000000E+30            637823       
 NEXT SEEDS:30126D6A      1C       0       0       0       0   181CD    3039       0       0
   49999958                    42                    42             2.0760007E-04         1.0000000E+30            637823       
 NEXT SEEDS:301271F6      1C       0       0       0       0   181CD    3039       0       0
   49999959                    41                    41             2.0760007E-04         1.0000000E+30            637823       
 NEXT SEEDS:30127581      1C       0       0       0       0   181CD    3039       0       0
   49999960                    40                    40             2.0760007E-04         1.0000000E+30            637823       
 NEXT SEEDS:30127988      1C       0       0       0       0   181CD    3039       0       0
   49999961                    39                    39             2.0760008E-04         1.0000000E+30            637823       
 NEXT SEEDS:30127CD1      1C       0       0       0       0   181CD    3039       0       0
   49999962                    38                    38             2.0760010E-04         1.0000000E+30            637823       
 NEXT SEEDS:30127D56      1C       0       0       0       0   181CD    3039       0       0
   49999963                    37                    37             2.0760011E-04         1.0000000E+30            637823       
 NEXT SEEDS:30127E40      1C       0       0       0       0   181CD    3039       0       0
   49999964                    36                    36             2.0760013E-04         1.0000000E+30            637823       
 NEXT SEEDS:301280DB      1C       0       0       0       0   181CD    3039       0       0
   49999965                    35                    35             2.0760014E-04         1.0000000E+30            637823       
 NEXT SEEDS:3012835E      1C       0       0       0       0   181CD    3039       0       0
   49999966                    34                    34             2.0760018E-04         1.0000000E+30            637823       
 NEXT SEEDS:301287AE      1C       0       0       0       0   181CD    3039       0       0
   49999967                    33                    33             2.0760019E-04         1.0000000E+30            637823       
 NEXT SEEDS:301288B6      1C       0       0       0       0   181CD    3039       0       0
   49999968                    32                    32             2.0760021E-04         1.0000000E+30            637823       
 NEXT SEEDS:30128A7E      1C       0       0       0       0   181CD    3039       0       0
   49999969                    31                    31             2.0760022E-04         1.0000000E+30            637823       
 NEXT SEEDS:30128B30      1C       0       0       0       0   181CD    3039       0       0
   49999970                    30                    30             2.0760024E-04         1.0000000E+30            637823       
 NEXT SEEDS:30128CB3      1C       0       0       0       0   181CD    3039       0       0
   49999971                    29                    29             2.0760025E-04         1.0000000E+30            637823       
 NEXT SEEDS:30128E59      1C       0       0       0       0   181CD    3039       0       0
   49999972                    28                    28             2.0760029E-04         1.0000000E+30            637823       
 NEXT SEEDS:30129113      1C       0       0       0       0   181CD    3039       0       0
   49999973                    27                    27             2.0760030E-04         1.0000000E+30            637823       
 NEXT SEEDS:301292FD      1C       0       0       0       0   181CD    3039       0       0
   49999974                    26                    26             2.0760032E-04         1.0000000E+30            637823       
 NEXT SEEDS:3012937A      1C       0       0       0       0   181CD    3039       0       0
   49999975                    25                    25             2.0760033E-04         1.0000000E+30            637823       
 NEXT SEEDS:30129669      1C       0       0       0       0   181CD    3039       0       0
   49999976                    24                    24             2.0760035E-04         1.0000000E+30            637823       
 NEXT SEEDS:30129821      1C       0       0       0       0   181CD    3039       0       0
   49999977                    23                    23             2.0760037E-04         1.0000000E+30            637823       
 NEXT SEEDS:30129854      1C       0       0       0       0   181CD    3039       0       0
   49999978                    22                    22             2.0760038E-04         1.0000000E+30            637823       
 NEXT SEEDS:301298D5      1C       0       0       0       0   181CD    3039       0       0
   49999979                    21                    21             2.0760040E-04         1.0000000E+30            637823       
 NEXT SEEDS:30129A19      1C       0       0       0       0   181CD    3039       0       0
   49999980                    20                    20             2.0760043E-04         1.0000000E+30            637823       
 NEXT SEEDS:30129E3B      1C       0       0       0       0   181CD    3039       0       0
   49999981                    19                    19             2.0760045E-04         1.0000000E+30            637823       
 NEXT SEEDS:3012A0AB      1C       0       0       0       0   181CD    3039       0       0
   49999982                    18                    18             2.0760046E-04         1.0000000E+30            637823       
 NEXT SEEDS:3012A12F      1C       0       0       0       0   181CD    3039       0       0
   49999983                    17                    17             2.0760050E-04         1.0000000E+30            637823       
 NEXT SEEDS:3012A40B      1C       0       0       0       0   181CD    3039       0       0
   49999984                    16                    16             2.0760051E-04         1.0000000E+30            637823       
 NEXT SEEDS:3012A7EB      1C       0       0       0       0   181CD    3039       0       0
   49999985                    15                    15             2.0760055E-04         1.0000000E+30            637823       
 NEXT SEEDS:3012AC5C      1C       0       0       0       0   181CD    3039       0       0
   49999986                    14                    14             2.0760056E-04         1.0000000E+30            637823       
 NEXT SEEDS:3012AD09      1C       0       0       0       0   181CD    3039       0       0
   49999987                    13                    13             2.0760058E-04         1.0000000E+30            637823       
 NEXT SEEDS:3012AD7F      1C       0       0       0       0   181CD    3039       0       0
   49999988                    12                    12             2.0760059E-04         1.0000000E+30            637823       
 NEXT SEEDS:3012AF77      1C       0       0       0       0   181CD    3039       0       0
   49999989                    11                    11             2.0760061E-04         1.0000000E+30            637823       
 NEXT SEEDS:3012B273      1C       0       0       0       0   181CD    3039       0       0
   49999990                    10                    10             2.0760064E-04         1.0000000E+30            637823       
 NEXT SEEDS:3012B460      1C       0       0       0       0   181CD    3039       0       0
   49999991                     9                     9             2.0760066E-04         1.0000000E+30            637823       
 NEXT SEEDS:3012B5C7      1C       0       0       0       0   181CD    3039       0       0
   49999992                     8                     8             2.0760067E-04         1.0000000E+30            637823       
 NEXT SEEDS:3012B734      1C       0       0       0       0   181CD    3039       0       0
   49999993                     7                     7             2.0760087E-04         1.0000000E+30            637824       
 NEXT SEEDS:3012D94D      1C       0       0       0       0   181CD    3039       0       0
   49999994                     6                     6             2.0760088E-04         1.0000000E+30            637824       
 NEXT SEEDS:3012D9C8      1C       0       0       0       0   181CD    3039       0       0
   49999995                     5                     5             2.0760088E-04         1.0000000E+30            637824       
 NEXT SEEDS:3012DA4A      1C       0       0       0       0   181CD    3039       0       0
   49999996                     4                     4             2.0760089E-04         1.0000000E+30            637824       
 NEXT SEEDS:3012DB17      1C       0       0       0       0   181CD    3039       0       0
   49999997                     3                     3             2.0760093E-04         1.0000000E+30            637824       
 NEXT SEEDS:3012DE8A      1C       0       0       0       0   181CD    3039       0       0
   49999998                     2                     2             2.0760094E-04         1.0000000E+30            637824       
 NEXT SEEDS:3012DF74      1C       0       0       0       0   181CD    3039       0       0
   49999999                     1                     1             2.0760096E-04         1.0000000E+30            637824       
 NEXT SEEDS:3012DFEF      1C       0       0       0       0   181CD    3039       0       0
   50000000                     0                     1             2.0760097E-04         1.0000000E+30            637824       
 NEXT SEEDS:3012E061      1C       0       0       0       0   181CD    3039       0       0
