1NUMBER OF BEAM       NUMBER OF BEAM        APPROXIMATE NUMBER    AVERAGE TIME USED     TIME LEFT (RESERVED   NUMBER OF STARS
 PARTICLES HANDLED    PARTICLES LEFT        OF BEAM PARTICLES     BY A BEAM PARTICLE     10000.0 SECONDS      CREATED
                                            THAT CAN STILL BE                           FOR PRINTOUT)
                                            HANDLED

 NEXT SEEDS: 96FD12E       0       0       0       0       0   181CD    3039       0       0
          1                 99999                 99999             7.6293945E-04         1.0000000E+30                 0       
 NEXT SEEDS: 96FD1AA       0       0       0       0       0   181CD    3039       0       0
  *** Kaon: P_min > 1.5 GeV/c:           15   4.5559950684955641     
  *** Kbar: P_min > 1.8 GeV/c:           16   2.6453964127316030     
  *** Kbar: P_min > 1.8 GeV/c:           16   2.5025851061542874     
  *** Kbar: P_min > 1.8 GeV/c:           16   2.5007465455682492     
  *** Kbar: P_min > 1.8 GeV/c:           16   3.1173443599011930     
  *** Kaon: P_min > 1.5 GeV/c:           24   3.2461658549882988     
  *** Kaon: P_min > 1.5 GeV/c:           24   3.2460685274898027     
  *** Kaon: P_min > 1.5 GeV/c:           24   2.8132129723509207     
  *** Kaon: P_min > 1.5 GeV/c:           15   1.7798748710532271     
  *** Kaon: P_min > 1.5 GeV/c:           15   1.7669237197481287     
  *** Kaon: P_min > 1.5 GeV/c:           24   4.5650918438933203     
  *** Kaon: P_min > 1.5 GeV/c:           15   3.2015426288549200     
  *** Kaon: P_min > 1.5 GeV/c:           24   2.7223236024566022     
  *** Kaon: P_min > 1.5 GeV/c:           24   23.605439727419466     
  *** Kaon: P_min > 1.5 GeV/c:           15   4.5914198020390238     
  *** Kaon: P_min > 1.5 GeV/c:           15   4.5910924299716598     
  *** Kaon: P_min > 1.5 GeV/c:           15   5.1181941623617329     
  *** Kaon: P_min > 1.5 GeV/c:           15   3.9750305561124404     
  *** Kaon: P_min > 1.5 GeV/c:           15   4.9066357402654468     
  *** Kaon: P_min > 1.5 GeV/c:           24   2.8733801026444725     
       2000                 98000                 98000             9.1627347E-04         1.0000000E+30               424       
 NEXT SEEDS: 97EF7EC       0       0       0       0       0   181CD    3039       0       0
       4000                 96000                 96000             8.8524646E-04         1.0000000E+30               875       
 NEXT SEEDS: 98F4DE2       0       0       0       0       0   181CD    3039       0       0
       6000                 94000                 94000             8.4084213E-04         1.0000000E+30              1313       
 NEXT SEEDS: 99F0466       0       0       0       0       0   181CD    3039       0       0
       8000                 92000                 92000             6.7358586E-04         1.0000000E+30              1684       
 NEXT SEEDS: 9AD1B65       0       0       0       0       0   181CD    3039       0       0
      10000                 90000                 90000             5.7509162E-04         1.0000000E+30              2055       
 NEXT SEEDS: 9BA7E85       0       0       0       0       0   181CD    3039       0       0
      12000                 88000                 88000             5.0507313E-04         1.0000000E+30              2459       
 NEXT SEEDS: 9C93331       0       0       0       0       0   181CD    3039       0       0
      14000                 86000                 86000             4.5650678E-04         1.0000000E+30              2931       
 NEXT SEEDS: 9DA3B5D       0       0       0       0       0   181CD    3039       0       0
      16000                 84000                 84000             4.2133115E-04         1.0000000E+30              3424       
 NEXT SEEDS: 9EC2024       0       0       0       0       0   181CD    3039       0       0
      18000                 82000                 82000             3.9382239E-04         1.0000000E+30              3918       
 NEXT SEEDS: 9FDEDEC       0       0       0       0       0   181CD    3039       0       0
      20000                 80000                 80000             3.6987499E-04         1.0000000E+30              4341       
 NEXT SEEDS: A0DCDC3       0       0       0       0       0   181CD    3039       0       0
      22000                 78000                 78000             3.4987505E-04         1.0000000E+30              4782       
 NEXT SEEDS: A1D239D       0       0       0       0       0   181CD    3039       0       0
      24000                 76000                 76000             3.3285557E-04         1.0000000E+30              5176       
 NEXT SEEDS: A2B77F7       0       0       0       0       0   181CD    3039       0       0
      26000                 74000                 74000             3.1796726E-04         1.0000000E+30              5594       
 NEXT SEEDS: A3A0DBB       0       0       0       0       0   181CD    3039       0       0
      28000                 72000                 72000             3.0599849E-04         1.0000000E+30              6024       
 NEXT SEEDS: A49EFBE       0       0       0       0       0   181CD    3039       0       0
      30000                 70000                 70000             2.9891795E-04         1.0000000E+30              6456       
 NEXT SEEDS: A59382D       0       0       0       0       0   181CD    3039       0       0
      32000                 68000                 68000             3.3670687E-04         1.0000000E+30              6886       
 NEXT SEEDS: A693A5C       0       0       0       0       0   181CD    3039       0       0
      34000                 66000                 66000             3.6790662E-04         1.0000000E+30              7359       
 NEXT SEEDS: A796C0E       0       0       0       0       0   181CD    3039       0       0
  *** Umfnst:amsq,np0,np,kpart  -1.7347234759768071E-018           0           1           7
      36000                 64000                 64000             3.5670365E-04         1.0000000E+30              7780       
 NEXT SEEDS: A8846DC       0       0       0       0       0   181CD    3039       0       0
      38000                 62000                 62000             3.4559131E-04         1.0000000E+30              8224       
 NEXT SEEDS: A97A872       0       0       0       0       0   181CD    3039       0       0
      40000                 60000                 60000             3.3621249E-04         1.0000000E+30              8676       
 NEXT SEEDS: AA77EAE       0       0       0       0       0   181CD    3039       0       0
      42000                 58000                 58000             3.2959526E-04         1.0000000E+30              9138       
 NEXT SEEDS: AB81DD0       0       0       0       0       0   181CD    3039       0       0
      44000                 56000                 56000             3.2189236E-04         1.0000000E+30              9552       
 NEXT SEEDS: AC704CA       0       0       0       0       0   181CD    3039       0       0
 GEOFAR, TXYZ: 0.999999999999392    
 -2.522517071669316E-03 1.050909961988174E-04 0.999996812926066    
    Nfrom, Nreg, X, Y, Z      61       3
   0.00000000000000      0.00000000000000     0.148201957947928    
 Jtrack, Etrack     1 0.938403425651399    
      46000                 54000                 54000             3.1673255E-04         1.0000000E+30             10068       
 NEXT SEEDS: AD9B70E       0       0       0       0       0   181CD    3039       0       0
      48000                 52000                 52000             3.1123862E-04         1.0000000E+30             10498       
 NEXT SEEDS: AE9CCCD       0       0       0       0       0   181CD    3039       0       0
      50000                 50000                 50000             3.0774049E-04         1.0000000E+30             10945       
 NEXT SEEDS: AFA52F1       0       0       0       0       0   181CD    3039       0       0
      52000                 48000                 48000             3.0596606E-04         1.0000000E+30             11421       
 NEXT SEEDS: B0AF4CE       0       0       0       0       0   181CD    3039       0       0
      54000                 46000                 46000             3.0191787E-04         1.0000000E+30             11774       
 NEXT SEEDS: B18D334       0       0       0       0       0   181CD    3039       0       0
      56000                 44000                 44000             2.9724511E-04         1.0000000E+30             12192       
 NEXT SEEDS: B27D3CC       0       0       0       0       0   181CD    3039       0       0
      58000                 42000                 42000             2.9325112E-04         1.0000000E+30             12644       
 NEXT SEEDS: B3816AD       0       0       0       0       0   181CD    3039       0       0
      60000                 40000                 40000             3.0716796E-04         1.0000000E+30             13096       
 NEXT SEEDS: B481461       0       0       0       0       0   181CD    3039       0       0
      62000                 38000                 38000             3.2502822E-04         1.0000000E+30             13540       
 NEXT SEEDS: B57FDE1       0       0       0       0       0   181CD    3039       0       0
      64000                 36000                 36000             3.3808671E-04         1.0000000E+30             13941       
 NEXT SEEDS: B66C267       0       0       0       0       0   181CD    3039       0       0
      66000                 34000                 34000             3.3293055E-04         1.0000000E+30             14390       
 NEXT SEEDS: B77695D       0       0       0       0       0   181CD    3039       0       0
      68000                 32000                 32000             3.2832520E-04         1.0000000E+30             14842       
 NEXT SEEDS: B87AB9A       0       0       0       0       0   181CD    3039       0       0
      70000                 30000                 30000             3.2414813E-04         1.0000000E+30             15302       
 NEXT SEEDS: B98FA2A       0       0       0       0       0   181CD    3039       0       0
      72000                 28000                 28000             3.1914325E-04         1.0000000E+30             15708       
 NEXT SEEDS: BA747D1       0       0       0       0       0   181CD    3039       0       0
  *** Umfnst:amsq,np0,np,kpart  -1.5612511283791264E-017           0           1           7
      74000                 26000                 26000             3.1538005E-04         1.0000000E+30             16158       
 NEXT SEEDS: BBCE13D       0       0       0       0       0   181CD    3039       0       0
      76000                 24000                 24000             3.1115224E-04         1.0000000E+30             16583       
 NEXT SEEDS: BCC410A       0       0       0       0       0   181CD    3039       0       0
      78000                 22000                 22000             3.0748442E-04         1.0000000E+30             17066       
 NEXT SEEDS: BDD2065       0       0       0       0       0   181CD    3039       0       0
      80000                 20000                 20000             3.0397128E-04         1.0000000E+30             17505       
 NEXT SEEDS: BED065F       0       0       0       0       0   181CD    3039       0       0
  Ferevv: Umo2 < Urmin2 !!   6.5930655719154458        7.3510638066834968               21           8   1.1893700000000000       0.93956563000000004      F           0
      82000                 18000                 18000             3.0054182E-04         1.0000000E+30             17947       
 NEXT SEEDS: BFCF914       0       0       0       0       0   181CD    3039       0       0
      84000                 16000                 16000             2.9856249E-04         1.0000000E+30             18371       
 NEXT SEEDS: C0C9820       0       0       0       0       0   181CD    3039       0       0
  *** Umfnst:amsq,np0,np,kpart  -1.0408340855860843E-017           0           1           7
      86000                 14000                 14000             2.9532354E-04         1.0000000E+30             18811       
 NEXT SEEDS: C1C59D9       0       0       0       0       0   181CD    3039       0       0
      88000                 12000                 12000             2.9212950E-04         1.0000000E+30             19241       
 NEXT SEEDS: C2C75C1       0       0       0       0       0   181CD    3039       0       0
      90000                 10000                 10000             2.9441716E-04         1.0000000E+30             19662       
 NEXT SEEDS: C3BF7C3       0       0       0       0       0   181CD    3039       0       0
      92000                  8000                  8000             3.0734266E-04         1.0000000E+30             20085       
 NEXT SEEDS: C4A6B1F       0       0       0       0       0   181CD    3039       0       0
      94000                  6000                  6000             3.1651936E-04         1.0000000E+30             20506       
 NEXT SEEDS: C59FDAE       0       0       0       0       0   181CD    3039       0       0
      96000                  4000                  4000             3.1321447E-04         1.0000000E+30             20943       
 NEXT SEEDS: C6A6E95       0       0       0       0       0   181CD    3039       0       0
      98000                  2000                  2000             3.0989694E-04         1.0000000E+30             21334       
 NEXT SEEDS: C7841EE       0       0       0       0       0   181CD    3039       0       0
      99950                    50                    50             3.0711065E-04         1.0000000E+30             21801       
 NEXT SEEDS: C89B798       0       0       0       0       0   181CD    3039       0       0
      99951                    49                    49             3.0710960E-04         1.0000000E+30             21801       
 NEXT SEEDS: C89B839       0       0       0       0       0   181CD    3039       0       0
      99952                    48                    48             3.0710756E-04         1.0000000E+30             21801       
 NEXT SEEDS: C89B865       0       0       0       0       0   181CD    3039       0       0
      99953                    47                    47             3.0711315E-04         1.0000000E+30             21802       
 NEXT SEEDS: C89BD1F       0       0       0       0       0   181CD    3039       0       0
      99954                    46                    46             3.0711218E-04         1.0000000E+30             21802       
 NEXT SEEDS: C89BD50       0       0       0       0       0   181CD    3039       0       0
      99955                    45                    45             3.0711052E-04         1.0000000E+30             21802       
 NEXT SEEDS: C89BDBE       0       0       0       0       0   181CD    3039       0       0
      99956                    44                    44             3.0712229E-04         1.0000000E+30             21803       
 NEXT SEEDS: C89C671       0       0       0       0       0   181CD    3039       0       0
      99957                    43                    43             3.0714254E-04         1.0000000E+30             21804       
 NEXT SEEDS: C89D5BD       0       0       0       0       0   181CD    3039       0       0
      99958                    42                    42             3.0714111E-04         1.0000000E+30             21804       
 NEXT SEEDS: C89D61F       0       0       0       0       0   181CD    3039       0       0
      99959                    41                    41             3.0715105E-04         1.0000000E+30             21805       
 NEXT SEEDS: C89E432       0       0       0       0       0   181CD    3039       0       0
      99960                    40                    40             3.0714927E-04         1.0000000E+30             21805       
 NEXT SEEDS: C89E450       0       0       0       0       0   181CD    3039       0       0
      99961                    39                    39             3.0714708E-04         1.0000000E+30             21805       
 NEXT SEEDS: C89E486       0       0       0       0       0   181CD    3039       0       0
      99962                    38                    38             3.0714492E-04         1.0000000E+30             21805       
 NEXT SEEDS: C89E4EB       0       0       0       0       0   181CD    3039       0       0
      99963                    37                    37             3.0715345E-04         1.0000000E+30             21808       
 NEXT SEEDS: C89F54B       0       0       0       0       0   181CD    3039       0       0
      99964                    36                    36             3.0715156E-04         1.0000000E+30             21808       
 NEXT SEEDS: C89F595       0       0       0       0       0   181CD    3039       0       0
      99965                    35                    35             3.0714936E-04         1.0000000E+30             21808       
 NEXT SEEDS: C89F5CE       0       0       0       0       0   181CD    3039       0       0
      99966                    34                    34             3.0714713E-04         1.0000000E+30             21808       
 NEXT SEEDS: C89F618       0       0       0       0       0   181CD    3039       0       0
      99967                    33                    33             3.0714555E-04         1.0000000E+30             21808       
 NEXT SEEDS: C89F661       0       0       0       0       0   181CD    3039       0       0
      99968                    32                    32             3.0714373E-04         1.0000000E+30             21808       
 NEXT SEEDS: C89F6AB       0       0       0       0       0   181CD    3039       0       0
      99969                    31                    31             3.0714204E-04         1.0000000E+30             21808       
 NEXT SEEDS: C89F798       0       0       0       0       0   181CD    3039       0       0
      99970                    30                    30             3.0713984E-04         1.0000000E+30             21808       
 NEXT SEEDS: C89F7FF       0       0       0       0       0   181CD    3039       0       0
      99971                    29                    29             3.0713765E-04         1.0000000E+30             21808       
 NEXT SEEDS: C89F860       0       0       0       0       0   181CD    3039       0       0
      99972                    28                    28             3.0713541E-04         1.0000000E+30             21808       
 NEXT SEEDS: C89F8A0       0       0       0       0       0   181CD    3039       0       0
      99973                    27                    27             3.0713310E-04         1.0000000E+30             21808       
 NEXT SEEDS: C89F8D5       0       0       0       0       0   181CD    3039       0       0
      99974                    26                    26             3.0713079E-04         1.0000000E+30             21808       
 NEXT SEEDS: C89F904       0       0       0       0       0   181CD    3039       0       0
      99975                    25                    25             3.0712852E-04         1.0000000E+30             21808       
 NEXT SEEDS: C89F939       0       0       0       0       0   181CD    3039       0       0
      99976                    24                    24             3.0712629E-04         1.0000000E+30             21808       
 NEXT SEEDS: C89F958       0       0       0       0       0   181CD    3039       0       0
      99977                    23                    23             3.0712406E-04         1.0000000E+30             21808       
 NEXT SEEDS: C89F97D       0       0       0       0       0   181CD    3039       0       0
      99978                    22                    22             3.0712175E-04         1.0000000E+30             21808       
 NEXT SEEDS: C89F9B0       0       0       0       0       0   181CD    3039       0       0
      99979                    21                    21             3.0711998E-04         1.0000000E+30             21808       
 NEXT SEEDS: C89FAB4       0       0       0       0       0   181CD    3039       0       0
      99980                    20                    20             3.0711778E-04         1.0000000E+30             21808       
 NEXT SEEDS: C89FAFF       0       0       0       0       0   181CD    3039       0       0
      99981                    19                    19             3.0711605E-04         1.0000000E+30             21808       
 NEXT SEEDS: C89FC0D       0       0       0       0       0   181CD    3039       0       0
      99982                    18                    18             3.0711442E-04         1.0000000E+30             21808       
 NEXT SEEDS: C89FCDB       0       0       0       0       0   181CD    3039       0       0
      99983                    17                    17             3.0711211E-04         1.0000000E+30             21808       
 NEXT SEEDS: C89FCF8       0       0       0       0       0   181CD    3039       0       0
      99984                    16                    16             3.0710977E-04         1.0000000E+30             21808       
 NEXT SEEDS: C89FD1B       0       0       0       0       0   181CD    3039       0       0
      99985                    15                    15             3.0710765E-04         1.0000000E+30             21808       
 NEXT SEEDS: C89FD62       0       0       0       0       0   181CD    3039       0       0
      99986                    14                    14             3.0710561E-04         1.0000000E+30             21808       
 NEXT SEEDS: C89FD9A       0       0       0       0       0   181CD    3039       0       0
      99987                    13                    13             3.0710330E-04         1.0000000E+30             21808       
 NEXT SEEDS: C89FDBE       0       0       0       0       0   181CD    3039       0       0
      99988                    12                    12             3.0710107E-04         1.0000000E+30             21808       
 NEXT SEEDS: C89FE17       0       0       0       0       0   181CD    3039       0       0
      99989                    11                    11             3.0709880E-04         1.0000000E+30             21808       
 NEXT SEEDS: C89FE47       0       0       0       0       0   181CD    3039       0       0
      99990                    10                    10             3.0709653E-04         1.0000000E+30             21808       
 NEXT SEEDS: C89FE89       0       0       0       0       0   181CD    3039       0       0
      99991                     9                     9             3.0709346E-04         1.0000000E+30             21808       
 NEXT SEEDS: C89FF92       0       0       0       0       0   181CD    3039       0       0
      99992                     8                     8             3.0709039E-04         1.0000000E+30             21811       
 NEXT SEEDS: C8A1E67       0       0       0       0       0   181CD    3039       0       0
      99993                     7                     7             3.0708731E-04         1.0000000E+30             21811       
 NEXT SEEDS: C8A1E8E       0       0       0       0       0   181CD    3039       0       0
      99994                     6                     6             3.0708424E-04         1.0000000E+30             21811       
 NEXT SEEDS: C8A1ED1       0       0       0       0       0   181CD    3039       0       0
      99995                     5                     5             3.0708117E-04         1.0000000E+30             21811       
 NEXT SEEDS: C8A1F71       0       0       0       0       0   181CD    3039       0       0
      99996                     4                     4             3.0707810E-04         1.0000000E+30             21811       
 NEXT SEEDS: C8A1F9E       0       0       0       0       0   181CD    3039       0       0
      99997                     3                     3             3.0707503E-04         1.0000000E+30             21811       
 NEXT SEEDS: C8A1FC2       0       0       0       0       0   181CD    3039       0       0
      99998                     2                     2             3.0707196E-04         1.0000000E+30             21811       
 NEXT SEEDS: C8A1FF6       0       0       0       0       0   181CD    3039       0       0
      99999                     1                     1             3.0706889E-04         1.0000000E+30             21811       
 NEXT SEEDS: C8A20AD       0       0       0       0       0   181CD    3039       0       0
     100000                     0                     1             3.0706582E-04         1.0000000E+30             21811       
 NEXT SEEDS: C8A20DF       0       0       0       0       0   181CD    3039       0       0
