1NUMBER OF BEAM       NUMBER OF BEAM        APPROXIMATE NUMBER    AVERAGE TIME USED     TIME LEFT (RESERVED   NUMBER OF STARS
 PARTICLES HANDLED    PARTICLES LEFT        OF BEAM PARTICLES     BY A BEAM PARTICLE     10000.0 SECONDS      CREATED
                                            THAT CAN STILL BE                           FOR PRINTOUT)
                                            HANDLED

 NEXT SEEDS: 3291067       0       0       0       0       0   181CD    3039       0       0
          1                 99999                 99999             9.8943710E-05         1.0000000E+30                 0       
 NEXT SEEDS: 32910AB       0       0       0       0       0   181CD    3039       0       0
  *** Kaon: P_min > 1.5 GeV/c:           15   9.8389435724261016     
  *** Kbar: P_min > 1.8 GeV/c:           25   3.1525570664504463     
  *** Kbar: P_min > 1.8 GeV/c:           16   2.7068544742965290     
  *** Kaon: P_min > 1.5 GeV/c:           24   6.2283937400110680     
  *** Kbar: P_min > 1.8 GeV/c:           25   3.6055397420237343     
  *** Kaon: P_min > 1.5 GeV/c:           15   3.7128740975071697     
  *** Kaon: P_min > 1.5 GeV/c:           15   1.9051874544298835     
  *** Kaon: P_min > 1.5 GeV/c:           15   1.9020661515994410     
  *** Kaon: P_min > 1.5 GeV/c:           15   1.9501425598432711     
  *** Kaon: P_min > 1.5 GeV/c:           15   2.3550224080960964     
  *** Kaon: P_min > 1.5 GeV/c:           24   1.8506645541942393     
  *** Kaon: P_min > 1.5 GeV/c:           24   4.4312842195691600     
  *** Kbar: P_min > 1.8 GeV/c:           25   7.2921811597524586     
  *** Kaon: P_min > 1.5 GeV/c:           24   2.1853803455899965     
  *** Kbar: P_min > 1.8 GeV/c:           16   2.0605125288793160     
  *** Kaon: P_min > 1.5 GeV/c:           15   3.6676329233812379     
  *** Kaon: P_min > 1.5 GeV/c:           24   4.6815786223316724     
  *** Kaon: P_min > 1.5 GeV/c:           24   19.260673867902735     
  *** Kaon: P_min > 1.5 GeV/c:           15   5.6815700181481068     
  *** Kbar: P_min > 1.8 GeV/c:           16   3.7564503508513245     
       2000                 98000                 98000             1.6514599E-04         1.0000000E+30               434       
 NEXT SEEDS: 3399809       0       0       0       0       0   181CD    3039       0       0
       4000                 96000                 96000             1.6573226E-04         1.0000000E+30               898       
 NEXT SEEDS: 34A51A0       0       0       0       0       0   181CD    3039       0       0
       6000                 94000                 94000             1.6126402E-04         1.0000000E+30              1312       
 NEXT SEEDS: 35A5ED1       0       0       0       0       0   181CD    3039       0       0
       8000                 92000                 92000             1.5897188E-04         1.0000000E+30              1744       
 NEXT SEEDS: 36A33B9       0       0       0       0       0   181CD    3039       0       0
      10000                 90000                 90000             1.6302261E-04         1.0000000E+30              2250       
 NEXT SEEDS: 37CC056       0       0       0       0       0   181CD    3039       0       0
      12000                 88000                 88000             1.6163949E-04         1.0000000E+30              2695       
 NEXT SEEDS: 38C81BA       0       0       0       0       0   181CD    3039       0       0
      14000                 86000                 86000             1.5975336E-04         1.0000000E+30              3142       
 NEXT SEEDS: 39C5538       0       0       0       0       0   181CD    3039       0       0
      16000                 84000                 84000             1.5926093E-04         1.0000000E+30              3586       
 NEXT SEEDS: 3AC8861       0       0       0       0       0   181CD    3039       0       0
      18000                 82000                 82000             1.5847717E-04         1.0000000E+30              4027       
 NEXT SEEDS: 3BBE8C3       0       0       0       0       0   181CD    3039       0       0
      20000                 80000                 80000             1.5684304E-04         1.0000000E+30              4392       
 NEXT SEEDS: 3C90A3C       0       0       0       0       0   181CD    3039       0       0
      22000                 78000                 78000             1.5603867E-04         1.0000000E+30              4791       
 NEXT SEEDS: 3D83000       0       0       0       0       0   181CD    3039       0       0
      24000                 76000                 76000             1.5448779E-04         1.0000000E+30              5182       
 NEXT SEEDS: 3E6648A       0       0       0       0       0   181CD    3039       0       0
      26000                 74000                 74000             1.5544935E-04         1.0000000E+30              5637       
 NEXT SEEDS: 3F6ABDD       0       0       0       0       0   181CD    3039       0       0
      28000                 72000                 72000             1.5466889E-04         1.0000000E+30              6025       
 NEXT SEEDS: 4055C99       0       0       0       0       0   181CD    3039       0       0
      30000                 70000                 70000             1.5541800E-04         1.0000000E+30              6500       
 NEXT SEEDS: 416F247       0       0       0       0       0   181CD    3039       0       0
      32000                 68000                 68000             1.5508454E-04         1.0000000E+30              6910       
 NEXT SEEDS: 4270422       0       0       0       0       0   181CD    3039       0       0
      34000                 66000                 66000             1.5480953E-04         1.0000000E+30              7324       
 NEXT SEEDS: 43617E5       0       0       0       0       0   181CD    3039       0       0
      36000                 64000                 64000             1.5491936E-04         1.0000000E+30              7793       
 NEXT SEEDS: 4466049       0       0       0       0       0   181CD    3039       0       0
      38000                 62000                 62000             1.5562848E-04         1.0000000E+30              8224       
 NEXT SEEDS: 456ABD1       0       0       0       0       0   181CD    3039       0       0
      40000                 60000                 60000             1.5522163E-04         1.0000000E+30              8659       
 NEXT SEEDS: 4664C00       0       0       0       0       0   181CD    3039       0       0
      42000                 58000                 58000             1.5538590E-04         1.0000000E+30              9105       
 NEXT SEEDS: 4761FE7       0       0       0       0       0   181CD    3039       0       0
      44000                 56000                 56000             1.5544796E-04         1.0000000E+30              9541       
 NEXT SEEDS: 48633D6       0       0       0       0       0   181CD    3039       0       0
      46000                 54000                 54000             1.5616628E-04         1.0000000E+30             10034       
 NEXT SEEDS: 4988E4B       0       0       0       0       0   181CD    3039       0       0
      48000                 52000                 52000             1.5590562E-04         1.0000000E+30             10398       
 NEXT SEEDS: 4A67B93       0       0       0       0       0   181CD    3039       0       0
      50000                 50000                 50000             1.5565296E-04         1.0000000E+30             10805       
 NEXT SEEDS: 4B61EAA       0       0       0       0       0   181CD    3039       0       0
      52000                 48000                 48000             1.5613664E-04         1.0000000E+30             11290       
 NEXT SEEDS: 4C7BFF2       0       0       0       0       0   181CD    3039       0       0
      54000                 46000                 46000             1.5606728E-04         1.0000000E+30             11709       
 NEXT SEEDS: 4D73882       0       0       0       0       0   181CD    3039       0       0
      56000                 44000                 44000             1.5635625E-04         1.0000000E+30             12143       
 NEXT SEEDS: 4E79FD3       0       0       0       0       0   181CD    3039       0       0
      58000                 42000                 42000             1.5608820E-04         1.0000000E+30             12550       
 NEXT SEEDS: 4F6E9A0       0       0       0       0       0   181CD    3039       0       0
 GEOFAR, TXYZ:  1.00000000001265    
  1.627614687344470E-04-1.961147592989692E-03 0.999998063715183    
    Nfrom, Nreg, X, Y, Z      61       3
   0.00000000000000      0.00000000000000      1.71757694091561    
 Jtrack, Etrack     1 0.938284031834789    
      60000                 40000                 40000             1.5562598E-04         1.0000000E+30             12935       
 NEXT SEEDS: 5057E9D       0       0       0       0       0   181CD    3039       0       0
      62000                 38000                 38000             1.5523401E-04         1.0000000E+30             13352       
 NEXT SEEDS: 514ECEA       0       0       0       0       0   181CD    3039       0       0
      64000                 36000                 36000             1.5559751E-04         1.0000000E+30             13831       
 NEXT SEEDS: 5265A71       0       0       0       0       0   181CD    3039       0       0
      66000                 34000                 34000             1.5554317E-04         1.0000000E+30             14273       
 NEXT SEEDS: 5367070       0       0       0       0       0   181CD    3039       0       0
      68000                 32000                 32000             1.5541046E-04         1.0000000E+30             14694       
 NEXT SEEDS: 545B2C3       0       0       0       0       0   181CD    3039       0       0
      70000                 30000                 30000             1.5584248E-04         1.0000000E+30             15149       
 NEXT SEEDS: 5560389       0       0       0       0       0   181CD    3039       0       0
      72000                 28000                 28000             1.5599060E-04         1.0000000E+30             15619       
 NEXT SEEDS: 566EAC3       0       0       0       0       0   181CD    3039       0       0
      74000                 26000                 26000             1.5632999E-04         1.0000000E+30             16052       
 NEXT SEEDS: 576C195       0       0       0       0       0   181CD    3039       0       0
      76000                 24000                 24000             1.5597899E-04         1.0000000E+30             16462       
 NEXT SEEDS: 585BF84       0       0       0       0       0   181CD    3039       0       0
      78000                 22000                 22000             1.5566211E-04         1.0000000E+30             16880       
 NEXT SEEDS: 594AA56       0       0       0       0       0   181CD    3039       0       0
      80000                 20000                 20000             1.5588208E-04         1.0000000E+30             17350       
 NEXT SEEDS: 5A5D5E4       0       0       0       0       0   181CD    3039       0       0
  *** Umfnst:amsq,np0,np,kpart  -1.2143064331837650E-017           0           1           7
      82000                 18000                 18000             1.5661854E-04         1.0000000E+30             17890       
 NEXT SEEDS: 5B8783E       0       0       0       0       0   181CD    3039       0       0
  *** Umfnst:amsq,np0,np,kpart  -8.6736173798840355E-018           0           1           7
      84000                 16000                 16000             1.5618903E-04         1.0000000E+30             18270       
 NEXT SEEDS: 5C6AB31       0       0       0       0       0   181CD    3039       0       0
      86000                 14000                 14000             1.5628693E-04         1.0000000E+30             18735       
 NEXT SEEDS: 5D7A00B       0       0       0       0       0   181CD    3039       0       0
      88000                 12000                 12000             1.5583844E-04         1.0000000E+30             19147       
 NEXT SEEDS: 5E6BDD1       0       0       0       0       0   181CD    3039       0       0
      90000                 10000                 10000             1.5553562E-04         1.0000000E+30             19548       
 NEXT SEEDS: 5F5C268       0       0       0       0       0   181CD    3039       0       0
      92000                  8000                  8000             1.5577738E-04         1.0000000E+30             20065       
 NEXT SEEDS: 60765F8       0       0       0       0       0   181CD    3039       0       0
      94000                  6000                  6000             1.5584634E-04         1.0000000E+30             20560       
 NEXT SEEDS: 6182713       0       0       0       0       0   181CD    3039       0       0
      96000                  4000                  4000             1.5936584E-04         1.0000000E+30             20979       
 NEXT SEEDS: 6279A0C       0       0       0       0       0   181CD    3039       0       0
      98000                  2000                  2000             1.7380063E-04         1.0000000E+30             21398       
 NEXT SEEDS: 63920A3       0       0       0       0       0   181CD    3039       0       0
      99950                    50                    50             1.8804617E-04         1.0000000E+30             21860       
 NEXT SEEDS: 64A59B1       0       0       0       0       0   181CD    3039       0       0
      99951                    49                    49             1.8805274E-04         1.0000000E+30             21860       
 NEXT SEEDS: 64A59EB       0       0       0       0       0   181CD    3039       0       0
      99952                    48                    48             1.8805607E-04         1.0000000E+30             21860       
 NEXT SEEDS: 64A5A55       0       0       0       0       0   181CD    3039       0       0
      99953                    47                    47             1.8805871E-04         1.0000000E+30             21860       
 NEXT SEEDS: 64A5AAE       0       0       0       0       0   181CD    3039       0       0
      99954                    46                    46             1.8806112E-04         1.0000000E+30             21860       
 NEXT SEEDS: 64A5AFB       0       0       0       0       0   181CD    3039       0       0
      99955                    45                    45             1.8806289E-04         1.0000000E+30             21860       
 NEXT SEEDS: 64A5B1A       0       0       0       0       0   181CD    3039       0       0
      99956                    44                    44             1.8806455E-04         1.0000000E+30             21860       
 NEXT SEEDS: 64A5B36       0       0       0       0       0   181CD    3039       0       0
      99957                    43                    43             1.8806271E-04         1.0000000E+30             21860       
 NEXT SEEDS: 64A5D47       0       0       0       0       0   181CD    3039       0       0
      99958                    42                    42             1.8806083E-04         1.0000000E+30             21860       
 NEXT SEEDS: 64A5DA5       0       0       0       0       0   181CD    3039       0       0
      99959                    41                    41             1.8805895E-04         1.0000000E+30             21860       
 NEXT SEEDS: 64A5E19       0       0       0       0       0   181CD    3039       0       0
      99960                    40                    40             1.8805707E-04         1.0000000E+30             21860       
 NEXT SEEDS: 64A5E83       0       0       0       0       0   181CD    3039       0       0
      99961                    39                    39             1.8805519E-04         1.0000000E+30             21860       
 NEXT SEEDS: 64A5EBA       0       0       0       0       0   181CD    3039       0       0
      99962                    38                    38             1.8806252E-04         1.0000000E+30             21861       
 NEXT SEEDS: 64A624E       0       0       0       0       0   181CD    3039       0       0
      99963                    37                    37             1.8806713E-04         1.0000000E+30             21861       
 NEXT SEEDS: 64A62AF       0       0       0       0       0   181CD    3039       0       0
      99964                    36                    36             1.8807091E-04         1.0000000E+30             21861       
 NEXT SEEDS: 64A632F       0       0       0       0       0   181CD    3039       0       0
      99965                    35                    35             1.8807334E-04         1.0000000E+30             21861       
 NEXT SEEDS: 64A637E       0       0       0       0       0   181CD    3039       0       0
      99966                    34                    34             1.8807558E-04         1.0000000E+30             21861       
 NEXT SEEDS: 64A63CF       0       0       0       0       0   181CD    3039       0       0
      99967                    33                    33             1.8808049E-04         1.0000000E+30             21861       
 NEXT SEEDS: 64A6566       0       0       0       0       0   181CD    3039       0       0
      99968                    32                    32             1.8808235E-04         1.0000000E+30             21861       
 NEXT SEEDS: 64A658A       0       0       0       0       0   181CD    3039       0       0
      99969                    31                    31             1.8808448E-04         1.0000000E+30             21861       
 NEXT SEEDS: 64A65AA       0       0       0       0       0   181CD    3039       0       0
      99970                    30                    30             1.8808689E-04         1.0000000E+30             21861       
 NEXT SEEDS: 64A6605       0       0       0       0       0   181CD    3039       0       0
      99971                    29                    29             1.8808905E-04         1.0000000E+30             21861       
 NEXT SEEDS: 64A6642       0       0       0       0       0   181CD    3039       0       0
      99972                    28                    28             1.8814540E-04         1.0000000E+30             21863       
 NEXT SEEDS: 64A7A2E       0       0       0       0       0   181CD    3039       0       0
      99973                    27                    27             1.8814983E-04         1.0000000E+30             21863       
 NEXT SEEDS: 64A7AAF       0       0       0       0       0   181CD    3039       0       0
      99974                    26                    26             1.8814801E-04         1.0000000E+30             21863       
 NEXT SEEDS: 64A7AF2       0       0       0       0       0   181CD    3039       0       0
      99975                    25                    25             1.8814613E-04         1.0000000E+30             21863       
 NEXT SEEDS: 64A7B13       0       0       0       0       0   181CD    3039       0       0
      99976                    24                    24             1.8816557E-04         1.0000000E+30             21864       
 NEXT SEEDS: 64A81F4       0       0       0       0       0   181CD    3039       0       0
      99977                    23                    23             1.8816945E-04         1.0000000E+30             21864       
 NEXT SEEDS: 64A822E       0       0       0       0       0   181CD    3039       0       0
      99978                    22                    22             1.8817182E-04         1.0000000E+30             21864       
 NEXT SEEDS: 64A8268       0       0       0       0       0   181CD    3039       0       0
      99979                    21                    21             1.8817395E-04         1.0000000E+30             21864       
 NEXT SEEDS: 64A8288       0       0       0       0       0   181CD    3039       0       0
      99980                    20                    20             1.8817615E-04         1.0000000E+30             21864       
 NEXT SEEDS: 64A82D7       0       0       0       0       0   181CD    3039       0       0
      99981                    19                    19             1.8817816E-04         1.0000000E+30             21864       
 NEXT SEEDS: 64A830E       0       0       0       0       0   181CD    3039       0       0
      99982                    18                    18             1.8818057E-04         1.0000000E+30             21864       
 NEXT SEEDS: 64A832C       0       0       0       0       0   181CD    3039       0       0
      99983                    17                    17             1.8823412E-04         1.0000000E+30             21865       
 NEXT SEEDS: 64A8ED4       0       0       0       0       0   181CD    3039       0       0
      99984                    16                    16             1.8823802E-04         1.0000000E+30             21865       
 NEXT SEEDS: 64A8F03       0       0       0       0       0   181CD    3039       0       0
      99985                    15                    15             1.8824064E-04         1.0000000E+30             21865       
 NEXT SEEDS: 64A8F5F       0       0       0       0       0   181CD    3039       0       0
      99986                    14                    14             1.8826833E-04         1.0000000E+30             21866       
 NEXT SEEDS: 64A94AA       0       0       0       0       0   181CD    3039       0       0
      99987                    13                    13             1.8827138E-04         1.0000000E+30             21866       
 NEXT SEEDS: 64A94C3       0       0       0       0       0   181CD    3039       0       0
      99988                    12                    12             1.8827412E-04         1.0000000E+30             21866       
 NEXT SEEDS: 64A951C       0       0       0       0       0   181CD    3039       0       0
      99989                    11                    11             1.8827689E-04         1.0000000E+30             21866       
 NEXT SEEDS: 64A9592       0       0       0       0       0   181CD    3039       0       0
      99990                    10                    10             1.8827930E-04         1.0000000E+30             21866       
 NEXT SEEDS: 64A95E5       0       0       0       0       0   181CD    3039       0       0
      99991                     9                     9             1.8828270E-04         1.0000000E+30             21866       
 NEXT SEEDS: 64A9668       0       0       0       0       0   181CD    3039       0       0
      99992                     8                     8             1.8828536E-04         1.0000000E+30             21866       
 NEXT SEEDS: 64A96EC       0       0       0       0       0   181CD    3039       0       0
      99993                     7                     7             1.8828708E-04         1.0000000E+30             21866       
 NEXT SEEDS: 64A970F       0       0       0       0       0   181CD    3039       0       0
      99994                     6                     6             1.8835337E-04         1.0000000E+30             21867       
 NEXT SEEDS: 64AA806       0       0       0       0       0   181CD    3039       0       0
      99995                     5                     5             1.8835776E-04         1.0000000E+30             21867       
 NEXT SEEDS: 64AA825       0       0       0       0       0   181CD    3039       0       0
      99996                     4                     4             1.8844016E-04         1.0000000E+30             21869       
 NEXT SEEDS: 64AC14F       0       0       0       0       0   181CD    3039       0       0
      99997                     3                     3             1.8844452E-04         1.0000000E+30             21869       
 NEXT SEEDS: 64AC172       0       0       0       0       0   181CD    3039       0       0
      99998                     2                     2             1.8844803E-04         1.0000000E+30             21869       
 NEXT SEEDS: 64AC1B0       0       0       0       0       0   181CD    3039       0       0
      99999                     1                     1             1.8845164E-04         1.0000000E+30             21869       
 NEXT SEEDS: 64AC23C       0       0       0       0       0   181CD    3039       0       0
     100000                     0                     1             1.8845820E-04         1.0000000E+30             21869       
 NEXT SEEDS: 64AC46E       0       0       0       0       0   181CD    3039       0       0
