1NUMBER OF BEAM       NUMBER OF BEAM        APPROXIMATE NUMBER    AVERAGE TIME USED     TIME LEFT (RESERVED   NUMBER OF STARS
 PARTICLES HANDLED    PARTICLES LEFT        OF BEAM PARTICLES     BY A BEAM PARTICLE     10000.0 SECONDS      CREATED
                                            THAT CAN STILL BE                           FOR PRINTOUT)
                                            HANDLED

 NEXT SEEDS:       0       0       0       0       0       0   181CD    3039       0       0
          1              16666665              16666665             3.4093857E-04         1.0000000E+30                 0       
 NEXT SEEDS:     5C6       0       0       0       0       0   181CD    3039       0       0
     300000              16366666              16366666             2.4268896E-04         1.0000000E+30             11771       
 NEXT SEEDS:1DD6722E       0       0       0       0       0   181CD    3039       0       0
     600000              16066666              16066666             2.4271089E-04         1.0000000E+30             23536       
 NEXT SEEDS:  19CFE4       1       0       0       0       0   181CD    3039       0       0
     900000              15766666              15766666             2.4288560E-04         1.0000000E+30             35329       
 NEXT SEEDS:1DFD60D1       1       0       0       0       0   181CD    3039       0       0
    1200000              15466666              15466666             2.4290139E-04         1.0000000E+30             46978       
 NEXT SEEDS:  491BA4       2       0       0       0       0   181CD    3039       0       0
    1500000              15166666              15166666             2.4303773E-04         1.0000000E+30             58526       
 NEXT SEEDS:1E352BC2       2       0       0       0       0   181CD    3039       0       0
    1800000              14866666              14866666             2.4293352E-04         1.0000000E+30             70131       
 NEXT SEEDS:  6306DF       3       0       0       0       0   181CD    3039       0       0
    2100000              14566666              14566666             2.4294148E-04         1.0000000E+30             81774       
 NEXT SEEDS:1E4600F0       3       0       0       0       0   181CD    3039       0       0
 COUSET, TXYZ:   1.00000000001052     -0.346219497898382      0.938153537165447    
    2400000              14266666              14266666             2.4305211E-04         1.0000000E+30             93610       
 NEXT SEEDS:  A099E5       4       0       0       0       0   181CD    3039       0       0
    2700000              13966666              13966666             2.4301065E-04         1.0000000E+30            105316       
 NEXT SEEDS:1E729DEC       4       0       0       0       0   181CD    3039       0       0
    3000000              13666666              13666666             2.4294164E-04         1.0000000E+30            116810       
 NEXT SEEDS:  A4DB2A       5       0       0       0       0   181CD    3039       0       0
 COUSET, TXYZ:  0.999999999991857      0.543412397462850      0.839465881538607    
    3300000              13366666              13366666             2.4286756E-04         1.0000000E+30            128451       
 NEXT SEEDS:1E67B86A       5       0       0       0       0   181CD    3039       0       0
    3600000              13066666              13066666             2.4298010E-04         1.0000000E+30            140060       
 NEXT SEEDS:  C1A8C8       6       0       0       0       0   181CD    3039       0       0
    3900000              12766666              12766666             2.4294266E-04         1.0000000E+30            151677       
 NEXT SEEDS:1E9244CC       6       0       0       0       0   181CD    3039       0       0
    4200000              12466666              12466666             2.5013344E-04         1.0000000E+30            163289       
 NEXT SEEDS:  DECC32       7       0       0       0       0   181CD    3039       0       0
    4500000              12166666              12166666             2.5869852E-04         1.0000000E+30            175094       
 NEXT SEEDS:1EAE905F       7       0       0       0       0   181CD    3039       0       0
    4800000              11866666              11866666             2.6618963E-04         1.0000000E+30            186746       
 NEXT SEEDS:  E6FDA0       8       0       0       0       0   181CD    3039       0       0
    5100000              11566666              11566666             2.7281840E-04         1.0000000E+30            198406       
 NEXT SEEDS:1EBB0581       8       0       0       0       0   181CD    3039       0       0
    5400000              11266666              11266666             2.7693846E-04         1.0000000E+30            209753       
 NEXT SEEDS:  DD6676       9       0       0       0       0   181CD    3039       0       0
    5700000              10966666              10966666             2.7813248E-04         1.0000000E+30            221368       
 NEXT SEEDS:1EB5B9D8       9       0       0       0       0   181CD    3039       0       0
    6000000              10666666              10666666             2.7636365E-04         1.0000000E+30            232952       
 NEXT SEEDS:  F7F3F1       A       0       0       0       0   181CD    3039       0       0
    6300000              10366666              10366666             2.7477245E-04         1.0000000E+30            244549       
 NEXT SEEDS:1EDC8ED1       A       0       0       0       0   181CD    3039       0       0
    6600000              10066666              10066666             2.7331782E-04         1.0000000E+30            256167       
 NEXT SEEDS: 1152E02       B       0       0       0       0   181CD    3039       0       0
    6900000               9766666               9766666             2.7195269E-04         1.0000000E+30            267662       
 NEXT SEEDS:1ED2CC9A       B       0       0       0       0   181CD    3039       0       0
    7200000               9466666               9466666             2.7070600E-04         1.0000000E+30            279294       
 NEXT SEEDS:  F92C6C       C       0       0       0       0   181CD    3039       0       0
    7500000               9166666               9166666             2.6962146E-04         1.0000000E+30            291067       
 NEXT SEEDS:1EDFD85D       C       0       0       0       0   181CD    3039       0       0
    7800000               8866666               8866666             2.6857427E-04         1.0000000E+30            302691       
 NEXT SEEDS: 10D5F2A       D       0       0       0       0   181CD    3039       0       0
    8100000               8566666               8566666             2.6759539E-04         1.0000000E+30            314282       
 NEXT SEEDS:1ED0D33D       D       0       0       0       0   181CD    3039       0       0
    8400000               8266666               8266666             2.6670665E-04         1.0000000E+30            325873       
 NEXT SEEDS: 115C171       E       0       0       0       0   181CD    3039       0       0
    8700000               7966666               7966666             2.6588089E-04         1.0000000E+30            337488       
 NEXT SEEDS:1EE6E26A       E       0       0       0       0   181CD    3039       0       0
    9000000               7666666               7666666             2.6511791E-04         1.0000000E+30            349286       
 NEXT SEEDS: 123D5DA       F       0       0       0       0   181CD    3039       0       0
 COUSET, TXYZ:   1.00000000001580      0.718793240702544      0.695223904330058    
    9300000               7366666               7366666             2.6439920E-04         1.0000000E+30            360783       
 NEXT SEEDS:1F1033D4       F       0       0       0       0   181CD    3039       0       0
    9600000               7066666               7066666             2.6376372E-04         1.0000000E+30            372710       
 NEXT SEEDS: 16ADF5F      10       0       0       0       0   181CD    3039       0       0
    9900000               6766666               6766666             2.6314733E-04         1.0000000E+30            384488       
 NEXT SEEDS:1F4BF094      10       0       0       0       0   181CD    3039       0       0
   10200000               6466666               6466666             2.6251617E-04         1.0000000E+30            395890       
 NEXT SEEDS: 1674962      11       0       0       0       0   181CD    3039       0       0
   10500000               6166666               6166666             2.6201066E-04         1.0000000E+30            407509       
 NEXT SEEDS:1F491736      11       0       0       0       0   181CD    3039       0       0
   10800000               5866666               5866666             2.6153274E-04         1.0000000E+30            419092       
 NEXT SEEDS: 17E4A8F      12       0       0       0       0   181CD    3039       0       0
   11100000               5566666               5566666             2.6100803E-04         1.0000000E+30            430750       
 NEXT SEEDS:1F405C99      12       0       0       0       0   181CD    3039       0       0
   11400000               5266666               5266666             2.6055747E-04         1.0000000E+30            442467       
 NEXT SEEDS: 19D06C7      13       0       0       0       0   181CD    3039       0       0
 COUSET, TXYZ:   1.00000000000614     -0.803938092662012      0.594712992273788    
 COUSET, TXYZ:   1.00000000000849     -0.859296811586496      0.511477262069647    
   11700000               4966666               4966666             2.6009439E-04         1.0000000E+30            453964       
 NEXT SEEDS:1F6618C2      13       0       0       0       0   181CD    3039       0       0
   12000000               4666666               4666666             2.5966123E-04         1.0000000E+30            465619       
 NEXT SEEDS: 19DCDC7      14       0       0       0       0   181CD    3039       0       0
   12300000               4366666               4366666             2.5922974E-04         1.0000000E+30            477257       
 NEXT SEEDS:1F6483D9      14       0       0       0       0   181CD    3039       0       0
   12600000               4066666               4066666             2.5883821E-04         1.0000000E+30            488971       
 NEXT SEEDS: 1962F40      15       0       0       0       0   181CD    3039       0       0
   12900000               3766666               3766666             2.5857109E-04         1.0000000E+30            500615       
 NEXT SEEDS:1F60CCF6      15       0       0       0       0   181CD    3039       0       0
   13200000               3466666               3466666             2.5820203E-04         1.0000000E+30            511980       
 NEXT SEEDS: 1904A94      16       0       0       0       0   181CD    3039       0       0
   13500000               3166666               3166666             2.5784168E-04         1.0000000E+30            523382       
 NEXT SEEDS:1F5195AA      16       0       0       0       0   181CD    3039       0       0
   13800000               2866666               2866666             2.5750783E-04         1.0000000E+30            534876       
 NEXT SEEDS: 192A088      17       0       0       0       0   181CD    3039       0       0
   14100000               2566666               2566666             2.5717473E-04         1.0000000E+30            546317       
 NEXT SEEDS:1F4DF17B      17       0       0       0       0   181CD    3039       0       0
   14400000               2266666               2266666             2.5689071E-04         1.0000000E+30            558181       
 NEXT SEEDS: 1A7FEE9      18       0       0       0       0   181CD    3039       0       0
   14700000               1966666               1966666             2.5660720E-04         1.0000000E+30            569812       
 NEXT SEEDS:1F7E61B0      18       0       0       0       0   181CD    3039       0       0
   15000000               1666666               1666666             2.5633024E-04         1.0000000E+30            581516       
 NEXT SEEDS: 1B04DB2      19       0       0       0       0   181CD    3039       0       0
   15300000               1366666               1366666             2.5606231E-04         1.0000000E+30            593102       
 NEXT SEEDS:1F83D4F1      19       0       0       0       0   181CD    3039       0       0
   15600000               1066666               1066666             2.5580679E-04         1.0000000E+30            604798       
 NEXT SEEDS: 1CB1952      1A       0       0       0       0   181CD    3039       0       0
   15900000                766666                766666             2.5556241E-04         1.0000000E+30            616458       
 NEXT SEEDS:1FA76374      1A       0       0       0       0   181CD    3039       0       0
   16200000                466666                466666             2.5532169E-04         1.0000000E+30            628167       
 NEXT SEEDS: 1D94D09      1B       0       0       0       0   181CD    3039       0       0
   16500000                166666                166666             2.5509224E-04         1.0000000E+30            639907       
 NEXT SEEDS:1FA69D0A      1B       0       0       0       0   181CD    3039       0       0
   16666616                    50                    50             2.5497596E-04         1.0000000E+30            646435       
 NEXT SEEDS:303DF520      1B       0       0       0       0   181CD    3039       0       0
   16666617                    49                    49             2.5497597E-04         1.0000000E+30            646435       
 NEXT SEEDS:303DF9D5      1B       0       0       0       0   181CD    3039       0       0
   16666618                    48                    48             2.5497595E-04         1.0000000E+30            646435       
 NEXT SEEDS:303E00B5      1B       0       0       0       0   181CD    3039       0       0
   16666619                    47                    47             2.5497603E-04         1.0000000E+30            646436       
 NEXT SEEDS:303E1CD1      1B       0       0       0       0   181CD    3039       0       0
   16666620                    46                    46             2.5497601E-04         1.0000000E+30            646436       
 NEXT SEEDS:303E1E82      1B       0       0       0       0   181CD    3039       0       0
   16666621                    45                    45             2.5497606E-04         1.0000000E+30            646437       
 NEXT SEEDS:303E3047      1B       0       0       0       0   181CD    3039       0       0
   16666622                    44                    44             2.5497607E-04         1.0000000E+30            646437       
 NEXT SEEDS:303E3997      1B       0       0       0       0   181CD    3039       0       0
   16666623                    43                    43             2.5497608E-04         1.0000000E+30            646437       
 NEXT SEEDS:303E41C0      1B       0       0       0       0   181CD    3039       0       0
   16666624                    42                    42             2.5497607E-04         1.0000000E+30            646437       
 NEXT SEEDS:303E46CE      1B       0       0       0       0   181CD    3039       0       0
   16666625                    41                    41             2.5497608E-04         1.0000000E+30            646437       
 NEXT SEEDS:303E514B      1B       0       0       0       0   181CD    3039       0       0
   16666626                    40                    40             2.5497613E-04         1.0000000E+30            646438       
 NEXT SEEDS:303E6381      1B       0       0       0       0   181CD    3039       0       0
   16666627                    39                    39             2.5497614E-04         1.0000000E+30            646438       
 NEXT SEEDS:303E68FB      1B       0       0       0       0   181CD    3039       0       0
   16666628                    38                    38             2.5497612E-04         1.0000000E+30            646438       
 NEXT SEEDS:303E6ED6      1B       0       0       0       0   181CD    3039       0       0
   16666629                    37                    37             2.5497614E-04         1.0000000E+30            646438       
 NEXT SEEDS:303E7129      1B       0       0       0       0   181CD    3039       0       0
   16666630                    36                    36             2.5497612E-04         1.0000000E+30            646438       
 NEXT SEEDS:303E7634      1B       0       0       0       0   181CD    3039       0       0
   16666631                    35                    35             2.5497614E-04         1.0000000E+30            646438       
 NEXT SEEDS:303E7909      1B       0       0       0       0   181CD    3039       0       0
   16666632                    34                    34             2.5497615E-04         1.0000000E+30            646438       
 NEXT SEEDS:303E8157      1B       0       0       0       0   181CD    3039       0       0
   16666633                    33                    33             2.5497614E-04         1.0000000E+30            646438       
 NEXT SEEDS:303E8561      1B       0       0       0       0   181CD    3039       0       0
   16666634                    32                    32             2.5497615E-04         1.0000000E+30            646438       
 NEXT SEEDS:303E8C5E      1B       0       0       0       0   181CD    3039       0       0
   16666635                    31                    31             2.5497613E-04         1.0000000E+30            646438       
 NEXT SEEDS:303E9140      1B       0       0       0       0   181CD    3039       0       0
   16666636                    30                    30             2.5497615E-04         1.0000000E+30            646438       
 NEXT SEEDS:303E98D0      1B       0       0       0       0   181CD    3039       0       0
   16666637                    29                    29             2.5497616E-04         1.0000000E+30            646438       
 NEXT SEEDS:303E9D1F      1B       0       0       0       0   181CD    3039       0       0
   16666638                    28                    28             2.5497615E-04         1.0000000E+30            646438       
 NEXT SEEDS:303EA1B3      1B       0       0       0       0   181CD    3039       0       0
   16666639                    27                    27             2.5497616E-04         1.0000000E+30            646438       
 NEXT SEEDS:303EA5E3      1B       0       0       0       0   181CD    3039       0       0
   16666640                    26                    26             2.5497615E-04         1.0000000E+30            646438       
 NEXT SEEDS:303EAC66      1B       0       0       0       0   181CD    3039       0       0
   16666641                    25                    25             2.5497616E-04         1.0000000E+30            646438       
 NEXT SEEDS:303EAE06      1B       0       0       0       0   181CD    3039       0       0
   16666642                    24                    24             2.5497614E-04         1.0000000E+30            646438       
 NEXT SEEDS:303EB4EC      1B       0       0       0       0   181CD    3039       0       0
   16666643                    23                    23             2.5497616E-04         1.0000000E+30            646438       
 NEXT SEEDS:303EB973      1B       0       0       0       0   181CD    3039       0       0
   16666644                    22                    22             2.5497614E-04         1.0000000E+30            646438       
 NEXT SEEDS:303EBDF2      1B       0       0       0       0   181CD    3039       0       0
   16666645                    21                    21             2.5497616E-04         1.0000000E+30            646438       
 NEXT SEEDS:303EC53D      1B       0       0       0       0   181CD    3039       0       0
   16666646                    20                    20             2.5497617E-04         1.0000000E+30            646438       
 NEXT SEEDS:303ECA71      1B       0       0       0       0   181CD    3039       0       0
   16666647                    19                    19             2.5497616E-04         1.0000000E+30            646438       
 NEXT SEEDS:303ECE1B      1B       0       0       0       0   181CD    3039       0       0
   16666648                    18                    18             2.5497617E-04         1.0000000E+30            646438       
 NEXT SEEDS:303ED5B3      1B       0       0       0       0   181CD    3039       0       0
   16666649                    17                    17             2.5497618E-04         1.0000000E+30            646438       
 NEXT SEEDS:303EDEBF      1B       0       0       0       0   181CD    3039       0       0
   16666650                    16                    16             2.5497617E-04         1.0000000E+30            646438       
 NEXT SEEDS:303EE482      1B       0       0       0       0   181CD    3039       0       0
   16666651                    15                    15             2.5497618E-04         1.0000000E+30            646438       
 NEXT SEEDS:303EED3F      1B       0       0       0       0   181CD    3039       0       0
   16666652                    14                    14             2.5497620E-04         1.0000000E+30            646438       
 NEXT SEEDS:303EF9E8      1B       0       0       0       0   181CD    3039       0       0
   16666653                    13                    13             2.5497618E-04         1.0000000E+30            646438       
 NEXT SEEDS:303EFA62      1B       0       0       0       0   181CD    3039       0       0
   16666654                    12                    12             2.5497622E-04         1.0000000E+30            646438       
 NEXT SEEDS:303F06E0      1B       0       0       0       0   181CD    3039       0       0
   16666655                    11                    11             2.5497621E-04         1.0000000E+30            646438       
 NEXT SEEDS:303F0FE8      1B       0       0       0       0   181CD    3039       0       0
   16666656                    10                    10             2.5497622E-04         1.0000000E+30            646438       
 NEXT SEEDS:303F154F      1B       0       0       0       0   181CD    3039       0       0
   16666657                     9                     9             2.5497624E-04         1.0000000E+30            646438       
 NEXT SEEDS:303F1B30      1B       0       0       0       0   181CD    3039       0       0
   16666658                     8                     8             2.5497622E-04         1.0000000E+30            646438       
 NEXT SEEDS:303F1F9F      1B       0       0       0       0   181CD    3039       0       0
   16666659                     7                     7             2.5497624E-04         1.0000000E+30            646438       
 NEXT SEEDS:303F2641      1B       0       0       0       0   181CD    3039       0       0
   16666660                     6                     6             2.5497622E-04         1.0000000E+30            646438       
 NEXT SEEDS:303F2C33      1B       0       0       0       0   181CD    3039       0       0
   16666661                     5                     5             2.5497623E-04         1.0000000E+30            646438       
 NEXT SEEDS:303F30DE      1B       0       0       0       0   181CD    3039       0       0
   16666662                     4                     4             2.5497622E-04         1.0000000E+30            646438       
 NEXT SEEDS:303F3453      1B       0       0       0       0   181CD    3039       0       0
   16666663                     3                     3             2.5497623E-04         1.0000000E+30            646438       
 NEXT SEEDS:303F3C5F      1B       0       0       0       0   181CD    3039       0       0
   16666664                     2                     2             2.5497625E-04         1.0000000E+30            646438       
 NEXT SEEDS:303F3EBC      1B       0       0       0       0   181CD    3039       0       0
   16666665                     1                     1             2.5497623E-04         1.0000000E+30            646438       
 NEXT SEEDS:303F42CD      1B       0       0       0       0   181CD    3039       0       0
   16666666                     0                     1             2.5497625E-04         1.0000000E+30            646438       
 NEXT SEEDS:303F4916      1B       0       0       0       0   181CD    3039       0       0
