1NUMBER OF BEAM       NUMBER OF BEAM        APPROXIMATE NUMBER    AVERAGE TIME USED     TIME LEFT (RESERVED   NUMBER OF STARS
 PARTICLES HANDLED    PARTICLES LEFT        OF BEAM PARTICLES     BY A BEAM PARTICLE     10000.0 SECONDS      CREATED
                                            THAT CAN STILL BE                           FOR PRINTOUT)
                                            HANDLED

 NEXT SEEDS:       0       0       0       0       0       0   181CD    3039       0       0
          1               9999999               9999999             4.7111511E-04         1.0000000E+30                 0       
 NEXT SEEDS:     653       0       0       0       0       0   181CD    3039       0       0
     200000               9800000               9800000             8.8087119E-04         1.0000000E+30             15884       
 NEXT SEEDS:1A18C51B       0       0       0       0       0   181CD    3039       0       0
     400000               9600000               9600000             8.7581653E-04         1.0000000E+30             31761       
 NEXT SEEDS:342CF26C       0       0       0       0       0   181CD    3039       0       0
     600000               9400000               9400000             8.8359769E-04         1.0000000E+30             47520       
 NEXT SEEDS:12A9E252       1       0       0       0       0   181CD    3039       0       0
     800000               9200000               9200000             8.4121443E-04         1.0000000E+30             63353       
 NEXT SEEDS:2CBACD15       1       0       0       0       0   181CD    3039       0       0
    1000000               9000000               9000000             8.3171947E-04         1.0000000E+30             79096       
 NEXT SEEDS: B1EDDED       2       0       0       0       0   181CD    3039       0       0
    1200000               8800000               8800000             8.0820774E-04         1.0000000E+30             94884       
 NEXT SEEDS:252B47F3       2       0       0       0       0   181CD    3039       0       0
    1400000               8600000               8600000             8.1712689E-04         1.0000000E+30            110632       
 NEXT SEEDS: 3A9BEEB       3       0       0       0       0   181CD    3039       0       0
    1600000               8400000               8400000             8.2280944E-04         1.0000000E+30            126312       
 NEXT SEEDS:1DA0FF1C       3       0       0       0       0   181CD    3039       0       0
    1800000               8200000               8200000             8.0304008E-04         1.0000000E+30            142089       
 NEXT SEEDS:37AB692B       3       0       0       0       0   181CD    3039       0       0
    2000000               8000000               8000000             7.7686382E-04         1.0000000E+30            157904       
 NEXT SEEDS:16210D65       4       0       0       0       0   181CD    3039       0       0
    2200000               7800000               7800000             7.5677256E-04         1.0000000E+30            173907       
 NEXT SEEDS:304D03DD       4       0       0       0       0   181CD    3039       0       0
    2400000               7600000               7600000             7.4001830E-04         1.0000000E+30            189772       
 NEXT SEEDS: EC61136       5       0       0       0       0   181CD    3039       0       0
    2600000               7400000               7400000             7.2706918E-04         1.0000000E+30            205891       
 NEXT SEEDS:28F10760       5       0       0       0       0   181CD    3039       0       0
    2800000               7200000               7200000             7.1561750E-04         1.0000000E+30            221835       
 NEXT SEEDS: 76F2831       6       0       0       0       0   181CD    3039       0       0
    3000000               7000000               7000000             7.0340226E-04         1.0000000E+30            237311       
 NEXT SEEDS:215B5067       6       0       0       0       0   181CD    3039       0       0
    3200000               6800000               6800000             6.9379623E-04         1.0000000E+30            253243       
 NEXT SEEDS:3B8E12DD       6       0       0       0       0   181CD    3039       0       0
    3400000               6600000               6600000             6.9989738E-04         1.0000000E+30            269110       
 NEXT SEEDS:1A1265C6       7       0       0       0       0   181CD    3039       0       0
    3600000               6400000               6400000             7.0586968E-04         1.0000000E+30            284877       
 NEXT SEEDS:34167446       7       0       0       0       0   181CD    3039       0       0
    3800000               6200000               6200000             7.0001798E-04         1.0000000E+30            300686       
 NEXT SEEDS:1291CC95       8       0       0       0       0   181CD    3039       0       0
    4000000               6000000               6000000             6.9266815E-04         1.0000000E+30            316556       
 NEXT SEEDS:2C9E63CA       8       0       0       0       0   181CD    3039       0       0
    4200000               5800000               5800000             6.8606922E-04         1.0000000E+30            332346       
 NEXT SEEDS: B0EE1DF       9       0       0       0       0   181CD    3039       0       0
    4400000               5600000               5600000             6.8067538E-04         1.0000000E+30            347911       
 NEXT SEEDS:24FF75A3       9       0       0       0       0   181CD    3039       0       0
 COUSET, TXYZ:   1.00000000004510     -0.137579472462104      0.990490731328291    
    4600000               5400000               5400000             6.7520428E-04         1.0000000E+30            363787       
 NEXT SEEDS: 37BBEBC       A       0       0       0       0   181CD    3039       0       0
    4800000               5200000               5200000             6.7358179E-04         1.0000000E+30            379466       
 NEXT SEEDS:1D8F8214       A       0       0       0       0   181CD    3039       0       0
    5000000               5000000               5000000             6.7074497E-04         1.0000000E+30            395219       
 NEXT SEEDS:378DE008       A       0       0       0       0   181CD    3039       0       0
    5200000               4800000               4800000             6.7413236E-04         1.0000000E+30            411033       
 NEXT SEEDS:1606C0FF       B       0       0       0       0   181CD    3039       0       0
    5400000               4600000               4600000             6.8081488E-04         1.0000000E+30            427084       
 NEXT SEEDS:30260CB3       B       0       0       0       0   181CD    3039       0       0
    5600000               4400000               4400000             6.7758274E-04         1.0000000E+30            442914       
 NEXT SEEDS: EA3776A       C       0       0       0       0   181CD    3039       0       0
    5800000               4200000               4200000             6.7330558E-04         1.0000000E+30            458739       
 NEXT SEEDS:28B6170D       C       0       0       0       0   181CD    3039       0       0
    6000000               4000000               4000000             6.6927315E-04         1.0000000E+30            474426       
 NEXT SEEDS: 71AD230       D       0       0       0       0   181CD    3039       0       0
    6200000               3800000               3800000             6.6531084E-04         1.0000000E+30            490277       
 NEXT SEEDS:21343D27       D       0       0       0       0   181CD    3039       0       0
    6400000               3600000               3600000             6.6236358E-04         1.0000000E+30            506518       
 NEXT SEEDS:3B707B3C       D       0       0       0       0   181CD    3039       0       0
    6600000               3400000               3400000             6.5861542E-04         1.0000000E+30            522335       
 NEXT SEEDS:19EDF5C9       E       0       0       0       0   181CD    3039       0       0
    6800000               3200000               3200000             6.6167049E-04         1.0000000E+30            537955       
 NEXT SEEDS:340184A5       E       0       0       0       0   181CD    3039       0       0
    7000000               3000000               3000000             6.6602546E-04         1.0000000E+30            553837       
 NEXT SEEDS:127DA1B5       F       0       0       0       0   181CD    3039       0       0
 COUSET, TXYZ:  0.999999999990983     -0.957790091383990      0.287468504063688    
    7200000               2800000               2800000             6.7157464E-04         1.0000000E+30            569557       
 NEXT SEEDS:2C9376ED       F       0       0       0       0   181CD    3039       0       0
    7400000               2600000               2600000             6.7692396E-04         1.0000000E+30            585411       
 NEXT SEEDS: B091FC0      10       0       0       0       0   181CD    3039       0       0
    7600000               2400000               2400000             6.7880621E-04         1.0000000E+30            601331       
 NEXT SEEDS:251FC9B4      10       0       0       0       0   181CD    3039       0       0
    7800000               2200000               2200000             6.7582770E-04         1.0000000E+30            617216       
 NEXT SEEDS: 39FE7B9      11       0       0       0       0   181CD    3039       0       0
    8000000               2000000               2000000             6.7292901E-04         1.0000000E+30            633222       
 NEXT SEEDS:1DCED345      11       0       0       0       0   181CD    3039       0       0
    8200000               1800000               1800000             6.7002929E-04         1.0000000E+30            649161       
 NEXT SEEDS:37DFEA1A      11       0       0       0       0   181CD    3039       0       0
    8400000               1600000               1600000             6.6745088E-04         1.0000000E+30            664908       
 NEXT SEEDS:163C3B50      12       0       0       0       0   181CD    3039       0       0
    8600000               1400000               1400000             6.6556737E-04         1.0000000E+30            680902       
 NEXT SEEDS:306454E8      12       0       0       0       0   181CD    3039       0       0
    8800000               1200000               1200000             6.6272033E-04         1.0000000E+30            696834       
 NEXT SEEDS: EF4C51C      13       0       0       0       0   181CD    3039       0       0
    9000000               1000000               1000000             6.6345833E-04         1.0000000E+30            712570       
 NEXT SEEDS:2902B2C8      13       0       0       0       0   181CD    3039       0       0
    9200000                800000                800000             6.6158691E-04         1.0000000E+30            728340       
 NEXT SEEDS: 776C381      14       0       0       0       0   181CD    3039       0       0
    9400000                600000                600000             6.6166753E-04         1.0000000E+30            744144       
 NEXT SEEDS:218C4D66      14       0       0       0       0   181CD    3039       0       0
    9600000                400000                400000             6.6677582E-04         1.0000000E+30            760021       
 NEXT SEEDS:3B9AA4AD      14       0       0       0       0   181CD    3039       0       0
    9800000                200000                200000             6.7121482E-04         1.0000000E+30            775712       
 NEXT SEEDS:1A14F877      15       0       0       0       0   181CD    3039       0       0
    9999950                    50                    50             6.7545079E-04         1.0000000E+30            791423       
 NEXT SEEDS:341D8BB7      15       0       0       0       0   181CD    3039       0       0
    9999951                    49                    49             6.7545092E-04         1.0000000E+30            791424       
 NEXT SEEDS:341DAD31      15       0       0       0       0   181CD    3039       0       0
    9999952                    48                    48             6.7545090E-04         1.0000000E+30            791424       
 NEXT SEEDS:341DB32E      15       0       0       0       0   181CD    3039       0       0
    9999953                    47                    47             6.7545088E-04         1.0000000E+30            791424       
 NEXT SEEDS:341DBA59      15       0       0       0       0   181CD    3039       0       0
    9999954                    46                    46             6.7545086E-04         1.0000000E+30            791424       
 NEXT SEEDS:341DBFEA      15       0       0       0       0   181CD    3039       0       0
    9999955                    45                    45             6.7545084E-04         1.0000000E+30            791424       
 NEXT SEEDS:341DC415      15       0       0       0       0   181CD    3039       0       0
    9999956                    44                    44             6.7545082E-04         1.0000000E+30            791424       
 NEXT SEEDS:341DCB70      15       0       0       0       0   181CD    3039       0       0
    9999957                    43                    43             6.7545080E-04         1.0000000E+30            791424       
 NEXT SEEDS:341DD270      15       0       0       0       0   181CD    3039       0       0
    9999958                    42                    42             6.7545078E-04         1.0000000E+30            791424       
 NEXT SEEDS:341DD7FC      15       0       0       0       0   181CD    3039       0       0
    9999959                    41                    41             6.7545077E-04         1.0000000E+30            791424       
 NEXT SEEDS:341DDE6C      15       0       0       0       0   181CD    3039       0       0
    9999960                    40                    40             6.7545075E-04         1.0000000E+30            791424       
 NEXT SEEDS:341DE5DB      15       0       0       0       0   181CD    3039       0       0
    9999961                    39                    39             6.7545073E-04         1.0000000E+30            791424       
 NEXT SEEDS:341DEAB8      15       0       0       0       0   181CD    3039       0       0
    9999962                    38                    38             6.7545071E-04         1.0000000E+30            791424       
 NEXT SEEDS:341DF17A      15       0       0       0       0   181CD    3039       0       0
    9999963                    37                    37             6.7545064E-04         1.0000000E+30            791424       
 NEXT SEEDS:341DF5F8      15       0       0       0       0   181CD    3039       0       0
    9999964                    36                    36             6.7545067E-04         1.0000000E+30            791424       
 NEXT SEEDS:341E0266      15       0       0       0       0   181CD    3039       0       0
    9999965                    35                    35             6.7545065E-04         1.0000000E+30            791424       
 NEXT SEEDS:341E0623      15       0       0       0       0   181CD    3039       0       0
    9999966                    34                    34             6.7545063E-04         1.0000000E+30            791424       
 NEXT SEEDS:341E0C05      15       0       0       0       0   181CD    3039       0       0
    9999967                    33                    33             6.7545062E-04         1.0000000E+30            791424       
 NEXT SEEDS:341E11E9      15       0       0       0       0   181CD    3039       0       0
    9999968                    32                    32             6.7545069E-04         1.0000000E+30            791425       
 NEXT SEEDS:341E2A6B      15       0       0       0       0   181CD    3039       0       0
    9999969                    31                    31             6.7545068E-04         1.0000000E+30            791425       
 NEXT SEEDS:341E327D      15       0       0       0       0   181CD    3039       0       0
    9999970                    30                    30             6.7545066E-04         1.0000000E+30            791425       
 NEXT SEEDS:341E37E5      15       0       0       0       0   181CD    3039       0       0
    9999971                    29                    29             6.7545064E-04         1.0000000E+30            791425       
 NEXT SEEDS:341E3DFC      15       0       0       0       0   181CD    3039       0       0
    9999972                    28                    28             6.7545062E-04         1.0000000E+30            791425       
 NEXT SEEDS:341E42E6      15       0       0       0       0   181CD    3039       0       0
    9999973                    27                    27             6.7545060E-04         1.0000000E+30            791425       
 NEXT SEEDS:341E4662      15       0       0       0       0   181CD    3039       0       0
    9999974                    26                    26             6.7545058E-04         1.0000000E+30            791425       
 NEXT SEEDS:341E4DEA      15       0       0       0       0   181CD    3039       0       0
    9999975                    25                    25             6.7545056E-04         1.0000000E+30            791425       
 NEXT SEEDS:341E53D4      15       0       0       0       0   181CD    3039       0       0
    9999976                    24                    24             6.7545055E-04         1.0000000E+30            791425       
 NEXT SEEDS:341E5A8F      15       0       0       0       0   181CD    3039       0       0
    9999977                    23                    23             6.7545053E-04         1.0000000E+30            791425       
 NEXT SEEDS:341E60E5      15       0       0       0       0   181CD    3039       0       0
    9999978                    22                    22             6.7545051E-04         1.0000000E+30            791425       
 NEXT SEEDS:341E6701      15       0       0       0       0   181CD    3039       0       0
    9999979                    21                    21             6.7545049E-04         1.0000000E+30            791425       
 NEXT SEEDS:341E6DD3      15       0       0       0       0   181CD    3039       0       0
    9999980                    20                    20             6.7545071E-04         1.0000000E+30            791426       
 NEXT SEEDS:341EA9F2      15       0       0       0       0   181CD    3039       0       0
    9999981                    19                    19             6.7545065E-04         1.0000000E+30            791426       
 NEXT SEEDS:341EAFC3      15       0       0       0       0   181CD    3039       0       0
    9999982                    18                    18             6.7545063E-04         1.0000000E+30            791426       
 NEXT SEEDS:341EB497      15       0       0       0       0   181CD    3039       0       0
    9999983                    17                    17             6.7545061E-04         1.0000000E+30            791426       
 NEXT SEEDS:341EBB1E      15       0       0       0       0   181CD    3039       0       0
    9999984                    16                    16             6.7545059E-04         1.0000000E+30            791426       
 NEXT SEEDS:341EC1CE      15       0       0       0       0   181CD    3039       0       0
    9999985                    15                    15             6.7545057E-04         1.0000000E+30            791426       
 NEXT SEEDS:341EC816      15       0       0       0       0   181CD    3039       0       0
    9999986                    14                    14             6.7545055E-04         1.0000000E+30            791426       
 NEXT SEEDS:341ECF4E      15       0       0       0       0   181CD    3039       0       0
    9999987                    13                    13             6.7545053E-04         1.0000000E+30            791426       
 NEXT SEEDS:341ED687      15       0       0       0       0   181CD    3039       0       0
    9999988                    12                    12             6.7545052E-04         1.0000000E+30            791426       
 NEXT SEEDS:341EDBB1      15       0       0       0       0   181CD    3039       0       0
    9999989                    11                    11             6.7545050E-04         1.0000000E+30            791426       
 NEXT SEEDS:341EE179      15       0       0       0       0   181CD    3039       0       0
    9999990                    10                    10             6.7545048E-04         1.0000000E+30            791426       
 NEXT SEEDS:341EE999      15       0       0       0       0   181CD    3039       0       0
    9999991                     9                     9             6.7545051E-04         1.0000000E+30            791426       
 NEXT SEEDS:341EF139      15       0       0       0       0   181CD    3039       0       0
    9999992                     8                     8             6.7545049E-04         1.0000000E+30            791426       
 NEXT SEEDS:341EF726      15       0       0       0       0   181CD    3039       0       0
    9999993                     7                     7             6.7545047E-04         1.0000000E+30            791426       
 NEXT SEEDS:341F014D      15       0       0       0       0   181CD    3039       0       0
    9999994                     6                     6             6.7545045E-04         1.0000000E+30            791426       
 NEXT SEEDS:341F06CE      15       0       0       0       0   181CD    3039       0       0
    9999995                     5                     5             6.7545043E-04         1.0000000E+30            791426       
 NEXT SEEDS:341F0B3D      15       0       0       0       0   181CD    3039       0       0
    9999996                     4                     4             6.7545037E-04         1.0000000E+30            791426       
 NEXT SEEDS:341F1020      15       0       0       0       0   181CD    3039       0       0
    9999997                     3                     3             6.7545035E-04         1.0000000E+30            791426       
 NEXT SEEDS:341F1433      15       0       0       0       0   181CD    3039       0       0
    9999998                     2                     2             6.7545033E-04         1.0000000E+30            791426       
 NEXT SEEDS:341F1A3C      15       0       0       0       0   181CD    3039       0       0
    9999999                     1                     1             6.7545031E-04         1.0000000E+30            791426       
 NEXT SEEDS:341F20FA      15       0       0       0       0   181CD    3039       0       0
   10000000                     0                     1             6.7545029E-04         1.0000000E+30            791426       
 NEXT SEEDS:341F2A3E      15       0       0       0       0   181CD    3039       0       0
