1NUMBER OF BEAM       NUMBER OF BEAM        APPROXIMATE NUMBER    AVERAGE TIME USED     TIME LEFT (RESERVED   NUMBER OF STARS
 PARTICLES HANDLED    PARTICLES LEFT        OF BEAM PARTICLES     BY A BEAM PARTICLE     10000.0 SECONDS      CREATED
                                            THAT CAN STILL BE                           FOR PRINTOUT)
                                            HANDLED

 NEXT SEEDS:       0       0       0       0       0       0   181CD    3039       0       0
          1                999999                999999             1.9290447E-03         1.0000000E+30                 0       
 NEXT SEEDS:    2493       0       0       0       0       0   181CD    3039       0       0
      20000                980000                980000             3.4240766E-03         1.0000000E+30              4358       
 NEXT SEEDS: AFBCAAA       0       0       0       0       0   181CD    3039       0       0
      40000                960000                960000             3.2811692E-03         1.0000000E+30              8654       
 NEXT SEEDS:15F0706D       0       0       0       0       0   181CD    3039       0       0
      60000                940000                940000             3.2594773E-03         1.0000000E+30             13078       
 NEXT SEEDS:21085728       0       0       0       0       0   181CD    3039       0       0
      80000                920000                920000             3.2011896E-03         1.0000000E+30             17294       
 NEXT SEEDS:2BEC04C2       0       0       0       0       0   181CD    3039       0       0
     100000                900000                900000             3.2017079E-03         1.0000000E+30             21606       
 NEXT SEEDS:36DF5B1A       0       0       0       0       0   181CD    3039       0       0
     120000                880000                880000             3.2031714E-03         1.0000000E+30             26006       
 NEXT SEEDS: 63C23AB       1       0       0       0       0   181CD    3039       0       0
     140000                860000                860000             3.2213712E-03         1.0000000E+30             30336       
 NEXT SEEDS:113D5369       1       0       0       0       0   181CD    3039       0       0
     160000                840000                840000             3.2015390E-03         1.0000000E+30             34673       
 NEXT SEEDS:1C412AD7       1       0       0       0       0   181CD    3039       0       0
     180000                820000                820000             3.2063959E-03         1.0000000E+30             39097       
 NEXT SEEDS:2744A7CE       1       0       0       0       0   181CD    3039       0       0
     200000                800000                800000             3.2188728E-03         1.0000000E+30             43515       
 NEXT SEEDS:32457566       1       0       0       0       0   181CD    3039       0       0
     220000                780000                780000             3.2092677E-03         1.0000000E+30             47805       
 NEXT SEEDS: 1B41C98       2       0       0       0       0   181CD    3039       0       0
     240000                760000                760000             3.2069062E-03         1.0000000E+30             52127       
 NEXT SEEDS: CB6129C       2       0       0       0       0   181CD    3039       0       0
     260000                740000                740000             3.2059942E-03         1.0000000E+30             56394       
 NEXT SEEDS:17B56E5F       2       0       0       0       0   181CD    3039       0       0
     280000                720000                720000             3.1963584E-03         1.0000000E+30             60671       
 NEXT SEEDS:22B26FE6       2       0       0       0       0   181CD    3039       0       0
     300000                700000                700000             3.2100139E-03         1.0000000E+30             64975       
 NEXT SEEDS:2DAC648F       2       0       0       0       0   181CD    3039       0       0
     320000                680000                680000             3.2113091E-03         1.0000000E+30             69297       
 NEXT SEEDS:38BB4E5D       2       0       0       0       0   181CD    3039       0       0
     340000                660000                660000             3.2062974E-03         1.0000000E+30             73577       
 NEXT SEEDS: 81CB1A7       3       0       0       0       0   181CD    3039       0       0
     360000                640000                640000             3.2135224E-03         1.0000000E+30             77867       
 NEXT SEEDS:131072E6       3       0       0       0       0   181CD    3039       0       0
     380000                620000                620000             3.2171606E-03         1.0000000E+30             82161       
 NEXT SEEDS:1E274066       3       0       0       0       0   181CD    3039       0       0
     400000                600000                600000             3.2177976E-03         1.0000000E+30             86384       
 NEXT SEEDS:292227A5       3       0       0       0       0   181CD    3039       0       0
     420000                580000                580000             3.2192572E-03         1.0000000E+30             90760       
 NEXT SEEDS:342A7842       3       0       0       0       0   181CD    3039       0       0
     440000                560000                560000             3.2287967E-03         1.0000000E+30             94948       
 NEXT SEEDS: 3AAF065       4       0       0       0       0   181CD    3039       0       0
     460000                540000                540000             3.2344759E-03         1.0000000E+30             99287       
 NEXT SEEDS: E9B9580       4       0       0       0       0   181CD    3039       0       0
     480000                520000                520000             3.2391856E-03         1.0000000E+30            103591       
 NEXT SEEDS:198C370C       4       0       0       0       0   181CD    3039       0       0
     500000                500000                500000             3.2463304E-03         1.0000000E+30            107848       
 NEXT SEEDS:248B0434       4       0       0       0       0   181CD    3039       0       0
     520000                480000                480000             3.2465868E-03         1.0000000E+30            112204       
 NEXT SEEDS:2F7EF581       4       0       0       0       0   181CD    3039       0       0
     540000                460000                460000             3.2470355E-03         1.0000000E+30            116512       
 NEXT SEEDS:3A7636B2       4       0       0       0       0   181CD    3039       0       0
     560000                440000                440000             3.2511885E-03         1.0000000E+30            120912       
 NEXT SEEDS: 9F0A680       5       0       0       0       0   181CD    3039       0       0
     580000                420000                420000             3.2507350E-03         1.0000000E+30            125306       
 NEXT SEEDS:14F8F9C9       5       0       0       0       0   181CD    3039       0       0
     600000                400000                400000             3.2569153E-03         1.0000000E+30            129660       
 NEXT SEEDS:2007B41F       5       0       0       0       0   181CD    3039       0       0
     620000                380000                380000             3.2555450E-03         1.0000000E+30            134100       
 NEXT SEEDS:2B12B240       5       0       0       0       0   181CD    3039       0       0
     640000                360000                360000             3.2550135E-03         1.0000000E+30            138364       
 NEXT SEEDS:3623EBCB       5       0       0       0       0   181CD    3039       0       0
     660000                340000                340000             3.2553780E-03         1.0000000E+30            142606       
 NEXT SEEDS: 579F2E2       6       0       0       0       0   181CD    3039       0       0
     680000                320000                320000             3.2587868E-03         1.0000000E+30            146884       
 NEXT SEEDS:1074418B       6       0       0       0       0   181CD    3039       0       0
     700000                300000                300000             3.2587607E-03         1.0000000E+30            151253       
 NEXT SEEDS:1B8505F0       6       0       0       0       0   181CD    3039       0       0
     720000                280000                280000             3.2609452E-03         1.0000000E+30            155587       
 NEXT SEEDS:268CD223       6       0       0       0       0   181CD    3039       0       0
     740000                260000                260000             3.2629749E-03         1.0000000E+30            160010       
 NEXT SEEDS:318A1620       6       0       0       0       0   181CD    3039       0       0
     760000                240000                240000             3.2668549E-03         1.0000000E+30            164341       
 NEXT SEEDS:  EAE100       7       0       0       0       0   181CD    3039       0       0
     780000                220000                220000             3.2733197E-03         1.0000000E+30            168660       
 NEXT SEEDS: BE97427       7       0       0       0       0   181CD    3039       0       0
     800000                200000                200000             3.2755171E-03         1.0000000E+30            172825       
 NEXT SEEDS:16E555DB       7       0       0       0       0   181CD    3039       0       0
     820000                180000                180000             3.2807524E-03         1.0000000E+30            177147       
 NEXT SEEDS:21E7C3C2       7       0       0       0       0   181CD    3039       0       0
     840000                160000                160000             3.2809918E-03         1.0000000E+30            181540       
 NEXT SEEDS:2CEC81FE       7       0       0       0       0   181CD    3039       0       0
     860000                140000                140000             3.2814245E-03         1.0000000E+30            185959       
 NEXT SEEDS:38014DB1       7       0       0       0       0   181CD    3039       0       0
     880000                120000                120000             3.2835825E-03         1.0000000E+30            190245       
 NEXT SEEDS: 765EA5E       8       0       0       0       0   181CD    3039       0       0
     900000                100000                100000             3.2821760E-03         1.0000000E+30            194548       
 NEXT SEEDS:12716404       8       0       0       0       0   181CD    3039       0       0
     920000                 80000                 80000             3.2832306E-03         1.0000000E+30            198946       
 NEXT SEEDS:1D7CD79D       8       0       0       0       0   181CD    3039       0       0
     940000                 60000                 60000             3.2814634E-03         1.0000000E+30            203234       
 NEXT SEEDS:288420A3       8       0       0       0       0   181CD    3039       0       0
     960000                 40000                 40000             3.2804150E-03         1.0000000E+30            207538       
 NEXT SEEDS:33951EE3       8       0       0       0       0   181CD    3039       0       0
     980000                 20000                 20000             3.2831138E-03         1.0000000E+30            211926       
 NEXT SEEDS: 3038B5D       9       0       0       0       0   181CD    3039       0       0
     999950                    50                    50             3.2840396E-03         1.0000000E+30            216187       
 NEXT SEEDS: E013CE1       9       0       0       0       0   181CD    3039       0       0
     999951                    49                    49             3.2840380E-03         1.0000000E+30            216187       
 NEXT SEEDS: E015C0A       9       0       0       0       0   181CD    3039       0       0
     999952                    48                    48             3.2840367E-03         1.0000000E+30            216187       
 NEXT SEEDS: E017E41       9       0       0       0       0   181CD    3039       0       0
     999953                    47                    47             3.2840349E-03         1.0000000E+30            216187       
 NEXT SEEDS: E019BFB       9       0       0       0       0   181CD    3039       0       0
     999954                    46                    46             3.2840335E-03         1.0000000E+30            216187       
 NEXT SEEDS: E01BCFF       9       0       0       0       0   181CD    3039       0       0
     999955                    45                    45             3.2840317E-03         1.0000000E+30            216187       
 NEXT SEEDS: E01DBA2       9       0       0       0       0   181CD    3039       0       0
     999956                    44                    44             3.2840304E-03         1.0000000E+30            216187       
 NEXT SEEDS: E01FC64       9       0       0       0       0   181CD    3039       0       0
     999957                    43                    43             3.2840288E-03         1.0000000E+30            216187       
 NEXT SEEDS: E021D54       9       0       0       0       0   181CD    3039       0       0
     999958                    42                    42             3.2840272E-03         1.0000000E+30            216187       
 NEXT SEEDS: E024168       9       0       0       0       0   181CD    3039       0       0
     999959                    41                    41             3.2840259E-03         1.0000000E+30            216187       
 NEXT SEEDS: E026903       9       0       0       0       0   181CD    3039       0       0
     999960                    40                    40             3.2840255E-03         1.0000000E+30            216188       
 NEXT SEEDS: E02A02F       9       0       0       0       0   181CD    3039       0       0
     999961                    39                    39             3.2840237E-03         1.0000000E+30            216188       
 NEXT SEEDS: E02B9C9       9       0       0       0       0   181CD    3039       0       0
     999962                    38                    38             3.2840221E-03         1.0000000E+30            216188       
 NEXT SEEDS: E02D8F9       9       0       0       0       0   181CD    3039       0       0
     999963                    37                    37             3.2840201E-03         1.0000000E+30            216188       
 NEXT SEEDS: E02F2B9       9       0       0       0       0   181CD    3039       0       0
     999964                    36                    36             3.2840190E-03         1.0000000E+30            216188       
 NEXT SEEDS: E031F4F       9       0       0       0       0   181CD    3039       0       0
     999965                    35                    35             3.2840177E-03         1.0000000E+30            216188       
 NEXT SEEDS: E03430E       9       0       0       0       0   181CD    3039       0       0
     999966                    34                    34             3.2840158E-03         1.0000000E+30            216188       
 NEXT SEEDS: E035F07       9       0       0       0       0   181CD    3039       0       0
     999967                    33                    33             3.2840143E-03         1.0000000E+30            216188       
 NEXT SEEDS: E037F34       9       0       0       0       0   181CD    3039       0       0
     999968                    32                    32             3.2840127E-03         1.0000000E+30            216188       
 NEXT SEEDS: E03A00D       9       0       0       0       0   181CD    3039       0       0
     999969                    31                    31             3.2840111E-03         1.0000000E+30            216188       
 NEXT SEEDS: E03C137       9       0       0       0       0   181CD    3039       0       0
     999970                    30                    30             3.2840098E-03         1.0000000E+30            216188       
 NEXT SEEDS: E03E5E6       9       0       0       0       0   181CD    3039       0       0
     999971                    29                    29             3.2840082E-03         1.0000000E+30            216188       
 NEXT SEEDS: E0404D3       9       0       0       0       0   181CD    3039       0       0
     999972                    28                    28             3.2840066E-03         1.0000000E+30            216188       
 NEXT SEEDS: E042545       9       0       0       0       0   181CD    3039       0       0
     999973                    27                    27             3.2840048E-03         1.0000000E+30            216188       
 NEXT SEEDS: E044415       9       0       0       0       0   181CD    3039       0       0
     999974                    26                    26             3.2840035E-03         1.0000000E+30            216189       
 NEXT SEEDS: E0468A8       9       0       0       0       0   181CD    3039       0       0
     999975                    25                    25             3.2840027E-03         1.0000000E+30            216190       
 NEXT SEEDS: E04970A       9       0       0       0       0   181CD    3039       0       0
     999976                    24                    24             3.2839994E-03         1.0000000E+30            216190       
 NEXT SEEDS: E04B47E       9       0       0       0       0   181CD    3039       0       0
     999977                    23                    23             3.2839961E-03         1.0000000E+30            216190       
 NEXT SEEDS: E04D959       9       0       0       0       0   181CD    3039       0       0
     999978                    22                    22             3.2839940E-03         1.0000000E+30            216190       
 NEXT SEEDS: E04F9F7       9       0       0       0       0   181CD    3039       0       0
     999979                    21                    21             3.2839922E-03         1.0000000E+30            216190       
 NEXT SEEDS: E051DDE       9       0       0       0       0   181CD    3039       0       0
     999980                    20                    20             3.2839906E-03         1.0000000E+30            216190       
 NEXT SEEDS: E053BEC       9       0       0       0       0   181CD    3039       0       0
     999981                    19                    19             3.2839895E-03         1.0000000E+30            216191       
 NEXT SEEDS: E056D19       9       0       0       0       0   181CD    3039       0       0
     999982                    18                    18             3.2839880E-03         1.0000000E+30            216191       
 NEXT SEEDS: E058D88       9       0       0       0       0   181CD    3039       0       0
     999983                    17                    17             3.2839866E-03         1.0000000E+30            216191       
 NEXT SEEDS: E05B062       9       0       0       0       0   181CD    3039       0       0
     999984                    16                    16             3.2839846E-03         1.0000000E+30            216191       
 NEXT SEEDS: E05C8F6       9       0       0       0       0   181CD    3039       0       0
     999985                    15                    15             3.2839830E-03         1.0000000E+30            216191       
 NEXT SEEDS: E05E78D       9       0       0       0       0   181CD    3039       0       0
     999986                    14                    14             3.2839814E-03         1.0000000E+30            216191       
 NEXT SEEDS: E06050B       9       0       0       0       0   181CD    3039       0       0
     999987                    13                    13             3.2839796E-03         1.0000000E+30            216191       
 NEXT SEEDS: E062069       9       0       0       0       0   181CD    3039       0       0
     999988                    12                    12             3.2839780E-03         1.0000000E+30            216191       
 NEXT SEEDS: E064479       9       0       0       0       0   181CD    3039       0       0
     999989                    11                    11             3.2839769E-03         1.0000000E+30            216192       
 NEXT SEEDS: E066F5E       9       0       0       0       0   181CD    3039       0       0
     999990                    10                    10             3.2839756E-03         1.0000000E+30            216193       
 NEXT SEEDS: E06921E       9       0       0       0       0   181CD    3039       0       0
     999991                     9                     9             3.2839738E-03         1.0000000E+30            216193       
 NEXT SEEDS: E06AB41       9       0       0       0       0   181CD    3039       0       0
     999992                     8                     8             3.2839725E-03         1.0000000E+30            216193       
 NEXT SEEDS: E06D122       9       0       0       0       0   181CD    3039       0       0
     999993                     7                     7             3.2839711E-03         1.0000000E+30            216193       
 NEXT SEEDS: E06F523       9       0       0       0       0   181CD    3039       0       0
     999994                     6                     6             3.2839698E-03         1.0000000E+30            216193       
 NEXT SEEDS: E071984       9       0       0       0       0   181CD    3039       0       0
     999995                     5                     5             3.2839687E-03         1.0000000E+30            216193       
 NEXT SEEDS: E073B48       9       0       0       0       0   181CD    3039       0       0
     999996                     4                     4             3.2839654E-03         1.0000000E+30            216193       
 NEXT SEEDS: E075BC0       9       0       0       0       0   181CD    3039       0       0
     999997                     3                     3             3.2839621E-03         1.0000000E+30            216193       
 NEXT SEEDS: E0779EC       9       0       0       0       0   181CD    3039       0       0
     999998                     2                     2             3.2839603E-03         1.0000000E+30            216193       
 NEXT SEEDS: E0797D5       9       0       0       0       0   181CD    3039       0       0
     999999                     1                     1             3.2839590E-03         1.0000000E+30            216193       
 NEXT SEEDS: E07BF96       9       0       0       0       0   181CD    3039       0       0
    1000000                     0                     1             3.2839572E-03         1.0000000E+30            216193       
 NEXT SEEDS: E07DA8D       9       0       0       0       0   181CD    3039       0       0
