1NUMBER OF BEAM       NUMBER OF BEAM        APPROXIMATE NUMBER    AVERAGE TIME USED     TIME LEFT (RESERVED   NUMBER OF STARS
 PARTICLES HANDLED    PARTICLES LEFT        OF BEAM PARTICLES     BY A BEAM PARTICLE     10000.0 SECONDS      CREATED
                                            THAT CAN STILL BE                           FOR PRINTOUT)
                                            HANDLED

 NEXT SEEDS:       0       0       0       0       0       0   181CD    3039       0       0
          1                999999                999999             1.5819073E-03         1.0000000E+30                 0       
 NEXT SEEDS:    1493       0       0       0       0       0   181CD    3039       0       0
      20000                980000                980000             1.8520880E-03         1.0000000E+30              2441       
 NEXT SEEDS: 662CE67       0       0       0       0       0   181CD    3039       0       0
      40000                960000                960000             1.8404439E-03         1.0000000E+30              4912       
 NEXT SEEDS: CC1ADDC       0       0       0       0       0   181CD    3039       0       0
      60000                940000                940000             1.8009372E-03         1.0000000E+30              7314       
 NEXT SEEDS:13264BE4       0       0       0       0       0   181CD    3039       0       0
      80000                920000                920000             1.7925404E-03         1.0000000E+30              9684       
 NEXT SEEDS:198231AC       0       0       0       0       0   181CD    3039       0       0
     100000                900000                900000             1.7959391E-03         1.0000000E+30             12121       
 NEXT SEEDS:1FE369CE       0       0       0       0       0   181CD    3039       0       0
     120000                880000                880000             1.7751004E-03         1.0000000E+30             14549       
 NEXT SEEDS:263EE949       0       0       0       0       0   181CD    3039       0       0
     140000                860000                860000             1.8022636E-03         1.0000000E+30             16932       
 NEXT SEEDS:2CA2E9F7       0       0       0       0       0   181CD    3039       0       0
     160000                840000                840000             1.8104716E-03         1.0000000E+30             19353       
 NEXT SEEDS:32FF5B51       0       0       0       0       0   181CD    3039       0       0
     180000                820000                820000             1.8177840E-03         1.0000000E+30             21773       
 NEXT SEEDS:395A6C4C       0       0       0       0       0   181CD    3039       0       0
     200000                800000                800000             1.8381011E-03         1.0000000E+30             24198       
 NEXT SEEDS: 4141707       1       0       0       0       0   181CD    3039       0       0
     220000                780000                780000             1.8347598E-03         1.0000000E+30             26627       
 NEXT SEEDS: A6BF23C       1       0       0       0       0   181CD    3039       0       0
     240000                760000                760000             1.8491595E-03         1.0000000E+30             29000       
 NEXT SEEDS:10C564C3       1       0       0       0       0   181CD    3039       0       0
     260000                740000                740000             1.8632749E-03         1.0000000E+30             31332       
 NEXT SEEDS:172CD0A3       1       0       0       0       0   181CD    3039       0       0
     280000                720000                720000             1.8635816E-03         1.0000000E+30             33727       
 NEXT SEEDS:1D8AFBB0       1       0       0       0       0   181CD    3039       0       0
     300000                700000                700000             1.8738853E-03         1.0000000E+30             36135       
 NEXT SEEDS:23E8CF07       1       0       0       0       0   181CD    3039       0       0
     320000                680000                680000             1.8731251E-03         1.0000000E+30             38494       
 NEXT SEEDS:2A3E98D8       1       0       0       0       0   181CD    3039       0       0
     340000                660000                660000             1.8827777E-03         1.0000000E+30             41026       
 NEXT SEEDS:309F0AE3       1       0       0       0       0   181CD    3039       0       0
     360000                640000                640000             1.8896961E-03         1.0000000E+30             43469       
 NEXT SEEDS:370C8D24       1       0       0       0       0   181CD    3039       0       0
     380000                620000                620000             1.8934962E-03         1.0000000E+30             45853       
 NEXT SEEDS: 1C7BDD9       2       0       0       0       0   181CD    3039       0       0
     400000                600000                600000             1.8925011E-03         1.0000000E+30             48249       
 NEXT SEEDS: 82275AD       2       0       0       0       0   181CD    3039       0       0
     420000                580000                580000             1.9035873E-03         1.0000000E+30             50695       
 NEXT SEEDS: E7C8574       2       0       0       0       0   181CD    3039       0       0
     440000                560000                560000             1.9091264E-03         1.0000000E+30             53118       
 NEXT SEEDS:14DF63FC       2       0       0       0       0   181CD    3039       0       0
     460000                540000                540000             1.9044032E-03         1.0000000E+30             55545       
 NEXT SEEDS:1B42B659       2       0       0       0       0   181CD    3039       0       0
     480000                520000                520000             1.9126283E-03         1.0000000E+30             57963       
 NEXT SEEDS:21A27539       2       0       0       0       0   181CD    3039       0       0
     500000                500000                500000             1.9091046E-03         1.0000000E+30             60365       
 NEXT SEEDS:27FECE16       2       0       0       0       0   181CD    3039       0       0
     520000                480000                480000             1.9117337E-03         1.0000000E+30             62708       
 NEXT SEEDS:2E5AF0E8       2       0       0       0       0   181CD    3039       0       0
     540000                460000                460000             1.9130920E-03         1.0000000E+30             65139       
 NEXT SEEDS:34B9AAEA       2       0       0       0       0   181CD    3039       0       0
     560000                440000                440000             1.9143594E-03         1.0000000E+30             67568       
 NEXT SEEDS:3B258990       2       0       0       0       0   181CD    3039       0       0
     580000                420000                420000             1.9103640E-03         1.0000000E+30             69833       
 NEXT SEEDS: 5DEF90A       3       0       0       0       0   181CD    3039       0       0
     600000                400000                400000             1.9162052E-03         1.0000000E+30             72329       
 NEXT SEEDS: C43E30F       3       0       0       0       0   181CD    3039       0       0
     620000                380000                380000             1.9130304E-03         1.0000000E+30             74837       
 NEXT SEEDS:12A8448E       3       0       0       0       0   181CD    3039       0       0
     640000                360000                360000             1.9163927E-03         1.0000000E+30             77216       
 NEXT SEEDS:18FBFF08       3       0       0       0       0   181CD    3039       0       0
 COUSET, TXYZ:  0.999999999994219     -0.954190724149978      0.299199033980024    
     660000                340000                340000             1.9182449E-03         1.0000000E+30             79649       
 NEXT SEEDS:1F67EAE8       3       0       0       0       0   181CD    3039       0       0
     680000                320000                320000             1.9199831E-03         1.0000000E+30             82074       
 NEXT SEEDS:25CC5491       3       0       0       0       0   181CD    3039       0       0
     700000                300000                300000             1.9211738E-03         1.0000000E+30             84528       
 NEXT SEEDS:2C308E80       3       0       0       0       0   181CD    3039       0       0
     720000                280000                280000             1.9247247E-03         1.0000000E+30             86918       
 NEXT SEEDS:32886341       3       0       0       0       0   181CD    3039       0       0
     740000                260000                260000             1.9275787E-03         1.0000000E+30             89297       
 NEXT SEEDS:38DF01E0       3       0       0       0       0   181CD    3039       0       0
     760000                240000                240000             1.9261682E-03         1.0000000E+30             91668       
 NEXT SEEDS: 39D4781       4       0       0       0       0   181CD    3039       0       0
     780000                220000                220000             1.9262536E-03         1.0000000E+30             94094       
 NEXT SEEDS: 9FBA251       4       0       0       0       0   181CD    3039       0       0
     800000                200000                200000             1.9279175E-03         1.0000000E+30             96481       
 NEXT SEEDS:105522BE       4       0       0       0       0   181CD    3039       0       0
     820000                180000                180000             1.9274295E-03         1.0000000E+30             98885       
 NEXT SEEDS:16AEA670       4       0       0       0       0   181CD    3039       0       0
     840000                160000                160000             1.9326842E-03         1.0000000E+30            101281       
 NEXT SEEDS:1D12C4DC       4       0       0       0       0   181CD    3039       0       0
     860000                140000                140000             1.9348041E-03         1.0000000E+30            103639       
 NEXT SEEDS:2369FFC6       4       0       0       0       0   181CD    3039       0       0
     880000                120000                120000             1.9335484E-03         1.0000000E+30            106007       
 NEXT SEEDS:29CDEC0B       4       0       0       0       0   181CD    3039       0       0
     900000                100000                100000             1.9427623E-03         1.0000000E+30            108414       
 NEXT SEEDS:302922A9       4       0       0       0       0   181CD    3039       0       0
     920000                 80000                 80000             1.9446740E-03         1.0000000E+30            110893       
 NEXT SEEDS:3686AD9C       4       0       0       0       0   181CD    3039       0       0
     940000                 60000                 60000             1.9453317E-03         1.0000000E+30            113281       
 NEXT SEEDS: 140813B       5       0       0       0       0   181CD    3039       0       0
     960000                 40000                 40000             1.9516935E-03         1.0000000E+30            115740       
 NEXT SEEDS: 7AE131E       5       0       0       0       0   181CD    3039       0       0
     980000                 20000                 20000             1.9547560E-03         1.0000000E+30            118113       
 NEXT SEEDS: E084DBC       5       0       0       0       0   181CD    3039       0       0
     999950                    50                    50             1.9563780E-03         1.0000000E+30            120474       
 NEXT SEEDS:145EDF29       5       0       0       0       0   181CD    3039       0       0
     999951                    49                    49             1.9563792E-03         1.0000000E+30            120475       
 NEXT SEEDS:145F27CD       5       0       0       0       0   181CD    3039       0       0
     999952                    48                    48             1.9563793E-03         1.0000000E+30            120476       
 NEXT SEEDS:145F50FA       5       0       0       0       0   181CD    3039       0       0
     999953                    47                    47             1.9563804E-03         1.0000000E+30            120477       
 NEXT SEEDS:145F8FD7       5       0       0       0       0   181CD    3039       0       0
     999954                    46                    46             1.9563797E-03         1.0000000E+30            120477       
 NEXT SEEDS:145FA2C3       5       0       0       0       0   181CD    3039       0       0
     999955                    45                    45             1.9563786E-03         1.0000000E+30            120477       
 NEXT SEEDS:145FB14F       5       0       0       0       0   181CD    3039       0       0
     999956                    44                    44             1.9563777E-03         1.0000000E+30            120477       
 NEXT SEEDS:145FC3F3       5       0       0       0       0   181CD    3039       0       0
     999957                    43                    43             1.9563770E-03         1.0000000E+30            120477       
 NEXT SEEDS:145FD72A       5       0       0       0       0   181CD    3039       0       0
     999958                    42                    42             1.9563762E-03         1.0000000E+30            120477       
 NEXT SEEDS:145FEC5A       5       0       0       0       0   181CD    3039       0       0
     999959                    41                    41             1.9563754E-03         1.0000000E+30            120477       
 NEXT SEEDS:145FFE16       5       0       0       0       0   181CD    3039       0       0
     999960                    40                    40             1.9563745E-03         1.0000000E+30            120477       
 NEXT SEEDS:14600EB9       5       0       0       0       0   181CD    3039       0       0
     999961                    39                    39             1.9563735E-03         1.0000000E+30            120477       
 NEXT SEEDS:1460200C       5       0       0       0       0   181CD    3039       0       0
     999962                    38                    38             1.9563726E-03         1.0000000E+30            120477       
 NEXT SEEDS:14602F3F       5       0       0       0       0   181CD    3039       0       0
     999963                    37                    37             1.9563716E-03         1.0000000E+30            120477       
 NEXT SEEDS:14603F80       5       0       0       0       0   181CD    3039       0       0
     999964                    36                    36             1.9563707E-03         1.0000000E+30            120477       
 NEXT SEEDS:146052CA       5       0       0       0       0   181CD    3039       0       0
     999965                    35                    35             1.9563699E-03         1.0000000E+30            120477       
 NEXT SEEDS:146063FA       5       0       0       0       0   181CD    3039       0       0
     999966                    34                    34             1.9563689E-03         1.0000000E+30            120477       
 NEXT SEEDS:14607368       5       0       0       0       0   181CD    3039       0       0
     999967                    33                    33             1.9563680E-03         1.0000000E+30            120477       
 NEXT SEEDS:14608534       5       0       0       0       0   181CD    3039       0       0
     999968                    32                    32             1.9563672E-03         1.0000000E+30            120477       
 NEXT SEEDS:146098D0       5       0       0       0       0   181CD    3039       0       0
     999969                    31                    31             1.9563663E-03         1.0000000E+30            120477       
 NEXT SEEDS:1460AA23       5       0       0       0       0   181CD    3039       0       0
     999970                    30                    30             1.9563653E-03         1.0000000E+30            120477       
 NEXT SEEDS:1460B9DE       5       0       0       0       0   181CD    3039       0       0
     999971                    29                    29             1.9563645E-03         1.0000000E+30            120477       
 NEXT SEEDS:1460CBE0       5       0       0       0       0   181CD    3039       0       0
     999972                    28                    28             1.9563636E-03         1.0000000E+30            120477       
 NEXT SEEDS:1460DD40       5       0       0       0       0   181CD    3039       0       0
     999973                    27                    27             1.9563626E-03         1.0000000E+30            120477       
 NEXT SEEDS:1460EC4F       5       0       0       0       0   181CD    3039       0       0
     999974                    26                    26             1.9563618E-03         1.0000000E+30            120477       
 NEXT SEEDS:1461008E       5       0       0       0       0   181CD    3039       0       0
     999975                    25                    25             1.9563614E-03         1.0000000E+30            120477       
 NEXT SEEDS:14611AD4       5       0       0       0       0   181CD    3039       0       0
     999976                    24                    24             1.9563603E-03         1.0000000E+30            120477       
 NEXT SEEDS:146129CF       5       0       0       0       0   181CD    3039       0       0
     999977                    23                    23             1.9563595E-03         1.0000000E+30            120477       
 NEXT SEEDS:14613D50       5       0       0       0       0   181CD    3039       0       0
     999978                    22                    22             1.9563586E-03         1.0000000E+30            120477       
 NEXT SEEDS:14614ED4       5       0       0       0       0   181CD    3039       0       0
     999979                    21                    21             1.9563577E-03         1.0000000E+30            120477       
 NEXT SEEDS:146166C1       5       0       0       0       0   181CD    3039       0       0
     999980                    20                    20             1.9563569E-03         1.0000000E+30            120477       
 NEXT SEEDS:14617863       5       0       0       0       0   181CD    3039       0       0
     999981                    19                    19             1.9563559E-03         1.0000000E+30            120477       
 NEXT SEEDS:146188E2       5       0       0       0       0   181CD    3039       0       0
     999982                    18                    18             1.9563549E-03         1.0000000E+30            120477       
 NEXT SEEDS:14619934       5       0       0       0       0   181CD    3039       0       0
     999983                    17                    17             1.9563542E-03         1.0000000E+30            120477       
 NEXT SEEDS:1461AD10       5       0       0       0       0   181CD    3039       0       0
     999984                    16                    16             1.9563542E-03         1.0000000E+30            120478       
 NEXT SEEDS:1461DA03       5       0       0       0       0   181CD    3039       0       0
     999985                    15                    15             1.9563534E-03         1.0000000E+30            120478       
 NEXT SEEDS:1461EE74       5       0       0       0       0   181CD    3039       0       0
     999986                    14                    14             1.9563526E-03         1.0000000E+30            120478       
 NEXT SEEDS:1461FD5F       5       0       0       0       0   181CD    3039       0       0
     999987                    13                    13             1.9563523E-03         1.0000000E+30            120479       
 NEXT SEEDS:14621E4C       5       0       0       0       0   181CD    3039       0       0
     999988                    12                    12             1.9563516E-03         1.0000000E+30            120479       
 NEXT SEEDS:14623083       5       0       0       0       0   181CD    3039       0       0
     999989                    11                    11             1.9563509E-03         1.0000000E+30            120479       
 NEXT SEEDS:14624490       5       0       0       0       0   181CD    3039       0       0
     999990                    10                    10             1.9563498E-03         1.0000000E+30            120479       
 NEXT SEEDS:1462532E       5       0       0       0       0   181CD    3039       0       0
     999991                     9                     9             1.9563489E-03         1.0000000E+30            120479       
 NEXT SEEDS:14626482       5       0       0       0       0   181CD    3039       0       0
     999992                     8                     8             1.9563470E-03         1.0000000E+30            120480       
 NEXT SEEDS:1462A6B8       5       0       0       0       0   181CD    3039       0       0
     999993                     7                     7             1.9563470E-03         1.0000000E+30            120480       
 NEXT SEEDS:1462BABE       5       0       0       0       0   181CD    3039       0       0
     999994                     6                     6             1.9563462E-03         1.0000000E+30            120480       
 NEXT SEEDS:1462C920       5       0       0       0       0   181CD    3039       0       0
     999995                     5                     5             1.9563458E-03         1.0000000E+30            120480       
 NEXT SEEDS:1462DE3A       5       0       0       0       0   181CD    3039       0       0
     999996                     4                     4             1.9563450E-03         1.0000000E+30            120480       
 NEXT SEEDS:1462F09C       5       0       0       0       0   181CD    3039       0       0
     999997                     3                     3             1.9563444E-03         1.0000000E+30            120480       
 NEXT SEEDS:14630677       5       0       0       0       0   181CD    3039       0       0
     999998                     2                     2             1.9563435E-03         1.0000000E+30            120480       
 NEXT SEEDS:14631B38       5       0       0       0       0   181CD    3039       0       0
     999999                     1                     1             1.9563425E-03         1.0000000E+30            120480       
 NEXT SEEDS:14632AA6       5       0       0       0       0   181CD    3039       0       0
    1000000                     0                     1             1.9563416E-03         1.0000000E+30            120480       
 NEXT SEEDS:14633A4F       5       0       0       0       0   181CD    3039       0       0
