1NUMBER OF BEAM       NUMBER OF BEAM        APPROXIMATE NUMBER    AVERAGE TIME USED     TIME LEFT (RESERVED   NUMBER OF STARS
 PARTICLES HANDLED    PARTICLES LEFT        OF BEAM PARTICLES     BY A BEAM PARTICLE     10000.0 SECONDS      CREATED
                                            THAT CAN STILL BE                           FOR PRINTOUT)
                                            HANDLED

 NEXT SEEDS:       0       0       0       0       0       0   181CD    3039       0       0
          1               9999999               9999999             1.7499924E-04         1.0000000E+30                 0       
 NEXT SEEDS:     12D       0       0       0       0       0   181CD    3039       0       0
     200000               9800000               9800000             6.9350908E-05         1.0000000E+30              3489       
 NEXT SEEDS: 5DD9586       0       0       0       0       0   181CD    3039       0       0
     400000               9600000               9600000             8.4756483E-05         1.0000000E+30              6869       
 NEXT SEEDS: BAB5548       0       0       0       0       0   181CD    3039       0       0
     600000               9400000               9400000             9.5456990E-05         1.0000000E+30             10258       
 NEXT SEEDS:11782B48       0       0       0       0       0   181CD    3039       0       0
     800000               9200000               9200000             1.0063460E-04         1.0000000E+30             13579       
 NEXT SEEDS:173E3F89       0       0       0       0       0   181CD    3039       0       0
    1000000               9000000               9000000             1.0363049E-04         1.0000000E+30             16894       
 NEXT SEEDS:1D077CB6       0       0       0       0       0   181CD    3039       0       0
    1200000               8800000               8800000             1.0572653E-04         1.0000000E+30             20192       
 NEXT SEEDS:22D48328       0       0       0       0       0   181CD    3039       0       0
    1400000               8600000               8600000             1.0886449E-04         1.0000000E+30             23536       
 NEXT SEEDS:28A04302       0       0       0       0       0   181CD    3039       0       0
    1600000               8400000               8400000             1.1023995E-04         1.0000000E+30             26929       
 NEXT SEEDS:2E74A1F2       0       0       0       0       0   181CD    3039       0       0
    1800000               8200000               8200000             1.1094316E-04         1.0000000E+30             30255       
 NEXT SEEDS:344023ED       0       0       0       0       0   181CD    3039       0       0
    2000000               8000000               8000000             1.1134230E-04         1.0000000E+30             33634       
 NEXT SEEDS:3A0E676F       0       0       0       0       0   181CD    3039       0       0
 COUSET, TXYZ:  0.999999999994282      0.988382140026959     -0.151989293255455    
    2200000               7800000               7800000             1.1116737E-04         1.0000000E+30             37033       
 NEXT SEEDS: 445815F       1       0       0       0       0   181CD    3039       0       0
    2400000               7600000               7600000             1.1092516E-04         1.0000000E+30             40372       
 NEXT SEEDS: A0E8AA1       1       0       0       0       0   181CD    3039       0       0
    2600000               7400000               7400000             1.1131612E-04         1.0000000E+30             43755       
 NEXT SEEDS: FDBCA12       1       0       0       0       0   181CD    3039       0       0
    2800000               7200000               7200000             1.1168580E-04         1.0000000E+30             47200       
 NEXT SEEDS:15B1ECF2       1       0       0       0       0   181CD    3039       0       0
    3000000               7000000               7000000             1.1195279E-04         1.0000000E+30             50521       
 NEXT SEEDS:1B77DE6D       1       0       0       0       0   181CD    3039       0       0
    3200000               6800000               6800000             1.1221540E-04         1.0000000E+30             53846       
 NEXT SEEDS:2143E804       1       0       0       0       0   181CD    3039       0       0
    3400000               6600000               6600000             1.1244302E-04         1.0000000E+30             57192       
 NEXT SEEDS:27179AAC       1       0       0       0       0   181CD    3039       0       0
    3600000               6400000               6400000             1.1267558E-04         1.0000000E+30             60617       
 NEXT SEEDS:2CF0A08E       1       0       0       0       0   181CD    3039       0       0
    3800000               6200000               6200000             1.1321666E-04         1.0000000E+30             64002       
 NEXT SEEDS:32BBC829       1       0       0       0       0   181CD    3039       0       0
    4000000               6000000               6000000             1.1365552E-04         1.0000000E+30             67401       
 NEXT SEEDS:38866DA2       1       0       0       0       0   181CD    3039       0       0
    4200000               5800000               5800000             1.1377130E-04         1.0000000E+30             70646       
 NEXT SEEDS: 2A88DB5       2       0       0       0       0   181CD    3039       0       0
    4400000               5600000               5600000             1.1398292E-04         1.0000000E+30             74033       
 NEXT SEEDS: 874D182       2       0       0       0       0   181CD    3039       0       0
    4600000               5400000               5400000             1.1408125E-04         1.0000000E+30             77342       
 NEXT SEEDS: E39B46C       2       0       0       0       0   181CD    3039       0       0
    4800000               5200000               5200000             1.1424171E-04         1.0000000E+30             80813       
 NEXT SEEDS:14138C42       2       0       0       0       0   181CD    3039       0       0
    5000000               5000000               5000000             1.1433100E-04         1.0000000E+30             84224       
 NEXT SEEDS:19E75FC7       2       0       0       0       0   181CD    3039       0       0
    5200000               4800000               4800000             1.1444026E-04         1.0000000E+30             87654       
 NEXT SEEDS:1FBA05E1       2       0       0       0       0   181CD    3039       0       0
    5400000               4600000               4600000             1.1452424E-04         1.0000000E+30             91017       
 NEXT SEEDS:2587AF11       2       0       0       0       0   181CD    3039       0       0
    5600000               4400000               4400000             1.1460606E-04         1.0000000E+30             94487       
 NEXT SEEDS:2B5FCD40       2       0       0       0       0   181CD    3039       0       0
    5800000               4200000               4200000             1.1441035E-04         1.0000000E+30             97818       
 NEXT SEEDS:312A9C1C       2       0       0       0       0   181CD    3039       0       0
    6000000               4000000               4000000             1.1420406E-04         1.0000000E+30            101158       
 NEXT SEEDS:36F796ED       2       0       0       0       0   181CD    3039       0       0
    6200000               3800000               3800000             1.1423272E-04         1.0000000E+30            104449       
 NEXT SEEDS: 11FFDE2       3       0       0       0       0   181CD    3039       0       0
    6400000               3600000               3600000             1.1450235E-04         1.0000000E+30            107829       
 NEXT SEEDS: 6E6E35D       3       0       0       0       0   181CD    3039       0       0
    6600000               3400000               3400000             1.1468921E-04         1.0000000E+30            111062       
 NEXT SEEDS: CA503C0       3       0       0       0       0   181CD    3039       0       0
    6800000               3200000               3200000             1.1480263E-04         1.0000000E+30            114514       
 NEXT SEEDS:12834D5B       3       0       0       0       0   181CD    3039       0       0
    7000000               3000000               3000000             1.1497255E-04         1.0000000E+30            117859       
 NEXT SEEDS:1851405E       3       0       0       0       0   181CD    3039       0       0
    7200000               2800000               2800000             1.1500790E-04         1.0000000E+30            121128       
 NEXT SEEDS:1E116CE3       3       0       0       0       0   181CD    3039       0       0
    7400000               2600000               2600000             1.1503100E-04         1.0000000E+30            124488       
 NEXT SEEDS:23DFC6AC       3       0       0       0       0   181CD    3039       0       0
    7600000               2400000               2400000             1.1512502E-04         1.0000000E+30            127869       
 NEXT SEEDS:29AD6BBE       3       0       0       0       0   181CD    3039       0       0
    7800000               2200000               2200000             1.1522823E-04         1.0000000E+30            131292       
 NEXT SEEDS:2F7FC389       3       0       0       0       0   181CD    3039       0       0
    8000000               2000000               2000000             1.1531495E-04         1.0000000E+30            134703       
 NEXT SEEDS:355271C2       3       0       0       0       0   181CD    3039       0       0
    8200000               1800000               1800000             1.1538520E-04         1.0000000E+30            138028       
 NEXT SEEDS:3B1A7024       3       0       0       0       0   181CD    3039       0       0
    8400000               1600000               1600000             1.1545555E-04         1.0000000E+30            141389       
 NEXT SEEDS: 54CA3CC       4       0       0       0       0   181CD    3039       0       0
    8600000               1400000               1400000             1.1576088E-04         1.0000000E+30            144708       
 NEXT SEEDS: B10335D       4       0       0       0       0   181CD    3039       0       0
    8800000               1200000               1200000             1.1565308E-04         1.0000000E+30            148052       
 NEXT SEEDS:10D8DECB       4       0       0       0       0   181CD    3039       0       0
    9000000               1000000               1000000             1.1571197E-04         1.0000000E+30            151401       
 NEXT SEEDS:16A6DF44       4       0       0       0       0   181CD    3039       0       0
    9200000                800000                800000             1.1577586E-04         1.0000000E+30            154677       
 NEXT SEEDS:1C6BBBCF       4       0       0       0       0   181CD    3039       0       0
    9400000                600000                600000             1.1583041E-04         1.0000000E+30            158000       
 NEXT SEEDS:22327205       4       0       0       0       0   181CD    3039       0       0
    9600000                400000                400000             1.1588376E-04         1.0000000E+30            161324       
 NEXT SEEDS:27F5DBD1       4       0       0       0       0   181CD    3039       0       0
    9800000                200000                200000             1.1594885E-04         1.0000000E+30            164759       
 NEXT SEEDS:2DC8D2F4       4       0       0       0       0   181CD    3039       0       0
    9999950                    50                    50             1.1600977E-04         1.0000000E+30            168108       
 NEXT SEEDS:339571EB       4       0       0       0       0   181CD    3039       0       0
    9999951                    49                    49             1.1600977E-04         1.0000000E+30            168108       
 NEXT SEEDS:339572B0       4       0       0       0       0   181CD    3039       0       0
    9999952                    48                    48             1.1600977E-04         1.0000000E+30            168108       
 NEXT SEEDS:339573C8       4       0       0       0       0   181CD    3039       0       0
    9999953                    47                    47             1.1600978E-04         1.0000000E+30            168108       
 NEXT SEEDS:3395748A       4       0       0       0       0   181CD    3039       0       0
    9999954                    46                    46             1.1600978E-04         1.0000000E+30            168108       
 NEXT SEEDS:3395764F       4       0       0       0       0   181CD    3039       0       0
    9999955                    45                    45             1.1600978E-04         1.0000000E+30            168108       
 NEXT SEEDS:3395778A       4       0       0       0       0   181CD    3039       0       0
    9999956                    44                    44             1.1600978E-04         1.0000000E+30            168108       
 NEXT SEEDS:33957842       4       0       0       0       0   181CD    3039       0       0
    9999957                    43                    43             1.1600978E-04         1.0000000E+30            168108       
 NEXT SEEDS:3395791D       4       0       0       0       0   181CD    3039       0       0
    9999958                    42                    42             1.1600978E-04         1.0000000E+30            168108       
 NEXT SEEDS:33957A74       4       0       0       0       0   181CD    3039       0       0
    9999959                    41                    41             1.1600978E-04         1.0000000E+30            168108       
 NEXT SEEDS:33957C05       4       0       0       0       0   181CD    3039       0       0
    9999960                    40                    40             1.1600978E-04         1.0000000E+30            168108       
 NEXT SEEDS:33957CDA       4       0       0       0       0   181CD    3039       0       0
    9999961                    39                    39             1.1600978E-04         1.0000000E+30            168108       
 NEXT SEEDS:33957DFD       4       0       0       0       0   181CD    3039       0       0
    9999962                    38                    38             1.1600978E-04         1.0000000E+30            168108       
 NEXT SEEDS:33957F8E       4       0       0       0       0   181CD    3039       0       0
    9999963                    37                    37             1.1600979E-04         1.0000000E+30            168108       
 NEXT SEEDS:339580D4       4       0       0       0       0   181CD    3039       0       0
    9999964                    36                    36             1.1600979E-04         1.0000000E+30            168108       
 NEXT SEEDS:33958193       4       0       0       0       0   181CD    3039       0       0
    9999965                    35                    35             1.1600979E-04         1.0000000E+30            168108       
 NEXT SEEDS:33958240       4       0       0       0       0   181CD    3039       0       0
    9999966                    34                    34             1.1600977E-04         1.0000000E+30            168108       
 NEXT SEEDS:3395830B       4       0       0       0       0   181CD    3039       0       0
    9999967                    33                    33             1.1600978E-04         1.0000000E+30            168108       
 NEXT SEEDS:33958400       4       0       0       0       0   181CD    3039       0       0
    9999968                    32                    32             1.1600978E-04         1.0000000E+30            168108       
 NEXT SEEDS:339585C1       4       0       0       0       0   181CD    3039       0       0
    9999969                    31                    31             1.1600979E-04         1.0000000E+30            168108       
 NEXT SEEDS:339587AB       4       0       0       0       0   181CD    3039       0       0
    9999970                    30                    30             1.1600979E-04         1.0000000E+30            168108       
 NEXT SEEDS:33958AC0       4       0       0       0       0   181CD    3039       0       0
    9999971                    29                    29             1.1600979E-04         1.0000000E+30            168108       
 NEXT SEEDS:33958BBC       4       0       0       0       0   181CD    3039       0       0
    9999972                    28                    28             1.1600979E-04         1.0000000E+30            168108       
 NEXT SEEDS:33958D10       4       0       0       0       0   181CD    3039       0       0
    9999973                    27                    27             1.1600979E-04         1.0000000E+30            168108       
 NEXT SEEDS:33958DD2       4       0       0       0       0   181CD    3039       0       0
    9999974                    26                    26             1.1600979E-04         1.0000000E+30            168108       
 NEXT SEEDS:33958EFA       4       0       0       0       0   181CD    3039       0       0
    9999975                    25                    25             1.1600979E-04         1.0000000E+30            168108       
 NEXT SEEDS:3395902D       4       0       0       0       0   181CD    3039       0       0
    9999976                    24                    24             1.1600979E-04         1.0000000E+30            168108       
 NEXT SEEDS:33959185       4       0       0       0       0   181CD    3039       0       0
    9999977                    23                    23             1.1600979E-04         1.0000000E+30            168108       
 NEXT SEEDS:33959338       4       0       0       0       0   181CD    3039       0       0
    9999978                    22                    22             1.1600979E-04         1.0000000E+30            168108       
 NEXT SEEDS:339593F6       4       0       0       0       0   181CD    3039       0       0
    9999979                    21                    21             1.1600980E-04         1.0000000E+30            168108       
 NEXT SEEDS:33959505       4       0       0       0       0   181CD    3039       0       0
    9999980                    20                    20             1.1600980E-04         1.0000000E+30            168108       
 NEXT SEEDS:3395965F       4       0       0       0       0   181CD    3039       0       0
    9999981                    19                    19             1.1600980E-04         1.0000000E+30            168108       
 NEXT SEEDS:339597CD       4       0       0       0       0   181CD    3039       0       0
    9999982                    18                    18             1.1600980E-04         1.0000000E+30            168108       
 NEXT SEEDS:3395999D       4       0       0       0       0   181CD    3039       0       0
    9999983                    17                    17             1.1600980E-04         1.0000000E+30            168108       
 NEXT SEEDS:33959A78       4       0       0       0       0   181CD    3039       0       0
    9999984                    16                    16             1.1600980E-04         1.0000000E+30            168108       
 NEXT SEEDS:33959B5F       4       0       0       0       0   181CD    3039       0       0
    9999985                    15                    15             1.1600981E-04         1.0000000E+30            168108       
 NEXT SEEDS:33959F13       4       0       0       0       0   181CD    3039       0       0
    9999986                    14                    14             1.1600981E-04         1.0000000E+30            168108       
 NEXT SEEDS:33959FF7       4       0       0       0       0   181CD    3039       0       0
    9999987                    13                    13             1.1600981E-04         1.0000000E+30            168108       
 NEXT SEEDS:3395A169       4       0       0       0       0   181CD    3039       0       0
    9999988                    12                    12             1.1600981E-04         1.0000000E+30            168108       
 NEXT SEEDS:3395A25F       4       0       0       0       0   181CD    3039       0       0
    9999989                    11                    11             1.1600981E-04         1.0000000E+30            168108       
 NEXT SEEDS:3395A3CE       4       0       0       0       0   181CD    3039       0       0
    9999990                    10                    10             1.1600981E-04         1.0000000E+30            168108       
 NEXT SEEDS:3395A53E       4       0       0       0       0   181CD    3039       0       0
    9999991                     9                     9             1.1600981E-04         1.0000000E+30            168108       
 NEXT SEEDS:3395A621       4       0       0       0       0   181CD    3039       0       0
    9999992                     8                     8             1.1600980E-04         1.0000000E+30            168108       
 NEXT SEEDS:3395A6ED       4       0       0       0       0   181CD    3039       0       0
    9999993                     7                     7             1.1600982E-04         1.0000000E+30            168108       
 NEXT SEEDS:3395A836       4       0       0       0       0   181CD    3039       0       0
    9999994                     6                     6             1.1600980E-04         1.0000000E+30            168108       
 NEXT SEEDS:3395A928       4       0       0       0       0   181CD    3039       0       0
    9999995                     5                     5             1.1600980E-04         1.0000000E+30            168108       
 NEXT SEEDS:3395AA0F       4       0       0       0       0   181CD    3039       0       0
    9999996                     4                     4             1.1600981E-04         1.0000000E+30            168108       
 NEXT SEEDS:3395AB0E       4       0       0       0       0   181CD    3039       0       0
    9999997                     3                     3             1.1600982E-04         1.0000000E+30            168108       
 NEXT SEEDS:3395ADD3       4       0       0       0       0   181CD    3039       0       0
    9999998                     2                     2             1.1600982E-04         1.0000000E+30            168108       
 NEXT SEEDS:3395AFB1       4       0       0       0       0   181CD    3039       0       0
    9999999                     1                     1             1.1600982E-04         1.0000000E+30            168108       
 NEXT SEEDS:3395B0AC       4       0       0       0       0   181CD    3039       0       0
   10000000                     0                     1             1.1600982E-04         1.0000000E+30            168108       
 NEXT SEEDS:3395B201       4       0       0       0       0   181CD    3039       0       0
