1NUMBER OF BEAM       NUMBER OF BEAM        APPROXIMATE NUMBER    AVERAGE TIME USED     TIME LEFT (RESERVED   NUMBER OF STARS
 PARTICLES HANDLED    PARTICLES LEFT        OF BEAM PARTICLES     BY A BEAM PARTICLE     10000.0 SECONDS      CREATED
                                            THAT CAN STILL BE                           FOR PRINTOUT)
                                            HANDLED

 NEXT SEEDS:       0       0       0       0       0       0   181CD    3039       0       0
          1              14999999              14999999             5.2590370E-03         1.0000000E+30                 1       
 NEXT SEEDS:    1678       0       0       0       0       0   181CD    3039       0       0
     300000              14700000              14700000             2.4060443E-03         1.0000000E+30             42658       
 NEXT SEEDS:33380FF3       1       0       0       0       0   181CD    3039       0       0
     600000              14400000              14400000             2.4037119E-03         1.0000000E+30             85386       
 NEXT SEEDS:2AC3F85A       3       0       0       0       0   181CD    3039       0       0
     900000              14100000              14100000             2.3225024E-03         1.0000000E+30            128206       
 NEXT SEEDS:221EA9D7       5       0       0       0       0   181CD    3039       0       0
    1200000              13800000              13800000             2.2957820E-03         1.0000000E+30            170764       
 NEXT SEEDS:197981A8       7       0       0       0       0   181CD    3039       0       0
    1500000              13500000              13500000             2.2717309E-03         1.0000000E+30            213385       
 NEXT SEEDS:10D0B7E3       9       0       0       0       0   181CD    3039       0       0
    1800000              13200000              13200000             2.2473465E-03         1.0000000E+30            256194       
 NEXT SEEDS: 878B54C       B       0       0       0       0   181CD    3039       0       0
    2100000              12900000              12900000             2.2293019E-03         1.0000000E+30            299026       
 NEXT SEEDS:3B68C548       C       0       0       0       0   181CD    3039       0       0
    2400000              12600000              12600000             2.2189029E-03         1.0000000E+30            341583       
 NEXT SEEDS:32CD2A04       E       0       0       0       0   181CD    3039       0       0
    2700000              12300000              12300000             2.3027730E-03         1.0000000E+30            384043       
 NEXT SEEDS:2A25B72D      10       0       0       0       0   181CD    3039       0       0
    3000000              12000000              12000000             2.3879745E-03         1.0000000E+30            426684       
 NEXT SEEDS:21C57E7A      12       0       0       0       0   181CD    3039       0       0
    3300000              11700000              11700000             2.4608114E-03         1.0000000E+30            469463       
 NEXT SEEDS:193CC638      14       0       0       0       0   181CD    3039       0       0
    3600000              11400000              11400000             2.5229354E-03         1.0000000E+30            512328       
 NEXT SEEDS:10C442A5      16       0       0       0       0   181CD    3039       0       0
    3900000              11100000              11100000             2.5770103E-03         1.0000000E+30            554824       
 NEXT SEEDS: 8027FA9      18       0       0       0       0   181CD    3039       0       0
 COUSET, TXYZ:  0.999999999982930      0.293798926827095      0.955867245260087    
    4200000              10800000              10800000             2.6209264E-03         1.0000000E+30            597495       
 NEXT SEEDS:3B010DF6      19       0       0       0       0   181CD    3039       0       0
    4500000              10500000              10500000             2.6606672E-03         1.0000000E+30            640172       
 NEXT SEEDS:326CB185      1B       0       0       0       0   181CD    3039       0       0
    4800000              10200000              10200000             2.6960175E-03         1.0000000E+30            682789       
 NEXT SEEDS:29B30CB0      1D       0       0       0       0   181CD    3039       0       0
 COUSET, TXYZ:  0.999999999986281     -0.423846708237003      0.905733938797271    
    5100000               9900000               9900000             2.7258236E-03         1.0000000E+30            725703       
 NEXT SEEDS:215299F9      1F       0       0       0       0   181CD    3039       0       0
    5400000               9600000               9600000             2.7259180E-03         1.0000000E+30            768374       
 NEXT SEEDS:18BB3B53      21       0       0       0       0   181CD    3039       0       0
    5700000               9300000               9300000             2.7184571E-03         1.0000000E+30            811265       
 NEXT SEEDS:101FB197      23       0       0       0       0   181CD    3039       0       0
    6000000               9000000               9000000             2.7165759E-03         1.0000000E+30            853921       
 NEXT SEEDS: 775839E      25       0       0       0       0   181CD    3039       0       0
    6300000               8700000               8700000             2.7101992E-03         1.0000000E+30            896878       
 NEXT SEEDS:3AD403CD      26       0       0       0       0   181CD    3039       0       0
    6600000               8400000               8400000             2.7067127E-03         1.0000000E+30            939489       
 NEXT SEEDS:32276EAC      28       0       0       0       0   181CD    3039       0       0
    6900000               8100000               8100000             2.7057475E-03         1.0000000E+30            981977       
 NEXT SEEDS:298E32E7      2A       0       0       0       0   181CD    3039       0       0
    7200000               7800000               7800000             2.7043193E-03         1.0000000E+30           1024682       
 NEXT SEEDS:20F28539      2C       0       0       0       0   181CD    3039       0       0
    7500000               7500000               7500000             2.7025312E-03         1.0000000E+30           1067569       
 NEXT SEEDS:188266F1      2E       0       0       0       0   181CD    3039       0       0
 COUSET, TXYZ:  0.999999999990124      0.978632090762341     -0.205619140428065    
    7800000               7200000               7200000             2.7006021E-03         1.0000000E+30           1110462       
 NEXT SEEDS:1001ED93      30       0       0       0       0   181CD    3039       0       0
    8100000               6900000               6900000             2.6985126E-03         1.0000000E+30           1152831       
 NEXT SEEDS: 78BDD3C      32       0       0       0       0   181CD    3039       0       0
    8400000               6600000               6600000             2.6921637E-03         1.0000000E+30           1195564       
 NEXT SEEDS:3A89BB55      33       0       0       0       0   181CD    3039       0       0
    8700000               6300000               6300000             2.6899844E-03         1.0000000E+30           1238268       
 NEXT SEEDS:31EF7C2F      35       0       0       0       0   181CD    3039       0       0
    9000000               6000000               6000000             2.6891477E-03         1.0000000E+30           1280691       
 NEXT SEEDS:29244EF1      37       0       0       0       0   181CD    3039       0       0
    9300000               5700000               5700000             2.6881069E-03         1.0000000E+30           1323511       
 NEXT SEEDS:20DD70AC      39       0       0       0       0   181CD    3039       0       0
    9600000               5400000               5400000             2.6866432E-03         1.0000000E+30           1366192       
 NEXT SEEDS:182E9224      3B       0       0       0       0   181CD    3039       0       0
    9900000               5100000               5100000             2.6727688E-03         1.0000000E+30           1408422       
 NEXT SEEDS: F3967EF      3D       0       0       0       0   181CD    3039       0       0
   10200000               4800000               4800000             2.6600049E-03         1.0000000E+30           1451481       
 NEXT SEEDS: 6A0ED6E      3F       0       0       0       0   181CD    3039       0       0
   10500000               4500000               4500000             2.6557144E-03         1.0000000E+30           1494208       
 NEXT SEEDS:39F67D2D      40       0       0       0       0   181CD    3039       0       0
   10800000               4200000               4200000             2.6531220E-03         1.0000000E+30           1536748       
 NEXT SEEDS:314FE886      42       0       0       0       0   181CD    3039       0       0
 COUSET, TXYZ:  0.999999999960025      0.533479932558863      0.845812722461090    
   11100000               3900000               3900000             2.6500557E-03         1.0000000E+30           1579108       
 NEXT SEEDS:28A69E31      44       0       0       0       0   181CD    3039       0       0
   11400000               3600000               3600000             2.6521556E-03         1.0000000E+30           1621759       
 NEXT SEEDS:20260ED4      46       0       0       0       0   181CD    3039       0       0
   11700000               3300000               3300000             2.6539768E-03         1.0000000E+30           1663869       
 NEXT SEEDS:1759787C      48       0       0       0       0   181CD    3039       0       0
