1NUMBER OF BEAM       NUMBER OF BEAM        APPROXIMATE NUMBER    AVERAGE TIME USED     TIME LEFT (RESERVED   NUMBER OF STARS
 PARTICLES HANDLED    PARTICLES LEFT        OF BEAM PARTICLES     BY A BEAM PARTICLE     10000.0 SECONDS      CREATED
                                            THAT CAN STILL BE                           FOR PRINTOUT)
                                            HANDLED

 NEXT SEEDS:       0       0       0       0       0       0   181CD    3039       0       0
          1              18999999              18999999             8.7547302E-04         1.0000000E+30                 0       
 NEXT SEEDS:     F0B       0       0       0       0       0   181CD    3039       0       0
     300000              18700000              18700000             1.7264960E-03         1.0000000E+30             24836       
 NEXT SEEDS: C049187       1       0       0       0       0   181CD    3039       0       0
     600000              18400000              18400000             1.7175807E-03         1.0000000E+30             49402       
 NEXT SEEDS:17F4EB99       2       0       0       0       0   181CD    3039       0       0
     900000              18100000              18100000             1.7155209E-03         1.0000000E+30             74253       
 NEXT SEEDS:23E1D018       3       0       0       0       0   181CD    3039       0       0
    1200000              17800000              17800000             1.7149939E-03         1.0000000E+30             98906       
 NEXT SEEDS:2FBC45AC       4       0       0       0       0   181CD    3039       0       0
    1500000              17500000              17500000             1.7191378E-03         1.0000000E+30            123758       
 NEXT SEEDS:  198D26       6       0       0       0       0   181CD    3039       0       0
    1800000              17200000              17200000             1.7262380E-03         1.0000000E+30            148750       
 NEXT SEEDS: BF25D32       7       0       0       0       0   181CD    3039       0       0
    2100000              16900000              16900000             1.7342884E-03         1.0000000E+30            173805       
 NEXT SEEDS:17E581E6       8       0       0       0       0   181CD    3039       0       0
    2400000              16600000              16600000             1.7357117E-03         1.0000000E+30            198734       
 NEXT SEEDS:23F2800A       9       0       0       0       0   181CD    3039       0       0
    2700000              16300000              16300000             1.7366598E-03         1.0000000E+30            223630       
 NEXT SEEDS:2FE95145       A       0       0       0       0   181CD    3039       0       0
    3000000              16000000              16000000             1.7355819E-03         1.0000000E+30            248402       
 NEXT SEEDS:  1DCD14       C       0       0       0       0   181CD    3039       0       0
    3300000              15700000              15700000             1.7375290E-03         1.0000000E+30            273212       
 NEXT SEEDS: C061AC4       D       0       0       0       0   181CD    3039       0       0
    3600000              15400000              15400000             1.7336601E-03         1.0000000E+30            297775       
 NEXT SEEDS:17BE6A7F       E       0       0       0       0   181CD    3039       0       0
    3900000              15100000              15100000             1.7316273E-03         1.0000000E+30            322472       
 NEXT SEEDS:23ACB5D8       F       0       0       0       0   181CD    3039       0       0
    4200000              14800000              14800000             1.7301536E-03         1.0000000E+30            347121       
 NEXT SEEDS:2F7F21AD      10       0       0       0       0   181CD    3039       0       0
    4500000              14500000              14500000             1.7290806E-03         1.0000000E+30            371724       
 NEXT SEEDS:3B45548B      11       0       0       0       0   181CD    3039       0       0
    4800000              14200000              14200000             1.7278699E-03         1.0000000E+30            396410       
 NEXT SEEDS: B7D1C0C      13       0       0       0       0   181CD    3039       0       0
    5100000              13900000              13900000             1.7267094E-03         1.0000000E+30            420979       
 NEXT SEEDS:174D9C4E      14       0       0       0       0   181CD    3039       0       0
    5400000              13600000              13600000             1.7181641E-03         1.0000000E+30            445909       
 NEXT SEEDS:23395066      15       0       0       0       0   181CD    3039       0       0
    5700000              13300000              13300000             1.7036093E-03         1.0000000E+30            470740       
 NEXT SEEDS:2F2A3884      16       0       0       0       0   181CD    3039       0       0
    6000000              13000000              13000000             1.6912207E-03         1.0000000E+30            495433       
 NEXT SEEDS:3AFF9CA9      17       0       0       0       0   181CD    3039       0       0
 COUSET, TXYZ:   1.00000000001214      0.720275442397540      0.693688177139641    
    6300000              12700000              12700000             1.6825155E-03         1.0000000E+30            519991       
 NEXT SEEDS: B5581F6      19       0       0       0       0   181CD    3039       0       0
    6600000              12400000              12400000             1.6770059E-03         1.0000000E+30            544851       
 NEXT SEEDS:172D6B26      1A       0       0       0       0   181CD    3039       0       0
    6900000              12100000              12100000             1.6726432E-03         1.0000000E+30            569529       
 NEXT SEEDS:23559651      1B       0       0       0       0   181CD    3039       0       0
    7200000              11800000              11800000             1.6697285E-03         1.0000000E+30            594467       
 NEXT SEEDS:2F4B58A9      1C       0       0       0       0   181CD    3039       0       0
 COUSET, TXYZ:  0.999999999994256      0.771755334477919     -0.635919573290040    
    7500000              11500000              11500000             1.6679504E-03         1.0000000E+30            619470       
 NEXT SEEDS:3B46EE31      1D       0       0       0       0   181CD    3039       0       0
    7800000              11200000              11200000             1.6652493E-03         1.0000000E+30            644226       
 NEXT SEEDS: B87A10C      1F       0       0       0       0   181CD    3039       0       0
    8100000              10900000              10900000             1.6567342E-03         1.0000000E+30            668849       
 NEXT SEEDS:1762C1C2      20       0       0       0       0   181CD    3039       0       0
    8400000              10600000              10600000             1.6501264E-03         1.0000000E+30            693734       
 NEXT SEEDS:235EF267      21       0       0       0       0   181CD    3039       0       0
    8700000              10300000              10300000             1.6446063E-03         1.0000000E+30            718103       
 NEXT SEEDS:2F2018B8      22       0       0       0       0   181CD    3039       0       0
    9000000              10000000              10000000             1.6382310E-03         1.0000000E+30            742456       
 NEXT SEEDS:3AD1B7AB      23       0       0       0       0   181CD    3039       0       0
 COUSET, TXYZ:  0.999999999994273      0.697204512618647      0.716872281213844    
    9300000               9700000               9700000             1.6327623E-03         1.0000000E+30            767097       
 NEXT SEEDS: B1D5F4A      25       0       0       0       0   181CD    3039       0       0
    9600000               9400000               9400000             1.6254105E-03         1.0000000E+30            791980       
 NEXT SEEDS:1716066C      26       0       0       0       0   181CD    3039       0       0
    9900000               9100000               9100000             1.6203924E-03         1.0000000E+30            816779       
 NEXT SEEDS:22FE410A      27       0       0       0       0   181CD    3039       0       0
 COUSET, TXYZ:   1.00000000001569      0.109519733336002      0.993984621632247    
   10200000               8800000               8800000             1.6123616E-03         1.0000000E+30            841723       
 NEXT SEEDS:2ED24334      28       0       0       0       0   181CD    3039       0       0
   10500000               8500000               8500000             1.6090296E-03         1.0000000E+30            866180       
 NEXT SEEDS:3A88B736      29       0       0       0       0   181CD    3039       0       0
   10800000               8200000               8200000             1.6188921E-03         1.0000000E+30            890852       
 NEXT SEEDS: AC93793      2B       0       0       0       0   181CD    3039       0       0
   11100000               7900000               7900000             1.6314810E-03         1.0000000E+30            915554       
 NEXT SEEDS:169978AD      2C       0       0       0       0   181CD    3039       0       0
   11400000               7600000               7600000             1.6445443E-03         1.0000000E+30            940184       
 NEXT SEEDS:2280B6D3      2D       0       0       0       0   181CD    3039       0       0
   11700000               7300000               7300000             1.6566581E-03         1.0000000E+30            964917       
 NEXT SEEDS:2E56BD65      2E       0       0       0       0   181CD    3039       0       0
   12000000               7000000               7000000             1.6688289E-03         1.0000000E+30            989650       
 NEXT SEEDS:3A461887      2F       0       0       0       0   181CD    3039       0       0
   12300000               6700000               6700000             1.6807882E-03         1.0000000E+30           1014440       
 NEXT SEEDS: A93CF3A      31       0       0       0       0   181CD    3039       0       0
   12600000               6400000               6400000             1.6919365E-03         1.0000000E+30           1039216       
 NEXT SEEDS:166A5EBF      32       0       0       0       0   181CD    3039       0       0
   12900000               6100000               6100000             1.7022132E-03         1.0000000E+30           1064032       
 NEXT SEEDS:224F29CF      33       0       0       0       0   181CD    3039       0       0
   13200000               5800000               5800000             1.7125339E-03         1.0000000E+30           1088870       
 NEXT SEEDS:2E3735B7      34       0       0       0       0   181CD    3039       0       0
   13500000               5500000               5500000             1.7222062E-03         1.0000000E+30           1113788       
 NEXT SEEDS:3A1AD4E5      35       0       0       0       0   181CD    3039       0       0
   13800000               5200000               5200000             1.7315553E-03         1.0000000E+30           1138409       
 NEXT SEEDS: A4FA3DA      37       0       0       0       0   181CD    3039       0       0
   14100000               4900000               4900000             1.7407501E-03         1.0000000E+30           1163213       
 NEXT SEEDS:1642D3BB      38       0       0       0       0   181CD    3039       0       0
   14400000               4600000               4600000             1.7496167E-03         1.0000000E+30           1187773       
 NEXT SEEDS:2239529A      39       0       0       0       0   181CD    3039       0       0
   14700000               4300000               4300000             1.7568318E-03         1.0000000E+30           1212832       
 NEXT SEEDS:2E586AC7      3A       0       0       0       0   181CD    3039       0       0
   15000000               4000000               4000000             1.7543857E-03         1.0000000E+30           1237653       
 NEXT SEEDS:3A32B04D      3B       0       0       0       0   181CD    3039       0       0
   15300000               3700000               3700000             1.7535474E-03         1.0000000E+30           1262360       
 NEXT SEEDS: A7135FA      3D       0       0       0       0   181CD    3039       0       0
   15600000               3400000               3400000             1.7541788E-03         1.0000000E+30           1287128       
 NEXT SEEDS:164D18D2      3E       0       0       0       0   181CD    3039       0       0
   15900000               3100000               3100000             1.7551404E-03         1.0000000E+30           1311837       
 NEXT SEEDS:2224561F      3F       0       0       0       0   181CD    3039       0       0
   16200000               2800000               2800000             1.7542873E-03         1.0000000E+30           1336723       
 NEXT SEEDS:2E029A4E      40       0       0       0       0   181CD    3039       0       0
   16500000               2500000               2500000             1.7540933E-03         1.0000000E+30           1361670       
 NEXT SEEDS:3A0E52D3      41       0       0       0       0   181CD    3039       0       0
   16800000               2200000               2200000             1.7543982E-03         1.0000000E+30           1386541       
 NEXT SEEDS: A6F2726      43       0       0       0       0   181CD    3039       0       0
   17100000               1900000               1900000             1.7551192E-03         1.0000000E+30           1411108       
 NEXT SEEDS:164E9102      44       0       0       0       0   181CD    3039       0       0
   17400000               1600000               1600000             1.7556765E-03         1.0000000E+30           1435930       
 NEXT SEEDS:2234B744      45       0       0       0       0   181CD    3039       0       0
   17700000               1300000               1300000             1.7561530E-03         1.0000000E+30           1460729       
 NEXT SEEDS:2E101CC6      46       0       0       0       0   181CD    3039       0       0
   18000000               1000000               1000000             1.7567995E-03         1.0000000E+30           1485419       
 NEXT SEEDS:3A01CF4C      47       0       0       0       0   181CD    3039       0       0
   18300000                700000                700000             1.7570956E-03         1.0000000E+30           1510310       
 NEXT SEEDS: A594336      49       0       0       0       0   181CD    3039       0       0
   18600000                400000                400000             1.7572847E-03         1.0000000E+30           1535140       
 NEXT SEEDS:16518C7B      4A       0       0       0       0   181CD    3039       0       0
   18900000                100000                100000             1.7577541E-03         1.0000000E+30           1559716       
 NEXT SEEDS:223F45E1      4B       0       0       0       0   181CD    3039       0       0
   18999950                    50                    50             1.7576822E-03         1.0000000E+30           1567976       
 NEXT SEEDS:3A04484B      4B       0       0       0       0   181CD    3039       0       0
   18999951                    49                    49             1.7576821E-03         1.0000000E+30           1567976       
 NEXT SEEDS:3A0456C8      4B       0       0       0       0   181CD    3039       0       0
   18999952                    48                    48             1.7576822E-03         1.0000000E+30           1567976       
 NEXT SEEDS:3A0462D7      4B       0       0       0       0   181CD    3039       0       0
   18999953                    47                    47             1.7576823E-03         1.0000000E+30           1567976       
 NEXT SEEDS:3A04730F      4B       0       0       0       0   181CD    3039       0       0
   18999954                    46                    46             1.7576826E-03         1.0000000E+30           1567976       
 NEXT SEEDS:3A048036      4B       0       0       0       0   181CD    3039       0       0
   18999955                    45                    45             1.7576827E-03         1.0000000E+30           1567976       
 NEXT SEEDS:3A048D0E      4B       0       0       0       0   181CD    3039       0       0
   18999956                    44                    44             1.7576828E-03         1.0000000E+30           1567976       
 NEXT SEEDS:3A049BA1      4B       0       0       0       0   181CD    3039       0       0
   18999957                    43                    43             1.7576831E-03         1.0000000E+30           1567977       
 NEXT SEEDS:3A04B21F      4B       0       0       0       0   181CD    3039       0       0
   18999958                    42                    42             1.7576833E-03         1.0000000E+30           1567977       
 NEXT SEEDS:3A04BDD3      4B       0       0       0       0   181CD    3039       0       0
   18999959                    41                    41             1.7576834E-03         1.0000000E+30           1567977       
 NEXT SEEDS:3A04CB4B      4B       0       0       0       0   181CD    3039       0       0
   18999960                    40                    40             1.7576835E-03         1.0000000E+30           1567977       
 NEXT SEEDS:3A04DAAA      4B       0       0       0       0   181CD    3039       0       0
   18999961                    39                    39             1.7576838E-03         1.0000000E+30           1567978       
 NEXT SEEDS:3A04FD3A      4B       0       0       0       0   181CD    3039       0       0
   18999962                    38                    38             1.7576839E-03         1.0000000E+30           1567978       
 NEXT SEEDS:3A0509CB      4B       0       0       0       0   181CD    3039       0       0
   18999963                    37                    37             1.7576840E-03         1.0000000E+30           1567978       
 NEXT SEEDS:3A05155B      4B       0       0       0       0   181CD    3039       0       0
   18999964                    36                    36             1.7576841E-03         1.0000000E+30           1567978       
 NEXT SEEDS:3A0522CE      4B       0       0       0       0   181CD    3039       0       0
   18999965                    35                    35             1.7576843E-03         1.0000000E+30           1567978       
 NEXT SEEDS:3A052F0E      4B       0       0       0       0   181CD    3039       0       0
   18999966                    34                    34             1.7576844E-03         1.0000000E+30           1567978       
 NEXT SEEDS:3A053B98      4B       0       0       0       0   181CD    3039       0       0
   18999967                    33                    33             1.7576845E-03         1.0000000E+30           1567978       
 NEXT SEEDS:3A0549E4      4B       0       0       0       0   181CD    3039       0       0
   18999968                    32                    32             1.7576846E-03         1.0000000E+30           1567978       
 NEXT SEEDS:3A055840      4B       0       0       0       0   181CD    3039       0       0
   18999969                    31                    31             1.7576847E-03         1.0000000E+30           1567978       
 NEXT SEEDS:3A0566A6      4B       0       0       0       0   181CD    3039       0       0
   18999970                    30                    30             1.7576850E-03         1.0000000E+30           1567978       
 NEXT SEEDS:3A05778C      4B       0       0       0       0   181CD    3039       0       0
   18999971                    29                    29             1.7576851E-03         1.0000000E+30           1567978       
 NEXT SEEDS:3A0584C9      4B       0       0       0       0   181CD    3039       0       0
   18999972                    28                    28             1.7576853E-03         1.0000000E+30           1567978       
 NEXT SEEDS:3A059123      4B       0       0       0       0   181CD    3039       0       0
   18999973                    27                    27             1.7576856E-03         1.0000000E+30           1567979       
 NEXT SEEDS:3A05BA6B      4B       0       0       0       0   181CD    3039       0       0
   18999974                    26                    26             1.7576857E-03         1.0000000E+30           1567979       
 NEXT SEEDS:3A05C757      4B       0       0       0       0   181CD    3039       0       0
   18999975                    25                    25             1.7576858E-03         1.0000000E+30           1567979       
 NEXT SEEDS:3A05D529      4B       0       0       0       0   181CD    3039       0       0
   18999976                    24                    24             1.7576859E-03         1.0000000E+30           1567979       
 NEXT SEEDS:3A05E3E5      4B       0       0       0       0   181CD    3039       0       0
   18999977                    23                    23             1.7576862E-03         1.0000000E+30           1567979       
 NEXT SEEDS:3A05F176      4B       0       0       0       0   181CD    3039       0       0
   18999978                    22                    22             1.7576863E-03         1.0000000E+30           1567979       
 NEXT SEEDS:3A05FFFD      4B       0       0       0       0   181CD    3039       0       0
   18999979                    21                    21             1.7576865E-03         1.0000000E+30           1567979       
 NEXT SEEDS:3A060FE9      4B       0       0       0       0   181CD    3039       0       0
   18999980                    20                    20             1.7576866E-03         1.0000000E+30           1567979       
 NEXT SEEDS:3A061ED0      4B       0       0       0       0   181CD    3039       0       0
   18999981                    19                    19             1.7576867E-03         1.0000000E+30           1567979       
 NEXT SEEDS:3A062E39      4B       0       0       0       0   181CD    3039       0       0
   18999982                    18                    18             1.7576868E-03         1.0000000E+30           1567979       
 NEXT SEEDS:3A063C38      4B       0       0       0       0   181CD    3039       0       0
   18999983                    17                    17             1.7576869E-03         1.0000000E+30           1567979       
 NEXT SEEDS:3A06486A      4B       0       0       0       0   181CD    3039       0       0
   18999984                    16                    16             1.7576870E-03         1.0000000E+30           1567979       
 NEXT SEEDS:3A065447      4B       0       0       0       0   181CD    3039       0       0
   18999985                    15                    15             1.7576873E-03         1.0000000E+30           1567979       
 NEXT SEEDS:3A0662E7      4B       0       0       0       0   181CD    3039       0       0
   18999986                    14                    14             1.7576875E-03         1.0000000E+30           1567979       
 NEXT SEEDS:3A06703B      4B       0       0       0       0   181CD    3039       0       0
   18999987                    13                    13             1.7576876E-03         1.0000000E+30           1567979       
 NEXT SEEDS:3A068501      4B       0       0       0       0   181CD    3039       0       0
   18999988                    12                    12             1.7576877E-03         1.0000000E+30           1567979       
 NEXT SEEDS:3A069785      4B       0       0       0       0   181CD    3039       0       0
   18999989                    11                    11             1.7576878E-03         1.0000000E+30           1567979       
 NEXT SEEDS:3A06A313      4B       0       0       0       0   181CD    3039       0       0
   18999990                    10                    10             1.7576881E-03         1.0000000E+30           1567979       
 NEXT SEEDS:3A06B035      4B       0       0       0       0   181CD    3039       0       0
   18999991                     9                     9             1.7576882E-03         1.0000000E+30           1567979       
 NEXT SEEDS:3A06BEF5      4B       0       0       0       0   181CD    3039       0       0
   18999992                     8                     8             1.7576883E-03         1.0000000E+30           1567979       
 NEXT SEEDS:3A06CC58      4B       0       0       0       0   181CD    3039       0       0
   18999993                     7                     7             1.7576885E-03         1.0000000E+30           1567979       
 NEXT SEEDS:3A06D93A      4B       0       0       0       0   181CD    3039       0       0
   18999994                     6                     6             1.7576886E-03         1.0000000E+30           1567979       
 NEXT SEEDS:3A06E75D      4B       0       0       0       0   181CD    3039       0       0
   18999995                     5                     5             1.7576887E-03         1.0000000E+30           1567979       
 NEXT SEEDS:3A06F588      4B       0       0       0       0   181CD    3039       0       0
   18999996                     4                     4             1.7576888E-03         1.0000000E+30           1567979       
 NEXT SEEDS:3A0703B5      4B       0       0       0       0   181CD    3039       0       0
   18999997                     3                     3             1.7576887E-03         1.0000000E+30           1567979       
 NEXT SEEDS:3A0711BD      4B       0       0       0       0   181CD    3039       0       0
   18999998                     2                     2             1.7576886E-03         1.0000000E+30           1567979       
 NEXT SEEDS:3A071E97      4B       0       0       0       0   181CD    3039       0       0
   18999999                     1                     1             1.7576885E-03         1.0000000E+30           1567979       
 NEXT SEEDS:3A072C97      4B       0       0       0       0   181CD    3039       0       0
   19000000                     0                     1             1.7576888E-03         1.0000000E+30           1567979       
 NEXT SEEDS:3A073B18      4B       0       0       0       0   181CD    3039       0       0
