1NUMBER OF BEAM       NUMBER OF BEAM        APPROXIMATE NUMBER    AVERAGE TIME USED     TIME LEFT (RESERVED   NUMBER OF STARS
 PARTICLES HANDLED    PARTICLES LEFT        OF BEAM PARTICLES     BY A BEAM PARTICLE     10000.0 SECONDS      CREATED
                                            THAT CAN STILL BE                           FOR PRINTOUT)
                                            HANDLED

 NEXT SEEDS:       0       0       0       0       0       0   181CD    3039       0       0
          1                999999                999999             2.2759438E-03         1.0000000E+30                 0       
 NEXT SEEDS:    2F29       0       0       0       0       0   181CD    3039       0       0
 COUSET, TXYZ:  0.999999999993219     -0.229556437335753     -0.973295351917471    
      20000                980000                980000             4.8917386E-03         1.0000000E+30              6426       
 NEXT SEEDS:104039E1       0       0       0       0       0   181CD    3039       0       0
      40000                960000                960000             4.8069281E-03         1.0000000E+30             12793       
 NEXT SEEDS:2070DF35       0       0       0       0       0   181CD    3039       0       0
      60000                940000                940000             4.8276648E-03         1.0000000E+30             19096       
 NEXT SEEDS:30892FD6       0       0       0       0       0   181CD    3039       0       0
      80000                920000                920000             4.8200215E-03         1.0000000E+30             25514       
 NEXT SEEDS: 5044D03       1       0       0       0       0   181CD    3039       0       0
     100000                900000                900000             4.8080155E-03         1.0000000E+30             31839       
 NEXT SEEDS:15241E6C       1       0       0       0       0   181CD    3039       0       0
     120000                880000                880000             4.8179383E-03         1.0000000E+30             38176       
 NEXT SEEDS:255214DE       1       0       0       0       0   181CD    3039       0       0
     140000                860000                860000             4.8032053E-03         1.0000000E+30             44566       
 NEXT SEEDS:356A1377       1       0       0       0       0   181CD    3039       0       0
     160000                840000                840000             4.8105851E-03         1.0000000E+30             50794       
 NEXT SEEDS: 9E5BD65       2       0       0       0       0   181CD    3039       0       0
     180000                820000                820000             4.8198772E-03         1.0000000E+30             57202       
 NEXT SEEDS:19FE4109       2       0       0       0       0   181CD    3039       0       0
     200000                800000                800000             4.8122825E-03         1.0000000E+30             63619       
 NEXT SEEDS:2A3386C2       2       0       0       0       0   181CD    3039       0       0
     220000                780000                780000             4.8186382E-03         1.0000000E+30             70154       
 NEXT SEEDS:3A636E0B       2       0       0       0       0   181CD    3039       0       0
     240000                760000                760000             4.8235065E-03         1.0000000E+30             76685       
 NEXT SEEDS: EE9E2A5       3       0       0       0       0   181CD    3039       0       0
     260000                740000                740000             4.8139914E-03         1.0000000E+30             83169       
 NEXT SEEDS:1F008E3E       3       0       0       0       0   181CD    3039       0       0
     280000                720000                720000             4.8105585E-03         1.0000000E+30             89672       
 NEXT SEEDS:2F33F87D       3       0       0       0       0   181CD    3039       0       0
     300000                700000                700000             4.8034097E-03         1.0000000E+30             96169       
 NEXT SEEDS: 3D09C05       4       0       0       0       0   181CD    3039       0       0
     320000                680000                680000             4.7983809E-03         1.0000000E+30            102548       
 NEXT SEEDS:13DE743E       4       0       0       0       0   181CD    3039       0       0
     340000                660000                660000             4.7976780E-03         1.0000000E+30            108932       
 NEXT SEEDS:24078788       4       0       0       0       0   181CD    3039       0       0
     360000                640000                640000             4.8009350E-03         1.0000000E+30            115397       
 NEXT SEEDS:341B79D8       4       0       0       0       0   181CD    3039       0       0
     380000                620000                620000             4.7999893E-03         1.0000000E+30            121785       
 NEXT SEEDS: 89494D0       5       0       0       0       0   181CD    3039       0       0
 COUSET, TXYZ:  0.999999999952461     -0.775071218374143      0.631873884848031    
     400000                600000                600000             4.7961342E-03         1.0000000E+30            128231       
 NEXT SEEDS:18D96A6F       5       0       0       0       0   181CD    3039       0       0
     420000                580000                580000             4.7948418E-03         1.0000000E+30            134618       
 NEXT SEEDS:28E8E5FB       5       0       0       0       0   181CD    3039       0       0
     440000                560000                560000             4.7938997E-03         1.0000000E+30            141006       
 NEXT SEEDS:38F6CF2D       5       0       0       0       0   181CD    3039       0       0
     460000                540000                540000             4.7913838E-03         1.0000000E+30            147312       
 NEXT SEEDS: D7FFD6B       6       0       0       0       0   181CD    3039       0       0
 COUSET, TXYZ:  0.999999999993835     -0.102024550964715      0.994781881111693    
     480000                520000                520000             4.7885680E-03         1.0000000E+30            153583       
 NEXT SEEDS:1DA1BFC5       6       0       0       0       0   181CD    3039       0       0
     500000                500000                500000             4.7876869E-03         1.0000000E+30            160060       
 NEXT SEEDS:2DCE2230       6       0       0       0       0   181CD    3039       0       0
     520000                480000                480000             4.7837608E-03         1.0000000E+30            166517       
 NEXT SEEDS: 24BCB05       7       0       0       0       0   181CD    3039       0       0
     540000                460000                460000             4.7826664E-03         1.0000000E+30            172898       
 NEXT SEEDS:1261290E       7       0       0       0       0   181CD    3039       0       0
     560000                440000                440000             4.7851043E-03         1.0000000E+30            179255       
 NEXT SEEDS:227B449F       7       0       0       0       0   181CD    3039       0       0
     580000                420000                420000             4.7819019E-03         1.0000000E+30            185664       
 NEXT SEEDS:3289DE6D       7       0       0       0       0   181CD    3039       0       0
     600000                400000                400000             4.7778535E-03         1.0000000E+30            191998       
 NEXT SEEDS: 6FD1302       8       0       0       0       0   181CD    3039       0       0
     620000                380000                380000             4.7730086E-03         1.0000000E+30            198432       
 NEXT SEEDS:172E1A5C       8       0       0       0       0   181CD    3039       0       0
     640000                360000                360000             4.7744334E-03         1.0000000E+30            204917       
 NEXT SEEDS:2760BF7E       8       0       0       0       0   181CD    3039       0       0
     660000                340000                340000             4.7681033E-03         1.0000000E+30            211258       
 NEXT SEEDS:377A5586       8       0       0       0       0   181CD    3039       0       0
     680000                320000                320000             4.7664913E-03         1.0000000E+30            217654       
 NEXT SEEDS: BF0B9A7       9       0       0       0       0   181CD    3039       0       0
     700000                300000                300000             4.7669136E-03         1.0000000E+30            223984       
 NEXT SEEDS:1C25F402       9       0       0       0       0   181CD    3039       0       0
     720000                280000                280000             4.7665550E-03         1.0000000E+30            230486       
 NEXT SEEDS:2C4918F4       9       0       0       0       0   181CD    3039       0       0
     740000                260000                260000             4.7658569E-03         1.0000000E+30            236703       
 NEXT SEEDS:  B9D9E6       A       0       0       0       0   181CD    3039       0       0
     760000                240000                240000             4.7643557E-03         1.0000000E+30            243042       
 NEXT SEEDS:10DF2D68       A       0       0       0       0   181CD    3039       0       0
     780000                220000                220000             4.7637159E-03         1.0000000E+30            249303       
 NEXT SEEDS:20FC1A52       A       0       0       0       0   181CD    3039       0       0
 COUSET, TXYZ:   1.00000000000511      0.689169278793188      0.724600376192212    
     800000                200000                200000             4.7663613E-03         1.0000000E+30            255755       
 NEXT SEEDS:3121D2BA       A       0       0       0       0   181CD    3039       0       0
 COUSET, TXYZ:  0.999999999994226      0.643941511735824      0.765074721482702    
     820000                180000                180000             4.7667414E-03         1.0000000E+30            262115       
 NEXT SEEDS: 5BB0D17       B       0       0       0       0   181CD    3039       0       0
     840000                160000                160000             4.7693042E-03         1.0000000E+30            268432       
 NEXT SEEDS:15E8C938       B       0       0       0       0   181CD    3039       0       0
     860000                140000                140000             4.7694997E-03         1.0000000E+30            274794       
 NEXT SEEDS:25FF1422       B       0       0       0       0   181CD    3039       0       0
     880000                120000                120000             4.7638241E-03         1.0000000E+30            281257       
 NEXT SEEDS:3611AE7D       B       0       0       0       0   181CD    3039       0       0
     900000                100000                100000             4.7672837E-03         1.0000000E+30            287625       
 NEXT SEEDS: A98F0F1       C       0       0       0       0   181CD    3039       0       0
     920000                 80000                 80000             4.7663619E-03         1.0000000E+30            294068       
 NEXT SEEDS:1AC82939       C       0       0       0       0   181CD    3039       0       0
     940000                 60000                 60000             4.7681902E-03         1.0000000E+30            300327       
 NEXT SEEDS:2ADCD6F6       C       0       0       0       0   181CD    3039       0       0
     960000                 40000                 40000             4.7667869E-03         1.0000000E+30            306776       
 NEXT SEEDS:3AF9758A       C       0       0       0       0   181CD    3039       0       0
     980000                 20000                 20000             4.7688528E-03         1.0000000E+30            313282       
 NEXT SEEDS: F892CC8       D       0       0       0       0   181CD    3039       0       0
     999950                    50                    50             4.7675496E-03         1.0000000E+30            319623       
 NEXT SEEDS:1F811A9B       D       0       0       0       0   181CD    3039       0       0
     999951                    49                    49             4.7675478E-03         1.0000000E+30            319623       
 NEXT SEEDS:1F814BFE       D       0       0       0       0   181CD    3039       0       0
     999952                    48                    48             4.7675454E-03         1.0000000E+30            319623       
 NEXT SEEDS:1F817FE7       D       0       0       0       0   181CD    3039       0       0
     999953                    47                    47             4.7675431E-03         1.0000000E+30            319623       
 NEXT SEEDS:1F81AE9B       D       0       0       0       0   181CD    3039       0       0
     999954                    46                    46             4.7675447E-03         1.0000000E+30            319626       
 NEXT SEEDS:1F82309A       D       0       0       0       0   181CD    3039       0       0
     999955                    45                    45             4.7675424E-03         1.0000000E+30            319626       
 NEXT SEEDS:1F8261B2       D       0       0       0       0   181CD    3039       0       0
     999956                    44                    44             4.7675400E-03         1.0000000E+30            319626       
 NEXT SEEDS:1F828E89       D       0       0       0       0   181CD    3039       0       0
     999957                    43                    43             4.7675406E-03         1.0000000E+30            319628       
 NEXT SEEDS:1F82F3E8       D       0       0       0       0   181CD    3039       0       0
     999958                    42                    42             4.7675383E-03         1.0000000E+30            319628       
 NEXT SEEDS:1F8327DB       D       0       0       0       0   181CD    3039       0       0
     999959                    41                    41             4.7675370E-03         1.0000000E+30            319629       
 NEXT SEEDS:1F836C16       D       0       0       0       0   181CD    3039       0       0
     999960                    40                    40             4.7675322E-03         1.0000000E+30            319630       
 NEXT SEEDS:1F83C202       D       0       0       0       0   181CD    3039       0       0
     999961                    39                    39             4.7675299E-03         1.0000000E+30            319630       
 NEXT SEEDS:1F83ED71       D       0       0       0       0   181CD    3039       0       0
     999962                    38                    38             4.7675275E-03         1.0000000E+30            319630       
 NEXT SEEDS:1F842258       D       0       0       0       0   181CD    3039       0       0
     999963                    37                    37             4.7675257E-03         1.0000000E+30            319630       
 NEXT SEEDS:1F84588A       D       0       0       0       0   181CD    3039       0       0
     999964                    36                    36             4.7675234E-03         1.0000000E+30            319630       
 NEXT SEEDS:1F848BDE       D       0       0       0       0   181CD    3039       0       0
     999965                    35                    35             4.7675211E-03         1.0000000E+30            319630       
 NEXT SEEDS:1F84B7E9       D       0       0       0       0   181CD    3039       0       0
     999966                    34                    34             4.7675202E-03         1.0000000E+30            319631       
 NEXT SEEDS:1F85050D       D       0       0       0       0   181CD    3039       0       0
     999967                    33                    33             4.7675184E-03         1.0000000E+30            319632       
 NEXT SEEDS:1F85418C       D       0       0       0       0   181CD    3039       0       0
     999968                    32                    32             4.7675160E-03         1.0000000E+30            319633       
 NEXT SEEDS:1F857052       D       0       0       0       0   181CD    3039       0       0
     999969                    31                    31             4.7675142E-03         1.0000000E+30            319633       
 NEXT SEEDS:1F85A8EB       D       0       0       0       0   181CD    3039       0       0
     999970                    30                    30             4.7675119E-03         1.0000000E+30            319633       
 NEXT SEEDS:1F85D74A       D       0       0       0       0   181CD    3039       0       0
     999971                    29                    29             4.7675095E-03         1.0000000E+30            319633       
 NEXT SEEDS:1F860B7F       D       0       0       0       0   181CD    3039       0       0
     999972                    28                    28             4.7675072E-03         1.0000000E+30            319633       
 NEXT SEEDS:1F863D60       D       0       0       0       0   181CD    3039       0       0
     999973                    27                    27             4.7675049E-03         1.0000000E+30            319633       
 NEXT SEEDS:1F866706       D       0       0       0       0   181CD    3039       0       0
     999974                    26                    26             4.7675040E-03         1.0000000E+30            319634       
 NEXT SEEDS:1F86B985       D       0       0       0       0   181CD    3039       0       0
     999975                    25                    25             4.7675017E-03         1.0000000E+30            319634       
 NEXT SEEDS:1F86ECA1       D       0       0       0       0   181CD    3039       0       0
     999976                    24                    24             4.7674994E-03         1.0000000E+30            319634       
 NEXT SEEDS:1F8718DF       D       0       0       0       0   181CD    3039       0       0
     999977                    23                    23             4.7674966E-03         1.0000000E+30            319634       
 NEXT SEEDS:1F8747B0       D       0       0       0       0   181CD    3039       0       0
     999978                    22                    22             4.7674942E-03         1.0000000E+30            319634       
 NEXT SEEDS:1F8778EB       D       0       0       0       0   181CD    3039       0       0
     999979                    21                    21             4.7674929E-03         1.0000000E+30            319635       
 NEXT SEEDS:1F87BF32       D       0       0       0       0   181CD    3039       0       0
     999980                    20                    20             4.7674915E-03         1.0000000E+30            319636       
 NEXT SEEDS:1F87FA14       D       0       0       0       0   181CD    3039       0       0
     999981                    19                    19             4.7674892E-03         1.0000000E+30            319636       
 NEXT SEEDS:1F882946       D       0       0       0       0   181CD    3039       0       0
     999982                    18                    18             4.7674893E-03         1.0000000E+30            319637       
 NEXT SEEDS:1F888ECC       D       0       0       0       0   181CD    3039       0       0
     999983                    17                    17             4.7674865E-03         1.0000000E+30            319637       
 NEXT SEEDS:1F88B4DB       D       0       0       0       0   181CD    3039       0       0
     999984                    16                    16             4.7674837E-03         1.0000000E+30            319637       
 NEXT SEEDS:1F88DC1D       D       0       0       0       0   181CD    3039       0       0
     999985                    15                    15             4.7674814E-03         1.0000000E+30            319637       
 NEXT SEEDS:1F89101C       D       0       0       0       0   181CD    3039       0       0
     999986                    14                    14             4.7674790E-03         1.0000000E+30            319637       
 NEXT SEEDS:1F893A67       D       0       0       0       0   181CD    3039       0       0
     999987                    13                    13             4.7674767E-03         1.0000000E+30            319637       
 NEXT SEEDS:1F896E94       D       0       0       0       0   181CD    3039       0       0
     999988                    12                    12             4.7674744E-03         1.0000000E+30            319637       
 NEXT SEEDS:1F899A56       D       0       0       0       0   181CD    3039       0       0
     999989                    11                    11             4.7674735E-03         1.0000000E+30            319639       
 NEXT SEEDS:1F89E9F1       D       0       0       0       0   181CD    3039       0       0
     999990                    10                    10             4.7674712E-03         1.0000000E+30            319639       
 NEXT SEEDS:1F8A1C6A       D       0       0       0       0   181CD    3039       0       0
     999991                     9                     9             4.7674689E-03         1.0000000E+30            319639       
 NEXT SEEDS:1F8A4E3F       D       0       0       0       0   181CD    3039       0       0
     999992                     8                     8             4.7674666E-03         1.0000000E+30            319639       
 NEXT SEEDS:1F8A7EE5       D       0       0       0       0   181CD    3039       0       0
     999993                     7                     7             4.7674642E-03         1.0000000E+30            319639       
 NEXT SEEDS:1F8AB125       D       0       0       0       0   181CD    3039       0       0
     999994                     6                     6             4.7674614E-03         1.0000000E+30            319639       
 NEXT SEEDS:1F8AD963       D       0       0       0       0   181CD    3039       0       0
     999995                     5                     5             4.7674606E-03         1.0000000E+30            319641       
 NEXT SEEDS:1F8B2654       D       0       0       0       0   181CD    3039       0       0
     999996                     4                     4             4.7674582E-03         1.0000000E+30            319641       
 NEXT SEEDS:1F8B51D3       D       0       0       0       0   181CD    3039       0       0
     999997                     3                     3             4.7674564E-03         1.0000000E+30            319642       
 NEXT SEEDS:1F8B8F7E       D       0       0       0       0   181CD    3039       0       0
     999998                     2                     2             4.7674541E-03         1.0000000E+30            319642       
 NEXT SEEDS:1F8BC36C       D       0       0       0       0   181CD    3039       0       0
     999999                     1                     1             4.7674522E-03         1.0000000E+30            319643       
 NEXT SEEDS:1F8BFE35       D       0       0       0       0   181CD    3039       0       0
    1000000                     0                     1             4.7674499E-03         1.0000000E+30            319643       
 NEXT SEEDS:1F8C32C5       D       0       0       0       0   181CD    3039       0       0
