1NUMBER OF BEAM       NUMBER OF BEAM        APPROXIMATE NUMBER    AVERAGE TIME USED     TIME LEFT (RESERVED   NUMBER OF STARS
 PARTICLES HANDLED    PARTICLES LEFT        OF BEAM PARTICLES     BY A BEAM PARTICLE     10000.0 SECONDS      CREATED
                                            THAT CAN STILL BE                           FOR PRINTOUT)
                                            HANDLED

 NEXT SEEDS:       0       0       0       0       0       0   181CD    3039       0       0
          1              16666665              16666665             4.3010712E-04         1.0000000E+30                 0       
 NEXT SEEDS:     53A       0       0       0       0       0   181CD    3039       0       0
     300000              16366666              16366666             3.6905210E-04         1.0000000E+30             11550       
 NEXT SEEDS:1D958143       0       0       0       0       0   181CD    3039       0       0
 COUSET, TXYZ:  0.999999999988560     -0.998823433158986     -4.849483838118633E-02
     600000              16066666              16066666             3.6898327E-04         1.0000000E+30             23101       
 NEXT SEEDS:3B3BC648       0       0       0       0       0   181CD    3039       0       0
 COUSET, TXYZ:   1.00000000000513      0.795903017183366      0.605424138310217    
     900000              15766666              15766666             3.6888832E-04         1.0000000E+30             34713       
 NEXT SEEDS:1D40E4A9       1       0       0       0       0   181CD    3039       0       0
    1200000              15466666              15466666             3.6886986E-04         1.0000000E+30             46365       
 NEXT SEEDS:3AE2364C       1       0       0       0       0   181CD    3039       0       0
    1500000              15166666              15166666             3.6895514E-04         1.0000000E+30             58134       
 NEXT SEEDS:1CFDE9A5       2       0       0       0       0   181CD    3039       0       0
    1800000              14866666              14866666             3.6890929E-04         1.0000000E+30             69879       
 NEXT SEEDS:3A9B393E       2       0       0       0       0   181CD    3039       0       0
    2100000              14566666              14566666             3.6903386E-04         1.0000000E+30             81601       
 NEXT SEEDS:1CB9D029       3       0       0       0       0   181CD    3039       0       0
 COUSET, TXYZ:  0.999999999991060     -0.545698552369696      0.837981557030785    
    2400000              14266666              14266666             3.6905341E-04         1.0000000E+30             93330       
 NEXT SEEDS:3A6CBE6E       3       0       0       0       0   181CD    3039       0       0
    2700000              13966666              13966666             3.6875404E-04         1.0000000E+30            104911       
 NEXT SEEDS:1C75C62D       4       0       0       0       0   181CD    3039       0       0
    3000000              13666666              13666666             3.6884869E-04         1.0000000E+30            116711       
 NEXT SEEDS:3A3600D9       4       0       0       0       0   181CD    3039       0       0
    3300000              13366666              13366666             3.6885621E-04         1.0000000E+30            128358       
 NEXT SEEDS:1C41D1AF       5       0       0       0       0   181CD    3039       0       0
    3600000              13066666              13066666             3.6892837E-04         1.0000000E+30            140050       
 NEXT SEEDS:39F22CEE       5       0       0       0       0   181CD    3039       0       0
    3900000              12766666              12766666             3.6879227E-04         1.0000000E+30            151521       
 NEXT SEEDS:1BD93232       6       0       0       0       0   181CD    3039       0       0
    4200000              12466666              12466666             3.6882671E-04         1.0000000E+30            163228       
 NEXT SEEDS:397CED0A       6       0       0       0       0   181CD    3039       0       0
    4500000              12166666              12166666             3.6885279E-04         1.0000000E+30            174773       
 NEXT SEEDS:1B8CDF2A       7       0       0       0       0   181CD    3039       0       0
    4800000              11866666              11866666             3.6883627E-04         1.0000000E+30            186420       
 NEXT SEEDS:3927E0F8       7       0       0       0       0   181CD    3039       0       0
    5100000              11566666              11566666             3.6885714E-04         1.0000000E+30            198011       
 NEXT SEEDS:1B2FE2BC       8       0       0       0       0   181CD    3039       0       0
    5400000              11266666              11266666             3.6883993E-04         1.0000000E+30            209585       
 NEXT SEEDS:38CF4E0A       8       0       0       0       0   181CD    3039       0       0
    5700000              10966666              10966666             3.6881046E-04         1.0000000E+30            221263       
 NEXT SEEDS:1ADAE300       9       0       0       0       0   181CD    3039       0       0
    6000000              10666666              10666666             3.6875882E-04         1.0000000E+30            232808       
 NEXT SEEDS:386A6971       9       0       0       0       0   181CD    3039       0       0
    6300000              10366666              10366666             3.6870189E-04         1.0000000E+30            244370       
 NEXT SEEDS:1A5989C6       A       0       0       0       0   181CD    3039       0       0
    6600000              10066666              10066666             3.6871374E-04         1.0000000E+30            256080       
 NEXT SEEDS:37FB75DF       A       0       0       0       0   181CD    3039       0       0
    6900000               9766666               9766666             3.6871064E-04         1.0000000E+30            267709       
 NEXT SEEDS:1A03F7FB       B       0       0       0       0   181CD    3039       0       0
    7200000               9466666               9466666             3.6917395E-04         1.0000000E+30            279226       
 NEXT SEEDS:378E11C0       B       0       0       0       0   181CD    3039       0       0
    7500000               9166666               9166666             3.6977447E-04         1.0000000E+30            291127       
 NEXT SEEDS:19B26620       C       0       0       0       0   181CD    3039       0       0
 COUSET, TXYZ:   1.00000000000751      0.289208352170900      0.957266174608510    
    7800000               8866666               8866666             3.6973103E-04         1.0000000E+30            302703       
 NEXT SEEDS:37582662       C       0       0       0       0   181CD    3039       0       0
    8100000               8566666               8566666             3.6970705E-04         1.0000000E+30            314322       
 NEXT SEEDS:19680F38       D       0       0       0       0   181CD    3039       0       0
    8400000               8266666               8266666             3.6966604E-04         1.0000000E+30            325986       
 NEXT SEEDS:36FBBEAB       D       0       0       0       0   181CD    3039       0       0
    8700000               7966666               7966666             3.6964399E-04         1.0000000E+30            337737       
 NEXT SEEDS:190DC603       E       0       0       0       0   181CD    3039       0       0
    9000000               7666666               7666666             3.6984963E-04         1.0000000E+30            349434       
 NEXT SEEDS:36CA0C9F       E       0       0       0       0   181CD    3039       0       0
 COUSET, TXYZ:  0.999999999994927     -0.390304074154748      0.920686010368388    
    9300000               7366666               7366666             3.6987973E-04         1.0000000E+30            361123       
 NEXT SEEDS:18D1C880       F       0       0       0       0   181CD    3039       0       0
    9600000               7066666               7066666             3.6986727E-04         1.0000000E+30            372816       
 NEXT SEEDS:368DC31B       F       0       0       0       0   181CD    3039       0       0
    9900000               6766666               6766666             3.6983657E-04         1.0000000E+30            384422       
 NEXT SEEDS:1896F07D      10       0       0       0       0   181CD    3039       0       0
   10200000               6466666               6466666             3.6979561E-04         1.0000000E+30            396069       
 NEXT SEEDS:36239273      10       0       0       0       0   181CD    3039       0       0
   10500000               6166666               6166666             3.6978180E-04         1.0000000E+30            407688       
 NEXT SEEDS:18345384      11       0       0       0       0   181CD    3039       0       0
   10800000               5866666               5866666             3.6976503E-04         1.0000000E+30            419542       
 NEXT SEEDS:35DB7B74      11       0       0       0       0   181CD    3039       0       0
   11100000               5566666               5566666             3.6990854E-04         1.0000000E+30            431254       
 NEXT SEEDS:17DDFFE6      12       0       0       0       0   181CD    3039       0       0
   11400000               5266666               5266666             3.6996063E-04         1.0000000E+30            442762       
 NEXT SEEDS:3572D729      12       0       0       0       0   181CD    3039       0       0
   11700000               4966666               4966666             3.6989933E-04         1.0000000E+30            454243       
 NEXT SEEDS:17579000      13       0       0       0       0   181CD    3039       0       0
   12000000               4666666               4666666             3.6982889E-04         1.0000000E+30            465624       
 NEXT SEEDS:34D199A4      13       0       0       0       0   181CD    3039       0       0
   12300000               4366666               4366666             3.7007955E-04         1.0000000E+30            477330       
 NEXT SEEDS:16D79170      14       0       0       0       0   181CD    3039       0       0
   12600000               4066666               4066666             3.7041464E-04         1.0000000E+30            489025       
 NEXT SEEDS:3469891D      14       0       0       0       0   181CD    3039       0       0
   12900000               3766666               3766666             3.7036246E-04         1.0000000E+30            500578       
 NEXT SEEDS:1666E953      15       0       0       0       0   181CD    3039       0       0
   13200000               3466666               3466666             3.7031157E-04         1.0000000E+30            512074       
 NEXT SEEDS:33F7E7EF      15       0       0       0       0   181CD    3039       0       0
   13500000               3166666               3166666             3.7024030E-04         1.0000000E+30            523523       
 NEXT SEEDS:15ECA0F7      16       0       0       0       0   181CD    3039       0       0
 COUSET, TXYZ:   1.00000000000835     -0.999999916029295      4.098269228493442E-04
   13800000               2866666               2866666             3.7019669E-04         1.0000000E+30            535067       
 NEXT SEEDS:3387DC29      16       0       0       0       0   181CD    3039       0       0
 COUSET, TXYZ:   1.00000000001282     -0.294889196585120      0.955531455140554    
   14100000               2566666               2566666             3.7017297E-04         1.0000000E+30            546733       
 NEXT SEEDS:159D8799      17       0       0       0       0   181CD    3039       0       0
   14400000               2266666               2266666             3.7014678E-04         1.0000000E+30            558495       
 NEXT SEEDS:334553F1      17       0       0       0       0   181CD    3039       0       0
   14700000               1966666               1966666             3.7012316E-04         1.0000000E+30            570041       
 NEXT SEEDS:154D19F6      18       0       0       0       0   181CD    3039       0       0
   15000000               1666666               1666666             3.7008496E-04         1.0000000E+30            581582       
 NEXT SEEDS:32E621BE      18       0       0       0       0   181CD    3039       0       0
   15300000               1366666               1366666             3.7005913E-04         1.0000000E+30            593295       
 NEXT SEEDS:14F3AA86      19       0       0       0       0   181CD    3039       0       0
   15600000               1066666               1066666             3.7003981E-04         1.0000000E+30            604981       
 NEXT SEEDS:32A1C5D4      19       0       0       0       0   181CD    3039       0       0
   15900000                766666                766666             3.7010229E-04         1.0000000E+30            616444       
 NEXT SEEDS:1491B99F      1A       0       0       0       0   181CD    3039       0       0
 COUSET, TXYZ:   1.00000000037821      0.979125610623539     -0.203256093088273    
   16200000                466666                466666             3.7013277E-04         1.0000000E+30            627996       
 NEXT SEEDS:322E9F57      1A       0       0       0       0   181CD    3039       0       0
   16500000                166666                166666             3.7018676E-04         1.0000000E+30            639598       
 NEXT SEEDS:1443A6EF      1B       0       0       0       0   181CD    3039       0       0
   16666616                    50                    50             3.7017540E-04         1.0000000E+30            645996       
 NEXT SEEDS:24BC2FC8      1B       0       0       0       0   181CD    3039       0       0
   16666617                    49                    49             3.7017540E-04         1.0000000E+30            645996       
 NEXT SEEDS:24BC340E      1B       0       0       0       0   181CD    3039       0       0
   16666618                    48                    48             3.7017538E-04         1.0000000E+30            645996       
 NEXT SEEDS:24BC3728      1B       0       0       0       0   181CD    3039       0       0
   16666619                    47                    47             3.7017539E-04         1.0000000E+30            645996       
 NEXT SEEDS:24BC3C68      1B       0       0       0       0   181CD    3039       0       0
   16666620                    46                    46             3.7017540E-04         1.0000000E+30            645996       
 NEXT SEEDS:24BC3FF5      1B       0       0       0       0   181CD    3039       0       0
   16666621                    45                    45             3.7017540E-04         1.0000000E+30            645996       
 NEXT SEEDS:24BC4729      1B       0       0       0       0   181CD    3039       0       0
   16666622                    44                    44             3.7017541E-04         1.0000000E+30            645996       
 NEXT SEEDS:24BC4E94      1B       0       0       0       0   181CD    3039       0       0
   16666623                    43                    43             3.7017542E-04         1.0000000E+30            645996       
 NEXT SEEDS:24BC53E6      1B       0       0       0       0   181CD    3039       0       0
   16666624                    42                    42             3.7017543E-04         1.0000000E+30            645996       
 NEXT SEEDS:24BC5B7B      1B       0       0       0       0   181CD    3039       0       0
   16666625                    41                    41             3.7017543E-04         1.0000000E+30            645996       
 NEXT SEEDS:24BC61D3      1B       0       0       0       0   181CD    3039       0       0
   16666626                    40                    40             3.7017547E-04         1.0000000E+30            645996       
 NEXT SEEDS:24BC67F1      1B       0       0       0       0   181CD    3039       0       0
   16666627                    39                    39             3.7017548E-04         1.0000000E+30            645996       
 NEXT SEEDS:24BC6D8D      1B       0       0       0       0   181CD    3039       0       0
   16666628                    38                    38             3.7017548E-04         1.0000000E+30            645996       
 NEXT SEEDS:24BC74F5      1B       0       0       0       0   181CD    3039       0       0
   16666629                    37                    37             3.7017549E-04         1.0000000E+30            645996       
 NEXT SEEDS:24BC7901      1B       0       0       0       0   181CD    3039       0       0
   16666630                    36                    36             3.7017547E-04         1.0000000E+30            645996       
 NEXT SEEDS:24BC7E29      1B       0       0       0       0   181CD    3039       0       0
   16666631                    35                    35             3.7017550E-04         1.0000000E+30            645996       
 NEXT SEEDS:24BC889E      1B       0       0       0       0   181CD    3039       0       0
   16666632                    34                    34             3.7017551E-04         1.0000000E+30            645996       
 NEXT SEEDS:24BC8F25      1B       0       0       0       0   181CD    3039       0       0
   16666633                    33                    33             3.7017552E-04         1.0000000E+30            645996       
 NEXT SEEDS:24BC9518      1B       0       0       0       0   181CD    3039       0       0
   16666634                    32                    32             3.7017550E-04         1.0000000E+30            645996       
 NEXT SEEDS:24BC96DB      1B       0       0       0       0   181CD    3039       0       0
   16666635                    31                    31             3.7017553E-04         1.0000000E+30            645996       
 NEXT SEEDS:24BC9E66      1B       0       0       0       0   181CD    3039       0       0
   16666636                    30                    30             3.7017554E-04         1.0000000E+30            645996       
 NEXT SEEDS:24BCA9A4      1B       0       0       0       0   181CD    3039       0       0
   16666637                    29                    29             3.7017555E-04         1.0000000E+30            645996       
 NEXT SEEDS:24BCAD8F      1B       0       0       0       0   181CD    3039       0       0
   16666638                    28                    28             3.7017555E-04         1.0000000E+30            645996       
 NEXT SEEDS:24BCB3D4      1B       0       0       0       0   181CD    3039       0       0
   16666639                    27                    27             3.7017556E-04         1.0000000E+30            645996       
 NEXT SEEDS:24BCB6C6      1B       0       0       0       0   181CD    3039       0       0
   16666640                    26                    26             3.7017557E-04         1.0000000E+30            645996       
 NEXT SEEDS:24BCBE5C      1B       0       0       0       0   181CD    3039       0       0
   16666641                    25                    25             3.7017555E-04         1.0000000E+30            645996       
 NEXT SEEDS:24BCBFC9      1B       0       0       0       0   181CD    3039       0       0
   16666642                    24                    24             3.7017558E-04         1.0000000E+30            645996       
 NEXT SEEDS:24BCC729      1B       0       0       0       0   181CD    3039       0       0
   16666643                    23                    23             3.7017556E-04         1.0000000E+30            645996       
 NEXT SEEDS:24BCCB29      1B       0       0       0       0   181CD    3039       0       0
   16666644                    22                    22             3.7017560E-04         1.0000000E+30            645996       
 NEXT SEEDS:24BCD232      1B       0       0       0       0   181CD    3039       0       0
   16666645                    21                    21             3.7017557E-04         1.0000000E+30            645996       
 NEXT SEEDS:24BCD496      1B       0       0       0       0   181CD    3039       0       0
   16666646                    20                    20             3.7017558E-04         1.0000000E+30            645996       
 NEXT SEEDS:24BCD956      1B       0       0       0       0   181CD    3039       0       0
   16666647                    19                    19             3.7017559E-04         1.0000000E+30            645996       
 NEXT SEEDS:24BCDDE1      1B       0       0       0       0   181CD    3039       0       0
   16666648                    18                    18             3.7017560E-04         1.0000000E+30            645996       
 NEXT SEEDS:24BCE4F0      1B       0       0       0       0   181CD    3039       0       0
   16666649                    17                    17             3.7017560E-04         1.0000000E+30            645996       
 NEXT SEEDS:24BCE7F0      1B       0       0       0       0   181CD    3039       0       0
   16666650                    16                    16             3.7017561E-04         1.0000000E+30            645996       
 NEXT SEEDS:24BCEE0F      1B       0       0       0       0   181CD    3039       0       0
   16666651                    15                    15             3.7017562E-04         1.0000000E+30            645996       
 NEXT SEEDS:24BCF46A      1B       0       0       0       0   181CD    3039       0       0
   16666652                    14                    14             3.7017562E-04         1.0000000E+30            645996       
 NEXT SEEDS:24BCF944      1B       0       0       0       0   181CD    3039       0       0
   16666653                    13                    13             3.7017563E-04         1.0000000E+30            645996       
 NEXT SEEDS:24BCFEC6      1B       0       0       0       0   181CD    3039       0       0
   16666654                    12                    12             3.7017564E-04         1.0000000E+30            645996       
 NEXT SEEDS:24BD02C6      1B       0       0       0       0   181CD    3039       0       0
   16666655                    11                    11             3.7017562E-04         1.0000000E+30            645996       
 NEXT SEEDS:24BD06BD      1B       0       0       0       0   181CD    3039       0       0
   16666656                    10                    10             3.7017562E-04         1.0000000E+30            645996       
 NEXT SEEDS:24BD0BB9      1B       0       0       0       0   181CD    3039       0       0
   16666657                     9                     9             3.7017563E-04         1.0000000E+30            645996       
 NEXT SEEDS:24BD101E      1B       0       0       0       0   181CD    3039       0       0
   16666658                     8                     8             3.7017564E-04         1.0000000E+30            645996       
 NEXT SEEDS:24BD185A      1B       0       0       0       0   181CD    3039       0       0
   16666659                     7                     7             3.7017567E-04         1.0000000E+30            645996       
 NEXT SEEDS:24BD2096      1B       0       0       0       0   181CD    3039       0       0
   16666660                     6                     6             3.7017568E-04         1.0000000E+30            645996       
 NEXT SEEDS:24BD2980      1B       0       0       0       0   181CD    3039       0       0
   16666661                     5                     5             3.7017569E-04         1.0000000E+30            645996       
 NEXT SEEDS:24BD2E55      1B       0       0       0       0   181CD    3039       0       0
   16666662                     4                     4             3.7017569E-04         1.0000000E+30            645996       
 NEXT SEEDS:24BD3564      1B       0       0       0       0   181CD    3039       0       0
   16666663                     3                     3             3.7017570E-04         1.0000000E+30            645996       
 NEXT SEEDS:24BD3D0F      1B       0       0       0       0   181CD    3039       0       0
   16666664                     2                     2             3.7017574E-04         1.0000000E+30            645996       
 NEXT SEEDS:24BD4B16      1B       0       0       0       0   181CD    3039       0       0
   16666665                     1                     1             3.7017574E-04         1.0000000E+30            645996       
 NEXT SEEDS:24BD503D      1B       0       0       0       0   181CD    3039       0       0
   16666666                     0                     1             3.7017572E-04         1.0000000E+30            645996       
 NEXT SEEDS:24BD5293      1B       0       0       0       0   181CD    3039       0       0
