1NUMBER OF BEAM       NUMBER OF BEAM        APPROXIMATE NUMBER    AVERAGE TIME USED     TIME LEFT (RESERVED   NUMBER OF STARS
 PARTICLES HANDLED    PARTICLES LEFT        OF BEAM PARTICLES     BY A BEAM PARTICLE     10000.0 SECONDS      CREATED
                                            THAT CAN STILL BE                           FOR PRINTOUT)
                                            HANDLED

 NEXT SEEDS:       0       0       0       0       0       0   181CD    3039       0       0
          1                999999                999999             2.0551682E-03         1.0000000E+30                 0       
 NEXT SEEDS:    267D       0       0       0       0       0   181CD    3039       0       0
      20000                980000                980000             4.0741666E-03         1.0000000E+30              5614       
 NEXT SEEDS: E090F9C       0       0       0       0       0   181CD    3039       0       0
      40000                960000                960000             4.1562882E-03         1.0000000E+30             11127       
 NEXT SEEDS:1C124749       0       0       0       0       0   181CD    3039       0       0
      60000                940000                940000             4.2261945E-03         1.0000000E+30             16651       
 NEXT SEEDS:2A184EF8       0       0       0       0       0   181CD    3039       0       0
      80000                920000                920000             4.1990725E-03         1.0000000E+30             22107       
 NEXT SEEDS:382FC80F       0       0       0       0       0   181CD    3039       0       0
 COUSET, TXYZ:  0.999999999991723     -0.952635240554202      0.304115271628514    
     100000                900000                900000             4.2080257E-03         1.0000000E+30             27577       
 NEXT SEEDS: AA42261       1       0       0       0       0   181CD    3039       0       0
     120000                880000                880000             4.1968802E-03         1.0000000E+30             33183       
 NEXT SEEDS:18AB5C52       1       0       0       0       0   181CD    3039       0       0
     140000                860000                860000             4.2233910E-03         1.0000000E+30             38625       
 NEXT SEEDS:26A4D8FA       1       0       0       0       0   181CD    3039       0       0
     160000                840000                840000             4.1854756E-03         1.0000000E+30             44154       
 NEXT SEEDS:34B8C272       1       0       0       0       0   181CD    3039       0       0
     180000                820000                820000             4.1606545E-03         1.0000000E+30             49647       
 NEXT SEEDS: 7285F2A       2       0       0       0       0   181CD    3039       0       0
     200000                800000                800000             4.1267176E-03         1.0000000E+30             55172       
 NEXT SEEDS:15386A9D       2       0       0       0       0   181CD    3039       0       0
     220000                780000                780000             4.1037707E-03         1.0000000E+30             60653       
 NEXT SEEDS:2331C0ED       2       0       0       0       0   181CD    3039       0       0
     240000                760000                760000             4.0898336E-03         1.0000000E+30             66288       
 NEXT SEEDS:313868B6       2       0       0       0       0   181CD    3039       0       0
     260000                740000                740000             4.0783298E-03         1.0000000E+30             71885       
 NEXT SEEDS: 3AB88AF       3       0       0       0       0   181CD    3039       0       0
     280000                720000                720000             4.0797926E-03         1.0000000E+30             77457       
 NEXT SEEDS:11B96D56       3       0       0       0       0   181CD    3039       0       0
     300000                700000                700000             4.0709750E-03         1.0000000E+30             82984       
 NEXT SEEDS:1FC8B896       3       0       0       0       0   181CD    3039       0       0
     320000                680000                680000             4.0550149E-03         1.0000000E+30             88382       
 NEXT SEEDS:2DCB082B       3       0       0       0       0   181CD    3039       0       0
     340000                660000                660000             4.0430862E-03         1.0000000E+30             93885       
 NEXT SEEDS:  3846B2       4       0       0       0       0   181CD    3039       0       0
     360000                640000                640000             4.0402622E-03         1.0000000E+30             99441       
 NEXT SEEDS: E3AC783       4       0       0       0       0   181CD    3039       0       0
     380000                620000                620000             4.0354801E-03         1.0000000E+30            105029       
 NEXT SEEDS:1C4A8700       4       0       0       0       0   181CD    3039       0       0
     400000                600000                600000             4.0391550E-03         1.0000000E+30            110606       
 NEXT SEEDS:2A5DE7B4       4       0       0       0       0   181CD    3039       0       0
     420000                580000                580000             4.0337810E-03         1.0000000E+30            116127       
 NEXT SEEDS:3869FFB7       4       0       0       0       0   181CD    3039       0       0
     440000                560000                560000             4.0249512E-03         1.0000000E+30            121730       
 NEXT SEEDS: AEA46D2       5       0       0       0       0   181CD    3039       0       0
     460000                540000                540000             4.0218238E-03         1.0000000E+30            127286       
 NEXT SEEDS:19003378       5       0       0       0       0   181CD    3039       0       0
     480000                520000                520000             4.0235883E-03         1.0000000E+30            132861       
 NEXT SEEDS:270702DA       5       0       0       0       0   181CD    3039       0       0
     500000                500000                500000             4.0148714E-03         1.0000000E+30            138491       
 NEXT SEEDS:3519EC14       5       0       0       0       0   181CD    3039       0       0
     520000                480000                480000             4.0147011E-03         1.0000000E+30            144001       
 NEXT SEEDS: 79DED29       6       0       0       0       0   181CD    3039       0       0
     540000                460000                460000             4.0108846E-03         1.0000000E+30            149564       
 NEXT SEEDS:15C659DD       6       0       0       0       0   181CD    3039       0       0
     560000                440000                440000             4.0075697E-03         1.0000000E+30            155173       
 NEXT SEEDS:23DD93B4       6       0       0       0       0   181CD    3039       0       0
     580000                420000                420000             4.0039968E-03         1.0000000E+30            160685       
 NEXT SEEDS:31E24CBD       6       0       0       0       0   181CD    3039       0       0
     600000                400000                400000             4.0015117E-03         1.0000000E+30            166214       
 NEXT SEEDS: 44359B4       7       0       0       0       0   181CD    3039       0       0
     620000                380000                380000             3.9979918E-03         1.0000000E+30            171722       
 NEXT SEEDS:125B12B8       7       0       0       0       0   181CD    3039       0       0
     640000                360000                360000             3.9953007E-03         1.0000000E+30            177189       
 NEXT SEEDS:20652AF0       7       0       0       0       0   181CD    3039       0       0
     660000                340000                340000             3.9926114E-03         1.0000000E+30            182882       
 NEXT SEEDS:2E78C059       7       0       0       0       0   181CD    3039       0       0
     680000                320000                320000             3.9902692E-03         1.0000000E+30            188441       
 NEXT SEEDS:  FACC27       8       0       0       0       0   181CD    3039       0       0
     700000                300000                300000             3.9919106E-03         1.0000000E+30            193987       
 NEXT SEEDS: F054EFC       8       0       0       0       0   181CD    3039       0       0
     720000                280000                280000             3.9898753E-03         1.0000000E+30            199565       
 NEXT SEEDS:1D0C1339       8       0       0       0       0   181CD    3039       0       0
     740000                260000                260000             3.9917497E-03         1.0000000E+30            205229       
 NEXT SEEDS:2B1B4C7F       8       0       0       0       0   181CD    3039       0       0
     760000                240000                240000             3.9853962E-03         1.0000000E+30            210867       
 NEXT SEEDS:39282631       8       0       0       0       0   181CD    3039       0       0
     780000                220000                220000             3.9875398E-03         1.0000000E+30            216462       
 NEXT SEEDS: B87677E       9       0       0       0       0   181CD    3039       0       0
     800000                200000                200000             3.9903348E-03         1.0000000E+30            222123       
 NEXT SEEDS:19AB459B       9       0       0       0       0   181CD    3039       0       0
     820000                180000                180000             3.9896580E-03         1.0000000E+30            227675       
 NEXT SEEDS:27B6D2F5       9       0       0       0       0   181CD    3039       0       0
 COUSET, TXYZ:   1.00000000002154      0.574584474263974      0.818445283435532    
     840000                160000                160000             3.9886853E-03         1.0000000E+30            233266       
 NEXT SEEDS:35CD5494       9       0       0       0       0   181CD    3039       0       0
     860000                140000                140000             3.9914948E-03         1.0000000E+30            238870       
 NEXT SEEDS: 85002B5       A       0       0       0       0   181CD    3039       0       0
     880000                120000                120000             3.9936146E-03         1.0000000E+30            244468       
 NEXT SEEDS:1669E5A6       A       0       0       0       0   181CD    3039       0       0
     900000                100000                100000             3.9925790E-03         1.0000000E+30            249987       
 NEXT SEEDS:246BE7AB       A       0       0       0       0   181CD    3039       0       0
     920000                 80000                 80000             3.9952403E-03         1.0000000E+30            255603       
 NEXT SEEDS:327DB963       A       0       0       0       0   181CD    3039       0       0
     940000                 60000                 60000             3.9970062E-03         1.0000000E+30            261131       
 NEXT SEEDS: 4F59E05       B       0       0       0       0   181CD    3039       0       0
     960000                 40000                 40000             3.9969951E-03         1.0000000E+30            266796       
 NEXT SEEDS:131DB5D3       B       0       0       0       0   181CD    3039       0       0
     980000                 20000                 20000             3.9993884E-03         1.0000000E+30            272274       
 NEXT SEEDS:214FDF1B       B       0       0       0       0   181CD    3039       0       0
     999950                    50                    50             4.0017292E-03         1.0000000E+30            277835       
 NEXT SEEDS:2F53149A       B       0       0       0       0   181CD    3039       0       0
     999951                    49                    49             4.0017274E-03         1.0000000E+30            277835       
 NEXT SEEDS:2F533C9E       B       0       0       0       0   181CD    3039       0       0
     999952                    48                    48             4.0017251E-03         1.0000000E+30            277835       
 NEXT SEEDS:2F535E5B       B       0       0       0       0   181CD    3039       0       0
     999953                    47                    47             4.0017233E-03         1.0000000E+30            277835       
 NEXT SEEDS:2F5388A3       B       0       0       0       0   181CD    3039       0       0
     999954                    46                    46             4.0017214E-03         1.0000000E+30            277835       
 NEXT SEEDS:2F53B48D       B       0       0       0       0   181CD    3039       0       0
     999955                    45                    45             4.0017199E-03         1.0000000E+30            277835       
 NEXT SEEDS:2F53E29A       B       0       0       0       0   181CD    3039       0       0
     999956                    44                    44             4.0017181E-03         1.0000000E+30            277835       
 NEXT SEEDS:2F540E84       B       0       0       0       0   181CD    3039       0       0
     999957                    43                    43             4.0017158E-03         1.0000000E+30            277835       
 NEXT SEEDS:2F54367D       B       0       0       0       0   181CD    3039       0       0
     999958                    42                    42             4.0017140E-03         1.0000000E+30            277835       
 NEXT SEEDS:2F545E97       B       0       0       0       0   181CD    3039       0       0
     999959                    41                    41             4.0017117E-03         1.0000000E+30            277835       
 NEXT SEEDS:2F548206       B       0       0       0       0   181CD    3039       0       0
     999960                    40                    40             4.0017099E-03         1.0000000E+30            277835       
 NEXT SEEDS:2F54AA91       B       0       0       0       0   181CD    3039       0       0
     999961                    39                    39             4.0017078E-03         1.0000000E+30            277835       
 NEXT SEEDS:2F54D151       B       0       0       0       0   181CD    3039       0       0
     999962                    38                    38             4.0017058E-03         1.0000000E+30            277835       
 NEXT SEEDS:2F54F668       B       0       0       0       0   181CD    3039       0       0
     999963                    37                    37             4.0017040E-03         1.0000000E+30            277835       
 NEXT SEEDS:2F55217C       B       0       0       0       0   181CD    3039       0       0
     999964                    36                    36             4.0017046E-03         1.0000000E+30            277837       
 NEXT SEEDS:2F557389       B       0       0       0       0   181CD    3039       0       0
     999965                    35                    35             4.0017026E-03         1.0000000E+30            277837       
 NEXT SEEDS:2F559AC1       B       0       0       0       0   181CD    3039       0       0
     999966                    34                    34             4.0017003E-03         1.0000000E+30            277837       
 NEXT SEEDS:2F55BCD6       B       0       0       0       0   181CD    3039       0       0
     999967                    33                    33             4.0016982E-03         1.0000000E+30            277837       
 NEXT SEEDS:2F55E0D0       B       0       0       0       0   181CD    3039       0       0
     999968                    32                    32             4.0016969E-03         1.0000000E+30            277838       
 NEXT SEEDS:2F561482       B       0       0       0       0   181CD    3039       0       0
     999969                    31                    31             4.0016954E-03         1.0000000E+30            277838       
 NEXT SEEDS:2F5645A1       B       0       0       0       0   181CD    3039       0       0
     999970                    30                    30             4.0016940E-03         1.0000000E+30            277839       
 NEXT SEEDS:2F567BDA       B       0       0       0       0   181CD    3039       0       0
     999971                    29                    29             4.0016935E-03         1.0000000E+30            277840       
 NEXT SEEDS:2F56BE48       B       0       0       0       0   181CD    3039       0       0
     999972                    28                    28             4.0016919E-03         1.0000000E+30            277840       
 NEXT SEEDS:2F56ED0F       B       0       0       0       0   181CD    3039       0       0
     999973                    27                    27             4.0016896E-03         1.0000000E+30            277840       
 NEXT SEEDS:2F571157       B       0       0       0       0   181CD    3039       0       0
     999974                    26                    26             4.0016876E-03         1.0000000E+30            277840       
 NEXT SEEDS:2F5737A4       B       0       0       0       0   181CD    3039       0       0
     999975                    25                    25             4.0016858E-03         1.0000000E+30            277841       
 NEXT SEEDS:2F5760B5       B       0       0       0       0   181CD    3039       0       0
     999976                    24                    24             4.0016839E-03         1.0000000E+30            277841       
 NEXT SEEDS:2F57868B       B       0       0       0       0   181CD    3039       0       0
     999977                    23                    23             4.0016821E-03         1.0000000E+30            277841       
 NEXT SEEDS:2F57B19E       B       0       0       0       0   181CD    3039       0       0
     999978                    22                    22             4.0016806E-03         1.0000000E+30            277841       
 NEXT SEEDS:2F57E24F       B       0       0       0       0   181CD    3039       0       0
     999979                    21                    21             4.0016785E-03         1.0000000E+30            277841       
 NEXT SEEDS:2F580CEA       B       0       0       0       0   181CD    3039       0       0
     999980                    20                    20             4.0016770E-03         1.0000000E+30            277841       
 NEXT SEEDS:2F583BBA       B       0       0       0       0   181CD    3039       0       0
     999981                    19                    19             4.0016752E-03         1.0000000E+30            277841       
 NEXT SEEDS:2F58641D       B       0       0       0       0   181CD    3039       0       0
     999982                    18                    18             4.0016734E-03         1.0000000E+30            277841       
 NEXT SEEDS:2F588C88       B       0       0       0       0   181CD    3039       0       0
     999983                    17                    17             4.0016713E-03         1.0000000E+30            277841       
 NEXT SEEDS:2F58B4E2       B       0       0       0       0   181CD    3039       0       0
     999984                    16                    16             4.0016698E-03         1.0000000E+30            277841       
 NEXT SEEDS:2F58E2F5       B       0       0       0       0   181CD    3039       0       0
     999985                    15                    15             4.0016675E-03         1.0000000E+30            277842       
 NEXT SEEDS:2F5909AB       B       0       0       0       0   181CD    3039       0       0
     999986                    14                    14             4.0016659E-03         1.0000000E+30            277842       
 NEXT SEEDS:2F593ADA       B       0       0       0       0   181CD    3039       0       0
     999987                    13                    13             4.0016641E-03         1.0000000E+30            277842       
 NEXT SEEDS:2F59650C       B       0       0       0       0   181CD    3039       0       0
     999988                    12                    12             4.0016623E-03         1.0000000E+30            277842       
 NEXT SEEDS:2F598DD2       B       0       0       0       0   181CD    3039       0       0
     999989                    11                    11             4.0016605E-03         1.0000000E+30            277842       
 NEXT SEEDS:2F59B6A5       B       0       0       0       0   181CD    3039       0       0
     999990                    10                    10             4.0016611E-03         1.0000000E+30            277843       
 NEXT SEEDS:2F5A15E7       B       0       0       0       0   181CD    3039       0       0
     999991                     9                     9             4.0016593E-03         1.0000000E+30            277843       
 NEXT SEEDS:2F5A3C14       B       0       0       0       0   181CD    3039       0       0
     999992                     8                     8             4.0016578E-03         1.0000000E+30            277844       
 NEXT SEEDS:2F5A6705       B       0       0       0       0   181CD    3039       0       0
     999993                     7                     7             4.0016557E-03         1.0000000E+30            277844       
 NEXT SEEDS:2F5A8C3E       B       0       0       0       0   181CD    3039       0       0
     999994                     6                     6             4.0016542E-03         1.0000000E+30            277845       
 NEXT SEEDS:2F5ABF67       B       0       0       0       0   181CD    3039       0       0
     999995                     5                     5             4.0016523E-03         1.0000000E+30            277846       
 NEXT SEEDS:2F5AE7AF       B       0       0       0       0   181CD    3039       0       0
     999996                     4                     4             4.0016510E-03         1.0000000E+30            277847       
 NEXT SEEDS:2F5B1EF6       B       0       0       0       0   181CD    3039       0       0
     999997                     3                     3             4.0016492E-03         1.0000000E+30            277847       
 NEXT SEEDS:2F5B4765       B       0       0       0       0   181CD    3039       0       0
     999998                     2                     2             4.0016474E-03         1.0000000E+30            277847       
 NEXT SEEDS:2F5B73A7       B       0       0       0       0   181CD    3039       0       0
     999999                     1                     1             4.0016456E-03         1.0000000E+30            277847       
 NEXT SEEDS:2F5BA315       B       0       0       0       0   181CD    3039       0       0
    1000000                     0                     1             4.0016436E-03         1.0000000E+30            277847       
 NEXT SEEDS:2F5BC89B       B       0       0       0       0   181CD    3039       0       0
