1NUMBER OF BEAM       NUMBER OF BEAM        APPROXIMATE NUMBER    AVERAGE TIME USED     TIME LEFT (RESERVED   NUMBER OF STARS
 PARTICLES HANDLED    PARTICLES LEFT        OF BEAM PARTICLES     BY A BEAM PARTICLE     10000.0 SECONDS      CREATED
                                            THAT CAN STILL BE                           FOR PRINTOUT)
                                            HANDLED

 NEXT SEEDS:       0       0       0       0       0       0   181CD    3039       0       0
          1               9999999               9999999             2.4318695E-04         1.0000000E+30                 0       
 NEXT SEEDS:     247       0       0       0       0       0   181CD    3039       0       0
     200000               9800000               9800000             1.1571439E-04         1.0000000E+30              3319       
 NEXT SEEDS: 5C9C1ED       0       0       0       0       0   181CD    3039       0       0
     400000               9600000               9600000             1.1591682E-04         1.0000000E+30              6626       
 NEXT SEEDS: B9DB348       0       0       0       0       0   181CD    3039       0       0
     600000               9400000               9400000             1.1812129E-04         1.0000000E+30              9892       
 NEXT SEEDS:11674984       0       0       0       0       0   181CD    3039       0       0
     800000               9200000               9200000             1.1751303E-04         1.0000000E+30             13297       
 NEXT SEEDS:1733652B       0       0       0       0       0   181CD    3039       0       0
    1000000               9000000               9000000             1.1595339E-04         1.0000000E+30             16701       
 NEXT SEEDS:1D0E7E06       0       0       0       0       0   181CD    3039       0       0
    1200000               8800000               8800000             1.1433011E-04         1.0000000E+30             19982       
 NEXT SEEDS:22D30A58       0       0       0       0       0   181CD    3039       0       0
    1400000               8600000               8600000             1.1448221E-04         1.0000000E+30             23284       
 NEXT SEEDS:289A6891       0       0       0       0       0   181CD    3039       0       0
    1600000               8400000               8400000             1.1464376E-04         1.0000000E+30             26532       
 NEXT SEEDS:2E5BFAD2       0       0       0       0       0   181CD    3039       0       0
    1800000               8200000               8200000             1.1489231E-04         1.0000000E+30             29900       
 NEXT SEEDS:342B68ED       0       0       0       0       0   181CD    3039       0       0
    2000000               8000000               8000000             1.1496858E-04         1.0000000E+30             33265       
 NEXT SEEDS:39FB2C37       0       0       0       0       0   181CD    3039       0       0
    2200000               7800000               7800000             1.1501916E-04         1.0000000E+30             36537       
 NEXT SEEDS: 429F692       1       0       0       0       0   181CD    3039       0       0
    2400000               7600000               7600000             1.1508652E-04         1.0000000E+30             39874       
 NEXT SEEDS: 9F96334       1       0       0       0       0   181CD    3039       0       0
    2600000               7400000               7400000             1.1517552E-04         1.0000000E+30             43221       
 NEXT SEEDS: FCAAC58       1       0       0       0       0   181CD    3039       0       0
    2800000               7200000               7200000             1.1526223E-04         1.0000000E+30             46574       
 NEXT SEEDS:159D5220       1       0       0       0       0   181CD    3039       0       0
    3000000               7000000               7000000             1.1533205E-04         1.0000000E+30             49957       
 NEXT SEEDS:1B71AB67       1       0       0       0       0   181CD    3039       0       0
    3200000               6800000               6800000             1.1437885E-04         1.0000000E+30             53259       
 NEXT SEEDS:21371B0F       1       0       0       0       0   181CD    3039       0       0
    3400000               6600000               6600000             1.1448510E-04         1.0000000E+30             56612       
 NEXT SEEDS:2707B362       1       0       0       0       0   181CD    3039       0       0
    3600000               6400000               6400000             1.1458841E-04         1.0000000E+30             59821       
 NEXT SEEDS:2CCA3E6F       1       0       0       0       0   181CD    3039       0       0
    3800000               6200000               6200000             1.1466986E-04         1.0000000E+30             63200       
 NEXT SEEDS:329BC27A       1       0       0       0       0   181CD    3039       0       0
    4000000               6000000               6000000             1.1470931E-04         1.0000000E+30             66500       
 NEXT SEEDS:3861628F       1       0       0       0       0   181CD    3039       0       0
    4200000               5800000               5800000             1.1476846E-04         1.0000000E+30             69859       
 NEXT SEEDS: 292E122       2       0       0       0       0   181CD    3039       0       0
    4400000               5600000               5600000             1.1468797E-04         1.0000000E+30             73138       
 NEXT SEEDS: 85B67BB       2       0       0       0       0   181CD    3039       0       0
    4600000               5400000               5400000             1.1434285E-04         1.0000000E+30             76431       
 NEXT SEEDS: E2D016C       2       0       0       0       0   181CD    3039       0       0
    4800000               5200000               5200000             1.1422976E-04         1.0000000E+30             79776       
 NEXT SEEDS:13F9FB14       2       0       0       0       0   181CD    3039       0       0
    5000000               5000000               5000000             1.1431096E-04         1.0000000E+30             83139       
 NEXT SEEDS:19C9BF81       2       0       0       0       0   181CD    3039       0       0
    5200000               4800000               4800000             1.1437180E-04         1.0000000E+30             86441       
 NEXT SEEDS:1F94D040       2       0       0       0       0   181CD    3039       0       0
    5400000               4600000               4600000             1.1441257E-04         1.0000000E+30             89701       
 NEXT SEEDS:255B3B0F       2       0       0       0       0   181CD    3039       0       0
    5600000               4400000               4400000             1.1445739E-04         1.0000000E+30             93082       
 NEXT SEEDS:2B2B8BBD       2       0       0       0       0   181CD    3039       0       0
    5800000               4200000               4200000             1.1452153E-04         1.0000000E+30             96546       
 NEXT SEEDS:31078588       2       0       0       0       0   181CD    3039       0       0
    6000000               4000000               4000000             1.1457961E-04         1.0000000E+30             99903       
 NEXT SEEDS:36DB3561       2       0       0       0       0   181CD    3039       0       0
    6200000               3800000               3800000             1.1462058E-04         1.0000000E+30            103175       
 NEXT SEEDS: 1035001       3       0       0       0       0   181CD    3039       0       0
    6400000               3600000               3600000             1.1467782E-04         1.0000000E+30            106580       
 NEXT SEEDS: 6DE438B       3       0       0       0       0   181CD    3039       0       0
    6600000               3400000               3400000             1.1472739E-04         1.0000000E+30            109962       
 NEXT SEEDS: CB3EC53       3       0       0       0       0   181CD    3039       0       0
    6800000               3200000               3200000             1.1451499E-04         1.0000000E+30            113223       
 NEXT SEEDS:127680CF       3       0       0       0       0   181CD    3039       0       0
    7000000               3000000               3000000             1.1440289E-04         1.0000000E+30            116605       
 NEXT SEEDS:1850967B       3       0       0       0       0   181CD    3039       0       0
    7200000               2800000               2800000             1.1436776E-04         1.0000000E+30            119892       
 NEXT SEEDS:1E1A8970       3       0       0       0       0   181CD    3039       0       0
    7400000               2600000               2600000             1.1440937E-04         1.0000000E+30            123320       
 NEXT SEEDS:23EE6CB0       3       0       0       0       0   181CD    3039       0       0
    7600000               2400000               2400000             1.1444713E-04         1.0000000E+30            126602       
 NEXT SEEDS:29B4B5C6       3       0       0       0       0   181CD    3039       0       0
    7800000               2200000               2200000             1.1447809E-04         1.0000000E+30            129892       
 NEXT SEEDS:2F81105E       3       0       0       0       0   181CD    3039       0       0
    8000000               2000000               2000000             1.1453352E-04         1.0000000E+30            133347       
 NEXT SEEDS:355B5179       3       0       0       0       0   181CD    3039       0       0
    8200000               1800000               1800000             1.1455312E-04         1.0000000E+30            136606       
 NEXT SEEDS:3B199E83       3       0       0       0       0   181CD    3039       0       0
    8400000               1600000               1600000             1.1458753E-04         1.0000000E+30            139966       
 NEXT SEEDS: 54D480F       4       0       0       0       0   181CD    3039       0       0
    8600000               1400000               1400000             1.1462276E-04         1.0000000E+30            143420       
 NEXT SEEDS: B1F20FD       4       0       0       0       0   181CD    3039       0       0
    8800000               1200000               1200000             1.1465830E-04         1.0000000E+30            146652       
 NEXT SEEDS:10E0DFEC       4       0       0       0       0   181CD    3039       0       0
    9000000               1000000               1000000             1.1454158E-04         1.0000000E+30            149908       
 NEXT SEEDS:16A0CB04       4       0       0       0       0   181CD    3039       0       0
    9200000                800000                800000             1.1439781E-04         1.0000000E+30            153285       
 NEXT SEEDS:1C6F9BD3       4       0       0       0       0   181CD    3039       0       0
    9400000                600000                600000             1.1440066E-04         1.0000000E+30            156637       
 NEXT SEEDS:223BD436       4       0       0       0       0   181CD    3039       0       0
    9600000                400000                400000             1.1442334E-04         1.0000000E+30            159955       
 NEXT SEEDS:280388BF       4       0       0       0       0   181CD    3039       0       0
    9800000                200000                200000             1.1445961E-04         1.0000000E+30            163329       
 NEXT SEEDS:2DD46534       4       0       0       0       0   181CD    3039       0       0
    9999950                    50                    50             1.1448613E-04         1.0000000E+30            166640       
 NEXT SEEDS:339D7062       4       0       0       0       0   181CD    3039       0       0
    9999951                    49                    49             1.1448614E-04         1.0000000E+30            166640       
 NEXT SEEDS:339D71AC       4       0       0       0       0   181CD    3039       0       0
    9999952                    48                    48             1.1448616E-04         1.0000000E+30            166640       
 NEXT SEEDS:339D7328       4       0       0       0       0   181CD    3039       0       0
    9999953                    47                    47             1.1448617E-04         1.0000000E+30            166640       
 NEXT SEEDS:339D7430       4       0       0       0       0   181CD    3039       0       0
    9999954                    46                    46             1.1448618E-04         1.0000000E+30            166640       
 NEXT SEEDS:339D7665       4       0       0       0       0   181CD    3039       0       0
    9999955                    45                    45             1.1448620E-04         1.0000000E+30            166640       
 NEXT SEEDS:339D77D3       4       0       0       0       0   181CD    3039       0       0
    9999956                    44                    44             1.1448621E-04         1.0000000E+30            166640       
 NEXT SEEDS:339D7962       4       0       0       0       0   181CD    3039       0       0
    9999957                    43                    43             1.1448622E-04         1.0000000E+30            166640       
 NEXT SEEDS:339D7A96       4       0       0       0       0   181CD    3039       0       0
    9999958                    42                    42             1.1448623E-04         1.0000000E+30            166640       
 NEXT SEEDS:339D7BE5       4       0       0       0       0   181CD    3039       0       0
    9999959                    41                    41             1.1448625E-04         1.0000000E+30            166640       
 NEXT SEEDS:339D7E4F       4       0       0       0       0   181CD    3039       0       0
    9999960                    40                    40             1.1448626E-04         1.0000000E+30            166640       
 NEXT SEEDS:339D7F23       4       0       0       0       0   181CD    3039       0       0
    9999961                    39                    39             1.1448626E-04         1.0000000E+30            166640       
 NEXT SEEDS:339D7FF3       4       0       0       0       0   181CD    3039       0       0
    9999962                    38                    38             1.1448629E-04         1.0000000E+30            166640       
 NEXT SEEDS:339D8213       4       0       0       0       0   181CD    3039       0       0
    9999963                    37                    37             1.1448629E-04         1.0000000E+30            166640       
 NEXT SEEDS:339D8369       4       0       0       0       0   181CD    3039       0       0
    9999964                    36                    36             1.1448628E-04         1.0000000E+30            166640       
 NEXT SEEDS:339D84CA       4       0       0       0       0   181CD    3039       0       0
    9999965                    35                    35             1.1448626E-04         1.0000000E+30            166640       
 NEXT SEEDS:339D8641       4       0       0       0       0   181CD    3039       0       0
    9999966                    34                    34             1.1448625E-04         1.0000000E+30            166640       
 NEXT SEEDS:339D8758       4       0       0       0       0   181CD    3039       0       0
    9999967                    33                    33             1.1448624E-04         1.0000000E+30            166640       
 NEXT SEEDS:339D8A20       4       0       0       0       0   181CD    3039       0       0
    9999968                    32                    32             1.1448623E-04         1.0000000E+30            166640       
 NEXT SEEDS:339D8B69       4       0       0       0       0   181CD    3039       0       0
    9999969                    31                    31             1.1448622E-04         1.0000000E+30            166640       
 NEXT SEEDS:339D8C41       4       0       0       0       0   181CD    3039       0       0
    9999970                    30                    30             1.1448621E-04         1.0000000E+30            166640       
 NEXT SEEDS:339D8DED       4       0       0       0       0   181CD    3039       0       0
    9999971                    29                    29             1.1448620E-04         1.0000000E+30            166640       
 NEXT SEEDS:339D8ED9       4       0       0       0       0   181CD    3039       0       0
    9999972                    28                    28             1.1448618E-04         1.0000000E+30            166640       
 NEXT SEEDS:339D8FB0       4       0       0       0       0   181CD    3039       0       0
    9999973                    27                    27             1.1448617E-04         1.0000000E+30            166640       
 NEXT SEEDS:339D90C8       4       0       0       0       0   181CD    3039       0       0
    9999974                    26                    26             1.1448616E-04         1.0000000E+30            166640       
 NEXT SEEDS:339D91CF       4       0       0       0       0   181CD    3039       0       0
    9999975                    25                    25             1.1448615E-04         1.0000000E+30            166640       
 NEXT SEEDS:339D9360       4       0       0       0       0   181CD    3039       0       0
    9999976                    24                    24             1.1448614E-04         1.0000000E+30            166640       
 NEXT SEEDS:339D94B7       4       0       0       0       0   181CD    3039       0       0
    9999977                    23                    23             1.1448613E-04         1.0000000E+30            166640       
 NEXT SEEDS:339D9604       4       0       0       0       0   181CD    3039       0       0
    9999978                    22                    22             1.1448612E-04         1.0000000E+30            166640       
 NEXT SEEDS:339D9803       4       0       0       0       0   181CD    3039       0       0
    9999979                    21                    21             1.1448610E-04         1.0000000E+30            166640       
 NEXT SEEDS:339D9901       4       0       0       0       0   181CD    3039       0       0
    9999980                    20                    20             1.1448609E-04         1.0000000E+30            166640       
 NEXT SEEDS:339D9A6C       4       0       0       0       0   181CD    3039       0       0
    9999981                    19                    19             1.1448611E-04         1.0000000E+30            166640       
 NEXT SEEDS:339D9BFA       4       0       0       0       0   181CD    3039       0       0
    9999982                    18                    18             1.1448612E-04         1.0000000E+30            166640       
 NEXT SEEDS:339D9D5C       4       0       0       0       0   181CD    3039       0       0
    9999983                    17                    17             1.1448613E-04         1.0000000E+30            166640       
 NEXT SEEDS:339D9F6C       4       0       0       0       0   181CD    3039       0       0
    9999984                    16                    16             1.1448614E-04         1.0000000E+30            166640       
 NEXT SEEDS:339DA133       4       0       0       0       0   181CD    3039       0       0
    9999985                    15                    15             1.1448616E-04         1.0000000E+30            166640       
 NEXT SEEDS:339DA2A3       4       0       0       0       0   181CD    3039       0       0
    9999986                    14                    14             1.1448616E-04         1.0000000E+30            166640       
 NEXT SEEDS:339DA350       4       0       0       0       0   181CD    3039       0       0
    9999987                    13                    13             1.1448617E-04         1.0000000E+30            166640       
 NEXT SEEDS:339DA453       4       0       0       0       0   181CD    3039       0       0
    9999988                    12                    12             1.1448618E-04         1.0000000E+30            166640       
 NEXT SEEDS:339DA552       4       0       0       0       0   181CD    3039       0       0
    9999989                    11                    11             1.1448619E-04         1.0000000E+30            166640       
 NEXT SEEDS:339DA653       4       0       0       0       0   181CD    3039       0       0
    9999990                    10                    10             1.1448621E-04         1.0000000E+30            166640       
 NEXT SEEDS:339DA8D3       4       0       0       0       0   181CD    3039       0       0
    9999991                     9                     9             1.1448622E-04         1.0000000E+30            166640       
 NEXT SEEDS:339DAA55       4       0       0       0       0   181CD    3039       0       0
    9999992                     8                     8             1.1448622E-04         1.0000000E+30            166640       
 NEXT SEEDS:339DAB8E       4       0       0       0       0   181CD    3039       0       0
    9999993                     7                     7             1.1448624E-04         1.0000000E+30            166640       
 NEXT SEEDS:339DAC6B       4       0       0       0       0   181CD    3039       0       0
    9999994                     6                     6             1.1448625E-04         1.0000000E+30            166640       
 NEXT SEEDS:339DADA0       4       0       0       0       0   181CD    3039       0       0
    9999995                     5                     5             1.1448625E-04         1.0000000E+30            166640       
 NEXT SEEDS:339DAEDF       4       0       0       0       0   181CD    3039       0       0
    9999996                     4                     4             1.1448626E-04         1.0000000E+30            166640       
 NEXT SEEDS:339DB022       4       0       0       0       0   181CD    3039       0       0
    9999997                     3                     3             1.1448628E-04         1.0000000E+30            166640       
 NEXT SEEDS:339DB10F       4       0       0       0       0   181CD    3039       0       0
    9999998                     2                     2             1.1448628E-04         1.0000000E+30            166640       
 NEXT SEEDS:339DB265       4       0       0       0       0   181CD    3039       0       0
    9999999                     1                     1             1.1448629E-04         1.0000000E+30            166640       
 NEXT SEEDS:339DB376       4       0       0       0       0   181CD    3039       0       0
   10000000                     0                     1             1.1448656E-04         1.0000000E+30            166641       
 NEXT SEEDS:339DE13F       4       0       0       0       0   181CD    3039       0       0
