1NUMBER OF BEAM       NUMBER OF BEAM        APPROXIMATE NUMBER    AVERAGE TIME USED     TIME LEFT (RESERVED   NUMBER OF STARS
 PARTICLES HANDLED    PARTICLES LEFT        OF BEAM PARTICLES     BY A BEAM PARTICLE     10000.0 SECONDS      CREATED
                                            THAT CAN STILL BE                           FOR PRINTOUT)
                                            HANDLED

 NEXT SEEDS:       0       0       0       0       0       0   181CD    3039       0       0
          1               9999999               9999999             3.5691261E-04         1.0000000E+30                 0       
 NEXT SEEDS:     7F0       0       0       0       0       0   181CD    3039       0       0
     200000               9800000               9800000             3.8572805E-04         1.0000000E+30             13020       
 NEXT SEEDS:202094FF       0       0       0       0       0   181CD    3039       0       0
     400000               9600000               9600000             3.8643824E-04         1.0000000E+30             26269       
 NEXT SEEDS: 4C66819       1       0       0       0       0   181CD    3039       0       0
     600000               9400000               9400000             3.8663444E-04         1.0000000E+30             39330       
 NEXT SEEDS:250887F9       1       0       0       0       0   181CD    3039       0       0
     800000               9200000               9200000             3.8651740E-04         1.0000000E+30             52538       
 NEXT SEEDS: 99BA41C       2       0       0       0       0   181CD    3039       0       0
    1000000               9000000               9000000             3.8660531E-04         1.0000000E+30             65727       
 NEXT SEEDS:29D7988E       2       0       0       0       0   181CD    3039       0       0
    1200000               8800000               8800000             3.8670323E-04         1.0000000E+30             78890       
 NEXT SEEDS: E8292E3       3       0       0       0       0   181CD    3039       0       0
    1400000               8600000               8600000             3.8682556E-04         1.0000000E+30             91976       
 NEXT SEEDS:2ED54EA4       3       0       0       0       0   181CD    3039       0       0
 COUSET, TXYZ:   1.00000000000548      0.729413127721515      0.684073453013983    
    1600000               8400000               8400000             3.8674396E-04         1.0000000E+30            105130       
 NEXT SEEDS:136C3252       4       0       0       0       0   181CD    3039       0       0
    1800000               8200000               8200000             3.8665541E-04         1.0000000E+30            118156       
 NEXT SEEDS:338C6E6D       4       0       0       0       0   181CD    3039       0       0
    2000000               8000000               8000000             3.8654138E-04         1.0000000E+30            131098       
 NEXT SEEDS:180DCBB7       5       0       0       0       0   181CD    3039       0       0
 COUSET, TXYZ:  0.999999999990402      0.870309181001130      0.492505765901220    
    2200000               7800000               7800000             3.8651886E-04         1.0000000E+30            144212       
 NEXT SEEDS:383F8AFE       5       0       0       0       0   181CD    3039       0       0
    2400000               7600000               7600000             3.8650441E-04         1.0000000E+30            157235       
 NEXT SEEDS:1CE233D1       6       0       0       0       0   181CD    3039       0       0
    2600000               7400000               7400000             3.8648998E-04         1.0000000E+30            170230       
 NEXT SEEDS: 17D9B48       7       0       0       0       0   181CD    3039       0       0
    2800000               7200000               7200000             3.8649652E-04         1.0000000E+30            183328       
 NEXT SEEDS:21B67C22       7       0       0       0       0   181CD    3039       0       0
    3000000               7000000               7000000             3.8646828E-04         1.0000000E+30            196366       
 NEXT SEEDS: 6434C38       8       0       0       0       0   181CD    3039       0       0
 COUSET, TXYZ:  0.999999999991772     -0.925480142286983     -0.378796127509256    
    3200000               6800000               6800000             3.8644277E-04         1.0000000E+30            209634       
 NEXT SEEDS:2673622A       8       0       0       0       0   181CD    3039       0       0
    3400000               6600000               6600000             3.8641930E-04         1.0000000E+30            222637       
 NEXT SEEDS: B0AA590       9       0       0       0       0   181CD    3039       0       0
    3600000               6400000               6400000             3.8654431E-04         1.0000000E+30            235980       
 NEXT SEEDS:2B7128B5       9       0       0       0       0   181CD    3039       0       0
    3800000               6200000               6200000             3.8653091E-04         1.0000000E+30            249060       
 NEXT SEEDS:1012BAE8       A       0       0       0       0   181CD    3039       0       0
    4000000               6000000               6000000             3.8659340E-04         1.0000000E+30            262335       
 NEXT SEEDS:30794896       A       0       0       0       0   181CD    3039       0       0
    4200000               5800000               5800000             3.8659044E-04         1.0000000E+30            275453       
 NEXT SEEDS:150DD89C       B       0       0       0       0   181CD    3039       0       0
    4400000               5600000               5600000             3.8663137E-04         1.0000000E+30            288481       
 NEXT SEEDS:354A5017       B       0       0       0       0   181CD    3039       0       0
    4600000               5400000               5400000             3.8664353E-04         1.0000000E+30            301275       
 NEXT SEEDS:19BF37E4       C       0       0       0       0   181CD    3039       0       0
    4800000               5200000               5200000             3.8662502E-04         1.0000000E+30            314250       
 NEXT SEEDS:39E6C2A1       C       0       0       0       0   181CD    3039       0       0
    5000000               5000000               5000000             3.8655956E-04         1.0000000E+30            327145       
 NEXT SEEDS:1E56ADCF       D       0       0       0       0   181CD    3039       0       0
    5200000               4800000               4800000             3.8652873E-04         1.0000000E+30            340005       
 NEXT SEEDS: 2D1314E       E       0       0       0       0   181CD    3039       0       0
    5400000               4600000               4600000             3.8657497E-04         1.0000000E+30            353204       
 NEXT SEEDS:2306D87D       E       0       0       0       0   181CD    3039       0       0
    5600000               4400000               4400000             3.8656685E-04         1.0000000E+30            366333       
 NEXT SEEDS: 78C41A4       F       0       0       0       0   181CD    3039       0       0
    5800000               4200000               4200000             3.8653648E-04         1.0000000E+30            379342       
 NEXT SEEDS:279D613E       F       0       0       0       0   181CD    3039       0       0
    6000000               4000000               4000000             3.8657063E-04         1.0000000E+30            392434       
 NEXT SEEDS: C4AA732      10       0       0       0       0   181CD    3039       0       0
    6200000               3800000               3800000             3.8653185E-04         1.0000000E+30            405264       
 NEXT SEEDS:2C5FF6C2      10       0       0       0       0   181CD    3039       0       0
    6400000               3600000               3600000             3.8650115E-04         1.0000000E+30            418049       
 NEXT SEEDS:10D57EB2      11       0       0       0       0   181CD    3039       0       0
    6600000               3400000               3400000             3.8650382E-04         1.0000000E+30            431093       
 NEXT SEEDS:30F915D5      11       0       0       0       0   181CD    3039       0       0
    6800000               3200000               3200000             3.8651693E-04         1.0000000E+30            444078       
 NEXT SEEDS:1589CEB8      12       0       0       0       0   181CD    3039       0       0
    7000000               3000000               3000000             3.8652688E-04         1.0000000E+30            457029       
 NEXT SEEDS:35B55F4D      12       0       0       0       0   181CD    3039       0       0
    7200000               2800000               2800000             3.8653272E-04         1.0000000E+30            470103       
 NEXT SEEDS:1A4BC2E4      13       0       0       0       0   181CD    3039       0       0
    7400000               2600000               2600000             3.8653230E-04         1.0000000E+30            483162       
 NEXT SEEDS:3A79C450      13       0       0       0       0   181CD    3039       0       0
    7600000               2400000               2400000             3.8653657E-04         1.0000000E+30            496124       
 NEXT SEEDS:1F03E362      14       0       0       0       0   181CD    3039       0       0
 COUSET, TXYZ:  0.999999999992952     -0.727287894983205      0.686332512559912    
    7800000               2200000               2200000             3.8657442E-04         1.0000000E+30            509349       
 NEXT SEEDS: 3ACF1E8      15       0       0       0       0   181CD    3039       0       0
    8000000               2000000               2000000             3.8659682E-04         1.0000000E+30            522468       
 NEXT SEEDS:23DB9F60      15       0       0       0       0   181CD    3039       0       0
    8200000               1800000               1800000             3.8659855E-04         1.0000000E+30            535516       
 NEXT SEEDS: 868AAC6      16       0       0       0       0   181CD    3039       0       0
    8400000               1600000               1600000             3.8665843E-04         1.0000000E+30            548698       
 NEXT SEEDS:28AB5DC8      16       0       0       0       0   181CD    3039       0       0
    8600000               1400000               1400000             3.8680581E-04         1.0000000E+30            561751       
 NEXT SEEDS: D3EDB9E      17       0       0       0       0   181CD    3039       0       0
    8800000               1200000               1200000             3.8694613E-04         1.0000000E+30            574838       
 NEXT SEEDS:2D7F40F9      17       0       0       0       0   181CD    3039       0       0
    9000000               1000000               1000000             3.8808167E-04         1.0000000E+30            587984       
 NEXT SEEDS:1214E7D5      18       0       0       0       0   181CD    3039       0       0
    9200000                800000                800000             3.8916973E-04         1.0000000E+30            601312       
 NEXT SEEDS:326442D0      18       0       0       0       0   181CD    3039       0       0
    9400000                600000                600000             3.8944343E-04         1.0000000E+30            614390       
 NEXT SEEDS:171FEAC8      19       0       0       0       0   181CD    3039       0       0
    9600000                400000                400000             3.8978736E-04         1.0000000E+30            627368       
 NEXT SEEDS:37393DF4      19       0       0       0       0   181CD    3039       0       0
    9800000                200000                200000             3.9001078E-04         1.0000000E+30            640351       
 NEXT SEEDS:1BCD3601      1A       0       0       0       0   181CD    3039       0       0
 COUSET, TXYZ:  0.999999999980307     -0.187156327474601      0.982330142593025    
    9999950                    50                    50             3.9041860E-04         1.0000000E+30            653494       
 NEXT SEEDS:  5418CD      1B       0       0       0       0   181CD    3039       0       0
    9999951                    49                    49             3.9041861E-04         1.0000000E+30            653494       
 NEXT SEEDS:  542415      1B       0       0       0       0   181CD    3039       0       0
    9999952                    48                    48             3.9041862E-04         1.0000000E+30            653494       
 NEXT SEEDS:  542D24      1B       0       0       0       0   181CD    3039       0       0
    9999953                    47                    47             3.9041863E-04         1.0000000E+30            653494       
 NEXT SEEDS:  543394      1B       0       0       0       0   181CD    3039       0       0
    9999954                    46                    46             3.9041861E-04         1.0000000E+30            653494       
 NEXT SEEDS:  543BBA      1B       0       0       0       0   181CD    3039       0       0
    9999955                    45                    45             3.9041860E-04         1.0000000E+30            653494       
 NEXT SEEDS:  5440A6      1B       0       0       0       0   181CD    3039       0       0
    9999956                    44                    44             3.9041861E-04         1.0000000E+30            653494       
 NEXT SEEDS:  54494B      1B       0       0       0       0   181CD    3039       0       0
    9999957                    43                    43             3.9041862E-04         1.0000000E+30            653494       
 NEXT SEEDS:  545339      1B       0       0       0       0   181CD    3039       0       0
    9999958                    42                    42             3.9041860E-04         1.0000000E+30            653494       
 NEXT SEEDS:  545A92      1B       0       0       0       0   181CD    3039       0       0
    9999959                    41                    41             3.9041861E-04         1.0000000E+30            653494       
 NEXT SEEDS:  54605C      1B       0       0       0       0   181CD    3039       0       0
    9999960                    40                    40             3.9041862E-04         1.0000000E+30            653494       
 NEXT SEEDS:  546E07      1B       0       0       0       0   181CD    3039       0       0
    9999961                    39                    39             3.9041861E-04         1.0000000E+30            653494       
 NEXT SEEDS:  5472A6      1B       0       0       0       0   181CD    3039       0       0
    9999962                    38                    38             3.9041862E-04         1.0000000E+30            653494       
 NEXT SEEDS:  547C58      1B       0       0       0       0   181CD    3039       0       0
    9999963                    37                    37             3.9041863E-04         1.0000000E+30            653494       
 NEXT SEEDS:  548668      1B       0       0       0       0   181CD    3039       0       0
    9999964                    36                    36             3.9041861E-04         1.0000000E+30            653494       
 NEXT SEEDS:  548D9B      1B       0       0       0       0   181CD    3039       0       0
    9999965                    35                    35             3.9041862E-04         1.0000000E+30            653494       
 NEXT SEEDS:  5495CB      1B       0       0       0       0   181CD    3039       0       0
    9999966                    34                    34             3.9041863E-04         1.0000000E+30            653494       
 NEXT SEEDS:  54A388      1B       0       0       0       0   181CD    3039       0       0
    9999967                    33                    33             3.9041864E-04         1.0000000E+30            653494       
 NEXT SEEDS:  54A979      1B       0       0       0       0   181CD    3039       0       0
    9999968                    32                    32             3.9041863E-04         1.0000000E+30            653494       
 NEXT SEEDS:  54AEC1      1B       0       0       0       0   181CD    3039       0       0
    9999969                    31                    31             3.9041861E-04         1.0000000E+30            653494       
 NEXT SEEDS:  54B584      1B       0       0       0       0   181CD    3039       0       0
    9999970                    30                    30             3.9041865E-04         1.0000000E+30            653494       
 NEXT SEEDS:  54C26F      1B       0       0       0       0   181CD    3039       0       0
    9999971                    29                    29             3.9041863E-04         1.0000000E+30            653494       
 NEXT SEEDS:  54CAB3      1B       0       0       0       0   181CD    3039       0       0
    9999972                    28                    28             3.9041864E-04         1.0000000E+30            653494       
 NEXT SEEDS:  54D3A3      1B       0       0       0       0   181CD    3039       0       0
    9999973                    27                    27             3.9041865E-04         1.0000000E+30            653494       
 NEXT SEEDS:  54DC48      1B       0       0       0       0   181CD    3039       0       0
    9999974                    26                    26             3.9041864E-04         1.0000000E+30            653494       
 NEXT SEEDS:  54E399      1B       0       0       0       0   181CD    3039       0       0
    9999975                    25                    25             3.9041865E-04         1.0000000E+30            653494       
 NEXT SEEDS:  54EBFD      1B       0       0       0       0   181CD    3039       0       0
    9999976                    24                    24             3.9041863E-04         1.0000000E+30            653494       
 NEXT SEEDS:  54F437      1B       0       0       0       0   181CD    3039       0       0
    9999977                    23                    23             3.9041864E-04         1.0000000E+30            653494       
 NEXT SEEDS:  54FB04      1B       0       0       0       0   181CD    3039       0       0
    9999978                    22                    22             3.9041863E-04         1.0000000E+30            653494       
 NEXT SEEDS:  5504D5      1B       0       0       0       0   181CD    3039       0       0
    9999979                    21                    21             3.9041866E-04         1.0000000E+30            653495       
 NEXT SEEDS:  5511AC      1B       0       0       0       0   181CD    3039       0       0
    9999980                    20                    20             3.9041872E-04         1.0000000E+30            653495       
 NEXT SEEDS:  55262D      1B       0       0       0       0   181CD    3039       0       0
    9999981                    19                    19             3.9041880E-04         1.0000000E+30            653496       
 NEXT SEEDS:  554090      1B       0       0       0       0   181CD    3039       0       0
    9999982                    18                    18             3.9041881E-04         1.0000000E+30            653496       
 NEXT SEEDS:  554B5A      1B       0       0       0       0   181CD    3039       0       0
    9999983                    17                    17             3.9041882E-04         1.0000000E+30            653496       
 NEXT SEEDS:  555940      1B       0       0       0       0   181CD    3039       0       0
    9999984                    16                    16             3.9041910E-04         1.0000000E+30            653497       
 NEXT SEEDS:  559820      1B       0       0       0       0   181CD    3039       0       0
    9999985                    15                    15             3.9041911E-04         1.0000000E+30            653497       
 NEXT SEEDS:  55A268      1B       0       0       0       0   181CD    3039       0       0
    9999986                    14                    14             3.9041914E-04         1.0000000E+30            653497       
 NEXT SEEDS:  55B05F      1B       0       0       0       0   181CD    3039       0       0
    9999987                    13                    13             3.9041913E-04         1.0000000E+30            653497       
 NEXT SEEDS:  55B2E6      1B       0       0       0       0   181CD    3039       0       0
    9999988                    12                    12             3.9041911E-04         1.0000000E+30            653497       
 NEXT SEEDS:  55B961      1B       0       0       0       0   181CD    3039       0       0
    9999989                    11                    11             3.9041912E-04         1.0000000E+30            653497       
 NEXT SEEDS:  55C633      1B       0       0       0       0   181CD    3039       0       0
    9999990                    10                    10             3.9041916E-04         1.0000000E+30            653497       
 NEXT SEEDS:  55D45F      1B       0       0       0       0   181CD    3039       0       0
    9999991                     9                     9             3.9041917E-04         1.0000000E+30            653497       
 NEXT SEEDS:  55E236      1B       0       0       0       0   181CD    3039       0       0
    9999992                     8                     8             3.9041918E-04         1.0000000E+30            653497       
 NEXT SEEDS:  55EB7D      1B       0       0       0       0   181CD    3039       0       0
    9999993                     7                     7             3.9041916E-04         1.0000000E+30            653497       
 NEXT SEEDS:  55F40A      1B       0       0       0       0   181CD    3039       0       0
    9999994                     6                     6             3.9041917E-04         1.0000000E+30            653497       
 NEXT SEEDS:  55FAE9      1B       0       0       0       0   181CD    3039       0       0
    9999995                     5                     5             3.9041918E-04         1.0000000E+30            653497       
 NEXT SEEDS:  5607BA      1B       0       0       0       0   181CD    3039       0       0
    9999996                     4                     4             3.9041919E-04         1.0000000E+30            653497       
 NEXT SEEDS:  5611C6      1B       0       0       0       0   181CD    3039       0       0
    9999997                     3                     3             3.9041920E-04         1.0000000E+30            653497       
 NEXT SEEDS:  561EA0      1B       0       0       0       0   181CD    3039       0       0
    9999998                     2                     2             3.9041919E-04         1.0000000E+30            653497       
 NEXT SEEDS:  5624E2      1B       0       0       0       0   181CD    3039       0       0
    9999999                     1                     1             3.9041920E-04         1.0000000E+30            653497       
 NEXT SEEDS:  562F10      1B       0       0       0       0   181CD    3039       0       0
   10000000                     0                     1             3.9041921E-04         1.0000000E+30            653497       
 NEXT SEEDS:  5637EA      1B       0       0       0       0   181CD    3039       0       0
