1NUMBER OF BEAM       NUMBER OF BEAM        APPROXIMATE NUMBER    AVERAGE TIME USED     TIME LEFT (RESERVED   NUMBER OF STARS
 PARTICLES HANDLED    PARTICLES LEFT        OF BEAM PARTICLES     BY A BEAM PARTICLE     10000.0 SECONDS      CREATED
                                            THAT CAN STILL BE                           FOR PRINTOUT)
                                            HANDLED

 NEXT SEEDS:       0       0       0       0       0       0   181CD    3039       0       0
          1                999999                999999             6.4611435E-04         1.0000000E+30                 0       
 NEXT SEEDS:     A0F       0       0       0       0       0   181CD    3039       0       0
      20000                980000                980000             1.0281115E-03         1.0000000E+30               614       
 NEXT SEEDS: 33C9DE3       0       0       0       0       0   181CD    3039       0       0
      40000                960000                960000             1.0804929E-03         1.0000000E+30              1265       
 NEXT SEEDS: 67CF765       0       0       0       0       0   181CD    3039       0       0
      60000                940000                940000             1.1203280E-03         1.0000000E+30              1903       
 NEXT SEEDS: 9B8F9DC       0       0       0       0       0   181CD    3039       0       0
      80000                920000                920000             1.0950665E-03         1.0000000E+30              2532       
 NEXT SEEDS: CF47805       0       0       0       0       0   181CD    3039       0       0
     100000                900000                900000             1.0777941E-03         1.0000000E+30              3155       
 NEXT SEEDS:102FC134       0       0       0       0       0   181CD    3039       0       0
     120000                880000                880000             1.0944162E-03         1.0000000E+30              3776       
 NEXT SEEDS:136E3F72       0       0       0       0       0   181CD    3039       0       0
     140000                860000                860000             1.0802823E-03         1.0000000E+30              4385       
 NEXT SEEDS:16ACB643       0       0       0       0       0   181CD    3039       0       0
     160000                840000                840000             1.0804289E-03         1.0000000E+30              5005       
 NEXT SEEDS:19E978A7       0       0       0       0       0   181CD    3039       0       0
     180000                820000                820000             1.1021633E-03         1.0000000E+30              5567       
 NEXT SEEDS:1D20B350       0       0       0       0       0   181CD    3039       0       0
     200000                800000                800000             1.0942092E-03         1.0000000E+30              6146       
 NEXT SEEDS:2057D0FF       0       0       0       0       0   181CD    3039       0       0
     220000                780000                780000             1.0879472E-03         1.0000000E+30              6744       
 NEXT SEEDS:2391E7C4       0       0       0       0       0   181CD    3039       0       0
     240000                760000                760000             1.0906115E-03         1.0000000E+30              7345       
 NEXT SEEDS:26CECFE2       0       0       0       0       0   181CD    3039       0       0
     260000                740000                740000             1.0878108E-03         1.0000000E+30              7954       
 NEXT SEEDS:2A0A7C2E       0       0       0       0       0   181CD    3039       0       0
     280000                720000                720000             1.0830484E-03         1.0000000E+30              8609       
 NEXT SEEDS:2D458529       0       0       0       0       0   181CD    3039       0       0
     300000                700000                700000             1.0825721E-03         1.0000000E+30              9295       
 NEXT SEEDS:3085FDEE       0       0       0       0       0   181CD    3039       0       0
     320000                680000                680000             1.0838273E-03         1.0000000E+30              9919       
 NEXT SEEDS:33C37A8B       0       0       0       0       0   181CD    3039       0       0
     340000                660000                660000             1.0788438E-03         1.0000000E+30             10557       
 NEXT SEEDS:370145E3       0       0       0       0       0   181CD    3039       0       0
     360000                640000                640000             1.0743144E-03         1.0000000E+30             11195       
 NEXT SEEDS:3A3EBBBE       0       0       0       0       0   181CD    3039       0       0
     380000                620000                620000             1.0766747E-03         1.0000000E+30             11792       
 NEXT SEEDS: 1DDF01B       1       0       0       0       0   181CD    3039       0       0
     400000                600000                600000             1.0801396E-03         1.0000000E+30             12353       
 NEXT SEEDS: 516F2BF       1       0       0       0       0   181CD    3039       0       0
     420000                580000                580000             1.0769411E-03         1.0000000E+30             12961       
 NEXT SEEDS: 85152BD       1       0       0       0       0   181CD    3039       0       0
     440000                560000                560000             1.0743196E-03         1.0000000E+30             13521       
 NEXT SEEDS: B86FC29       1       0       0       0       0   181CD    3039       0       0
     460000                540000                540000             1.0653685E-03         1.0000000E+30             14134       
 NEXT SEEDS: EC25767       1       0       0       0       0   181CD    3039       0       0
     480000                520000                520000             1.0697727E-03         1.0000000E+30             14769       
 NEXT SEEDS:11FB9F10       1       0       0       0       0   181CD    3039       0       0
     500000                500000                500000             1.0719955E-03         1.0000000E+30             15409       
 NEXT SEEDS:1537225D       1       0       0       0       0   181CD    3039       0       0
     520000                480000                480000             1.0696463E-03         1.0000000E+30             16022       
 NEXT SEEDS:1874369A       1       0       0       0       0   181CD    3039       0       0
     540000                460000                460000             1.0684836E-03         1.0000000E+30             16696       
 NEXT SEEDS:1BB5AF33       1       0       0       0       0   181CD    3039       0       0
     560000                440000                440000             1.0661195E-03         1.0000000E+30             17300       
 NEXT SEEDS:1EF14996       1       0       0       0       0   181CD    3039       0       0
     580000                420000                420000             1.0677906E-03         1.0000000E+30             17918       
 NEXT SEEDS:222F9F6F       1       0       0       0       0   181CD    3039       0       0
     600000                400000                400000             1.0676795E-03         1.0000000E+30             18496       
 NEXT SEEDS:256C2311       1       0       0       0       0   181CD    3039       0       0
     620000                380000                380000             1.0653567E-03         1.0000000E+30             19095       
 NEXT SEEDS:28A7DDD5       1       0       0       0       0   181CD    3039       0       0
     640000                360000                360000             1.0627671E-03         1.0000000E+30             19667       
 NEXT SEEDS:2BDEE829       1       0       0       0       0   181CD    3039       0       0
     660000                340000                340000             1.0634491E-03         1.0000000E+30             20305       
 NEXT SEEDS:2F1C0B0D       1       0       0       0       0   181CD    3039       0       0
     680000                320000                320000             1.0634928E-03         1.0000000E+30             20923       
 NEXT SEEDS:3255E358       1       0       0       0       0   181CD    3039       0       0
     700000                300000                300000             1.0615631E-03         1.0000000E+30             21494       
 NEXT SEEDS:358DF064       1       0       0       0       0   181CD    3039       0       0
     720000                280000                280000             1.0594902E-03         1.0000000E+30             22074       
 NEXT SEEDS:38C7844D       1       0       0       0       0   181CD    3039       0       0
     740000                260000                260000             1.0609805E-03         1.0000000E+30             22707       
 NEXT SEEDS:  6C0C85       2       0       0       0       0   181CD    3039       0       0
     760000                240000                240000             1.0640795E-03         1.0000000E+30             23327       
 NEXT SEEDS: 3AA69F7       2       0       0       0       0   181CD    3039       0       0
     780000                220000                220000             1.0622651E-03         1.0000000E+30             23948       
 NEXT SEEDS: 6E9F24A       2       0       0       0       0   181CD    3039       0       0
     800000                200000                200000             1.0609292E-03         1.0000000E+30             24578       
 NEXT SEEDS: A2625E1       2       0       0       0       0   181CD    3039       0       0
     820000                180000                180000             1.0592779E-03         1.0000000E+30             25161       
 NEXT SEEDS: D60D522       2       0       0       0       0   181CD    3039       0       0
     840000                160000                160000             1.0611327E-03         1.0000000E+30             25757       
 NEXT SEEDS:109D8203       2       0       0       0       0   181CD    3039       0       0
     860000                140000                140000             1.0597448E-03         1.0000000E+30             26358       
 NEXT SEEDS:13D830DA       2       0       0       0       0   181CD    3039       0       0
     880000                120000                120000             1.0589539E-03         1.0000000E+30             26943       
 NEXT SEEDS:17120DBB       2       0       0       0       0   181CD    3039       0       0
     900000                100000                100000             1.0574300E-03         1.0000000E+30             27512       
 NEXT SEEDS:1A4A83E1       2       0       0       0       0   181CD    3039       0       0
     920000                 80000                 80000             1.0629939E-03         1.0000000E+30             28091       
 NEXT SEEDS:1D872647       2       0       0       0       0   181CD    3039       0       0
     940000                 60000                 60000             1.0616345E-03         1.0000000E+30             28703       
 NEXT SEEDS:20C1B185       2       0       0       0       0   181CD    3039       0       0
     960000                 40000                 40000             1.0603134E-03         1.0000000E+30             29347       
 NEXT SEEDS:23FCD9A2       2       0       0       0       0   181CD    3039       0       0
     980000                 20000                 20000             1.0589204E-03         1.0000000E+30             29957       
 NEXT SEEDS:273BF48B       2       0       0       0       0   181CD    3039       0       0
     999950                    50                    50             1.0606508E-03         1.0000000E+30             30572       
 NEXT SEEDS:2A77C703       2       0       0       0       0   181CD    3039       0       0
     999951                    49                    49             1.0606531E-03         1.0000000E+30             30572       
 NEXT SEEDS:2A77D102       2       0       0       0       0   181CD    3039       0       0
     999952                    48                    48             1.0606553E-03         1.0000000E+30             30572       
 NEXT SEEDS:2A77DAFD       2       0       0       0       0   181CD    3039       0       0
     999953                    47                    47             1.0606573E-03         1.0000000E+30             30572       
 NEXT SEEDS:2A77E46D       2       0       0       0       0   181CD    3039       0       0
     999954                    46                    46             1.0606595E-03         1.0000000E+30             30572       
 NEXT SEEDS:2A77EE35       2       0       0       0       0   181CD    3039       0       0
     999955                    45                    45             1.0606616E-03         1.0000000E+30             30572       
 NEXT SEEDS:2A77F810       2       0       0       0       0   181CD    3039       0       0
     999956                    44                    44             1.0606637E-03         1.0000000E+30             30572       
 NEXT SEEDS:2A7802B2       2       0       0       0       0   181CD    3039       0       0
     999957                    43                    43             1.0606659E-03         1.0000000E+30             30572       
 NEXT SEEDS:2A780C64       2       0       0       0       0   181CD    3039       0       0
     999958                    42                    42             1.0606679E-03         1.0000000E+30             30572       
 NEXT SEEDS:2A781609       2       0       0       0       0   181CD    3039       0       0
     999959                    41                    41             1.0606700E-03         1.0000000E+30             30572       
 NEXT SEEDS:2A781F77       2       0       0       0       0   181CD    3039       0       0
     999960                    40                    40             1.0606723E-03         1.0000000E+30             30572       
 NEXT SEEDS:2A782997       2       0       0       0       0   181CD    3039       0       0
     999961                    39                    39             1.0606742E-03         1.0000000E+30             30572       
 NEXT SEEDS:2A78331E       2       0       0       0       0   181CD    3039       0       0
     999962                    38                    38             1.0606765E-03         1.0000000E+30             30572       
 NEXT SEEDS:2A783D8A       2       0       0       0       0   181CD    3039       0       0
     999963                    37                    37             1.0606788E-03         1.0000000E+30             30572       
 NEXT SEEDS:2A784BA3       2       0       0       0       0   181CD    3039       0       0
     999964                    36                    36             1.0606811E-03         1.0000000E+30             30572       
 NEXT SEEDS:2A785589       2       0       0       0       0   181CD    3039       0       0
     999965                    35                    35             1.0606834E-03         1.0000000E+30             30572       
 NEXT SEEDS:2A785F55       2       0       0       0       0   181CD    3039       0       0
     999966                    34                    34             1.0606859E-03         1.0000000E+30             30572       
 NEXT SEEDS:2A7869E5       2       0       0       0       0   181CD    3039       0       0
     999967                    33                    33             1.0606879E-03         1.0000000E+30             30572       
 NEXT SEEDS:2A7873DD       2       0       0       0       0   181CD    3039       0       0
     999968                    32                    32             1.0606900E-03         1.0000000E+30             30572       
 NEXT SEEDS:2A787D69       2       0       0       0       0   181CD    3039       0       0
     999969                    31                    31             1.0606921E-03         1.0000000E+30             30572       
 NEXT SEEDS:2A788741       2       0       0       0       0   181CD    3039       0       0
     999970                    30                    30             1.0606942E-03         1.0000000E+30             30572       
 NEXT SEEDS:2A78910B       2       0       0       0       0   181CD    3039       0       0
     999971                    29                    29             1.0606962E-03         1.0000000E+30             30572       
 NEXT SEEDS:2A789A92       2       0       0       0       0   181CD    3039       0       0
     999972                    28                    28             1.0606983E-03         1.0000000E+30             30572       
 NEXT SEEDS:2A78A43D       2       0       0       0       0   181CD    3039       0       0
     999973                    27                    27             1.0607005E-03         1.0000000E+30             30572       
 NEXT SEEDS:2A78ADD5       2       0       0       0       0   181CD    3039       0       0
     999974                    26                    26             1.0607026E-03         1.0000000E+30             30572       
 NEXT SEEDS:2A78B7E8       2       0       0       0       0   181CD    3039       0       0
     999975                    25                    25             1.0607046E-03         1.0000000E+30             30572       
 NEXT SEEDS:2A78C10F       2       0       0       0       0   181CD    3039       0       0
     999976                    24                    24             1.0607067E-03         1.0000000E+30             30572       
 NEXT SEEDS:2A78CB27       2       0       0       0       0   181CD    3039       0       0
     999977                    23                    23             1.0607088E-03         1.0000000E+30             30572       
 NEXT SEEDS:2A78D4E0       2       0       0       0       0   181CD    3039       0       0
     999978                    22                    22             1.0607109E-03         1.0000000E+30             30572       
 NEXT SEEDS:2A78DEAB       2       0       0       0       0   181CD    3039       0       0
     999979                    21                    21             1.0607130E-03         1.0000000E+30             30572       
 NEXT SEEDS:2A78E902       2       0       0       0       0   181CD    3039       0       0
     999980                    20                    20             1.0607151E-03         1.0000000E+30             30572       
 NEXT SEEDS:2A78F30D       2       0       0       0       0   181CD    3039       0       0
     999981                    19                    19             1.0607172E-03         1.0000000E+30             30572       
 NEXT SEEDS:2A78FCDF       2       0       0       0       0   181CD    3039       0       0
     999982                    18                    18             1.0607162E-03         1.0000000E+30             30572       
 NEXT SEEDS:2A790637       2       0       0       0       0   181CD    3039       0       0
     999983                    17                    17             1.0607173E-03         1.0000000E+30             30572       
 NEXT SEEDS:2A79106C       2       0       0       0       0   181CD    3039       0       0
     999984                    16                    16             1.0607196E-03         1.0000000E+30             30572       
 NEXT SEEDS:2A791AE2       2       0       0       0       0   181CD    3039       0       0
     999985                    15                    15             1.0607217E-03         1.0000000E+30             30572       
 NEXT SEEDS:2A792499       2       0       0       0       0   181CD    3039       0       0
     999986                    14                    14             1.0607239E-03         1.0000000E+30             30572       
 NEXT SEEDS:2A792E4E       2       0       0       0       0   181CD    3039       0       0
     999987                    13                    13             1.0607261E-03         1.0000000E+30             30572       
 NEXT SEEDS:2A79385F       2       0       0       0       0   181CD    3039       0       0
     999988                    12                    12             1.0607284E-03         1.0000000E+30             30572       
 NEXT SEEDS:2A7942CB       2       0       0       0       0   181CD    3039       0       0
     999989                    11                    11             1.0607305E-03         1.0000000E+30             30572       
 NEXT SEEDS:2A794CAB       2       0       0       0       0   181CD    3039       0       0
     999990                    10                    10             1.0607326E-03         1.0000000E+30             30572       
 NEXT SEEDS:2A79567A       2       0       0       0       0   181CD    3039       0       0
     999991                     9                     9             1.0607348E-03         1.0000000E+30             30572       
 NEXT SEEDS:2A79602B       2       0       0       0       0   181CD    3039       0       0
     999992                     8                     8             1.0607372E-03         1.0000000E+30             30572       
 NEXT SEEDS:2A7969D2       2       0       0       0       0   181CD    3039       0       0
     999993                     7                     7             1.0607395E-03         1.0000000E+30             30572       
 NEXT SEEDS:2A7973D5       2       0       0       0       0   181CD    3039       0       0
     999994                     6                     6             1.0607418E-03         1.0000000E+30             30572       
 NEXT SEEDS:2A797D97       2       0       0       0       0   181CD    3039       0       0
     999995                     5                     5             1.0607439E-03         1.0000000E+30             30572       
 NEXT SEEDS:2A798715       2       0       0       0       0   181CD    3039       0       0
     999996                     4                     4             1.0607460E-03         1.0000000E+30             30572       
 NEXT SEEDS:2A79909F       2       0       0       0       0   181CD    3039       0       0
     999997                     3                     3             1.0607481E-03         1.0000000E+30             30572       
 NEXT SEEDS:2A799B02       2       0       0       0       0   181CD    3039       0       0
     999998                     2                     2             1.0607504E-03         1.0000000E+30             30572       
 NEXT SEEDS:2A79A540       2       0       0       0       0   181CD    3039       0       0
     999999                     1                     1             1.0607525E-03         1.0000000E+30             30572       
 NEXT SEEDS:2A79AEDF       2       0       0       0       0   181CD    3039       0       0
    1000000                     0                     1             1.0607609E-03         1.0000000E+30             30574       
 NEXT SEEDS:2A79D00E       2       0       0       0       0   181CD    3039       0       0
