1NUMBER OF BEAM       NUMBER OF BEAM        APPROXIMATE NUMBER    AVERAGE TIME USED     TIME LEFT (RESERVED   NUMBER OF STARS
 PARTICLES HANDLED    PARTICLES LEFT        OF BEAM PARTICLES     BY A BEAM PARTICLE     10000.0 SECONDS      CREATED
                                            THAT CAN STILL BE                           FOR PRINTOUT)
                                            HANDLED

 NEXT SEEDS:       0       0       0       0       0       0   181CD    3039       0       0
          1               9999999               9999999             2.2482872E-04         1.0000000E+30                 0       
 NEXT SEEDS:     238       0       0       0       0       0   181CD    3039       0       0
     200000               9800000               9800000             2.4473067E-04         1.0000000E+30              7110       
 NEXT SEEDS: A349164       0       0       0       0       0   181CD    3039       0       0
     400000               9600000               9600000             2.4138447E-04         1.0000000E+30             14193       
 NEXT SEEDS:1474AA9A       0       0       0       0       0   181CD    3039       0       0
     600000               9400000               9400000             2.4114872E-04         1.0000000E+30             21088       
 NEXT SEEDS:1EA1140C       0       0       0       0       0   181CD    3039       0       0
     800000               9200000               9200000             2.6501554E-04         1.0000000E+30             28302       
 NEXT SEEDS:28EB43B4       0       0       0       0       0   181CD    3039       0       0
    1000000               9000000               9000000             2.8463865E-04         1.0000000E+30             35460       
 NEXT SEEDS:33322507       0       0       0       0       0   181CD    3039       0       0
    1200000               8800000               8800000             2.9905633E-04         1.0000000E+30             42426       
 NEXT SEEDS: 1C843F1       1       0       0       0       0   181CD    3039       0       0
 COUSET, TXYZ:  0.999999999994273      0.891809953662166      0.452410219311669    
    1400000               8600000               8600000             3.0128412E-04         1.0000000E+30             49567       
 NEXT SEEDS: C16E572       1       0       0       0       0   181CD    3039       0       0
    1600000               8400000               8400000             3.0899872E-04         1.0000000E+30             56546       
 NEXT SEEDS:164F8DAD       1       0       0       0       0   181CD    3039       0       0
    1800000               8200000               8200000             3.2022302E-04         1.0000000E+30             63685       
 NEXT SEEDS:20950FB3       1       0       0       0       0   181CD    3039       0       0
    2000000               8000000               8000000             3.2883213E-04         1.0000000E+30             70775       
 NEXT SEEDS:2AD9A173       1       0       0       0       0   181CD    3039       0       0
    2200000               7800000               7800000             3.3801242E-04         1.0000000E+30             77908       
 NEXT SEEDS:3528C566       1       0       0       0       0   181CD    3039       0       0
    2400000               7600000               7600000             3.4195654E-04         1.0000000E+30             84873       
 NEXT SEEDS: 3C0098F       2       0       0       0       0   181CD    3039       0       0
    2600000               7400000               7400000             3.4677570E-04         1.0000000E+30             92078       
 NEXT SEEDS: E0DE4A9       2       0       0       0       0   181CD    3039       0       0
    2800000               7200000               7200000             3.4967697E-04         1.0000000E+30             99256       
 NEXT SEEDS:1858C0F3       2       0       0       0       0   181CD    3039       0       0
    3000000               7000000               7000000             3.5049524E-04         1.0000000E+30            106311       
 NEXT SEEDS:228D6B74       2       0       0       0       0   181CD    3039       0       0
    3200000               6800000               6800000             3.5139420E-04         1.0000000E+30            113494       
 NEXT SEEDS:2CDDC210       2       0       0       0       0   181CD    3039       0       0
    3400000               6600000               6600000             3.5496467E-04         1.0000000E+30            120684       
 NEXT SEEDS:37345279       2       0       0       0       0   181CD    3039       0       0
    3600000               6400000               6400000             3.5940162E-04         1.0000000E+30            127834       
 NEXT SEEDS: 5E2255F       3       0       0       0       0   181CD    3039       0       0
    3800000               6200000               6200000             3.6575889E-04         1.0000000E+30            134928       
 NEXT SEEDS:1027F1E9       3       0       0       0       0   181CD    3039       0       0
    4000000               6000000               6000000             3.6708682E-04         1.0000000E+30            141916       
 NEXT SEEDS:1A5A612D       3       0       0       0       0   181CD    3039       0       0
    4200000               5800000               5800000             3.6424471E-04         1.0000000E+30            148892       
 NEXT SEEDS:248DDD1A       3       0       0       0       0   181CD    3039       0       0
    4400000               5600000               5600000             3.6033511E-04         1.0000000E+30            156065       
 NEXT SEEDS:2EDA3C18       3       0       0       0       0   181CD    3039       0       0
    4600000               5400000               5400000             3.5742554E-04         1.0000000E+30            163058       
 NEXT SEEDS:391A2D68       3       0       0       0       0   181CD    3039       0       0
    4800000               5200000               5200000             3.6095235E-04         1.0000000E+30            170195       
 NEXT SEEDS: 7CD44F8       4       0       0       0       0   181CD    3039       0       0
    5000000               5000000               5000000             3.6241526E-04         1.0000000E+30            177354       
 NEXT SEEDS:12150601       4       0       0       0       0   181CD    3039       0       0
 COUSET, TXYZ:  0.999999999990388     -0.194210578470938      0.980959862171108    
    5200000               4800000               4800000             3.6061312E-04         1.0000000E+30            184282       
 NEXT SEEDS:1C4CE937       4       0       0       0       0   181CD    3039       0       0
    5400000               4600000               4600000             3.5758414E-04         1.0000000E+30            191327       
 NEXT SEEDS:2682B2FC       4       0       0       0       0   181CD    3039       0       0
    5600000               4400000               4400000             3.5358673E-04         1.0000000E+30            198300       
 NEXT SEEDS:30B411DE       4       0       0       0       0   181CD    3039       0       0
    5800000               4200000               4200000             3.5238182E-04         1.0000000E+30            205341       
 NEXT SEEDS:3AF3C1E3       4       0       0       0       0   181CD    3039       0       0
    6000000               4000000               4000000             3.4919717E-04         1.0000000E+30            212453       
 NEXT SEEDS: 9951D9F       5       0       0       0       0   181CD    3039       0       0
 COUSET, TXYZ:   1.00000000003367     -0.652295081817228      0.757965122089661    
    6200000               3800000               3800000             3.4215818E-04         1.0000000E+30            219477       
 NEXT SEEDS:13CA4847       5       0       0       0       0   181CD    3039       0       0
    6400000               3600000               3600000             3.3821642E-04         1.0000000E+30            226542       
 NEXT SEEDS:1E042241       5       0       0       0       0   181CD    3039       0       0
    6600000               3400000               3400000             3.3833942E-04         1.0000000E+30            233467       
 NEXT SEEDS:283F6D51       5       0       0       0       0   181CD    3039       0       0
    6800000               3200000               3200000             3.3793086E-04         1.0000000E+30            240353       
 NEXT SEEDS:326D98E4       5       0       0       0       0   181CD    3039       0       0
    7000000               3000000               3000000             3.3806458E-04         1.0000000E+30            247428       
 NEXT SEEDS: 1076205       6       0       0       0       0   181CD    3039       0       0
    7200000               2800000               2800000             3.3794144E-04         1.0000000E+30            254570       
 NEXT SEEDS: B4FFFDA       6       0       0       0       0   181CD    3039       0       0
    7400000               2600000               2600000             3.3764178E-04         1.0000000E+30            261448       
 NEXT SEEDS:1570C268       6       0       0       0       0   181CD    3039       0       0
    7600000               2400000               2400000             3.3715488E-04         1.0000000E+30            268451       
 NEXT SEEDS:1FB1DDEB       6       0       0       0       0   181CD    3039       0       0
    7800000               2200000               2200000             3.3707214E-04         1.0000000E+30            275554       
 NEXT SEEDS:29F71DAC       6       0       0       0       0   181CD    3039       0       0
    8000000               2000000               2000000             3.3596810E-04         1.0000000E+30            282802       
 NEXT SEEDS:344C77BA       6       0       0       0       0   181CD    3039       0       0
    8200000               1800000               1800000             3.3570415E-04         1.0000000E+30            289828       
 NEXT SEEDS: 2EA96A5       7       0       0       0       0   181CD    3039       0       0
    8400000               1600000               1600000             3.3573575E-04         1.0000000E+30            296826       
 NEXT SEEDS: D20FD73       7       0       0       0       0   181CD    3039       0       0
    8600000               1400000               1400000             3.3569689E-04         1.0000000E+30            303991       
 NEXT SEEDS:176C5544       7       0       0       0       0   181CD    3039       0       0
    8800000               1200000               1200000             3.3583919E-04         1.0000000E+30            311040       
 NEXT SEEDS:21AF5041       7       0       0       0       0   181CD    3039       0       0
    9000000               1000000               1000000             3.3563166E-04         1.0000000E+30            318209       
 NEXT SEEDS:2C02B1CB       7       0       0       0       0   181CD    3039       0       0
    9200000                800000                800000             3.3319701E-04         1.0000000E+30            325088       
 NEXT SEEDS:36308EC6       7       0       0       0       0   181CD    3039       0       0
    9400000                600000                600000             3.3294952E-04         1.0000000E+30            332189       
 NEXT SEEDS: 4CF9B10       8       0       0       0       0   181CD    3039       0       0
    9600000                400000                400000             3.3364674E-04         1.0000000E+30            339176       
 NEXT SEEDS: F0DF0D7       8       0       0       0       0   181CD    3039       0       0
    9800000                200000                200000             3.3382276E-04         1.0000000E+30            346165       
 NEXT SEEDS:1948A127       8       0       0       0       0   181CD    3039       0       0
    9999950                    50                    50             3.3369909E-04         1.0000000E+30            353154       
 NEXT SEEDS:2382149C       8       0       0       0       0   181CD    3039       0       0
    9999951                    49                    49             3.3369911E-04         1.0000000E+30            353154       
 NEXT SEEDS:2382168F       8       0       0       0       0   181CD    3039       0       0
    9999952                    48                    48             3.3369910E-04         1.0000000E+30            353154       
 NEXT SEEDS:2382183B       8       0       0       0       0   181CD    3039       0       0
    9999953                    47                    47             3.3369909E-04         1.0000000E+30            353154       
 NEXT SEEDS:238219BA       8       0       0       0       0   181CD    3039       0       0
    9999954                    46                    46             3.3369906E-04         1.0000000E+30            353154       
 NEXT SEEDS:23821AFC       8       0       0       0       0   181CD    3039       0       0
    9999955                    45                    45             3.3369905E-04         1.0000000E+30            353154       
 NEXT SEEDS:23821EB0       8       0       0       0       0   181CD    3039       0       0
    9999956                    44                    44             3.3369904E-04         1.0000000E+30            353154       
 NEXT SEEDS:23822139       8       0       0       0       0   181CD    3039       0       0
    9999957                    43                    43             3.3369903E-04         1.0000000E+30            353154       
 NEXT SEEDS:238223FA       8       0       0       0       0   181CD    3039       0       0
    9999958                    42                    42             3.3369900E-04         1.0000000E+30            353154       
 NEXT SEEDS:238225A3       8       0       0       0       0   181CD    3039       0       0
    9999959                    41                    41             3.3369899E-04         1.0000000E+30            353154       
 NEXT SEEDS:238227CA       8       0       0       0       0   181CD    3039       0       0
    9999960                    40                    40             3.3369898E-04         1.0000000E+30            353154       
 NEXT SEEDS:23822B00       8       0       0       0       0   181CD    3039       0       0
    9999961                    39                    39             3.3369897E-04         1.0000000E+30            353154       
 NEXT SEEDS:23822D8A       8       0       0       0       0   181CD    3039       0       0
    9999962                    38                    38             3.3369894E-04         1.0000000E+30            353154       
 NEXT SEEDS:23823036       8       0       0       0       0   181CD    3039       0       0
    9999963                    37                    37             3.3369893E-04         1.0000000E+30            353154       
 NEXT SEEDS:2382318C       8       0       0       0       0   181CD    3039       0       0
    9999964                    36                    36             3.3369890E-04         1.0000000E+30            353154       
 NEXT SEEDS:2382336D       8       0       0       0       0   181CD    3039       0       0
    9999965                    35                    35             3.3369889E-04         1.0000000E+30            353154       
 NEXT SEEDS:23823512       8       0       0       0       0   181CD    3039       0       0
    9999966                    34                    34             3.3369885E-04         1.0000000E+30            353154       
 NEXT SEEDS:23823798       8       0       0       0       0   181CD    3039       0       0
    9999967                    33                    33             3.3369884E-04         1.0000000E+30            353154       
 NEXT SEEDS:2382391E       8       0       0       0       0   181CD    3039       0       0
    9999968                    32                    32             3.3369883E-04         1.0000000E+30            353154       
 NEXT SEEDS:23823B47       8       0       0       0       0   181CD    3039       0       0
    9999969                    31                    31             3.3369880E-04         1.0000000E+30            353154       
 NEXT SEEDS:23823D3B       8       0       0       0       0   181CD    3039       0       0
    9999970                    30                    30             3.3369879E-04         1.0000000E+30            353154       
 NEXT SEEDS:23823F04       8       0       0       0       0   181CD    3039       0       0
    9999971                    29                    29             3.3369876E-04         1.0000000E+30            353154       
 NEXT SEEDS:23824172       8       0       0       0       0   181CD    3039       0       0
    9999972                    28                    28             3.3369875E-04         1.0000000E+30            353154       
 NEXT SEEDS:23824331       8       0       0       0       0   181CD    3039       0       0
    9999973                    27                    27             3.3369872E-04         1.0000000E+30            353154       
 NEXT SEEDS:238244D1       8       0       0       0       0   181CD    3039       0       0
    9999974                    26                    26             3.3369871E-04         1.0000000E+30            353154       
 NEXT SEEDS:23824691       8       0       0       0       0   181CD    3039       0       0
    9999975                    25                    25             3.3369870E-04         1.0000000E+30            353154       
 NEXT SEEDS:238248AD       8       0       0       0       0   181CD    3039       0       0
    9999976                    24                    24             3.3369867E-04         1.0000000E+30            353154       
 NEXT SEEDS:23824C1B       8       0       0       0       0   181CD    3039       0       0
    9999977                    23                    23             3.3369866E-04         1.0000000E+30            353154       
 NEXT SEEDS:23824E50       8       0       0       0       0   181CD    3039       0       0
    9999978                    22                    22             3.3369865E-04         1.0000000E+30            353154       
 NEXT SEEDS:238251B3       8       0       0       0       0   181CD    3039       0       0
    9999979                    21                    21             3.3369861E-04         1.0000000E+30            353154       
 NEXT SEEDS:2382539B       8       0       0       0       0   181CD    3039       0       0
    9999980                    20                    20             3.3369861E-04         1.0000000E+30            353154       
 NEXT SEEDS:23825533       8       0       0       0       0   181CD    3039       0       0
    9999981                    19                    19             3.3369860E-04         1.0000000E+30            353154       
 NEXT SEEDS:2382582C       8       0       0       0       0   181CD    3039       0       0
    9999982                    18                    18             3.3369856E-04         1.0000000E+30            353154       
 NEXT SEEDS:23825AD7       8       0       0       0       0   181CD    3039       0       0
    9999983                    17                    17             3.3369855E-04         1.0000000E+30            353154       
 NEXT SEEDS:23825CD4       8       0       0       0       0   181CD    3039       0       0
    9999984                    16                    16             3.3369852E-04         1.0000000E+30            353154       
 NEXT SEEDS:23825E88       8       0       0       0       0   181CD    3039       0       0
    9999985                    15                    15             3.3369851E-04         1.0000000E+30            353154       
 NEXT SEEDS:23826153       8       0       0       0       0   181CD    3039       0       0
    9999986                    14                    14             3.3369850E-04         1.0000000E+30            353154       
 NEXT SEEDS:238262FB       8       0       0       0       0   181CD    3039       0       0
    9999987                    13                    13             3.3369859E-04         1.0000000E+30            353155       
 NEXT SEEDS:23828FD7       8       0       0       0       0   181CD    3039       0       0
    9999988                    12                    12             3.3369863E-04         1.0000000E+30            353156       
 NEXT SEEDS:23829960       8       0       0       0       0   181CD    3039       0       0
    9999989                    11                    11             3.3369860E-04         1.0000000E+30            353156       
 NEXT SEEDS:23829B95       8       0       0       0       0   181CD    3039       0       0
    9999990                    10                    10             3.3369859E-04         1.0000000E+30            353156       
 NEXT SEEDS:23829E47       8       0       0       0       0   181CD    3039       0       0
    9999991                     9                     9             3.3369858E-04         1.0000000E+30            353156       
 NEXT SEEDS:2382A087       8       0       0       0       0   181CD    3039       0       0
    9999992                     8                     8             3.3369855E-04         1.0000000E+30            353156       
 NEXT SEEDS:2382A299       8       0       0       0       0   181CD    3039       0       0
    9999993                     7                     7             3.3369854E-04         1.0000000E+30            353156       
 NEXT SEEDS:2382A3A8       8       0       0       0       0   181CD    3039       0       0
    9999994                     6                     6             3.3369850E-04         1.0000000E+30            353156       
 NEXT SEEDS:2382A5BF       8       0       0       0       0   181CD    3039       0       0
    9999995                     5                     5             3.3369850E-04         1.0000000E+30            353156       
 NEXT SEEDS:2382A73D       8       0       0       0       0   181CD    3039       0       0
    9999996                     4                     4             3.3369849E-04         1.0000000E+30            353156       
 NEXT SEEDS:2382AA28       8       0       0       0       0   181CD    3039       0       0
    9999997                     3                     3             3.3369845E-04         1.0000000E+30            353156       
 NEXT SEEDS:2382AC04       8       0       0       0       0   181CD    3039       0       0
    9999998                     2                     2             3.3369844E-04         1.0000000E+30            353156       
 NEXT SEEDS:2382ADAB       8       0       0       0       0   181CD    3039       0       0
    9999999                     1                     1             3.3369841E-04         1.0000000E+30            353156       
 NEXT SEEDS:2382B00E       8       0       0       0       0   181CD    3039       0       0
   10000000                     0                     1             3.3369840E-04         1.0000000E+30            353156       
 NEXT SEEDS:2382B26B       8       0       0       0       0   181CD    3039       0       0
