1NUMBER OF BEAM       NUMBER OF BEAM        APPROXIMATE NUMBER    AVERAGE TIME USED     TIME LEFT (RESERVED   NUMBER OF STARS
 PARTICLES HANDLED    PARTICLES LEFT        OF BEAM PARTICLES     BY A BEAM PARTICLE     10000.0 SECONDS      CREATED
                                            THAT CAN STILL BE                           FOR PRINTOUT)
                                            HANDLED

 NEXT SEEDS:       0       0       0       0       0       0   181CD    3039       0       0
          1               9999999               9999999             2.1982193E-04         1.0000000E+30                 0       
 NEXT SEEDS:     3A3       0       0       0       0       0   181CD    3039       0       0
     200000               9800000               9800000             3.1451937E-04         1.0000000E+30              5952       
 NEXT SEEDS: C598B50       0       0       0       0       0   181CD    3039       0       0
     400000               9600000               9600000             3.4495200E-04         1.0000000E+30             11917       
 NEXT SEEDS:18AE95BD       0       0       0       0       0   181CD    3039       0       0
     600000               9400000               9400000             3.6520116E-04         1.0000000E+30             17839       
 NEXT SEEDS:25017F4A       0       0       0       0       0   181CD    3039       0       0
     800000               9200000               9200000             3.7189010E-04         1.0000000E+30             23843       
 NEXT SEEDS:3165B47D       0       0       0       0       0   181CD    3039       0       0
    1000000               9000000               9000000             3.7596978E-04         1.0000000E+30             29883       
 NEXT SEEDS: 2285B76       1       0       0       0       0   181CD    3039       0       0
    1200000               8800000               8800000             3.8144068E-04         1.0000000E+30             35896       
 NEXT SEEDS: E96396E       1       0       0       0       0   181CD    3039       0       0
    1400000               8600000               8600000             3.8677233E-04         1.0000000E+30             41897       
 NEXT SEEDS:1AFC3D59       1       0       0       0       0   181CD    3039       0       0
    1600000               8400000               8400000             3.8780529E-04         1.0000000E+30             47827       
 NEXT SEEDS:2759A62D       1       0       0       0       0   181CD    3039       0       0
    1800000               8200000               8200000             3.9141188E-04         1.0000000E+30             53823       
 NEXT SEEDS:33BB0379       1       0       0       0       0   181CD    3039       0       0
    2000000               8000000               8000000             3.9338687E-04         1.0000000E+30             59794       
 NEXT SEEDS: 47D385A       2       0       0       0       0   181CD    3039       0       0
    2200000               7800000               7800000             3.9196727E-04         1.0000000E+30             65777       
 NEXT SEEDS:10DB5904       2       0       0       0       0   181CD    3039       0       0
    2400000               7600000               7600000             3.9406820E-04         1.0000000E+30             71802       
 NEXT SEEDS:1D393CC4       2       0       0       0       0   181CD    3039       0       0
    2600000               7400000               7400000             3.9550924E-04         1.0000000E+30             77823       
 NEXT SEEDS:2995C288       2       0       0       0       0   181CD    3039       0       0
    2800000               7200000               7200000             3.9224110E-04         1.0000000E+30             83723       
 NEXT SEEDS:35E24BDD       2       0       0       0       0   181CD    3039       0       0
    3000000               7000000               7000000             3.8893536E-04         1.0000000E+30             89655       
 NEXT SEEDS: 69FA2A9       3       0       0       0       0   181CD    3039       0       0
    3200000               6800000               6800000             3.8132089E-04         1.0000000E+30             95750       
 NEXT SEEDS:1310207D       3       0       0       0       0   181CD    3039       0       0
    3400000               6600000               6600000             3.7834087E-04         1.0000000E+30            101642       
 NEXT SEEDS:1F69C385       3       0       0       0       0   181CD    3039       0       0
    3600000               6400000               6400000             3.7684511E-04         1.0000000E+30            107467       
 NEXT SEEDS:2BB3B29E       3       0       0       0       0   181CD    3039       0       0
    3800000               6200000               6200000             3.7541114E-04         1.0000000E+30            113354       
 NEXT SEEDS:380B571E       3       0       0       0       0   181CD    3039       0       0
    4000000               6000000               6000000             3.7439842E-04         1.0000000E+30            119361       
 NEXT SEEDS: 8D15D61       4       0       0       0       0   181CD    3039       0       0
    4200000               5800000               5800000             3.7645657E-04         1.0000000E+30            125271       
 NEXT SEEDS:15261765       4       0       0       0       0   181CD    3039       0       0
    4400000               5600000               5600000             3.7841790E-04         1.0000000E+30            131295       
 NEXT SEEDS:217F6581       4       0       0       0       0   181CD    3039       0       0
    4600000               5400000               5400000             3.7714837E-04         1.0000000E+30            137238       
 NEXT SEEDS:2DCDEDFC       4       0       0       0       0   181CD    3039       0       0
    4800000               5200000               5200000             3.7313587E-04         1.0000000E+30            143099       
 NEXT SEEDS:3A2FC626       4       0       0       0       0   181CD    3039       0       0
    5000000               5000000               5000000             3.6907028E-04         1.0000000E+30            149005       
 NEXT SEEDS: AEEF526       5       0       0       0       0   181CD    3039       0       0
    5200000               4800000               4800000             3.6443379E-04         1.0000000E+30            154973       
 NEXT SEEDS:174FC7F5       5       0       0       0       0   181CD    3039       0       0
    5400000               4600000               4600000             3.6131717E-04         1.0000000E+30            160779       
 NEXT SEEDS:239F7E50       5       0       0       0       0   181CD    3039       0       0
    5600000               4400000               4400000             3.5789175E-04         1.0000000E+30            166746       
 NEXT SEEDS:30004D80       5       0       0       0       0   181CD    3039       0       0
    5800000               4200000               4200000             3.5410848E-04         1.0000000E+30            172806       
 NEXT SEEDS:  C95B89       6       0       0       0       0   181CD    3039       0       0
    6000000               4000000               4000000             3.5183489E-04         1.0000000E+30            178629       
 NEXT SEEDS: D18E70A       6       0       0       0       0   181CD    3039       0       0
    6200000               3800000               3800000             3.5347106E-04         1.0000000E+30            184389       
 NEXT SEEDS:195F8352       6       0       0       0       0   181CD    3039       0       0
    6400000               3600000               3600000             3.5520299E-04         1.0000000E+30            190367       
 NEXT SEEDS:25C2DF62       6       0       0       0       0   181CD    3039       0       0
    6600000               3400000               3400000             3.5735441E-04         1.0000000E+30            196336       
 NEXT SEEDS:3219B626       6       0       0       0       0   181CD    3039       0       0
    6800000               3200000               3200000             3.5483274E-04         1.0000000E+30            202260       
 NEXT SEEDS: 2D1FBDC       7       0       0       0       0   181CD    3039       0       0
    7000000               3000000               3000000             3.5593179E-04         1.0000000E+30            208240       
 NEXT SEEDS: F3A72F9       7       0       0       0       0   181CD    3039       0       0
    7200000               2800000               2800000             3.5778375E-04         1.0000000E+30            214144       
 NEXT SEEDS:1B94E533       7       0       0       0       0   181CD    3039       0       0
    7400000               2600000               2600000             3.5957834E-04         1.0000000E+30            220119       
 NEXT SEEDS:27F79998       7       0       0       0       0   181CD    3039       0       0
    7600000               2400000               2400000             3.6081569E-04         1.0000000E+30            225920       
 NEXT SEEDS:34497D63       7       0       0       0       0   181CD    3039       0       0
 COUSET, TXYZ:  0.999999999992521     -0.965973983736163     -0.258639252105959    
    7800000               2200000               2200000             3.6237434E-04         1.0000000E+30            231730       
 NEXT SEEDS: 4F99DF2       8       0       0       0       0   181CD    3039       0       0
    8000000               2000000               2000000             3.6349357E-04         1.0000000E+30            237656       
 NEXT SEEDS:11576C90       8       0       0       0       0   181CD    3039       0       0
    8200000               1800000               1800000             3.6442133E-04         1.0000000E+30            243575       
 NEXT SEEDS:1DABC64F       8       0       0       0       0   181CD    3039       0       0
    8400000               1600000               1600000             3.6492412E-04         1.0000000E+30            249619       
 NEXT SEEDS:2A170148       8       0       0       0       0   181CD    3039       0       0
    8600000               1400000               1400000             3.6257064E-04         1.0000000E+30            255507       
 NEXT SEEDS:366D31A7       8       0       0       0       0   181CD    3039       0       0
    8800000               1200000               1200000             3.6180615E-04         1.0000000E+30            261455       
 NEXT SEEDS: 721D391       9       0       0       0       0   181CD    3039       0       0
    9000000               1000000               1000000             3.6182265E-04         1.0000000E+30            267296       
 NEXT SEEDS:13727FA5       9       0       0       0       0   181CD    3039       0       0
    9200000                800000                800000             3.5972973E-04         1.0000000E+30            273293       
 NEXT SEEDS:1FD6A6A5       9       0       0       0       0   181CD    3039       0       0
    9400000                600000                600000             3.5808368E-04         1.0000000E+30            279294       
 NEXT SEEDS:2C483794       9       0       0       0       0   181CD    3039       0       0
    9600000                400000                400000             3.5579212E-04         1.0000000E+30            285203       
 NEXT SEEDS:38AA1CBC       9       0       0       0       0   181CD    3039       0       0
    9800000                200000                200000             3.5405017E-04         1.0000000E+30            291231       
 NEXT SEEDS: 96E507F       A       0       0       0       0   181CD    3039       0       0
    9999950                    50                    50             3.5264972E-04         1.0000000E+30            297272       
 NEXT SEEDS:15D01EF8       A       0       0       0       0   181CD    3039       0       0
    9999951                    49                    49             3.5264973E-04         1.0000000E+30            297272       
 NEXT SEEDS:15D022B7       A       0       0       0       0   181CD    3039       0       0
    9999952                    48                    48             3.5264970E-04         1.0000000E+30            297272       
 NEXT SEEDS:15D025CF       A       0       0       0       0   181CD    3039       0       0
    9999953                    47                    47             3.5264969E-04         1.0000000E+30            297272       
 NEXT SEEDS:15D028DB       A       0       0       0       0   181CD    3039       0       0
    9999954                    46                    46             3.5264967E-04         1.0000000E+30            297272       
 NEXT SEEDS:15D02C55       A       0       0       0       0   181CD    3039       0       0
    9999955                    45                    45             3.5264964E-04         1.0000000E+30            297272       
 NEXT SEEDS:15D02DCB       A       0       0       0       0   181CD    3039       0       0
    9999956                    44                    44             3.5264963E-04         1.0000000E+30            297272       
 NEXT SEEDS:15D03015       A       0       0       0       0   181CD    3039       0       0
    9999957                    43                    43             3.5264962E-04         1.0000000E+30            297272       
 NEXT SEEDS:15D03375       A       0       0       0       0   181CD    3039       0       0
    9999958                    42                    42             3.5264961E-04         1.0000000E+30            297272       
 NEXT SEEDS:15D0396E       A       0       0       0       0   181CD    3039       0       0
    9999959                    41                    41             3.5264960E-04         1.0000000E+30            297272       
 NEXT SEEDS:15D03EB0       A       0       0       0       0   181CD    3039       0       0
    9999960                    40                    40             3.5264956E-04         1.0000000E+30            297272       
 NEXT SEEDS:15D041D5       A       0       0       0       0   181CD    3039       0       0
    9999961                    39                    39             3.5264955E-04         1.0000000E+30            297272       
 NEXT SEEDS:15D04552       A       0       0       0       0   181CD    3039       0       0
    9999962                    38                    38             3.5264961E-04         1.0000000E+30            297273       
 NEXT SEEDS:15D06366       A       0       0       0       0   181CD    3039       0       0
    9999963                    37                    37             3.5264960E-04         1.0000000E+30            297273       
 NEXT SEEDS:15D066F1       A       0       0       0       0   181CD    3039       0       0
    9999964                    36                    36             3.5264971E-04         1.0000000E+30            297274       
 NEXT SEEDS:15D09374       A       0       0       0       0   181CD    3039       0       0
    9999965                    35                    35             3.5264970E-04         1.0000000E+30            297274       
 NEXT SEEDS:15D09601       A       0       0       0       0   181CD    3039       0       0
    9999966                    34                    34             3.5264969E-04         1.0000000E+30            297274       
 NEXT SEEDS:15D097FE       A       0       0       0       0   181CD    3039       0       0
    9999967                    33                    33             3.5264966E-04         1.0000000E+30            297274       
 NEXT SEEDS:15D09AC5       A       0       0       0       0   181CD    3039       0       0
    9999968                    32                    32             3.5264972E-04         1.0000000E+30            297275       
 NEXT SEEDS:15D0BA12       A       0       0       0       0   181CD    3039       0       0
    9999969                    31                    31             3.5264971E-04         1.0000000E+30            297275       
 NEXT SEEDS:15D0BC3E       A       0       0       0       0   181CD    3039       0       0
    9999970                    30                    30             3.5264970E-04         1.0000000E+30            297275       
 NEXT SEEDS:15D0BF0B       A       0       0       0       0   181CD    3039       0       0
    9999971                    29                    29             3.5264966E-04         1.0000000E+30            297275       
 NEXT SEEDS:15D0C1E7       A       0       0       0       0   181CD    3039       0       0
    9999972                    28                    28             3.5264965E-04         1.0000000E+30            297275       
 NEXT SEEDS:15D0C48C       A       0       0       0       0   181CD    3039       0       0
    9999973                    27                    27             3.5264964E-04         1.0000000E+30            297275       
 NEXT SEEDS:15D0C764       A       0       0       0       0   181CD    3039       0       0
    9999974                    26                    26             3.5264960E-04         1.0000000E+30            297275       
 NEXT SEEDS:15D0CB03       A       0       0       0       0   181CD    3039       0       0
    9999975                    25                    25             3.5264959E-04         1.0000000E+30            297275       
 NEXT SEEDS:15D0CF46       A       0       0       0       0   181CD    3039       0       0
    9999976                    24                    24             3.5264958E-04         1.0000000E+30            297275       
 NEXT SEEDS:15D0D1C8       A       0       0       0       0   181CD    3039       0       0
    9999977                    23                    23             3.5264957E-04         1.0000000E+30            297275       
 NEXT SEEDS:15D0D3C6       A       0       0       0       0   181CD    3039       0       0
    9999978                    22                    22             3.5264959E-04         1.0000000E+30            297276       
 NEXT SEEDS:15D0E291       A       0       0       0       0   181CD    3039       0       0
    9999979                    21                    21             3.5264957E-04         1.0000000E+30            297276       
 NEXT SEEDS:15D0E78A       A       0       0       0       0   181CD    3039       0       0
    9999980                    20                    20             3.5264954E-04         1.0000000E+30            297276       
 NEXT SEEDS:15D0EC29       A       0       0       0       0   181CD    3039       0       0
    9999981                    19                    19             3.5264953E-04         1.0000000E+30            297276       
 NEXT SEEDS:15D0EF6E       A       0       0       0       0   181CD    3039       0       0
    9999982                    18                    18             3.5264952E-04         1.0000000E+30            297276       
 NEXT SEEDS:15D0F520       A       0       0       0       0   181CD    3039       0       0
    9999983                    17                    17             3.5264951E-04         1.0000000E+30            297276       
 NEXT SEEDS:15D0F964       A       0       0       0       0   181CD    3039       0       0
    9999984                    16                    16             3.5264950E-04         1.0000000E+30            297276       
 NEXT SEEDS:15D0FD9D       A       0       0       0       0   181CD    3039       0       0
    9999985                    15                    15             3.5264946E-04         1.0000000E+30            297276       
 NEXT SEEDS:15D0FF45       A       0       0       0       0   181CD    3039       0       0
    9999986                    14                    14             3.5264945E-04         1.0000000E+30            297276       
 NEXT SEEDS:15D101D0       A       0       0       0       0   181CD    3039       0       0
    9999987                    13                    13             3.5264944E-04         1.0000000E+30            297276       
 NEXT SEEDS:15D1067A       A       0       0       0       0   181CD    3039       0       0
    9999988                    12                    12             3.5264943E-04         1.0000000E+30            297276       
 NEXT SEEDS:15D10981       A       0       0       0       0   181CD    3039       0       0
    9999989                    11                    11             3.5264939E-04         1.0000000E+30            297276       
 NEXT SEEDS:15D10BE4       A       0       0       0       0   181CD    3039       0       0
    9999990                    10                    10             3.5264938E-04         1.0000000E+30            297276       
 NEXT SEEDS:15D10F62       A       0       0       0       0   181CD    3039       0       0
    9999991                     9                     9             3.5264937E-04         1.0000000E+30            297276       
 NEXT SEEDS:15D11255       A       0       0       0       0   181CD    3039       0       0
    9999992                     8                     8             3.5264936E-04         1.0000000E+30            297276       
 NEXT SEEDS:15D116AC       A       0       0       0       0   181CD    3039       0       0
    9999993                     7                     7             3.5264932E-04         1.0000000E+30            297276       
 NEXT SEEDS:15D118FB       A       0       0       0       0   181CD    3039       0       0
    9999994                     6                     6             3.5264931E-04         1.0000000E+30            297276       
 NEXT SEEDS:15D11CA8       A       0       0       0       0   181CD    3039       0       0
    9999995                     5                     5             3.5264930E-04         1.0000000E+30            297276       
 NEXT SEEDS:15D11F89       A       0       0       0       0   181CD    3039       0       0
    9999996                     4                     4             3.5264927E-04         1.0000000E+30            297276       
 NEXT SEEDS:15D12326       A       0       0       0       0   181CD    3039       0       0
    9999997                     3                     3             3.5264926E-04         1.0000000E+30            297276       
 NEXT SEEDS:15D1263A       A       0       0       0       0   181CD    3039       0       0
    9999998                     2                     2             3.5264925E-04         1.0000000E+30            297276       
 NEXT SEEDS:15D12BF6       A       0       0       0       0   181CD    3039       0       0
    9999999                     1                     1             3.5264924E-04         1.0000000E+30            297276       
 NEXT SEEDS:15D12DAC       A       0       0       0       0   181CD    3039       0       0
   10000000                     0                     1             3.5264922E-04         1.0000000E+30            297276       
 NEXT SEEDS:15D13194       A       0       0       0       0   181CD    3039       0       0
