1NUMBER OF BEAM       NUMBER OF BEAM        APPROXIMATE NUMBER    AVERAGE TIME USED     TIME LEFT (RESERVED   NUMBER OF STARS
 PARTICLES HANDLED    PARTICLES LEFT        OF BEAM PARTICLES     BY A BEAM PARTICLE     10000.0 SECONDS      CREATED
                                            THAT CAN STILL BE                           FOR PRINTOUT)
                                            HANDLED

 NEXT SEEDS:       0       0       0       0       0       0   181CD    3039       0       0
          1              49999999              49999999             2.3078918E-04         1.0000000E+30                 0       
 NEXT SEEDS:     242       0       0       0       0       0   181CD    3039       0       0
    1000000              49000000              49000000             1.5774375E-04         1.0000000E+30             12903       
 NEXT SEEDS:25AF5B6E       0       0       0       0       0   181CD    3039       0       0
 COUSET, TXYZ:  0.999999999909010      0.550697656675664      0.834704792576365    
    2000000              48000000              48000000             1.5775457E-04         1.0000000E+30             25795       
 NEXT SEEDS: FBD5EE1       1       0       0       0       0   181CD    3039       0       0
    3000000              47000000              47000000             1.5778261E-04         1.0000000E+30             38819       
 NEXT SEEDS:35697F21       1       0       0       0       0   181CD    3039       0       0
    4000000              46000000              46000000             1.5773880E-04         1.0000000E+30             51485       
 NEXT SEEDS:1F664A55       2       0       0       0       0   181CD    3039       0       0
    5000000              45000000              45000000             1.5780267E-04         1.0000000E+30             64432       
 NEXT SEEDS: 986A892       3       0       0       0       0   181CD    3039       0       0
    6000000              44000000              44000000             1.5777619E-04         1.0000000E+30             77260       
 NEXT SEEDS:2F19F592       3       0       0       0       0   181CD    3039       0       0
    7000000              43000000              43000000             1.5781898E-04         1.0000000E+30             90131       
 NEXT SEEDS:1924D80D       4       0       0       0       0   181CD    3039       0       0
    8000000              42000000              42000000             1.5785491E-04         1.0000000E+30            102924       
 NEXT SEEDS: 3333840       5       0       0       0       0   181CD    3039       0       0
    9000000              41000000              41000000             1.5785225E-04         1.0000000E+30            115898       
 NEXT SEEDS:28D7F7A6       5       0       0       0       0   181CD    3039       0       0
   10000000              40000000              40000000             1.5785594E-04         1.0000000E+30            128823       
 NEXT SEEDS:12E30B8B       6       0       0       0       0   181CD    3039       0       0
 COUSET, TXYZ:  0.999999999994146     -0.519053640411374      0.854741667618932    
   11000000              39000000              39000000             1.5794169E-04         1.0000000E+30            141738       
 NEXT SEEDS:389A8ABD       6       0       0       0       0   181CD    3039       0       0
   12000000              38000000              38000000             1.5790004E-04         1.0000000E+30            154590       
 NEXT SEEDS:229A523E       7       0       0       0       0   181CD    3039       0       0
   13000000              37000000              37000000             1.5787887E-04         1.0000000E+30            167363       
 NEXT SEEDS: C9B0B1E       8       0       0       0       0   181CD    3039       0       0
 COUSET, TXYZ:  0.999999989583395     -0.531708875704572      0.846927181441103    
 COUSET, TXYZ:   1.00000000001166     -0.131322242502642      0.991339734222024    
   14000000              36000000              36000000             1.5807157E-04         1.0000000E+30            180370       
 NEXT SEEDS:32658B1A       8       0       0       0       0   181CD    3039       0       0
   15000000              35000000              35000000             1.5805533E-04         1.0000000E+30            193293       
 NEXT SEEDS:1C7AD00B       9       0       0       0       0   181CD    3039       0       0
   16000000              34000000              34000000             1.5803481E-04         1.0000000E+30            206118       
 NEXT SEEDS: 6834334       A       0       0       0       0   181CD    3039       0       0
   17000000              33000000              33000000             1.5802624E-04         1.0000000E+30            219005       
 NEXT SEEDS:2C30E1D3       A       0       0       0       0   181CD    3039       0       0
   18000000              32000000              32000000             1.5803152E-04         1.0000000E+30            231976       
 NEXT SEEDS:165C5943       B       0       0       0       0   181CD    3039       0       0
   19000000              31000000              31000000             1.5803115E-04         1.0000000E+30            244810       
 NEXT SEEDS:  676E27       C       0       0       0       0   181CD    3039       0       0
   20000000              30000000              30000000             1.5803557E-04         1.0000000E+30            257725       
 NEXT SEEDS:26149FCD       C       0       0       0       0   181CD    3039       0       0
   21000000              29000000              29000000             1.5806070E-04         1.0000000E+30            270731       
 NEXT SEEDS:104D1843       D       0       0       0       0   181CD    3039       0       0
   22000000              28000000              28000000             1.5806260E-04         1.0000000E+30            283724       
 NEXT SEEDS:3601F63D       D       0       0       0       0   181CD    3039       0       0
 COUSET, TXYZ:   1.00000000001419      6.836842603368312E-02  0.997660141706613    
   23000000              27000000              27000000             1.5806301E-04         1.0000000E+30            296631       
 NEXT SEEDS:2028326E       E       0       0       0       0   181CD    3039       0       0
   24000000              26000000              26000000             1.5805925E-04         1.0000000E+30            309517       
 NEXT SEEDS: A3B7797       F       0       0       0       0   181CD    3039       0       0
   25000000              25000000              25000000             1.5804794E-04         1.0000000E+30            322268       
 NEXT SEEDS:2FDC7816       F       0       0       0       0   181CD    3039       0       0
   26000000              24000000              24000000             1.5803826E-04         1.0000000E+30            335100       
 NEXT SEEDS:19F185C4      10       0       0       0       0   181CD    3039       0       0
   27000000              23000000              23000000             1.5802230E-04         1.0000000E+30            347755       
 NEXT SEEDS: 3F8F335      11       0       0       0       0   181CD    3039       0       0
   28000000              22000000              22000000             1.5802900E-04         1.0000000E+30            360801       
 NEXT SEEDS:29B6F05B      11       0       0       0       0   181CD    3039       0       0
   29000000              21000000              21000000             1.5801078E-04         1.0000000E+30            373456       
 NEXT SEEDS:13B5CAFA      12       0       0       0       0   181CD    3039       0       0
   30000000              20000000              20000000             1.5801138E-04         1.0000000E+30            386496       
 NEXT SEEDS:39668572      12       0       0       0       0   181CD    3039       0       0
   31000000              19000000              19000000             1.5805277E-04         1.0000000E+30            399348       
 NEXT SEEDS:238CE6A7      13       0       0       0       0   181CD    3039       0       0
   32000000              18000000              18000000             1.5804030E-04         1.0000000E+30            412167       
 NEXT SEEDS: D913DB0      14       0       0       0       0   181CD    3039       0       0
   33000000              17000000              17000000             1.5802376E-04         1.0000000E+30            425035       
 NEXT SEEDS:33234E4F      14       0       0       0       0   181CD    3039       0       0
   34000000              16000000              16000000             1.5802453E-04         1.0000000E+30            438138       
 NEXT SEEDS:1D3A57B8      15       0       0       0       0   181CD    3039       0       0
   35000000              15000000              15000000             1.5801709E-04         1.0000000E+30            450931       
 NEXT SEEDS: 74ADC05      16       0       0       0       0   181CD    3039       0       0
   36000000              14000000              14000000             1.5801545E-04         1.0000000E+30            463910       
 NEXT SEEDS:2D041086      16       0       0       0       0   181CD    3039       0       0
   37000000              13000000              13000000             1.5800713E-04         1.0000000E+30            476849       
 NEXT SEEDS:170F937F      17       0       0       0       0   181CD    3039       0       0
   38000000              12000000              12000000             1.5800573E-04         1.0000000E+30            489789       
 NEXT SEEDS: 13E9671      18       0       0       0       0   181CD    3039       0       0
   39000000              11000000              11000000             1.5800447E-04         1.0000000E+30            502580       
 NEXT SEEDS:26DE329E      18       0       0       0       0   181CD    3039       0       0
   40000000              10000000              10000000             1.5800145E-04         1.0000000E+30            515396       
 NEXT SEEDS:10E2B1CD      19       0       0       0       0   181CD    3039       0       0
   41000000               9000000               9000000             1.5799704E-04         1.0000000E+30            528394       
 NEXT SEEDS:368480B1      19       0       0       0       0   181CD    3039       0       0
   42000000               8000000               8000000             1.5799879E-04         1.0000000E+30            541300       
 NEXT SEEDS:20A85D44      1A       0       0       0       0   181CD    3039       0       0
   43000000               7000000               7000000             1.5800191E-04         1.0000000E+30            554070       
 NEXT SEEDS: AD8D244      1B       0       0       0       0   181CD    3039       0       0
   44000000               6000000               6000000             1.5800668E-04         1.0000000E+30            567066       
 NEXT SEEDS:30AA44AE      1B       0       0       0       0   181CD    3039       0       0
   45000000               5000000               5000000             1.5800223E-04         1.0000000E+30            579864       
 NEXT SEEDS:1AB63E4E      1C       0       0       0       0   181CD    3039       0       0
   46000000               4000000               4000000             1.5799803E-04         1.0000000E+30            592802       
 NEXT SEEDS: 4C1D921      1D       0       0       0       0   181CD    3039       0       0
   47000000               3000000               3000000             1.5798683E-04         1.0000000E+30            605624       
 NEXT SEEDS:2A56456F      1D       0       0       0       0   181CD    3039       0       0
   48000000               2000000               2000000             1.5798552E-04         1.0000000E+30            618480       
 NEXT SEEDS:14608805      1E       0       0       0       0   181CD    3039       0       0
   49000000               1000000               1000000             1.5797997E-04         1.0000000E+30            631381       
 NEXT SEEDS:39FE16F0      1E       0       0       0       0   181CD    3039       0       0
   49999950                    50                    50             1.5797404E-04         1.0000000E+30            644141       
 NEXT SEEDS:23F8AE0B      1F       0       0       0       0   181CD    3039       0       0
   49999951                    49                    49             1.5797404E-04         1.0000000E+30            644141       
 NEXT SEEDS:23F8AF7E      1F       0       0       0       0   181CD    3039       0       0
   49999952                    48                    48             1.5797404E-04         1.0000000E+30            644141       
 NEXT SEEDS:23F8B06A      1F       0       0       0       0   181CD    3039       0       0
   49999953                    47                    47             1.5797405E-04         1.0000000E+30            644141       
 NEXT SEEDS:23F8B183      1F       0       0       0       0   181CD    3039       0       0
   49999954                    46                    46             1.5797404E-04         1.0000000E+30            644141       
 NEXT SEEDS:23F8B266      1F       0       0       0       0   181CD    3039       0       0
   49999955                    45                    45             1.5797405E-04         1.0000000E+30            644141       
 NEXT SEEDS:23F8B474      1F       0       0       0       0   181CD    3039       0       0
   49999956                    44                    44             1.5797406E-04         1.0000000E+30            644141       
 NEXT SEEDS:23F8B54D      1F       0       0       0       0   181CD    3039       0       0
   49999957                    43                    43             1.5797405E-04         1.0000000E+30            644141       
 NEXT SEEDS:23F8B95F      1F       0       0       0       0   181CD    3039       0       0
   49999958                    42                    42             1.5797406E-04         1.0000000E+30            644141       
 NEXT SEEDS:23F8BB77      1F       0       0       0       0   181CD    3039       0       0
   49999959                    41                    41             1.5797406E-04         1.0000000E+30            644141       
 NEXT SEEDS:23F8BC9F      1F       0       0       0       0   181CD    3039       0       0
   49999960                    40                    40             1.5797406E-04         1.0000000E+30            644141       
 NEXT SEEDS:23F8BED0      1F       0       0       0       0   181CD    3039       0       0
   49999961                    39                    39             1.5797406E-04         1.0000000E+30            644141       
 NEXT SEEDS:23F8BFB3      1F       0       0       0       0   181CD    3039       0       0
   49999962                    38                    38             1.5797407E-04         1.0000000E+30            644141       
 NEXT SEEDS:23F8C434      1F       0       0       0       0   181CD    3039       0       0
   49999963                    37                    37             1.5797407E-04         1.0000000E+30            644141       
 NEXT SEEDS:23F8C812      1F       0       0       0       0   181CD    3039       0       0
   49999964                    36                    36             1.5797408E-04         1.0000000E+30            644141       
 NEXT SEEDS:23F8CA36      1F       0       0       0       0   181CD    3039       0       0
   49999965                    35                    35             1.5797408E-04         1.0000000E+30            644141       
 NEXT SEEDS:23F8CD68      1F       0       0       0       0   181CD    3039       0       0
   49999966                    34                    34             1.5797408E-04         1.0000000E+30            644141       
 NEXT SEEDS:23F8CDF0      1F       0       0       0       0   181CD    3039       0       0
   49999967                    33                    33             1.5797408E-04         1.0000000E+30            644141       
 NEXT SEEDS:23F8CEB7      1F       0       0       0       0   181CD    3039       0       0
   49999968                    32                    32             1.5797409E-04         1.0000000E+30            644141       
 NEXT SEEDS:23F8D018      1F       0       0       0       0   181CD    3039       0       0
   49999969                    31                    31             1.5797408E-04         1.0000000E+30            644141       
 NEXT SEEDS:23F8D0D7      1F       0       0       0       0   181CD    3039       0       0
   49999970                    30                    30             1.5797409E-04         1.0000000E+30            644141       
 NEXT SEEDS:23F8D2F7      1F       0       0       0       0   181CD    3039       0       0
   49999971                    29                    29             1.5797410E-04         1.0000000E+30            644141       
 NEXT SEEDS:23F8D6D5      1F       0       0       0       0   181CD    3039       0       0
   49999972                    28                    28             1.5797409E-04         1.0000000E+30            644141       
 NEXT SEEDS:23F8D7EA      1F       0       0       0       0   181CD    3039       0       0
   49999973                    27                    27             1.5797410E-04         1.0000000E+30            644141       
 NEXT SEEDS:23F8D8F6      1F       0       0       0       0   181CD    3039       0       0
   49999974                    26                    26             1.5797410E-04         1.0000000E+30            644141       
 NEXT SEEDS:23F8DA4D      1F       0       0       0       0   181CD    3039       0       0
   49999975                    25                    25             1.5797410E-04         1.0000000E+30            644141       
 NEXT SEEDS:23F8DB4B      1F       0       0       0       0   181CD    3039       0       0
   49999976                    24                    24             1.5797410E-04         1.0000000E+30            644141       
 NEXT SEEDS:23F8DEE8      1F       0       0       0       0   181CD    3039       0       0
   49999977                    23                    23             1.5797411E-04         1.0000000E+30            644141       
 NEXT SEEDS:23F8E150      1F       0       0       0       0   181CD    3039       0       0
   49999978                    22                    22             1.5797410E-04         1.0000000E+30            644141       
 NEXT SEEDS:23F8E367      1F       0       0       0       0   181CD    3039       0       0
   49999979                    21                    21             1.5797411E-04         1.0000000E+30            644141       
 NEXT SEEDS:23F8E563      1F       0       0       0       0   181CD    3039       0       0
   49999980                    20                    20             1.5797412E-04         1.0000000E+30            644141       
 NEXT SEEDS:23F8E741      1F       0       0       0       0   181CD    3039       0       0
   49999981                    19                    19             1.5797411E-04         1.0000000E+30            644141       
 NEXT SEEDS:23F8E9E1      1F       0       0       0       0   181CD    3039       0       0
   49999982                    18                    18             1.5797412E-04         1.0000000E+30            644141       
 NEXT SEEDS:23F8EB9F      1F       0       0       0       0   181CD    3039       0       0
   49999983                    17                    17             1.5797413E-04         1.0000000E+30            644141       
 NEXT SEEDS:23F8EF65      1F       0       0       0       0   181CD    3039       0       0
   49999984                    16                    16             1.5797412E-04         1.0000000E+30            644141       
 NEXT SEEDS:23F8F350      1F       0       0       0       0   181CD    3039       0       0
   49999985                    15                    15             1.5797413E-04         1.0000000E+30            644141       
 NEXT SEEDS:23F8F560      1F       0       0       0       0   181CD    3039       0       0
   49999986                    14                    14             1.5797414E-04         1.0000000E+30            644141       
 NEXT SEEDS:23F8F758      1F       0       0       0       0   181CD    3039       0       0
   49999987                    13                    13             1.5797413E-04         1.0000000E+30            644141       
 NEXT SEEDS:23F8F804      1F       0       0       0       0   181CD    3039       0       0
   49999988                    12                    12             1.5797414E-04         1.0000000E+30            644141       
 NEXT SEEDS:23F8FA0B      1F       0       0       0       0   181CD    3039       0       0
   49999989                    11                    11             1.5797414E-04         1.0000000E+30            644141       
 NEXT SEEDS:23F8FBDA      1F       0       0       0       0   181CD    3039       0       0
   49999990                    10                    10             1.5797414E-04         1.0000000E+30            644141       
 NEXT SEEDS:23F8FE06      1F       0       0       0       0   181CD    3039       0       0
   49999991                     9                     9             1.5797414E-04         1.0000000E+30            644141       
 NEXT SEEDS:23F8FFCA      1F       0       0       0       0   181CD    3039       0       0
   49999992                     8                     8             1.5797415E-04         1.0000000E+30            644141       
 NEXT SEEDS:23F90458      1F       0       0       0       0   181CD    3039       0       0
   49999993                     7                     7             1.5797415E-04         1.0000000E+30            644141       
 NEXT SEEDS:23F90571      1F       0       0       0       0   181CD    3039       0       0
   49999994                     6                     6             1.5797415E-04         1.0000000E+30            644141       
 NEXT SEEDS:23F908A1      1F       0       0       0       0   181CD    3039       0       0
   49999995                     5                     5             1.5797416E-04         1.0000000E+30            644141       
 NEXT SEEDS:23F90947      1F       0       0       0       0   181CD    3039       0       0
   49999996                     4                     4             1.5797416E-04         1.0000000E+30            644141       
 NEXT SEEDS:23F90CDF      1F       0       0       0       0   181CD    3039       0       0
   49999997                     3                     3             1.5797416E-04         1.0000000E+30            644141       
 NEXT SEEDS:23F90E35      1F       0       0       0       0   181CD    3039       0       0
   49999998                     2                     2             1.5797416E-04         1.0000000E+30            644141       
 NEXT SEEDS:23F90F21      1F       0       0       0       0   181CD    3039       0       0
   49999999                     1                     1             1.5797415E-04         1.0000000E+30            644141       
 NEXT SEEDS:23F9117B      1F       0       0       0       0   181CD    3039       0       0
   50000000                     0                     1             1.5797415E-04         1.0000000E+30            644141       
 NEXT SEEDS:23F914A9      1F       0       0       0       0   181CD    3039       0       0
