G4BL_DIR=C:\Program Files (x86)\MuonsInc\G4beamline
G4beamline Process ID 7760

*************************************************************
 g4beamline version: 3.04                        (Mar  2 2017)
                      Copyright : Tom Roberts, Muons, Inc.
                        License : Gnu Public License
                            WWW : http://g4beamline.muonsinc.com
*************************************************************
 Geant4 version Name: geant4-10-03    (9-December-2016)
                      Copyright : Geant4 Collaboration
                      Reference : NIM A 506 (2003), 250-303
                            WWW : http://cern.ch/geant4
*************************************************************

param        viewer        best,1
geometry                   nPoints=100 printGeometry=0 visual=0
                           tolerance=0.002
G4PhysListFactory::GetReferencePhysList <QGSP_BERT>  EMoption= 0
<<< Geant4 Physics List simulation engine: QGSP_BERT 4.0

<<< Reference Physics List QGSP_BERT is built

physics      QGSP_BERT     disable= inactivate= deactivate= doStochastics=1
                           fluct=1 minRangeCut=1 list=0 gammaToMuPair=0
                           spinTracking=0 synchrotronRadiation=0
                           synchrotronRadiationMuon=0 maxTime=1e+06
isotropicsource            particle=neutron nEvents=1000000 firstEvent=-1 x=0
                           y=0 z=0 weight=1 secondaryTrackID=1001 meanP=43.35
                           P=43.35 sigmaP=0 meanT=0 t=0 sigmaT=0
particlecolor              gamma=1,0,0 neutron=1,1,1 proton=0,1,0
**************************************************************************
*** G4Exception: printError
***    severity: Warning
***   issued by: 
*** description: Invalid value '' for argument 'outerRadius' to command 'sphere'
**************************************************************************
sphere       Target        innerRadius=500 outerRadius=0 initialPhi=0
                           finalPhi=360 initialTheta=0 finalTheta=360
                           maxStep=100 material=CONCRETE color=0.7,0.7,0.3,0.5
                           kill=0
sphere       BeamVis       innerRadius=0 outerRadius=10 initialPhi=0
                           finalPhi=360 initialTheta=0 finalTheta=360
                           maxStep=100 material=Vacuum color=1,0,0 kill=0
virtualdetector Wallz      radius=0 innerRadius=0 height=1.1e+04 width=1.1e+04
                           length=0.2 maxStep=100 material=Vacuum
                           color=1,1,1,0.1 noSingles=0 format=bltrackfile
                           filename= file= require= referenceParticle=0
                           coordinates=Centerline kill=0
virtualdetector Wallx      radius=0 innerRadius=0 height=1.1e+04 width=0.2
                           length=1.1e+04 maxStep=100 material=Vacuum
                           color=1,1,1,0.1 noSingles=0 format=bltrackfile
                           filename= file= require= referenceParticle=0
                           coordinates=Centerline kill=0
virtualdetector Base       radius=0 innerRadius=0 height=0.2 width=1.1e+04
                           length=1.1e+04 maxStep=100 material=Vacuum
                           color=1,1,1,0.1 noSingles=0 format=bltrackfile
                           filename= file= require= referenceParticle=0
                           coordinates=Centerline kill=0
place   BeamVis copies=1 x=0.0 y=0.0 z=0.0 
place   Target  copies=1 x=0.0 y=0.0 z=0.0 
place   Base    copies=1 x=0.0 y=5500.5 z=0.0 
place   Base    copies=1 x=0.0 y=-5500.5 z=0.0 
place   Wallz   copies=1 x=0.0 y=0.0 z=-5500.5 
place   Wallz   copies=1 x=0.0 y=0.0 z=5500.5 
place   Wallx   copies=1 x=-5500.5 y=0.0 z=0.0 
place   Wallx   copies=1 x=5500.5 y=0.0 z=0.0 
**************************************************************************
*** G4Exception: Input Errors
***    severity: Fatal Exception
***   issued by: main
*** description: There were 1 errors in the input
**************************************************************************
g4beamline: attempting to close up after fatal G4Exception...

Exceptions: 1 Fatal, 0 Events Aborted, 0 Stuck Tracks (stopped), 1 Warnings
      1 times: Input Errors
      1 times: printError
g4beamline: simulation aborted
Error: cannot open file "iostream"  (tmpfile)(2)
*** Interpreter error recovered ***
