1NUMBER OF BEAM       NUMBER OF BEAM        APPROXIMATE NUMBER    AVERAGE TIME USED     TIME LEFT (RESERVED   NUMBER OF STARS
 PARTICLES HANDLED    PARTICLES LEFT        OF BEAM PARTICLES     BY A BEAM PARTICLE     10000.0 SECONDS      CREATED
                                            THAT CAN STILL BE                           FOR PRINTOUT)
                                            HANDLED

 NEXT SEEDS:       0       0       0       0       0       0   181CD    3039       0       0
          1                999999                999999             6.1130524E-04         1.0000000E+30                 0       
 NEXT SEEDS:     AC9       0       0       0       0       0   181CD    3039       0       0
      20000                980000                980000             1.0838336E-03         1.0000000E+30               857       
 NEXT SEEDS: 37EE766       0       0       0       0       0   181CD    3039       0       0
      40000                960000                960000             1.1254137E-03         1.0000000E+30              1720       
 NEXT SEEDS: 6FBA307       0       0       0       0       0   181CD    3039       0       0
      60000                940000                940000             1.1018704E-03         1.0000000E+30              2566       
 NEXT SEEDS: A790027       0       0       0       0       0   181CD    3039       0       0
      80000                920000                920000             1.1654466E-03         1.0000000E+30              3393       
 NEXT SEEDS: DF32C32       0       0       0       0       0   181CD    3039       0       0
     100000                900000                900000             1.1486286E-03         1.0000000E+30              4210       
 NEXT SEEDS:116C1E09       0       0       0       0       0   181CD    3039       0       0
     120000                880000                880000             1.1620556E-03         1.0000000E+30              5040       
 NEXT SEEDS:14EDA13D       0       0       0       0       0   181CD    3039       0       0
     140000                860000                860000             1.1480036E-03         1.0000000E+30              5939       
 NEXT SEEDS:18713041       0       0       0       0       0   181CD    3039       0       0
     160000                840000                840000             1.1624114E-03         1.0000000E+30              6777       
 NEXT SEEDS:1BEC97F3       0       0       0       0       0   181CD    3039       0       0
     180000                820000                820000             1.1580828E-03         1.0000000E+30              7662       
 NEXT SEEDS:1F738D22       0       0       0       0       0   181CD    3039       0       0
     200000                800000                800000             1.1554567E-03         1.0000000E+30              8498       
 NEXT SEEDS:22ECC8D1       0       0       0       0       0   181CD    3039       0       0
     220000                780000                780000             1.1543482E-03         1.0000000E+30              9370       
 NEXT SEEDS:266AB4A6       0       0       0       0       0   181CD    3039       0       0
     240000                760000                760000             1.1488300E-03         1.0000000E+30             10196       
 NEXT SEEDS:29E7840A       0       0       0       0       0   181CD    3039       0       0
     260000                740000                740000             1.1656397E-03         1.0000000E+30             11077       
 NEXT SEEDS:2D65CF33       0       0       0       0       0   181CD    3039       0       0
     280000                720000                720000             1.1594106E-03         1.0000000E+30             11910       
 NEXT SEEDS:30DF9F58       0       0       0       0       0   181CD    3039       0       0
     300000                700000                700000             1.1648058E-03         1.0000000E+30             12753       
 NEXT SEEDS:3459E8D1       0       0       0       0       0   181CD    3039       0       0
     320000                680000                680000             1.1634635E-03         1.0000000E+30             13577       
 NEXT SEEDS:37DA1D7F       0       0       0       0       0   181CD    3039       0       0
     340000                660000                660000             1.1618298E-03         1.0000000E+30             14384       
 NEXT SEEDS:3B4FD59A       0       0       0       0       0   181CD    3039       0       0
     360000                640000                640000             1.1584688E-03         1.0000000E+30             15265       
 NEXT SEEDS: 332D397       1       0       0       0       0   181CD    3039       0       0
     380000                620000                620000             1.1575564E-03         1.0000000E+30             16126       
 NEXT SEEDS: 6B25551       1       0       0       0       0   181CD    3039       0       0
     400000                600000                600000             1.1613709E-03         1.0000000E+30             16978       
 NEXT SEEDS: A2D6A11       1       0       0       0       0   181CD    3039       0       0
     420000                580000                580000             1.1568802E-03         1.0000000E+30             17803       
 NEXT SEEDS: DA5AFCF       1       0       0       0       0   181CD    3039       0       0
     440000                560000                560000             1.1596561E-03         1.0000000E+30             18738       
 NEXT SEEDS:1129D213       1       0       0       0       0   181CD    3039       0       0
     460000                540000                540000             1.1559154E-03         1.0000000E+30             19588       
 NEXT SEEDS:14A75F88       1       0       0       0       0   181CD    3039       0       0
     480000                520000                520000             1.1652597E-03         1.0000000E+30             20424       
 NEXT SEEDS:182483BD       1       0       0       0       0   181CD    3039       0       0
     500000                500000                500000             1.1612724E-03         1.0000000E+30             21268       
 NEXT SEEDS:1BA0AF7D       1       0       0       0       0   181CD    3039       0       0
     520000                480000                480000             1.1632649E-03         1.0000000E+30             22170       
 NEXT SEEDS:1F20415F       1       0       0       0       0   181CD    3039       0       0
     540000                460000                460000             1.1593552E-03         1.0000000E+30             23062       
 NEXT SEEDS:229C1964       1       0       0       0       0   181CD    3039       0       0
     560000                440000                440000             1.1647783E-03         1.0000000E+30             23935       
 NEXT SEEDS:2618301B       1       0       0       0       0   181CD    3039       0       0
     580000                420000                420000             1.1610977E-03         1.0000000E+30             24759       
 NEXT SEEDS:2991BC3B       1       0       0       0       0   181CD    3039       0       0
     600000                400000                400000             1.1626381E-03         1.0000000E+30             25658       
 NEXT SEEDS:2D160396       1       0       0       0       0   181CD    3039       0       0
     620000                380000                380000             1.1590595E-03         1.0000000E+30             26523       
 NEXT SEEDS:30927AD3       1       0       0       0       0   181CD    3039       0       0
     640000                360000                360000             1.1615735E-03         1.0000000E+30             27383       
 NEXT SEEDS:34103B22       1       0       0       0       0   181CD    3039       0       0
     660000                340000                340000             1.1621657E-03         1.0000000E+30             28231       
 NEXT SEEDS:3791475C       1       0       0       0       0   181CD    3039       0       0
     680000                320000                320000             1.1604100E-03         1.0000000E+30             29094       
 NEXT SEEDS:3B0EDADF       1       0       0       0       0   181CD    3039       0       0
     700000                300000                300000             1.1646691E-03         1.0000000E+30             29932       
 NEXT SEEDS: 2EE1440       2       0       0       0       0   181CD    3039       0       0
     720000                280000                280000             1.1618424E-03         1.0000000E+30             30783       
 NEXT SEEDS: 6692657       2       0       0       0       0   181CD    3039       0       0
     740000                260000                260000             1.1630624E-03         1.0000000E+30             31660       
 NEXT SEEDS: 9E557BD       2       0       0       0       0   181CD    3039       0       0
     760000                240000                240000             1.1606757E-03         1.0000000E+30             32498       
 NEXT SEEDS: D621A29       2       0       0       0       0   181CD    3039       0       0
     780000                220000                220000             1.1652184E-03         1.0000000E+30             33329       
 NEXT SEEDS:10DB12F0       2       0       0       0       0   181CD    3039       0       0
     800000                200000                200000             1.1624618E-03         1.0000000E+30             34148       
 NEXT SEEDS:14543D0C       2       0       0       0       0   181CD    3039       0       0
     820000                180000                180000             1.1625452E-03         1.0000000E+30             34924       
 NEXT SEEDS:17CB88D3       2       0       0       0       0   181CD    3039       0       0
     840000                160000                160000             1.1649172E-03         1.0000000E+30             35770       
 NEXT SEEDS:1B465088       2       0       0       0       0   181CD    3039       0       0
     860000                140000                140000             1.1629442E-03         1.0000000E+30             36624       
 NEXT SEEDS:1EC0ECC7       2       0       0       0       0   181CD    3039       0       0
     880000                120000                120000             1.1640303E-03         1.0000000E+30             37467       
 NEXT SEEDS:22381041       2       0       0       0       0   181CD    3039       0       0
     900000                100000                100000             1.1615424E-03         1.0000000E+30             38314       
 NEXT SEEDS:25B5209C       2       0       0       0       0   181CD    3039       0       0
     920000                 80000                 80000             1.1654034E-03         1.0000000E+30             39161       
 NEXT SEEDS:29320F0D       2       0       0       0       0   181CD    3039       0       0
     940000                 60000                 60000             1.1629386E-03         1.0000000E+30             40028       
 NEXT SEEDS:2CB1C91A       2       0       0       0       0   181CD    3039       0       0
     960000                 40000                 40000             1.1634104E-03         1.0000000E+30             40870       
 NEXT SEEDS:302B55E5       2       0       0       0       0   181CD    3039       0       0
     980000                 20000                 20000             1.1610559E-03         1.0000000E+30             41722       
 NEXT SEEDS:33A997AB       2       0       0       0       0   181CD    3039       0       0
     999950                    50                    50             1.1647029E-03         1.0000000E+30             42643       
 NEXT SEEDS:372764C3       2       0       0       0       0   181CD    3039       0       0
     999951                    49                    49             1.1647024E-03         1.0000000E+30             42643       
 NEXT SEEDS:37276F53       2       0       0       0       0   181CD    3039       0       0
     999952                    48                    48             1.1647020E-03         1.0000000E+30             42643       
 NEXT SEEDS:37277925       2       0       0       0       0   181CD    3039       0       0
     999953                    47                    47             1.1647016E-03         1.0000000E+30             42643       
 NEXT SEEDS:3727840B       2       0       0       0       0   181CD    3039       0       0
     999954                    46                    46             1.1647011E-03         1.0000000E+30             42643       
 NEXT SEEDS:372793EB       2       0       0       0       0   181CD    3039       0       0
     999955                    45                    45             1.1647007E-03         1.0000000E+30             42643       
 NEXT SEEDS:37279EC4       2       0       0       0       0   181CD    3039       0       0
     999956                    44                    44             1.1647003E-03         1.0000000E+30             42643       
 NEXT SEEDS:3727A924       2       0       0       0       0   181CD    3039       0       0
     999957                    43                    43             1.1646998E-03         1.0000000E+30             42643       
 NEXT SEEDS:3727B37D       2       0       0       0       0   181CD    3039       0       0
     999958                    42                    42             1.1646993E-03         1.0000000E+30             42643       
 NEXT SEEDS:3727BE1A       2       0       0       0       0   181CD    3039       0       0
     999959                    41                    41             1.1646988E-03         1.0000000E+30             42643       
 NEXT SEEDS:3727C808       2       0       0       0       0   181CD    3039       0       0
     999960                    40                    40             1.1646984E-03         1.0000000E+30             42643       
 NEXT SEEDS:3727D287       2       0       0       0       0   181CD    3039       0       0
     999961                    39                    39             1.1646980E-03         1.0000000E+30             42643       
 NEXT SEEDS:3727DD1C       2       0       0       0       0   181CD    3039       0       0
     999962                    38                    38             1.1646976E-03         1.0000000E+30             42643       
 NEXT SEEDS:3727E839       2       0       0       0       0   181CD    3039       0       0
     999963                    37                    37             1.1646970E-03         1.0000000E+30             42643       
 NEXT SEEDS:3727F24A       2       0       0       0       0   181CD    3039       0       0
     999964                    36                    36             1.1646966E-03         1.0000000E+30             42643       
 NEXT SEEDS:3727FCD8       2       0       0       0       0   181CD    3039       0       0
     999965                    35                    35             1.1646961E-03         1.0000000E+30             42643       
 NEXT SEEDS:372807A6       2       0       0       0       0   181CD    3039       0       0
     999966                    34                    34             1.1646957E-03         1.0000000E+30             42643       
 NEXT SEEDS:37281206       2       0       0       0       0   181CD    3039       0       0
     999967                    33                    33             1.1646951E-03         1.0000000E+30             42643       
 NEXT SEEDS:37281BEE       2       0       0       0       0   181CD    3039       0       0
     999968                    32                    32             1.1646947E-03         1.0000000E+30             42643       
 NEXT SEEDS:37282675       2       0       0       0       0   181CD    3039       0       0
     999969                    31                    31             1.1646943E-03         1.0000000E+30             42643       
 NEXT SEEDS:3728310B       2       0       0       0       0   181CD    3039       0       0
     999970                    30                    30             1.1646938E-03         1.0000000E+30             42643       
 NEXT SEEDS:37283BC9       2       0       0       0       0   181CD    3039       0       0
     999971                    29                    29             1.1646933E-03         1.0000000E+30             42643       
 NEXT SEEDS:3728468F       2       0       0       0       0   181CD    3039       0       0
     999972                    28                    28             1.1646929E-03         1.0000000E+30             42643       
 NEXT SEEDS:3728504C       2       0       0       0       0   181CD    3039       0       0
     999973                    27                    27             1.1646924E-03         1.0000000E+30             42643       
 NEXT SEEDS:37285A44       2       0       0       0       0   181CD    3039       0       0
     999974                    26                    26             1.1646920E-03         1.0000000E+30             42643       
 NEXT SEEDS:372864A7       2       0       0       0       0   181CD    3039       0       0
     999975                    25                    25             1.1646914E-03         1.0000000E+30             42643       
 NEXT SEEDS:37286EBF       2       0       0       0       0   181CD    3039       0       0
     999976                    24                    24             1.1646910E-03         1.0000000E+30             42643       
 NEXT SEEDS:37287963       2       0       0       0       0   181CD    3039       0       0
     999977                    23                    23             1.1646906E-03         1.0000000E+30             42643       
 NEXT SEEDS:37288352       2       0       0       0       0   181CD    3039       0       0
     999978                    22                    22             1.1646908E-03         1.0000000E+30             42644       
 NEXT SEEDS:37289A8F       2       0       0       0       0   181CD    3039       0       0
     999979                    21                    21             1.1646903E-03         1.0000000E+30             42644       
 NEXT SEEDS:3728A477       2       0       0       0       0   181CD    3039       0       0
     999980                    20                    20             1.1646899E-03         1.0000000E+30             42644       
 NEXT SEEDS:3728AF2A       2       0       0       0       0   181CD    3039       0       0
     999981                    19                    19             1.1646893E-03         1.0000000E+30             42644       
 NEXT SEEDS:3728B97B       2       0       0       0       0   181CD    3039       0       0
     999982                    18                    18             1.1646893E-03         1.0000000E+30             42645       
 NEXT SEEDS:3728C85E       2       0       0       0       0   181CD    3039       0       0
     999983                    17                    17             1.1646887E-03         1.0000000E+30             42645       
 NEXT SEEDS:3728D263       2       0       0       0       0   181CD    3039       0       0
     999984                    16                    16             1.1646883E-03         1.0000000E+30             42645       
 NEXT SEEDS:3728DD0A       2       0       0       0       0   181CD    3039       0       0
     999985                    15                    15             1.1646881E-03         1.0000000E+30             42645       
 NEXT SEEDS:3728EC80       2       0       0       0       0   181CD    3039       0       0
     999986                    14                    14             1.1646877E-03         1.0000000E+30             42645       
 NEXT SEEDS:3728F6E8       2       0       0       0       0   181CD    3039       0       0
     999987                    13                    13             1.1646872E-03         1.0000000E+30             42645       
 NEXT SEEDS:37290118       2       0       0       0       0   181CD    3039       0       0
     999988                    12                    12             1.1646867E-03         1.0000000E+30             42645       
 NEXT SEEDS:37290B21       2       0       0       0       0   181CD    3039       0       0
     999989                    11                    11             1.1646862E-03         1.0000000E+30             42645       
 NEXT SEEDS:3729156E       2       0       0       0       0   181CD    3039       0       0
     999990                    10                    10             1.1646858E-03         1.0000000E+30             42645       
 NEXT SEEDS:37291FF9       2       0       0       0       0   181CD    3039       0       0
     999991                     9                     9             1.1646853E-03         1.0000000E+30             42645       
 NEXT SEEDS:372929CA       2       0       0       0       0   181CD    3039       0       0
     999992                     8                     8             1.1646848E-03         1.0000000E+30             42645       
 NEXT SEEDS:3729342C       2       0       0       0       0   181CD    3039       0       0
     999993                     7                     7             1.1646844E-03         1.0000000E+30             42645       
 NEXT SEEDS:37293E69       2       0       0       0       0   181CD    3039       0       0
     999994                     6                     6             1.1646838E-03         1.0000000E+30             42645       
 NEXT SEEDS:37294866       2       0       0       0       0   181CD    3039       0       0
     999995                     5                     5             1.1646834E-03         1.0000000E+30             42645       
 NEXT SEEDS:37295298       2       0       0       0       0   181CD    3039       0       0
     999996                     4                     4             1.1646830E-03         1.0000000E+30             42645       
 NEXT SEEDS:37295C6D       2       0       0       0       0   181CD    3039       0       0
     999997                     3                     3             1.1646824E-03         1.0000000E+30             42645       
 NEXT SEEDS:372966EE       2       0       0       0       0   181CD    3039       0       0
     999998                     2                     2             1.1646820E-03         1.0000000E+30             42645       
 NEXT SEEDS:37297275       2       0       0       0       0   181CD    3039       0       0
     999999                     1                     1             1.1646816E-03         1.0000000E+30             42645       
 NEXT SEEDS:37297D2C       2       0       0       0       0   181CD    3039       0       0
    1000000                     0                     1             1.1646811E-03         1.0000000E+30             42645       
 NEXT SEEDS:3729870A       2       0       0       0       0   181CD    3039       0       0
