1NUMBER OF BEAM       NUMBER OF BEAM        APPROXIMATE NUMBER    AVERAGE TIME USED     TIME LEFT (RESERVED   NUMBER OF STARS
 PARTICLES HANDLED    PARTICLES LEFT        OF BEAM PARTICLES     BY A BEAM PARTICLE     10000.0 SECONDS      CREATED
                                            THAT CAN STILL BE                           FOR PRINTOUT)
                                            HANDLED

 NEXT SEEDS:       0       0       0       0       0       0   181CD    3039       0       0
          1              13999999              13999999             1.1677742E-03         1.0000000E+30                 0       
 NEXT SEEDS:    157A       0       0       0       0       0   181CD    3039       0       0
     200000              13800000              13800000             2.4302046E-03         1.0000000E+30             31451       
 NEXT SEEDS:15E3256D       1       0       0       0       0   181CD    3039       0       0
     400000              13600000              13600000             2.5702984E-03         1.0000000E+30             63099       
 NEXT SEEDS:2BCE6114       2       0       0       0       0   181CD    3039       0       0
     600000              13400000              13400000             2.6406024E-03         1.0000000E+30             94539       
 NEXT SEEDS: 5E0CE33       4       0       0       0       0   181CD    3039       0       0
     800000              13200000              13200000             2.6913588E-03         1.0000000E+30            126193       
 NEXT SEEDS:1BD9518A       5       0       0       0       0   181CD    3039       0       0
 COUSET, TXYZ:  0.999999999988206     -0.568963053393178      0.822363085169758    
    1000000              13000000              13000000             2.7190472E-03         1.0000000E+30            158056       
 NEXT SEEDS:31A4D1C3       6       0       0       0       0   181CD    3039       0       0
    1200000              12800000              12800000             2.7421125E-03         1.0000000E+30            189472       
 NEXT SEEDS: BC33C81       8       0       0       0       0   181CD    3039       0       0
    1400000              12600000              12600000             2.7578604E-03         1.0000000E+30            221166       
 NEXT SEEDS:21CD11D3       9       0       0       0       0   181CD    3039       0       0
    1600000              12400000              12400000             2.7810754E-03         1.0000000E+30            252787       
 NEXT SEEDS:37C71AEC       A       0       0       0       0   181CD    3039       0       0
    1800000              12200000              12200000             2.7913191E-03         1.0000000E+30            284557       
 NEXT SEEDS:1219A515       C       0       0       0       0   181CD    3039       0       0
    2000000              12000000              12000000             2.8065969E-03         1.0000000E+30            316248       
 NEXT SEEDS:2802DF71       D       0       0       0       0   181CD    3039       0       0
    2200000              11800000              11800000             2.8198364E-03         1.0000000E+30            347828       
 NEXT SEEDS: 22215DB       F       0       0       0       0   181CD    3039       0       0
    2400000              11600000              11600000             2.8316660E-03         1.0000000E+30            379816       
 NEXT SEEDS:181A25D3      10       0       0       0       0   181CD    3039       0       0
 COUSET, TXYZ:   1.00000000001007     -0.568597564201503      0.822615833791365    
    2600000              11400000              11400000             2.8381828E-03         1.0000000E+30            411521       
 NEXT SEEDS:2E1D12E0      11       0       0       0       0   181CD    3039       0       0
    2800000              11200000              11200000             2.8444020E-03         1.0000000E+30            443500       
 NEXT SEEDS: 8856C97      13       0       0       0       0   181CD    3039       0       0
    3000000              11000000              11000000             2.8498435E-03         1.0000000E+30            475276       
 NEXT SEEDS:1E8F99F5      14       0       0       0       0   181CD    3039       0       0
    3200000              10800000              10800000             2.8497227E-03         1.0000000E+30            507191       
 NEXT SEEDS:3472C78B      15       0       0       0       0   181CD    3039       0       0
    3400000              10600000              10600000             2.8499539E-03         1.0000000E+30            538817       
 NEXT SEEDS: EC3952C      17       0       0       0       0   181CD    3039       0       0
    3600000              10400000              10400000             2.8510214E-03         1.0000000E+30            570476       
 NEXT SEEDS:24C8F4EA      18       0       0       0       0   181CD    3039       0       0
    3800000              10200000              10200000             2.8533685E-03         1.0000000E+30            602186       
 NEXT SEEDS:3AAB5199      19       0       0       0       0   181CD    3039       0       0
 COUSET, TXYZ:  0.999999999993307      0.736583074584450      0.676347081181203    
    4000000              10000000              10000000             2.8546029E-03         1.0000000E+30            633697       
 NEXT SEEDS:151615A0      1B       0       0       0       0   181CD    3039       0       0
    4200000               9800000               9800000             2.8609227E-03         1.0000000E+30            665498       
 NEXT SEEDS:2B31722F      1C       0       0       0       0   181CD    3039       0       0
    4400000               9600000               9600000             2.8719352E-03         1.0000000E+30            697259       
 NEXT SEEDS: 5A0368B      1E       0       0       0       0   181CD    3039       0       0
 COUSET, TXYZ:  0.999999999985869     -0.948931769047626      0.315481374511841    
 COUSET, TXYZ:  0.999999999994286     -0.801461208047462      0.598046764044146    
    4600000               9400000               9400000             2.8816286E-03         1.0000000E+30            728786       
 NEXT SEEDS:1B57432C      1F       0       0       0       0   181CD    3039       0       0
 COUSET, TXYZ:   1.00000000001686     -0.944763001657147      0.327754284081082    
    4800000               9200000               9200000             2.8895030E-03         1.0000000E+30            760099       
 NEXT SEEDS:3116CE2D      20       0       0       0       0   181CD    3039       0       0
    5000000               9000000               9000000             2.8870885E-03         1.0000000E+30            791718       
 NEXT SEEDS: B791B7B      22       0       0       0       0   181CD    3039       0       0
    5200000               8800000               8800000             2.8814944E-03         1.0000000E+30            823489       
 NEXT SEEDS:215D5B58      23       0       0       0       0   181CD    3039       0       0
    5400000               8600000               8600000             2.8803370E-03         1.0000000E+30            855327       
 NEXT SEEDS:3775717B      24       0       0       0       0   181CD    3039       0       0
    5600000               8400000               8400000             2.8859681E-03         1.0000000E+30            886498       
 NEXT SEEDS:11B70249      26       0       0       0       0   181CD    3039       0       0
 COUSET, TXYZ:  0.999999999869149     -0.800797195345154      0.598935598929997    
    5800000               8200000               8200000             2.8913529E-03         1.0000000E+30            917890       
 NEXT SEEDS:277C1C7E      27       0       0       0       0   181CD    3039       0       0
    6000000               8000000               8000000             2.8977824E-03         1.0000000E+30            949405       
 NEXT SEEDS: 1D92705      29       0       0       0       0   181CD    3039       0       0
    6200000               7800000               7800000             2.9022274E-03         1.0000000E+30            980998       
 NEXT SEEDS:17F66FCB      2A       0       0       0       0   181CD    3039       0       0
    6400000               7600000               7600000             2.9064226E-03         1.0000000E+30           1012604       
 NEXT SEEDS:2DED2B1A      2B       0       0       0       0   181CD    3039       0       0
    6600000               7400000               7400000             2.9113408E-03         1.0000000E+30           1044385       
 NEXT SEEDS: 8558529      2D       0       0       0       0   181CD    3039       0       0
 COUSET, TXYZ:  0.999999999984474      0.796156071501210     -0.605091323504731    
    6800000               7200000               7200000             2.9190165E-03         1.0000000E+30           1076028       
 NEXT SEEDS:1E286629      2E       0       0       0       0   181CD    3039       0       0
    7000000               7000000               7000000             2.9275591E-03         1.0000000E+30           1107619       
 NEXT SEEDS:3457C220      2F       0       0       0       0   181CD    3039       0       0
    7200000               6800000               6800000             2.9353791E-03         1.0000000E+30           1139287       
 NEXT SEEDS: EB0F4AC      31       0       0       0       0   181CD    3039       0       0
    7400000               6600000               6600000             2.9416463E-03         1.0000000E+30           1171073       
 NEXT SEEDS:24CCA10E      32       0       0       0       0   181CD    3039       0       0
    7600000               6400000               6400000             2.9488394E-03         1.0000000E+30           1202658       
 NEXT SEEDS:3AB9A5D0      33       0       0       0       0   181CD    3039       0       0
    7800000               6200000               6200000             2.9525708E-03         1.0000000E+30           1234184       
 NEXT SEEDS:1507BD2A      35       0       0       0       0   181CD    3039       0       0
    8000000               6000000               6000000             2.9571960E-03         1.0000000E+30           1265926       
 NEXT SEEDS:2AFC18F8      36       0       0       0       0   181CD    3039       0       0
    8200000               5800000               5800000             2.9616994E-03         1.0000000E+30           1297839       
 NEXT SEEDS: 55930D7      38       0       0       0       0   181CD    3039       0       0
    8400000               5600000               5600000             2.9653508E-03         1.0000000E+30           1329476       
 NEXT SEEDS:1B1DB84E      39       0       0       0       0   181CD    3039       0       0
 COUSET, TXYZ:  0.999999999994189      0.988292608061626      0.152570379953411    
    8600000               5400000               5400000             2.9701673E-03         1.0000000E+30           1361361       
 NEXT SEEDS:31487290      3A       0       0       0       0   181CD    3039       0       0
    8800000               5200000               5200000             2.9705264E-03         1.0000000E+30           1393075       
 NEXT SEEDS: BA8DAB6      3C       0       0       0       0   181CD    3039       0       0
    9000000               5000000               5000000             2.9695064E-03         1.0000000E+30           1424878       
 NEXT SEEDS:21BE4258      3D       0       0       0       0   181CD    3039       0       0
    9200000               4800000               4800000             2.9675989E-03         1.0000000E+30           1456062       
 NEXT SEEDS:37A7BCDF      3E       0       0       0       0   181CD    3039       0       0
    9400000               4600000               4600000             2.9670817E-03         1.0000000E+30           1487650       
 NEXT SEEDS:12166117      40       0       0       0       0   181CD    3039       0       0
    9600000               4400000               4400000             2.9662109E-03         1.0000000E+30           1519581       
 NEXT SEEDS:280E5909      41       0       0       0       0   181CD    3039       0       0
    9800000               4200000               4200000             2.9648319E-03         1.0000000E+30           1551351       
 NEXT SEEDS: 27E1039      43       0       0       0       0   181CD    3039       0       0
 COUSET, TXYZ:   1.00000000000721      0.849223396383353      0.528033732870875    
   10000000               4000000               4000000             2.9638671E-03         1.0000000E+30           1583009       
 NEXT SEEDS:1873A12A      44       0       0       0       0   181CD    3039       0       0
   10200000               3800000               3800000             2.9625633E-03         1.0000000E+30           1614693       
 NEXT SEEDS:2E6B77B6      45       0       0       0       0   181CD    3039       0       0
   10400000               3600000               3600000             2.9603064E-03         1.0000000E+30           1646131       
 NEXT SEEDS: 89852AE      47       0       0       0       0   181CD    3039       0       0
   10600000               3400000               3400000             2.9582970E-03         1.0000000E+30           1678078       
 NEXT SEEDS:1EACE2DC      48       0       0       0       0   181CD    3039       0       0
   10800000               3200000               3200000             2.9556752E-03         1.0000000E+30           1709974       
 NEXT SEEDS:349CFDF0      49       0       0       0       0   181CD    3039       0       0
   11000000               3000000               3000000             2.9537505E-03         1.0000000E+30           1741747       
 NEXT SEEDS: EDCF320      4B       0       0       0       0   181CD    3039       0       0
   11200000               2800000               2800000             2.9522619E-03         1.0000000E+30           1773373       
 NEXT SEEDS:24E1ECBA      4C       0       0       0       0   181CD    3039       0       0
   11400000               2600000               2600000             2.9501800E-03         1.0000000E+30           1805323       
 NEXT SEEDS:3AF6E265      4D       0       0       0       0   181CD    3039       0       0
   11600000               2400000               2400000             2.9483107E-03         1.0000000E+30           1837106       
 NEXT SEEDS:15416404      4F       0       0       0       0   181CD    3039       0       0
   11800000               2200000               2200000             2.9465100E-03         1.0000000E+30           1869020       
 NEXT SEEDS:2B327261      50       0       0       0       0   181CD    3039       0       0
 COUSET, TXYZ:  0.999999999984261     -0.790423719761930      0.612560481263879    
   12000000               2000000               2000000             2.9445828E-03         1.0000000E+30           1900959       
 NEXT SEEDS: 5ADEFAF      52       0       0       0       0   181CD    3039       0       0
   12200000               1800000               1800000             2.9426404E-03         1.0000000E+30           1932921       
 NEXT SEEDS:1BB5F47D      53       0       0       0       0   181CD    3039       0       0
 COUSET, TXYZ:   1.00000000001458      0.935906994909322      0.352247209937783    
   12400000               1600000               1600000             2.9404402E-03         1.0000000E+30           1964641       
 NEXT SEEDS:31C10145      54       0       0       0       0   181CD    3039       0       0
 COUSET, TXYZ:  0.999999999989712      0.736439244214110      0.676503687765835    
 COUSET, TXYZ:   1.00000000001483     -0.911685523960119      0.410888677662475    
   12600000               1400000               1400000             2.9379825E-03         1.0000000E+30           1996583       
 NEXT SEEDS: C3E7297      56       0       0       0       0   181CD    3039       0       0
   12800000               1200000               1200000             2.9352803E-03         1.0000000E+30           2028187       
 NEXT SEEDS:220F25FD      57       0       0       0       0   181CD    3039       0       0
   13000000               1000000               1000000             2.9341047E-03         1.0000000E+30           2060083       
 NEXT SEEDS:380C8F6B      58       0       0       0       0   181CD    3039       0       0
   13200000                800000                800000             2.9323882E-03         1.0000000E+30           2091685       
 NEXT SEEDS:126C9516      5A       0       0       0       0   181CD    3039       0       0
   13400000                600000                600000             2.9309496E-03         1.0000000E+30           2123168       
 NEXT SEEDS:284F714A      5B       0       0       0       0   181CD    3039       0       0
   13600000                400000                400000             2.9293524E-03         1.0000000E+30           2155183       
 NEXT SEEDS: 2F31370      5D       0       0       0       0   181CD    3039       0       0
   13800000                200000                200000             2.9277948E-03         1.0000000E+30           2187060       
 NEXT SEEDS:18E8A82C      5E       0       0       0       0   181CD    3039       0       0
   13999950                    50                    50             2.9262145E-03         1.0000000E+30           2218648       
 NEXT SEEDS:2EE17DEA      5F       0       0       0       0   181CD    3039       0       0
   13999951                    49                    49             2.9262146E-03         1.0000000E+30           2218648       
 NEXT SEEDS:2EE19579      5F       0       0       0       0   181CD    3039       0       0
   13999952                    48                    48             2.9262144E-03         1.0000000E+30           2218648       
 NEXT SEEDS:2EE1ACD8      5F       0       0       0       0   181CD    3039       0       0
   13999953                    47                    47             2.9262142E-03         1.0000000E+30           2218648       
 NEXT SEEDS:2EE1C7C5      5F       0       0       0       0   181CD    3039       0       0
   13999954                    46                    46             2.9262142E-03         1.0000000E+30           2218648       
 NEXT SEEDS:2EE1E18C      5F       0       0       0       0   181CD    3039       0       0
   13999955                    45                    45             2.9262140E-03         1.0000000E+30           2218648       
 NEXT SEEDS:2EE20139      5F       0       0       0       0   181CD    3039       0       0
   13999956                    44                    44             2.9262138E-03         1.0000000E+30           2218648       
 NEXT SEEDS:2EE21638      5F       0       0       0       0   181CD    3039       0       0
   13999957                    43                    43             2.9262139E-03         1.0000000E+30           2218648       
 NEXT SEEDS:2EE229EB      5F       0       0       0       0   181CD    3039       0       0
   13999958                    42                    42             2.9262137E-03         1.0000000E+30           2218648       
 NEXT SEEDS:2EE24101      5F       0       0       0       0   181CD    3039       0       0
   13999959                    41                    41             2.9262135E-03         1.0000000E+30           2218648       
 NEXT SEEDS:2EE252D1      5F       0       0       0       0   181CD    3039       0       0
   13999960                    40                    40             2.9262135E-03         1.0000000E+30           2218648       
 NEXT SEEDS:2EE269E9      5F       0       0       0       0   181CD    3039       0       0
   13999961                    39                    39             2.9262133E-03         1.0000000E+30           2218648       
 NEXT SEEDS:2EE2823E      5F       0       0       0       0   181CD    3039       0       0
   13999962                    38                    38             2.9262131E-03         1.0000000E+30           2218648       
 NEXT SEEDS:2EE298B1      5F       0       0       0       0   181CD    3039       0       0
   13999963                    37                    37             2.9262129E-03         1.0000000E+30           2218649       
 NEXT SEEDS:2EE2C02F      5F       0       0       0       0   181CD    3039       0       0
   13999964                    36                    36             2.9262127E-03         1.0000000E+30           2218649       
 NEXT SEEDS:2EE2E264      5F       0       0       0       0   181CD    3039       0       0
   13999965                    35                    35             2.9262128E-03         1.0000000E+30           2218649       
 NEXT SEEDS:2EE2F9BE      5F       0       0       0       0   181CD    3039       0       0
   13999966                    34                    34             2.9262126E-03         1.0000000E+30           2218649       
 NEXT SEEDS:2EE31060      5F       0       0       0       0   181CD    3039       0       0
   13999967                    33                    33             2.9262126E-03         1.0000000E+30           2218650       
 NEXT SEEDS:2EE33D9B      5F       0       0       0       0   181CD    3039       0       0
   13999968                    32                    32             2.9262124E-03         1.0000000E+30           2218650       
 NEXT SEEDS:2EE352EF      5F       0       0       0       0   181CD    3039       0       0
   13999969                    31                    31             2.9262122E-03         1.0000000E+30           2218650       
 NEXT SEEDS:2EE36E44      5F       0       0       0       0   181CD    3039       0       0
   13999970                    30                    30             2.9262123E-03         1.0000000E+30           2218650       
 NEXT SEEDS:2EE387EA      5F       0       0       0       0   181CD    3039       0       0
   13999971                    29                    29             2.9262121E-03         1.0000000E+30           2218650       
 NEXT SEEDS:2EE39CD8      5F       0       0       0       0   181CD    3039       0       0
   13999972                    28                    28             2.9262119E-03         1.0000000E+30           2218650       
 NEXT SEEDS:2EE3B5C0      5F       0       0       0       0   181CD    3039       0       0
   13999973                    27                    27             2.9262119E-03         1.0000000E+30           2218650       
 NEXT SEEDS:2EE3CA4C      5F       0       0       0       0   181CD    3039       0       0
   13999974                    26                    26             2.9262117E-03         1.0000000E+30           2218650       
 NEXT SEEDS:2EE3DF07      5F       0       0       0       0   181CD    3039       0       0
   13999975                    25                    25             2.9262115E-03         1.0000000E+30           2218650       
 NEXT SEEDS:2EE3F69B      5F       0       0       0       0   181CD    3039       0       0
   13999976                    24                    24             2.9262116E-03         1.0000000E+30           2218651       
 NEXT SEEDS:2EE412D7      5F       0       0       0       0   181CD    3039       0       0
   13999977                    23                    23             2.9262117E-03         1.0000000E+30           2218652       
 NEXT SEEDS:2EE465C5      5F       0       0       0       0   181CD    3039       0       0
   13999978                    22                    22             2.9262120E-03         1.0000000E+30           2218652       
 NEXT SEEDS:2EE48421      5F       0       0       0       0   181CD    3039       0       0
   13999979                    21                    21             2.9262118E-03         1.0000000E+30           2218652       
 NEXT SEEDS:2EE4989C      5F       0       0       0       0   181CD    3039       0       0
   13999980                    20                    20             2.9262121E-03         1.0000000E+30           2218652       
 NEXT SEEDS:2EE4ADB4      5F       0       0       0       0   181CD    3039       0       0
   13999981                    19                    19             2.9262125E-03         1.0000000E+30           2218652       
 NEXT SEEDS:2EE4C551      5F       0       0       0       0   181CD    3039       0       0
   13999982                    18                    18             2.9262126E-03         1.0000000E+30           2218652       
 NEXT SEEDS:2EE4DADD      5F       0       0       0       0   181CD    3039       0       0
   13999983                    17                    17             2.9262129E-03         1.0000000E+30           2218652       
 NEXT SEEDS:2EE4F7E1      5F       0       0       0       0   181CD    3039       0       0
   13999984                    16                    16             2.9262133E-03         1.0000000E+30           2218652       
 NEXT SEEDS:2EE50E1B      5F       0       0       0       0   181CD    3039       0       0
   13999985                    15                    15             2.9262136E-03         1.0000000E+30           2218652       
 NEXT SEEDS:2EE52B9E      5F       0       0       0       0   181CD    3039       0       0
   13999986                    14                    14             2.9262140E-03         1.0000000E+30           2218652       
 NEXT SEEDS:2EE54374      5F       0       0       0       0   181CD    3039       0       0
   13999987                    13                    13             2.9262140E-03         1.0000000E+30           2218652       
 NEXT SEEDS:2EE55AA8      5F       0       0       0       0   181CD    3039       0       0
   13999988                    12                    12             2.9262147E-03         1.0000000E+30           2218653       
 NEXT SEEDS:2EE580F0      5F       0       0       0       0   181CD    3039       0       0
   13999989                    11                    11             2.9262150E-03         1.0000000E+30           2218654       
 NEXT SEEDS:2EE5A3DF      5F       0       0       0       0   181CD    3039       0       0
   13999990                    10                    10             2.9262154E-03         1.0000000E+30           2218655       
 NEXT SEEDS:2EE5C78F      5F       0       0       0       0   181CD    3039       0       0
   13999991                     9                     9             2.9262154E-03         1.0000000E+30           2218655       
 NEXT SEEDS:2EE5DE15      5F       0       0       0       0   181CD    3039       0       0
   13999992                     8                     8             2.9262158E-03         1.0000000E+30           2218655       
 NEXT SEEDS:2EE5F207      5F       0       0       0       0   181CD    3039       0       0
   13999993                     7                     7             2.9262158E-03         1.0000000E+30           2218655       
 NEXT SEEDS:2EE60AD9      5F       0       0       0       0   181CD    3039       0       0
   13999994                     6                     6             2.9262162E-03         1.0000000E+30           2218655       
 NEXT SEEDS:2EE62963      5F       0       0       0       0   181CD    3039       0       0
   13999995                     5                     5             2.9262171E-03         1.0000000E+30           2218656       
 NEXT SEEDS:2EE6647C      5F       0       0       0       0   181CD    3039       0       0
   13999996                     4                     4             2.9262177E-03         1.0000000E+30           2218657       
 NEXT SEEDS:2EE68AE5      5F       0       0       0       0   181CD    3039       0       0
   13999997                     3                     3             2.9262181E-03         1.0000000E+30           2218657       
 NEXT SEEDS:2EE6A48D      5F       0       0       0       0   181CD    3039       0       0
   13999998                     2                     2             2.9262184E-03         1.0000000E+30           2218657       
 NEXT SEEDS:2EE6BFE8      5F       0       0       0       0   181CD    3039       0       0
   13999999                     1                     1             2.9262188E-03         1.0000000E+30           2218657       
 NEXT SEEDS:2EE6DB25      5F       0       0       0       0   181CD    3039       0       0
   14000000                     0                     1             2.9262188E-03         1.0000000E+30           2218657       
 NEXT SEEDS:2EE6F3C8      5F       0       0       0       0   181CD    3039       0       0
