1NUMBER OF BEAM       NUMBER OF BEAM        APPROXIMATE NUMBER    AVERAGE TIME USED     TIME LEFT (RESERVED   NUMBER OF STARS
 PARTICLES HANDLED    PARTICLES LEFT        OF BEAM PARTICLES     BY A BEAM PARTICLE     10000.0 SECONDS      CREATED
                                            THAT CAN STILL BE                           FOR PRINTOUT)
                                            HANDLED

 NEXT SEEDS:       0       0       0       0       0       0   181CD    3039       0       0
          1                999999                999999             4.9734116E-04         1.0000000E+30                 0       
 NEXT SEEDS:     88C       0       0       0       0       0   181CD    3039       0       0
      20000                980000                980000             9.3309252E-04         1.0000000E+30               195       
 NEXT SEEDS: 2C9A6E1       0       0       0       0       0   181CD    3039       0       0
      40000                960000                960000             9.4037081E-04         1.0000000E+30               384       
 NEXT SEEDS: 592F9EF       0       0       0       0       0   181CD    3039       0       0
      60000                940000                940000             9.3675795E-04         1.0000000E+30               563       
 NEXT SEEDS: 85D5FBF       0       0       0       0       0   181CD    3039       0       0
      80000                920000                920000             9.0794218E-04         1.0000000E+30               751       
 NEXT SEEDS: B26634D       0       0       0       0       0   181CD    3039       0       0
     100000                900000                900000             8.9286101E-04         1.0000000E+30               949       
 NEXT SEEDS: DF03815       0       0       0       0       0   181CD    3039       0       0
     120000                880000                880000             8.7808048E-04         1.0000000E+30              1128       
 NEXT SEEDS:10B9A153       0       0       0       0       0   181CD    3039       0       0
     140000                860000                860000             8.8849944E-04         1.0000000E+30              1339       
 NEXT SEEDS:13834736       0       0       0       0       0   181CD    3039       0       0
     160000                840000                840000             8.9181460E-04         1.0000000E+30              1538       
 NEXT SEEDS:164D2FE6       0       0       0       0       0   181CD    3039       0       0
     180000                820000                820000             8.9308106E-04         1.0000000E+30              1726       
 NEXT SEEDS:1916ABEF       0       0       0       0       0   181CD    3039       0       0
     200000                800000                800000             8.9364608E-04         1.0000000E+30              1932       
 NEXT SEEDS:1BE10792       0       0       0       0       0   181CD    3039       0       0
     220000                780000                780000             8.9425714E-04         1.0000000E+30              2117       
 NEXT SEEDS:1EAA884E       0       0       0       0       0   181CD    3039       0       0
     240000                760000                760000             8.9497973E-04         1.0000000E+30              2311       
 NEXT SEEDS:2173C9C8       0       0       0       0       0   181CD    3039       0       0
     260000                740000                740000             8.9561356E-04         1.0000000E+30              2485       
 NEXT SEEDS:243D0B70       0       0       0       0       0   181CD    3039       0       0
     280000                720000                720000             8.9709499E-04         1.0000000E+30              2689       
 NEXT SEEDS:2706DB47       0       0       0       0       0   181CD    3039       0       0
     300000                700000                700000             8.9765864E-04         1.0000000E+30              2890       
 NEXT SEEDS:29D0937A       0       0       0       0       0   181CD    3039       0       0
     320000                680000                680000             8.9862771E-04         1.0000000E+30              3080       
 NEXT SEEDS:2C9A37E3       0       0       0       0       0   181CD    3039       0       0
     340000                660000                660000             8.9917167E-04         1.0000000E+30              3310       
 NEXT SEEDS:2F640A99       0       0       0       0       0   181CD    3039       0       0
     360000                640000                640000             8.9195730E-04         1.0000000E+30              3510       
 NEXT SEEDS:322F0132       0       0       0       0       0   181CD    3039       0       0
     380000                620000                620000             8.9294196E-04         1.0000000E+30              3703       
 NEXT SEEDS:34F97DFA       0       0       0       0       0   181CD    3039       0       0
     400000                600000                600000             8.9161800E-04         1.0000000E+30              3868       
 NEXT SEEDS:37C30E7B       0       0       0       0       0   181CD    3039       0       0
     420000                580000                580000             8.8857360E-04         1.0000000E+30              4049       
 NEXT SEEDS:3A8D0CAB       0       0       0       0       0   181CD    3039       0       0
     440000                560000                560000             8.9054291E-04         1.0000000E+30              4259       
 NEXT SEEDS: 1BBB1B3       1       0       0       0       0   181CD    3039       0       0
     460000                540000                540000             8.9223861E-04         1.0000000E+30              4429       
 NEXT SEEDS: 484586B       1       0       0       0       0   181CD    3039       0       0
     480000                520000                520000             8.9313249E-04         1.0000000E+30              4646       
 NEXT SEEDS: 74F83CA       1       0       0       0       0   181CD    3039       0       0
     500000                500000                500000             8.9413705E-04         1.0000000E+30              4848       
 NEXT SEEDS: A193CD5       1       0       0       0       0   181CD    3039       0       0
     520000                480000                480000             8.9491327E-04         1.0000000E+30              5045       
 NEXT SEEDS: CE2E175       1       0       0       0       0   181CD    3039       0       0
     540000                460000                460000             8.9520351E-04         1.0000000E+30              5225       
 NEXT SEEDS: FACD060       1       0       0       0       0   181CD    3039       0       0
     560000                440000                440000             8.9625732E-04         1.0000000E+30              5420       
 NEXT SEEDS:1276697D       1       0       0       0       0   181CD    3039       0       0
     580000                420000                420000             8.9639648E-04         1.0000000E+30              5606       
 NEXT SEEDS:15409247       1       0       0       0       0   181CD    3039       0       0
     600000                400000                400000             8.9373064E-04         1.0000000E+30              5787       
 NEXT SEEDS:18099F0B       1       0       0       0       0   181CD    3039       0       0
     620000                380000                380000             8.9217231E-04         1.0000000E+30              5984       
 NEXT SEEDS:1AD42528       1       0       0       0       0   181CD    3039       0       0
     640000                360000                360000             8.9027097E-04         1.0000000E+30              6156       
 NEXT SEEDS:1D9C43EA       1       0       0       0       0   181CD    3039       0       0
     660000                340000                340000             8.9107867E-04         1.0000000E+30              6362       
 NEXT SEEDS:2067209D       1       0       0       0       0   181CD    3039       0       0
     680000                320000                320000             8.9154230E-04         1.0000000E+30              6538       
 NEXT SEEDS:233107AC       1       0       0       0       0   181CD    3039       0       0
     700000                300000                300000             8.9207787E-04         1.0000000E+30              6727       
 NEXT SEEDS:25FBD76D       1       0       0       0       0   181CD    3039       0       0
     720000                280000                280000             8.9376795E-04         1.0000000E+30              6918       
 NEXT SEEDS:28C6B265       1       0       0       0       0   181CD    3039       0       0
     740000                260000                260000             8.9594023E-04         1.0000000E+30              7120       
 NEXT SEEDS:2B8FE8FC       1       0       0       0       0   181CD    3039       0       0
     760000                240000                240000             8.9737707E-04         1.0000000E+30              7308       
 NEXT SEEDS:2E583915       1       0       0       0       0   181CD    3039       0       0
     780000                220000                220000             8.9817604E-04         1.0000000E+30              7493       
 NEXT SEEDS:3121F95C       1       0       0       0       0   181CD    3039       0       0
     800000                200000                200000             8.9800466E-04         1.0000000E+30              7669       
 NEXT SEEDS:33EB224A       1       0       0       0       0   181CD    3039       0       0
     820000                180000                180000             8.9674748E-04         1.0000000E+30              7862       
 NEXT SEEDS:36B5862F       1       0       0       0       0   181CD    3039       0       0
     840000                160000                160000             8.9661950E-04         1.0000000E+30              8085       
 NEXT SEEDS:397FE398       1       0       0       0       0   181CD    3039       0       0
     860000                140000                140000             8.9814863E-04         1.0000000E+30              8274       
 NEXT SEEDS:  ADA901       2       0       0       0       0   181CD    3039       0       0
     880000                120000                120000             8.9913675E-04         1.0000000E+30              8471       
 NEXT SEEDS: 378DC8F       2       0       0       0       0   181CD    3039       0       0
     900000                100000                100000             9.0078483E-04         1.0000000E+30              8649       
 NEXT SEEDS: 642B95D       2       0       0       0       0   181CD    3039       0       0
     920000                 80000                 80000             9.0235196E-04         1.0000000E+30              8867       
 NEXT SEEDS: 90D5514       2       0       0       0       0   181CD    3039       0       0
     940000                 60000                 60000             9.0379403E-04         1.0000000E+30              9071       
 NEXT SEEDS: BD7BA36       2       0       0       0       0   181CD    3039       0       0
     960000                 40000                 40000             9.0523337E-04         1.0000000E+30              9263       
 NEXT SEEDS: EA1C3CC       2       0       0       0       0   181CD    3039       0       0
     980000                 20000                 20000             9.0649936E-04         1.0000000E+30              9441       
 NEXT SEEDS:116B6EFF       2       0       0       0       0   181CD    3039       0       0
     999950                    50                    50             9.0731830E-04         1.0000000E+30              9614       
 NEXT SEEDS:1433DD7B       2       0       0       0       0   181CD    3039       0       0
     999951                    49                    49             9.0731806E-04         1.0000000E+30              9614       
 NEXT SEEDS:1433E6CA       2       0       0       0       0   181CD    3039       0       0
     999952                    48                    48             9.0731831E-04         1.0000000E+30              9615       
 NEXT SEEDS:1433FAD9       2       0       0       0       0   181CD    3039       0       0
     999953                    47                    47             9.0731802E-04         1.0000000E+30              9615       
 NEXT SEEDS:1434035F       2       0       0       0       0   181CD    3039       0       0
     999954                    46                    46             9.0731772E-04         1.0000000E+30              9615       
 NEXT SEEDS:14340C3A       2       0       0       0       0   181CD    3039       0       0
     999955                    45                    45             9.0731742E-04         1.0000000E+30              9615       
 NEXT SEEDS:1434157E       2       0       0       0       0   181CD    3039       0       0
     999956                    44                    44             9.0731713E-04         1.0000000E+30              9615       
 NEXT SEEDS:14341E6D       2       0       0       0       0   181CD    3039       0       0
     999957                    43                    43             9.0731683E-04         1.0000000E+30              9615       
 NEXT SEEDS:1434272E       2       0       0       0       0   181CD    3039       0       0
     999958                    42                    42             9.0731653E-04         1.0000000E+30              9615       
 NEXT SEEDS:14342FA9       2       0       0       0       0   181CD    3039       0       0
     999959                    41                    41             9.0731624E-04         1.0000000E+30              9615       
 NEXT SEEDS:143438CA       2       0       0       0       0   181CD    3039       0       0
     999960                    40                    40             9.0731600E-04         1.0000000E+30              9615       
 NEXT SEEDS:14344617       2       0       0       0       0   181CD    3039       0       0
     999961                    39                    39             9.0731570E-04         1.0000000E+30              9615       
 NEXT SEEDS:14344F5C       2       0       0       0       0   181CD    3039       0       0
     999962                    38                    38             9.0731541E-04         1.0000000E+30              9615       
 NEXT SEEDS:14345818       2       0       0       0       0   181CD    3039       0       0
     999963                    37                    37             9.0731511E-04         1.0000000E+30              9615       
 NEXT SEEDS:1434613D       2       0       0       0       0   181CD    3039       0       0
     999964                    36                    36             9.0731481E-04         1.0000000E+30              9615       
 NEXT SEEDS:14346A1D       2       0       0       0       0   181CD    3039       0       0
     999965                    35                    35             9.0731452E-04         1.0000000E+30              9615       
 NEXT SEEDS:1434726E       2       0       0       0       0   181CD    3039       0       0
     999966                    34                    34             9.0731416E-04         1.0000000E+30              9615       
 NEXT SEEDS:14347B6B       2       0       0       0       0   181CD    3039       0       0
     999967                    33                    33             9.0731386E-04         1.0000000E+30              9615       
 NEXT SEEDS:14348428       2       0       0       0       0   181CD    3039       0       0
     999968                    32                    32             9.0731356E-04         1.0000000E+30              9615       
 NEXT SEEDS:14348D09       2       0       0       0       0   181CD    3039       0       0
     999969                    31                    31             9.0731327E-04         1.0000000E+30              9615       
 NEXT SEEDS:1434960C       2       0       0       0       0   181CD    3039       0       0
     999970                    30                    30             9.0731297E-04         1.0000000E+30              9615       
 NEXT SEEDS:14349ECF       2       0       0       0       0   181CD    3039       0       0
     999971                    29                    29             9.0731267E-04         1.0000000E+30              9615       
 NEXT SEEDS:1434A7DC       2       0       0       0       0   181CD    3039       0       0
     999972                    28                    28             9.0731244E-04         1.0000000E+30              9615       
 NEXT SEEDS:1434B103       2       0       0       0       0   181CD    3039       0       0
     999973                    27                    27             9.0731208E-04         1.0000000E+30              9615       
 NEXT SEEDS:1434BA2C       2       0       0       0       0   181CD    3039       0       0
     999974                    26                    26             9.0731178E-04         1.0000000E+30              9615       
 NEXT SEEDS:1434C2DA       2       0       0       0       0   181CD    3039       0       0
     999975                    25                    25             9.0731148E-04         1.0000000E+30              9615       
 NEXT SEEDS:1434CB91       2       0       0       0       0   181CD    3039       0       0
     999976                    24                    24             9.0731119E-04         1.0000000E+30              9615       
 NEXT SEEDS:1434D472       2       0       0       0       0   181CD    3039       0       0
     999977                    23                    23             9.0731089E-04         1.0000000E+30              9615       
 NEXT SEEDS:1434DD00       2       0       0       0       0   181CD    3039       0       0
     999978                    22                    22             9.0731053E-04         1.0000000E+30              9615       
 NEXT SEEDS:1434E5B7       2       0       0       0       0   181CD    3039       0       0
     999979                    21                    21             9.0731024E-04         1.0000000E+30              9615       
 NEXT SEEDS:1434EEEF       2       0       0       0       0   181CD    3039       0       0
     999980                    20                    20             9.0731000E-04         1.0000000E+30              9615       
 NEXT SEEDS:1434F858       2       0       0       0       0   181CD    3039       0       0
     999981                    19                    19             9.0730970E-04         1.0000000E+30              9615       
 NEXT SEEDS:14350168       2       0       0       0       0   181CD    3039       0       0
     999982                    18                    18             9.0730941E-04         1.0000000E+30              9615       
 NEXT SEEDS:14350A13       2       0       0       0       0   181CD    3039       0       0
     999983                    17                    17             9.0730905E-04         1.0000000E+30              9616       
 NEXT SEEDS:14351204       2       0       0       0       0   181CD    3039       0       0
     999984                    16                    16             9.0730875E-04         1.0000000E+30              9616       
 NEXT SEEDS:14351B1F       2       0       0       0       0   181CD    3039       0       0
     999985                    15                    15             9.0730845E-04         1.0000000E+30              9616       
 NEXT SEEDS:143523CA       2       0       0       0       0   181CD    3039       0       0
     999986                    14                    14             9.0730816E-04         1.0000000E+30              9616       
 NEXT SEEDS:14352C86       2       0       0       0       0   181CD    3039       0       0
     999987                    13                    13             9.0730786E-04         1.0000000E+30              9616       
 NEXT SEEDS:143535CB       2       0       0       0       0   181CD    3039       0       0
     999988                    12                    12             9.0730756E-04         1.0000000E+30              9616       
 NEXT SEEDS:14353EB6       2       0       0       0       0   181CD    3039       0       0
     999989                    11                    11             9.0730727E-04         1.0000000E+30              9616       
 NEXT SEEDS:14354804       2       0       0       0       0   181CD    3039       0       0
     999990                    10                    10             9.0730697E-04         1.0000000E+30              9616       
 NEXT SEEDS:143550BC       2       0       0       0       0   181CD    3039       0       0
     999991                     9                     9             9.0730673E-04         1.0000000E+30              9616       
 NEXT SEEDS:1435597B       2       0       0       0       0   181CD    3039       0       0
     999992                     8                     8             9.0730638E-04         1.0000000E+30              9616       
 NEXT SEEDS:14356258       2       0       0       0       0   181CD    3039       0       0
     999993                     7                     7             9.0730608E-04         1.0000000E+30              9616       
 NEXT SEEDS:14356B20       2       0       0       0       0   181CD    3039       0       0
     999994                     6                     6             9.0730578E-04         1.0000000E+30              9616       
 NEXT SEEDS:143573D9       2       0       0       0       0   181CD    3039       0       0
     999995                     5                     5             9.0730555E-04         1.0000000E+30              9616       
 NEXT SEEDS:14357D6A       2       0       0       0       0   181CD    3039       0       0
     999996                     4                     4             9.0730525E-04         1.0000000E+30              9616       
 NEXT SEEDS:14358667       2       0       0       0       0   181CD    3039       0       0
     999997                     3                     3             9.0730495E-04         1.0000000E+30              9616       
 NEXT SEEDS:14358F12       2       0       0       0       0   181CD    3039       0       0
     999998                     2                     2             9.0730465E-04         1.0000000E+30              9616       
 NEXT SEEDS:14359821       2       0       0       0       0   181CD    3039       0       0
     999999                     1                     1             9.0730436E-04         1.0000000E+30              9616       
 NEXT SEEDS:1435A5E3       2       0       0       0       0   181CD    3039       0       0
    1000000                     0                     1             9.0730406E-04         1.0000000E+30              9616       
 NEXT SEEDS:1435AECC       2       0       0       0       0   181CD    3039       0       0
