1NUMBER OF BEAM       NUMBER OF BEAM        APPROXIMATE NUMBER    AVERAGE TIME USED     TIME LEFT (RESERVED   NUMBER OF STARS
 PARTICLES HANDLED    PARTICLES LEFT        OF BEAM PARTICLES     BY A BEAM PARTICLE     10000.0 SECONDS      CREATED
                                            THAT CAN STILL BE                           FOR PRINTOUT)
                                            HANDLED

 NEXT SEEDS:       0       0       0       0       0       0   181CD    3039       0       0
          1                999999                999999             2.8839111E-03         1.0000000E+30                 1       
 NEXT SEEDS:    30F6       0       0       0       0       0   181CD    3039       0       0
      20000                980000                980000             5.0625817E-03         1.0000000E+30              6965       
 NEXT SEEDS:119715FC       0       0       0       0       0   181CD    3039       0       0
      40000                960000                960000             5.0916163E-03         1.0000000E+30             13958       
 NEXT SEEDS:230FE99D       0       0       0       0       0   181CD    3039       0       0
      60000                940000                940000             5.1793484E-03         1.0000000E+30             20892       
 NEXT SEEDS:34B45041       0       0       0       0       0   181CD    3039       0       0
      80000                920000                920000             5.1503804E-03         1.0000000E+30             27829       
 NEXT SEEDS: A82877D       1       0       0       0       0   181CD    3039       0       0
     100000                900000                900000             5.1672215E-03         1.0000000E+30             34624       
 NEXT SEEDS:1BF3851C       1       0       0       0       0   181CD    3039       0       0
     120000                880000                880000             5.1985802E-03         1.0000000E+30             41619       
 NEXT SEEDS:2D83617A       1       0       0       0       0   181CD    3039       0       0
     140000                860000                860000             5.2067312E-03         1.0000000E+30             48648       
 NEXT SEEDS: 36574B6       2       0       0       0       0   181CD    3039       0       0
     160000                840000                840000             5.1889849E-03         1.0000000E+30             55532       
 NEXT SEEDS:14D69409       2       0       0       0       0   181CD    3039       0       0
     180000                820000                820000             5.1938886E-03         1.0000000E+30             62418       
 NEXT SEEDS:26576D51       2       0       0       0       0   181CD    3039       0       0
     200000                800000                800000             5.2123333E-03         1.0000000E+30             69310       
 NEXT SEEDS:37CB7E1F       2       0       0       0       0   181CD    3039       0       0
     220000                780000                780000             5.1736616E-03         1.0000000E+30             76340       
 NEXT SEEDS: D9D007B       3       0       0       0       0   181CD    3039       0       0
     240000                760000                760000             5.1536524E-03         1.0000000E+30             83275       
 NEXT SEEDS:1F29DAD7       3       0       0       0       0   181CD    3039       0       0
     260000                740000                740000             5.1248126E-03         1.0000000E+30             90351       
 NEXT SEEDS:30C87C3D       3       0       0       0       0   181CD    3039       0       0
     280000                720000                720000             5.1092411E-03         1.0000000E+30             97288       
 NEXT SEEDS: 6ADD4D0       4       0       0       0       0   181CD    3039       0       0
 COUSET, TXYZ:   1.00000000002812     -0.311500207696271      0.950246084265238    
     300000                700000                700000             5.0828291E-03         1.0000000E+30            104218       
 NEXT SEEDS:1834E6D1       4       0       0       0       0   181CD    3039       0       0
     320000                680000                680000             5.0645690E-03         1.0000000E+30            111042       
 NEXT SEEDS:29A77C6B       4       0       0       0       0   181CD    3039       0       0
     340000                660000                660000             5.0473743E-03         1.0000000E+30            117910       
 NEXT SEEDS:3B380D84       4       0       0       0       0   181CD    3039       0       0
 COUSET, TXYZ:   1.00000000003623     -0.891083310309595     -0.453839767054576    
     360000                640000                640000             5.0406572E-03         1.0000000E+30            124953       
 NEXT SEEDS:111F62C9       5       0       0       0       0   181CD    3039       0       0
     380000                620000                620000             5.0273694E-03         1.0000000E+30            131903       
 NEXT SEEDS:22900402       5       0       0       0       0   181CD    3039       0       0
     400000                600000                600000             5.0120431E-03         1.0000000E+30            138825       
 NEXT SEEDS:33F2D494       5       0       0       0       0   181CD    3039       0       0
     420000                580000                580000             5.0080604E-03         1.0000000E+30            145687       
 NEXT SEEDS: 9DD4100       6       0       0       0       0   181CD    3039       0       0
     440000                560000                560000             5.0044780E-03         1.0000000E+30            152446       
 NEXT SEEDS:1B5F2095       6       0       0       0       0   181CD    3039       0       0
     460000                540000                540000             4.9942826E-03         1.0000000E+30            159385       
 NEXT SEEDS:2CD581F9       6       0       0       0       0   181CD    3039       0       0
     480000                520000                520000             4.9848996E-03         1.0000000E+30            166285       
 NEXT SEEDS: 2D9D4AC       7       0       0       0       0   181CD    3039       0       0
     500000                500000                500000             4.9825974E-03         1.0000000E+30            173334       
 NEXT SEEDS:1456EE4D       7       0       0       0       0   181CD    3039       0       0
     520000                480000                480000             4.9853184E-03         1.0000000E+30            180263       
 NEXT SEEDS:25D31C47       7       0       0       0       0   181CD    3039       0       0
     540000                460000                460000             4.9751521E-03         1.0000000E+30            187135       
 NEXT SEEDS:3766700D       7       0       0       0       0   181CD    3039       0       0
     560000                440000                440000             4.9713777E-03         1.0000000E+30            194188       
 NEXT SEEDS: D4EE76C       8       0       0       0       0   181CD    3039       0       0
     580000                420000                420000             4.9755848E-03         1.0000000E+30            201075       
 NEXT SEEDS:1ED8DA16       8       0       0       0       0   181CD    3039       0       0
     600000                400000                400000             4.9692165E-03         1.0000000E+30            208070       
 NEXT SEEDS:3072BB9D       8       0       0       0       0   181CD    3039       0       0
 COUSET, TXYZ:  0.999999999993697     -0.513434042927521      0.858129059961551    
     620000                380000                380000             4.9676905E-03         1.0000000E+30            214999       
 NEXT SEEDS: 652D343       9       0       0       0       0   181CD    3039       0       0
     640000                360000                360000             4.9666711E-03         1.0000000E+30            221805       
 NEXT SEEDS:17E4BF81       9       0       0       0       0   181CD    3039       0       0
     660000                340000                340000             4.9655882E-03         1.0000000E+30            228776       
 NEXT SEEDS:29631033       9       0       0       0       0   181CD    3039       0       0
 COUSET, TXYZ:  0.999999999981875     -0.998583433609975      5.320832720038175E-02
     680000                320000                320000             4.9600315E-03         1.0000000E+30            235857       
 NEXT SEEDS:3AE4C9AE       9       0       0       0       0   181CD    3039       0       0
     700000                300000                300000             4.9634833E-03         1.0000000E+30            242838       
 NEXT SEEDS:10B9F071       A       0       0       0       0   181CD    3039       0       0
     720000                280000                280000             4.9627585E-03         1.0000000E+30            249717       
 NEXT SEEDS:224F839C       A       0       0       0       0   181CD    3039       0       0
     740000                260000                260000             4.9578206E-03         1.0000000E+30            256681       
 NEXT SEEDS:33E960CB       A       0       0       0       0   181CD    3039       0       0
     760000                240000                240000             4.9606810E-03         1.0000000E+30            263588       
 NEXT SEEDS: 9E139BE       B       0       0       0       0   181CD    3039       0       0
     780000                220000                220000             4.9619427E-03         1.0000000E+30            270540       
 NEXT SEEDS:1B488E52       B       0       0       0       0   181CD    3039       0       0
     800000                200000                200000             4.9580967E-03         1.0000000E+30            277450       
 NEXT SEEDS:2CB6375A       B       0       0       0       0   181CD    3039       0       0
 COUSET, TXYZ:  0.999999999989839     -0.882332156759164      0.470627203982515    
     820000                180000                180000             4.9610978E-03         1.0000000E+30            284363       
 NEXT SEEDS: 2982111       C       0       0       0       0   181CD    3039       0       0
     840000                160000                160000             4.9584488E-03         1.0000000E+30            291335       
 NEXT SEEDS:1418EA54       C       0       0       0       0   181CD    3039       0       0
     860000                140000                140000             4.9584579E-03         1.0000000E+30            298277       
 NEXT SEEDS:257BE8C5       C       0       0       0       0   181CD    3039       0       0
     880000                120000                120000             4.9609462E-03         1.0000000E+30            305235       
 NEXT SEEDS:36E31743       C       0       0       0       0   181CD    3039       0       0
     900000                100000                100000             4.9566150E-03         1.0000000E+30            312199       
 NEXT SEEDS: CE8E97B       D       0       0       0       0   181CD    3039       0       0
     920000                 80000                 80000             4.9499362E-03         1.0000000E+30            319219       
 NEXT SEEDS:1E672BDC       D       0       0       0       0   181CD    3039       0       0
 COUSET, TXYZ:  0.999999999993828      0.161845559815424      0.986816099765143    
     940000                 60000                 60000             4.9381606E-03         1.0000000E+30            326115       
 NEXT SEEDS:2FE0E0F0       D       0       0       0       0   181CD    3039       0       0
     960000                 40000                 40000             4.9278792E-03         1.0000000E+30            333105       
 NEXT SEEDS: 5BD1594       E       0       0       0       0   181CD    3039       0       0
     980000                 20000                 20000             4.9241299E-03         1.0000000E+30            340199       
 NEXT SEEDS:173AFBA9       E       0       0       0       0   181CD    3039       0       0
     999950                    50                    50             4.9213719E-03         1.0000000E+30            347211       
 NEXT SEEDS:28AC5D87       E       0       0       0       0   181CD    3039       0       0
     999951                    49                    49             4.9213738E-03         1.0000000E+30            347212       
 NEXT SEEDS:28AC8700       E       0       0       0       0   181CD    3039       0       0
     999952                    48                    48             4.9213816E-03         1.0000000E+30            347212       
 NEXT SEEDS:28ACBA9F       E       0       0       0       0   181CD    3039       0       0
     999953                    47                    47             4.9213918E-03         1.0000000E+30            347212       
 NEXT SEEDS:28ACF787       E       0       0       0       0   181CD    3039       0       0
     999954                    46                    46             4.9214025E-03         1.0000000E+30            347213       
 NEXT SEEDS:28AD33A8       E       0       0       0       0   181CD    3039       0       0
     999955                    45                    45             4.9214113E-03         1.0000000E+30            347213       
 NEXT SEEDS:28AD6DD8       E       0       0       0       0   181CD    3039       0       0
     999956                    44                    44             4.9214200E-03         1.0000000E+30            347213       
 NEXT SEEDS:28ADA4DE       E       0       0       0       0   181CD    3039       0       0
     999957                    43                    43             4.9214273E-03         1.0000000E+30            347215       
 NEXT SEEDS:28ADD52A       E       0       0       0       0   181CD    3039       0       0
     999958                    42                    42             4.9214331E-03         1.0000000E+30            347216       
 NEXT SEEDS:28ADFFAA       E       0       0       0       0   181CD    3039       0       0
     999959                    41                    41             4.9214389E-03         1.0000000E+30            347216       
 NEXT SEEDS:28AE2A6D       E       0       0       0       0   181CD    3039       0       0
     999960                    40                    40             4.9214467E-03         1.0000000E+30            347216       
 NEXT SEEDS:28AE5BB4       E       0       0       0       0   181CD    3039       0       0
     999961                    39                    39             4.9214520E-03         1.0000000E+30            347217       
 NEXT SEEDS:28AE7F1A       E       0       0       0       0   181CD    3039       0       0
     999962                    38                    38             4.9214579E-03         1.0000000E+30            347217       
 NEXT SEEDS:28AEC04A       E       0       0       0       0   181CD    3039       0       0
     999963                    37                    37             4.9214598E-03         1.0000000E+30            347218       
 NEXT SEEDS:28AEDA3A       E       0       0       0       0   181CD    3039       0       0
     999964                    36                    36             4.9214685E-03         1.0000000E+30            347219       
 NEXT SEEDS:28AF10CB       E       0       0       0       0   181CD    3039       0       0
     999965                    35                    35             4.9214729E-03         1.0000000E+30            347220       
 NEXT SEEDS:28AF3811       E       0       0       0       0   181CD    3039       0       0
     999966                    34                    34             4.9214802E-03         1.0000000E+30            347220       
 NEXT SEEDS:28AF69A0       E       0       0       0       0   181CD    3039       0       0
     999967                    33                    33             4.9214909E-03         1.0000000E+30            347221       
 NEXT SEEDS:28AFA80B       E       0       0       0       0   181CD    3039       0       0
     999968                    32                    32             4.9214977E-03         1.0000000E+30            347222       
 NEXT SEEDS:28AFD32C       E       0       0       0       0   181CD    3039       0       0
     999969                    31                    31             4.9215050E-03         1.0000000E+30            347222       
 NEXT SEEDS:28B00484       E       0       0       0       0   181CD    3039       0       0
     999970                    30                    30             4.9215142E-03         1.0000000E+30            347222       
 NEXT SEEDS:28B0400C       E       0       0       0       0   181CD    3039       0       0
     999971                    29                    29             4.9215225E-03         1.0000000E+30            347222       
 NEXT SEEDS:28B07959       E       0       0       0       0   181CD    3039       0       0
     999972                    28                    28             4.9215239E-03         1.0000000E+30            347222       
 NEXT SEEDS:28B0A265       E       0       0       0       0   181CD    3039       0       0
     999973                    27                    27             4.9215405E-03         1.0000000E+30            347223       
 NEXT SEEDS:28B10D03       E       0       0       0       0   181CD    3039       0       0
     999974                    26                    26             4.9215512E-03         1.0000000E+30            347223       
 NEXT SEEDS:28B14BE7       E       0       0       0       0   181CD    3039       0       0
     999975                    25                    25             4.9215599E-03         1.0000000E+30            347224       
 NEXT SEEDS:28B181BD       E       0       0       0       0   181CD    3039       0       0
     999976                    24                    24             4.9215701E-03         1.0000000E+30            347225       
 NEXT SEEDS:28B1C265       E       0       0       0       0   181CD    3039       0       0
     999977                    23                    23             4.9215852E-03         1.0000000E+30            347226       
 NEXT SEEDS:28B212D8       E       0       0       0       0   181CD    3039       0       0
     999978                    22                    22             4.9216003E-03         1.0000000E+30            347227       
 NEXT SEEDS:28B26886       E       0       0       0       0   181CD    3039       0       0
     999979                    21                    21             4.9216071E-03         1.0000000E+30            347227       
 NEXT SEEDS:28B29C4B       E       0       0       0       0   181CD    3039       0       0
     999980                    20                    20             4.9216144E-03         1.0000000E+30            347227       
 NEXT SEEDS:28B2CD39       E       0       0       0       0   181CD    3039       0       0
     999981                    19                    19             4.9216315E-03         1.0000000E+30            347228       
 NEXT SEEDS:28B3297E       E       0       0       0       0   181CD    3039       0       0
     999982                    18                    18             4.9216402E-03         1.0000000E+30            347228       
 NEXT SEEDS:28B360A6       E       0       0       0       0   181CD    3039       0       0
     999983                    17                    17             4.9216538E-03         1.0000000E+30            347229       
 NEXT SEEDS:28B3A6C9       E       0       0       0       0   181CD    3039       0       0
     999984                    16                    16             4.9216626E-03         1.0000000E+30            347229       
 NEXT SEEDS:28B3E216       E       0       0       0       0   181CD    3039       0       0
     999985                    15                    15             4.9216757E-03         1.0000000E+30            347231       
 NEXT SEEDS:28B42AA3       E       0       0       0       0   181CD    3039       0       0
     999986                    14                    14             4.9216830E-03         1.0000000E+30            347231       
 NEXT SEEDS:28B45C20       E       0       0       0       0   181CD    3039       0       0
     999987                    13                    13             4.9216903E-03         1.0000000E+30            347231       
 NEXT SEEDS:28B48D28       E       0       0       0       0   181CD    3039       0       0
     999988                    12                    12             4.9216937E-03         1.0000000E+30            347231       
 NEXT SEEDS:28B4C0BC       E       0       0       0       0   181CD    3039       0       0
     999989                    11                    11             4.9217024E-03         1.0000000E+30            347232       
 NEXT SEEDS:28B4F2DB       E       0       0       0       0   181CD    3039       0       0
     999990                    10                    10             4.9217107E-03         1.0000000E+30            347232       
 NEXT SEEDS:28B52A54       E       0       0       0       0   181CD    3039       0       0
     999991                     9                     9             4.9217170E-03         1.0000000E+30            347232       
 NEXT SEEDS:28B55966       E       0       0       0       0   181CD    3039       0       0
     999992                     8                     8             4.9217258E-03         1.0000000E+30            347232       
 NEXT SEEDS:28B590DA       E       0       0       0       0   181CD    3039       0       0
     999993                     7                     7             4.9217404E-03         1.0000000E+30            347233       
 NEXT SEEDS:28B5E253       E       0       0       0       0   181CD    3039       0       0
     999994                     6                     6             4.9217496E-03         1.0000000E+30            347234       
 NEXT SEEDS:28B62B1E       E       0       0       0       0   181CD    3039       0       0
     999995                     5                     5             4.9217559E-03         1.0000000E+30            347234       
 NEXT SEEDS:28B65AD0       E       0       0       0       0   181CD    3039       0       0
     999996                     4                     4             4.9217651E-03         1.0000000E+30            347234       
 NEXT SEEDS:28B69657       E       0       0       0       0   181CD    3039       0       0
     999997                     3                     3             4.9217744E-03         1.0000000E+30            347235       
 NEXT SEEDS:28B6CFD6       E       0       0       0       0   181CD    3039       0       0
     999998                     2                     2             4.9217831E-03         1.0000000E+30            347235       
 NEXT SEEDS:28B707FB       E       0       0       0       0   181CD    3039       0       0
     999999                     1                     1             4.9217943E-03         1.0000000E+30            347235       
 NEXT SEEDS:28B744B8       E       0       0       0       0   181CD    3039       0       0
    1000000                     0                     1             4.9218011E-03         1.0000000E+30            347235       
 NEXT SEEDS:28B77476       E       0       0       0       0   181CD    3039       0       0
