1NUMBER OF BEAM       NUMBER OF BEAM        APPROXIMATE NUMBER    AVERAGE TIME USED     TIME LEFT (RESERVED   NUMBER OF STARS
 PARTICLES HANDLED    PARTICLES LEFT        OF BEAM PARTICLES     BY A BEAM PARTICLE     10000.0 SECONDS      CREATED
                                            THAT CAN STILL BE                           FOR PRINTOUT)
                                            HANDLED

 NEXT SEEDS:       0       0       0       0       0       0   181CD    3039       0       0
          1                999999                999999             1.5571117E-03         1.0000000E+30                 0       
 NEXT SEEDS:     58C       0       0       0       0       0   181CD    3039       0       0
      20000                980000                980000             8.4681093E-04         1.0000000E+30                59       
 NEXT SEEDS: 2576F16       0       0       0       0       0   181CD    3039       0       0
      40000                960000                960000             8.5824752E-04         1.0000000E+30               122       
 NEXT SEEDS: 4AF920E       0       0       0       0       0   181CD    3039       0       0
      60000                940000                940000             8.1243411E-04         1.0000000E+30               166       
 NEXT SEEDS: 708AE9A       0       0       0       0       0   181CD    3039       0       0
      80000                920000                920000             8.2215789E-04         1.0000000E+30               221       
 NEXT SEEDS: 95FDC6D       0       0       0       0       0   181CD    3039       0       0
     100000                900000                900000             8.2932825E-04         1.0000000E+30               282       
 NEXT SEEDS: BB80CD0       0       0       0       0       0   181CD    3039       0       0
     120000                880000                880000             8.0964243E-04         1.0000000E+30               334       
 NEXT SEEDS: E0E3E18       0       0       0       0       0   181CD    3039       0       0
     140000                860000                860000             8.1747367E-04         1.0000000E+30               385       
 NEXT SEEDS:1066826D       0       0       0       0       0   181CD    3039       0       0
     160000                840000                840000             8.1531941E-04         1.0000000E+30               455       
 NEXT SEEDS:12BF893E       0       0       0       0       0   181CD    3039       0       0
     180000                820000                820000             7.9299432E-04         1.0000000E+30               518       
 NEXT SEEDS:1517550F       0       0       0       0       0   181CD    3039       0       0
     200000                800000                800000             7.9879590E-04         1.0000000E+30               575       
 NEXT SEEDS:176FE890       0       0       0       0       0   181CD    3039       0       0
     220000                780000                780000             8.0700105E-04         1.0000000E+30               627       
 NEXT SEEDS:19C71F61       0       0       0       0       0   181CD    3039       0       0
     240000                760000                760000             7.9979144E-04         1.0000000E+30               684       
 NEXT SEEDS:1C1F24A8       0       0       0       0       0   181CD    3039       0       0
     260000                740000                740000             8.0420407E-04         1.0000000E+30               750       
 NEXT SEEDS:1E74C3A6       0       0       0       0       0   181CD    3039       0       0
     280000                720000                720000             7.9842816E-04         1.0000000E+30               807       
 NEXT SEEDS:20CC3019       0       0       0       0       0   181CD    3039       0       0
     300000                700000                700000             7.8948876E-04         1.0000000E+30               858       
 NEXT SEEDS:2324EC13       0       0       0       0       0   181CD    3039       0       0
     320000                680000                680000             7.9372752E-04         1.0000000E+30               915       
 NEXT SEEDS:257D56C7       0       0       0       0       0   181CD    3039       0       0
     340000                660000                660000             7.9008397E-04         1.0000000E+30               967       
 NEXT SEEDS:27D53167       0       0       0       0       0   181CD    3039       0       0
     360000                640000                640000             7.9561007E-04         1.0000000E+30              1013       
 NEXT SEEDS:2A2C630C       0       0       0       0       0   181CD    3039       0       0
     380000                620000                620000             7.9815676E-04         1.0000000E+30              1068       
 NEXT SEEDS:2C840184       0       0       0       0       0   181CD    3039       0       0
     400000                600000                600000             7.8742777E-04         1.0000000E+30              1119       
 NEXT SEEDS:2EDAE59C       0       0       0       0       0   181CD    3039       0       0
     420000                580000                580000             7.9205332E-04         1.0000000E+30              1172       
 NEXT SEEDS:31331355       0       0       0       0       0   181CD    3039       0       0
     440000                560000                560000             7.9202099E-04         1.0000000E+30              1219       
 NEXT SEEDS:33891220       0       0       0       0       0   181CD    3039       0       0
     460000                540000                540000             7.9369708E-04         1.0000000E+30              1258       
 NEXT SEEDS:35E0E8D5       0       0       0       0       0   181CD    3039       0       0
     480000                520000                520000             7.9759625E-04         1.0000000E+30              1314       
 NEXT SEEDS:3837FD2C       0       0       0       0       0   181CD    3039       0       0
     500000                500000                500000             7.8866781E-04         1.0000000E+30              1366       
 NEXT SEEDS:3A8ED348       0       0       0       0       0   181CD    3039       0       0
     520000                480000                480000             7.9258061E-04         1.0000000E+30              1421       
 NEXT SEEDS: 14CE5DE       1       0       0       0       0   181CD    3039       0       0
     540000                460000                460000             7.9256803E-04         1.0000000E+30              1482       
 NEXT SEEDS: 3A668A9       1       0       0       0       0   181CD    3039       0       0
     560000                440000                440000             7.9337247E-04         1.0000000E+30              1552       
 NEXT SEEDS: 5FEFAEA       1       0       0       0       0   181CD    3039       0       0
     580000                420000                420000             7.9675684E-04         1.0000000E+30              1617       
 NEXT SEEDS: 854E727       1       0       0       0       0   181CD    3039       0       0
     600000                400000                400000             7.8935365E-04         1.0000000E+30              1683       
 NEXT SEEDS: AAC8382       1       0       0       0       0   181CD    3039       0       0
     620000                380000                380000             7.9234783E-04         1.0000000E+30              1743       
 NEXT SEEDS: D04E119       1       0       0       0       0   181CD    3039       0       0
     640000                360000                360000             7.9321739E-04         1.0000000E+30              1803       
 NEXT SEEDS: F5D01FA       1       0       0       0       0   181CD    3039       0       0
     660000                340000                340000             7.9335218E-04         1.0000000E+30              1864       
 NEXT SEEDS:11B4409F       1       0       0       0       0   181CD    3039       0       0
     680000                320000                320000             7.9624698E-04         1.0000000E+30              1917       
 NEXT SEEDS:140B9278       1       0       0       0       0   181CD    3039       0       0
     700000                300000                300000             7.9414238E-04         1.0000000E+30              1980       
 NEXT SEEDS:166303A3       1       0       0       0       0   181CD    3039       0       0
     720000                280000                280000             7.9676473E-04         1.0000000E+30              2045       
 NEXT SEEDS:18BB77D6       1       0       0       0       0   181CD    3039       0       0
     740000                260000                260000             7.9294303E-04         1.0000000E+30              2123       
 NEXT SEEDS:1B12EF3E       1       0       0       0       0   181CD    3039       0       0
     760000                240000                240000             7.9333449E-04         1.0000000E+30              2176       
 NEXT SEEDS:1D68952B       1       0       0       0       0   181CD    3039       0       0
     780000                220000                220000             7.9559695E-04         1.0000000E+30              2225       
 NEXT SEEDS:1FBF9F92       1       0       0       0       0   181CD    3039       0       0
     800000                200000                200000             7.9401857E-04         1.0000000E+30              2279       
 NEXT SEEDS:22162FEE       1       0       0       0       0   181CD    3039       0       0
     820000                180000                180000             7.9638911E-04         1.0000000E+30              2335       
 NEXT SEEDS:246D2B6A       1       0       0       0       0   181CD    3039       0       0
     840000                160000                160000             7.9279634E-04         1.0000000E+30              2381       
 NEXT SEEDS:26C5B378       1       0       0       0       0   181CD    3039       0       0
     860000                140000                140000             7.9331517E-04         1.0000000E+30              2425       
 NEXT SEEDS:291D41D3       1       0       0       0       0   181CD    3039       0       0
     880000                120000                120000             7.9548244E-04         1.0000000E+30              2472       
 NEXT SEEDS:2B748CA3       1       0       0       0       0   181CD    3039       0       0
     900000                100000                100000             7.9355212E-04         1.0000000E+30              2528       
 NEXT SEEDS:2DCC127D       1       0       0       0       0   181CD    3039       0       0
     920000                 80000                 80000             7.9547246E-04         1.0000000E+30              2587       
 NEXT SEEDS:3024B8D0       1       0       0       0       0   181CD    3039       0       0
     940000                 60000                 60000             7.9295051E-04         1.0000000E+30              2655       
 NEXT SEEDS:327D482F       1       0       0       0       0   181CD    3039       0       0
     960000                 40000                 40000             7.9257114E-04         1.0000000E+30              2704       
 NEXT SEEDS:34D433C3       1       0       0       0       0   181CD    3039       0       0
     980000                 20000                 20000             7.9401564E-04         1.0000000E+30              2773       
 NEXT SEEDS:372CE3DA       1       0       0       0       0   181CD    3039       0       0
     999950                    50                    50             7.9272416E-04         1.0000000E+30              2821       
 NEXT SEEDS:3984739D       1       0       0       0       0   181CD    3039       0       0
     999951                    49                    49             7.9272397E-04         1.0000000E+30              2821       
 NEXT SEEDS:39847BBD       1       0       0       0       0   181CD    3039       0       0
     999952                    48                    48             7.9272367E-04         1.0000000E+30              2821       
 NEXT SEEDS:39848238       1       0       0       0       0   181CD    3039       0       0
     999953                    47                    47             7.9272343E-04         1.0000000E+30              2821       
 NEXT SEEDS:39848A23       1       0       0       0       0   181CD    3039       0       0
     999954                    46                    46             7.9272324E-04         1.0000000E+30              2821       
 NEXT SEEDS:398492AC       1       0       0       0       0   181CD    3039       0       0
     999955                    45                    45             7.9272306E-04         1.0000000E+30              2821       
 NEXT SEEDS:39849AFA       1       0       0       0       0   181CD    3039       0       0
     999956                    44                    44             7.9272276E-04         1.0000000E+30              2821       
 NEXT SEEDS:3984A1A6       1       0       0       0       0   181CD    3039       0       0
     999957                    43                    43             7.9272251E-04         1.0000000E+30              2821       
 NEXT SEEDS:3984A93B       1       0       0       0       0   181CD    3039       0       0
     999958                    42                    42             7.9272227E-04         1.0000000E+30              2821       
 NEXT SEEDS:3984B621       1       0       0       0       0   181CD    3039       0       0
     999959                    41                    41             7.9272196E-04         1.0000000E+30              2821       
 NEXT SEEDS:3984BC7D       1       0       0       0       0   181CD    3039       0       0
     999960                    40                    40             7.9272178E-04         1.0000000E+30              2821       
 NEXT SEEDS:3984C52E       1       0       0       0       0   181CD    3039       0       0
     999961                    39                    39             7.9272154E-04         1.0000000E+30              2821       
 NEXT SEEDS:3984CC70       1       0       0       0       0   181CD    3039       0       0
     999962                    38                    38             7.9272105E-04         1.0000000E+30              2821       
 NEXT SEEDS:3984D08F       1       0       0       0       0   181CD    3039       0       0
     999963                    37                    37             7.9272069E-04         1.0000000E+30              2821       
 NEXT SEEDS:3984D6BA       1       0       0       0       0   181CD    3039       0       0
     999964                    36                    36             7.9272032E-04         1.0000000E+30              2821       
 NEXT SEEDS:3984DC5C       1       0       0       0       0   181CD    3039       0       0
     999965                    35                    35             7.9271989E-04         1.0000000E+30              2821       
 NEXT SEEDS:3984E0DE       1       0       0       0       0   181CD    3039       0       0
     999966                    34                    34             7.9271947E-04         1.0000000E+30              2821       
 NEXT SEEDS:3984E5BC       1       0       0       0       0   181CD    3039       0       0
     999967                    33                    33             7.9271928E-04         1.0000000E+30              2821       
 NEXT SEEDS:3984EE8C       1       0       0       0       0   181CD    3039       0       0
     999968                    32                    32             7.9271898E-04         1.0000000E+30              2821       
 NEXT SEEDS:3984F5FE       1       0       0       0       0   181CD    3039       0       0
     999969                    31                    31             7.9271880E-04         1.0000000E+30              2821       
 NEXT SEEDS:3984FE91       1       0       0       0       0   181CD    3039       0       0
     999970                    30                    30             7.9271855E-04         1.0000000E+30              2821       
 NEXT SEEDS:398506C1       1       0       0       0       0   181CD    3039       0       0
     999971                    29                    29             7.9271837E-04         1.0000000E+30              2821       
 NEXT SEEDS:39850F7C       1       0       0       0       0   181CD    3039       0       0
     999972                    28                    28             7.9271807E-04         1.0000000E+30              2821       
 NEXT SEEDS:398515A4       1       0       0       0       0   181CD    3039       0       0
     999973                    27                    27             7.9271782E-04         1.0000000E+30              2821       
 NEXT SEEDS:39851D2C       1       0       0       0       0   181CD    3039       0       0
     999974                    26                    26             7.9271752E-04         1.0000000E+30              2821       
 NEXT SEEDS:39852414       1       0       0       0       0   181CD    3039       0       0
     999975                    25                    25             7.9271722E-04         1.0000000E+30              2821       
 NEXT SEEDS:39852A3A       1       0       0       0       0   181CD    3039       0       0
     999976                    24                    24             7.9271697E-04         1.0000000E+30              2821       
 NEXT SEEDS:39853279       1       0       0       0       0   181CD    3039       0       0
     999977                    23                    23             7.9271679E-04         1.0000000E+30              2821       
 NEXT SEEDS:39853ADF       1       0       0       0       0   181CD    3039       0       0
     999978                    22                    22             7.9271655E-04         1.0000000E+30              2821       
 NEXT SEEDS:39854385       1       0       0       0       0   181CD    3039       0       0
     999979                    21                    21             7.9271630E-04         1.0000000E+30              2821       
 NEXT SEEDS:39854B88       1       0       0       0       0   181CD    3039       0       0
     999980                    20                    20             7.9271612E-04         1.0000000E+30              2821       
 NEXT SEEDS:398553A6       1       0       0       0       0   181CD    3039       0       0
     999981                    19                    19             7.9271557E-04         1.0000000E+30              2821       
 NEXT SEEDS:3985569E       1       0       0       0       0   181CD    3039       0       0
     999982                    18                    18             7.9271527E-04         1.0000000E+30              2821       
 NEXT SEEDS:39855D2E       1       0       0       0       0   181CD    3039       0       0
     999983                    17                    17             7.9271502E-04         1.0000000E+30              2821       
 NEXT SEEDS:398564BB       1       0       0       0       0   181CD    3039       0       0
     999984                    16                    16             7.9271484E-04         1.0000000E+30              2821       
 NEXT SEEDS:39856D03       1       0       0       0       0   181CD    3039       0       0
     999985                    15                    15             7.9271460E-04         1.0000000E+30              2821       
 NEXT SEEDS:39857528       1       0       0       0       0   181CD    3039       0       0
     999986                    14                    14             7.9271435E-04         1.0000000E+30              2821       
 NEXT SEEDS:39857BEA       1       0       0       0       0   181CD    3039       0       0
     999987                    13                    13             7.9271405E-04         1.0000000E+30              2821       
 NEXT SEEDS:398583DC       1       0       0       0       0   181CD    3039       0       0
     999988                    12                    12             7.9271387E-04         1.0000000E+30              2821       
 NEXT SEEDS:39858BE4       1       0       0       0       0   181CD    3039       0       0
     999989                    11                    11             7.9271356E-04         1.0000000E+30              2821       
 NEXT SEEDS:39859293       1       0       0       0       0   181CD    3039       0       0
     999990                    10                    10             7.9271338E-04         1.0000000E+30              2821       
 NEXT SEEDS:39859FC2       1       0       0       0       0   181CD    3039       0       0
     999991                     9                     9             7.9271308E-04         1.0000000E+30              2821       
 NEXT SEEDS:3985A73F       1       0       0       0       0   181CD    3039       0       0
     999992                     8                     8             7.9271289E-04         1.0000000E+30              2821       
 NEXT SEEDS:3985AF74       1       0       0       0       0   181CD    3039       0       0
     999993                     7                     7             7.9271265E-04         1.0000000E+30              2821       
 NEXT SEEDS:3985B72D       1       0       0       0       0   181CD    3039       0       0
     999994                     6                     6             7.9271247E-04         1.0000000E+30              2821       
 NEXT SEEDS:3985C045       1       0       0       0       0   181CD    3039       0       0
     999995                     5                     5             7.9271229E-04         1.0000000E+30              2821       
 NEXT SEEDS:3985C827       1       0       0       0       0   181CD    3039       0       0
     999996                     4                     4             7.9271204E-04         1.0000000E+30              2821       
 NEXT SEEDS:3985CFD5       1       0       0       0       0   181CD    3039       0       0
     999997                     3                     3             7.9271174E-04         1.0000000E+30              2821       
 NEXT SEEDS:3985D665       1       0       0       0       0   181CD    3039       0       0
     999998                     2                     2             7.9271150E-04         1.0000000E+30              2821       
 NEXT SEEDS:3985DCBB       1       0       0       0       0   181CD    3039       0       0
     999999                     1                     1             7.9271119E-04         1.0000000E+30              2821       
 NEXT SEEDS:3985E363       1       0       0       0       0   181CD    3039       0       0
    1000000                     0                     1             7.9271095E-04         1.0000000E+30              2821       
 NEXT SEEDS:3985EAC8       1       0       0       0       0   181CD    3039       0       0
