1NUMBER OF BEAM       NUMBER OF BEAM        APPROXIMATE NUMBER    AVERAGE TIME USED     TIME LEFT (RESERVED   NUMBER OF STARS
 PARTICLES HANDLED    PARTICLES LEFT        OF BEAM PARTICLES     BY A BEAM PARTICLE     10000.0 SECONDS      CREATED
                                            THAT CAN STILL BE                           FOR PRINTOUT)
                                            HANDLED

 NEXT SEEDS:       0       0       0       0       0       0   181CD    3039       0       0
          1              17999999              17999999             4.2028427E-03         1.0000000E+30                 0       
 NEXT SEEDS:     E41       0       0       0       0       0   181CD    3039       0       0
     300000              17700000              17700000             2.0871704E-03         1.0000000E+30             28853       
 NEXT SEEDS:142B83F2       1       0       0       0       0   181CD    3039       0       0
     600000              17400000              17400000             2.1013197E-03         1.0000000E+30             57939       
 NEXT SEEDS:287FBB9E       2       0       0       0       0   181CD    3039       0       0
     900000              17100000              17100000             2.1118847E-03         1.0000000E+30             87055       
 NEXT SEEDS: 121429B       4       0       0       0       0   181CD    3039       0       0
    1200000              16800000              16800000             2.1188186E-03         1.0000000E+30            116061       
 NEXT SEEDS:155F43F2       5       0       0       0       0   181CD    3039       0       0
    1500000              16500000              16500000             2.1165150E-03         1.0000000E+30            144969       
 NEXT SEEDS:29AD9C07       6       0       0       0       0   181CD    3039       0       0
    1800000              16200000              16200000             2.1175791E-03         1.0000000E+30            174039       
 NEXT SEEDS: 25F3964       8       0       0       0       0   181CD    3039       0       0
    2100000              15900000              15900000             2.1196123E-03         1.0000000E+30            202878       
 NEXT SEEDS:16A08E1F       9       0       0       0       0   181CD    3039       0       0
    2400000              15600000              15600000             2.1213274E-03         1.0000000E+30            232085       
 NEXT SEEDS:2AF1F0AD       A       0       0       0       0   181CD    3039       0       0
    2700000              15300000              15300000             2.1210944E-03         1.0000000E+30            261077       
 NEXT SEEDS: 38C7550       C       0       0       0       0   181CD    3039       0       0
    3000000              15000000              15000000             2.1236004E-03         1.0000000E+30            290143       
 NEXT SEEDS:17CF76DD       D       0       0       0       0   181CD    3039       0       0
    3300000              14700000              14700000             2.1230866E-03         1.0000000E+30            319198       
 NEXT SEEDS:2C4906D0       E       0       0       0       0   181CD    3039       0       0
    3600000              14400000              14400000             2.1236440E-03         1.0000000E+30            348317       
 NEXT SEEDS: 4F683B2      10       0       0       0       0   181CD    3039       0       0
    3900000              14100000              14100000             2.1219675E-03         1.0000000E+30            377250       
 NEXT SEEDS:195F807F      11       0       0       0       0   181CD    3039       0       0
    4200000              13800000              13800000             2.1232736E-03         1.0000000E+30            406223       
 NEXT SEEDS:2D994350      12       0       0       0       0   181CD    3039       0       0
    4500000              13500000              13500000             2.1244966E-03         1.0000000E+30            434863       
 NEXT SEEDS: 6464713      14       0       0       0       0   181CD    3039       0       0
 COUSET, TXYZ:   1.00000000000737     -0.645026270093813      0.764160396058060    
    4800000              13200000              13200000             2.1266934E-03         1.0000000E+30            463801       
 NEXT SEEDS:1A9EAC8A      15       0       0       0       0   181CD    3039       0       0
    5100000              12900000              12900000             2.1280127E-03         1.0000000E+30            492855       
 NEXT SEEDS:2EE43B55      16       0       0       0       0   181CD    3039       0       0
    5400000              12600000              12600000             2.1278560E-03         1.0000000E+30            521745       
 NEXT SEEDS: 798C962      18       0       0       0       0   181CD    3039       0       0
    5700000              12300000              12300000             2.1295248E-03         1.0000000E+30            550758       
 NEXT SEEDS:1BF251BD      19       0       0       0       0   181CD    3039       0       0
    6000000              12000000              12000000             2.1319105E-03         1.0000000E+30            579653       
 NEXT SEEDS:304017FF      1A       0       0       0       0   181CD    3039       0       0
    6300000              11700000              11700000             2.1323398E-03         1.0000000E+30            608256       
 NEXT SEEDS: 8F832C3      1C       0       0       0       0   181CD    3039       0       0
    6600000              11400000              11400000             2.1313289E-03         1.0000000E+30            637147       
 NEXT SEEDS:1D5041ED      1D       0       0       0       0   181CD    3039       0       0
    6900000              11100000              11100000             2.1308706E-03         1.0000000E+30            666374       
 NEXT SEEDS:3196F006      1E       0       0       0       0   181CD    3039       0       0
    7200000              10800000              10800000             2.1327289E-03         1.0000000E+30            695155       
 NEXT SEEDS: A683B6B      20       0       0       0       0   181CD    3039       0       0
    7500000              10500000              10500000             2.1323840E-03         1.0000000E+30            724034       
 NEXT SEEDS:1EAAB09C      21       0       0       0       0   181CD    3039       0       0
    7800000              10200000              10200000             2.1336545E-03         1.0000000E+30            753204       
 NEXT SEEDS:332BDA29      22       0       0       0       0   181CD    3039       0       0
    8100000               9900000               9900000             2.1340959E-03         1.0000000E+30            782410       
 NEXT SEEDS: BE8E30D      24       0       0       0       0   181CD    3039       0       0
    8400000               9600000               9600000             2.1339208E-03         1.0000000E+30            811436       
 NEXT SEEDS:204C0261      25       0       0       0       0   181CD    3039       0       0
    8700000               9300000               9300000             2.1284403E-03         1.0000000E+30            840335       
 NEXT SEEDS:34B01258      26       0       0       0       0   181CD    3039       0       0
    9000000               9000000               9000000             2.1218359E-03         1.0000000E+30            869402       
 NEXT SEEDS: D851B0A      28       0       0       0       0   181CD    3039       0       0
    9300000               8700000               8700000             2.1164007E-03         1.0000000E+30            898527       
 NEXT SEEDS:21D1CC2C      29       0       0       0       0   181CD    3039       0       0
    9600000               8400000               8400000             2.1116640E-03         1.0000000E+30            927677       
 NEXT SEEDS:360BA99E      2A       0       0       0       0   181CD    3039       0       0
    9900000               8100000               8100000             2.1063904E-03         1.0000000E+30            956584       
 NEXT SEEDS: E983C39      2C       0       0       0       0   181CD    3039       0       0
   10200000               7800000               7800000             2.1013564E-03         1.0000000E+30            985566       
 NEXT SEEDS:22C936AC      2D       0       0       0       0   181CD    3039       0       0
   10500000               7500000               7500000             2.0967700E-03         1.0000000E+30           1014737       
 NEXT SEEDS:372E8780      2E       0       0       0       0   181CD    3039       0       0
   10800000               7200000               7200000             2.0921064E-03         1.0000000E+30           1043626       
 NEXT SEEDS: FE61642      30       0       0       0       0   181CD    3039       0       0
 COUSET, TXYZ:   1.00000000000770     -0.956901346918632      0.290413175115587    
   11100000               6900000               6900000             2.0875256E-03         1.0000000E+30           1072758       
 NEXT SEEDS:244B08EE      31       0       0       0       0   181CD    3039       0       0
   11400000               6600000               6600000             2.0836953E-03         1.0000000E+30           1101709       
 NEXT SEEDS:387A08D0      32       0       0       0       0   181CD    3039       0       0
 COUSET, TXYZ:  0.999999999068887      0.742127415150426      0.670258828975733    
   11700000               6300000               6300000             2.0807153E-03         1.0000000E+30           1130289       
 NEXT SEEDS:110979E3      34       0       0       0       0   181CD    3039       0       0
   12000000               6000000               6000000             2.0772558E-03         1.0000000E+30           1159032       
 NEXT SEEDS:252B379C      35       0       0       0       0   181CD    3039       0       0
   12300000               5700000               5700000             2.0743233E-03         1.0000000E+30           1187958       
 NEXT SEEDS:398086F1      36       0       0       0       0   181CD    3039       0       0
   12600000               5400000               5400000             2.0712061E-03         1.0000000E+30           1216972       
 NEXT SEEDS:123BD507      38       0       0       0       0   181CD    3039       0       0
   12900000               5100000               5100000             2.0667229E-03         1.0000000E+30           1246194       
 NEXT SEEDS:26A22C0B      39       0       0       0       0   181CD    3039       0       0
   13200000               4800000               4800000             2.0645910E-03         1.0000000E+30           1275394       
 NEXT SEEDS:3AFA1F11      3A       0       0       0       0   181CD    3039       0       0
   13500000               4500000               4500000             2.0640095E-03         1.0000000E+30           1304262       
 NEXT SEEDS:13AB4B04      3C       0       0       0       0   181CD    3039       0       0
   13800000               4200000               4200000             2.0649108E-03         1.0000000E+30           1332801       
 NEXT SEEDS:27C03D94      3D       0       0       0       0   181CD    3039       0       0
   14100000               3900000               3900000             2.0661839E-03         1.0000000E+30           1362116       
 NEXT SEEDS:  8BA653      3F       0       0       0       0   181CD    3039       0       0
   14400000               3600000               3600000             2.0675887E-03         1.0000000E+30           1391166       
 NEXT SEEDS:14D5AFAB      40       0       0       0       0   181CD    3039       0       0
 COUSET, TXYZ:  0.999999999945515      0.234178585772813      0.972193596901602    
   14700000               3300000               3300000             2.0678720E-03         1.0000000E+30           1420067       
 NEXT SEEDS:290A9677      41       0       0       0       0   181CD    3039       0       0
   15000000               3000000               3000000             2.0674168E-03         1.0000000E+30           1448806       
 NEXT SEEDS: 1B301E0      43       0       0       0       0   181CD    3039       0       0
   15300000               2700000               2700000             2.0678776E-03         1.0000000E+30           1477340       
 NEXT SEEDS:15E9D4EA      44       0       0       0       0   181CD    3039       0       0
   15600000               2400000               2400000             2.0679807E-03         1.0000000E+30           1506659       
 NEXT SEEDS:2A579AA2      45       0       0       0       0   181CD    3039       0       0
   15900000               2100000               2100000             2.0690827E-03         1.0000000E+30           1535520       
 NEXT SEEDS: 30A0FA8      47       0       0       0       0   181CD    3039       0       0
   16200000               1800000               1800000             2.0708824E-03         1.0000000E+30           1564557       
 NEXT SEEDS:173BBA0C      48       0       0       0       0   181CD    3039       0       0
   16500000               1500000               1500000             2.0718980E-03         1.0000000E+30           1593466       
 NEXT SEEDS:2B7C39D9      49       0       0       0       0   181CD    3039       0       0
   16800000               1200000               1200000             2.0717288E-03         1.0000000E+30           1622433       
 NEXT SEEDS: 4492D19      4B       0       0       0       0   181CD    3039       0       0
   17100000                900000                900000             2.0722353E-03         1.0000000E+30           1651400       
 NEXT SEEDS:189D4D83      4C       0       0       0       0   181CD    3039       0       0
   17400000                600000                600000             2.0729556E-03         1.0000000E+30           1680481       
 NEXT SEEDS:2CEA7627      4D       0       0       0       0   181CD    3039       0       0
   17700000                300000                300000             2.0728455E-03         1.0000000E+30           1709480       
 NEXT SEEDS: 58B26EB      4F       0       0       0       0   181CD    3039       0       0
   17999950                    50                    50             2.0721530E-03         1.0000000E+30           1738494       
 NEXT SEEDS:19DB2A07      50       0       0       0       0   181CD    3039       0       0
   17999951                    49                    49             2.0721528E-03         1.0000000E+30           1738494       
 NEXT SEEDS:19DB37E2      50       0       0       0       0   181CD    3039       0       0
   17999952                    48                    48             2.0721527E-03         1.0000000E+30           1738494       
 NEXT SEEDS:19DB4931      50       0       0       0       0   181CD    3039       0       0
   17999953                    47                    47             2.0721526E-03         1.0000000E+30           1738494       
 NEXT SEEDS:19DB5908      50       0       0       0       0   181CD    3039       0       0
   17999954                    46                    46             2.0721525E-03         1.0000000E+30           1738494       
 NEXT SEEDS:19DB681E      50       0       0       0       0   181CD    3039       0       0
   17999955                    45                    45             2.0721526E-03         1.0000000E+30           1738494       
 NEXT SEEDS:19DB7665      50       0       0       0       0   181CD    3039       0       0
   17999956                    44                    44             2.0721525E-03         1.0000000E+30           1738494       
 NEXT SEEDS:19DB8293      50       0       0       0       0   181CD    3039       0       0
   17999957                    43                    43             2.0721524E-03         1.0000000E+30           1738494       
 NEXT SEEDS:19DB92E8      50       0       0       0       0   181CD    3039       0       0
   17999958                    42                    42             2.0721523E-03         1.0000000E+30           1738494       
 NEXT SEEDS:19DBA27D      50       0       0       0       0   181CD    3039       0       0
   17999959                    41                    41             2.0721524E-03         1.0000000E+30           1738494       
 NEXT SEEDS:19DBAF3F      50       0       0       0       0   181CD    3039       0       0
   17999960                    40                    40             2.0721522E-03         1.0000000E+30           1738494       
 NEXT SEEDS:19DBBE5A      50       0       0       0       0   181CD    3039       0       0
   17999961                    39                    39             2.0721521E-03         1.0000000E+30           1738494       
 NEXT SEEDS:19DBD000      50       0       0       0       0   181CD    3039       0       0
   17999962                    38                    38             2.0721520E-03         1.0000000E+30           1738494       
 NEXT SEEDS:19DBDDDE      50       0       0       0       0   181CD    3039       0       0
   17999963                    37                    37             2.0721521E-03         1.0000000E+30           1738495       
 NEXT SEEDS:19DC0C9F      50       0       0       0       0   181CD    3039       0       0
   17999964                    36                    36             2.0721520E-03         1.0000000E+30           1738495       
 NEXT SEEDS:19DC1AE1      50       0       0       0       0   181CD    3039       0       0
   17999965                    35                    35             2.0721519E-03         1.0000000E+30           1738495       
 NEXT SEEDS:19DC2B0D      50       0       0       0       0   181CD    3039       0       0
   17999966                    34                    34             2.0721520E-03         1.0000000E+30           1738496       
 NEXT SEEDS:19DC3FFE      50       0       0       0       0   181CD    3039       0       0
   17999967                    33                    33             2.0721519E-03         1.0000000E+30           1738496       
 NEXT SEEDS:19DC4EA7      50       0       0       0       0   181CD    3039       0       0
   17999968                    32                    32             2.0721518E-03         1.0000000E+30           1738496       
 NEXT SEEDS:19DC5DE6      50       0       0       0       0   181CD    3039       0       0
   17999969                    31                    31             2.0721516E-03         1.0000000E+30           1738496       
 NEXT SEEDS:19DC6AC3      50       0       0       0       0   181CD    3039       0       0
   17999970                    30                    30             2.0721517E-03         1.0000000E+30           1738496       
 NEXT SEEDS:19DC7AE1      50       0       0       0       0   181CD    3039       0       0
   17999971                    29                    29             2.0721516E-03         1.0000000E+30           1738496       
 NEXT SEEDS:19DC8835      50       0       0       0       0   181CD    3039       0       0
   17999972                    28                    28             2.0721515E-03         1.0000000E+30           1738496       
 NEXT SEEDS:19DC95CF      50       0       0       0       0   181CD    3039       0       0
   17999973                    27                    27             2.0721514E-03         1.0000000E+30           1738496       
 NEXT SEEDS:19DCA2CA      50       0       0       0       0   181CD    3039       0       0
   17999974                    26                    26             2.0721515E-03         1.0000000E+30           1738496       
 NEXT SEEDS:19DCB0B3      50       0       0       0       0   181CD    3039       0       0
   17999975                    25                    25             2.0721514E-03         1.0000000E+30           1738496       
 NEXT SEEDS:19DCC50F      50       0       0       0       0   181CD    3039       0       0
   17999976                    24                    24             2.0721513E-03         1.0000000E+30           1738496       
 NEXT SEEDS:19DCD5A8      50       0       0       0       0   181CD    3039       0       0
   17999977                    23                    23             2.0721512E-03         1.0000000E+30           1738496       
 NEXT SEEDS:19DCE3CE      50       0       0       0       0   181CD    3039       0       0
   17999978                    22                    22             2.0721513E-03         1.0000000E+30           1738496       
 NEXT SEEDS:19DCF285      50       0       0       0       0   181CD    3039       0       0
   17999979                    21                    21             2.0721511E-03         1.0000000E+30           1738496       
 NEXT SEEDS:19DD000E      50       0       0       0       0   181CD    3039       0       0
   17999980                    20                    20             2.0721510E-03         1.0000000E+30           1738496       
 NEXT SEEDS:19DD1047      50       0       0       0       0   181CD    3039       0       0
   17999981                    19                    19             2.0721509E-03         1.0000000E+30           1738496       
 NEXT SEEDS:19DD1E34      50       0       0       0       0   181CD    3039       0       0
   17999982                    18                    18             2.0721510E-03         1.0000000E+30           1738496       
 NEXT SEEDS:19DD2EDB      50       0       0       0       0   181CD    3039       0       0
   17999983                    17                    17             2.0721509E-03         1.0000000E+30           1738496       
 NEXT SEEDS:19DD3DAA      50       0       0       0       0   181CD    3039       0       0
   17999984                    16                    16             2.0721508E-03         1.0000000E+30           1738496       
 NEXT SEEDS:19DD4C9D      50       0       0       0       0   181CD    3039       0       0
   17999985                    15                    15             2.0721507E-03         1.0000000E+30           1738496       
 NEXT SEEDS:19DD5992      50       0       0       0       0   181CD    3039       0       0
   17999986                    14                    14             2.0721508E-03         1.0000000E+30           1738496       
 NEXT SEEDS:19DD68F2      50       0       0       0       0   181CD    3039       0       0
   17999987                    13                    13             2.0721507E-03         1.0000000E+30           1738496       
 NEXT SEEDS:19DD75AD      50       0       0       0       0   181CD    3039       0       0
   17999988                    12                    12             2.0721505E-03         1.0000000E+30           1738496       
 NEXT SEEDS:19DD8396      50       0       0       0       0   181CD    3039       0       0
   17999989                    11                    11             2.0721504E-03         1.0000000E+30           1738496       
 NEXT SEEDS:19DD9360      50       0       0       0       0   181CD    3039       0       0
   17999990                    10                    10             2.0721505E-03         1.0000000E+30           1738496       
 NEXT SEEDS:19DDA2B0      50       0       0       0       0   181CD    3039       0       0
   17999991                     9                     9             2.0721504E-03         1.0000000E+30           1738496       
 NEXT SEEDS:19DDB2FC      50       0       0       0       0   181CD    3039       0       0
   17999992                     8                     8             2.0721503E-03         1.0000000E+30           1738496       
 NEXT SEEDS:19DDC371      50       0       0       0       0   181CD    3039       0       0
   17999993                     7                     7             2.0721502E-03         1.0000000E+30           1738496       
 NEXT SEEDS:19DDD241      50       0       0       0       0   181CD    3039       0       0
   17999994                     6                     6             2.0721503E-03         1.0000000E+30           1738496       
 NEXT SEEDS:19DDE23A      50       0       0       0       0   181CD    3039       0       0
   17999995                     5                     5             2.0721502E-03         1.0000000E+30           1738496       
 NEXT SEEDS:19DDF622      50       0       0       0       0   181CD    3039       0       0
   17999996                     4                     4             2.0721501E-03         1.0000000E+30           1738496       
 NEXT SEEDS:19DE0719      50       0       0       0       0   181CD    3039       0       0
   17999997                     3                     3             2.0721499E-03         1.0000000E+30           1738496       
 NEXT SEEDS:19DE1481      50       0       0       0       0   181CD    3039       0       0
   17999998                     2                     2             2.0721500E-03         1.0000000E+30           1738496       
 NEXT SEEDS:19DE2B9A      50       0       0       0       0   181CD    3039       0       0
   17999999                     1                     1             2.0721499E-03         1.0000000E+30           1738496       
 NEXT SEEDS:19DE3B1F      50       0       0       0       0   181CD    3039       0       0
   18000000                     0                     1             2.0721498E-03         1.0000000E+30           1738496       
 NEXT SEEDS:19DE4A22      50       0       0       0       0   181CD    3039       0       0
