1NUMBER OF BEAM       NUMBER OF BEAM        APPROXIMATE NUMBER    AVERAGE TIME USED     TIME LEFT (RESERVED   NUMBER OF STARS
 PARTICLES HANDLED    PARTICLES LEFT        OF BEAM PARTICLES     BY A BEAM PARTICLE     10000.0 SECONDS      CREATED
                                            THAT CAN STILL BE                           FOR PRINTOUT)
                                            HANDLED

 NEXT SEEDS:       0       0       0       0       0       0   181CD    3039       0       0
          1               9999999               9999999             5.2499771E-04         1.0000000E+30                 0       
 NEXT SEEDS:     CED       0       0       0       0       0   181CD    3039       0       0
     200000               9800000               9800000             3.8844261E-04         1.0000000E+30             13161       
 NEXT SEEDS:2048E96F       0       0       0       0       0   181CD    3039       0       0
     400000               9600000               9600000             3.8907894E-04         1.0000000E+30             26296       
 NEXT SEEDS: 5042711       1       0       0       0       0   181CD    3039       0       0
     600000               9400000               9400000             3.8939723E-04         1.0000000E+30             39502       
 NEXT SEEDS:255F0E12       1       0       0       0       0   181CD    3039       0       0
     800000               9200000               9200000             3.9015827E-04         1.0000000E+30             52741       
 NEXT SEEDS: A2DF359       2       0       0       0       0   181CD    3039       0       0
    1000000               9000000               9000000             3.9004437E-04         1.0000000E+30             65854       
 NEXT SEEDS:2A86D04D       2       0       0       0       0   181CD    3039       0       0
    1200000               8800000               8800000             3.8993584E-04         1.0000000E+30             79061       
 NEXT SEEDS: F484358       3       0       0       0       0   181CD    3039       0       0
    1400000               8600000               8600000             3.8976676E-04         1.0000000E+30             92282       
 NEXT SEEDS:2F953985       3       0       0       0       0   181CD    3039       0       0
 COUSET, TXYZ:   1.00000000000517      0.614677238279413      0.788778734976763    
    1600000               8400000               8400000             3.8961067E-04         1.0000000E+30            105322       
 NEXT SEEDS:143E988C       4       0       0       0       0   181CD    3039       0       0
    1800000               8200000               8200000             3.8975755E-04         1.0000000E+30            118630       
 NEXT SEEDS:34C667A5       4       0       0       0       0   181CD    3039       0       0
    2000000               8000000               8000000             3.8972629E-04         1.0000000E+30            131774       
 NEXT SEEDS:19854727       5       0       0       0       0   181CD    3039       0       0
    2200000               7800000               7800000             3.8968794E-04         1.0000000E+30            144861       
 NEXT SEEDS:39E9A7A9       5       0       0       0       0   181CD    3039       0       0
 COUSET, TXYZ:   1.00000000000827     -0.758218323061003      0.652000747385380    
    2400000               7600000               7600000             3.8955327E-04         1.0000000E+30            158046       
 NEXT SEEDS:1E8B8146       6       0       0       0       0   181CD    3039       0       0
 COUSET, TXYZ:  0.999999999992851     -7.074491596211868E-03  0.999974975464065    
    2600000               7400000               7400000             3.8951303E-04         1.0000000E+30            171221       
 NEXT SEEDS: 33CC21D       7       0       0       0       0   181CD    3039       0       0
    2800000               7200000               7200000             3.8949397E-04         1.0000000E+30            184338       
 NEXT SEEDS:238D093F       7       0       0       0       0   181CD    3039       0       0
    3000000               7000000               7000000             3.8946708E-04         1.0000000E+30            197340       
 NEXT SEEDS: 84088A8       8       0       0       0       0   181CD    3039       0       0
    3200000               6800000               6800000             3.8939919E-04         1.0000000E+30            210360       
 NEXT SEEDS:287FD919       8       0       0       0       0   181CD    3039       0       0
    3400000               6600000               6600000             3.8929813E-04         1.0000000E+30            223173       
 NEXT SEEDS: D1E2104       9       0       0       0       0   181CD    3039       0       0
    3600000               6400000               6400000             3.8923506E-04         1.0000000E+30            236244       
 NEXT SEEDS:2D65BEBC       9       0       0       0       0   181CD    3039       0       0
    3800000               6200000               6200000             3.8927844E-04         1.0000000E+30            249388       
 NEXT SEEDS:122FDC5A       A       0       0       0       0   181CD    3039       0       0
    4000000               6000000               6000000             3.8924219E-04         1.0000000E+30            262562       
 NEXT SEEDS:327BDEC8       A       0       0       0       0   181CD    3039       0       0
    4200000               5800000               5800000             3.8920811E-04         1.0000000E+30            275580       
 NEXT SEEDS:172B4A2E       B       0       0       0       0   181CD    3039       0       0
    4400000               5600000               5600000             3.8918144E-04         1.0000000E+30            288756       
 NEXT SEEDS:376FE889       B       0       0       0       0   181CD    3039       0       0
    4600000               5400000               5400000             3.8921432E-04         1.0000000E+30            301999       
 NEXT SEEDS:1C3D6013       C       0       0       0       0   181CD    3039       0       0
    4800000               5200000               5200000             3.8919164E-04         1.0000000E+30            315125       
 NEXT SEEDS:  E6CD4A       D       0       0       0       0   181CD    3039       0       0
    5000000               5000000               5000000             3.8925471E-04         1.0000000E+30            328506       
 NEXT SEEDS:215D5C0C       D       0       0       0       0   181CD    3039       0       0
    5200000               4800000               4800000             3.8925664E-04         1.0000000E+30            341657       
 NEXT SEEDS: 6243CD9       E       0       0       0       0   181CD    3039       0       0
    5400000               4600000               4600000             3.8932861E-04         1.0000000E+30            354668       
 NEXT SEEDS:267A208A       E       0       0       0       0   181CD    3039       0       0
    5600000               4400000               4400000             3.8931828E-04         1.0000000E+30            367774       
 NEXT SEEDS: B34FCE6       F       0       0       0       0   181CD    3039       0       0
    5800000               4200000               4200000             3.8932415E-04         1.0000000E+30            381209       
 NEXT SEEDS:2B8FBECE       F       0       0       0       0   181CD    3039       0       0
    6000000               4000000               4000000             3.8935701E-04         1.0000000E+30            394519       
 NEXT SEEDS:106AB712      10       0       0       0       0   181CD    3039       0       0
    6200000               3800000               3800000             3.8933932E-04         1.0000000E+30            407688       
 NEXT SEEDS:30B58BC4      10       0       0       0       0   181CD    3039       0       0
    6400000               3600000               3600000             3.8936211E-04         1.0000000E+30            420994       
 NEXT SEEDS:1581BB43      11       0       0       0       0   181CD    3039       0       0
    6600000               3400000               3400000             3.8936191E-04         1.0000000E+30            434205       
 NEXT SEEDS:35DA5E58      11       0       0       0       0   181CD    3039       0       0
    6800000               3200000               3200000             3.8934427E-04         1.0000000E+30            447323       
 NEXT SEEDS:1A8F5A77      12       0       0       0       0   181CD    3039       0       0
    7000000               3000000               3000000             3.8930877E-04         1.0000000E+30            460325       
 NEXT SEEDS:3ACC06DD      12       0       0       0       0   181CD    3039       0       0
    7200000               2800000               2800000             3.8929921E-04         1.0000000E+30            473465       
 NEXT SEEDS:1F8F87C1      13       0       0       0       0   181CD    3039       0       0
    7400000               2600000               2600000             3.8929681E-04         1.0000000E+30            486634       
 NEXT SEEDS: 44C4517      14       0       0       0       0   181CD    3039       0       0
    7600000               2400000               2400000             3.8930581E-04         1.0000000E+30            499760       
 NEXT SEEDS:24B5008A      14       0       0       0       0   181CD    3039       0       0
 COUSET, TXYZ:  0.999999999994375      0.923594547453127      0.383370723847823    
    7800000               2200000               2200000             3.8929259E-04         1.0000000E+30            512859       
 NEXT SEEDS: 966EDC9      15       0       0       0       0   181CD    3039       0       0
    8000000               2000000               2000000             3.8928998E-04         1.0000000E+30            525974       
 NEXT SEEDS:29C3B264      15       0       0       0       0   181CD    3039       0       0
    8200000               1800000               1800000             3.8929551E-04         1.0000000E+30            539262       
 NEXT SEEDS: E7CA9E5      16       0       0       0       0   181CD    3039       0       0
    8400000               1600000               1600000             3.8932408E-04         1.0000000E+30            552542       
 NEXT SEEDS:2EF9B22C      16       0       0       0       0   181CD    3039       0       0
    8600000               1400000               1400000             3.8931135E-04         1.0000000E+30            565833       
 NEXT SEEDS:13AC2388      17       0       0       0       0   181CD    3039       0       0
    8800000               1200000               1200000             3.8930026E-04         1.0000000E+30            578907       
 NEXT SEEDS:33F0951F      17       0       0       0       0   181CD    3039       0       0
    9000000               1000000               1000000             3.8929788E-04         1.0000000E+30            592068       
 NEXT SEEDS:18B3743E      18       0       0       0       0   181CD    3039       0       0
    9200000                800000                800000             3.8927060E-04         1.0000000E+30            605243       
 NEXT SEEDS:38F06A50      18       0       0       0       0   181CD    3039       0       0
    9400000                600000                600000             3.8926036E-04         1.0000000E+30            618442       
 NEXT SEEDS:1DA2728A      19       0       0       0       0   181CD    3039       0       0
    9600000                400000                400000             3.8927483E-04         1.0000000E+30            631700       
 NEXT SEEDS: 2716158      1A       0       0       0       0   181CD    3039       0       0
    9800000                200000                200000             3.8927632E-04         1.0000000E+30            644859       
 NEXT SEEDS:22D79F80      1A       0       0       0       0   181CD    3039       0       0
    9999950                    50                    50             3.8932162E-04         1.0000000E+30            658081       
 NEXT SEEDS: 7940796      1B       0       0       0       0   181CD    3039       0       0
    9999951                    49                    49             3.8932163E-04         1.0000000E+30            658081       
 NEXT SEEDS: 7941033      1B       0       0       0       0   181CD    3039       0       0
    9999952                    48                    48             3.8932160E-04         1.0000000E+30            658081       
 NEXT SEEDS: 7941A61      1B       0       0       0       0   181CD    3039       0       0
    9999953                    47                    47             3.8932156E-04         1.0000000E+30            658081       
 NEXT SEEDS: 7942606      1B       0       0       0       0   181CD    3039       0       0
    9999954                    46                    46             3.8932152E-04         1.0000000E+30            658081       
 NEXT SEEDS: 7942AE8      1B       0       0       0       0   181CD    3039       0       0
    9999955                    45                    45             3.8932148E-04         1.0000000E+30            658081       
 NEXT SEEDS: 79433E2      1B       0       0       0       0   181CD    3039       0       0
    9999956                    44                    44             3.8932144E-04         1.0000000E+30            658081       
 NEXT SEEDS: 7943DC8      1B       0       0       0       0   181CD    3039       0       0
    9999957                    43                    43             3.8932140E-04         1.0000000E+30            658081       
 NEXT SEEDS: 7944284      1B       0       0       0       0   181CD    3039       0       0
    9999958                    42                    42             3.8932136E-04         1.0000000E+30            658081       
 NEXT SEEDS: 7944A5F      1B       0       0       0       0   181CD    3039       0       0
    9999959                    41                    41             3.8932132E-04         1.0000000E+30            658081       
 NEXT SEEDS: 7945177      1B       0       0       0       0   181CD    3039       0       0
    9999960                    40                    40             3.8932128E-04         1.0000000E+30            658081       
 NEXT SEEDS: 79459DE      1B       0       0       0       0   181CD    3039       0       0
    9999961                    39                    39             3.8932124E-04         1.0000000E+30            658081       
 NEXT SEEDS: 7945E1A      1B       0       0       0       0   181CD    3039       0       0
    9999962                    38                    38             3.8932143E-04         1.0000000E+30            658082       
 NEXT SEEDS: 79494E1      1B       0       0       0       0   181CD    3039       0       0
    9999963                    37                    37             3.8932144E-04         1.0000000E+30            658082       
 NEXT SEEDS: 794A1B9      1B       0       0       0       0   181CD    3039       0       0
    9999964                    36                    36             3.8932145E-04         1.0000000E+30            658082       
 NEXT SEEDS: 794AC54      1B       0       0       0       0   181CD    3039       0       0
    9999965                    35                    35             3.8932146E-04         1.0000000E+30            658082       
 NEXT SEEDS: 794B9DF      1B       0       0       0       0   181CD    3039       0       0
    9999966                    34                    34             3.8932147E-04         1.0000000E+30            658082       
 NEXT SEEDS: 794C1CD      1B       0       0       0       0   181CD    3039       0       0
    9999967                    33                    33             3.8932167E-04         1.0000000E+30            658083       
 NEXT SEEDS: 7950041      1B       0       0       0       0   181CD    3039       0       0
    9999968                    32                    32             3.8932168E-04         1.0000000E+30            658083       
 NEXT SEEDS: 7950713      1B       0       0       0       0   181CD    3039       0       0
    9999969                    31                    31             3.8932167E-04         1.0000000E+30            658083       
 NEXT SEEDS: 795102A      1B       0       0       0       0   181CD    3039       0       0
    9999970                    30                    30             3.8932168E-04         1.0000000E+30            658083       
 NEXT SEEDS: 7951793      1B       0       0       0       0   181CD    3039       0       0
    9999971                    29                    29             3.8932169E-04         1.0000000E+30            658083       
 NEXT SEEDS: 7952334      1B       0       0       0       0   181CD    3039       0       0
    9999972                    28                    28             3.8932170E-04         1.0000000E+30            658083       
 NEXT SEEDS: 7952B9E      1B       0       0       0       0   181CD    3039       0       0
    9999973                    27                    27             3.8932171E-04         1.0000000E+30            658083       
 NEXT SEEDS: 79536F5      1B       0       0       0       0   181CD    3039       0       0
    9999974                    26                    26             3.8932172E-04         1.0000000E+30            658083       
 NEXT SEEDS: 79541F0      1B       0       0       0       0   181CD    3039       0       0
    9999975                    25                    25             3.8932170E-04         1.0000000E+30            658083       
 NEXT SEEDS: 7954C58      1B       0       0       0       0   181CD    3039       0       0
    9999976                    24                    24             3.8932171E-04         1.0000000E+30            658083       
 NEXT SEEDS: 795559E      1B       0       0       0       0   181CD    3039       0       0
    9999977                    23                    23             3.8932172E-04         1.0000000E+30            658083       
 NEXT SEEDS: 7955DC7      1B       0       0       0       0   181CD    3039       0       0
    9999978                    22                    22             3.8932171E-04         1.0000000E+30            658083       
 NEXT SEEDS: 7956601      1B       0       0       0       0   181CD    3039       0       0
    9999979                    21                    21             3.8932172E-04         1.0000000E+30            658083       
 NEXT SEEDS: 79570B9      1B       0       0       0       0   181CD    3039       0       0
    9999980                    20                    20             3.8932170E-04         1.0000000E+30            658083       
 NEXT SEEDS: 79574E4      1B       0       0       0       0   181CD    3039       0       0
    9999981                    19                    19             3.8932171E-04         1.0000000E+30            658083       
 NEXT SEEDS: 7957F3B      1B       0       0       0       0   181CD    3039       0       0
    9999982                    18                    18             3.8932172E-04         1.0000000E+30            658083       
 NEXT SEEDS: 7958C2E      1B       0       0       0       0   181CD    3039       0       0
    9999983                    17                    17             3.8932173E-04         1.0000000E+30            658083       
 NEXT SEEDS: 79593CF      1B       0       0       0       0   181CD    3039       0       0
    9999984                    16                    16             3.8932174E-04         1.0000000E+30            658083       
 NEXT SEEDS: 7959B85      1B       0       0       0       0   181CD    3039       0       0
    9999985                    15                    15             3.8932187E-04         1.0000000E+30            658084       
 NEXT SEEDS: 795CA41      1B       0       0       0       0   181CD    3039       0       0
    9999986                    14                    14             3.8932188E-04         1.0000000E+30            658084       
 NEXT SEEDS: 795D3A0      1B       0       0       0       0   181CD    3039       0       0
    9999987                    13                    13             3.8932189E-04         1.0000000E+30            658084       
 NEXT SEEDS: 795DE63      1B       0       0       0       0   181CD    3039       0       0
    9999988                    12                    12             3.8932190E-04         1.0000000E+30            658084       
 NEXT SEEDS: 795EB1B      1B       0       0       0       0   181CD    3039       0       0
    9999989                    11                    11             3.8932189E-04         1.0000000E+30            658084       
 NEXT SEEDS: 795F22D      1B       0       0       0       0   181CD    3039       0       0
    9999990                    10                    10             3.8932190E-04         1.0000000E+30            658084       
 NEXT SEEDS: 795FE59      1B       0       0       0       0   181CD    3039       0       0
    9999991                     9                     9             3.8932191E-04         1.0000000E+30            658084       
 NEXT SEEDS: 7960428      1B       0       0       0       0   181CD    3039       0       0
    9999992                     8                     8             3.8932192E-04         1.0000000E+30            658084       
 NEXT SEEDS: 7960EB2      1B       0       0       0       0   181CD    3039       0       0
    9999993                     7                     7             3.8932190E-04         1.0000000E+30            658084       
 NEXT SEEDS: 79613A4      1B       0       0       0       0   181CD    3039       0       0
    9999994                     6                     6             3.8932191E-04         1.0000000E+30            658084       
 NEXT SEEDS: 7961D40      1B       0       0       0       0   181CD    3039       0       0
    9999995                     5                     5             3.8932192E-04         1.0000000E+30            658084       
 NEXT SEEDS: 796284A      1B       0       0       0       0   181CD    3039       0       0
    9999996                     4                     4             3.8932191E-04         1.0000000E+30            658084       
 NEXT SEEDS: 7962C2C      1B       0       0       0       0   181CD    3039       0       0
    9999997                     3                     3             3.8932187E-04         1.0000000E+30            658084       
 NEXT SEEDS: 7962F0A      1B       0       0       0       0   181CD    3039       0       0
    9999998                     2                     2             3.8932188E-04         1.0000000E+30            658084       
 NEXT SEEDS: 79634C5      1B       0       0       0       0   181CD    3039       0       0
    9999999                     1                     1             3.8932187E-04         1.0000000E+30            658084       
 NEXT SEEDS: 7963D3A      1B       0       0       0       0   181CD    3039       0       0
   10000000                     0                     1             3.8932187E-04         1.0000000E+30            658084       
 NEXT SEEDS: 796479C      1B       0       0       0       0   181CD    3039       0       0
