1NUMBER OF BEAM       NUMBER OF BEAM        APPROXIMATE NUMBER    AVERAGE TIME USED     TIME LEFT (RESERVED   NUMBER OF STARS
 PARTICLES HANDLED    PARTICLES LEFT        OF BEAM PARTICLES     BY A BEAM PARTICLE     10000.0 SECONDS      CREATED
                                            THAT CAN STILL BE                           FOR PRINTOUT)
                                            HANDLED

 NEXT SEEDS:       0       0       0       0       0       0   181CD    3039       0       0
          1              12999999              12999999             1.3399124E-03         1.0000000E+30                 0       
 NEXT SEEDS:    17DB       0       0       0       0       0   181CD    3039       0       0
     200000              12800000              12800000             3.0469332E-03         1.0000000E+30             34990       
 NEXT SEEDS:1E05D650       1       0       0       0       0   181CD    3039       0       0
     400000              12600000              12600000             3.0720004E-03         1.0000000E+30             69802       
 NEXT SEEDS:  35F6CF       3       0       0       0       0   181CD    3039       0       0
 COUSET, TXYZ:  0.999999999989001      0.975187829623413      0.221379079708043    
     600000              12400000              12400000             3.0604294E-03         1.0000000E+30            105083       
 NEXT SEEDS:1E828571       4       0       0       0       0   181CD    3039       0       0
     800000              12200000              12200000             3.0582695E-03         1.0000000E+30            140197       
 NEXT SEEDS: 1083627       6       0       0       0       0   181CD    3039       0       0
    1000000              12000000              12000000             3.0556778E-03         1.0000000E+30            175132       
 NEXT SEEDS:1F2C1812       7       0       0       0       0   181CD    3039       0       0
    1200000              11800000              11800000             3.0469898E-03         1.0000000E+30            210202       
 NEXT SEEDS: 1E06915       9       0       0       0       0   181CD    3039       0       0
    1400000              11600000              11600000             3.0446281E-03         1.0000000E+30            245568       
 NEXT SEEDS:2037CB77       A       0       0       0       0   181CD    3039       0       0
    1600000              11400000              11400000             3.0418688E-03         1.0000000E+30            280357       
 NEXT SEEDS: 2C1E911       C       0       0       0       0   181CD    3039       0       0
    1800000              11200000              11200000             3.0371834E-03         1.0000000E+30            315528       
 NEXT SEEDS:210B3273       D       0       0       0       0   181CD    3039       0       0
    2000000              11000000              11000000             3.0327490E-03         1.0000000E+30            350852       
 NEXT SEEDS: 38F4827       F       0       0       0       0   181CD    3039       0       0
    2200000              10800000              10800000             3.0286778E-03         1.0000000E+30            385770       
 NEXT SEEDS:21B0E118      10       0       0       0       0   181CD    3039       0       0
    2400000              10600000              10600000             3.0248396E-03         1.0000000E+30            420779       
 NEXT SEEDS: 42EE4DF      12       0       0       0       0   181CD    3039       0       0
    2600000              10400000              10400000             3.0251267E-03         1.0000000E+30            455946       
 NEXT SEEDS:22721752      13       0       0       0       0   181CD    3039       0       0
    2800000              10200000              10200000             3.0193141E-03         1.0000000E+30            491057       
 NEXT SEEDS: 4D90D4B      15       0       0       0       0   181CD    3039       0       0
    3000000              10000000              10000000             3.0195092E-03         1.0000000E+30            526401       
 NEXT SEEDS:2320A95B      16       0       0       0       0   181CD    3039       0       0
    3200000               9800000               9800000             3.0169914E-03         1.0000000E+30            561490       
 NEXT SEEDS: 5881F8E      18       0       0       0       0   181CD    3039       0       0
 COUSET, TXYZ:  0.999999999990288      0.929526754526121      0.368754678072987    
    3400000               9600000               9600000             3.0132745E-03         1.0000000E+30            596265       
 NEXT SEEDS:23A7E20B      19       0       0       0       0   181CD    3039       0       0
    3600000               9400000               9400000             3.0128549E-03         1.0000000E+30            631322       
 NEXT SEEDS: 6443A35      1B       0       0       0       0   181CD    3039       0       0
    3800000               9200000               9200000             3.0121994E-03         1.0000000E+30            666246       
 NEXT SEEDS:245C9862      1C       0       0       0       0   181CD    3039       0       0
 COUSET, TXYZ:   1.00000000002525      0.924083892755781      0.382189690075260    
    4000000               9000000               9000000             3.0108709E-03         1.0000000E+30            701444       
 NEXT SEEDS: 6E54C22      1E       0       0       0       0   181CD    3039       0       0
 COUSET, TXYZ:   1.00000000001582      0.719942962888154      0.694033234232675    
    4200000               8800000               8800000             3.0109741E-03         1.0000000E+30            736475       
 NEXT SEEDS:24F2A925      1F       0       0       0       0   181CD    3039       0       0
    4400000               8600000               8600000             3.0094525E-03         1.0000000E+30            771283       
 NEXT SEEDS: 75686A4      21       0       0       0       0   181CD    3039       0       0
    4600000               8400000               8400000             3.0101287E-03         1.0000000E+30            806159       
 NEXT SEEDS:25721802      22       0       0       0       0   181CD    3039       0       0
    4800000               8200000               8200000             3.0117662E-03         1.0000000E+30            841155       
 NEXT SEEDS: 7E2DF41      24       0       0       0       0   181CD    3039       0       0
    5000000               8000000               8000000             3.0129983E-03         1.0000000E+30            876179       
 NEXT SEEDS:25F45CD7      25       0       0       0       0   181CD    3039       0       0
    5200000               7800000               7800000             3.0156145E-03         1.0000000E+30            911202       
 NEXT SEEDS: 8561AA6      27       0       0       0       0   181CD    3039       0       0
    5400000               7600000               7600000             3.0171773E-03         1.0000000E+30            946168       
 NEXT SEEDS:2678F730      28       0       0       0       0   181CD    3039       0       0
 COUSET, TXYZ:   1.00000000001098     -0.867008020041918     -0.498294183394665    
    5600000               7400000               7400000             3.0194139E-03         1.0000000E+30            980964       
 NEXT SEEDS: 90B96A4      2A       0       0       0       0   181CD    3039       0       0
    5800000               7200000               7200000             3.0222628E-03         1.0000000E+30           1016355       
 NEXT SEEDS:275960FC      2B       0       0       0       0   181CD    3039       0       0
    6000000               7000000               7000000             3.0243384E-03         1.0000000E+30           1051752       
 NEXT SEEDS: 9D0252A      2D       0       0       0       0   181CD    3039       0       0
    6200000               6800000               6800000             3.0258898E-03         1.0000000E+30           1086705       
 NEXT SEEDS:27F9CD02      2E       0       0       0       0   181CD    3039       0       0
    6400000               6600000               6600000             3.0268926E-03         1.0000000E+30           1121900       
 NEXT SEEDS: A9DBC50      30       0       0       0       0   181CD    3039       0       0
 COUSET, TXYZ:  0.999999999994256     -0.604613418670770      0.796519060633050    
    6600000               6400000               6400000             3.0271179E-03         1.0000000E+30           1156695       
 NEXT SEEDS:289CCF31      31       0       0       0       0   181CD    3039       0       0
    6800000               6200000               6200000             3.0278859E-03         1.0000000E+30           1191670       
 NEXT SEEDS: B1639E7      33       0       0       0       0   181CD    3039       0       0
    7000000               6000000               6000000             3.0282650E-03         1.0000000E+30           1226263       
 NEXT SEEDS:292AC5BC      34       0       0       0       0   181CD    3039       0       0
    7200000               5800000               5800000             3.0287220E-03         1.0000000E+30           1261407       
 NEXT SEEDS: BD0661D      36       0       0       0       0   181CD    3039       0       0
    7400000               5600000               5600000             3.0294905E-03         1.0000000E+30           1296648       
 NEXT SEEDS:2A1DA6C7      37       0       0       0       0   181CD    3039       0       0
    7600000               5400000               5400000             3.0299005E-03         1.0000000E+30           1331780       
 NEXT SEEDS: CA17A33      39       0       0       0       0   181CD    3039       0       0
 COUSET, TXYZ:  0.999999999988898      0.705682790211193      0.708527910231871    
 COUSET, TXYZ:  0.999999999986565     -0.785993798093125      0.618234380580920    
    7800000               5200000               5200000             3.0297921E-03         1.0000000E+30           1366828       
 NEXT SEEDS:2AC7370E      3A       0       0       0       0   181CD    3039       0       0
    8000000               5000000               5000000             3.0305922E-03         1.0000000E+30           1401955       
 NEXT SEEDS: D75AB30      3C       0       0       0       0   181CD    3039       0       0
    8200000               4800000               4800000             3.0303084E-03         1.0000000E+30           1436976       
 NEXT SEEDS:2BCBFF78      3D       0       0       0       0   181CD    3039       0       0
 COUSET, TXYZ:  0.999999999994710     -0.392742457293390      0.919648499280333    
    8400000               4600000               4600000             3.0303794E-03         1.0000000E+30           1472296       
 NEXT SEEDS: E6815C0      3F       0       0       0       0   181CD    3039       0       0
    8600000               4400000               4400000             3.0308657E-03         1.0000000E+30           1507443       
 NEXT SEEDS:2C7CB977      40       0       0       0       0   181CD    3039       0       0
    8800000               4200000               4200000             3.0311230E-03         1.0000000E+30           1542063       
 NEXT SEEDS: F06213B      42       0       0       0       0   181CD    3039       0       0
    9000000               4000000               4000000             3.0315681E-03         1.0000000E+30           1577156       
 NEXT SEEDS:2D406067      43       0       0       0       0   181CD    3039       0       0
  *** Eveneu: no downsc. group selected, cusngl, rsngl, igpr ***  0.999999762      0.999999821             149
 COUSET, TXYZ:  0.999999999959458      5.755780923944036E-02  0.998342175065480    
    9200000               3800000               3800000             3.0321324E-03         1.0000000E+30           1611875       
 NEXT SEEDS: FB5E071      45       0       0       0       0   181CD    3039       0       0
 COUSET, TXYZ:   1.00000000003464      0.222509539333388      0.974930512895623    
    9400000               3600000               3600000             3.0322041E-03         1.0000000E+30           1646846       
 NEXT SEEDS:2DDE9CAC      46       0       0       0       0   181CD    3039       0       0
 COUSET, TXYZ:  0.999999999819871     -0.383190602514487      0.923669292433351    
    9600000               3400000               3400000             3.0318070E-03         1.0000000E+30           1681917       
 NEXT SEEDS:106EC300      48       0       0       0       0   181CD    3039       0       0
    9800000               3200000               3200000             3.0319307E-03         1.0000000E+30           1717137       
 NEXT SEEDS:2E863AD5      49       0       0       0       0   181CD    3039       0       0
 COUSET, TXYZ:   1.00000000000759     -0.164306523414450      0.986409330034263    
 COUSET, TXYZ:   1.00000000004334      0.858786736442709      0.512333232766294    
   10000000               3000000               3000000             3.0329851E-03         1.0000000E+30           1751900       
 NEXT SEEDS:10F77101      4B       0       0       0       0   181CD    3039       0       0
   10200000               2800000               2800000             3.0356479E-03         1.0000000E+30           1787256       
 NEXT SEEDS:2F6436F0      4C       0       0       0       0   181CD    3039       0       0
   10400000               2600000               2600000             3.0367149E-03         1.0000000E+30           1822018       
 NEXT SEEDS:11D96D63      4E       0       0       0       0   181CD    3039       0       0
   10600000               2400000               2400000             3.0374109E-03         1.0000000E+30           1857066       
 NEXT SEEDS:30095231      4F       0       0       0       0   181CD    3039       0       0
   10800000               2200000               2200000             3.0381043E-03         1.0000000E+30           1892136       
 NEXT SEEDS:12872A9D      51       0       0       0       0   181CD    3039       0       0
 COUSET, TXYZ:   1.00000000004344     -0.581146177948579      0.813799188954279    
   11000000               2000000               2000000             3.0387499E-03         1.0000000E+30           1926967       
 NEXT SEEDS:30E64E9B      52       0       0       0       0   181CD    3039       0       0
   11200000               1800000               1800000             3.0381807E-03         1.0000000E+30           1962090       
 NEXT SEEDS:136C79BE      54       0       0       0       0   181CD    3039       0       0
   11400000               1600000               1600000             3.0379618E-03         1.0000000E+30           1997147       
 NEXT SEEDS:3184FAE1      55       0       0       0       0   181CD    3039       0       0
   11600000               1400000               1400000             3.0379980E-03         1.0000000E+30           2032189       
 NEXT SEEDS:1419BAB1      57       0       0       0       0   181CD    3039       0       0
   11800000               1200000               1200000             3.0376718E-03         1.0000000E+30           2067200       
 NEXT SEEDS:324799E9      58       0       0       0       0   181CD    3039       0       0
   12000000               1000000               1000000             3.0371669E-03         1.0000000E+30           2102235       
 NEXT SEEDS:14CBFC7C      5A       0       0       0       0   181CD    3039       0       0
   12200000                800000                800000             3.0319182E-03         1.0000000E+30           2137403       
 NEXT SEEDS:32EE92FC      5B       0       0       0       0   181CD    3039       0       0
   12400000                600000                600000             3.0243494E-03         1.0000000E+30           2172462       
 NEXT SEEDS:15702D41      5D       0       0       0       0   181CD    3039       0       0
   12600000                400000                400000             3.0177151E-03         1.0000000E+30           2207644       
 NEXT SEEDS:3387DCEE      5E       0       0       0       0   181CD    3039       0       0
   12800000                200000                200000             3.0135607E-03         1.0000000E+30           2242652       
 NEXT SEEDS:1627459D      60       0       0       0       0   181CD    3039       0       0
   12999950                    50                    50             3.0101272E-03         1.0000000E+30           2277704       
 NEXT SEEDS:34442CAE      61       0       0       0       0   181CD    3039       0       0
   12999951                    49                    49             3.0101273E-03         1.0000000E+30           2277705       
 NEXT SEEDS:34444E2C      61       0       0       0       0   181CD    3039       0       0
   12999952                    48                    48             3.0101271E-03         1.0000000E+30           2277705       
 NEXT SEEDS:344468DB      61       0       0       0       0   181CD    3039       0       0
   12999953                    47                    47             3.0101271E-03         1.0000000E+30           2277705       
 NEXT SEEDS:3444835F      61       0       0       0       0   181CD    3039       0       0
   12999954                    46                    46             3.0101269E-03         1.0000000E+30           2277705       
 NEXT SEEDS:34449B84      61       0       0       0       0   181CD    3039       0       0
   12999955                    45                    45             3.0101267E-03         1.0000000E+30           2277705       
 NEXT SEEDS:3444BA89      61       0       0       0       0   181CD    3039       0       0
   12999956                    44                    44             3.0101267E-03         1.0000000E+30           2277705       
 NEXT SEEDS:3444D14E      61       0       0       0       0   181CD    3039       0       0
   12999957                    43                    43             3.0101265E-03         1.0000000E+30           2277705       
 NEXT SEEDS:3444E7CA      61       0       0       0       0   181CD    3039       0       0
   12999958                    42                    42             3.0101263E-03         1.0000000E+30           2277705       
 NEXT SEEDS:344501A0      61       0       0       0       0   181CD    3039       0       0
   12999959                    41                    41             3.0101263E-03         1.0000000E+30           2277705       
 NEXT SEEDS:34451DEF      61       0       0       0       0   181CD    3039       0       0
   12999960                    40                    40             3.0101261E-03         1.0000000E+30           2277705       
 NEXT SEEDS:34453A50      61       0       0       0       0   181CD    3039       0       0
   12999961                    39                    39             3.0101259E-03         1.0000000E+30           2277705       
 NEXT SEEDS:344551BE      61       0       0       0       0   181CD    3039       0       0
   12999962                    38                    38             3.0101259E-03         1.0000000E+30           2277705       
 NEXT SEEDS:3445733E      61       0       0       0       0   181CD    3039       0       0
   12999963                    37                    37             3.0101257E-03         1.0000000E+30           2277705       
 NEXT SEEDS:34458BAF      61       0       0       0       0   181CD    3039       0       0
   12999964                    36                    36             3.0101258E-03         1.0000000E+30           2277705       
 NEXT SEEDS:3445A368      61       0       0       0       0   181CD    3039       0       0
   12999965                    35                    35             3.0101255E-03         1.0000000E+30           2277705       
 NEXT SEEDS:3445C5DA      61       0       0       0       0   181CD    3039       0       0
   12999966                    34                    34             3.0101253E-03         1.0000000E+30           2277705       
 NEXT SEEDS:3445E128      61       0       0       0       0   181CD    3039       0       0
   12999967                    33                    33             3.0101254E-03         1.0000000E+30           2277705       
 NEXT SEEDS:3445FB92      61       0       0       0       0   181CD    3039       0       0
   12999968                    32                    32             3.0101251E-03         1.0000000E+30           2277705       
 NEXT SEEDS:344616B4      61       0       0       0       0   181CD    3039       0       0
   12999969                    31                    31             3.0101252E-03         1.0000000E+30           2277705       
 NEXT SEEDS:34463198      61       0       0       0       0   181CD    3039       0       0
   12999970                    30                    30             3.0101250E-03         1.0000000E+30           2277706       
 NEXT SEEDS:34464772      61       0       0       0       0   181CD    3039       0       0
   12999971                    29                    29             3.0101248E-03         1.0000000E+30           2277706       
 NEXT SEEDS:344663C4      61       0       0       0       0   181CD    3039       0       0
   12999972                    28                    28             3.0101248E-03         1.0000000E+30           2277706       
 NEXT SEEDS:34468282      61       0       0       0       0   181CD    3039       0       0
   12999973                    27                    27             3.0101246E-03         1.0000000E+30           2277707       
 NEXT SEEDS:34469139      61       0       0       0       0   181CD    3039       0       0
   12999974                    26                    26             3.0101244E-03         1.0000000E+30           2277707       
 NEXT SEEDS:3446A31F      61       0       0       0       0   181CD    3039       0       0
   12999975                    25                    25             3.0101241E-03         1.0000000E+30           2277707       
 NEXT SEEDS:3446B906      61       0       0       0       0   181CD    3039       0       0
   12999976                    24                    24             3.0101245E-03         1.0000000E+30           2277708       
 NEXT SEEDS:3447A33E      61       0       0       0       0   181CD    3039       0       0
   12999977                    23                    23             3.0101246E-03         1.0000000E+30           2277708       
 NEXT SEEDS:3447B9A6      61       0       0       0       0   181CD    3039       0       0
   12999978                    22                    22             3.0101243E-03         1.0000000E+30           2277708       
 NEXT SEEDS:3447D4A1      61       0       0       0       0   181CD    3039       0       0
   12999979                    21                    21             3.0101244E-03         1.0000000E+30           2277709       
 NEXT SEEDS:34481E18      61       0       0       0       0   181CD    3039       0       0
   12999980                    20                    20             3.0101242E-03         1.0000000E+30           2277709       
 NEXT SEEDS:34483930      61       0       0       0       0   181CD    3039       0       0
   12999981                    19                    19             3.0101242E-03         1.0000000E+30           2277709       
 NEXT SEEDS:34485842      61       0       0       0       0   181CD    3039       0       0
   12999982                    18                    18             3.0101240E-03         1.0000000E+30           2277709       
 NEXT SEEDS:34486DC6      61       0       0       0       0   181CD    3039       0       0
   12999983                    17                    17             3.0101241E-03         1.0000000E+30           2277709       
 NEXT SEEDS:34488B47      61       0       0       0       0   181CD    3039       0       0
   12999984                    16                    16             3.0101238E-03         1.0000000E+30           2277709       
 NEXT SEEDS:3448A4A4      61       0       0       0       0   181CD    3039       0       0
   12999985                    15                    15             3.0101239E-03         1.0000000E+30           2277710       
 NEXT SEEDS:3448CFAE      61       0       0       0       0   181CD    3039       0       0
   12999986                    14                    14             3.0101237E-03         1.0000000E+30           2277710       
 NEXT SEEDS:3448E5D4      61       0       0       0       0   181CD    3039       0       0
   12999987                    13                    13             3.0101235E-03         1.0000000E+30           2277710       
 NEXT SEEDS:34490110      61       0       0       0       0   181CD    3039       0       0
   12999988                    12                    12             3.0101235E-03         1.0000000E+30           2277711       
 NEXT SEEDS:34492C1E      61       0       0       0       0   181CD    3039       0       0
   12999989                    11                    11             3.0101233E-03         1.0000000E+30           2277711       
 NEXT SEEDS:344944CA      61       0       0       0       0   181CD    3039       0       0
   12999990                    10                    10             3.0101234E-03         1.0000000E+30           2277711       
 NEXT SEEDS:34495EA3      61       0       0       0       0   181CD    3039       0       0
   12999991                     9                     9             3.0101231E-03         1.0000000E+30           2277712       
 NEXT SEEDS:34499A6F      61       0       0       0       0   181CD    3039       0       0
   12999992                     8                     8             3.0101232E-03         1.0000000E+30           2277712       
 NEXT SEEDS:3449B65D      61       0       0       0       0   181CD    3039       0       0
   12999993                     7                     7             3.0101230E-03         1.0000000E+30           2277712       
 NEXT SEEDS:3449CE32      61       0       0       0       0   181CD    3039       0       0
   12999994                     6                     6             3.0101227E-03         1.0000000E+30           2277712       
 NEXT SEEDS:3449E36E      61       0       0       0       0   181CD    3039       0       0
   12999995                     5                     5             3.0101228E-03         1.0000000E+30           2277712       
 NEXT SEEDS:344A0139      61       0       0       0       0   181CD    3039       0       0
   12999996                     4                     4             3.0101226E-03         1.0000000E+30           2277712       
 NEXT SEEDS:344A1B3C      61       0       0       0       0   181CD    3039       0       0
   12999997                     3                     3             3.0101223E-03         1.0000000E+30           2277712       
 NEXT SEEDS:344A3022      61       0       0       0       0   181CD    3039       0       0
   12999998                     2                     2             3.0101224E-03         1.0000000E+30           2277713       
 NEXT SEEDS:344A5AAE      61       0       0       0       0   181CD    3039       0       0
   12999999                     1                     1             3.0101222E-03         1.0000000E+30           2277713       
 NEXT SEEDS:344A79AC      61       0       0       0       0   181CD    3039       0       0
   13000000                     0                     1             3.0101222E-03         1.0000000E+30           2277713       
 NEXT SEEDS:344A9B91      61       0       0       0       0   181CD    3039       0       0
