1NUMBER OF BEAM       NUMBER OF BEAM        APPROXIMATE NUMBER    AVERAGE TIME USED     TIME LEFT (RESERVED   NUMBER OF STARS
 PARTICLES HANDLED    PARTICLES LEFT        OF BEAM PARTICLES     BY A BEAM PARTICLE     10000.0 SECONDS      CREATED
                                            THAT CAN STILL BE                           FOR PRINTOUT)
                                            HANDLED

 NEXT SEEDS:       0       0       0       0       0       0   181CD    3039       0       0
          1               9999999               9999999             3.1185150E-04         1.0000000E+30                 0       
 NEXT SEEDS:     3A4       0       0       0       0       0   181CD    3039       0       0
     200000               9800000               9800000             4.2387584E-04         1.0000000E+30              4918       
 NEXT SEEDS: D8BD5B1       0       0       0       0       0   181CD    3039       0       0
     400000               9600000               9600000             4.3691890E-04         1.0000000E+30              9947       
 NEXT SEEDS:1B2B98F2       0       0       0       0       0   181CD    3039       0       0
 COUSET, TXYZ:  0.999999999913897     -8.308170588477305E-02  0.996542738659547    
     600000               9400000               9400000             4.3596555E-04         1.0000000E+30             15224       
 NEXT SEEDS:28DFDDD4       0       0       0       0       0   181CD    3039       0       0
     800000               9200000               9200000             4.3606146E-04         1.0000000E+30             20375       
 NEXT SEEDS:368F80E2       0       0       0       0       0   181CD    3039       0       0
    1000000               9000000               9000000             4.0444594E-04         1.0000000E+30             25671       
 NEXT SEEDS: 8A50F90       1       0       0       0       0   181CD    3039       0       0
    1200000               8800000               8800000             3.8606144E-04         1.0000000E+30             30930       
 NEXT SEEDS:16498F87       1       0       0       0       0   181CD    3039       0       0
    1400000               8600000               8600000             3.7236865E-04         1.0000000E+30             35968       
 NEXT SEEDS:23D73196       1       0       0       0       0   181CD    3039       0       0
    1600000               8400000               8400000             3.6364091E-04         1.0000000E+30             41111       
 NEXT SEEDS:317C9D15       1       0       0       0       0   181CD    3039       0       0
    1800000               8200000               8200000             3.5497397E-04         1.0000000E+30             46176       
 NEXT SEEDS: 37C2619       2       0       0       0       0   181CD    3039       0       0
    2000000               8000000               8000000             3.4805634E-04         1.0000000E+30             51228       
 NEXT SEEDS:1112414C       2       0       0       0       0   181CD    3039       0       0
    2200000               7800000               7800000             3.4227215E-04         1.0000000E+30             56228       
 NEXT SEEDS:1EAE63A0       2       0       0       0       0   181CD    3039       0       0
    2400000               7600000               7600000             3.3749240E-04         1.0000000E+30             61421       
 NEXT SEEDS:2C55BE5C       2       0       0       0       0   181CD    3039       0       0
    2600000               7400000               7400000             3.4266773E-04         1.0000000E+30             66556       
 NEXT SEEDS:39EC641F       2       0       0       0       0   181CD    3039       0       0
    2800000               7200000               7200000             3.4850392E-04         1.0000000E+30             71601       
 NEXT SEEDS: BEE3DF1       3       0       0       0       0   181CD    3039       0       0
    3000000               7000000               7000000             3.4795787E-04         1.0000000E+30             76721       
 NEXT SEEDS:19974410       3       0       0       0       0   181CD    3039       0       0
    3200000               6800000               6800000             3.4423281E-04         1.0000000E+30             81853       
 NEXT SEEDS:2737EDF4       3       0       0       0       0   181CD    3039       0       0
    3400000               6600000               6600000             3.4168474E-04         1.0000000E+30             87076       
 NEXT SEEDS:34DF9873       3       0       0       0       0   181CD    3039       0       0
    3600000               6400000               6400000             3.4057955E-04         1.0000000E+30             92225       
 NEXT SEEDS: 6EA4AFC       4       0       0       0       0   181CD    3039       0       0
    3800000               6200000               6200000             3.3948700E-04         1.0000000E+30             97275       
 NEXT SEEDS:1485F1EE       4       0       0       0       0   181CD    3039       0       0
    4000000               6000000               6000000             3.3782235E-04         1.0000000E+30            102265       
 NEXT SEEDS:22219D1C       4       0       0       0       0   181CD    3039       0       0
    4200000               5800000               5800000             3.3455054E-04         1.0000000E+30            107482       
 NEXT SEEDS:2FCFFDA9       4       0       0       0       0   181CD    3039       0       0
    4400000               5600000               5600000             3.3226908E-04         1.0000000E+30            112627       
 NEXT SEEDS: 1D0F56C       5       0       0       0       0   181CD    3039       0       0
    4600000               5400000               5400000             3.3160925E-04         1.0000000E+30            117595       
 NEXT SEEDS: F6D9041       5       0       0       0       0   181CD    3039       0       0
    4800000               5200000               5200000             3.2966656E-04         1.0000000E+30            122621       
 NEXT SEEDS:1D02718B       5       0       0       0       0   181CD    3039       0       0
    5000000               5000000               5000000             3.2851994E-04         1.0000000E+30            127796       
 NEXT SEEDS:2A9B73CA       5       0       0       0       0   181CD    3039       0       0
    5200000               4800000               4800000             3.2641807E-04         1.0000000E+30            133029       
 NEXT SEEDS:384D10F7       5       0       0       0       0   181CD    3039       0       0
    5400000               4600000               4600000             3.2533442E-04         1.0000000E+30            138343       
 NEXT SEEDS: A63BFBA       6       0       0       0       0   181CD    3039       0       0
    5600000               4400000               4400000             3.2331196E-04         1.0000000E+30            143502       
 NEXT SEEDS:18152EEC       6       0       0       0       0   181CD    3039       0       0
    5800000               4200000               4200000             3.2256572E-04         1.0000000E+30            148663       
 NEXT SEEDS:25C5CDF1       6       0       0       0       0   181CD    3039       0       0
    6000000               4000000               4000000             3.2161099E-04         1.0000000E+30            153883       
 NEXT SEEDS:33710D58       6       0       0       0       0   181CD    3039       0       0
    6200000               3800000               3800000             3.2100495E-04         1.0000000E+30            159097       
 NEXT SEEDS: 57F5D43       7       0       0       0       0   181CD    3039       0       0
    6400000               3600000               3600000             3.1964542E-04         1.0000000E+30            164097       
 NEXT SEEDS:130D1188       7       0       0       0       0   181CD    3039       0       0
    6600000               3400000               3400000             3.1917017E-04         1.0000000E+30            169360       
 NEXT SEEDS:20CA9447       7       0       0       0       0   181CD    3039       0       0
    6800000               3200000               3200000             3.1824994E-04         1.0000000E+30            174504       
 NEXT SEEDS:2E6BDAEF       7       0       0       0       0   181CD    3039       0       0
    7000000               3000000               3000000             3.1781605E-04         1.0000000E+30            179663       
 NEXT SEEDS:  71F63B       8       0       0       0       0   181CD    3039       0       0
    7200000               2800000               2800000             3.1648810E-04         1.0000000E+30            184796       
 NEXT SEEDS: E12FD35       8       0       0       0       0   181CD    3039       0       0
    7400000               2600000               2600000             3.1618813E-04         1.0000000E+30            189951       
 NEXT SEEDS:1BB0C849       8       0       0       0       0   181CD    3039       0       0
    7600000               2400000               2400000             3.1537626E-04         1.0000000E+30            195161       
 NEXT SEEDS:2960F68B       8       0       0       0       0   181CD    3039       0       0
 COUSET, TXYZ:  0.999999999990272     -0.716065705330780      0.698032882914320    
    7800000               2200000               2200000             3.1482562E-04         1.0000000E+30            200369       
 NEXT SEEDS:370BA1F3       8       0       0       0       0   181CD    3039       0       0
    8000000               2000000               2000000             3.1388119E-04         1.0000000E+30            205558       
 NEXT SEEDS: 917F318       9       0       0       0       0   181CD    3039       0       0
    8200000               1800000               1800000             3.1645537E-04         1.0000000E+30            210724       
 NEXT SEEDS:16B8BA57       9       0       0       0       0   181CD    3039       0       0
    8400000               1600000               1600000             3.1949564E-04         1.0000000E+30            215868       
 NEXT SEEDS:24503A29       9       0       0       0       0   181CD    3039       0       0
    8600000               1400000               1400000             3.2194756E-04         1.0000000E+30            221062       
 NEXT SEEDS:31EF232C       9       0       0       0       0   181CD    3039       0       0
    8800000               1200000               1200000             3.2356442E-04         1.0000000E+30            226234       
 NEXT SEEDS: 3F523A7       A       0       0       0       0   181CD    3039       0       0
    9000000               1000000               1000000             3.2291867E-04         1.0000000E+30            231304       
 NEXT SEEDS:11A7DFF8       A       0       0       0       0   181CD    3039       0       0
    9200000                800000                800000             3.2544239E-04         1.0000000E+30            236313       
 NEXT SEEDS:1F33805A       A       0       0       0       0   181CD    3039       0       0
    9400000                600000                600000             3.2748519E-04         1.0000000E+30            241515       
 NEXT SEEDS:2CDE232E       A       0       0       0       0   181CD    3039       0       0
    9600000                400000                400000             3.2984034E-04         1.0000000E+30            246617       
 NEXT SEEDS:3A82DAC4       A       0       0       0       0   181CD    3039       0       0
    9800000                200000                200000             3.2932388E-04         1.0000000E+30            251931       
 NEXT SEEDS: C9E0C9B       B       0       0       0       0   181CD    3039       0       0
    9999950                    50                    50             3.3104408E-04         1.0000000E+30            257205       
 NEXT SEEDS:1A55BBFB       B       0       0       0       0   181CD    3039       0       0
    9999951                    49                    49             3.3104410E-04         1.0000000E+30            257205       
 NEXT SEEDS:1A55C08C       B       0       0       0       0   181CD    3039       0       0
    9999952                    48                    48             3.3104409E-04         1.0000000E+30            257205       
 NEXT SEEDS:1A55C49C       B       0       0       0       0   181CD    3039       0       0
    9999953                    47                    47             3.3104408E-04         1.0000000E+30            257205       
 NEXT SEEDS:1A55C6C0       B       0       0       0       0   181CD    3039       0       0
    9999954                    46                    46             3.3104410E-04         1.0000000E+30            257205       
 NEXT SEEDS:1A55CA6E       B       0       0       0       0   181CD    3039       0       0
    9999955                    45                    45             3.3104409E-04         1.0000000E+30            257205       
 NEXT SEEDS:1A55CD7E       B       0       0       0       0   181CD    3039       0       0
    9999956                    44                    44             3.3104408E-04         1.0000000E+30            257205       
 NEXT SEEDS:1A55D058       B       0       0       0       0   181CD    3039       0       0
    9999957                    43                    43             3.3104407E-04         1.0000000E+30            257205       
 NEXT SEEDS:1A55D242       B       0       0       0       0   181CD    3039       0       0
    9999958                    42                    42             3.3104406E-04         1.0000000E+30            257205       
 NEXT SEEDS:1A55D370       B       0       0       0       0   181CD    3039       0       0
    9999959                    41                    41             3.3104405E-04         1.0000000E+30            257205       
 NEXT SEEDS:1A55D536       B       0       0       0       0   181CD    3039       0       0
    9999960                    40                    40             3.3104404E-04         1.0000000E+30            257205       
 NEXT SEEDS:1A55D9E1       B       0       0       0       0   181CD    3039       0       0
    9999961                    39                    39             3.3104404E-04         1.0000000E+30            257205       
 NEXT SEEDS:1A55DD1B       B       0       0       0       0   181CD    3039       0       0
    9999962                    38                    38             3.3104405E-04         1.0000000E+30            257205       
 NEXT SEEDS:1A55E125       B       0       0       0       0   181CD    3039       0       0
    9999963                    37                    37             3.3104404E-04         1.0000000E+30            257205       
 NEXT SEEDS:1A55E396       B       0       0       0       0   181CD    3039       0       0
    9999964                    36                    36             3.3104403E-04         1.0000000E+30            257205       
 NEXT SEEDS:1A55E601       B       0       0       0       0   181CD    3039       0       0
    9999965                    35                    35             3.3104402E-04         1.0000000E+30            257205       
 NEXT SEEDS:1A55EAEE       B       0       0       0       0   181CD    3039       0       0
    9999966                    34                    34             3.3104404E-04         1.0000000E+30            257205       
 NEXT SEEDS:1A55EFA4       B       0       0       0       0   181CD    3039       0       0
    9999967                    33                    33             3.3104406E-04         1.0000000E+30            257205       
 NEXT SEEDS:1A55F802       B       0       0       0       0   181CD    3039       0       0
    9999968                    32                    32             3.3104405E-04         1.0000000E+30            257205       
 NEXT SEEDS:1A55F9E3       B       0       0       0       0   181CD    3039       0       0
    9999969                    31                    31             3.3104404E-04         1.0000000E+30            257205       
 NEXT SEEDS:1A55FCA5       B       0       0       0       0   181CD    3039       0       0
    9999970                    30                    30             3.3104403E-04         1.0000000E+30            257205       
 NEXT SEEDS:1A55FF31       B       0       0       0       0   181CD    3039       0       0
    9999971                    29                    29             3.3104405E-04         1.0000000E+30            257205       
 NEXT SEEDS:1A5605A8       B       0       0       0       0   181CD    3039       0       0
    9999972                    28                    28             3.3104404E-04         1.0000000E+30            257205       
 NEXT SEEDS:1A560690       B       0       0       0       0   181CD    3039       0       0
    9999973                    27                    27             3.3104403E-04         1.0000000E+30            257205       
 NEXT SEEDS:1A560B64       B       0       0       0       0   181CD    3039       0       0
    9999974                    26                    26             3.3104402E-04         1.0000000E+30            257205       
 NEXT SEEDS:1A560E51       B       0       0       0       0   181CD    3039       0       0
    9999975                    25                    25             3.3104404E-04         1.0000000E+30            257205       
 NEXT SEEDS:1A5613B4       B       0       0       0       0   181CD    3039       0       0
    9999976                    24                    24             3.3104403E-04         1.0000000E+30            257205       
 NEXT SEEDS:1A5615A2       B       0       0       0       0   181CD    3039       0       0
    9999977                    23                    23             3.3104402E-04         1.0000000E+30            257205       
 NEXT SEEDS:1A56187B       B       0       0       0       0   181CD    3039       0       0
    9999978                    22                    22             3.3104403E-04         1.0000000E+30            257205       
 NEXT SEEDS:1A561EA3       B       0       0       0       0   181CD    3039       0       0
    9999979                    21                    21             3.3104403E-04         1.0000000E+30            257205       
 NEXT SEEDS:1A56210A       B       0       0       0       0   181CD    3039       0       0
    9999980                    20                    20             3.3104402E-04         1.0000000E+30            257205       
 NEXT SEEDS:1A56258D       B       0       0       0       0   181CD    3039       0       0
    9999981                    19                    19             3.3104401E-04         1.0000000E+30            257205       
 NEXT SEEDS:1A562809       B       0       0       0       0   181CD    3039       0       0
    9999982                    18                    18             3.3104397E-04         1.0000000E+30            257205       
 NEXT SEEDS:1A5629A2       B       0       0       0       0   181CD    3039       0       0
    9999983                    17                    17             3.3104394E-04         1.0000000E+30            257205       
 NEXT SEEDS:1A562CE0       B       0       0       0       0   181CD    3039       0       0
    9999984                    16                    16             3.3104391E-04         1.0000000E+30            257205       
 NEXT SEEDS:1A563139       B       0       0       0       0   181CD    3039       0       0
    9999985                    15                    15             3.3104388E-04         1.0000000E+30            257205       
 NEXT SEEDS:1A563900       B       0       0       0       0   181CD    3039       0       0
    9999986                    14                    14             3.3104384E-04         1.0000000E+30            257206       
 NEXT SEEDS:1A563EF5       B       0       0       0       0   181CD    3039       0       0
    9999987                    13                    13             3.3104381E-04         1.0000000E+30            257206       
 NEXT SEEDS:1A5645BA       B       0       0       0       0   181CD    3039       0       0
    9999988                    12                    12             3.3104378E-04         1.0000000E+30            257206       
 NEXT SEEDS:1A5646EE       B       0       0       0       0   181CD    3039       0       0
    9999989                    11                    11             3.3104374E-04         1.0000000E+30            257206       
 NEXT SEEDS:1A564A46       B       0       0       0       0   181CD    3039       0       0
    9999990                    10                    10             3.3104371E-04         1.0000000E+30            257206       
 NEXT SEEDS:1A564F51       B       0       0       0       0   181CD    3039       0       0
    9999991                     9                     9             3.3104368E-04         1.0000000E+30            257206       
 NEXT SEEDS:1A5651EF       B       0       0       0       0   181CD    3039       0       0
    9999992                     8                     8             3.3104364E-04         1.0000000E+30            257206       
 NEXT SEEDS:1A565726       B       0       0       0       0   181CD    3039       0       0
    9999993                     7                     7             3.3104364E-04         1.0000000E+30            257206       
 NEXT SEEDS:1A565E35       B       0       0       0       0   181CD    3039       0       0
    9999994                     6                     6             3.3104365E-04         1.0000000E+30            257206       
 NEXT SEEDS:1A566179       B       0       0       0       0   181CD    3039       0       0
    9999995                     5                     5             3.3104362E-04         1.0000000E+30            257206       
 NEXT SEEDS:1A5662FF       B       0       0       0       0   181CD    3039       0       0
    9999996                     4                     4             3.3104361E-04         1.0000000E+30            257206       
 NEXT SEEDS:1A56647C       B       0       0       0       0   181CD    3039       0       0
    9999997                     3                     3             3.3104362E-04         1.0000000E+30            257206       
 NEXT SEEDS:1A5667AB       B       0       0       0       0   181CD    3039       0       0
    9999998                     2                     2             3.3104362E-04         1.0000000E+30            257206       
 NEXT SEEDS:1A5669B8       B       0       0       0       0   181CD    3039       0       0
    9999999                     1                     1             3.3104363E-04         1.0000000E+30            257206       
 NEXT SEEDS:1A5671CE       B       0       0       0       0   181CD    3039       0       0
   10000000                     0                     1             3.3104365E-04         1.0000000E+30            257206       
 NEXT SEEDS:1A567A98       B       0       0       0       0   181CD    3039       0       0
