1NUMBER OF BEAM       NUMBER OF BEAM        APPROXIMATE NUMBER    AVERAGE TIME USED     TIME LEFT (RESERVED   NUMBER OF STARS
 PARTICLES HANDLED    PARTICLES LEFT        OF BEAM PARTICLES     BY A BEAM PARTICLE     10000.0 SECONDS      CREATED
                                            THAT CAN STILL BE                           FOR PRINTOUT)
                                            HANDLED

 NEXT SEEDS:       0       0       0       0       0       0   181CD    3039       0       0
          1               6999999               6999999             3.9710999E-03         1.0000000E+30                 2       
 NEXT SEEDS:    462E       0       0       0       0       0   181CD    3039       0       0
     100000               6900000               6900000             5.3372319E-03         1.0000000E+30             28353       
 NEXT SEEDS: C825B4A       1       0       0       0       0   181CD    3039       0       0
     200000               6800000               6800000             4.8695452E-03         1.0000000E+30             56939       
 NEXT SEEDS:197CA872       2       0       0       0       0   181CD    3039       0       0
     300000               6700000               6700000             4.7521425E-03         1.0000000E+30             85796       
 NEXT SEEDS:2664EA61       3       0       0       0       0   181CD    3039       0       0
     400000               6600000               6600000             4.7529237E-03         1.0000000E+30            114411       
 NEXT SEEDS:331C480C       4       0       0       0       0   181CD    3039       0       0
     500000               6500000               6500000             4.7721893E-03         1.0000000E+30            142924       
 NEXT SEEDS: 44978E2       6       0       0       0       0   181CD    3039       0       0
     600000               6400000               6400000             4.7760249E-03         1.0000000E+30            171427       
 NEXT SEEDS:10F576C6       7       0       0       0       0   181CD    3039       0       0
     700000               6300000               6300000             4.8072997E-03         1.0000000E+30            200149       
 NEXT SEEDS:1DA92EB3       8       0       0       0       0   181CD    3039       0       0
     800000               6200000               6200000             4.8265767E-03         1.0000000E+30            228683       
 NEXT SEEDS:2A71A2CE       9       0       0       0       0   181CD    3039       0       0
 COUSET, TXYZ:  0.999999999993639      0.758463158817216      0.651715917178864    
     900000               6100000               6100000             4.8458650E-03         1.0000000E+30            257611       
 NEXT SEEDS:372D4780       A       0       0       0       0   181CD    3039       0       0
    1000000               6000000               6000000             4.8623097E-03         1.0000000E+30            286412       
 NEXT SEEDS: 86E55FC       C       0       0       0       0   181CD    3039       0       0
    1100000               5900000               5900000             4.8778384E-03         1.0000000E+30            314945       
 NEXT SEEDS:150FE497       D       0       0       0       0   181CD    3039       0       0
    1200000               5800000               5800000             4.8884258E-03         1.0000000E+30            343636       
 NEXT SEEDS:21C78A3A       E       0       0       0       0   181CD    3039       0       0
    1300000               5700000               5700000             4.8996527E-03         1.0000000E+30            372143       
 NEXT SEEDS:2EA1B5A0       F       0       0       0       0   181CD    3039       0       0
    1400000               5600000               5600000             4.9068720E-03         1.0000000E+30            400709       
 NEXT SEEDS:3B4241B9      10       0       0       0       0   181CD    3039       0       0
    1500000               5500000               5500000             4.9103422E-03         1.0000000E+30            429248       
 NEXT SEEDS: C74C4CC      12       0       0       0       0   181CD    3039       0       0
    1600000               5400000               5400000             4.9221540E-03         1.0000000E+30            458019       
 NEXT SEEDS:19797CB8      13       0       0       0       0   181CD    3039       0       0
    1700000               5300000               5300000             4.9294119E-03         1.0000000E+30            486517       
 NEXT SEEDS:264F5FD3      14       0       0       0       0   181CD    3039       0       0
    1800000               5200000               5200000             4.9342519E-03         1.0000000E+30            515050       
 NEXT SEEDS:333923F4      15       0       0       0       0   181CD    3039       0       0
 COUSET, TXYZ:   1.00000000000581      0.825903997284501      0.563810772583407    
    1900000               5100000               5100000             4.9360322E-03         1.0000000E+30            543807       
 NEXT SEEDS: 4711907      17       0       0       0       0   181CD    3039       0       0
    2000000               5000000               5000000             4.9387320E-03         1.0000000E+30            572486       
 NEXT SEEDS:1122ECA1      18       0       0       0       0   181CD    3039       0       0
 COUSET, TXYZ:  0.999999998934154     -0.747640983993144      0.664103122204731    
    2100000               4900000               4900000             4.9440193E-03         1.0000000E+30            601131       
 NEXT SEEDS:1E01ADBB      19       0       0       0       0   181CD    3039       0       0
    2200000               4800000               4800000             4.9527238E-03         1.0000000E+30            629684       
 NEXT SEEDS:2AAA10EF      1A       0       0       0       0   181CD    3039       0       0
    2300000               4700000               4700000             4.9610764E-03         1.0000000E+30            658117       
 NEXT SEEDS:37527EA6      1B       0       0       0       0   181CD    3039       0       0
    2400000               4600000               4600000             4.9671798E-03         1.0000000E+30            686689       
 NEXT SEEDS: 85C9E4A      1D       0       0       0       0   181CD    3039       0       0
    2500000               4500000               4500000             4.9737423E-03         1.0000000E+30            715364       
 NEXT SEEDS:153724FA      1E       0       0       0       0   181CD    3039       0       0
    2600000               4400000               4400000             4.9758110E-03         1.0000000E+30            743789       
 NEXT SEEDS:21D084F1      1F       0       0       0       0   181CD    3039       0       0
    2700000               4300000               4300000             4.9798594E-03         1.0000000E+30            772136       
 NEXT SEEDS:2E90AB27      20       0       0       0       0   181CD    3039       0       0
 COUSET, TXYZ:  0.999999999990682      0.990074150104209     -0.140545997014469    
    2800000               4200000               4200000             4.9844232E-03         1.0000000E+30            800493       
 NEXT SEEDS:3B3CF589      21       0       0       0       0   181CD    3039       0       0
    2900000               4100000               4100000             4.9880833E-03         1.0000000E+30            829006       
 NEXT SEEDS: C3D1D55      23       0       0       0       0   181CD    3039       0       0
 GEOFAR, TXYZ: 0.999999999997917    
 -2.484273310213567E-03-5.547276412653908E-02 0.998457110156523    
    Nfrom, Nreg, X, Y, Z    1001       5
 -0.213229847088147    -0.174279361518247      4.11204670913613    
 Jtrack, Etrack     8 0.939585361099790    
    3000000               4000000               4000000             4.9916511E-03         1.0000000E+30            858015       
 NEXT SEEDS:19449996      24       0       0       0       0   181CD    3039       0       0
    3100000               3900000               3900000             4.9939784E-03         1.0000000E+30            886789       
 NEXT SEEDS:25CBCD5A      25       0       0       0       0   181CD    3039       0       0
 COUSET, TXYZ:  0.999999999993444     -0.376381600539270      0.926464727208967    
    3200000               3800000               3800000             4.9977686E-03         1.0000000E+30            915659       
 NEXT SEEDS:32E6ECDD      26       0       0       0       0   181CD    3039       0       0
    3300000               3700000               3700000             5.0022615E-03         1.0000000E+30            944061       
 NEXT SEEDS: 3CD2BB3      28       0       0       0       0   181CD    3039       0       0
    3400000               3600000               3600000             5.0031394E-03         1.0000000E+30            972714       
 NEXT SEEDS:10AB6B4D      29       0       0       0       0   181CD    3039       0       0
    3500000               3500000               3500000             5.0065458E-03         1.0000000E+30           1000960       
 NEXT SEEDS:1D7CBEF2      2A       0       0       0       0   181CD    3039       0       0
 COUSET, TXYZ:   1.00000000000733      0.245094452581619      0.969499205429468    
    3600000               3400000               3400000             5.0122993E-03         1.0000000E+30           1030020       
 NEXT SEEDS:2A38F810      2B       0       0       0       0   181CD    3039       0       0
 COUSET, TXYZ:  0.999999999971499     -0.666713523734554      0.745314079574814    
    3700000               3300000               3300000             5.0147430E-03         1.0000000E+30           1058955       
 NEXT SEEDS:37097E1C      2C       0       0       0       0   181CD    3039       0       0
    3800000               3200000               3200000             5.0196511E-03         1.0000000E+30           1087615       
 NEXT SEEDS: 846C2BF      2E       0       0       0       0   181CD    3039       0       0
    3900000               3100000               3100000             5.0251132E-03         1.0000000E+30           1116210       
 NEXT SEEDS:1537395B      2F       0       0       0       0   181CD    3039       0       0
 COUSET, TXYZ:  0.999999999456287     -0.797041649068437      0.603924340098030    
    4000000               3000000               3000000             5.0287647E-03         1.0000000E+30           1145007       
 NEXT SEEDS:2244420A      30       0       0       0       0   181CD    3039       0       0
 COUSET, TXYZ:  0.999999999981256      0.876871075114735     -0.480725615699478    
    4100000               2900000               2900000             5.0334056E-03         1.0000000E+30           1173791       
 NEXT SEEDS:2F0EBFA7      31       0       0       0       0   181CD    3039       0       0
    4200000               2800000               2800000             5.0375893E-03         1.0000000E+30           1202124       
 NEXT SEEDS:  35D285      33       0       0       0       0   181CD    3039       0       0
 COUSET, TXYZ:   1.00000000000932     -0.231696380891192      0.972788151192517    
    4300000               2700000               2700000             5.0408281E-03         1.0000000E+30           1230830       
 NEXT SEEDS: CE9FEF1      34       0       0       0       0   181CD    3039       0       0
    4400000               2600000               2600000             5.0458945E-03         1.0000000E+30           1259479       
 NEXT SEEDS:19E4E549      35       0       0       0       0   181CD    3039       0       0
 COUSET, TXYZ:  0.999999999986428      0.311528820901645      0.950236704048253    
    4500000               2500000               2500000             5.0498473E-03         1.0000000E+30           1288009       
 NEXT SEEDS:267E5DFF      36       0       0       0       0   181CD    3039       0       0
    4600000               2400000               2400000             5.0526847E-03         1.0000000E+30           1316460       
 NEXT SEEDS:330F4E5D      37       0       0       0       0   181CD    3039       0       0
 COUSET, TXYZ:  0.999999999988840      0.815999477618848      0.578052638177050    
 COUSET, TXYZ:  0.999999999993839     -0.267783717547891      0.963479050422950    
    4700000               2300000               2300000             5.0560834E-03         1.0000000E+30           1345224       
 NEXT SEEDS: 44383C3      39       0       0       0       0   181CD    3039       0       0
    4800000               2200000               2200000             5.0604077E-03         1.0000000E+30           1373796       
 NEXT SEEDS:1145C02D      3A       0       0       0       0   181CD    3039       0       0
    4900000               2100000               2100000             5.0636121E-03         1.0000000E+30           1402450       
 NEXT SEEDS:1E1E30B8      3B       0       0       0       0   181CD    3039       0       0
 COUSET, TXYZ:   1.00000000003489      0.358851857454627      0.933394527770089    
    5000000               2000000               2000000             5.0687508E-03         1.0000000E+30           1430962       
 NEXT SEEDS:2ADD9A3F      3C       0       0       0       0   181CD    3039       0       0
    5100000               1900000               1900000             5.0714465E-03         1.0000000E+30           1459638       
 NEXT SEEDS:37967D7A      3D       0       0       0       0   181CD    3039       0       0
    5200000               1800000               1800000             5.0744629E-03         1.0000000E+30           1488439       
 NEXT SEEDS: 8D441EB      3F       0       0       0       0   181CD    3039       0       0
    5300000               1700000               1700000             5.0794509E-03         1.0000000E+30           1517224       
 NEXT SEEDS:15BB16F5      40       0       0       0       0   181CD    3039       0       0
    5400000               1600000               1600000             5.0820873E-03         1.0000000E+30           1545582       
 NEXT SEEDS:22B2F0F9      41       0       0       0       0   181CD    3039       0       0
    5500000               1500000               1500000             5.0853040E-03         1.0000000E+30           1574267       
 NEXT SEEDS:2F72C325      42       0       0       0       0   181CD    3039       0       0
    5600000               1400000               1400000             5.0877438E-03         1.0000000E+30           1602835       
 NEXT SEEDS:  A0B351      44       0       0       0       0   181CD    3039       0       0
    5700000               1300000               1300000             5.0904002E-03         1.0000000E+30           1631266       
 NEXT SEEDS: D80A336      45       0       0       0       0   181CD    3039       0       0
 COUSET, TXYZ:  0.999999999992009      0.209215896981318      0.977869474129508    
 COUSET, TXYZ:   1.00000000001497     -0.577125978838470      0.816655131974129    
    5800000               1200000               1200000             5.0924542E-03         1.0000000E+30           1660291       
 NEXT SEEDS:1A316C8A      46       0       0       0       0   181CD    3039       0       0
    5900000               1100000               1100000             5.0942429E-03         1.0000000E+30           1689111       
 NEXT SEEDS:271D9CB3      47       0       0       0       0   181CD    3039       0       0
    6000000               1000000               1000000             5.0966130E-03         1.0000000E+30           1717813       
 NEXT SEEDS:33D2D368      48       0       0       0       0   181CD    3039       0       0
    6100000                900000                900000             5.0995246E-03         1.0000000E+30           1746340       
 NEXT SEEDS: 50E78F2      4A       0       0       0       0   181CD    3039       0       0
    6200000                800000                800000             5.1011880E-03         1.0000000E+30           1774922       
 NEXT SEEDS:11BAFD1C      4B       0       0       0       0   181CD    3039       0       0
    6300000                700000                700000             5.1029424E-03         1.0000000E+30           1803372       
 NEXT SEEDS:1E8F2AA2      4C       0       0       0       0   181CD    3039       0       0
    6400000                600000                600000             5.1049427E-03         1.0000000E+30           1832221       
 NEXT SEEDS:2B6985E5      4D       0       0       0       0   181CD    3039       0       0
    6500000                500000                500000             5.1065797E-03         1.0000000E+30           1860728       
 NEXT SEEDS:384323E0      4E       0       0       0       0   181CD    3039       0       0
    6600000                400000                400000             5.1096050E-03         1.0000000E+30           1889514       
 NEXT SEEDS: 9AAA377      50       0       0       0       0   181CD    3039       0       0
    6700000                300000                300000             5.1113384E-03         1.0000000E+30           1917930       
 NEXT SEEDS:167ED15E      51       0       0       0       0   181CD    3039       0       0
    6800000                200000                200000             5.1139657E-03         1.0000000E+30           1946478       
 NEXT SEEDS:23678C1C      52       0       0       0       0   181CD    3039       0       0
    6900000                100000                100000             5.1150852E-03         1.0000000E+30           1975200       
 NEXT SEEDS:3041F883      53       0       0       0       0   181CD    3039       0       0
 COUSET, TXYZ:  0.999999999987205      2.094519496444958E-02  0.999780625328533    
    6999950                    50                    50             5.1173817E-03         1.0000000E+30           2003762       
 NEXT SEEDS: 1563AFC      55       0       0       0       0   181CD    3039       0       0
    6999951                    49                    49             5.1173810E-03         1.0000000E+30           2003762       
 NEXT SEEDS: 15664CB      55       0       0       0       0   181CD    3039       0       0
    6999952                    48                    48             5.1173808E-03         1.0000000E+30           2003762       
 NEXT SEEDS: 1568A1B      55       0       0       0       0   181CD    3039       0       0
    6999953                    47                    47             5.1173801E-03         1.0000000E+30           2003762       
 NEXT SEEDS: 156B64A      55       0       0       0       0   181CD    3039       0       0
    6999954                    46                    46             5.1173799E-03         1.0000000E+30           2003764       
 NEXT SEEDS: 1570511      55       0       0       0       0   181CD    3039       0       0
    6999955                    45                    45             5.1173797E-03         1.0000000E+30           2003764       
 NEXT SEEDS: 1572EF0      55       0       0       0       0   181CD    3039       0       0
    6999956                    44                    44             5.1173790E-03         1.0000000E+30           2003764       
 NEXT SEEDS: 15759AF      55       0       0       0       0   181CD    3039       0       0
    6999957                    43                    43             5.1173788E-03         1.0000000E+30           2003764       
 NEXT SEEDS: 1578EA8      55       0       0       0       0   181CD    3039       0       0
    6999958                    42                    42             5.1173787E-03         1.0000000E+30           2003764       
 NEXT SEEDS: 157B727      55       0       0       0       0   181CD    3039       0       0
    6999959                    41                    41             5.1173779E-03         1.0000000E+30           2003764       
 NEXT SEEDS: 157E7E4      55       0       0       0       0   181CD    3039       0       0
    6999960                    40                    40             5.1173778E-03         1.0000000E+30           2003765       
 NEXT SEEDS: 15811D0      55       0       0       0       0   181CD    3039       0       0
    6999961                    39                    39             5.1173770E-03         1.0000000E+30           2003765       
 NEXT SEEDS: 1584865      55       0       0       0       0   181CD    3039       0       0
    6999962                    38                    38             5.1173769E-03         1.0000000E+30           2003765       
 NEXT SEEDS: 1588043      55       0       0       0       0   181CD    3039       0       0
    6999963                    37                    37             5.1173767E-03         1.0000000E+30           2003765       
 NEXT SEEDS: 158A5DE      55       0       0       0       0   181CD    3039       0       0
    6999964                    36                    36             5.1173760E-03         1.0000000E+30           2003765       
 NEXT SEEDS: 158D057      55       0       0       0       0   181CD    3039       0       0
    6999965                    35                    35             5.1173758E-03         1.0000000E+30           2003766       
 NEXT SEEDS: 1590779      55       0       0       0       0   181CD    3039       0       0
    6999966                    34                    34             5.1173750E-03         1.0000000E+30           2003766       
 NEXT SEEDS: 159305E      55       0       0       0       0   181CD    3039       0       0
    6999967                    33                    33             5.1173749E-03         1.0000000E+30           2003766       
 NEXT SEEDS: 1595C3D      55       0       0       0       0   181CD    3039       0       0
    6999968                    32                    32             5.1173747E-03         1.0000000E+30           2003767       
 NEXT SEEDS: 1599138      55       0       0       0       0   181CD    3039       0       0
    6999969                    31                    31             5.1173740E-03         1.0000000E+30           2003767       
 NEXT SEEDS: 159C09E      55       0       0       0       0   181CD    3039       0       0
    6999970                    30                    30             5.1173738E-03         1.0000000E+30           2003767       
 NEXT SEEDS: 159F287      55       0       0       0       0   181CD    3039       0       0
    6999971                    29                    29             5.1173736E-03         1.0000000E+30           2003768       
 NEXT SEEDS: 15A1829      55       0       0       0       0   181CD    3039       0       0
    6999972                    28                    28             5.1173729E-03         1.0000000E+30           2003768       
 NEXT SEEDS: 15A403F      55       0       0       0       0   181CD    3039       0       0
    6999973                    27                    27             5.1173727E-03         1.0000000E+30           2003768       
 NEXT SEEDS: 15A63C3      55       0       0       0       0   181CD    3039       0       0
    6999974                    26                    26             5.1173720E-03         1.0000000E+30           2003769       
 NEXT SEEDS: 15A8BF5      55       0       0       0       0   181CD    3039       0       0
    6999975                    25                    25             5.1173718E-03         1.0000000E+30           2003769       
 NEXT SEEDS: 15AB2A0      55       0       0       0       0   181CD    3039       0       0
    6999976                    24                    24             5.1173711E-03         1.0000000E+30           2003769       
 NEXT SEEDS: 15AE0D9      55       0       0       0       0   181CD    3039       0       0
    6999977                    23                    23             5.1173709E-03         1.0000000E+30           2003770       
 NEXT SEEDS: 15B10B4      55       0       0       0       0   181CD    3039       0       0
    6999978                    22                    22             5.1173702E-03         1.0000000E+30           2003770       
 NEXT SEEDS: 15B3665      55       0       0       0       0   181CD    3039       0       0
    6999979                    21                    21             5.1173700E-03         1.0000000E+30           2003770       
 NEXT SEEDS: 15B648A      55       0       0       0       0   181CD    3039       0       0
    6999980                    20                    20             5.1173693E-03         1.0000000E+30           2003770       
 NEXT SEEDS: 15B8E7A      55       0       0       0       0   181CD    3039       0       0
    6999981                    19                    19             5.1173691E-03         1.0000000E+30           2003770       
 NEXT SEEDS: 15BC039      55       0       0       0       0   181CD    3039       0       0
    6999982                    18                    18             5.1173689E-03         1.0000000E+30           2003770       
 NEXT SEEDS: 15BECCB      55       0       0       0       0   181CD    3039       0       0
    6999983                    17                    17             5.1173682E-03         1.0000000E+30           2003770       
 NEXT SEEDS: 15C14E3      55       0       0       0       0   181CD    3039       0       0
    6999984                    16                    16             5.1173680E-03         1.0000000E+30           2003771       
 NEXT SEEDS: 15C33D3      55       0       0       0       0   181CD    3039       0       0
    6999985                    15                    15             5.1173673E-03         1.0000000E+30           2003771       
 NEXT SEEDS: 15C57E4      55       0       0       0       0   181CD    3039       0       0
    6999986                    14                    14             5.1173671E-03         1.0000000E+30           2003772       
 NEXT SEEDS: 15C7C7B      55       0       0       0       0   181CD    3039       0       0
    6999987                    13                    13             5.1173664E-03         1.0000000E+30           2003773       
 NEXT SEEDS: 15CB562      55       0       0       0       0   181CD    3039       0       0
    6999988                    12                    12             5.1173662E-03         1.0000000E+30           2003773       
 NEXT SEEDS: 15CE3AD      55       0       0       0       0   181CD    3039       0       0
    6999989                    11                    11             5.1173660E-03         1.0000000E+30           2003773       
 NEXT SEEDS: 15D0CEA      55       0       0       0       0   181CD    3039       0       0
    6999990                    10                    10             5.1173653E-03         1.0000000E+30           2003774       
 NEXT SEEDS: 15D3FD1      55       0       0       0       0   181CD    3039       0       0
    6999991                     9                     9             5.1173651E-03         1.0000000E+30           2003774       
 NEXT SEEDS: 15D6388      55       0       0       0       0   181CD    3039       0       0
    6999992                     8                     8             5.1173644E-03         1.0000000E+30           2003774       
 NEXT SEEDS: 15D93D0      55       0       0       0       0   181CD    3039       0       0
    6999993                     7                     7             5.1173642E-03         1.0000000E+30           2003774       
 NEXT SEEDS: 15DC3F6      55       0       0       0       0   181CD    3039       0       0
    6999994                     6                     6             5.1173641E-03         1.0000000E+30           2003774       
 NEXT SEEDS: 15DF65D      55       0       0       0       0   181CD    3039       0       0
    6999995                     5                     5             5.1173633E-03         1.0000000E+30           2003775       
 NEXT SEEDS: 15E1840      55       0       0       0       0   181CD    3039       0       0
    6999996                     4                     4             5.1173632E-03         1.0000000E+30           2003775       
 NEXT SEEDS: 15E448C      55       0       0       0       0   181CD    3039       0       0
    6999997                     3                     3             5.1173624E-03         1.0000000E+30           2003775       
 NEXT SEEDS: 15E7758      55       0       0       0       0   181CD    3039       0       0
    6999998                     2                     2             5.1173623E-03         1.0000000E+30           2003775       
 NEXT SEEDS: 15E9C84      55       0       0       0       0   181CD    3039       0       0
    6999999                     1                     1             5.1173615E-03         1.0000000E+30           2003775       
 NEXT SEEDS: 15EC359      55       0       0       0       0   181CD    3039       0       0
    7000000                     0                     1             5.1173614E-03         1.0000000E+30           2003775       
 NEXT SEEDS: 15EFEB7      55       0       0       0       0   181CD    3039       0       0
