1NUMBER OF BEAM       NUMBER OF BEAM        APPROXIMATE NUMBER    AVERAGE TIME USED     TIME LEFT (RESERVED   NUMBER OF STARS
 PARTICLES HANDLED    PARTICLES LEFT        OF BEAM PARTICLES     BY A BEAM PARTICLE     10000.0 SECONDS      CREATED
                                            THAT CAN STILL BE                           FOR PRINTOUT)
                                            HANDLED

 NEXT SEEDS:       0       0       0       0       0       0   181CD    3039       0       0
          1              24999999              24999999             2.9468536E-04         1.0000000E+30                 0       
 NEXT SEEDS:     460       0       0       0       0       0   181CD    3039       0       0
     500000              24500000              24500000             2.4297572E-04         1.0000000E+30             14189       
 NEXT SEEDS:200AE69A       0       0       0       0       0   181CD    3039       0       0
    1000000              24000000              24000000             2.6241844E-04         1.0000000E+30             28466       
 NEXT SEEDS: 4910D28       1       0       0       0       0   181CD    3039       0       0
    1500000              23500000              23500000             2.5652074E-04         1.0000000E+30             42761       
 NEXT SEEDS:24C55193       1       0       0       0       0   181CD    3039       0       0
    2000000              23000000              23000000             2.8518365E-04         1.0000000E+30             56887       
 NEXT SEEDS: 92DC841       2       0       0       0       0   181CD    3039       0       0
    2500000              22500000              22500000             2.8103928E-04         1.0000000E+30             71202       
 NEXT SEEDS:294E71B9       2       0       0       0       0   181CD    3039       0       0
    3000000              22000000              22000000             2.7617122E-04         1.0000000E+30             85493       
 NEXT SEEDS: DBF81BF       3       0       0       0       0   181CD    3039       0       0
    3500000              21500000              21500000             2.7108775E-04         1.0000000E+30             99666       
 NEXT SEEDS:2DC570AF       3       0       0       0       0   181CD    3039       0       0
    4000000              21000000              21000000             2.6709953E-04         1.0000000E+30            114103       
 NEXT SEEDS:1245A30C       4       0       0       0       0   181CD    3039       0       0
    4500000              20500000              20500000             2.6545267E-04         1.0000000E+30            128460       
 NEXT SEEDS:32664B3B       4       0       0       0       0   181CD    3039       0       0
    5000000              20000000              20000000             2.6320863E-04         1.0000000E+30            142856       
 NEXT SEEDS:17028EAA       5       0       0       0       0   181CD    3039       0       0
    5500000              19500000              19500000             2.6187685E-04         1.0000000E+30            157023       
 NEXT SEEDS:3713B35F       5       0       0       0       0   181CD    3039       0       0
    6000000              19000000              19000000             2.6258692E-04         1.0000000E+30            171215       
 NEXT SEEDS:1B8B37AD       6       0       0       0       0   181CD    3039       0       0
    6500000              18500000              18500000             2.6283102E-04         1.0000000E+30            185363       
 NEXT SEEDS:3B98A117       6       0       0       0       0   181CD    3039       0       0
    7000000              18000000              18000000             2.6014823E-04         1.0000000E+30            199513       
 NEXT SEEDS:200927D6       7       0       0       0       0   181CD    3039       0       0
    7500000              17500000              17500000             2.6714317E-04         1.0000000E+30            213775       
 NEXT SEEDS: 47EC610       8       0       0       0       0   181CD    3039       0       0
    8000000              17000000              17000000             2.7120251E-04         1.0000000E+30            227993       
 NEXT SEEDS:247AFD5F       8       0       0       0       0   181CD    3039       0       0
    8500000              16500000              16500000             2.6997581E-04         1.0000000E+30            242105       
 NEXT SEEDS: 8E60622       9       0       0       0       0   181CD    3039       0       0
    9000000              16000000              16000000             2.7008433E-04         1.0000000E+30            256305       
 NEXT SEEDS:28F6D563       9       0       0       0       0   181CD    3039       0       0
    9500000              15500000              15500000             2.7018397E-04         1.0000000E+30            270876       
 NEXT SEEDS: D8FB6CC       A       0       0       0       0   181CD    3039       0       0
   10000000              15000000              15000000             2.6910990E-04         1.0000000E+30            285129       
 NEXT SEEDS:2DB15EBB       A       0       0       0       0   181CD    3039       0       0
   10500000              14500000              14500000             2.6898753E-04         1.0000000E+30            299402       
 NEXT SEEDS:12378B0F       B       0       0       0       0   181CD    3039       0       0
   11000000              14000000              14000000             2.7106800E-04         1.0000000E+30            313688       
 NEXT SEEDS:3258C55B       B       0       0       0       0   181CD    3039       0       0
   11500000              13500000              13500000             2.7101413E-04         1.0000000E+30            327865       
 NEXT SEEDS:16C4E912       C       0       0       0       0   181CD    3039       0       0
   12000000              13000000              13000000             2.7386714E-04         1.0000000E+30            342115       
 NEXT SEEDS:36EADEB3       C       0       0       0       0   181CD    3039       0       0
   12500000              12500000              12500000             2.7443761E-04         1.0000000E+30            356507       
 NEXT SEEDS:1B7F7759       D       0       0       0       0   181CD    3039       0       0
   13000000              12000000              12000000             2.7370227E-04         1.0000000E+30            370658       
 NEXT SEEDS:3B99C0F9       D       0       0       0       0   181CD    3039       0       0
   13500000              11500000              11500000             2.7451000E-04         1.0000000E+30            385057       
 NEXT SEEDS:20334966       E       0       0       0       0   181CD    3039       0       0
   14000000              11000000              11000000             2.7399293E-04         1.0000000E+30            399295       
 NEXT SEEDS: 4A8F3D4       F       0       0       0       0   181CD    3039       0       0
   14500000              10500000              10500000             2.7458657E-04         1.0000000E+30            413682       
 NEXT SEEDS:24CF640E       F       0       0       0       0   181CD    3039       0       0
   15000000              10000000              10000000             2.8164861E-04         1.0000000E+30            428166       
 NEXT SEEDS: 961AE67      10       0       0       0       0   181CD    3039       0       0
   15500000               9500000               9500000             2.8290475E-04         1.0000000E+30            442487       
 NEXT SEEDS:29871ADF      10       0       0       0       0   181CD    3039       0       0
   16000000               9000000               9000000             2.8596443E-04         1.0000000E+30            456830       
 NEXT SEEDS: E00858C      11       0       0       0       0   181CD    3039       0       0
   16500000               8500000               8500000             2.9384950E-04         1.0000000E+30            471088       
 NEXT SEEDS:2E14D905      11       0       0       0       0   181CD    3039       0       0
   17000000               8000000               8000000             2.9153818E-04         1.0000000E+30            485336       
 NEXT SEEDS:12925B3A      12       0       0       0       0   181CD    3039       0       0
   17500000               7500000               7500000             2.8942872E-04         1.0000000E+30            499569       
 NEXT SEEDS:32B01F16      12       0       0       0       0   181CD    3039       0       0
   18000000               7000000               7000000             2.8728498E-04         1.0000000E+30            513938       
 NEXT SEEDS:1730F588      13       0       0       0       0   181CD    3039       0       0
   18500000               6500000               6500000             2.8549969E-04         1.0000000E+30            528246       
 NEXT SEEDS:373EE836      13       0       0       0       0   181CD    3039       0       0
 COUSET, TXYZ:   1.00000000000602     -0.607748931406192      0.794129231540224    
   19000000               6000000               6000000             2.8356708E-04         1.0000000E+30            542719       
 NEXT SEEDS:1BDD9ACC      14       0       0       0       0   181CD    3039       0       0
   19500000               5500000               5500000             2.8188445E-04         1.0000000E+30            557138       
 NEXT SEEDS:  7A7A04      15       0       0       0       0   181CD    3039       0       0
   20000000               5000000               5000000             2.8028238E-04         1.0000000E+30            571611       
 NEXT SEEDS:20AA9210      15       0       0       0       0   181CD    3039       0       0
   20500000               4500000               4500000             2.7860907E-04         1.0000000E+30            585769       
 NEXT SEEDS: 5200F19      16       0       0       0       0   181CD    3039       0       0
   21000000               4000000               4000000             2.7716030E-04         1.0000000E+30            599983       
 NEXT SEEDS:25410D58      16       0       0       0       0   181CD    3039       0       0
   21500000               3500000               3500000             2.7562598E-04         1.0000000E+30            614117       
 NEXT SEEDS: 9A1DAEE      17       0       0       0       0   181CD    3039       0       0
   22000000               3000000               3000000             2.7432511E-04         1.0000000E+30            628402       
 NEXT SEEDS:29D19D7E      17       0       0       0       0   181CD    3039       0       0
   22500000               2500000               2500000             2.7293525E-04         1.0000000E+30            642871       
 NEXT SEEDS: E6B4763      18       0       0       0       0   181CD    3039       0       0
   23000000               2000000               2000000             2.7173487E-04         1.0000000E+30            657198       
 NEXT SEEDS:2E77E5B2      18       0       0       0       0   181CD    3039       0       0
   23500000               1500000               1500000             2.7056124E-04         1.0000000E+30            671731       
 NEXT SEEDS:131775BC      19       0       0       0       0   181CD    3039       0       0
   24000000               1000000               1000000             2.6937419E-04         1.0000000E+30            685942       
 NEXT SEEDS:332550F7      19       0       0       0       0   181CD    3039       0       0
 COUSET, TXYZ:  0.999999999993468      0.691386374515703      0.722485211697076    
 COUSET, TXYZ:   1.00000000000684      0.285237808891391      0.958456776486303    
   24500000                500000                500000             2.6833230E-04         1.0000000E+30            700380       
 NEXT SEEDS:17BDFB52      1A       0       0       0       0   181CD    3039       0       0
   24999950                    50                    50             2.6720251E-04         1.0000000E+30            714830       
 NEXT SEEDS:37E6E2AF      1A       0       0       0       0   181CD    3039       0       0
   24999951                    49                    49             2.6720252E-04         1.0000000E+30            714830       
 NEXT SEEDS:37E6E722      1A       0       0       0       0   181CD    3039       0       0
   24999952                    48                    48             2.6720253E-04         1.0000000E+30            714830       
 NEXT SEEDS:37E6E9A0      1A       0       0       0       0   181CD    3039       0       0
   24999953                    47                    47             2.6720254E-04         1.0000000E+30            714830       
 NEXT SEEDS:37E6F14E      1A       0       0       0       0   181CD    3039       0       0
   24999954                    46                    46             2.6720255E-04         1.0000000E+30            714830       
 NEXT SEEDS:37E6F78F      1A       0       0       0       0   181CD    3039       0       0
   24999955                    45                    45             2.6720256E-04         1.0000000E+30            714830       
 NEXT SEEDS:37E6FC6D      1A       0       0       0       0   181CD    3039       0       0
   24999956                    44                    44             2.6720257E-04         1.0000000E+30            714830       
 NEXT SEEDS:37E7002A      1A       0       0       0       0   181CD    3039       0       0
   24999957                    43                    43             2.6720258E-04         1.0000000E+30            714830       
 NEXT SEEDS:37E70512      1A       0       0       0       0   181CD    3039       0       0
   24999958                    42                    42             2.6720258E-04         1.0000000E+30            714830       
 NEXT SEEDS:37E70B24      1A       0       0       0       0   181CD    3039       0       0
   24999959                    41                    41             2.6720257E-04         1.0000000E+30            714830       
 NEXT SEEDS:37E70F7F      1A       0       0       0       0   181CD    3039       0       0
   24999960                    40                    40             2.6720258E-04         1.0000000E+30            714830       
 NEXT SEEDS:37E71253      1A       0       0       0       0   181CD    3039       0       0
   24999961                    39                    39             2.6720259E-04         1.0000000E+30            714830       
 NEXT SEEDS:37E71634      1A       0       0       0       0   181CD    3039       0       0
   24999962                    38                    38             2.6720260E-04         1.0000000E+30            714830       
 NEXT SEEDS:37E71A87      1A       0       0       0       0   181CD    3039       0       0
   24999963                    37                    37             2.6720259E-04         1.0000000E+30            714830       
 NEXT SEEDS:37E71E2B      1A       0       0       0       0   181CD    3039       0       0
   24999964                    36                    36             2.6720260E-04         1.0000000E+30            714830       
 NEXT SEEDS:37E72054      1A       0       0       0       0   181CD    3039       0       0
   24999965                    35                    35             2.6720261E-04         1.0000000E+30            714830       
 NEXT SEEDS:37E723D5      1A       0       0       0       0   181CD    3039       0       0
   24999966                    34                    34             2.6720260E-04         1.0000000E+30            714830       
 NEXT SEEDS:37E72557      1A       0       0       0       0   181CD    3039       0       0
   24999967                    33                    33             2.6720259E-04         1.0000000E+30            714830       
 NEXT SEEDS:37E72643      1A       0       0       0       0   181CD    3039       0       0
   24999968                    32                    32             2.6720259E-04         1.0000000E+30            714830       
 NEXT SEEDS:37E7285F      1A       0       0       0       0   181CD    3039       0       0
   24999969                    31                    31             2.6720260E-04         1.0000000E+30            714830       
 NEXT SEEDS:37E72D2B      1A       0       0       0       0   181CD    3039       0       0
   24999970                    30                    30             2.6720261E-04         1.0000000E+30            714830       
 NEXT SEEDS:37E730E3      1A       0       0       0       0   181CD    3039       0       0
   24999971                    29                    29             2.6720260E-04         1.0000000E+30            714830       
 NEXT SEEDS:37E734F2      1A       0       0       0       0   181CD    3039       0       0
   24999972                    28                    28             2.6720261E-04         1.0000000E+30            714830       
 NEXT SEEDS:37E7377D      1A       0       0       0       0   181CD    3039       0       0
   24999973                    27                    27             2.6720262E-04         1.0000000E+30            714830       
 NEXT SEEDS:37E73B7C      1A       0       0       0       0   181CD    3039       0       0
   24999974                    26                    26             2.6720261E-04         1.0000000E+30            714830       
 NEXT SEEDS:37E73D04      1A       0       0       0       0   181CD    3039       0       0
   24999975                    25                    25             2.6720270E-04         1.0000000E+30            714831       
 NEXT SEEDS:37E76B1A      1A       0       0       0       0   181CD    3039       0       0
   24999976                    24                    24             2.6720270E-04         1.0000000E+30            714831       
 NEXT SEEDS:37E76CEF      1A       0       0       0       0   181CD    3039       0       0
   24999977                    23                    23             2.6720269E-04         1.0000000E+30            714831       
 NEXT SEEDS:37E77179      1A       0       0       0       0   181CD    3039       0       0
   24999978                    22                    22             2.6720270E-04         1.0000000E+30            714831       
 NEXT SEEDS:37E7731E      1A       0       0       0       0   181CD    3039       0       0
   24999979                    21                    21             2.6720271E-04         1.0000000E+30            714831       
 NEXT SEEDS:37E77665      1A       0       0       0       0   181CD    3039       0       0
   24999980                    20                    20             2.6720270E-04         1.0000000E+30            714831       
 NEXT SEEDS:37E779B2      1A       0       0       0       0   181CD    3039       0       0
   24999981                    19                    19             2.6720271E-04         1.0000000E+30            714831       
 NEXT SEEDS:37E77B7D      1A       0       0       0       0   181CD    3039       0       0
   24999982                    18                    18             2.6720272E-04         1.0000000E+30            714831       
 NEXT SEEDS:37E7801A      1A       0       0       0       0   181CD    3039       0       0
   24999983                    17                    17             2.6720271E-04         1.0000000E+30            714831       
 NEXT SEEDS:37E78244      1A       0       0       0       0   181CD    3039       0       0
   24999984                    16                    16             2.6720272E-04         1.0000000E+30            714831       
 NEXT SEEDS:37E78534      1A       0       0       0       0   181CD    3039       0       0
   24999985                    15                    15             2.6720273E-04         1.0000000E+30            714831       
 NEXT SEEDS:37E789D6      1A       0       0       0       0   181CD    3039       0       0
   24999986                    14                    14             2.6720271E-04         1.0000000E+30            714831       
 NEXT SEEDS:37E78C16      1A       0       0       0       0   181CD    3039       0       0
   24999987                    13                    13             2.6720272E-04         1.0000000E+30            714831       
 NEXT SEEDS:37E78F18      1A       0       0       0       0   181CD    3039       0       0
   24999988                    12                    12             2.6720273E-04         1.0000000E+30            714831       
 NEXT SEEDS:37E7921B      1A       0       0       0       0   181CD    3039       0       0
   24999989                    11                    11             2.6720274E-04         1.0000000E+30            714831       
 NEXT SEEDS:37E794BD      1A       0       0       0       0   181CD    3039       0       0
   24999990                    10                    10             2.6720273E-04         1.0000000E+30            714831       
 NEXT SEEDS:37E7969D      1A       0       0       0       0   181CD    3039       0       0
   24999991                     9                     9             2.6720274E-04         1.0000000E+30            714831       
 NEXT SEEDS:37E79CD4      1A       0       0       0       0   181CD    3039       0       0
   24999992                     8                     8             2.6720275E-04         1.0000000E+30            714831       
 NEXT SEEDS:37E79FE0      1A       0       0       0       0   181CD    3039       0       0
   24999993                     7                     7             2.6720274E-04         1.0000000E+30            714831       
 NEXT SEEDS:37E7A1CE      1A       0       0       0       0   181CD    3039       0       0
   24999994                     6                     6             2.6720275E-04         1.0000000E+30            714831       
 NEXT SEEDS:37E7A60B      1A       0       0       0       0   181CD    3039       0       0
   24999995                     5                     5             2.6720276E-04         1.0000000E+30            714831       
 NEXT SEEDS:37E7AB41      1A       0       0       0       0   181CD    3039       0       0
   24999996                     4                     4             2.6720274E-04         1.0000000E+30            714831       
 NEXT SEEDS:37E7AE1E      1A       0       0       0       0   181CD    3039       0       0
   24999997                     3                     3             2.6720275E-04         1.0000000E+30            714831       
 NEXT SEEDS:37E7B00D      1A       0       0       0       0   181CD    3039       0       0
   24999998                     2                     2             2.6720276E-04         1.0000000E+30            714831       
 NEXT SEEDS:37E7B2E6      1A       0       0       0       0   181CD    3039       0       0
   24999999                     1                     1             2.6720275E-04         1.0000000E+30            714831       
 NEXT SEEDS:37E7B5EA      1A       0       0       0       0   181CD    3039       0       0
   25000000                     0                     1             2.6720276E-04         1.0000000E+30            714831       
 NEXT SEEDS:37E7B846      1A       0       0       0       0   181CD    3039       0       0
