1NUMBER OF BEAM       NUMBER OF BEAM        APPROXIMATE NUMBER    AVERAGE TIME USED     TIME LEFT (RESERVED   NUMBER OF STARS
 PARTICLES HANDLED    PARTICLES LEFT        OF BEAM PARTICLES     BY A BEAM PARTICLE     10000.0 SECONDS      CREATED
                                            THAT CAN STILL BE                           FOR PRINTOUT)
                                            HANDLED

 NEXT SEEDS:       0       0       0       0       0       0   181CD    3039       0       0
          1              10999999              10999999             4.1389465E-03         1.0000000E+30                 2       
 NEXT SEEDS:    4F2B       0       0       0       0       0   181CD    3039       0       0
 COUSET, TXYZ:  0.999999999989536     -0.969223376828023     -0.246182951865389    
 COUSET, TXYZ:  0.999999999994485     -0.805359471367515      0.592786742317679    
     200000              10800000              10800000             3.5051772E-03         1.0000000E+30             41954       
 NEXT SEEDS:2F5873FE       1       0       0       0       0   181CD    3039       0       0
     400000              10600000              10600000             3.5415026E-03         1.0000000E+30             84129       
 NEXT SEEDS:23832927       3       0       0       0       0   181CD    3039       0       0
     600000              10400000              10400000             3.5439880E-03         1.0000000E+30            126403       
 NEXT SEEDS:1790148D       5       0       0       0       0   181CD    3039       0       0
     800000              10200000              10200000             3.5366198E-03         1.0000000E+30            168367       
 NEXT SEEDS: BB21256       7       0       0       0       0   181CD    3039       0       0
 COUSET, TXYZ:  0.999999999596466     -0.899467636784996      0.436987379187715    
    1000000              10000000              10000000             3.4676784E-03         1.0000000E+30            210374       
 NEXT SEEDS:3B1D00E9       8       0       0       0       0   181CD    3039       0       0
 COUSET, TXYZ:  0.999999999983041     -0.877744879635777      0.479128298307727    
    1200000               9800000               9800000             3.3870628E-03         1.0000000E+30            252504       
 NEXT SEEDS:2F081105       A       0       0       0       0   181CD    3039       0       0
    1400000               9600000               9600000             3.3506325E-03         1.0000000E+30            294672       
 NEXT SEEDS:22EA0CD0       C       0       0       0       0   181CD    3039       0       0
    1600000               9400000               9400000             3.3352238E-03         1.0000000E+30            336669       
 NEXT SEEDS:16D8CADC       E       0       0       0       0   181CD    3039       0       0
    1800000               9200000               9200000             3.3329116E-03         1.0000000E+30            378886       
 NEXT SEEDS: AFFA439      10       0       0       0       0   181CD    3039       0       0
    2000000               9000000               9000000             3.3362860E-03         1.0000000E+30            420764       
 NEXT SEEDS:3AEDD55F      11       0       0       0       0   181CD    3039       0       0
    2200000               8800000               8800000             3.3184289E-03         1.0000000E+30            462478       
 NEXT SEEDS:2ED5FE31      13       0       0       0       0   181CD    3039       0       0
    2400000               8600000               8600000             3.2929680E-03         1.0000000E+30            504482       
 NEXT SEEDS:22B54E83      15       0       0       0       0   181CD    3039       0       0
 COUSET, TXYZ:  0.999999999994614     -1.567207136995247E-02  0.999877185542406    
    2600000               8400000               8400000             3.2792733E-03         1.0000000E+30            546810       
 NEXT SEEDS:16DA75BF      17       0       0       0       0   181CD    3039       0       0
    2800000               8200000               8200000             3.2578189E-03         1.0000000E+30            588997       
 NEXT SEEDS: ACE95F6      19       0       0       0       0   181CD    3039       0       0
    3000000               8000000               8000000             3.2363500E-03         1.0000000E+30            630658       
 NEXT SEEDS:3A54799E      1A       0       0       0       0   181CD    3039       0       0
    3200000               7800000               7800000             3.2173527E-03         1.0000000E+30            672931       
 NEXT SEEDS:2E56BD2D      1C       0       0       0       0   181CD    3039       0       0
    3400000               7600000               7600000             3.2003786E-03         1.0000000E+30            715271       
 NEXT SEEDS:22605FFE      1E       0       0       0       0   181CD    3039       0       0
 COUSET, TXYZ:   1.00000000002426     -0.900774687855884      0.434286727596696    
    3600000               7400000               7400000             3.2526360E-03         1.0000000E+30            757308       
 NEXT SEEDS:165345E7      20       0       0       0       0   181CD    3039       0       0
 COUSET, TXYZ:  0.999999999529550      0.198388942488277      0.980123373130894    
    3800000               7200000               7200000             3.3099415E-03         1.0000000E+30            799325       
 NEXT SEEDS: A6EA633      22       0       0       0       0   181CD    3039       0       0
    4000000               7000000               7000000             3.3641124E-03         1.0000000E+30            841341       
 NEXT SEEDS:39FB99F6      23       0       0       0       0   181CD    3039       0       0
 COUSET, TXYZ:  0.999999999994885      0.966960370268367     -0.254926739123681    
    4200000               6800000               6800000             3.4152835E-03         1.0000000E+30            883322       
 NEXT SEEDS:2DCBC1DE      25       0       0       0       0   181CD    3039       0       0
    4400000               6600000               6600000             3.4626061E-03         1.0000000E+30            925100       
 NEXT SEEDS:2194D15B      27       0       0       0       0   181CD    3039       0       0
 COUSET, TXYZ:  0.999999999985462     -3.062996132189606E-02  0.999530792642399    
    4600000               6400000               6400000             3.5031832E-03         1.0000000E+30            967327       
 NEXT SEEDS:15962EA6      29       0       0       0       0   181CD    3039       0       0
    4800000               6200000               6200000             3.5443508E-03         1.0000000E+30           1009730       
 NEXT SEEDS: 9919C55      2B       0       0       0       0   181CD    3039       0       0
 COUSET, TXYZ:   1.00000000000674     -0.774101614498672      0.633061363885066    
    5000000               6000000               6000000             3.5815764E-03         1.0000000E+30           1051983       
 NEXT SEEDS:390303B9      2C       0       0       0       0   181CD    3039       0       0
    5200000               5800000               5800000             3.6149507E-03         1.0000000E+30           1093987       
 NEXT SEEDS:2D05004A      2E       0       0       0       0   181CD    3039       0       0
    5400000               5600000               5600000             3.6460560E-03         1.0000000E+30           1136155       
 NEXT SEEDS:20EA1B05      30       0       0       0       0   181CD    3039       0       0
    5600000               5400000               5400000             3.6436878E-03         1.0000000E+30           1178253       
 NEXT SEEDS:149FCE2E      32       0       0       0       0   181CD    3039       0       0
    5800000               5200000               5200000             3.6419584E-03         1.0000000E+30           1220260       
 NEXT SEEDS: 89DA0E0      34       0       0       0       0   181CD    3039       0       0
    6000000               5000000               5000000             3.6443680E-03         1.0000000E+30           1262469       
 NEXT SEEDS:383369E9      35       0       0       0       0   181CD    3039       0       0
    6200000               4800000               4800000             3.6424189E-03         1.0000000E+30           1304356       
 NEXT SEEDS:2BDEDB82      37       0       0       0       0   181CD    3039       0       0
    6400000               4600000               4600000             3.6427050E-03         1.0000000E+30           1346534       
 NEXT SEEDS:1FD3C0D8      39       0       0       0       0   181CD    3039       0       0
    6600000               4400000               4400000             3.6445447E-03         1.0000000E+30           1388478       
 NEXT SEEDS:13B0F019      3B       0       0       0       0   181CD    3039       0       0
    6800000               4200000               4200000             3.6463056E-03         1.0000000E+30           1430704       
 NEXT SEEDS: 7A0E1E7      3D       0       0       0       0   181CD    3039       0       0
    7000000               4000000               4000000             3.6483068E-03         1.0000000E+30           1472731       
 NEXT SEEDS:37246FBC      3E       0       0       0       0   181CD    3039       0       0
    7200000               3800000               3800000             3.6491869E-03         1.0000000E+30           1514845       
 NEXT SEEDS:2B516AF5      40       0       0       0       0   181CD    3039       0       0
 COUSET, TXYZ:   1.00000000003597      0.974074714124503      0.226226548785062    
    7400000               3600000               3600000             3.6492891E-03         1.0000000E+30           1556909       
 NEXT SEEDS:1F8893D7      42       0       0       0       0   181CD    3039       0       0
    7600000               3400000               3400000             3.6477757E-03         1.0000000E+30           1598762       
 NEXT SEEDS:13659F46      44       0       0       0       0   181CD    3039       0       0
    7800000               3200000               3200000             3.6444112E-03         1.0000000E+30           1641238       
 NEXT SEEDS: 7642B11      46       0       0       0       0   181CD    3039       0       0
    8000000               3000000               3000000             3.6450370E-03         1.0000000E+30           1683582       
 NEXT SEEDS:36F5B29C      47       0       0       0       0   181CD    3039       0       0
    8200000               2800000               2800000             3.6448680E-03         1.0000000E+30           1725690       
 NEXT SEEDS:2AE6341F      49       0       0       0       0   181CD    3039       0       0
    8400000               2600000               2600000             3.6461357E-03         1.0000000E+30           1768082       
 NEXT SEEDS:1EBE2151      4B       0       0       0       0   181CD    3039       0       0
 COUSET, TXYZ:   1.00000000001731      0.677600666696189      0.735430035100208    
    8600000               2400000               2400000             3.6461523E-03         1.0000000E+30           1810296       
 NEXT SEEDS:12CF44A3      4D       0       0       0       0   181CD    3039       0       0
    8800000               2200000               2200000             3.6327285E-03         1.0000000E+30           1852623       
 NEXT SEEDS: 6A1CCEF      4F       0       0       0       0   181CD    3039       0       0
    9000000               2000000               2000000             3.6157347E-03         1.0000000E+30           1894765       
 NEXT SEEDS:364BD872      50       0       0       0       0   181CD    3039       0       0
    9200000               1800000               1800000             3.6043131E-03         1.0000000E+30           1936741       
 NEXT SEEDS:2A1BDB11      52       0       0       0       0   181CD    3039       0       0
    9400000               1600000               1600000             3.5997358E-03         1.0000000E+30           1978864       
 NEXT SEEDS:1E620F1C      54       0       0       0       0   181CD    3039       0       0
    9600000               1400000               1400000             3.5986651E-03         1.0000000E+30           2021139       
 NEXT SEEDS:127B74D7      56       0       0       0       0   181CD    3039       0       0
    9800000               1200000               1200000             3.5962784E-03         1.0000000E+30           2063164       
 NEXT SEEDS: 6AD0AB6      58       0       0       0       0   181CD    3039       0       0
   10000000               1000000               1000000             3.5935978E-03         1.0000000E+30           2105505       
 NEXT SEEDS:367E7185      59       0       0       0       0   181CD    3039       0       0
   10200000                800000                800000             3.5952402E-03         1.0000000E+30           2147712       
 NEXT SEEDS:2A6DB924      5B       0       0       0       0   181CD    3039       0       0
