1NUMBER OF BEAM       NUMBER OF BEAM        APPROXIMATE NUMBER    AVERAGE TIME USED     TIME LEFT (RESERVED   NUMBER OF STARS
 PARTICLES HANDLED    PARTICLES LEFT        OF BEAM PARTICLES     BY A BEAM PARTICLE     10000.0 SECONDS      CREATED
                                            THAT CAN STILL BE                           FOR PRINTOUT)
                                            HANDLED

 NEXT SEEDS:       0       0       0       0       0       0   181CD    3039       0       0
          1               9999999               9999999             5.1307678E-04         1.0000000E+30                 0       
 NEXT SEEDS:     CC3       0       0       0       0       0   181CD    3039       0       0
     200000               9800000               9800000             3.9522307E-04         1.0000000E+30             13191       
 NEXT SEEDS:1F4FFA7A       0       0       0       0       0   181CD    3039       0       0
     400000               9600000               9600000             3.9364915E-04         1.0000000E+30             26401       
 NEXT SEEDS: 31B18E7       1       0       0       0       0   181CD    3039       0       0
     600000               9400000               9400000             3.9636076E-04         1.0000000E+30             39892       
 NEXT SEEDS:2290357D       1       0       0       0       0   181CD    3039       0       0
 COUSET, TXYZ:  0.999999999980923      0.610312601324890      0.792160670966371    
     800000               9200000               9200000             4.3498044E-04         1.0000000E+30             53239       
 NEXT SEEDS: 681FD31       2       0       0       0       0   181CD    3039       0       0
    1000000               9000000               9000000             4.6879780E-04         1.0000000E+30             66434       
 NEXT SEEDS:25DEF044       2       0       0       0       0   181CD    3039       0       0
 COUSET, TXYZ:  0.999999999993577      0.417880351675009      0.908502070262432    
    1200000               8800000               8800000             4.9165632E-04         1.0000000E+30             79640       
 NEXT SEEDS: 9AEE84C       3       0       0       0       0   181CD    3039       0       0
    1400000               8600000               8600000             5.0791389E-04         1.0000000E+30             92762       
 NEXT SEEDS:29026C78       3       0       0       0       0   181CD    3039       0       0
    1600000               8400000               8400000             4.9794581E-04         1.0000000E+30            105717       
 NEXT SEEDS: CA76B44       4       0       0       0       0   181CD    3039       0       0
    1800000               8200000               8200000             5.0800746E-04         1.0000000E+30            118819       
 NEXT SEEDS:2C05D911       4       0       0       0       0   181CD    3039       0       0
    2000000               8000000               8000000             5.1608531E-04         1.0000000E+30            132198       
 NEXT SEEDS: FBA55C1       5       0       0       0       0   181CD    3039       0       0
    2200000               7800000               7800000             5.2276166E-04         1.0000000E+30            145371       
 NEXT SEEDS:2F00602A       5       0       0       0       0   181CD    3039       0       0
    2400000               7600000               7600000             5.2625853E-04         1.0000000E+30            158427       
 NEXT SEEDS:12B61B0A       6       0       0       0       0   181CD    3039       0       0
    2600000               7400000               7400000             5.2618689E-04         1.0000000E+30            171593       
 NEXT SEEDS:320758C9       6       0       0       0       0   181CD    3039       0       0
 COUSET, TXYZ:  0.999999999991643     -0.397317502559896      0.917681209431060    
 COUSET, TXYZ:  0.999999999991454     -0.597958298888545      0.801527212746532    
 COUSET, TXYZ:  0.999999999963136      0.906056923325330      0.423155824278136    
    2800000               7200000               7200000             5.2566497E-04         1.0000000E+30            184788       
 NEXT SEEDS:15BBFC03       7       0       0       0       0   181CD    3039       0       0
    3000000               7000000               7000000             5.2717996E-04         1.0000000E+30            197965       
 NEXT SEEDS:3530553D       7       0       0       0       0   181CD    3039       0       0
 COUSET, TXYZ:  0.999999999994315     -0.918949115005397      0.394376119991345    
 COUSET, TXYZ:  0.999999999983378      0.813317129212176      0.581820631549638    
    3200000               6800000               6800000             5.3049445E-04         1.0000000E+30            211138       
 NEXT SEEDS:18EB87B5       8       0       0       0       0   181CD    3039       0       0
    3400000               6600000               6600000             5.2601583E-04         1.0000000E+30            224134       
 NEXT SEEDS:3829A15E       8       0       0       0       0   181CD    3039       0       0
    3600000               6400000               6400000             5.2242879E-04         1.0000000E+30            237278       
 NEXT SEEDS:1BFDD9D4       9       0       0       0       0   181CD    3039       0       0
    3800000               6200000               6200000             5.2254847E-04         1.0000000E+30            250602       
 NEXT SEEDS:3B673C77       9       0       0       0       0   181CD    3039       0       0
    4000000               6000000               6000000             5.2652389E-04         1.0000000E+30            263772       
 NEXT SEEDS:1F072CD2       A       0       0       0       0   181CD    3039       0       0
    4200000               5800000               5800000             5.3014662E-04         1.0000000E+30            277113       
 NEXT SEEDS: 2C92BDA       B       0       0       0       0   181CD    3039       0       0
 COUSET, TXYZ:   1.00000000000524      0.879029064935829      0.476768185818347    
    4400000               5600000               5600000             5.3341616E-04         1.0000000E+30            290305       
 NEXT SEEDS:221F68D7       B       0       0       0       0   181CD    3039       0       0
    4600000               5400000               5400000             5.3644777E-04         1.0000000E+30            303692       
 NEXT SEEDS: 5E3E5EF       C       0       0       0       0   181CD    3039       0       0
    4800000               5200000               5200000             5.3918062E-04         1.0000000E+30            317037       
 NEXT SEEDS:2535D3CF       C       0       0       0       0   181CD    3039       0       0
    5000000               5000000               5000000             5.4178425E-04         1.0000000E+30            330323       
 NEXT SEEDS: 8FA9275       D       0       0       0       0   181CD    3039       0       0
    5200000               4800000               4800000             5.3786008E-04         1.0000000E+30            343398       
 NEXT SEEDS:28538562       D       0       0       0       0   181CD    3039       0       0
    5400000               4600000               4600000             5.3244188E-04         1.0000000E+30            356618       
 NEXT SEEDS: C35DBBE       E       0       0       0       0   181CD    3039       0       0
    5600000               4400000               4400000             5.2728373E-04         1.0000000E+30            369684       
 NEXT SEEDS:2B82167A       E       0       0       0       0   181CD    3039       0       0
    5800000               4200000               4200000             5.2252628E-04         1.0000000E+30            382980       
 NEXT SEEDS: F469CFB       F       0       0       0       0   181CD    3039       0       0
    6000000               4000000               4000000             5.1812941E-04         1.0000000E+30            396314       
 NEXT SEEDS:2EC528C2       F       0       0       0       0   181CD    3039       0       0
    6200000               3800000               3800000             5.1395765E-04         1.0000000E+30            409389       
 NEXT SEEDS:127D0624      10       0       0       0       0   181CD    3039       0       0
    6400000               3600000               3600000             5.1004224E-04         1.0000000E+30            422566       
 NEXT SEEDS:31DFC4A1      10       0       0       0       0   181CD    3039       0       0
    6600000               3400000               3400000             5.0633805E-04         1.0000000E+30            435767       
 NEXT SEEDS:159B97A2      11       0       0       0       0   181CD    3039       0       0
    6800000               3200000               3200000             5.0698491E-04         1.0000000E+30            448955       
 NEXT SEEDS:34EF5B2D      11       0       0       0       0   181CD    3039       0       0
    7000000               3000000               3000000             5.0595474E-04         1.0000000E+30            462287       
 NEXT SEEDS:18D1AE9A      12       0       0       0       0   181CD    3039       0       0
    7200000               2800000               2800000             5.0288643E-04         1.0000000E+30            475500       
 NEXT SEEDS:3817D7EB      12       0       0       0       0   181CD    3039       0       0
    7400000               2600000               2600000             4.9982506E-04         1.0000000E+30            488434       
 NEXT SEEDS:1BBA75D3      13       0       0       0       0   181CD    3039       0       0
    7600000               2400000               2400000             4.9901625E-04         1.0000000E+30            501738       
 NEXT SEEDS:3B20A219      13       0       0       0       0   181CD    3039       0       0
    7800000               2200000               2200000             5.0164205E-04         1.0000000E+30            514797       
 NEXT SEEDS:1EE335C5      14       0       0       0       0   181CD    3039       0       0
    8000000               2000000               2000000             5.0417003E-04         1.0000000E+30            528090       
 NEXT SEEDS: 2A93A15      15       0       0       0       0   181CD    3039       0       0
    8200000               1800000               1800000             5.0655412E-04         1.0000000E+30            541372       
 NEXT SEEDS:22037C3A      15       0       0       0       0   181CD    3039       0       0
    8400000               1600000               1600000             5.0878564E-04         1.0000000E+30            554382       
 NEXT SEEDS: 5B7E5DF      16       0       0       0       0   181CD    3039       0       0
    8600000               1400000               1400000             5.1093581E-04         1.0000000E+30            567602       
 NEXT SEEDS:2501E932      16       0       0       0       0   181CD    3039       0       0
 COUSET, TXYZ:  0.999999999994731      0.816128046390511      0.577871103174636    
    8800000               1200000               1200000             5.1305793E-04         1.0000000E+30            580943       
 NEXT SEEDS: 8D3A8F2      17       0       0       0       0   181CD    3039       0       0
    9000000               1000000               1000000             5.1504341E-04         1.0000000E+30            594213       
 NEXT SEEDS:282313C8      17       0       0       0       0   181CD    3039       0       0
    9200000                800000                800000             5.1666818E-04         1.0000000E+30            607136       
 NEXT SEEDS: BB023F2      18       0       0       0       0   181CD    3039       0       0
    9400000                600000                600000             5.1849938E-04         1.0000000E+30            620367       
 NEXT SEEDS:2B057DEC      18       0       0       0       0   181CD    3039       0       0
    9600000                400000                400000             5.1980694E-04         1.0000000E+30            633348       
 NEXT SEEDS: E98EBC0      19       0       0       0       0   181CD    3039       0       0
    9800000                200000                200000             5.2095819E-04         1.0000000E+30            646626       
 NEXT SEEDS:2DE84C46      19       0       0       0       0   181CD    3039       0       0
    9999950                    50                    50             5.2001101E-04         1.0000000E+30            659899       
 NEXT SEEDS:11B59EF7      1A       0       0       0       0   181CD    3039       0       0
    9999951                    49                    49             5.2001105E-04         1.0000000E+30            659899       
 NEXT SEEDS:11B5A62F      1A       0       0       0       0   181CD    3039       0       0
    9999952                    48                    48             5.2001105E-04         1.0000000E+30            659899       
 NEXT SEEDS:11B5B0AC      1A       0       0       0       0   181CD    3039       0       0
    9999953                    47                    47             5.2001110E-04         1.0000000E+30            659899       
 NEXT SEEDS:11B5BA8C      1A       0       0       0       0   181CD    3039       0       0
    9999954                    46                    46             5.2001109E-04         1.0000000E+30            659899       
 NEXT SEEDS:11B5C430      1A       0       0       0       0   181CD    3039       0       0
    9999955                    45                    45             5.2001109E-04         1.0000000E+30            659899       
 NEXT SEEDS:11B5C903      1A       0       0       0       0   181CD    3039       0       0
    9999956                    44                    44             5.2001114E-04         1.0000000E+30            659899       
 NEXT SEEDS:11B5D001      1A       0       0       0       0   181CD    3039       0       0
    9999957                    43                    43             5.2001113E-04         1.0000000E+30            659899       
 NEXT SEEDS:11B5D7AD      1A       0       0       0       0   181CD    3039       0       0
    9999958                    42                    42             5.2001113E-04         1.0000000E+30            659899       
 NEXT SEEDS:11B5E194      1A       0       0       0       0   181CD    3039       0       0
    9999959                    41                    41             5.2001117E-04         1.0000000E+30            659899       
 NEXT SEEDS:11B5EC08      1A       0       0       0       0   181CD    3039       0       0
    9999960                    40                    40             5.2001122E-04         1.0000000E+30            659899       
 NEXT SEEDS:11B5F965      1A       0       0       0       0   181CD    3039       0       0
    9999961                    39                    39             5.2001122E-04         1.0000000E+30            659899       
 NEXT SEEDS:11B60129      1A       0       0       0       0   181CD    3039       0       0
    9999962                    38                    38             5.2001121E-04         1.0000000E+30            659899       
 NEXT SEEDS:11B608D5      1A       0       0       0       0   181CD    3039       0       0
    9999963                    37                    37             5.2001126E-04         1.0000000E+30            659899       
 NEXT SEEDS:11B610AD      1A       0       0       0       0   181CD    3039       0       0
    9999964                    36                    36             5.2001126E-04         1.0000000E+30            659899       
 NEXT SEEDS:11B617DF      1A       0       0       0       0   181CD    3039       0       0
    9999965                    35                    35             5.2001125E-04         1.0000000E+30            659899       
 NEXT SEEDS:11B62020      1A       0       0       0       0   181CD    3039       0       0
    9999966                    34                    34             5.2001130E-04         1.0000000E+30            659899       
 NEXT SEEDS:11B62C48      1A       0       0       0       0   181CD    3039       0       0
    9999967                    33                    33             5.2001130E-04         1.0000000E+30            659899       
 NEXT SEEDS:11B632E4      1A       0       0       0       0   181CD    3039       0       0
    9999968                    32                    32             5.2001134E-04         1.0000000E+30            659899       
 NEXT SEEDS:11B63BB7      1A       0       0       0       0   181CD    3039       0       0
    9999969                    31                    31             5.2001134E-04         1.0000000E+30            659899       
 NEXT SEEDS:11B64254      1A       0       0       0       0   181CD    3039       0       0
    9999970                    30                    30             5.2001134E-04         1.0000000E+30            659899       
 NEXT SEEDS:11B649FA      1A       0       0       0       0   181CD    3039       0       0
    9999971                    29                    29             5.2001138E-04         1.0000000E+30            659899       
 NEXT SEEDS:11B65752      1A       0       0       0       0   181CD    3039       0       0
    9999972                    28                    28             5.2001138E-04         1.0000000E+30            659899       
 NEXT SEEDS:11B65FB4      1A       0       0       0       0   181CD    3039       0       0
    9999973                    27                    27             5.2001137E-04         1.0000000E+30            659899       
 NEXT SEEDS:11B66558      1A       0       0       0       0   181CD    3039       0       0
    9999974                    26                    26             5.2001142E-04         1.0000000E+30            659899       
 NEXT SEEDS:11B66EDB      1A       0       0       0       0   181CD    3039       0       0
    9999975                    25                    25             5.2001161E-04         1.0000000E+30            659900       
 NEXT SEEDS:11B69508      1A       0       0       0       0   181CD    3039       0       0
    9999976                    24                    24             5.2001161E-04         1.0000000E+30            659900       
 NEXT SEEDS:11B69C83      1A       0       0       0       0   181CD    3039       0       0
    9999977                    23                    23             5.2001161E-04         1.0000000E+30            659900       
 NEXT SEEDS:11B6A3BC      1A       0       0       0       0   181CD    3039       0       0
    9999978                    22                    22             5.2001165E-04         1.0000000E+30            659900       
 NEXT SEEDS:11B6B116      1A       0       0       0       0   181CD    3039       0       0
    9999979                    21                    21             5.2001170E-04         1.0000000E+30            659900       
 NEXT SEEDS:11B6B9F7      1A       0       0       0       0   181CD    3039       0       0
    9999980                    20                    20             5.2001169E-04         1.0000000E+30            659900       
 NEXT SEEDS:11B6BFCB      1A       0       0       0       0   181CD    3039       0       0
    9999981                    19                    19             5.2001169E-04         1.0000000E+30            659900       
 NEXT SEEDS:11B6C7FD      1A       0       0       0       0   181CD    3039       0       0
    9999982                    18                    18             5.2001169E-04         1.0000000E+30            659900       
 NEXT SEEDS:11B6D2E0      1A       0       0       0       0   181CD    3039       0       0
    9999983                    17                    17             5.2001173E-04         1.0000000E+30            659900       
 NEXT SEEDS:11B6D90B      1A       0       0       0       0   181CD    3039       0       0
    9999984                    16                    16             5.2001173E-04         1.0000000E+30            659900       
 NEXT SEEDS:11B6E316      1A       0       0       0       0   181CD    3039       0       0
    9999985                    15                    15             5.2001173E-04         1.0000000E+30            659900       
 NEXT SEEDS:11B6E6CA      1A       0       0       0       0   181CD    3039       0       0
    9999986                    14                    14             5.2001177E-04         1.0000000E+30            659900       
 NEXT SEEDS:11B6F3AA      1A       0       0       0       0   181CD    3039       0       0
    9999987                    13                    13             5.2001177E-04         1.0000000E+30            659900       
 NEXT SEEDS:11B6FE90      1A       0       0       0       0   181CD    3039       0       0
    9999988                    12                    12             5.2001177E-04         1.0000000E+30            659900       
 NEXT SEEDS:11B703EF      1A       0       0       0       0   181CD    3039       0       0
    9999989                    11                    11             5.2001181E-04         1.0000000E+30            659900       
 NEXT SEEDS:11B70E83      1A       0       0       0       0   181CD    3039       0       0
    9999990                    10                    10             5.2001181E-04         1.0000000E+30            659900       
 NEXT SEEDS:11B71829      1A       0       0       0       0   181CD    3039       0       0
    9999991                     9                     9             5.2001181E-04         1.0000000E+30            659900       
 NEXT SEEDS:11B71D1C      1A       0       0       0       0   181CD    3039       0       0
    9999992                     8                     8             5.2001185E-04         1.0000000E+30            659900       
 NEXT SEEDS:11B72738      1A       0       0       0       0   181CD    3039       0       0
    9999993                     7                     7             5.2001185E-04         1.0000000E+30            659900       
 NEXT SEEDS:11B72F14      1A       0       0       0       0   181CD    3039       0       0
    9999994                     6                     6             5.2001185E-04         1.0000000E+30            659900       
 NEXT SEEDS:11B73669      1A       0       0       0       0   181CD    3039       0       0
    9999995                     5                     5             5.2001189E-04         1.0000000E+30            659900       
 NEXT SEEDS:11B73E5D      1A       0       0       0       0   181CD    3039       0       0
    9999996                     4                     4             5.2001189E-04         1.0000000E+30            659900       
 NEXT SEEDS:11B74AA2      1A       0       0       0       0   181CD    3039       0       0
    9999997                     3                     3             5.2001193E-04         1.0000000E+30            659900       
 NEXT SEEDS:11B753D3      1A       0       0       0       0   181CD    3039       0       0
    9999998                     2                     2             5.2001193E-04         1.0000000E+30            659900       
 NEXT SEEDS:11B75B98      1A       0       0       0       0   181CD    3039       0       0
    9999999                     1                     1             5.2001193E-04         1.0000000E+30            659900       
 NEXT SEEDS:11B75F73      1A       0       0       0       0   181CD    3039       0       0
   10000000                     0                     1             5.2001197E-04         1.0000000E+30            659900       
 NEXT SEEDS:11B76886      1A       0       0       0       0   181CD    3039       0       0
