1NUMBER OF BEAM       NUMBER OF BEAM        APPROXIMATE NUMBER    AVERAGE TIME USED     TIME LEFT (RESERVED   NUMBER OF STARS
 PARTICLES HANDLED    PARTICLES LEFT        OF BEAM PARTICLES     BY A BEAM PARTICLE     10000.0 SECONDS      CREATED
                                            THAT CAN STILL BE                           FOR PRINTOUT)
                                            HANDLED

 NEXT SEEDS:       0       0       0       0       0       0   181CD    3039       0       0
          1              24999999              24999999             3.1661987E-04         1.0000000E+30                 0       
 NEXT SEEDS:     3A4       0       0       0       0       0   181CD    3039       0       0
 COUSET, TXYZ:  0.999999999913897     -8.308170588477305E-02  0.996542738659547    
     500000              24500000              24500000             4.5714067E-04         1.0000000E+30             12562       
 NEXT SEEDS:2201EC72       0       0       0       0       0   181CD    3039       0       0
    1000000              24000000              24000000             4.5433575E-04         1.0000000E+30             25671       
 NEXT SEEDS: 8A50F90       1       0       0       0       0   181CD    3039       0       0
    1500000              23500000              23500000             4.5504840E-04         1.0000000E+30             38547       
 NEXT SEEDS:2AA98321       1       0       0       0       0   181CD    3039       0       0
    2000000              23000000              23000000             4.5466920E-04         1.0000000E+30             51228       
 NEXT SEEDS:1112414C       2       0       0       0       0   181CD    3039       0       0
    2500000              22500000              22500000             4.4709044E-04         1.0000000E+30             63995       
 NEXT SEEDS:33234F18       2       0       0       0       0   181CD    3039       0       0
    3000000              22000000              22000000             4.3025229E-04         1.0000000E+30             76721       
 NEXT SEEDS:19974410       3       0       0       0       0   181CD    3039       0       0
    3500000              21500000              21500000             4.2919766E-04         1.0000000E+30             89648       
 NEXT SEEDS:  1A645C       4       0       0       0       0   181CD    3039       0       0
    4000000              21000000              21000000             4.2653119E-04         1.0000000E+30            102265       
 NEXT SEEDS:22219D1C       4       0       0       0       0   181CD    3039       0       0
    4500000              20500000              20500000             4.2954173E-04         1.0000000E+30            115129       
 NEXT SEEDS: 89E70C1       5       0       0       0       0   181CD    3039       0       0
    5000000              20000000              20000000             4.3186944E-04         1.0000000E+30            127796       
 NEXT SEEDS:2A9B73CA       5       0       0       0       0   181CD    3039       0       0
    5500000              19500000              19500000             4.2134753E-04         1.0000000E+30            140972       
 NEXT SEEDS:1135B386       6       0       0       0       0   181CD    3039       0       0
    6000000              19000000              19000000             4.0788196E-04         1.0000000E+30            153883       
 NEXT SEEDS:33710D58       6       0       0       0       0   181CD    3039       0       0
    6500000              18500000              18500000             3.9621169E-04         1.0000000E+30            166690       
 NEXT SEEDS:19E7DF1E       7       0       0       0       0   181CD    3039       0       0
    7000000              18000000              18000000             3.8647911E-04         1.0000000E+30            179663       
 NEXT SEEDS:  71F63B       8       0       0       0       0   181CD    3039       0       0
    7500000              17500000              17500000             3.7750765E-04         1.0000000E+30            192513       
 NEXT SEEDS:2284981A       8       0       0       0       0   181CD    3039       0       0
 COUSET, TXYZ:  0.999999999990272     -0.716065705330780      0.698032882914320    
    8000000              17000000              17000000             3.7009116E-04         1.0000000E+30            205558       
 NEXT SEEDS: 917F318       9       0       0       0       0   181CD    3039       0       0
    8500000              16500000              16500000             3.6308071E-04         1.0000000E+30            218454       
 NEXT SEEDS:2B1E9769       9       0       0       0       0   181CD    3039       0       0
    9000000              16000000              16000000             3.5680266E-04         1.0000000E+30            231304       
 NEXT SEEDS:11A7DFF8       A       0       0       0       0   181CD    3039       0       0
    9500000              15500000              15500000             3.5142581E-04         1.0000000E+30            244036       
 NEXT SEEDS:33B1FD36       A       0       0       0       0   181CD    3039       0       0
   10000000              15000000              15000000             3.4648875E-04         1.0000000E+30            257206       
 NEXT SEEDS:1A567A98       B       0       0       0       0   181CD    3039       0       0
   10500000              14500000              14500000             3.4224403E-04         1.0000000E+30            269962       
 NEXT SEEDS:  BCE576       C       0       0       0       0   181CD    3039       0       0
   11000000              14000000              14000000             3.3816557E-04         1.0000000E+30            282973       
 NEXT SEEDS:22E3AE91       C       0       0       0       0   181CD    3039       0       0
   11500000              13500000              13500000             3.3446198E-04         1.0000000E+30            295786       
 NEXT SEEDS: 966BE52       D       0       0       0       0   181CD    3039       0       0
   12000000              13000000              13000000             3.3117365E-04         1.0000000E+30            308581       
 NEXT SEEDS:2B74E304       D       0       0       0       0   181CD    3039       0       0
   12500000              12500000              12500000             3.2793807E-04         1.0000000E+30            321393       
 NEXT SEEDS:11FCC27C       E       0       0       0       0   181CD    3039       0       0
 COUSET, TXYZ:  0.999999999994916      0.792773971216718     -0.609515734457369    
   13000000              12000000              12000000             3.2505332E-04         1.0000000E+30            334182       
 NEXT SEEDS:34182DAB       E       0       0       0       0   181CD    3039       0       0
 COUSET, TXYZ:   1.00000000002352     -7.168976019065433E-02  0.997426978946758    
   13500000              11500000              11500000             3.2237998E-04         1.0000000E+30            346879       
 NEXT SEEDS:1A9138E3       F       0       0       0       0   181CD    3039       0       0
   14000000              11000000              11000000             3.2013981E-04         1.0000000E+30            359652       
 NEXT SEEDS: 10DB140      10       0       0       0       0   181CD    3039       0       0
   14500000              10500000              10500000             3.1777783E-04         1.0000000E+30            372619       
 NEXT SEEDS:2332B61C      10       0       0       0       0   181CD    3039       0       0
   15000000              10000000              10000000             3.1561128E-04         1.0000000E+30            385510       
 NEXT SEEDS: 9C22D5C      11       0       0       0       0   181CD    3039       0       0
   15500000               9500000               9500000             3.1376649E-04         1.0000000E+30            398081       
 NEXT SEEDS:2BA71574      11       0       0       0       0   181CD    3039       0       0
   16000000               9000000               9000000             3.1188960E-04         1.0000000E+30            410927       
 NEXT SEEDS:121F3232      12       0       0       0       0   181CD    3039       0       0
   16500000               8500000               8500000             3.1070261E-04         1.0000000E+30            423618       
 NEXT SEEDS:34433E0F      12       0       0       0       0   181CD    3039       0       0
   17000000               8000000               8000000             3.1263797E-04         1.0000000E+30            436201       
 NEXT SEEDS:1A95C642      13       0       0       0       0   181CD    3039       0       0
   17500000               7500000               7500000             3.1174550E-04         1.0000000E+30            449013       
 NEXT SEEDS: 11DBC93      14       0       0       0       0   181CD    3039       0       0
 COUSET, TXYZ:   1.00000000000701     -9.699547239138541E-02  0.995284822726430    
 COUSET, TXYZ:  0.999999999988581      0.384168000316152      0.923263205976633    
   18000000               7000000               7000000             3.1110502E-04         1.0000000E+30            461751       
 NEXT SEEDS:23129941      14       0       0       0       0   181CD    3039       0       0
   18500000               6500000               6500000             3.1207318E-04         1.0000000E+30            474594       
 NEXT SEEDS: 9900266      15       0       0       0       0   181CD    3039       0       0
   19000000               6000000               6000000             3.1756493E-04         1.0000000E+30            487547       
 NEXT SEEDS:2BADA040      15       0       0       0       0   181CD    3039       0       0
   19500000               5500000               5500000             3.1916270E-04         1.0000000E+30            500317       
 NEXT SEEDS:1223A23E      16       0       0       0       0   181CD    3039       0       0
   20000000               5000000               5000000             3.2607042E-04         1.0000000E+30            513084       
 NEXT SEEDS:3453698F      16       0       0       0       0   181CD    3039       0       0
   20500000               4500000               4500000             3.2862737E-04         1.0000000E+30            525971       
 NEXT SEEDS:1ACDAAE4      17       0       0       0       0   181CD    3039       0       0
   21000000               4000000               4000000             3.3223825E-04         1.0000000E+30            538621       
 NEXT SEEDS: 13BE029      18       0       0       0       0   181CD    3039       0       0
   21500000               3500000               3500000             3.3496533E-04         1.0000000E+30            551570       
 NEXT SEEDS:236565F7      18       0       0       0       0   181CD    3039       0       0
   22000000               3000000               3000000             3.4100647E-04         1.0000000E+30            564365       
 NEXT SEEDS: 9D069E8      19       0       0       0       0   181CD    3039       0       0
   22500000               2500000               2500000             3.4241290E-04         1.0000000E+30            577059       
 NEXT SEEDS:2BDA2AF4      19       0       0       0       0   181CD    3039       0       0
   23000000               2000000               2000000             3.4342284E-04         1.0000000E+30            589938       
 NEXT SEEDS:1256C75A      1A       0       0       0       0   181CD    3039       0       0
   23500000               1500000               1500000             3.4299858E-04         1.0000000E+30            602782       
 NEXT SEEDS:3477C9E2      1A       0       0       0       0   181CD    3039       0       0
   24000000               1000000               1000000             3.4766936E-04         1.0000000E+30            615760       
 NEXT SEEDS:1AFC458D      1B       0       0       0       0   181CD    3039       0       0
   24500000                500000                500000             3.5038541E-04         1.0000000E+30            628663       
 NEXT SEEDS: 17911CD      1C       0       0       0       0   181CD    3039       0       0
   24999950                    50                    50             3.5048591E-04         1.0000000E+30            641505       
 NEXT SEEDS:2381FEB9      1C       0       0       0       0   181CD    3039       0       0
   24999951                    49                    49             3.5048589E-04         1.0000000E+30            641505       
 NEXT SEEDS:238203F4      1C       0       0       0       0   181CD    3039       0       0
   24999952                    48                    48             3.5048592E-04         1.0000000E+30            641505       
 NEXT SEEDS:238207A8      1C       0       0       0       0   181CD    3039       0       0
   24999953                    47                    47             3.5048590E-04         1.0000000E+30            641505       
 NEXT SEEDS:238209B8      1C       0       0       0       0   181CD    3039       0       0
   24999954                    46                    46             3.5048589E-04         1.0000000E+30            641505       
 NEXT SEEDS:23820C74      1C       0       0       0       0   181CD    3039       0       0
   24999955                    45                    45             3.5048588E-04         1.0000000E+30            641505       
 NEXT SEEDS:238211BF      1C       0       0       0       0   181CD    3039       0       0
   24999956                    44                    44             3.5048586E-04         1.0000000E+30            641505       
 NEXT SEEDS:238212B0      1C       0       0       0       0   181CD    3039       0       0
   24999957                    43                    43             3.5048589E-04         1.0000000E+30            641505       
 NEXT SEEDS:238219AF      1C       0       0       0       0   181CD    3039       0       0
   24999958                    42                    42             3.5048587E-04         1.0000000E+30            641505       
 NEXT SEEDS:23821C80      1C       0       0       0       0   181CD    3039       0       0
   24999959                    41                    41             3.5048586E-04         1.0000000E+30            641505       
 NEXT SEEDS:23822133      1C       0       0       0       0   181CD    3039       0       0
   24999960                    40                    40             3.5048584E-04         1.0000000E+30            641505       
 NEXT SEEDS:2382258F      1C       0       0       0       0   181CD    3039       0       0
   24999961                    39                    39             3.5048583E-04         1.0000000E+30            641505       
 NEXT SEEDS:238227D0      1C       0       0       0       0   181CD    3039       0       0
   24999962                    38                    38             3.5048582E-04         1.0000000E+30            641505       
 NEXT SEEDS:23822881      1C       0       0       0       0   181CD    3039       0       0
   24999963                    37                    37             3.5048584E-04         1.0000000E+30            641505       
 NEXT SEEDS:23822A64      1C       0       0       0       0   181CD    3039       0       0
   24999964                    36                    36             3.5048583E-04         1.0000000E+30            641505       
 NEXT SEEDS:23823135      1C       0       0       0       0   181CD    3039       0       0
   24999965                    35                    35             3.5048581E-04         1.0000000E+30            641505       
 NEXT SEEDS:238236B4      1C       0       0       0       0   181CD    3039       0       0
   24999966                    34                    34             3.5048580E-04         1.0000000E+30            641505       
 NEXT SEEDS:23823938      1C       0       0       0       0   181CD    3039       0       0
   24999967                    33                    33             3.5048582E-04         1.0000000E+30            641505       
 NEXT SEEDS:23823D0A      1C       0       0       0       0   181CD    3039       0       0
   24999968                    32                    32             3.5048581E-04         1.0000000E+30            641505       
 NEXT SEEDS:2382414C      1C       0       0       0       0   181CD    3039       0       0
   24999969                    31                    31             3.5048580E-04         1.0000000E+30            641505       
 NEXT SEEDS:23824456      1C       0       0       0       0   181CD    3039       0       0
   24999970                    30                    30             3.5048578E-04         1.0000000E+30            641505       
 NEXT SEEDS:23824629      1C       0       0       0       0   181CD    3039       0       0
   24999971                    29                    29             3.5048581E-04         1.0000000E+30            641505       
 NEXT SEEDS:23824AF8      1C       0       0       0       0   181CD    3039       0       0
   24999972                    28                    28             3.5048579E-04         1.0000000E+30            641505       
 NEXT SEEDS:23824EEC      1C       0       0       0       0   181CD    3039       0       0
   24999973                    27                    27             3.5048578E-04         1.0000000E+30            641505       
 NEXT SEEDS:23825543      1C       0       0       0       0   181CD    3039       0       0
   24999974                    26                    26             3.5048580E-04         1.0000000E+30            641505       
 NEXT SEEDS:2382564C      1C       0       0       0       0   181CD    3039       0       0
   24999975                    25                    25             3.5048579E-04         1.0000000E+30            641505       
 NEXT SEEDS:238259A9      1C       0       0       0       0   181CD    3039       0       0
   24999976                    24                    24             3.5048578E-04         1.0000000E+30            641505       
 NEXT SEEDS:23825CDE      1C       0       0       0       0   181CD    3039       0       0
   24999977                    23                    23             3.5048580E-04         1.0000000E+30            641506       
 NEXT SEEDS:23826D6C      1C       0       0       0       0   181CD    3039       0       0
   24999978                    22                    22             3.5048583E-04         1.0000000E+30            641506       
 NEXT SEEDS:238271CB      1C       0       0       0       0   181CD    3039       0       0
   24999979                    21                    21             3.5048581E-04         1.0000000E+30            641506       
 NEXT SEEDS:23827624      1C       0       0       0       0   181CD    3039       0       0
   24999980                    20                    20             3.5048584E-04         1.0000000E+30            641506       
 NEXT SEEDS:23827ABA      1C       0       0       0       0   181CD    3039       0       0
   24999981                    19                    19             3.5048582E-04         1.0000000E+30            641506       
 NEXT SEEDS:2382834B      1C       0       0       0       0   181CD    3039       0       0
   24999982                    18                    18             3.5048581E-04         1.0000000E+30            641506       
 NEXT SEEDS:238286B7      1C       0       0       0       0   181CD    3039       0       0
   24999983                    17                    17             3.5048583E-04         1.0000000E+30            641506       
 NEXT SEEDS:238291C7      1C       0       0       0       0   181CD    3039       0       0
   24999984                    16                    16             3.5048582E-04         1.0000000E+30            641506       
 NEXT SEEDS:2382947C      1C       0       0       0       0   181CD    3039       0       0
   24999985                    15                    15             3.5048585E-04         1.0000000E+30            641506       
 NEXT SEEDS:2382979E      1C       0       0       0       0   181CD    3039       0       0
   24999986                    14                    14             3.5048583E-04         1.0000000E+30            641506       
 NEXT SEEDS:238298EB      1C       0       0       0       0   181CD    3039       0       0
   24999987                    13                    13             3.5048582E-04         1.0000000E+30            641506       
 NEXT SEEDS:23829C2B      1C       0       0       0       0   181CD    3039       0       0
   24999988                    12                    12             3.5048580E-04         1.0000000E+30            641506       
 NEXT SEEDS:2382A2BF      1C       0       0       0       0   181CD    3039       0       0
   24999989                    11                    11             3.5048579E-04         1.0000000E+30            641506       
 NEXT SEEDS:2382A493      1C       0       0       0       0   181CD    3039       0       0
   24999990                    10                    10             3.5048578E-04         1.0000000E+30            641506       
 NEXT SEEDS:2382AD1D      1C       0       0       0       0   181CD    3039       0       0
   24999991                     9                     9             3.5048576E-04         1.0000000E+30            641506       
 NEXT SEEDS:2382B1F5      1C       0       0       0       0   181CD    3039       0       0
   24999992                     8                     8             3.5048575E-04         1.0000000E+30            641506       
 NEXT SEEDS:2382B861      1C       0       0       0       0   181CD    3039       0       0
   24999993                     7                     7             3.5048573E-04         1.0000000E+30            641506       
 NEXT SEEDS:2382BAE1      1C       0       0       0       0   181CD    3039       0       0
   24999994                     6                     6             3.5048572E-04         1.0000000E+30            641506       
 NEXT SEEDS:2382BDA4      1C       0       0       0       0   181CD    3039       0       0
   24999995                     5                     5             3.5048571E-04         1.0000000E+30            641506       
 NEXT SEEDS:2382C1CF      1C       0       0       0       0   181CD    3039       0       0
   24999996                     4                     4             3.5048569E-04         1.0000000E+30            641506       
 NEXT SEEDS:2382C293      1C       0       0       0       0   181CD    3039       0       0
   24999997                     3                     3             3.5048568E-04         1.0000000E+30            641506       
 NEXT SEEDS:2382C706      1C       0       0       0       0   181CD    3039       0       0
   24999998                     2                     2             3.5048570E-04         1.0000000E+30            641506       
 NEXT SEEDS:2382C9D4      1C       0       0       0       0   181CD    3039       0       0
   24999999                     1                     1             3.5048569E-04         1.0000000E+30            641506       
 NEXT SEEDS:2382CE17      1C       0       0       0       0   181CD    3039       0       0
   25000000                     0                     1             3.5048567E-04         1.0000000E+30            641506       
 NEXT SEEDS:2382CFB5      1C       0       0       0       0   181CD    3039       0       0
