1NUMBER OF BEAM       NUMBER OF BEAM        APPROXIMATE NUMBER    AVERAGE TIME USED     TIME LEFT (RESERVED   NUMBER OF STARS
 PARTICLES HANDLED    PARTICLES LEFT        OF BEAM PARTICLES     BY A BEAM PARTICLE     10000.0 SECONDS      CREATED
                                            THAT CAN STILL BE                           FOR PRINTOUT)
                                            HANDLED

 NEXT SEEDS:       0       0       0       0       0       0   181CD    3039       0       0
          1               3999999               3999999             2.4776459E-03         1.0000000E+30                 1       
 NEXT SEEDS:    2695       0       0       0       0       0   181CD    3039       0       0
      80000               3920000               3920000             5.5023226E-03         1.0000000E+30             27705       
 NEXT SEEDS: 9F044AF       1       0       0       0       0   181CD    3039       0       0
     160000               3840000               3840000             5.4829690E-03         1.0000000E+30             55080       
 NEXT SEEDS:13CFB825       2       0       0       0       0   181CD    3039       0       0
     240000               3760000               3760000             5.4899524E-03         1.0000000E+30             82855       
 NEXT SEEDS:1DD7FE3B       3       0       0       0       0   181CD    3039       0       0
     320000               3680000               3680000             5.4886542E-03         1.0000000E+30            110442       
 NEXT SEEDS:27D7AD2D       4       0       0       0       0   181CD    3039       0       0
     400000               3600000               3600000             5.4702498E-03         1.0000000E+30            138376       
 NEXT SEEDS:31C205C6       5       0       0       0       0   181CD    3039       0       0
     480000               3520000               3520000             5.4773042E-03         1.0000000E+30            166023       
 NEXT SEEDS:   AFBED       7       0       0       0       0   181CD    3039       0       0
     560000               3440000               3440000             5.4752866E-03         1.0000000E+30            194048       
 NEXT SEEDS: 9E622E8       8       0       0       0       0   181CD    3039       0       0
     640000               3360000               3360000             5.4751794E-03         1.0000000E+30            221503       
 NEXT SEEDS:13DB7F1B       9       0       0       0       0   181CD    3039       0       0
 COUSET, TXYZ:   1.00000000001317      0.609161984493391      0.793045822556563    
     720000               3280000               3280000             5.4768118E-03         1.0000000E+30            249006       
 NEXT SEEDS:1DBB8835       A       0       0       0       0   181CD    3039       0       0
     800000               3200000               3200000             5.4683723E-03         1.0000000E+30            276510       
 NEXT SEEDS:27C2290A       B       0       0       0       0   181CD    3039       0       0
     880000               3120000               3120000             5.4710461E-03         1.0000000E+30            304203       
 NEXT SEEDS:31974099       C       0       0       0       0   181CD    3039       0       0
     960000               3040000               3040000             5.4703502E-03         1.0000000E+30            331727       
 NEXT SEEDS:3B872DB8       D       0       0       0       0   181CD    3039       0       0
    1040000               2960000               2960000             5.4638879E-03         1.0000000E+30            359266       
 NEXT SEEDS: 9DBA99E       F       0       0       0       0   181CD    3039       0       0
    1120000               2880000               2880000             5.4635869E-03         1.0000000E+30            386716       
 NEXT SEEDS:13CE6D96      10       0       0       0       0   181CD    3039       0       0
    1200000               2800000               2800000             5.4691623E-03         1.0000000E+30            414473       
 NEXT SEEDS:1E028E79      11       0       0       0       0   181CD    3039       0       0
    1280000               2720000               2720000             5.4655564E-03         1.0000000E+30            441920       
 NEXT SEEDS:27D41102      12       0       0       0       0   181CD    3039       0       0
    1360000               2640000               2640000             5.4693062E-03         1.0000000E+30            469593       
 NEXT SEEDS:320C3D19      13       0       0       0       0   181CD    3039       0       0
    1440000               2560000               2560000             5.4735291E-03         1.0000000E+30            497131       
 NEXT SEEDS:  33542A      15       0       0       0       0   181CD    3039       0       0
    1520000               2480000               2480000             5.4726778E-03         1.0000000E+30            524445       
 NEXT SEEDS: A34DB58      16       0       0       0       0   181CD    3039       0       0
    1600000               2400000               2400000             5.4753879E-03         1.0000000E+30            552063       
 NEXT SEEDS:14118ACF      17       0       0       0       0   181CD    3039       0       0
    1680000               2320000               2320000             5.4767552E-03         1.0000000E+30            579656       
 NEXT SEEDS:1DCD534D      18       0       0       0       0   181CD    3039       0       0
    1760000               2240000               2240000             5.4787190E-03         1.0000000E+30            607577       
 NEXT SEEDS:27F4D251      19       0       0       0       0   181CD    3039       0       0
    1840000               2160000               2160000             5.4837957E-03         1.0000000E+30            634768       
 NEXT SEEDS:31F79177      1A       0       0       0       0   181CD    3039       0       0
    1920000               2080000               2080000             5.4891477E-03         1.0000000E+30            662431       
 NEXT SEEDS:  461E0E      1C       0       0       0       0   181CD    3039       0       0
    2000000               2000000               2000000             5.4914793E-03         1.0000000E+30            690139       
 NEXT SEEDS: A2615C0      1D       0       0       0       0   181CD    3039       0       0
    2080000               1920000               1920000             5.4975068E-03         1.0000000E+30            717752       
 NEXT SEEDS:13D775E5      1E       0       0       0       0   181CD    3039       0       0
    2160000               1840000               1840000             5.5011753E-03         1.0000000E+30            745398       
 NEXT SEEDS:1D9D70A7      1F       0       0       0       0   181CD    3039       0       0
 COUSET, TXYZ:   1.00000000001268      0.579024368065936      0.815310236174675    
    2240000               1760000               1760000             5.5072992E-03         1.0000000E+30            772795       
 NEXT SEEDS:27CC602D      20       0       0       0       0   181CD    3039       0       0
    2320000               1680000               1680000             5.5126543E-03         1.0000000E+30            800404       
 NEXT SEEDS:31AC69AD      21       0       0       0       0   181CD    3039       0       0
    2400000               1600000               1600000             5.5147768E-03         1.0000000E+30            827876       
 NEXT SEEDS:3B87CC57      22       0       0       0       0   181CD    3039       0       0
    2480000               1520000               1520000             5.5185884E-03         1.0000000E+30            855753       
 NEXT SEEDS: A2A3251      24       0       0       0       0   181CD    3039       0       0
    2560000               1440000               1440000             5.5221205E-03         1.0000000E+30            883401       
 NEXT SEEDS:143147D9      25       0       0       0       0   181CD    3039       0       0
 COUSET, TXYZ:   1.00000000000735      0.966582427786344      0.256356022572809    
    2640000               1360000               1360000             5.5238061E-03         1.0000000E+30            910904       
 NEXT SEEDS:1E0E1EA0      26       0       0       0       0   181CD    3039       0       0
    2720000               1280000               1280000             5.5255894E-03         1.0000000E+30            938515       
 NEXT SEEDS:27C23AAF      27       0       0       0       0   181CD    3039       0       0
    2800000               1200000               1200000             5.5274447E-03         1.0000000E+30            966235       
 NEXT SEEDS:317D5711      28       0       0       0       0   181CD    3039       0       0
 COUSET, TXYZ:  0.999999999990149      0.404484550241503      0.914544831375820    
    2880000               1120000               1120000             5.5283975E-03         1.0000000E+30            993798       
 NEXT SEEDS:   82D38      2A       0       0       0       0   181CD    3039       0       0
    2960000               1040000               1040000             5.5292849E-03         1.0000000E+30           1021407       
 NEXT SEEDS: 9E927EA      2B       0       0       0       0   181CD    3039       0       0
    3040000                960000                960000             5.5296588E-03         1.0000000E+30           1048992       
 NEXT SEEDS:13D2976B      2C       0       0       0       0   181CD    3039       0       0
    3120000                880000                880000             5.5306292E-03         1.0000000E+30           1076817       
 NEXT SEEDS:1DD446E5      2D       0       0       0       0   181CD    3039       0       0
    3200000                800000                800000             5.5313533E-03         1.0000000E+30           1104311       
 NEXT SEEDS:27D3FE93      2E       0       0       0       0   181CD    3039       0       0
    3280000                720000                720000             5.5336404E-03         1.0000000E+30           1131957       
 NEXT SEEDS:31E43C80      2F       0       0       0       0   181CD    3039       0       0
    3360000                640000                640000             5.5348512E-03         1.0000000E+30           1159737       
 NEXT SEEDS:  729CB4      31       0       0       0       0   181CD    3039       0       0
    3440000                560000                560000             5.5357548E-03         1.0000000E+30           1187481       
 NEXT SEEDS: A71DA02      32       0       0       0       0   181CD    3039       0       0
    3520000                480000                480000             5.5358750E-03         1.0000000E+30           1215336       
 NEXT SEEDS:147D7B02      33       0       0       0       0   181CD    3039       0       0
 COUSET, TXYZ:  0.999999999970774      0.443086794816587      0.896478718208476    
 COUSET, TXYZ:  0.999999999980532      0.993666784304300      0.112366906744892    
    3600000                400000                400000             5.5374150E-03         1.0000000E+30           1242728       
 NEXT SEEDS:1E7655AA      34       0       0       0       0   181CD    3039       0       0
    3680000                320000                320000             5.5367423E-03         1.0000000E+30           1270384       
 NEXT SEEDS:286DF38A      35       0       0       0       0   181CD    3039       0       0
    3760000                240000                240000             5.5365537E-03         1.0000000E+30           1298398       
 NEXT SEEDS:328F671C      36       0       0       0       0   181CD    3039       0       0
    3840000                160000                160000             5.5384426E-03         1.0000000E+30           1325936       
 NEXT SEEDS:  EEEB0E      38       0       0       0       0   181CD    3039       0       0
 COUSET, TXYZ:  0.999999999985152     -0.835524146007160      0.549453729998543    
    3920000                 80000                 80000             5.5395235E-03         1.0000000E+30           1353694       
 NEXT SEEDS: ACB2F4B      39       0       0       0       0   181CD    3039       0       0
    3999950                    50                    50             5.5402339E-03         1.0000000E+30           1381698       
 NEXT SEEDS:14C59DBF      3A       0       0       0       0   181CD    3039       0       0
    3999951                    49                    49             5.5402330E-03         1.0000000E+30           1381698       
 NEXT SEEDS:14C5CDD3      3A       0       0       0       0   181CD    3039       0       0
    3999952                    48                    48             5.5402322E-03         1.0000000E+30           1381698       
 NEXT SEEDS:14C602A9      3A       0       0       0       0   181CD    3039       0       0
    3999953                    47                    47             5.5402317E-03         1.0000000E+30           1381699       
 NEXT SEEDS:14C6424E      3A       0       0       0       0   181CD    3039       0       0
    3999954                    46                    46             5.5402308E-03         1.0000000E+30           1381699       
 NEXT SEEDS:14C67ECF      3A       0       0       0       0   181CD    3039       0       0
    3999955                    45                    45             5.5402299E-03         1.0000000E+30           1381700       
 NEXT SEEDS:14C69549      3A       0       0       0       0   181CD    3039       0       0
    3999956                    44                    44             5.5402291E-03         1.0000000E+30           1381700       
 NEXT SEEDS:14C6CB06      3A       0       0       0       0   181CD    3039       0       0
    3999957                    43                    43             5.5402286E-03         1.0000000E+30           1381700       
 NEXT SEEDS:14C6F777      3A       0       0       0       0   181CD    3039       0       0
    3999958                    42                    42             5.5402287E-03         1.0000000E+30           1381701       
 NEXT SEEDS:14C76C73      3A       0       0       0       0   181CD    3039       0       0
    3999959                    41                    41             5.5402273E-03         1.0000000E+30           1381701       
 NEXT SEEDS:14C7A189      3A       0       0       0       0   181CD    3039       0       0
    3999960                    40                    40             5.5402260E-03         1.0000000E+30           1381701       
 NEXT SEEDS:14C7D4F4      3A       0       0       0       0   181CD    3039       0       0
    3999961                    39                    39             5.5402255E-03         1.0000000E+30           1381701       
 NEXT SEEDS:14C80C7A      3A       0       0       0       0   181CD    3039       0       0
    3999962                    38                    38             5.5402246E-03         1.0000000E+30           1381701       
 NEXT SEEDS:14C846AA      3A       0       0       0       0   181CD    3039       0       0
    3999963                    37                    37             5.5402238E-03         1.0000000E+30           1381701       
 NEXT SEEDS:14C87C09      3A       0       0       0       0   181CD    3039       0       0
    3999964                    36                    36             5.5402233E-03         1.0000000E+30           1381701       
 NEXT SEEDS:14C8BA07      3A       0       0       0       0   181CD    3039       0       0
    3999965                    35                    35             5.5402224E-03         1.0000000E+30           1381701       
 NEXT SEEDS:14C8E6C5      3A       0       0       0       0   181CD    3039       0       0
    3999966                    34                    34             5.5402220E-03         1.0000000E+30           1381701       
 NEXT SEEDS:14C9194A      3A       0       0       0       0   181CD    3039       0       0
    3999967                    33                    33             5.5402211E-03         1.0000000E+30           1381701       
 NEXT SEEDS:14C94B36      3A       0       0       0       0   181CD    3039       0       0
    3999968                    32                    32             5.5402202E-03         1.0000000E+30           1381701       
 NEXT SEEDS:14C97B8F      3A       0       0       0       0   181CD    3039       0       0
    3999969                    31                    31             5.5402193E-03         1.0000000E+30           1381701       
 NEXT SEEDS:14C9AD97      3A       0       0       0       0   181CD    3039       0       0
    3999970                    30                    30             5.5402189E-03         1.0000000E+30           1381702       
 NEXT SEEDS:14C9F72F      3A       0       0       0       0   181CD    3039       0       0
    3999971                    29                    29             5.5402185E-03         1.0000000E+30           1381702       
 NEXT SEEDS:14CA2DE5      3A       0       0       0       0   181CD    3039       0       0
    3999972                    28                    28             5.5402176E-03         1.0000000E+30           1381702       
 NEXT SEEDS:14CA68B3      3A       0       0       0       0   181CD    3039       0       0
    3999973                    27                    27             5.5402172E-03         1.0000000E+30           1381702       
 NEXT SEEDS:14CA9F00      3A       0       0       0       0   181CD    3039       0       0
    3999974                    26                    26             5.5402163E-03         1.0000000E+30           1381702       
 NEXT SEEDS:14CAD5AD      3A       0       0       0       0   181CD    3039       0       0
    3999975                    25                    25             5.5402154E-03         1.0000000E+30           1381703       
 NEXT SEEDS:14CB0FFA      3A       0       0       0       0   181CD    3039       0       0
    3999976                    24                    24             5.5402150E-03         1.0000000E+30           1381703       
 NEXT SEEDS:14CB4F4E      3A       0       0       0       0   181CD    3039       0       0
    3999977                    23                    23             5.5402141E-03         1.0000000E+30           1381704       
 NEXT SEEDS:14CB82CE      3A       0       0       0       0   181CD    3039       0       0
    3999978                    22                    22             5.5402137E-03         1.0000000E+30           1381704       
 NEXT SEEDS:14CBB375      3A       0       0       0       0   181CD    3039       0       0
    3999979                    21                    21             5.5402128E-03         1.0000000E+30           1381704       
 NEXT SEEDS:14CBE026      3A       0       0       0       0   181CD    3039       0       0
    3999980                    20                    20             5.5402119E-03         1.0000000E+30           1381704       
 NEXT SEEDS:14CC136E      3A       0       0       0       0   181CD    3039       0       0
    3999981                    19                    19             5.5402115E-03         1.0000000E+30           1381705       
 NEXT SEEDS:14CC4B05      3A       0       0       0       0   181CD    3039       0       0
    3999982                    18                    18             5.5402106E-03         1.0000000E+30           1381706       
 NEXT SEEDS:14CC9128      3A       0       0       0       0   181CD    3039       0       0
    3999983                    17                    17             5.5402102E-03         1.0000000E+30           1381707       
 NEXT SEEDS:14CCCB8D      3A       0       0       0       0   181CD    3039       0       0
    3999984                    16                    16             5.5402098E-03         1.0000000E+30           1381707       
 NEXT SEEDS:14CD06CA      3A       0       0       0       0   181CD    3039       0       0
    3999985                    15                    15             5.5402089E-03         1.0000000E+30           1381708       
 NEXT SEEDS:14CD4479      3A       0       0       0       0   181CD    3039       0       0
    3999986                    14                    14             5.5402080E-03         1.0000000E+30           1381709       
 NEXT SEEDS:14CD6C7D      3A       0       0       0       0   181CD    3039       0       0
    3999987                    13                    13             5.5402076E-03         1.0000000E+30           1381710       
 NEXT SEEDS:14CDA257      3A       0       0       0       0   181CD    3039       0       0
    3999988                    12                    12             5.5402067E-03         1.0000000E+30           1381710       
 NEXT SEEDS:14CDCDBC      3A       0       0       0       0   181CD    3039       0       0
    3999989                    11                    11             5.5402058E-03         1.0000000E+30           1381710       
 NEXT SEEDS:14CDFFCC      3A       0       0       0       0   181CD    3039       0       0
    3999990                    10                    10             5.5402049E-03         1.0000000E+30           1381710       
 NEXT SEEDS:14CE2B1E      3A       0       0       0       0   181CD    3039       0       0
    3999991                     9                     9             5.5402045E-03         1.0000000E+30           1381711       
 NEXT SEEDS:14CE6347      3A       0       0       0       0   181CD    3039       0       0
    3999992                     8                     8             5.5402036E-03         1.0000000E+30           1381711       
 NEXT SEEDS:14CE95DA      3A       0       0       0       0   181CD    3039       0       0
    3999993                     7                     7             5.5402032E-03         1.0000000E+30           1381712       
 NEXT SEEDS:14CED912      3A       0       0       0       0   181CD    3039       0       0
    3999994                     6                     6             5.5402023E-03         1.0000000E+30           1381712       
 NEXT SEEDS:14CF049B      3A       0       0       0       0   181CD    3039       0       0
    3999995                     5                     5             5.5402014E-03         1.0000000E+30           1381713       
 NEXT SEEDS:14CF36B1      3A       0       0       0       0   181CD    3039       0       0
    3999996                     4                     4             5.5402005E-03         1.0000000E+30           1381713       
 NEXT SEEDS:14CF5BBE      3A       0       0       0       0   181CD    3039       0       0
    3999997                     3                     3             5.5402001E-03         1.0000000E+30           1381713       
 NEXT SEEDS:14CF873A      3A       0       0       0       0   181CD    3039       0       0
    3999998                     2                     2             5.5401992E-03         1.0000000E+30           1381713       
 NEXT SEEDS:14CFC423      3A       0       0       0       0   181CD    3039       0       0
    3999999                     1                     1             5.5401983E-03         1.0000000E+30           1381713       
 NEXT SEEDS:14CFF354      3A       0       0       0       0   181CD    3039       0       0
    4000000                     0                     1             5.5401979E-03         1.0000000E+30           1381713       
 NEXT SEEDS:14D02E47      3A       0       0       0       0   181CD    3039       0       0
