1NUMBER OF BEAM       NUMBER OF BEAM        APPROXIMATE NUMBER    AVERAGE TIME USED     TIME LEFT (RESERVED   NUMBER OF STARS
 PARTICLES HANDLED    PARTICLES LEFT        OF BEAM PARTICLES     BY A BEAM PARTICLE     10000.0 SECONDS      CREATED
                                            THAT CAN STILL BE                           FOR PRINTOUT)
                                            HANDLED

 NEXT SEEDS:       0       0       0       0       0       0   181CD    3039       0       0
          1               9999999               9999999             2.7108192E-04         1.0000000E+30                 0       
 NEXT SEEDS:     499       0       0       0       0       0   181CD    3039       0       0
     200000               9800000               9800000             2.4539485E-04         1.0000000E+30              7962       
 NEXT SEEDS:13D94136       0       0       0       0       0   181CD    3039       0       0
     400000               9600000               9600000             2.4511386E-04         1.0000000E+30             15862       
 NEXT SEEDS:27B233A7       0       0       0       0       0   181CD    3039       0       0
     600000               9400000               9400000             2.4492772E-04         1.0000000E+30             23672       
 NEXT SEEDS:3B7B1B0D       0       0       0       0       0   181CD    3039       0       0
     800000               9200000               9200000             2.4467195E-04         1.0000000E+30             31400       
 NEXT SEEDS:13A81BF3       1       0       0       0       0   181CD    3039       0       0
    1000000               9000000               9000000             2.4438681E-04         1.0000000E+30             39179       
 NEXT SEEDS:275D6738       1       0       0       0       0   181CD    3039       0       0
 COUSET, TXYZ:   1.00000000000641      0.163580348546296      0.986530014536958    
 COUSET, TXYZ:  0.999999999866160      0.338393731490418      0.941004613283224    
    1200000               8800000               8800000             2.4427884E-04         1.0000000E+30             46958       
 NEXT SEEDS:3B220935       1       0       0       0       0   181CD    3039       0       0
    1400000               8600000               8600000             2.4420464E-04         1.0000000E+30             54842       
 NEXT SEEDS:13461B20       2       0       0       0       0   181CD    3039       0       0
    1600000               8400000               8400000             2.4407234E-04         1.0000000E+30             62531       
 NEXT SEEDS:26FBB3E8       2       0       0       0       0   181CD    3039       0       0
    1800000               8200000               8200000             2.4407889E-04         1.0000000E+30             70351       
 NEXT SEEDS:3AD0CA7D       2       0       0       0       0   181CD    3039       0       0
    2000000               8000000               8000000             2.4400725E-04         1.0000000E+30             78091       
 NEXT SEEDS:12EBAC9D       3       0       0       0       0   181CD    3039       0       0
    2200000               7800000               7800000             2.4404061E-04         1.0000000E+30             85923       
 NEXT SEEDS:26BE9E7B       3       0       0       0       0   181CD    3039       0       0
 COUSET, TXYZ:   1.00000000000723     -0.692144764247495      0.721758702988224    
    2400000               7600000               7600000             2.4401029E-04         1.0000000E+30             93667       
 NEXT SEEDS:3A88493D       3       0       0       0       0   181CD    3039       0       0
    2600000               7400000               7400000             2.4403433E-04         1.0000000E+30            101498       
 NEXT SEEDS:12B3101B       4       0       0       0       0   181CD    3039       0       0
    2800000               7200000               7200000             2.4397701E-04         1.0000000E+30            109218       
 NEXT SEEDS:266E5DC7       4       0       0       0       0   181CD    3039       0       0
    3000000               7000000               7000000             2.4401341E-04         1.0000000E+30            117151       
 NEXT SEEDS:3A3FAFD5       4       0       0       0       0   181CD    3039       0       0
    3200000               6800000               6800000             2.4395439E-04         1.0000000E+30            124807       
 NEXT SEEDS:1255D98F       5       0       0       0       0   181CD    3039       0       0
    3400000               6600000               6600000             2.4397084E-04         1.0000000E+30            132653       
 NEXT SEEDS:26194F55       5       0       0       0       0   181CD    3039       0       0
    3600000               6400000               6400000             2.4390895E-04         1.0000000E+30            140277       
 NEXT SEEDS:39C60EF2       5       0       0       0       0   181CD    3039       0       0
 COUSET, TXYZ:  0.999999999886953     -0.846229591078767      0.532818429632994    
    3800000               6200000               6200000             2.4385002E-04         1.0000000E+30            148065       
 NEXT SEEDS:11EAD7BF       6       0       0       0       0   181CD    3039       0       0
    4000000               6000000               6000000             2.4378319E-04         1.0000000E+30            155819       
 NEXT SEEDS:259A9FBE       6       0       0       0       0   181CD    3039       0       0
    4200000               5800000               5800000             2.4379656E-04         1.0000000E+30            163540       
 NEXT SEEDS:395820E6       6       0       0       0       0   181CD    3039       0       0
    4400000               5600000               5600000             2.4373274E-04         1.0000000E+30            171185       
 NEXT SEEDS:116B0473       7       0       0       0       0   181CD    3039       0       0
    4600000               5400000               5400000             2.4374740E-04         1.0000000E+30            179009       
 NEXT SEEDS:2530B6AE       7       0       0       0       0   181CD    3039       0       0
    4800000               5200000               5200000             2.4373433E-04         1.0000000E+30            186798       
 NEXT SEEDS:38EF1AD8       7       0       0       0       0   181CD    3039       0       0
 COUSET, TXYZ:  0.999999999990229      0.544586037784848      0.838704982356882    
    5000000               5000000               5000000             2.4368118E-04         1.0000000E+30            194473       
 NEXT SEEDS:10F8F7B0       8       0       0       0       0   181CD    3039       0       0
    5200000               4800000               4800000             2.4361856E-04         1.0000000E+30            202008       
 NEXT SEEDS:2493E456       8       0       0       0       0   181CD    3039       0       0
    5400000               4600000               4600000             2.4364161E-04         1.0000000E+30            209702       
 NEXT SEEDS:385E9BCC       8       0       0       0       0   181CD    3039       0       0
    5600000               4400000               4400000             2.4364247E-04         1.0000000E+30            217446       
 NEXT SEEDS:10817A8D       9       0       0       0       0   181CD    3039       0       0
    5800000               4200000               4200000             2.4363677E-04         1.0000000E+30            225201       
 NEXT SEEDS:243C3412       9       0       0       0       0   181CD    3039       0       0
    6000000               4000000               4000000             2.4366801E-04         1.0000000E+30            232882       
 NEXT SEEDS:37F3F372       9       0       0       0       0   181CD    3039       0       0
    6200000               3800000               3800000             2.4372631E-04         1.0000000E+30            240698       
 NEXT SEEDS:10316C47       A       0       0       0       0   181CD    3039       0       0
    6400000               3600000               3600000             2.4373173E-04         1.0000000E+30            248406       
 NEXT SEEDS:23F6FAAE       A       0       0       0       0   181CD    3039       0       0
    6600000               3400000               3400000             2.4370317E-04         1.0000000E+30            256085       
 NEXT SEEDS:37A04015       A       0       0       0       0   181CD    3039       0       0
    6800000               3200000               3200000             2.4369512E-04         1.0000000E+30            263880       
 NEXT SEEDS: FCEF3BA       B       0       0       0       0   181CD    3039       0       0
    7000000               3000000               3000000             2.4371716E-04         1.0000000E+30            271797       
 NEXT SEEDS:2397E5C5       B       0       0       0       0   181CD    3039       0       0
    7200000               2800000               2800000             2.4371114E-04         1.0000000E+30            279539       
 NEXT SEEDS:375222CE       B       0       0       0       0   181CD    3039       0       0
    7400000               2600000               2600000             2.4371402E-04         1.0000000E+30            287154       
 NEXT SEEDS: F71EE31       C       0       0       0       0   181CD    3039       0       0
    7600000               2400000               2400000             2.4369862E-04         1.0000000E+30            294822       
 NEXT SEEDS:23289C18       C       0       0       0       0   181CD    3039       0       0
    7800000               2200000               2200000             2.4375358E-04         1.0000000E+30            302590       
 NEXT SEEDS:36E4A377       C       0       0       0       0   181CD    3039       0       0
    8000000               2000000               2000000             2.4375800E-04         1.0000000E+30            310401       
 NEXT SEEDS: F0644A6       D       0       0       0       0   181CD    3039       0       0
    8200000               1800000               1800000             2.4374178E-04         1.0000000E+30            318136       
 NEXT SEEDS:22BA9A79       D       0       0       0       0   181CD    3039       0       0
    8400000               1600000               1600000             2.4372883E-04         1.0000000E+30            325710       
 NEXT SEEDS:3670E800       D       0       0       0       0   181CD    3039       0       0
    8600000               1400000               1400000             2.4375782E-04         1.0000000E+30            333738       
 NEXT SEEDS: EB6C11B       E       0       0       0       0   181CD    3039       0       0
    8800000               1200000               1200000             2.4372660E-04         1.0000000E+30            341373       
 NEXT SEEDS:2273DBFA       E       0       0       0       0   181CD    3039       0       0
    9000000               1000000               1000000             2.4370531E-04         1.0000000E+30            349359       
 NEXT SEEDS:36431027       E       0       0       0       0   181CD    3039       0       0
    9200000                800000                800000             2.4369975E-04         1.0000000E+30            357174       
 NEXT SEEDS: E5B1E3E       F       0       0       0       0   181CD    3039       0       0
    9400000                600000                600000             2.4368745E-04         1.0000000E+30            364921       
 NEXT SEEDS:2211AF88       F       0       0       0       0   181CD    3039       0       0
    9600000                400000                400000             2.4369859E-04         1.0000000E+30            372659       
 NEXT SEEDS:35C9E414       F       0       0       0       0   181CD    3039       0       0
    9800000                200000                200000             2.4371593E-04         1.0000000E+30            380257       
 NEXT SEEDS: DCEC4DE      10       0       0       0       0   181CD    3039       0       0
    9999950                    50                    50             2.4373973E-04         1.0000000E+30            388176       
 NEXT SEEDS:21AE901B      10       0       0       0       0   181CD    3039       0       0
    9999951                    49                    49             2.4373976E-04         1.0000000E+30            388176       
 NEXT SEEDS:21AE9807      10       0       0       0       0   181CD    3039       0       0
    9999952                    48                    48             2.4373976E-04         1.0000000E+30            388176       
 NEXT SEEDS:21AE9C70      10       0       0       0       0   181CD    3039       0       0
    9999953                    47                    47             2.4373976E-04         1.0000000E+30            388176       
 NEXT SEEDS:21AEA03B      10       0       0       0       0   181CD    3039       0       0
    9999954                    46                    46             2.4373973E-04         1.0000000E+30            388176       
 NEXT SEEDS:21AEA814      10       0       0       0       0   181CD    3039       0       0
    9999955                    45                    45             2.4373971E-04         1.0000000E+30            388177       
 NEXT SEEDS:21AEBD6B      10       0       0       0       0   181CD    3039       0       0
    9999956                    44                    44             2.4373968E-04         1.0000000E+30            388177       
 NEXT SEEDS:21AEC1CC      10       0       0       0       0   181CD    3039       0       0
    9999957                    43                    43             2.4373966E-04         1.0000000E+30            388177       
 NEXT SEEDS:21AEC410      10       0       0       0       0   181CD    3039       0       0
    9999958                    42                    42             2.4373963E-04         1.0000000E+30            388177       
 NEXT SEEDS:21AECAB0      10       0       0       0       0   181CD    3039       0       0
    9999959                    41                    41             2.4373961E-04         1.0000000E+30            388177       
 NEXT SEEDS:21AED0C1      10       0       0       0       0   181CD    3039       0       0
    9999960                    40                    40             2.4373959E-04         1.0000000E+30            388177       
 NEXT SEEDS:21AED984      10       0       0       0       0   181CD    3039       0       0
    9999961                    39                    39             2.4373956E-04         1.0000000E+30            388177       
 NEXT SEEDS:21AEDD31      10       0       0       0       0   181CD    3039       0       0
    9999962                    38                    38             2.4373954E-04         1.0000000E+30            388177       
 NEXT SEEDS:21AEE20A      10       0       0       0       0   181CD    3039       0       0
    9999963                    37                    37             2.4373951E-04         1.0000000E+30            388177       
 NEXT SEEDS:21AEE81C      10       0       0       0       0   181CD    3039       0       0
    9999964                    36                    36             2.4373949E-04         1.0000000E+30            388177       
 NEXT SEEDS:21AEEC82      10       0       0       0       0   181CD    3039       0       0
    9999965                    35                    35             2.4373949E-04         1.0000000E+30            388177       
 NEXT SEEDS:21AEF0A8      10       0       0       0       0   181CD    3039       0       0
    9999966                    34                    34             2.4373966E-04         1.0000000E+30            388178       
 NEXT SEEDS:21AF1FB9      10       0       0       0       0   181CD    3039       0       0
    9999967                    33                    33             2.4373968E-04         1.0000000E+30            388178       
 NEXT SEEDS:21AF236C      10       0       0       0       0   181CD    3039       0       0
    9999968                    32                    32             2.4373968E-04         1.0000000E+30            388178       
 NEXT SEEDS:21AF2C27      10       0       0       0       0   181CD    3039       0       0
    9999969                    31                    31             2.4373968E-04         1.0000000E+30            388178       
 NEXT SEEDS:21AF2FF9      10       0       0       0       0   181CD    3039       0       0
    9999970                    30                    30             2.4373968E-04         1.0000000E+30            388178       
 NEXT SEEDS:21AF36A4      10       0       0       0       0   181CD    3039       0       0
    9999971                    29                    29             2.4373971E-04         1.0000000E+30            388178       
 NEXT SEEDS:21AF3F1E      10       0       0       0       0   181CD    3039       0       0
    9999972                    28                    28             2.4373973E-04         1.0000000E+30            388178       
 NEXT SEEDS:21AF4947      10       0       0       0       0   181CD    3039       0       0
    9999973                    27                    27             2.4373976E-04         1.0000000E+30            388178       
 NEXT SEEDS:21AF5449      10       0       0       0       0   181CD    3039       0       0
    9999974                    26                    26             2.4373976E-04         1.0000000E+30            388178       
 NEXT SEEDS:21AF5B06      10       0       0       0       0   181CD    3039       0       0
    9999975                    25                    25             2.4373983E-04         1.0000000E+30            388179       
 NEXT SEEDS:21AF7189      10       0       0       0       0   181CD    3039       0       0
    9999976                    24                    24             2.4373983E-04         1.0000000E+30            388179       
 NEXT SEEDS:21AF78A4      10       0       0       0       0   181CD    3039       0       0
    9999977                    23                    23             2.4373985E-04         1.0000000E+30            388179       
 NEXT SEEDS:21AF7F06      10       0       0       0       0   181CD    3039       0       0
    9999978                    22                    22             2.4373985E-04         1.0000000E+30            388179       
 NEXT SEEDS:21AF839A      10       0       0       0       0   181CD    3039       0       0
    9999979                    21                    21             2.4373985E-04         1.0000000E+30            388179       
 NEXT SEEDS:21AF8578      10       0       0       0       0   181CD    3039       0       0
    9999980                    20                    20             2.4374000E-04         1.0000000E+30            388180       
 NEXT SEEDS:21AFB118      10       0       0       0       0   181CD    3039       0       0
    9999981                    19                    19             2.4374000E-04         1.0000000E+30            388180       
 NEXT SEEDS:21AFB3FE      10       0       0       0       0   181CD    3039       0       0
    9999982                    18                    18             2.4374000E-04         1.0000000E+30            388180       
 NEXT SEEDS:21AFBA4B      10       0       0       0       0   181CD    3039       0       0
    9999983                    17                    17             2.4374000E-04         1.0000000E+30            388180       
 NEXT SEEDS:21AFBE8D      10       0       0       0       0   181CD    3039       0       0
    9999984                    16                    16             2.4374003E-04         1.0000000E+30            388180       
 NEXT SEEDS:21AFC5A3      10       0       0       0       0   181CD    3039       0       0
    9999985                    15                    15             2.4374020E-04         1.0000000E+30            388181       
 NEXT SEEDS:21AFF213      10       0       0       0       0   181CD    3039       0       0
    9999986                    14                    14             2.4374022E-04         1.0000000E+30            388181       
 NEXT SEEDS:21AFFA25      10       0       0       0       0   181CD    3039       0       0
    9999987                    13                    13             2.4374022E-04         1.0000000E+30            388181       
 NEXT SEEDS:21B00117      10       0       0       0       0   181CD    3039       0       0
    9999988                    12                    12             2.4374025E-04         1.0000000E+30            388181       
 NEXT SEEDS:21B006FC      10       0       0       0       0   181CD    3039       0       0
    9999989                    11                    11             2.4374025E-04         1.0000000E+30            388181       
 NEXT SEEDS:21B00E43      10       0       0       0       0   181CD    3039       0       0
    9999990                    10                    10             2.4374025E-04         1.0000000E+30            388181       
 NEXT SEEDS:21B01397      10       0       0       0       0   181CD    3039       0       0
    9999991                     9                     9             2.4374027E-04         1.0000000E+30            388181       
 NEXT SEEDS:21B01A72      10       0       0       0       0   181CD    3039       0       0
    9999992                     8                     8             2.4374027E-04         1.0000000E+30            388181       
 NEXT SEEDS:21B01F8E      10       0       0       0       0   181CD    3039       0       0
    9999993                     7                     7             2.4374027E-04         1.0000000E+30            388181       
 NEXT SEEDS:21B025DE      10       0       0       0       0   181CD    3039       0       0
    9999994                     6                     6             2.4374029E-04         1.0000000E+30            388181       
 NEXT SEEDS:21B02BFC      10       0       0       0       0   181CD    3039       0       0
    9999995                     5                     5             2.4374029E-04         1.0000000E+30            388181       
 NEXT SEEDS:21B030D7      10       0       0       0       0   181CD    3039       0       0
    9999996                     4                     4             2.4374030E-04         1.0000000E+30            388181       
 NEXT SEEDS:21B034F1      10       0       0       0       0   181CD    3039       0       0
    9999997                     3                     3             2.4374030E-04         1.0000000E+30            388181       
 NEXT SEEDS:21B0393C      10       0       0       0       0   181CD    3039       0       0
    9999998                     2                     2             2.4374030E-04         1.0000000E+30            388181       
 NEXT SEEDS:21B03C0B      10       0       0       0       0   181CD    3039       0       0
    9999999                     1                     1             2.4374030E-04         1.0000000E+30            388181       
 NEXT SEEDS:21B041F6      10       0       0       0       0   181CD    3039       0       0
   10000000                     0                     1             2.4374030E-04         1.0000000E+30            388181       
 NEXT SEEDS:21B04918      10       0       0       0       0   181CD    3039       0       0
