1NUMBER OF BEAM       NUMBER OF BEAM        APPROXIMATE NUMBER    AVERAGE TIME USED     TIME LEFT (RESERVED   NUMBER OF STARS
 PARTICLES HANDLED    PARTICLES LEFT        OF BEAM PARTICLES     BY A BEAM PARTICLE     10000.0 SECONDS      CREATED
                                            THAT CAN STILL BE                           FOR PRINTOUT)
                                            HANDLED

 NEXT SEEDS:       0       0       0       0       0       0   181CD    3039       0       0
          1               9999999               9999999             3.4403801E-04         1.0000000E+30                 0       
 NEXT SEEDS:     67B       0       0       0       0       0   181CD    3039       0       0
     200000               9800000               9800000             4.1920369E-04         1.0000000E+30             14161       
 NEXT SEEDS:1EC6A907       0       0       0       0       0   181CD    3039       0       0
     400000               9600000               9600000             4.1902937E-04         1.0000000E+30             28035       
 NEXT SEEDS: 1C217E7       1       0       0       0       0   181CD    3039       0       0
     600000               9400000               9400000             4.1926701E-04         1.0000000E+30             42112       
 NEXT SEEDS:207FC6E0       1       0       0       0       0   181CD    3039       0       0
     800000               9200000               9200000             4.1947047E-04         1.0000000E+30             56267       
 NEXT SEEDS: 3A0D52E       2       0       0       0       0   181CD    3039       0       0
    1000000               9000000               9000000             4.2069274E-04         1.0000000E+30             70097       
 NEXT SEEDS:224BF707       2       0       0       0       0   181CD    3039       0       0
    1200000               8800000               8800000             4.1724761E-04         1.0000000E+30             84212       
 NEXT SEEDS: 56A6D1B       3       0       0       0       0   181CD    3039       0       0
    1400000               8600000               8600000             4.1782191E-04         1.0000000E+30             98253       
 NEXT SEEDS:242CFD11       3       0       0       0       0   181CD    3039       0       0
    1600000               8400000               8400000             4.1733528E-04         1.0000000E+30            112322       
 NEXT SEEDS: 74DFCD0       4       0       0       0       0   181CD    3039       0       0
    1800000               8200000               8200000             4.1469892E-04         1.0000000E+30            126286       
 NEXT SEEDS:25E16AD7       4       0       0       0       0   181CD    3039       0       0
    2000000               8000000               8000000             4.1278634E-04         1.0000000E+30            140254       
 NEXT SEEDS: 8EEB3FF       5       0       0       0       0   181CD    3039       0       0
    2200000               7800000               7800000             4.1138017E-04         1.0000000E+30            154487       
 NEXT SEEDS:27C4F144       5       0       0       0       0   181CD    3039       0       0
    2400000               7600000               7600000             4.1034604E-04         1.0000000E+30            168601       
 NEXT SEEDS: AF0A54B       6       0       0       0       0   181CD    3039       0       0
    2600000               7400000               7400000             4.1016665E-04         1.0000000E+30            182603       
 NEXT SEEDS:2995C200       6       0       0       0       0   181CD    3039       0       0
    2800000               7200000               7200000             4.1022642E-04         1.0000000E+30            196762       
 NEXT SEEDS: CD278C7       7       0       0       0       0   181CD    3039       0       0
    3000000               7000000               7000000             4.0914520E-04         1.0000000E+30            210798       
 NEXT SEEDS:2B7DB22A       7       0       0       0       0   181CD    3039       0       0
    3200000               6800000               6800000             4.1046350E-04         1.0000000E+30            225065       
 NEXT SEEDS: EC92785       8       0       0       0       0   181CD    3039       0       0
    3400000               6600000               6600000             4.1169001E-04         1.0000000E+30            239171       
 NEXT SEEDS:2D86C1EE       8       0       0       0       0   181CD    3039       0       0
    3600000               6400000               6400000             4.1405214E-04         1.0000000E+30            253153       
 NEXT SEEDS:10A8C452       9       0       0       0       0   181CD    3039       0       0
    3800000               6200000               6200000             4.1462346E-04         1.0000000E+30            267161       
 NEXT SEEDS:2F544C27       9       0       0       0       0   181CD    3039       0       0
    4000000               6000000               6000000             4.1477312E-04         1.0000000E+30            281158       
 NEXT SEEDS:1259E702       A       0       0       0       0   181CD    3039       0       0
    4200000               5800000               5800000             4.1503559E-04         1.0000000E+30            295162       
 NEXT SEEDS:310C8ABB       A       0       0       0       0   181CD    3039       0       0
    4400000               5600000               5600000             4.1586385E-04         1.0000000E+30            309021       
 NEXT SEEDS:140DC881       B       0       0       0       0   181CD    3039       0       0
 COUSET, TXYZ:   1.00000000005231      0.651625549737933      0.758540798529225    
    4600000               5400000               5400000             4.1653688E-04         1.0000000E+30            322964       
 NEXT SEEDS:32BC9132       B       0       0       0       0   181CD    3039       0       0
    4800000               5200000               5200000             4.1591274E-04         1.0000000E+30            336902       
 NEXT SEEDS:15C684CF       C       0       0       0       0   181CD    3039       0       0
    5000000               5000000               5000000             4.1555589E-04         1.0000000E+30            351229       
 NEXT SEEDS:3481100E       C       0       0       0       0   181CD    3039       0       0
    5200000               4800000               4800000             4.1661042E-04         1.0000000E+30            365400       
 NEXT SEEDS:17B4B974       D       0       0       0       0   181CD    3039       0       0
    5400000               4600000               4600000             4.1739211E-04         1.0000000E+30            379459       
 NEXT SEEDS:36708C44       D       0       0       0       0   181CD    3039       0       0
    5600000               4400000               4400000             4.1628962E-04         1.0000000E+30            393503       
 NEXT SEEDS:198D3127       E       0       0       0       0   181CD    3039       0       0
    5800000               4200000               4200000             4.1656952E-04         1.0000000E+30            407502       
 NEXT SEEDS:3836B544       E       0       0       0       0   181CD    3039       0       0
 COUSET, TXYZ:   1.00000000025242      0.888259581984484      0.459341828617413    
    6000000               4000000               4000000             4.1697260E-04         1.0000000E+30            421646       
 NEXT SEEDS:1B503005       F       0       0       0       0   181CD    3039       0       0
    6200000               3800000               3800000             4.1843662E-04         1.0000000E+30            435721       
 NEXT SEEDS:3A0695B5       F       0       0       0       0   181CD    3039       0       0
    6400000               3600000               3600000             4.1896388E-04         1.0000000E+30            449724       
 NEXT SEEDS:1D23571F      10       0       0       0       0   181CD    3039       0       0
    6600000               3400000               3400000             4.1950564E-04         1.0000000E+30            463737       
 NEXT SEEDS:  24F86A      11       0       0       0       0   181CD    3039       0       0
    6800000               3200000               3200000             4.1965518E-04         1.0000000E+30            477802       
 NEXT SEEDS:1EEC8D0F      11       0       0       0       0   181CD    3039       0       0
    7000000               3000000               3000000             4.2030091E-04         1.0000000E+30            491750       
 NEXT SEEDS: 1FAACE4      12       0       0       0       0   181CD    3039       0       0
    7200000               2800000               2800000             4.2075211E-04         1.0000000E+30            506002       
 NEXT SEEDS:20CB15A5      12       0       0       0       0   181CD    3039       0       0
    7400000               2600000               2600000             4.2113755E-04         1.0000000E+30            520164       
 NEXT SEEDS: 3FD47CB      13       0       0       0       0   181CD    3039       0       0
    7600000               2400000               2400000             4.2161868E-04         1.0000000E+30            534227       
 NEXT SEEDS:22BDF2F7      13       0       0       0       0   181CD    3039       0       0
    7800000               2200000               2200000             4.2193020E-04         1.0000000E+30            548296       
 NEXT SEEDS: 5CCB6C5      14       0       0       0       0   181CD    3039       0       0
    8000000               2000000               2000000             4.2245226E-04         1.0000000E+30            562379       
 NEXT SEEDS:247C7594      14       0       0       0       0   181CD    3039       0       0
    8200000               1800000               1800000             4.2262409E-04         1.0000000E+30            576340       
 NEXT SEEDS: 7861250      15       0       0       0       0   181CD    3039       0       0
    8400000               1600000               1600000             4.2320129E-04         1.0000000E+30            590338       
 NEXT SEEDS:2625B295      15       0       0       0       0   181CD    3039       0       0
    8600000               1400000               1400000             4.2363652E-04         1.0000000E+30            604462       
 NEXT SEEDS: 9438E02      16       0       0       0       0   181CD    3039       0       0
    8800000               1200000               1200000             4.2381827E-04         1.0000000E+30            618713       
 NEXT SEEDS:2808EDEC      16       0       0       0       0   181CD    3039       0       0
    9000000               1000000               1000000             4.2420960E-04         1.0000000E+30            632716       
 NEXT SEEDS: B21C06F      17       0       0       0       0   181CD    3039       0       0
    9200000                800000                800000             4.2452854E-04         1.0000000E+30            646509       
 NEXT SEEDS:29BAD957      17       0       0       0       0   181CD    3039       0       0
    9400000                600000                600000             4.2459316E-04         1.0000000E+30            660577       
 NEXT SEEDS: CD166BC      18       0       0       0       0   181CD    3039       0       0
    9600000                400000                400000             4.2432390E-04         1.0000000E+30            674734       
 NEXT SEEDS:2B97CC57      18       0       0       0       0   181CD    3039       0       0
    9800000                200000                200000             4.2463645E-04         1.0000000E+30            688817       
 NEXT SEEDS: EC278E6      19       0       0       0       0   181CD    3039       0       0
    9999950                    50                    50             4.2469692E-04         1.0000000E+30            702828       
 NEXT SEEDS:2D5FDA66      19       0       0       0       0   181CD    3039       0       0
    9999951                    49                    49             4.2469692E-04         1.0000000E+30            702828       
 NEXT SEEDS:2D5FE115      19       0       0       0       0   181CD    3039       0       0
    9999952                    48                    48             4.2469693E-04         1.0000000E+30            702828       
 NEXT SEEDS:2D5FE953      19       0       0       0       0   181CD    3039       0       0
    9999953                    47                    47             4.2469694E-04         1.0000000E+30            702828       
 NEXT SEEDS:2D5FF006      19       0       0       0       0   181CD    3039       0       0
    9999954                    46                    46             4.2469689E-04         1.0000000E+30            702828       
 NEXT SEEDS:2D5FF626      19       0       0       0       0   181CD    3039       0       0
    9999955                    45                    45             4.2469690E-04         1.0000000E+30            702828       
 NEXT SEEDS:2D600143      19       0       0       0       0   181CD    3039       0       0
    9999956                    44                    44             4.2469691E-04         1.0000000E+30            702828       
 NEXT SEEDS:2D600AA0      19       0       0       0       0   181CD    3039       0       0
    9999957                    43                    43             4.2469691E-04         1.0000000E+30            702828       
 NEXT SEEDS:2D6012BB      19       0       0       0       0   181CD    3039       0       0
    9999958                    42                    42             4.2469692E-04         1.0000000E+30            702828       
 NEXT SEEDS:2D6017A4      19       0       0       0       0   181CD    3039       0       0
    9999959                    41                    41             4.2469688E-04         1.0000000E+30            702828       
 NEXT SEEDS:2D601DCE      19       0       0       0       0   181CD    3039       0       0
    9999960                    40                    40             4.2469688E-04         1.0000000E+30            702829       
 NEXT SEEDS:2D602532      19       0       0       0       0   181CD    3039       0       0
    9999961                    39                    39             4.2469689E-04         1.0000000E+30            702829       
 NEXT SEEDS:2D602CA0      19       0       0       0       0   181CD    3039       0       0
    9999962                    38                    38             4.2469690E-04         1.0000000E+30            702829       
 NEXT SEEDS:2D6034C4      19       0       0       0       0   181CD    3039       0       0
    9999963                    37                    37             4.2469690E-04         1.0000000E+30            702829       
 NEXT SEEDS:2D6041F7      19       0       0       0       0   181CD    3039       0       0
    9999964                    36                    36             4.2469715E-04         1.0000000E+30            702830       
 NEXT SEEDS:2D6081E6      19       0       0       0       0   181CD    3039       0       0
    9999965                    35                    35             4.2469716E-04         1.0000000E+30            702830       
 NEXT SEEDS:2D6085A3      19       0       0       0       0   181CD    3039       0       0
    9999966                    34                    34             4.2469716E-04         1.0000000E+30            702830       
 NEXT SEEDS:2D6091A2      19       0       0       0       0   181CD    3039       0       0
    9999967                    33                    33             4.2469712E-04         1.0000000E+30            702830       
 NEXT SEEDS:2D609A80      19       0       0       0       0   181CD    3039       0       0
    9999968                    32                    32             4.2469713E-04         1.0000000E+30            702830       
 NEXT SEEDS:2D609CC1      19       0       0       0       0   181CD    3039       0       0
    9999969                    31                    31             4.2469718E-04         1.0000000E+30            702831       
 NEXT SEEDS:2D60B72B      19       0       0       0       0   181CD    3039       0       0
    9999970                    30                    30             4.2469719E-04         1.0000000E+30            702831       
 NEXT SEEDS:2D60BB8A      19       0       0       0       0   181CD    3039       0       0
    9999971                    29                    29             4.2469720E-04         1.0000000E+30            702831       
 NEXT SEEDS:2D60C414      19       0       0       0       0   181CD    3039       0       0
    9999972                    28                    28             4.2469715E-04         1.0000000E+30            702831       
 NEXT SEEDS:2D60C6C7      19       0       0       0       0   181CD    3039       0       0
    9999973                    27                    27             4.2469716E-04         1.0000000E+30            702831       
 NEXT SEEDS:2D60CE8C      19       0       0       0       0   181CD    3039       0       0
    9999974                    26                    26             4.2469717E-04         1.0000000E+30            702831       
 NEXT SEEDS:2D60D71C      19       0       0       0       0   181CD    3039       0       0
    9999975                    25                    25             4.2469717E-04         1.0000000E+30            702831       
 NEXT SEEDS:2D60E016      19       0       0       0       0   181CD    3039       0       0
    9999976                    24                    24             4.2469723E-04         1.0000000E+30            702832       
 NEXT SEEDS:2D60FC07      19       0       0       0       0   181CD    3039       0       0
    9999977                    23                    23             4.2469723E-04         1.0000000E+30            702832       
 NEXT SEEDS:2D6103E3      19       0       0       0       0   181CD    3039       0       0
    9999978                    22                    22             4.2469724E-04         1.0000000E+30            702832       
 NEXT SEEDS:2D610C0C      19       0       0       0       0   181CD    3039       0       0
    9999979                    21                    21             4.2469725E-04         1.0000000E+30            702832       
 NEXT SEEDS:2D611133      19       0       0       0       0   181CD    3039       0       0
    9999980                    20                    20             4.2469750E-04         1.0000000E+30            702833       
 NEXT SEEDS:2D613C34      19       0       0       0       0   181CD    3039       0       0
    9999981                    19                    19             4.2469750E-04         1.0000000E+30            702833       
 NEXT SEEDS:2D614307      19       0       0       0       0   181CD    3039       0       0
    9999982                    18                    18             4.2469751E-04         1.0000000E+30            702833       
 NEXT SEEDS:2D614748      19       0       0       0       0   181CD    3039       0       0
    9999983                    17                    17             4.2469752E-04         1.0000000E+30            702833       
 NEXT SEEDS:2D614EF4      19       0       0       0       0   181CD    3039       0       0
    9999984                    16                    16             4.2469747E-04         1.0000000E+30            702833       
 NEXT SEEDS:2D615577      19       0       0       0       0   181CD    3039       0       0
    9999985                    15                    15             4.2469748E-04         1.0000000E+30            702833       
 NEXT SEEDS:2D6160BF      19       0       0       0       0   181CD    3039       0       0
    9999986                    14                    14             4.2469749E-04         1.0000000E+30            702833       
 NEXT SEEDS:2D616846      19       0       0       0       0   181CD    3039       0       0
    9999987                    13                    13             4.2469749E-04         1.0000000E+30            702833       
 NEXT SEEDS:2D617726      19       0       0       0       0   181CD    3039       0       0
    9999988                    12                    12             4.2469750E-04         1.0000000E+30            702833       
 NEXT SEEDS:2D618111      19       0       0       0       0   181CD    3039       0       0
    9999989                    11                    11             4.2469756E-04         1.0000000E+30            702833       
 NEXT SEEDS:2D618E58      19       0       0       0       0   181CD    3039       0       0
    9999990                    10                    10             4.2469756E-04         1.0000000E+30            702833       
 NEXT SEEDS:2D61982A      19       0       0       0       0   181CD    3039       0       0
    9999991                     9                     9             4.2469757E-04         1.0000000E+30            702833       
 NEXT SEEDS:2D61A1D7      19       0       0       0       0   181CD    3039       0       0
    9999992                     8                     8             4.2469753E-04         1.0000000E+30            702833       
 NEXT SEEDS:2D61AB4A      19       0       0       0       0   181CD    3039       0       0
    9999993                     7                     7             4.2469753E-04         1.0000000E+30            702833       
 NEXT SEEDS:2D61B597      19       0       0       0       0   181CD    3039       0       0
    9999994                     6                     6             4.2469754E-04         1.0000000E+30            702833       
 NEXT SEEDS:2D61BB1F      19       0       0       0       0   181CD    3039       0       0
    9999995                     5                     5             4.2469754E-04         1.0000000E+30            702833       
 NEXT SEEDS:2D61C607      19       0       0       0       0   181CD    3039       0       0
    9999996                     4                     4             4.2469760E-04         1.0000000E+30            702834       
 NEXT SEEDS:2D61E66D      19       0       0       0       0   181CD    3039       0       0
    9999997                     3                     3             4.2469765E-04         1.0000000E+30            702834       
 NEXT SEEDS:2D61F13E      19       0       0       0       0   181CD    3039       0       0
    9999998                     2                     2             4.2469766E-04         1.0000000E+30            702834       
 NEXT SEEDS:2D61FBD4      19       0       0       0       0   181CD    3039       0       0
    9999999                     1                     1             4.2469767E-04         1.0000000E+30            702834       
 NEXT SEEDS:2D620AD6      19       0       0       0       0   181CD    3039       0       0
   10000000                     0                     1             4.2469767E-04         1.0000000E+30            702834       
 NEXT SEEDS:2D6212D1      19       0       0       0       0   181CD    3039       0       0
