1NUMBER OF BEAM       NUMBER OF BEAM        APPROXIMATE NUMBER    AVERAGE TIME USED     TIME LEFT (RESERVED   NUMBER OF STARS
 PARTICLES HANDLED    PARTICLES LEFT        OF BEAM PARTICLES     BY A BEAM PARTICLE     10000.0 SECONDS      CREATED
                                            THAT CAN STILL BE                           FOR PRINTOUT)
                                            HANDLED

 NEXT SEEDS:       0       0       0       0       0       0   181CD    3039       0       0
          1              24999999              24999999             1.3852119E-03         1.0000000E+30                 0       
 NEXT SEEDS:     34E       0       0       0       0       0   181CD    3039       0       0
     500000              24500000              24500000             4.2500037E-04         1.0000000E+30             12802       
 NEXT SEEDS:215A32BB       0       0       0       0       0   181CD    3039       0       0
    1000000              24000000              24000000             4.1395206E-04         1.0000000E+30             25597       
 NEXT SEEDS: 710AD9F       1       0       0       0       0   181CD    3039       0       0
    1500000              23500000              23500000             4.2575454E-04         1.0000000E+30             38499       
 NEXT SEEDS:28838634       1       0       0       0       0   181CD    3039       0       0
 COUSET, TXYZ:  0.999999999990629      0.434364549974308      0.900737163498251    
    2000000              23000000              23000000             4.0938735E-04         1.0000000E+30             51185       
 NEXT SEEDS: E47093B       2       0       0       0       0   181CD    3039       0       0
    2500000              22500000              22500000             3.9519342E-04         1.0000000E+30             64044       
 NEXT SEEDS:2FA5B1C7       2       0       0       0       0   181CD    3039       0       0
    3000000              22000000              22000000             4.0039084E-04         1.0000000E+30             76695       
 NEXT SEEDS:155448A2       3       0       0       0       0   181CD    3039       0       0
 COUSET, TXYZ:  0.999999999964734      0.827950746067614      0.560800822053205    
    3500000              21500000              21500000             4.0677544E-04         1.0000000E+30             89539       
 NEXT SEEDS:36B1B2A1       3       0       0       0       0   181CD    3039       0       0
    4000000              21000000              21000000             4.0094413E-04         1.0000000E+30            102247       
 NEXT SEEDS:1C6A9515       4       0       0       0       0   181CD    3039       0       0
 COUSET, TXYZ:  0.999999999991936      0.199083696939652      0.979982490454147    
    4500000              20500000              20500000             4.0275844E-04         1.0000000E+30            114764       
 NEXT SEEDS: 20EC0AD       5       0       0       0       0   181CD    3039       0       0
    5000000              20000000              20000000             4.0502266E-04         1.0000000E+30            127607       
 NEXT SEEDS:23645F9A       5       0       0       0       0   181CD    3039       0       0
    5500000              19500000              19500000             4.0132143E-04         1.0000000E+30            140518       
 NEXT SEEDS: 91FCF3A       6       0       0       0       0   181CD    3039       0       0
    6000000              19000000              19000000             3.9828797E-04         1.0000000E+30            153605       
 NEXT SEEDS:2A8B5188       6       0       0       0       0   181CD    3039       0       0
    6500000              18500000              18500000             3.9517203E-04         1.0000000E+30            166451       
 NEXT SEEDS:105BEB5C       7       0       0       0       0   181CD    3039       0       0
    7000000              18000000              18000000             3.9021569E-04         1.0000000E+30            179232       
 NEXT SEEDS:31A86CDD       7       0       0       0       0   181CD    3039       0       0
    7500000              17500000              17500000             3.8606443E-04         1.0000000E+30            192204       
 NEXT SEEDS:176A81E7       8       0       0       0       0   181CD    3039       0       0
    8000000              17000000              17000000             3.7850632E-04         1.0000000E+30            204928       
 NEXT SEEDS:38B6CC1B       8       0       0       0       0   181CD    3039       0       0
    8500000              16500000              16500000             3.7181825E-04         1.0000000E+30            217749       
 NEXT SEEDS:1E7E2BEB       9       0       0       0       0   181CD    3039       0       0
    9000000              16000000              16000000             3.6656948E-04         1.0000000E+30            230565       
 NEXT SEEDS: 4434CCD       A       0       0       0       0   181CD    3039       0       0
    9500000              15500000              15500000             3.6111421E-04         1.0000000E+30            243617       
 NEXT SEEDS:25BE5B0D       A       0       0       0       0   181CD    3039       0       0
   10000000              15000000              15000000             3.5651089E-04         1.0000000E+30            256584       
 NEXT SEEDS: B8929DF       B       0       0       0       0   181CD    3039       0       0
   10500000              14500000              14500000             3.5236366E-04         1.0000000E+30            269284       
 NEXT SEEDS:2CD37822       B       0       0       0       0   181CD    3039       0       0
   11000000              14000000              14000000             3.4835117E-04         1.0000000E+30            281892       
 NEXT SEEDS:127BFB95       C       0       0       0       0   181CD    3039       0       0
   11500000              13500000              13500000             3.4511834E-04         1.0000000E+30            294426       
 NEXT SEEDS:33B8347E       C       0       0       0       0   181CD    3039       0       0
   12000000              13000000              13000000             3.4172508E-04         1.0000000E+30            307258       
 NEXT SEEDS:1961226B       D       0       0       0       0   181CD    3039       0       0
   12500000              12500000              12500000             3.3837487E-04         1.0000000E+30            319801       
 NEXT SEEDS:3A9FC9B1       D       0       0       0       0   181CD    3039       0       0
   13000000              12000000              12000000             3.3551114E-04         1.0000000E+30            332821       
 NEXT SEEDS:20676D27       E       0       0       0       0   181CD    3039       0       0
   13500000              11500000              11500000             3.3301565E-04         1.0000000E+30            345967       
 NEXT SEEDS: 6370C9E       F       0       0       0       0   181CD    3039       0       0
   14000000              11000000              11000000             3.3040079E-04         1.0000000E+30            358817       
 NEXT SEEDS:27AB6E20       F       0       0       0       0   181CD    3039       0       0
   14500000              10500000              10500000             3.2893375E-04         1.0000000E+30            371816       
 NEXT SEEDS: D75A1E1      10       0       0       0       0   181CD    3039       0       0
   15000000              10000000              10000000             3.2729849E-04         1.0000000E+30            384720       
 NEXT SEEDS:2ECFD7C4      10       0       0       0       0   181CD    3039       0       0
 COUSET, TXYZ:   1.00000000002285     -0.361447730117987      0.932392373648696    
   15500000               9500000               9500000             3.2514326E-04         1.0000000E+30            397382       
 NEXT SEEDS:1481C076      11       0       0       0       0   181CD    3039       0       0
   16000000               9000000               9000000             3.2259798E-04         1.0000000E+30            410165       
 NEXT SEEDS:35D8A3FD      11       0       0       0       0   181CD    3039       0       0
   16500000               8500000               8500000             3.2007137E-04         1.0000000E+30            423035       
 NEXT SEEDS:1B8CE5B5      12       0       0       0       0   181CD    3039       0       0
   17000000               8000000               8000000             3.1790069E-04         1.0000000E+30            435919       
 NEXT SEEDS: 14A305A      13       0       0       0       0   181CD    3039       0       0
   17500000               7500000               7500000             3.1588082E-04         1.0000000E+30            448861       
 NEXT SEEDS:22B1DC6B      13       0       0       0       0   181CD    3039       0       0
 COUSET, TXYZ:  0.999999999979689     -0.927824758786944      0.373016376237463    
   18000000               7000000               7000000             3.1428059E-04         1.0000000E+30            461640       
 NEXT SEEDS: 8737762      14       0       0       0       0   181CD    3039       0       0
   18500000               6500000               6500000             3.1274532E-04         1.0000000E+30            474462       
 NEXT SEEDS:29BC1352      14       0       0       0       0   181CD    3039       0       0
   19000000               6000000               6000000             3.1135931E-04         1.0000000E+30            487392       
 NEXT SEEDS: F84CB81      15       0       0       0       0   181CD    3039       0       0
   19500000               5500000               5500000             3.1034982E-04         1.0000000E+30            500139       
 NEXT SEEDS:30DED9CB      15       0       0       0       0   181CD    3039       0       0
   20000000               5000000               5000000             3.0923485E-04         1.0000000E+30            512760       
 NEXT SEEDS:168F873F      16       0       0       0       0   181CD    3039       0       0
   20500000               4500000               4500000             3.0833321E-04         1.0000000E+30            525573       
 NEXT SEEDS:37E5949B      16       0       0       0       0   181CD    3039       0       0
   21000000               4000000               4000000             3.0739136E-04         1.0000000E+30            538489       
 NEXT SEEDS:1D974760      17       0       0       0       0   181CD    3039       0       0
 COUSET, TXYZ:  0.999999999993087      0.300039654427443      0.953926729763473    
   21500000               3500000               3500000             3.0667407E-04         1.0000000E+30            551266       
 NEXT SEEDS: 34E9935      18       0       0       0       0   181CD    3039       0       0
   22000000               3000000               3000000             3.0583961E-04         1.0000000E+30            564253       
 NEXT SEEDS:24AE82B5      18       0       0       0       0   181CD    3039       0       0
   22500000               2500000               2500000             3.0541416E-04         1.0000000E+30            577001       
 NEXT SEEDS: A6451A9      19       0       0       0       0   181CD    3039       0       0
   23000000               2000000               2000000             3.0469547E-04         1.0000000E+30            589752       
 NEXT SEEDS:2BC0304E      19       0       0       0       0   181CD    3039       0       0
 COUSET, TXYZ:   1.00000000001042     -0.940010804213350      0.341144673097816    
 COUSET, TXYZ:  0.999999999992698      0.406002747749830      0.913871855789959    
   23500000               1500000               1500000             3.0401792E-04         1.0000000E+30            602491       
 NEXT SEEDS:118093A5      1A       0       0       0       0   181CD    3039       0       0
   24000000               1000000               1000000             3.0344455E-04         1.0000000E+30            615397       
 NEXT SEEDS:32DF5A96      1A       0       0       0       0   181CD    3039       0       0
   24500000                500000                500000             3.0299662E-04         1.0000000E+30            628586       
 NEXT SEEDS:18C4BE90      1B       0       0       0       0   181CD    3039       0       0
   24999950                    50                    50             3.0238032E-04         1.0000000E+30            641492       
 NEXT SEEDS:3A3378D0      1B       0       0       0       0   181CD    3039       0       0
   24999951                    49                    49             3.0238033E-04         1.0000000E+30            641492       
 NEXT SEEDS:3A337A9B      1B       0       0       0       0   181CD    3039       0       0
   24999952                    48                    48             3.0238032E-04         1.0000000E+30            641492       
 NEXT SEEDS:3A337E64      1B       0       0       0       0   181CD    3039       0       0
   24999953                    47                    47             3.0238033E-04         1.0000000E+30            641492       
 NEXT SEEDS:3A3381BD      1B       0       0       0       0   181CD    3039       0       0
   24999954                    46                    46             3.0238033E-04         1.0000000E+30            641492       
 NEXT SEEDS:3A338479      1B       0       0       0       0   181CD    3039       0       0
   24999955                    45                    45             3.0238032E-04         1.0000000E+30            641492       
 NEXT SEEDS:3A338853      1B       0       0       0       0   181CD    3039       0       0
   24999956                    44                    44             3.0238033E-04         1.0000000E+30            641492       
 NEXT SEEDS:3A338A25      1B       0       0       0       0   181CD    3039       0       0
   24999957                    43                    43             3.0238032E-04         1.0000000E+30            641492       
 NEXT SEEDS:3A338B3E      1B       0       0       0       0   181CD    3039       0       0
   24999958                    42                    42             3.0238032E-04         1.0000000E+30            641492       
 NEXT SEEDS:3A338E75      1B       0       0       0       0   181CD    3039       0       0
   24999959                    41                    41             3.0238033E-04         1.0000000E+30            641492       
 NEXT SEEDS:3A33947F      1B       0       0       0       0   181CD    3039       0       0
   24999960                    40                    40             3.0238032E-04         1.0000000E+30            641492       
 NEXT SEEDS:3A339699      1B       0       0       0       0   181CD    3039       0       0
   24999961                    39                    39             3.0238033E-04         1.0000000E+30            641492       
 NEXT SEEDS:3A339B79      1B       0       0       0       0   181CD    3039       0       0
   24999962                    38                    38             3.0238033E-04         1.0000000E+30            641492       
 NEXT SEEDS:3A339FBE      1B       0       0       0       0   181CD    3039       0       0
   24999963                    37                    37             3.0238032E-04         1.0000000E+30            641492       
 NEXT SEEDS:3A33A201      1B       0       0       0       0   181CD    3039       0       0
   24999964                    36                    36             3.0238033E-04         1.0000000E+30            641492       
 NEXT SEEDS:3A33A368      1B       0       0       0       0   181CD    3039       0       0
   24999965                    35                    35             3.0238032E-04         1.0000000E+30            641492       
 NEXT SEEDS:3A33A543      1B       0       0       0       0   181CD    3039       0       0
   24999966                    34                    34             3.0238032E-04         1.0000000E+30            641492       
 NEXT SEEDS:3A33A86F      1B       0       0       0       0   181CD    3039       0       0
   24999967                    33                    33             3.0238033E-04         1.0000000E+30            641492       
 NEXT SEEDS:3A33ACF5      1B       0       0       0       0   181CD    3039       0       0
   24999968                    32                    32             3.0238032E-04         1.0000000E+30            641492       
 NEXT SEEDS:3A33B090      1B       0       0       0       0   181CD    3039       0       0
   24999969                    31                    31             3.0238033E-04         1.0000000E+30            641492       
 NEXT SEEDS:3A33B297      1B       0       0       0       0   181CD    3039       0       0
   24999970                    30                    30             3.0238032E-04         1.0000000E+30            641492       
 NEXT SEEDS:3A33B404      1B       0       0       0       0   181CD    3039       0       0
   24999971                    29                    29             3.0238032E-04         1.0000000E+30            641492       
 NEXT SEEDS:3A33B822      1B       0       0       0       0   181CD    3039       0       0
   24999972                    28                    28             3.0238033E-04         1.0000000E+30            641492       
 NEXT SEEDS:3A33BB4D      1B       0       0       0       0   181CD    3039       0       0
   24999973                    27                    27             3.0238032E-04         1.0000000E+30            641492       
 NEXT SEEDS:3A33C17C      1B       0       0       0       0   181CD    3039       0       0
   24999974                    26                    26             3.0238033E-04         1.0000000E+30            641492       
 NEXT SEEDS:3A33C47D      1B       0       0       0       0   181CD    3039       0       0
   24999975                    25                    25             3.0238033E-04         1.0000000E+30            641492       
 NEXT SEEDS:3A33C6EE      1B       0       0       0       0   181CD    3039       0       0
   24999976                    24                    24             3.0238032E-04         1.0000000E+30            641492       
 NEXT SEEDS:3A33CA64      1B       0       0       0       0   181CD    3039       0       0
   24999977                    23                    23             3.0238033E-04         1.0000000E+30            641492       
 NEXT SEEDS:3A33CDB7      1B       0       0       0       0   181CD    3039       0       0
   24999978                    22                    22             3.0238032E-04         1.0000000E+30            641492       
 NEXT SEEDS:3A33CF61      1B       0       0       0       0   181CD    3039       0       0
   24999979                    21                    21             3.0238032E-04         1.0000000E+30            641492       
 NEXT SEEDS:3A33D23E      1B       0       0       0       0   181CD    3039       0       0
   24999980                    20                    20             3.0238031E-04         1.0000000E+30            641492       
 NEXT SEEDS:3A33D407      1B       0       0       0       0   181CD    3039       0       0
   24999981                    19                    19             3.0238032E-04         1.0000000E+30            641492       
 NEXT SEEDS:3A33D72C      1B       0       0       0       0   181CD    3039       0       0
   24999982                    18                    18             3.0238033E-04         1.0000000E+30            641492       
 NEXT SEEDS:3A33DA16      1B       0       0       0       0   181CD    3039       0       0
   24999983                    17                    17             3.0238031E-04         1.0000000E+30            641492       
 NEXT SEEDS:3A33DDC6      1B       0       0       0       0   181CD    3039       0       0
   24999984                    16                    16             3.0238032E-04         1.0000000E+30            641492       
 NEXT SEEDS:3A33E085      1B       0       0       0       0   181CD    3039       0       0
   24999985                    15                    15             3.0238033E-04         1.0000000E+30            641492       
 NEXT SEEDS:3A33E431      1B       0       0       0       0   181CD    3039       0       0
   24999986                    14                    14             3.0238032E-04         1.0000000E+30            641492       
 NEXT SEEDS:3A33E57D      1B       0       0       0       0   181CD    3039       0       0
   24999987                    13                    13             3.0238032E-04         1.0000000E+30            641492       
 NEXT SEEDS:3A33E91A      1B       0       0       0       0   181CD    3039       0       0
   24999988                    12                    12             3.0238031E-04         1.0000000E+30            641492       
 NEXT SEEDS:3A33EA43      1B       0       0       0       0   181CD    3039       0       0
   24999989                    11                    11             3.0238032E-04         1.0000000E+30            641492       
 NEXT SEEDS:3A33EF8A      1B       0       0       0       0   181CD    3039       0       0
   24999990                    10                    10             3.0238033E-04         1.0000000E+30            641492       
 NEXT SEEDS:3A33F433      1B       0       0       0       0   181CD    3039       0       0
   24999991                     9                     9             3.0238032E-04         1.0000000E+30            641492       
 NEXT SEEDS:3A33F7C3      1B       0       0       0       0   181CD    3039       0       0
   24999992                     8                     8             3.0238032E-04         1.0000000E+30            641492       
 NEXT SEEDS:3A33FB42      1B       0       0       0       0   181CD    3039       0       0
   24999993                     7                     7             3.0238033E-04         1.0000000E+30            641492       
 NEXT SEEDS:3A33FF6F      1B       0       0       0       0   181CD    3039       0       0
   24999994                     6                     6             3.0238032E-04         1.0000000E+30            641492       
 NEXT SEEDS:3A3401E2      1B       0       0       0       0   181CD    3039       0       0
   24999995                     5                     5             3.0238033E-04         1.0000000E+30            641492       
 NEXT SEEDS:3A340309      1B       0       0       0       0   181CD    3039       0       0
   24999996                     4                     4             3.0238031E-04         1.0000000E+30            641492       
 NEXT SEEDS:3A3406CA      1B       0       0       0       0   181CD    3039       0       0
   24999997                     3                     3             3.0238032E-04         1.0000000E+30            641492       
 NEXT SEEDS:3A34075B      1B       0       0       0       0   181CD    3039       0       0
   24999998                     2                     2             3.0238031E-04         1.0000000E+30            641492       
 NEXT SEEDS:3A340B5C      1B       0       0       0       0   181CD    3039       0       0
   24999999                     1                     1             3.0238032E-04         1.0000000E+30            641492       
 NEXT SEEDS:3A340FF8      1B       0       0       0       0   181CD    3039       0       0
   25000000                     0                     1             3.0238032E-04         1.0000000E+30            641492       
 NEXT SEEDS:3A3411D1      1B       0       0       0       0   181CD    3039       0       0
