1NUMBER OF BEAM       NUMBER OF BEAM        APPROXIMATE NUMBER    AVERAGE TIME USED     TIME LEFT (RESERVED   NUMBER OF STARS
 PARTICLES HANDLED    PARTICLES LEFT        OF BEAM PARTICLES     BY A BEAM PARTICLE     10000.0 SECONDS      CREATED
                                            THAT CAN STILL BE                           FOR PRINTOUT)
                                            HANDLED

 NEXT SEEDS:       0       0       0       0       0       0   181CD    3039       0       0
          1              49999999              49999999             2.2411346E-04         1.0000000E+30                 0       
 NEXT SEEDS:     1C8       0       0       0       0       0   181CD    3039       0       0
    1000000              49000000              49000000             1.5488410E-04         1.0000000E+30             12726       
 NEXT SEEDS:25543FA5       0       0       0       0       0   181CD    3039       0       0
    2000000              48000000              48000000             1.5454647E-04         1.0000000E+30             25220       
 NEXT SEEDS: EDD2C1D       1       0       0       0       0   181CD    3039       0       0
    3000000              47000000              47000000             1.5473885E-04         1.0000000E+30             37973       
 NEXT SEEDS:343AA9CF       1       0       0       0       0   181CD    3039       0       0
    4000000              46000000              46000000             1.5481637E-04         1.0000000E+30             50804       
 NEXT SEEDS:1E0328F5       2       0       0       0       0   181CD    3039       0       0
    5000000              45000000              45000000             1.5479565E-04         1.0000000E+30             63445       
 NEXT SEEDS: 7B2C86D       3       0       0       0       0   181CD    3039       0       0
    6000000              44000000              44000000             1.5478197E-04         1.0000000E+30             76074       
 NEXT SEEDS:2D226B28       3       0       0       0       0   181CD    3039       0       0
    7000000              43000000              43000000             1.5487299E-04         1.0000000E+30             88658       
 NEXT SEEDS:16E166A2       4       0       0       0       0   181CD    3039       0       0
    8000000              42000000              42000000             1.5488672E-04         1.0000000E+30            101399       
 NEXT SEEDS:  96CF3A       5       0       0       0       0   181CD    3039       0       0
    9000000              41000000              41000000             1.5491702E-04         1.0000000E+30            114139       
 NEXT SEEDS:25F5CC67       5       0       0       0       0   181CD    3039       0       0
   10000000              40000000              40000000             1.5488982E-04         1.0000000E+30            126773       
 NEXT SEEDS: F9FD482       6       0       0       0       0   181CD    3039       0       0
   11000000              39000000              39000000             1.5485311E-04         1.0000000E+30            139383       
 NEXT SEEDS:34DF83EA       6       0       0       0       0   181CD    3039       0       0
   12000000              38000000              38000000             1.5489692E-04         1.0000000E+30            152189       
 NEXT SEEDS:1EC3DC5B       7       0       0       0       0   181CD    3039       0       0
   13000000              37000000              37000000             1.5487434E-04         1.0000000E+30            164752       
 NEXT SEEDS: 86E2406       8       0       0       0       0   181CD    3039       0       0
   14000000              36000000              36000000             1.5487379E-04         1.0000000E+30            177594       
 NEXT SEEDS:2DBC13AA       8       0       0       0       0   181CD    3039       0       0
   15000000              35000000              35000000             1.5490867E-04         1.0000000E+30            190483       
 NEXT SEEDS:1795F8F7       9       0       0       0       0   181CD    3039       0       0
   16000000              34000000              34000000             1.5491105E-04         1.0000000E+30            203030       
 NEXT SEEDS: 14D51E9       A       0       0       0       0   181CD    3039       0       0
 COUSET, TXYZ:  0.999999999965896     -0.639768984920860      0.768567268275929    
 COUSET, TXYZ:   1.00000000000597     -1.139875282865762E-02  0.999935032112530    
   17000000              33000000              33000000             1.5489454E-04         1.0000000E+30            215619       
 NEXT SEEDS:268F080D       A       0       0       0       0   181CD    3039       0       0
   18000000              32000000              32000000             1.5488877E-04         1.0000000E+30            228260       
 NEXT SEEDS:10397851       B       0       0       0       0   181CD    3039       0       0
   19000000              31000000              31000000             1.5486530E-04         1.0000000E+30            240850       
 NEXT SEEDS:356AC5DB       B       0       0       0       0   181CD    3039       0       0
   20000000              30000000              30000000             1.5486786E-04         1.0000000E+30            253510       
 NEXT SEEDS:1F133664       C       0       0       0       0   181CD    3039       0       0
   21000000              29000000              29000000             1.5488125E-04         1.0000000E+30            266341       
 NEXT SEEDS: 8CC8C34       D       0       0       0       0   181CD    3039       0       0
   22000000              28000000              28000000             1.5488555E-04         1.0000000E+30            279004       
 NEXT SEEDS:2E1A2092       D       0       0       0       0   181CD    3039       0       0
   23000000              27000000              27000000             1.5488195E-04         1.0000000E+30            291542       
 NEXT SEEDS:17B950E8       E       0       0       0       0   181CD    3039       0       0
   24000000              26000000              26000000             1.5489353E-04         1.0000000E+30            304304       
 NEXT SEEDS: 16C069C       F       0       0       0       0   181CD    3039       0       0
   25000000              25000000              25000000             1.5487454E-04         1.0000000E+30            316817       
 NEXT SEEDS:26AA4E3E       F       0       0       0       0   181CD    3039       0       0
   26000000              24000000              24000000             1.5486212E-04         1.0000000E+30            329327       
 NEXT SEEDS:104A577F      10       0       0       0       0   181CD    3039       0       0
   27000000              23000000              23000000             1.5487048E-04         1.0000000E+30            342188       
 NEXT SEEDS:35AFB4C1      10       0       0       0       0   181CD    3039       0       0
   28000000              22000000              22000000             1.5487326E-04         1.0000000E+30            355055       
 NEXT SEEDS:1F78C5FE      11       0       0       0       0   181CD    3039       0       0
   29000000              21000000              21000000             1.5487467E-04         1.0000000E+30            367646       
 NEXT SEEDS: 9327CC7      12       0       0       0       0   181CD    3039       0       0
   30000000              20000000              20000000             1.5486066E-04         1.0000000E+30            380184       
 NEXT SEEDS:2E6D6BF7      12       0       0       0       0   181CD    3039       0       0
   31000000              19000000              19000000             1.5487107E-04         1.0000000E+30            393028       
 NEXT SEEDS:183E86ED      13       0       0       0       0   181CD    3039       0       0
   32000000              18000000              18000000             1.5486042E-04         1.0000000E+30            405632       
 NEXT SEEDS: 1DF659E      14       0       0       0       0   181CD    3039       0       0
   33000000              17000000              17000000             1.5484439E-04         1.0000000E+30            418379       
 NEXT SEEDS:27267AE6      14       0       0       0       0   181CD    3039       0       0
   34000000              16000000              16000000             1.5484347E-04         1.0000000E+30            430966       
 NEXT SEEDS:10D97D4B      15       0       0       0       0   181CD    3039       0       0
   35000000              15000000              15000000             1.5489424E-04         1.0000000E+30            443757       
 NEXT SEEDS:364C14BB      15       0       0       0       0   181CD    3039       0       0
   36000000              14000000              14000000             1.5488820E-04         1.0000000E+30            456391       
 NEXT SEEDS:1FFBD0F1      16       0       0       0       0   181CD    3039       0       0
   37000000              13000000              13000000             1.5488081E-04         1.0000000E+30            469033       
 NEXT SEEDS: 9AB3B7E      17       0       0       0       0   181CD    3039       0       0
   38000000              12000000              12000000             1.5487942E-04         1.0000000E+30            481709       
 NEXT SEEDS:2F0F91B8      17       0       0       0       0   181CD    3039       0       0
   39000000              11000000              11000000             1.5488697E-04         1.0000000E+30            494361       
 NEXT SEEDS:18D9F57A      18       0       0       0       0   181CD    3039       0       0
   40000000              10000000              10000000             1.5487405E-04         1.0000000E+30            506937       
 NEXT SEEDS: 275C0C0      19       0       0       0       0   181CD    3039       0       0
   41000000               9000000               9000000             1.5494186E-04         1.0000000E+30            519530       
 NEXT SEEDS:27BDFAE5      19       0       0       0       0   181CD    3039       0       0
   42000000               8000000               8000000             1.5494888E-04         1.0000000E+30            532433       
 NEXT SEEDS:11965D66      1A       0       0       0       0   181CD    3039       0       0
   43000000               7000000               7000000             1.5495728E-04         1.0000000E+30            545167       
 NEXT SEEDS:36FCBA39      1A       0       0       0       0   181CD    3039       0       0
   44000000               6000000               6000000             1.5495738E-04         1.0000000E+30            557829       
 NEXT SEEDS:20AF46F8      1B       0       0       0       0   181CD    3039       0       0
   45000000               5000000               5000000             1.5496146E-04         1.0000000E+30            570575       
 NEXT SEEDS: A7AD2ED      1C       0       0       0       0   181CD    3039       0       0
   46000000               4000000               4000000             1.5496523E-04         1.0000000E+30            583172       
 NEXT SEEDS:2FC819DE      1C       0       0       0       0   181CD    3039       0       0
   47000000               3000000               3000000             1.5495806E-04         1.0000000E+30            595650       
 NEXT SEEDS:196E8210      1D       0       0       0       0   181CD    3039       0       0
   48000000               2000000               2000000             1.5495699E-04         1.0000000E+30            608249       
 NEXT SEEDS: 3201268      1E       0       0       0       0   181CD    3039       0       0
   49000000               1000000               1000000             1.5496204E-04         1.0000000E+30            620935       
 NEXT SEEDS:286505ED      1E       0       0       0       0   181CD    3039       0       0
   49999950                    50                    50             1.5496482E-04         1.0000000E+30            633776       
 NEXT SEEDS:121E208E      1F       0       0       0       0   181CD    3039       0       0
   49999951                    49                    49             1.5496482E-04         1.0000000E+30            633776       
 NEXT SEEDS:121E22F5      1F       0       0       0       0   181CD    3039       0       0
   49999952                    48                    48             1.5496483E-04         1.0000000E+30            633776       
 NEXT SEEDS:121E25A0      1F       0       0       0       0   181CD    3039       0       0
   49999953                    47                    47             1.5496484E-04         1.0000000E+30            633776       
 NEXT SEEDS:121E2672      1F       0       0       0       0   181CD    3039       0       0
   49999954                    46                    46             1.5496483E-04         1.0000000E+30            633776       
 NEXT SEEDS:121E26F0      1F       0       0       0       0   181CD    3039       0       0
   49999955                    45                    45             1.5496483E-04         1.0000000E+30            633776       
 NEXT SEEDS:121E277D      1F       0       0       0       0   181CD    3039       0       0
   49999956                    44                    44             1.5496484E-04         1.0000000E+30            633776       
 NEXT SEEDS:121E28AF      1F       0       0       0       0   181CD    3039       0       0
   49999957                    43                    43             1.5496484E-04         1.0000000E+30            633776       
 NEXT SEEDS:121E2B96      1F       0       0       0       0   181CD    3039       0       0
   49999958                    42                    42             1.5496484E-04         1.0000000E+30            633776       
 NEXT SEEDS:121E2C37      1F       0       0       0       0   181CD    3039       0       0
   49999959                    41                    41             1.5496485E-04         1.0000000E+30            633776       
 NEXT SEEDS:121E2DC1      1F       0       0       0       0   181CD    3039       0       0
   49999960                    40                    40             1.5496484E-04         1.0000000E+30            633776       
 NEXT SEEDS:121E2F91      1F       0       0       0       0   181CD    3039       0       0
   49999961                    39                    39             1.5496484E-04         1.0000000E+30            633776       
 NEXT SEEDS:121E3486      1F       0       0       0       0   181CD    3039       0       0
   49999962                    38                    38             1.5496484E-04         1.0000000E+30            633776       
 NEXT SEEDS:121E3615      1F       0       0       0       0   181CD    3039       0       0
   49999963                    37                    37             1.5496483E-04         1.0000000E+30            633776       
 NEXT SEEDS:121E3A16      1F       0       0       0       0   181CD    3039       0       0
   49999964                    36                    36             1.5496483E-04         1.0000000E+30            633776       
 NEXT SEEDS:121E3CFA      1F       0       0       0       0   181CD    3039       0       0
   49999965                    35                    35             1.5496483E-04         1.0000000E+30            633776       
 NEXT SEEDS:121E3F22      1F       0       0       0       0   181CD    3039       0       0
   49999966                    34                    34             1.5496482E-04         1.0000000E+30            633776       
 NEXT SEEDS:121E40AA      1F       0       0       0       0   181CD    3039       0       0
   49999967                    33                    33             1.5496482E-04         1.0000000E+30            633776       
 NEXT SEEDS:121E43B7      1F       0       0       0       0   181CD    3039       0       0
   49999968                    32                    32             1.5496482E-04         1.0000000E+30            633776       
 NEXT SEEDS:121E4427      1F       0       0       0       0   181CD    3039       0       0
   49999969                    31                    31             1.5496481E-04         1.0000000E+30            633776       
 NEXT SEEDS:121E4869      1F       0       0       0       0   181CD    3039       0       0
   49999970                    30                    30             1.5496481E-04         1.0000000E+30            633776       
 NEXT SEEDS:121E4B03      1F       0       0       0       0   181CD    3039       0       0
   49999971                    29                    29             1.5496481E-04         1.0000000E+30            633776       
 NEXT SEEDS:121E4C93      1F       0       0       0       0   181CD    3039       0       0
   49999972                    28                    28             1.5496481E-04         1.0000000E+30            633776       
 NEXT SEEDS:121E512A      1F       0       0       0       0   181CD    3039       0       0
   49999973                    27                    27             1.5496481E-04         1.0000000E+30            633776       
 NEXT SEEDS:121E52D1      1F       0       0       0       0   181CD    3039       0       0
   49999974                    26                    26             1.5496481E-04         1.0000000E+30            633776       
 NEXT SEEDS:121E555D      1F       0       0       0       0   181CD    3039       0       0
   49999975                    25                    25             1.5496482E-04         1.0000000E+30            633776       
 NEXT SEEDS:121E5700      1F       0       0       0       0   181CD    3039       0       0
   49999976                    24                    24             1.5496481E-04         1.0000000E+30            633776       
 NEXT SEEDS:121E57DE      1F       0       0       0       0   181CD    3039       0       0
   49999977                    23                    23             1.5496482E-04         1.0000000E+30            633776       
 NEXT SEEDS:121E590C      1F       0       0       0       0   181CD    3039       0       0
   49999978                    22                    22             1.5496482E-04         1.0000000E+30            633776       
 NEXT SEEDS:121E5A64      1F       0       0       0       0   181CD    3039       0       0
   49999979                    21                    21             1.5496482E-04         1.0000000E+30            633776       
 NEXT SEEDS:121E5ADF      1F       0       0       0       0   181CD    3039       0       0
   49999980                    20                    20             1.5496482E-04         1.0000000E+30            633776       
 NEXT SEEDS:121E5C18      1F       0       0       0       0   181CD    3039       0       0
   49999981                    19                    19             1.5496483E-04         1.0000000E+30            633776       
 NEXT SEEDS:121E5FB5      1F       0       0       0       0   181CD    3039       0       0
   49999982                    18                    18             1.5496483E-04         1.0000000E+30            633776       
 NEXT SEEDS:121E6356      1F       0       0       0       0   181CD    3039       0       0
   49999983                    17                    17             1.5496483E-04         1.0000000E+30            633776       
 NEXT SEEDS:121E6690      1F       0       0       0       0   181CD    3039       0       0
   49999984                    16                    16             1.5496484E-04         1.0000000E+30            633776       
 NEXT SEEDS:121E69A4      1F       0       0       0       0   181CD    3039       0       0
   49999985                    15                    15             1.5496483E-04         1.0000000E+30            633776       
 NEXT SEEDS:121E6A99      1F       0       0       0       0   181CD    3039       0       0
   49999986                    14                    14             1.5496484E-04         1.0000000E+30            633776       
 NEXT SEEDS:121E6C9E      1F       0       0       0       0   181CD    3039       0       0
   49999987                    13                    13             1.5496485E-04         1.0000000E+30            633776       
 NEXT SEEDS:121E6D54      1F       0       0       0       0   181CD    3039       0       0
   49999988                    12                    12             1.5496484E-04         1.0000000E+30            633776       
 NEXT SEEDS:121E6E31      1F       0       0       0       0   181CD    3039       0       0
   49999989                    11                    11             1.5496485E-04         1.0000000E+30            633776       
 NEXT SEEDS:121E7289      1F       0       0       0       0   181CD    3039       0       0
   49999990                    10                    10             1.5496485E-04         1.0000000E+30            633776       
 NEXT SEEDS:121E7557      1F       0       0       0       0   181CD    3039       0       0
   49999991                     9                     9             1.5496485E-04         1.0000000E+30            633776       
 NEXT SEEDS:121E761B      1F       0       0       0       0   181CD    3039       0       0
   49999992                     8                     8             1.5496485E-04         1.0000000E+30            633776       
 NEXT SEEDS:121E7695      1F       0       0       0       0   181CD    3039       0       0
   49999993                     7                     7             1.5496486E-04         1.0000000E+30            633776       
 NEXT SEEDS:121E772B      1F       0       0       0       0   181CD    3039       0       0
   49999994                     6                     6             1.5496485E-04         1.0000000E+30            633776       
 NEXT SEEDS:121E784F      1F       0       0       0       0   181CD    3039       0       0
   49999995                     5                     5             1.5496486E-04         1.0000000E+30            633776       
 NEXT SEEDS:121E79B0      1F       0       0       0       0   181CD    3039       0       0
   49999996                     4                     4             1.5496486E-04         1.0000000E+30            633776       
 NEXT SEEDS:121E7D0B      1F       0       0       0       0   181CD    3039       0       0
   49999997                     3                     3             1.5496486E-04         1.0000000E+30            633776       
 NEXT SEEDS:121E7E02      1F       0       0       0       0   181CD    3039       0       0
   49999998                     2                     2             1.5496487E-04         1.0000000E+30            633776       
 NEXT SEEDS:121E807B      1F       0       0       0       0   181CD    3039       0       0
   49999999                     1                     1             1.5496487E-04         1.0000000E+30            633776       
 NEXT SEEDS:121E8311      1F       0       0       0       0   181CD    3039       0       0
   50000000                     0                     1             1.5496488E-04         1.0000000E+30            633776       
 NEXT SEEDS:121E845D      1F       0       0       0       0   181CD    3039       0       0
