1NUMBER OF BEAM       NUMBER OF BEAM        APPROXIMATE NUMBER    AVERAGE TIME USED     TIME LEFT (RESERVED   NUMBER OF STARS
 PARTICLES HANDLED    PARTICLES LEFT        OF BEAM PARTICLES     BY A BEAM PARTICLE     10000.0 SECONDS      CREATED
                                            THAT CAN STILL BE                           FOR PRINTOUT)
                                            HANDLED

 NEXT SEEDS:       0       0       0       0       0       0   181CD    3039       0       0
          1               9999999               9999999             3.1900406E-04         1.0000000E+30                 0       
 NEXT SEEDS:     586       0       0       0       0       0   181CD    3039       0       0
     200000               9800000               9800000             4.4854701E-04         1.0000000E+30              5261       
 NEXT SEEDS: DA57576       0       0       0       0       0   181CD    3039       0       0
     400000               9600000               9600000             4.2578514E-04         1.0000000E+30             10361       
 NEXT SEEDS:1B4A364E       0       0       0       0       0   181CD    3039       0       0
     600000               9400000               9400000             4.2973149E-04         1.0000000E+30             15588       
 NEXT SEEDS:28EA1781       0       0       0       0       0   181CD    3039       0       0
     800000               9200000               9200000             4.2741886E-04         1.0000000E+30             20825       
 NEXT SEEDS:368A68FB       0       0       0       0       0   181CD    3039       0       0
    1000000               9000000               9000000             4.3118936E-04         1.0000000E+30             26026       
 NEXT SEEDS: 8946D24       1       0       0       0       0   181CD    3039       0       0
    1200000               8800000               8800000             4.3370064E-04         1.0000000E+30             31168       
 NEXT SEEDS:163292CA       1       0       0       0       0   181CD    3039       0       0
    1400000               8600000               8600000             4.1292740E-04         1.0000000E+30             36429       
 NEXT SEEDS:23DFA6D5       1       0       0       0       0   181CD    3039       0       0
    1600000               8400000               8400000             4.1282163E-04         1.0000000E+30             41621       
 NEXT SEEDS:3189F499       1       0       0       0       0   181CD    3039       0       0
    1800000               8200000               8200000             4.1549840E-04         1.0000000E+30             46873       
 NEXT SEEDS: 394CF1E       2       0       0       0       0   181CD    3039       0       0
    2000000               8000000               8000000             4.1698485E-04         1.0000000E+30             52261       
 NEXT SEEDS:11409DB8       2       0       0       0       0   181CD    3039       0       0
    2200000               7800000               7800000             4.1365785E-04         1.0000000E+30             57439       
 NEXT SEEDS:1ED73BC4       2       0       0       0       0   181CD    3039       0       0
    2400000               7600000               7600000             4.1535058E-04         1.0000000E+30             62783       
 NEXT SEEDS:2C93DDDB       2       0       0       0       0   181CD    3039       0       0
    2600000               7400000               7400000             4.1668296E-04         1.0000000E+30             68074       
 NEXT SEEDS:3A3660F3       2       0       0       0       0   181CD    3039       0       0
    2800000               7200000               7200000             4.1896174E-04         1.0000000E+30             73349       
 NEXT SEEDS: C515B5B       3       0       0       0       0   181CD    3039       0       0
    3000000               7000000               7000000             4.1804332E-04         1.0000000E+30             78549       
 NEXT SEEDS:19EF5501       3       0       0       0       0   181CD    3039       0       0
    3200000               6800000               6800000             4.2095790E-04         1.0000000E+30             83878       
 NEXT SEEDS:27A1460B       3       0       0       0       0   181CD    3039       0       0
    3400000               6600000               6600000             4.2160575E-04         1.0000000E+30             89091       
 NEXT SEEDS:35441A30       3       0       0       0       0   181CD    3039       0       0
    3600000               6400000               6400000             4.2305090E-04         1.0000000E+30             94372       
 NEXT SEEDS: 7481D0E       4       0       0       0       0   181CD    3039       0       0
    3800000               6200000               6200000             4.2356496E-04         1.0000000E+30             99639       
 NEXT SEEDS:15004949       4       0       0       0       0   181CD    3039       0       0
    4000000               6000000               6000000             4.2109743E-04         1.0000000E+30            104963       
 NEXT SEEDS:22ACFB1D       4       0       0       0       0   181CD    3039       0       0
    4200000               5800000               5800000             4.1449692E-04         1.0000000E+30            110281       
 NEXT SEEDS:30616C04       4       0       0       0       0   181CD    3039       0       0
    4400000               5600000               5600000             4.0870890E-04         1.0000000E+30            115537       
 NEXT SEEDS: 2679A6D       5       0       0       0       0   181CD    3039       0       0
    4600000               5400000               5400000             4.0269435E-04         1.0000000E+30            120868       
 NEXT SEEDS:100AB1FE       5       0       0       0       0   181CD    3039       0       0
    4800000               5200000               5200000             3.9794687E-04         1.0000000E+30            126044       
 NEXT SEEDS:1DA142C8       5       0       0       0       0   181CD    3039       0       0
 COUSET, TXYZ:  0.999999999196163     -0.529509030191888      0.848304299964095    
    5000000               5000000               5000000             3.9524479E-04         1.0000000E+30            131277       
 NEXT SEEDS:2B422CE8       5       0       0       0       0   181CD    3039       0       0
    5200000               4800000               4800000             3.9597226E-04         1.0000000E+30            136505       
 NEXT SEEDS:38E40D6F       5       0       0       0       0   181CD    3039       0       0
    5400000               4600000               4600000             3.9751010E-04         1.0000000E+30            141874       
 NEXT SEEDS: B0232FF       6       0       0       0       0   181CD    3039       0       0
    5600000               4400000               4400000             3.9882417E-04         1.0000000E+30            147213       
 NEXT SEEDS:18BE87B6       6       0       0       0       0   181CD    3039       0       0
    5800000               4200000               4200000             4.0051343E-04         1.0000000E+30            152432       
 NEXT SEEDS:26592CEC       6       0       0       0       0   181CD    3039       0       0
    6000000               4000000               4000000             4.0154762E-04         1.0000000E+30            157579       
 NEXT SEEDS:33F6162A       6       0       0       0       0   181CD    3039       0       0
    6200000               3800000               3800000             4.0219582E-04         1.0000000E+30            162901       
 NEXT SEEDS: 6085C72       7       0       0       0       0   181CD    3039       0       0
    6400000               3600000               3600000             4.0293859E-04         1.0000000E+30            168053       
 NEXT SEEDS:13A65AA1       7       0       0       0       0   181CD    3039       0       0
    6600000               3400000               3400000             4.0343626E-04         1.0000000E+30            173362       
 NEXT SEEDS:21593FF1       7       0       0       0       0   181CD    3039       0       0
    6800000               3200000               3200000             3.9965064E-04         1.0000000E+30            178580       
 NEXT SEEDS:2EFE336F       7       0       0       0       0   181CD    3039       0       0
    7000000               3000000               3000000             3.9641017E-04         1.0000000E+30            183908       
 NEXT SEEDS: 11225C2       8       0       0       0       0   181CD    3039       0       0
    7200000               2800000               2800000             3.9298873E-04         1.0000000E+30            189151       
 NEXT SEEDS: EC26D88       8       0       0       0       0   181CD    3039       0       0
    7400000               2600000               2600000             3.9300096E-04         1.0000000E+30            194447       
 NEXT SEEDS:1C6EFFDF       8       0       0       0       0   181CD    3039       0       0
    7600000               2400000               2400000             3.9312479E-04         1.0000000E+30            199758       
 NEXT SEEDS:2A194D8A       8       0       0       0       0   181CD    3039       0       0
    7800000               2200000               2200000             3.9458075E-04         1.0000000E+30            205155       
 NEXT SEEDS:37CAED9F       8       0       0       0       0   181CD    3039       0       0
    8000000               2000000               2000000             3.9594892E-04         1.0000000E+30            210366       
 NEXT SEEDS: 9D64867       9       0       0       0       0   181CD    3039       0       0
    8200000               1800000               1800000             3.9611133E-04         1.0000000E+30            215607       
 NEXT SEEDS:17877BEF       9       0       0       0       0   181CD    3039       0       0
    8400000               1600000               1600000             3.9328774E-04         1.0000000E+30            220732       
 NEXT SEEDS:253304A1       9       0       0       0       0   181CD    3039       0       0
    8600000               1400000               1400000             3.9103531E-04         1.0000000E+30            226072       
 NEXT SEEDS:32E42EDB       9       0       0       0       0   181CD    3039       0       0
    8800000               1200000               1200000             3.9141985E-04         1.0000000E+30            231389       
 NEXT SEEDS: 4F5ADC2       A       0       0       0       0   181CD    3039       0       0
    9000000               1000000               1000000             3.9213692E-04         1.0000000E+30            236712       
 NEXT SEEDS:12A058D7       A       0       0       0       0   181CD    3039       0       0
    9200000                800000                800000             3.9285099E-04         1.0000000E+30            242063       
 NEXT SEEDS:204EDB4B       A       0       0       0       0   181CD    3039       0       0
    9400000                600000                600000             3.9436595E-04         1.0000000E+30            247351       
 NEXT SEEDS:2E006EEF       A       0       0       0       0   181CD    3039       0       0
    9600000                400000                400000             3.9496413E-04         1.0000000E+30            252550       
 NEXT SEEDS:   D2F60       B       0       0       0       0   181CD    3039       0       0
    9800000                200000                200000             3.9625713E-04         1.0000000E+30            257903       
 NEXT SEEDS: DB4CD2F       B       0       0       0       0   181CD    3039       0       0
    9999950                    50                    50             3.9643092E-04         1.0000000E+30            263200       
 NEXT SEEDS:1B58FD23       B       0       0       0       0   181CD    3039       0       0
    9999951                    49                    49             3.9643091E-04         1.0000000E+30            263200       
 NEXT SEEDS:1B58FEAC       B       0       0       0       0   181CD    3039       0       0
    9999952                    48                    48             3.9643089E-04         1.0000000E+30            263200       
 NEXT SEEDS:1B590670       B       0       0       0       0   181CD    3039       0       0
    9999953                    47                    47             3.9643088E-04         1.0000000E+30            263200       
 NEXT SEEDS:1B590912       B       0       0       0       0   181CD    3039       0       0
    9999954                    46                    46             3.9643086E-04         1.0000000E+30            263200       
 NEXT SEEDS:1B590B9F       B       0       0       0       0   181CD    3039       0       0
    9999955                    45                    45             3.9643085E-04         1.0000000E+30            263200       
 NEXT SEEDS:1B59132B       B       0       0       0       0   181CD    3039       0       0
    9999956                    44                    44             3.9643083E-04         1.0000000E+30            263200       
 NEXT SEEDS:1B591920       B       0       0       0       0   181CD    3039       0       0
    9999957                    43                    43             3.9643079E-04         1.0000000E+30            263200       
 NEXT SEEDS:1B591CBD       B       0       0       0       0   181CD    3039       0       0
    9999958                    42                    42             3.9643078E-04         1.0000000E+30            263200       
 NEXT SEEDS:1B592201       B       0       0       0       0   181CD    3039       0       0
    9999959                    41                    41             3.9643076E-04         1.0000000E+30            263200       
 NEXT SEEDS:1B5927C6       B       0       0       0       0   181CD    3039       0       0
    9999960                    40                    40             3.9643077E-04         1.0000000E+30            263200       
 NEXT SEEDS:1B5931C9       B       0       0       0       0   181CD    3039       0       0
    9999961                    39                    39             3.9643075E-04         1.0000000E+30            263200       
 NEXT SEEDS:1B59362E       B       0       0       0       0   181CD    3039       0       0
    9999962                    38                    38             3.9643071E-04         1.0000000E+30            263200       
 NEXT SEEDS:1B59394E       B       0       0       0       0   181CD    3039       0       0
    9999963                    37                    37             3.9643070E-04         1.0000000E+30            263200       
 NEXT SEEDS:1B593B9D       B       0       0       0       0   181CD    3039       0       0
    9999964                    36                    36             3.9643068E-04         1.0000000E+30            263200       
 NEXT SEEDS:1B594020       B       0       0       0       0   181CD    3039       0       0
    9999965                    35                    35             3.9643064E-04         1.0000000E+30            263200       
 NEXT SEEDS:1B5940E6       B       0       0       0       0   181CD    3039       0       0
    9999966                    34                    34             3.9643063E-04         1.0000000E+30            263200       
 NEXT SEEDS:1B59464D       B       0       0       0       0   181CD    3039       0       0
    9999967                    33                    33             3.9643061E-04         1.0000000E+30            263200       
 NEXT SEEDS:1B59474C       B       0       0       0       0   181CD    3039       0       0
    9999968                    32                    32             3.9643057E-04         1.0000000E+30            263200       
 NEXT SEEDS:1B594BA7       B       0       0       0       0   181CD    3039       0       0
    9999969                    31                    31             3.9643056E-04         1.0000000E+30            263200       
 NEXT SEEDS:1B594FB0       B       0       0       0       0   181CD    3039       0       0
    9999970                    30                    30             3.9643054E-04         1.0000000E+30            263200       
 NEXT SEEDS:1B595211       B       0       0       0       0   181CD    3039       0       0
    9999971                    29                    29             3.9643053E-04         1.0000000E+30            263200       
 NEXT SEEDS:1B5955DF       B       0       0       0       0   181CD    3039       0       0
    9999972                    28                    28             3.9643049E-04         1.0000000E+30            263200       
 NEXT SEEDS:1B5959B4       B       0       0       0       0   181CD    3039       0       0
    9999973                    27                    27             3.9643047E-04         1.0000000E+30            263200       
 NEXT SEEDS:1B595C4D       B       0       0       0       0   181CD    3039       0       0
    9999974                    26                    26             3.9643046E-04         1.0000000E+30            263200       
 NEXT SEEDS:1B5960EA       B       0       0       0       0   181CD    3039       0       0
    9999975                    25                    25             3.9643044E-04         1.0000000E+30            263200       
 NEXT SEEDS:1B5967BD       B       0       0       0       0   181CD    3039       0       0
    9999976                    24                    24             3.9643043E-04         1.0000000E+30            263200       
 NEXT SEEDS:1B596AA0       B       0       0       0       0   181CD    3039       0       0
    9999977                    23                    23             3.9643039E-04         1.0000000E+30            263200       
 NEXT SEEDS:1B596E5B       B       0       0       0       0   181CD    3039       0       0
    9999978                    22                    22             3.9643037E-04         1.0000000E+30            263200       
 NEXT SEEDS:1B5972AA       B       0       0       0       0   181CD    3039       0       0
    9999979                    21                    21             3.9643036E-04         1.0000000E+30            263200       
 NEXT SEEDS:1B5974D8       B       0       0       0       0   181CD    3039       0       0
    9999980                    20                    20             3.9643032E-04         1.0000000E+30            263200       
 NEXT SEEDS:1B59793B       B       0       0       0       0   181CD    3039       0       0
    9999981                    19                    19             3.9643030E-04         1.0000000E+30            263200       
 NEXT SEEDS:1B597CAF       B       0       0       0       0   181CD    3039       0       0
    9999982                    18                    18             3.9643029E-04         1.0000000E+30            263200       
 NEXT SEEDS:1B5980F0       B       0       0       0       0   181CD    3039       0       0
    9999983                    17                    17             3.9643027E-04         1.0000000E+30            263200       
 NEXT SEEDS:1B5983AE       B       0       0       0       0   181CD    3039       0       0
    9999984                    16                    16             3.9643023E-04         1.0000000E+30            263200       
 NEXT SEEDS:1B598822       B       0       0       0       0   181CD    3039       0       0
    9999985                    15                    15             3.9643024E-04         1.0000000E+30            263201       
 NEXT SEEDS:1B5990D6       B       0       0       0       0   181CD    3039       0       0
    9999986                    14                    14             3.9643023E-04         1.0000000E+30            263201       
 NEXT SEEDS:1B59953C       B       0       0       0       0   181CD    3039       0       0
    9999987                    13                    13             3.9643021E-04         1.0000000E+30            263201       
 NEXT SEEDS:1B599A98       B       0       0       0       0   181CD    3039       0       0
    9999988                    12                    12             3.9643020E-04         1.0000000E+30            263201       
 NEXT SEEDS:1B599E2B       B       0       0       0       0   181CD    3039       0       0
    9999989                    11                    11             3.9643016E-04         1.0000000E+30            263201       
 NEXT SEEDS:1B599F7D       B       0       0       0       0   181CD    3039       0       0
    9999990                    10                    10             3.9643014E-04         1.0000000E+30            263201       
 NEXT SEEDS:1B59A3F6       B       0       0       0       0   181CD    3039       0       0
    9999991                     9                     9             3.9643010E-04         1.0000000E+30            263201       
 NEXT SEEDS:1B59A5B1       B       0       0       0       0   181CD    3039       0       0
    9999992                     8                     8             3.9643009E-04         1.0000000E+30            263201       
 NEXT SEEDS:1B59A917       B       0       0       0       0   181CD    3039       0       0
    9999993                     7                     7             3.9643007E-04         1.0000000E+30            263201       
 NEXT SEEDS:1B59B119       B       0       0       0       0   181CD    3039       0       0
    9999994                     6                     6             3.9643006E-04         1.0000000E+30            263201       
 NEXT SEEDS:1B59B498       B       0       0       0       0   181CD    3039       0       0
    9999995                     5                     5             3.9643004E-04         1.0000000E+30            263201       
 NEXT SEEDS:1B59B8C0       B       0       0       0       0   181CD    3039       0       0
    9999996                     4                     4             3.9643000E-04         1.0000000E+30            263201       
 NEXT SEEDS:1B59BB51       B       0       0       0       0   181CD    3039       0       0
    9999997                     3                     3             3.9642999E-04         1.0000000E+30            263201       
 NEXT SEEDS:1B59BED8       B       0       0       0       0   181CD    3039       0       0
    9999998                     2                     2             3.9642997E-04         1.0000000E+30            263201       
 NEXT SEEDS:1B59C034       B       0       0       0       0   181CD    3039       0       0
    9999999                     1                     1             3.9642996E-04         1.0000000E+30            263201       
 NEXT SEEDS:1B59C519       B       0       0       0       0   181CD    3039       0       0
   10000000                     0                     1             3.9642992E-04         1.0000000E+30            263201       
 NEXT SEEDS:1B59CA61       B       0       0       0       0   181CD    3039       0       0
