1NUMBER OF BEAM       NUMBER OF BEAM        APPROXIMATE NUMBER    AVERAGE TIME USED     TIME LEFT (RESERVED   NUMBER OF STARS
 PARTICLES HANDLED    PARTICLES LEFT        OF BEAM PARTICLES     BY A BEAM PARTICLE     10000.0 SECONDS      CREATED
                                            THAT CAN STILL BE                           FOR PRINTOUT)
                                            HANDLED

 NEXT SEEDS:       0       0       0       0       0       0   181CD    3039       0       0
          1               9999999               9999999             1.9502640E-04         1.0000000E+30                 0       
 NEXT SEEDS:     127       0       0       0       0       0   181CD    3039       0       0
     200000               9800000               9800000             6.7890891E-05         1.0000000E+30              3282       
 NEXT SEEDS: 5C92EA9       0       0       0       0       0   181CD    3039       0       0
     400000               9600000               9600000             9.0775968E-05         1.0000000E+30              6776       
 NEXT SEEDS: BA697BF       0       0       0       0       0   181CD    3039       0       0
     600000               9400000               9400000             1.0664534E-04         1.0000000E+30             10125       
 NEXT SEEDS:116FC742       0       0       0       0       0   181CD    3039       0       0
     800000               9200000               9200000             1.0904071E-04         1.0000000E+30             13447       
 NEXT SEEDS:173BF4E7       0       0       0       0       0   181CD    3039       0       0
    1000000               9000000               9000000             1.1022818E-04         1.0000000E+30             16754       
 NEXT SEEDS:1D013642       0       0       0       0       0   181CD    3039       0       0
    1200000               8800000               8800000             1.1150548E-04         1.0000000E+30             20221       
 NEXT SEEDS:22DD9FB2       0       0       0       0       0   181CD    3039       0       0
    1400000               8600000               8600000             1.1240836E-04         1.0000000E+30             23577       
 NEXT SEEDS:28ACA481       0       0       0       0       0   181CD    3039       0       0
    1600000               8400000               8400000             1.1263383E-04         1.0000000E+30             27035       
 NEXT SEEDS:2E86A488       0       0       0       0       0   181CD    3039       0       0
    1800000               8200000               8200000             1.1175240E-04         1.0000000E+30             30379       
 NEXT SEEDS:345662F2       0       0       0       0       0   181CD    3039       0       0
    2000000               8000000               8000000             1.1443606E-04         1.0000000E+30             33761       
 NEXT SEEDS:3A2295DB       0       0       0       0       0   181CD    3039       0       0
    2200000               7800000               7800000             1.2183903E-04         1.0000000E+30             37164       
 NEXT SEEDS: 4572409       1       0       0       0       0   181CD    3039       0       0
 COUSET, TXYZ:  0.999999999737397      0.823044987929588      0.567976185520817    
    2400000               7600000               7600000             1.2829502E-04         1.0000000E+30             40434       
 NEXT SEEDS: A194128       1       0       0       0       0   181CD    3039       0       0
    2600000               7400000               7400000             1.3399941E-04         1.0000000E+30             43762       
 NEXT SEEDS: FE34EAD       1       0       0       0       0   181CD    3039       0       0
    2800000               7200000               7200000             1.3826173E-04         1.0000000E+30             47042       
 NEXT SEEDS:15A96D97       1       0       0       0       0   181CD    3039       0       0
    3000000               7000000               7000000             1.4199384E-04         1.0000000E+30             50420       
 NEXT SEEDS:1B772E02       1       0       0       0       0   181CD    3039       0       0
    3200000               6800000               6800000             1.4526536E-04         1.0000000E+30             53781       
 NEXT SEEDS:21469833       1       0       0       0       0   181CD    3039       0       0
    3400000               6600000               6600000             1.4770756E-04         1.0000000E+30             57288       
 NEXT SEEDS:271DF49F       1       0       0       0       0   181CD    3039       0       0
    3600000               6400000               6400000             1.5058962E-04         1.0000000E+30             60805       
 NEXT SEEDS:2CFE7853       1       0       0       0       0   181CD    3039       0       0
    3800000               6200000               6200000             1.5404291E-04         1.0000000E+30             64220       
 NEXT SEEDS:32D19FED       1       0       0       0       0   181CD    3039       0       0
    4000000               6000000               6000000             1.5615160E-04         1.0000000E+30             67698       
 NEXT SEEDS:38A762E3       1       0       0       0       0   181CD    3039       0       0
    4200000               5800000               5800000             1.5881528E-04         1.0000000E+30             71062       
 NEXT SEEDS: 2D67E8D       2       0       0       0       0   181CD    3039       0       0
    4400000               5600000               5600000             1.6044327E-04         1.0000000E+30             74416       
 NEXT SEEDS: 8991BD7       2       0       0       0       0   181CD    3039       0       0
    4600000               5400000               5400000             1.6329302E-04         1.0000000E+30             77798       
 NEXT SEEDS: E6803A4       2       0       0       0       0   181CD    3039       0       0
    4800000               5200000               5200000             1.6457918E-04         1.0000000E+30             81198       
 NEXT SEEDS:143B2550       2       0       0       0       0   181CD    3039       0       0
    5000000               5000000               5000000             1.6713832E-04         1.0000000E+30             84624       
 NEXT SEEDS:1A0CEFB2       2       0       0       0       0   181CD    3039       0       0
    5200000               4800000               4800000             1.6933611E-04         1.0000000E+30             87923       
 NEXT SEEDS:1FDAE3F7       2       0       0       0       0   181CD    3039       0       0
    5400000               4600000               4600000             1.7086336E-04         1.0000000E+30             91206       
 NEXT SEEDS:25A51DCA       2       0       0       0       0   181CD    3039       0       0
    5600000               4400000               4400000             1.7215488E-04         1.0000000E+30             94586       
 NEXT SEEDS:2B7911E4       2       0       0       0       0   181CD    3039       0       0
    5800000               4200000               4200000             1.7346655E-04         1.0000000E+30             97903       
 NEXT SEEDS:31429D9A       2       0       0       0       0   181CD    3039       0       0
    6000000               4000000               4000000             1.7545787E-04         1.0000000E+30            101243       
 NEXT SEEDS:370F0327       2       0       0       0       0   181CD    3039       0       0
    6200000               3800000               3800000             1.7362319E-04         1.0000000E+30            104574       
 NEXT SEEDS: 146A49A       3       0       0       0       0   181CD    3039       0       0
    6400000               3600000               3600000             1.7201701E-04         1.0000000E+30            107918       
 NEXT SEEDS: 7137DDF       3       0       0       0       0   181CD    3039       0       0
    6600000               3400000               3400000             1.7030237E-04         1.0000000E+30            111255       
 NEXT SEEDS: CDCAAD1       3       0       0       0       0   181CD    3039       0       0
    6800000               3200000               3200000             1.6890405E-04         1.0000000E+30            114635       
 NEXT SEEDS:12B0DA7A       3       0       0       0       0   181CD    3039       0       0
    7000000               3000000               3000000             1.6718613E-04         1.0000000E+30            117999       
 NEXT SEEDS:18808044       3       0       0       0       0   181CD    3039       0       0
    7200000               2800000               2800000             1.6617032E-04         1.0000000E+30            121247       
 NEXT SEEDS:1E4412D0       3       0       0       0       0   181CD    3039       0       0
    7400000               2600000               2600000             1.6521678E-04         1.0000000E+30            124645       
 NEXT SEEDS:24199B4C       3       0       0       0       0   181CD    3039       0       0
    7600000               2400000               2400000             1.6567227E-04         1.0000000E+30            128032       
 NEXT SEEDS:29E41A8B       3       0       0       0       0   181CD    3039       0       0
    7800000               2200000               2200000             1.6683300E-04         1.0000000E+30            131414       
 NEXT SEEDS:2FB512AD       3       0       0       0       0   181CD    3039       0       0
    8000000               2000000               2000000             1.6789577E-04         1.0000000E+30            134746       
 NEXT SEEDS:357A8070       3       0       0       0       0   181CD    3039       0       0
    8200000               1800000               1800000             1.6693943E-04         1.0000000E+30            138122       
 NEXT SEEDS:3B49CF43       3       0       0       0       0   181CD    3039       0       0
    8400000               1600000               1600000             1.6856829E-04         1.0000000E+30            141395       
 NEXT SEEDS: 5756A8B       4       0       0       0       0   181CD    3039       0       0
    8600000               1400000               1400000             1.6792772E-04         1.0000000E+30            144765       
 NEXT SEEDS: B496F48       4       0       0       0       0   181CD    3039       0       0
    8800000               1200000               1200000             1.6753022E-04         1.0000000E+30            148107       
 NEXT SEEDS:11162E49       4       0       0       0       0   181CD    3039       0       0
    9000000               1000000               1000000             1.6828201E-04         1.0000000E+30            151434       
 NEXT SEEDS:16DF86AE       4       0       0       0       0   181CD    3039       0       0
    9200000                800000                800000             1.6953105E-04         1.0000000E+30            154723       
 NEXT SEEDS:1CA85383       4       0       0       0       0   181CD    3039       0       0
    9400000                600000                600000             1.7040526E-04         1.0000000E+30            158087       
 NEXT SEEDS:22736527       4       0       0       0       0   181CD    3039       0       0
    9600000                400000                400000             1.7190398E-04         1.0000000E+30            161518       
 NEXT SEEDS:2848B386       4       0       0       0       0   181CD    3039       0       0
    9800000                200000                200000             1.7284484E-04         1.0000000E+30            164898       
 NEXT SEEDS:2E184C6D       4       0       0       0       0   181CD    3039       0       0
    9999950                    50                    50             1.7382898E-04         1.0000000E+30            168238       
 NEXT SEEDS:33E517E0       4       0       0       0       0   181CD    3039       0       0
    9999951                    49                    49             1.7382899E-04         1.0000000E+30            168238       
 NEXT SEEDS:33E518CE       4       0       0       0       0   181CD    3039       0       0
    9999952                    48                    48             1.7382900E-04         1.0000000E+30            168238       
 NEXT SEEDS:33E51A0C       4       0       0       0       0   181CD    3039       0       0
    9999953                    47                    47             1.7382898E-04         1.0000000E+30            168238       
 NEXT SEEDS:33E51BBD       4       0       0       0       0   181CD    3039       0       0
    9999954                    46                    46             1.7382896E-04         1.0000000E+30            168238       
 NEXT SEEDS:33E51CF8       4       0       0       0       0   181CD    3039       0       0
    9999955                    45                    45             1.7382895E-04         1.0000000E+30            168238       
 NEXT SEEDS:33E51DD6       4       0       0       0       0   181CD    3039       0       0
    9999956                    44                    44             1.7382893E-04         1.0000000E+30            168238       
 NEXT SEEDS:33E51EEA       4       0       0       0       0   181CD    3039       0       0
    9999957                    43                    43             1.7382891E-04         1.0000000E+30            168238       
 NEXT SEEDS:33E52083       4       0       0       0       0   181CD    3039       0       0
    9999958                    42                    42             1.7382889E-04         1.0000000E+30            168238       
 NEXT SEEDS:33E521F5       4       0       0       0       0   181CD    3039       0       0
    9999959                    41                    41             1.7382888E-04         1.0000000E+30            168238       
 NEXT SEEDS:33E52314       4       0       0       0       0   181CD    3039       0       0
    9999960                    40                    40             1.7382886E-04         1.0000000E+30            168238       
 NEXT SEEDS:33E52481       4       0       0       0       0   181CD    3039       0       0
    9999961                    39                    39             1.7382884E-04         1.0000000E+30            168238       
 NEXT SEEDS:33E52629       4       0       0       0       0   181CD    3039       0       0
    9999962                    38                    38             1.7382882E-04         1.0000000E+30            168238       
 NEXT SEEDS:33E52730       4       0       0       0       0   181CD    3039       0       0
    9999963                    37                    37             1.7382881E-04         1.0000000E+30            168238       
 NEXT SEEDS:33E528F5       4       0       0       0       0   181CD    3039       0       0
    9999964                    36                    36             1.7382879E-04         1.0000000E+30            168238       
 NEXT SEEDS:33E52A4A       4       0       0       0       0   181CD    3039       0       0
    9999965                    35                    35             1.7382877E-04         1.0000000E+30            168238       
 NEXT SEEDS:33E52B33       4       0       0       0       0   181CD    3039       0       0
    9999966                    34                    34             1.7382875E-04         1.0000000E+30            168238       
 NEXT SEEDS:33E52D92       4       0       0       0       0   181CD    3039       0       0
    9999967                    33                    33             1.7382874E-04         1.0000000E+30            168238       
 NEXT SEEDS:33E52FBD       4       0       0       0       0   181CD    3039       0       0
    9999968                    32                    32             1.7382872E-04         1.0000000E+30            168238       
 NEXT SEEDS:33E53138       4       0       0       0       0   181CD    3039       0       0
    9999969                    31                    31             1.7382870E-04         1.0000000E+30            168238       
 NEXT SEEDS:33E53251       4       0       0       0       0   181CD    3039       0       0
    9999970                    30                    30             1.7382872E-04         1.0000000E+30            168238       
 NEXT SEEDS:33E534EE       4       0       0       0       0   181CD    3039       0       0
    9999971                    29                    29             1.7382873E-04         1.0000000E+30            168238       
 NEXT SEEDS:33E535EF       4       0       0       0       0   181CD    3039       0       0
    9999972                    28                    28             1.7382872E-04         1.0000000E+30            168238       
 NEXT SEEDS:33E53686       4       0       0       0       0   181CD    3039       0       0
    9999973                    27                    27             1.7382873E-04         1.0000000E+30            168238       
 NEXT SEEDS:33E538F0       4       0       0       0       0   181CD    3039       0       0
    9999974                    26                    26             1.7382874E-04         1.0000000E+30            168238       
 NEXT SEEDS:33E53AA5       4       0       0       0       0   181CD    3039       0       0
    9999975                    25                    25             1.7382875E-04         1.0000000E+30            168238       
 NEXT SEEDS:33E53BF9       4       0       0       0       0   181CD    3039       0       0
    9999976                    24                    24             1.7382875E-04         1.0000000E+30            168238       
 NEXT SEEDS:33E53DE4       4       0       0       0       0   181CD    3039       0       0
    9999977                    23                    23             1.7382876E-04         1.0000000E+30            168238       
 NEXT SEEDS:33E53ECB       4       0       0       0       0   181CD    3039       0       0
    9999978                    22                    22             1.7382877E-04         1.0000000E+30            168238       
 NEXT SEEDS:33E54068       4       0       0       0       0   181CD    3039       0       0
    9999979                    21                    21             1.7382877E-04         1.0000000E+30            168238       
 NEXT SEEDS:33E541A6       4       0       0       0       0   181CD    3039       0       0
    9999980                    20                    20             1.7382878E-04         1.0000000E+30            168238       
 NEXT SEEDS:33E543B7       4       0       0       0       0   181CD    3039       0       0
    9999981                    19                    19             1.7382879E-04         1.0000000E+30            168238       
 NEXT SEEDS:33E5450E       4       0       0       0       0   181CD    3039       0       0
    9999982                    18                    18             1.7382879E-04         1.0000000E+30            168238       
 NEXT SEEDS:33E54665       4       0       0       0       0   181CD    3039       0       0
    9999983                    17                    17             1.7382879E-04         1.0000000E+30            168238       
 NEXT SEEDS:33E547B6       4       0       0       0       0   181CD    3039       0       0
    9999984                    16                    16             1.7382880E-04         1.0000000E+30            168238       
 NEXT SEEDS:33E54883       4       0       0       0       0   181CD    3039       0       0
    9999985                    15                    15             1.7382880E-04         1.0000000E+30            168238       
 NEXT SEEDS:33E549F7       4       0       0       0       0   181CD    3039       0       0
    9999986                    14                    14             1.7382881E-04         1.0000000E+30            168238       
 NEXT SEEDS:33E54BFE       4       0       0       0       0   181CD    3039       0       0
    9999987                    13                    13             1.7382882E-04         1.0000000E+30            168238       
 NEXT SEEDS:33E54DEF       4       0       0       0       0   181CD    3039       0       0
    9999988                    12                    12             1.7382882E-04         1.0000000E+30            168238       
 NEXT SEEDS:33E54F19       4       0       0       0       0   181CD    3039       0       0
    9999989                    11                    11             1.7382883E-04         1.0000000E+30            168238       
 NEXT SEEDS:33E55067       4       0       0       0       0   181CD    3039       0       0
    9999990                    10                    10             1.7382883E-04         1.0000000E+30            168238       
 NEXT SEEDS:33E55151       4       0       0       0       0   181CD    3039       0       0
    9999991                     9                     9             1.7382885E-04         1.0000000E+30            168238       
 NEXT SEEDS:33E552D6       4       0       0       0       0   181CD    3039       0       0
    9999992                     8                     8             1.7382885E-04         1.0000000E+30            168238       
 NEXT SEEDS:33E554D1       4       0       0       0       0   181CD    3039       0       0
    9999993                     7                     7             1.7382885E-04         1.0000000E+30            168238       
 NEXT SEEDS:33E5561A       4       0       0       0       0   181CD    3039       0       0
    9999994                     6                     6             1.7382885E-04         1.0000000E+30            168238       
 NEXT SEEDS:33E55770       4       0       0       0       0   181CD    3039       0       0
    9999995                     5                     5             1.7382887E-04         1.0000000E+30            168238       
 NEXT SEEDS:33E55950       4       0       0       0       0   181CD    3039       0       0
    9999996                     4                     4             1.7382887E-04         1.0000000E+30            168238       
 NEXT SEEDS:33E55A5B       4       0       0       0       0   181CD    3039       0       0
    9999997                     3                     3             1.7382888E-04         1.0000000E+30            168238       
 NEXT SEEDS:33E55B64       4       0       0       0       0   181CD    3039       0       0
    9999998                     2                     2             1.7382888E-04         1.0000000E+30            168238       
 NEXT SEEDS:33E55CF3       4       0       0       0       0   181CD    3039       0       0
    9999999                     1                     1             1.7382889E-04         1.0000000E+30            168238       
 NEXT SEEDS:33E55EC9       4       0       0       0       0   181CD    3039       0       0
   10000000                     0                     1             1.7382890E-04         1.0000000E+30            168238       
 NEXT SEEDS:33E56050       4       0       0       0       0   181CD    3039       0       0
