1NUMBER OF BEAM       NUMBER OF BEAM        APPROXIMATE NUMBER    AVERAGE TIME USED     TIME LEFT (RESERVED   NUMBER OF STARS
 PARTICLES HANDLED    PARTICLES LEFT        OF BEAM PARTICLES     BY A BEAM PARTICLE     10000.0 SECONDS      CREATED
                                            THAT CAN STILL BE                           FOR PRINTOUT)
                                            HANDLED

 NEXT SEEDS:       0       0       0       0       0       0   181CD    3039       0       0
          1              24999999              24999999             2.9945374E-04         1.0000000E+30                 0       
 NEXT SEEDS:     3FC       0       0       0       0       0   181CD    3039       0       0
     500000              24500000              24500000             2.6408503E-04         1.0000000E+30             12964       
 NEXT SEEDS:21F9B639       0       0       0       0       0   181CD    3039       0       0
 COUSET, TXYZ:  0.999999999993270     -0.968889292775506      0.247494521821231    
    1000000              24000000              24000000             2.6750214E-04         1.0000000E+30             25814       
 NEXT SEEDS: 848EC94       1       0       0       0       0   181CD    3039       0       0
 COUSET, TXYZ:  0.999999999989940     -0.641519962602270      0.767106340452653    
    1500000              23500000              23500000             2.7939903E-04         1.0000000E+30             38793       
 NEXT SEEDS:2A42293C       1       0       0       0       0   181CD    3039       0       0
    2000000              23000000              23000000             3.3843268E-04         1.0000000E+30             51779       
 NEXT SEEDS:1098D783       2       0       0       0       0   181CD    3039       0       0
 COUSET, TXYZ:  0.999999999993890      0.272803059176184      0.962069899171518    
    2500000              22500000              22500000             3.8913801E-04         1.0000000E+30             64697       
 NEXT SEEDS:3293FE19       2       0       0       0       0   181CD    3039       0       0
    3000000              22000000              22000000             4.2191435E-04         1.0000000E+30             77426       
 NEXT SEEDS:18EAFB49       3       0       0       0       0   181CD    3039       0       0
    3500000              21500000              21500000             4.0285024E-04         1.0000000E+30             90290       
 NEXT SEEDS:3ADCC027       3       0       0       0       0   181CD    3039       0       0
 COUSET, TXYZ:  0.999999999988658     -0.400159327066590      0.916445586458318    
    4000000              21000000              21000000             4.0032205E-04         1.0000000E+30            103259       
 NEXT SEEDS:213021A8       4       0       0       0       0   181CD    3039       0       0
    4500000              20500000              20500000             4.0792318E-04         1.0000000E+30            115913       
 NEXT SEEDS: 787E3AF       5       0       0       0       0   181CD    3039       0       0
    5000000              20000000              20000000             4.1321101E-04         1.0000000E+30            128704       
 NEXT SEEDS:296DBEFE       5       0       0       0       0   181CD    3039       0       0
    5500000              19500000              19500000             4.1762178E-04         1.0000000E+30            141480       
 NEXT SEEDS: FBD2F90       6       0       0       0       0   181CD    3039       0       0
    6000000              19000000              19000000             4.2140200E-04         1.0000000E+30            154226       
 NEXT SEEDS:31A35113       6       0       0       0       0   181CD    3039       0       0
    6500000              18500000              18500000             4.2478668E-04         1.0000000E+30            167154       
 NEXT SEEDS:17FE076D       7       0       0       0       0   181CD    3039       0       0
    7000000              18000000              18000000             4.2759858E-04         1.0000000E+30            179922       
 NEXT SEEDS:3A02F607       7       0       0       0       0   181CD    3039       0       0
    7500000              17500000              17500000             4.2964390E-04         1.0000000E+30            192920       
 NEXT SEEDS:2068FBD3       8       0       0       0       0   181CD    3039       0       0
 COUSET, TXYZ:   1.00000000000501     -0.997015297901266      7.720424703902844E-02
    8000000              17000000              17000000             4.3181062E-04         1.0000000E+30            205696       
 NEXT SEEDS: 6CFD96B       9       0       0       0       0   181CD    3039       0       0
    8500000              16500000              16500000             4.3334776E-04         1.0000000E+30            218556       
 NEXT SEEDS:28C25B7B       9       0       0       0       0   181CD    3039       0       0
    9000000              16000000              16000000             4.3468906E-04         1.0000000E+30            231283       
 NEXT SEEDS: F0EEC95       A       0       0       0       0   181CD    3039       0       0
    9500000              15500000              15500000             4.3575508E-04         1.0000000E+30            244175       
 NEXT SEEDS:30F816CF       A       0       0       0       0   181CD    3039       0       0
 COUSET, TXYZ:  0.999999999987941     -0.921177746376470      0.389142081451815    
   10000000              15000000              15000000             4.3088124E-04         1.0000000E+30            257141       
 NEXT SEEDS:175067DA       B       0       0       0       0   181CD    3039       0       0
   10500000              14500000              14500000             4.2480379E-04         1.0000000E+30            269831       
 NEXT SEEDS:3937C5DF       B       0       0       0       0   181CD    3039       0       0
   11000000              14000000              14000000             4.2607044E-04         1.0000000E+30            282628       
 NEXT SEEDS:1F95225C       C       0       0       0       0   181CD    3039       0       0
   11500000              13500000              13500000             4.2646127E-04         1.0000000E+30            295456       
 NEXT SEEDS: 5F2D21E       D       0       0       0       0   181CD    3039       0       0
   12000000              13000000              13000000             4.2024458E-04         1.0000000E+30            308145       
 NEXT SEEDS:27E7E5F2       D       0       0       0       0   181CD    3039       0       0
   12500000              12500000              12500000             4.1429390E-04         1.0000000E+30            320963       
 NEXT SEEDS: E3D8A27       E       0       0       0       0   181CD    3039       0       0
   13000000              12000000              12000000             4.0922712E-04         1.0000000E+30            333794       
 NEXT SEEDS:30326AC0       E       0       0       0       0   181CD    3039       0       0
   13500000              11500000              11500000             4.0387007E-04         1.0000000E+30            346519       
 NEXT SEEDS:167A61EA       F       0       0       0       0   181CD    3039       0       0
   14000000              11000000              11000000             3.9945919E-04         1.0000000E+30            359405       
 NEXT SEEDS:386FD555       F       0       0       0       0   181CD    3039       0       0
   14500000              10500000              10500000             3.9518951E-04         1.0000000E+30            372169       
 NEXT SEEDS:1EC0D74B      10       0       0       0       0   181CD    3039       0       0
 COUSET, TXYZ:  0.999999999978421     -0.413278128661447      0.910604847520007    
   15000000              10000000              10000000             3.9133443E-04         1.0000000E+30            385063       
 NEXT SEEDS: 51B6559      11       0       0       0       0   181CD    3039       0       0
   15500000               9500000               9500000             3.8769713E-04         1.0000000E+30            397771       
 NEXT SEEDS:27033AD8      11       0       0       0       0   181CD    3039       0       0
   16000000               9000000               9000000             3.8399795E-04         1.0000000E+30            410552       
 NEXT SEEDS: D5BF19A      12       0       0       0       0   181CD    3039       0       0
   16500000               8500000               8500000             3.8091873E-04         1.0000000E+30            423420       
 NEXT SEEDS:2F40734B      12       0       0       0       0   181CD    3039       0       0
   17000000               8000000               8000000             3.7746452E-04         1.0000000E+30            436313       
 NEXT SEEDS:158B8EF8      13       0       0       0       0   181CD    3039       0       0
   17500000               7500000               7500000             3.7462617E-04         1.0000000E+30            449195       
 NEXT SEEDS:3780D35C      13       0       0       0       0   181CD    3039       0       0
   18000000               7000000               7000000             3.7193291E-04         1.0000000E+30            462107       
 NEXT SEEDS:1DCD81FD      14       0       0       0       0   181CD    3039       0       0
   18500000               6500000               6500000             3.6943625E-04         1.0000000E+30            475121       
 NEXT SEEDS: 426D67B      15       0       0       0       0   181CD    3039       0       0
 COUSET, TXYZ:  0.999999999976266     -0.382288118077077      0.924043177957405    
   19000000               6000000               6000000             3.6699565E-04         1.0000000E+30            487879       
 NEXT SEEDS:260DE7CC      15       0       0       0       0   181CD    3039       0       0
 COUSET, TXYZ:  0.999999999985796      6.165525182806763E-04  0.999999809917274    
   19500000               5500000               5500000             3.6450610E-04         1.0000000E+30            500771       
 NEXT SEEDS: C60A324      16       0       0       0       0   181CD    3039       0       0
   20000000               5000000               5000000             3.6228452E-04         1.0000000E+30            513580       
 NEXT SEEDS:2E56DE51      16       0       0       0       0   181CD    3039       0       0
   20500000               4500000               4500000             3.6193068E-04         1.0000000E+30            526330       
 NEXT SEEDS:14B0B24B      17       0       0       0       0   181CD    3039       0       0
   21000000               4000000               4000000             3.6405673E-04         1.0000000E+30            539108       
 NEXT SEEDS:36A5CA4A      17       0       0       0       0   181CD    3039       0       0
   21500000               3500000               3500000             3.6607256E-04         1.0000000E+30            551896       
 NEXT SEEDS:1CE8510B      18       0       0       0       0   181CD    3039       0       0
   22000000               3000000               3000000             3.6620174E-04         1.0000000E+30            564616       
 NEXT SEEDS: 32E7F5F      19       0       0       0       0   181CD    3039       0       0
 COUSET, TXYZ:   1.00000000002010     -0.691500091793053      0.722376372184473    
   22500000               2500000               2500000             3.6641662E-04         1.0000000E+30            577317       
 NEXT SEEDS:2511CD9E      19       0       0       0       0   181CD    3039       0       0
   23000000               2000000               2000000             3.6469667E-04         1.0000000E+30            590221       
 NEXT SEEDS: B5E6009      1A       0       0       0       0   181CD    3039       0       0
   23500000               1500000               1500000             3.6327759E-04         1.0000000E+30            602901       
 NEXT SEEDS:2D3EF3E5      1A       0       0       0       0   181CD    3039       0       0
   24000000               1000000               1000000             3.6246480E-04         1.0000000E+30            615803       
 NEXT SEEDS:1393737E      1B       0       0       0       0   181CD    3039       0       0
   24500000                500000                500000             3.6426841E-04         1.0000000E+30            628581       
 NEXT SEEDS:358234EC      1B       0       0       0       0   181CD    3039       0       0
 COUSET, TXYZ:   1.00000000001130      0.572025829594336      0.820235606578694    
   24999950                    50                    50             3.6567073E-04         1.0000000E+30            641485       
 NEXT SEEDS:1BE31081      1C       0       0       0       0   181CD    3039       0       0
   24999951                    49                    49             3.6567075E-04         1.0000000E+30            641485       
 NEXT SEEDS:1BE31501      1C       0       0       0       0   181CD    3039       0       0
   24999952                    48                    48             3.6567074E-04         1.0000000E+30            641485       
 NEXT SEEDS:1BE31AAA      1C       0       0       0       0   181CD    3039       0       0
   24999953                    47                    47             3.6567072E-04         1.0000000E+30            641485       
 NEXT SEEDS:1BE31DBA      1C       0       0       0       0   181CD    3039       0       0
   24999954                    46                    46             3.6567075E-04         1.0000000E+30            641485       
 NEXT SEEDS:1BE32359      1C       0       0       0       0   181CD    3039       0       0
   24999955                    45                    45             3.6567073E-04         1.0000000E+30            641485       
 NEXT SEEDS:1BE3258C      1C       0       0       0       0   181CD    3039       0       0
   24999956                    44                    44             3.6567072E-04         1.0000000E+30            641485       
 NEXT SEEDS:1BE328D7      1C       0       0       0       0   181CD    3039       0       0
   24999957                    43                    43             3.6567074E-04         1.0000000E+30            641485       
 NEXT SEEDS:1BE32BDC      1C       0       0       0       0   181CD    3039       0       0
   24999958                    42                    42             3.6567073E-04         1.0000000E+30            641485       
 NEXT SEEDS:1BE32DE5      1C       0       0       0       0   181CD    3039       0       0
   24999959                    41                    41             3.6567071E-04         1.0000000E+30            641485       
 NEXT SEEDS:1BE32FCC      1C       0       0       0       0   181CD    3039       0       0
   24999960                    40                    40             3.6567074E-04         1.0000000E+30            641485       
 NEXT SEEDS:1BE33320      1C       0       0       0       0   181CD    3039       0       0
   24999961                    39                    39             3.6567072E-04         1.0000000E+30            641485       
 NEXT SEEDS:1BE335F5      1C       0       0       0       0   181CD    3039       0       0
   24999962                    38                    38             3.6567071E-04         1.0000000E+30            641485       
 NEXT SEEDS:1BE33725      1C       0       0       0       0   181CD    3039       0       0
   24999963                    37                    37             3.6567069E-04         1.0000000E+30            641485       
 NEXT SEEDS:1BE33CAA      1C       0       0       0       0   181CD    3039       0       0
   24999964                    36                    36             3.6567072E-04         1.0000000E+30            641485       
 NEXT SEEDS:1BE3451B      1C       0       0       0       0   181CD    3039       0       0
   24999965                    35                    35             3.6567070E-04         1.0000000E+30            641485       
 NEXT SEEDS:1BE34817      1C       0       0       0       0   181CD    3039       0       0
   24999966                    34                    34             3.6567073E-04         1.0000000E+30            641485       
 NEXT SEEDS:1BE34D44      1C       0       0       0       0   181CD    3039       0       0
   24999967                    33                    33             3.6567071E-04         1.0000000E+30            641485       
 NEXT SEEDS:1BE34F49      1C       0       0       0       0   181CD    3039       0       0
   24999968                    32                    32             3.6567070E-04         1.0000000E+30            641485       
 NEXT SEEDS:1BE35142      1C       0       0       0       0   181CD    3039       0       0
   24999969                    31                    31             3.6567072E-04         1.0000000E+30            641485       
 NEXT SEEDS:1BE35702      1C       0       0       0       0   181CD    3039       0       0
   24999970                    30                    30             3.6567071E-04         1.0000000E+30            641485       
 NEXT SEEDS:1BE35B38      1C       0       0       0       0   181CD    3039       0       0
   24999971                    29                    29             3.6567069E-04         1.0000000E+30            641485       
 NEXT SEEDS:1BE35D75      1C       0       0       0       0   181CD    3039       0       0
   24999972                    28                    28             3.6567068E-04         1.0000000E+30            641485       
 NEXT SEEDS:1BE35FB2      1C       0       0       0       0   181CD    3039       0       0
   24999973                    27                    27             3.6567070E-04         1.0000000E+30            641485       
 NEXT SEEDS:1BE36384      1C       0       0       0       0   181CD    3039       0       0
   24999974                    26                    26             3.6567069E-04         1.0000000E+30            641485       
 NEXT SEEDS:1BE36D08      1C       0       0       0       0   181CD    3039       0       0
   24999975                    25                    25             3.6567071E-04         1.0000000E+30            641485       
 NEXT SEEDS:1BE36F80      1C       0       0       0       0   181CD    3039       0       0
   24999976                    24                    24             3.6567070E-04         1.0000000E+30            641485       
 NEXT SEEDS:1BE37338      1C       0       0       0       0   181CD    3039       0       0
   24999977                    23                    23             3.6567068E-04         1.0000000E+30            641485       
 NEXT SEEDS:1BE378E3      1C       0       0       0       0   181CD    3039       0       0
   24999978                    22                    22             3.6567071E-04         1.0000000E+30            641485       
 NEXT SEEDS:1BE37C13      1C       0       0       0       0   181CD    3039       0       0
   24999979                    21                    21             3.6567069E-04         1.0000000E+30            641485       
 NEXT SEEDS:1BE37F32      1C       0       0       0       0   181CD    3039       0       0
   24999980                    20                    20             3.6567068E-04         1.0000000E+30            641485       
 NEXT SEEDS:1BE384C9      1C       0       0       0       0   181CD    3039       0       0
   24999981                    19                    19             3.6567070E-04         1.0000000E+30            641485       
 NEXT SEEDS:1BE38B61      1C       0       0       0       0   181CD    3039       0       0
   24999982                    18                    18             3.6567069E-04         1.0000000E+30            641485       
 NEXT SEEDS:1BE38F4E      1C       0       0       0       0   181CD    3039       0       0
   24999983                    17                    17             3.6567071E-04         1.0000000E+30            641485       
 NEXT SEEDS:1BE394B5      1C       0       0       0       0   181CD    3039       0       0
   24999984                    16                    16             3.6567070E-04         1.0000000E+30            641485       
 NEXT SEEDS:1BE395F4      1C       0       0       0       0   181CD    3039       0       0
   24999985                    15                    15             3.6567068E-04         1.0000000E+30            641485       
 NEXT SEEDS:1BE39B78      1C       0       0       0       0   181CD    3039       0       0
   24999986                    14                    14             3.6567071E-04         1.0000000E+30            641485       
 NEXT SEEDS:1BE3A053      1C       0       0       0       0   181CD    3039       0       0
   24999987                    13                    13             3.6567069E-04         1.0000000E+30            641485       
 NEXT SEEDS:1BE3A52C      1C       0       0       0       0   181CD    3039       0       0
   24999988                    12                    12             3.6567068E-04         1.0000000E+30            641485       
 NEXT SEEDS:1BE3A743      1C       0       0       0       0   181CD    3039       0       0
   24999989                    11                    11             3.6567066E-04         1.0000000E+30            641485       
 NEXT SEEDS:1BE3AA46      1C       0       0       0       0   181CD    3039       0       0
   24999990                    10                    10             3.6567069E-04         1.0000000E+30            641485       
 NEXT SEEDS:1BE3AFB0      1C       0       0       0       0   181CD    3039       0       0
   24999991                     9                     9             3.6567067E-04         1.0000000E+30            641485       
 NEXT SEEDS:1BE3B145      1C       0       0       0       0   181CD    3039       0       0
   24999992                     8                     8             3.6567066E-04         1.0000000E+30            641485       
 NEXT SEEDS:1BE3B48D      1C       0       0       0       0   181CD    3039       0       0
   24999993                     7                     7             3.6567068E-04         1.0000000E+30            641485       
 NEXT SEEDS:1BE3B9BD      1C       0       0       0       0   181CD    3039       0       0
   24999994                     6                     6             3.6567067E-04         1.0000000E+30            641485       
 NEXT SEEDS:1BE3BC03      1C       0       0       0       0   181CD    3039       0       0
   24999995                     5                     5             3.6567065E-04         1.0000000E+30            641485       
 NEXT SEEDS:1BE3BD58      1C       0       0       0       0   181CD    3039       0       0
   24999996                     4                     4             3.6567068E-04         1.0000000E+30            641485       
 NEXT SEEDS:1BE3C1A3      1C       0       0       0       0   181CD    3039       0       0
   24999997                     3                     3             3.6567066E-04         1.0000000E+30            641485       
 NEXT SEEDS:1BE3CC89      1C       0       0       0       0   181CD    3039       0       0
   24999998                     2                     2             3.6567069E-04         1.0000000E+30            641485       
 NEXT SEEDS:1BE3D20C      1C       0       0       0       0   181CD    3039       0       0
   24999999                     1                     1             3.6567067E-04         1.0000000E+30            641485       
 NEXT SEEDS:1BE3D4A7      1C       0       0       0       0   181CD    3039       0       0
   25000000                     0                     1             3.6567066E-04         1.0000000E+30            641485       
 NEXT SEEDS:1BE3D878      1C       0       0       0       0   181CD    3039       0       0
