1NUMBER OF BEAM       NUMBER OF BEAM        APPROXIMATE NUMBER    AVERAGE TIME USED     TIME LEFT (RESERVED   NUMBER OF STARS
 PARTICLES HANDLED    PARTICLES LEFT        OF BEAM PARTICLES     BY A BEAM PARTICLE     10000.0 SECONDS      CREATED
                                            THAT CAN STILL BE                           FOR PRINTOUT)
                                            HANDLED

 NEXT SEEDS:       0       0       0       0       0       0   181CD    3039       0       0
          1               9999999               9999999             0.0000000E+00         1.0000000E+30                 0       
 NEXT SEEDS:     4A4       0       0       0       0       0   181CD    3039       0       0
     200000               9800000               9800000             5.1470098E-04         1.0000000E+30              7820       
 NEXT SEEDS:1324617C       0       0       0       0       0   181CD    3039       0       0
     400000               9600000               9600000             5.1688075E-04         1.0000000E+30             15626       
 NEXT SEEDS:265D22EB       0       0       0       0       0   181CD    3039       0       0
     600000               9400000               9400000             5.1497049E-04         1.0000000E+30             23357       
 NEXT SEEDS:397EC008       0       0       0       0       0   181CD    3039       0       0
     800000               9200000               9200000             4.9800758E-04         1.0000000E+30             31259       
 NEXT SEEDS:1121F706       1       0       0       0       0   181CD    3039       0       0
    1000000               9000000               9000000             4.7225088E-04         1.0000000E+30             39123       
 NEXT SEEDS:2456DA1B       1       0       0       0       0   181CD    3039       0       0
    1200000               8800000               8800000             4.6976145E-04         1.0000000E+30             46940       
 NEXT SEEDS:37A2BCD3       1       0       0       0       0   181CD    3039       0       0
    1400000               8600000               8600000             4.6076298E-04         1.0000000E+30             54781       
 NEXT SEEDS: F34FFC5       2       0       0       0       0   181CD    3039       0       0
    1600000               8400000               8400000             4.4744453E-04         1.0000000E+30             62555       
 NEXT SEEDS:227CB53D       2       0       0       0       0   181CD    3039       0       0
    1800000               8200000               8200000             4.3727057E-04         1.0000000E+30             70374       
 NEXT SEEDS:35AE1D3F       2       0       0       0       0   181CD    3039       0       0
    2000000               8000000               8000000             4.2978274E-04         1.0000000E+30             78409       
 NEXT SEEDS: D6BBAF7       3       0       0       0       0   181CD    3039       0       0
    2200000               7800000               7800000             4.2417256E-04         1.0000000E+30             86210       
 NEXT SEEDS:20A125B4       3       0       0       0       0   181CD    3039       0       0
    2400000               7600000               7600000             4.1836029E-04         1.0000000E+30             93902       
 NEXT SEEDS:33D0A696       3       0       0       0       0   181CD    3039       0       0
 COUSET, TXYZ:   1.00000000000932      0.872997958407173      0.487723861047978    
    2600000               7400000               7400000             4.1427194E-04         1.0000000E+30            101662       
 NEXT SEEDS: B6E2AB2       4       0       0       0       0   181CD    3039       0       0
 COUSET, TXYZ:  0.999999999987693     -0.644018657139939      0.765009783748585    
    2800000               7200000               7200000             4.2165750E-04         1.0000000E+30            109432       
 NEXT SEEDS:1EA4978B       4       0       0       0       0   181CD    3039       0       0
    3000000               7000000               7000000             4.2791308E-04         1.0000000E+30            117163       
 NEXT SEEDS:31C0FAB8       4       0       0       0       0   181CD    3039       0       0
    3200000               6800000               6800000             4.3008129E-04         1.0000000E+30            124923       
 NEXT SEEDS: 94F5C7A       5       0       0       0       0   181CD    3039       0       0
    3400000               6600000               6600000             4.2547097E-04         1.0000000E+30            132862       
 NEXT SEEDS:1C882BD4       5       0       0       0       0   181CD    3039       0       0
    3600000               6400000               6400000             4.3011786E-04         1.0000000E+30            140683       
 NEXT SEEDS:2FBF50D8       5       0       0       0       0   181CD    3039       0       0
    3800000               6200000               6200000             4.3462919E-04         1.0000000E+30            148438       
 NEXT SEEDS: 74EB2F2       6       0       0       0       0   181CD    3039       0       0
    4000000               6000000               6000000             4.3873605E-04         1.0000000E+30            156304       
 NEXT SEEDS:1A76C3B4       6       0       0       0       0   181CD    3039       0       0
    4200000               5800000               5800000             4.4119885E-04         1.0000000E+30            164097       
 NEXT SEEDS:2D9707D7       6       0       0       0       0   181CD    3039       0       0
    4400000               5600000               5600000             4.4455447E-04         1.0000000E+30            171720       
 NEXT SEEDS: 53D9A59       7       0       0       0       0   181CD    3039       0       0
    4600000               5400000               5400000             4.4730232E-04         1.0000000E+30            179390       
 NEXT SEEDS:185F91A2       7       0       0       0       0   181CD    3039       0       0
    4800000               5200000               5200000             4.4882439E-04         1.0000000E+30            187160       
 NEXT SEEDS:2B9433BB       7       0       0       0       0   181CD    3039       0       0
    5000000               5000000               5000000             4.4968899E-04         1.0000000E+30            195034       
 NEXT SEEDS: 3269955       8       0       0       0       0   181CD    3039       0       0
    5200000               4800000               4800000             4.5097475E-04         1.0000000E+30            202904       
 NEXT SEEDS:16792DE8       8       0       0       0       0   181CD    3039       0       0
    5400000               4600000               4600000             4.5291777E-04         1.0000000E+30            210822       
 NEXT SEEDS:29B9A018       8       0       0       0       0   181CD    3039       0       0
    5600000               4400000               4400000             4.5271792E-04         1.0000000E+30            218684       
 NEXT SEEDS: 1645005       9       0       0       0       0   181CD    3039       0       0
 COUSET, TXYZ:   1.00000000003116     -0.891434894287101      0.453148793785957    
    5800000               4200000               4200000             4.5466336E-04         1.0000000E+30            226495       
 NEXT SEEDS:14975116       9       0       0       0       0   181CD    3039       0       0
    6000000               4000000               4000000             4.5678351E-04         1.0000000E+30            234277       
 NEXT SEEDS:27CC2B32       9       0       0       0       0   181CD    3039       0       0
    6200000               3800000               3800000             4.5954773E-04         1.0000000E+30            242192       
 NEXT SEEDS:3B0C21C4       9       0       0       0       0   181CD    3039       0       0
    6400000               3600000               3600000             4.5967661E-04         1.0000000E+30            249769       
 NEXT SEEDS:12835196       A       0       0       0       0   181CD    3039       0       0
    6600000               3400000               3400000             4.6322893E-04         1.0000000E+30            257675       
 NEXT SEEDS:25B91704       A       0       0       0       0   181CD    3039       0       0
    6800000               3200000               3200000             4.6759103E-04         1.0000000E+30            265384       
 NEXT SEEDS:38D82767       A       0       0       0       0   181CD    3039       0       0
    7000000               3000000               3000000             4.7075005E-04         1.0000000E+30            273196       
 NEXT SEEDS:108325BB       B       0       0       0       0   181CD    3039       0       0
    7200000               2800000               2800000             4.7376704E-04         1.0000000E+30            280941       
 NEXT SEEDS:23E990A2       B       0       0       0       0   181CD    3039       0       0
    7400000               2600000               2600000             4.7653860E-04         1.0000000E+30            288563       
 NEXT SEEDS:3700B895       B       0       0       0       0   181CD    3039       0       0
    7600000               2400000               2400000             4.7919605E-04         1.0000000E+30            296317       
 NEXT SEEDS: E8E446D       C       0       0       0       0   181CD    3039       0       0
    7800000               2200000               2200000             4.8129283E-04         1.0000000E+30            304043       
 NEXT SEEDS:21B56EE0       C       0       0       0       0   181CD    3039       0       0
    8000000               2000000               2000000             4.8406367E-04         1.0000000E+30            311895       
 NEXT SEEDS:34D9629F       C       0       0       0       0   181CD    3039       0       0
    8200000               1800000               1800000             4.8684206E-04         1.0000000E+30            319790       
 NEXT SEEDS: C7056F1       D       0       0       0       0   181CD    3039       0       0
    8400000               1600000               1600000             4.9172408E-04         1.0000000E+30            327551       
 NEXT SEEDS:1F9E2512       D       0       0       0       0   181CD    3039       0       0
    8600000               1400000               1400000             4.9553335E-04         1.0000000E+30            335302       
 NEXT SEEDS:32D17627       D       0       0       0       0   181CD    3039       0       0
    8800000               1200000               1200000             5.0173194E-04         1.0000000E+30            342986       
 NEXT SEEDS: A65387F       E       0       0       0       0   181CD    3039       0       0
    9000000               1000000               1000000             5.0920989E-04         1.0000000E+30            350875       
 NEXT SEEDS:1DAD75F2       E       0       0       0       0   181CD    3039       0       0
    9200000                800000                800000             5.1352347E-04         1.0000000E+30            358736       
 NEXT SEEDS:30E43C39       E       0       0       0       0   181CD    3039       0       0
    9400000                600000                600000             5.1865046E-04         1.0000000E+30            366639       
 NEXT SEEDS: 877BBEA       F       0       0       0       0   181CD    3039       0       0
    9600000                400000                400000             5.2372883E-04         1.0000000E+30            374498       
 NEXT SEEDS:1BAA85C5       F       0       0       0       0   181CD    3039       0       0
    9800000                200000                200000             5.2650977E-04         1.0000000E+30            382424       
 NEXT SEEDS:2EDE8F3D       F       0       0       0       0   181CD    3039       0       0
    9999950                    50                    50             5.2760883E-04         1.0000000E+30            390227       
 NEXT SEEDS: 680660D      10       0       0       0       0   181CD    3039       0       0
    9999951                    49                    49             5.2760882E-04         1.0000000E+30            390227       
 NEXT SEEDS: 6806E1F      10       0       0       0       0   181CD    3039       0       0
    9999952                    48                    48             5.2760882E-04         1.0000000E+30            390227       
 NEXT SEEDS: 6807793      10       0       0       0       0   181CD    3039       0       0
    9999953                    47                    47             5.2760881E-04         1.0000000E+30            390227       
 NEXT SEEDS: 6807BBC      10       0       0       0       0   181CD    3039       0       0
    9999954                    46                    46             5.2760881E-04         1.0000000E+30            390227       
 NEXT SEEDS: 6808430      10       0       0       0       0   181CD    3039       0       0
    9999955                    45                    45             5.2760881E-04         1.0000000E+30            390227       
 NEXT SEEDS: 6808C76      10       0       0       0       0   181CD    3039       0       0
    9999956                    44                    44             5.2760880E-04         1.0000000E+30            390227       
 NEXT SEEDS: 6809456      10       0       0       0       0   181CD    3039       0       0
    9999957                    43                    43             5.2760880E-04         1.0000000E+30            390227       
 NEXT SEEDS: 6809AD3      10       0       0       0       0   181CD    3039       0       0
    9999958                    42                    42             5.2760880E-04         1.0000000E+30            390227       
 NEXT SEEDS: 6809FF5      10       0       0       0       0   181CD    3039       0       0
    9999959                    41                    41             5.2760879E-04         1.0000000E+30            390227       
 NEXT SEEDS: 680A400      10       0       0       0       0   181CD    3039       0       0
    9999960                    40                    40             5.2760874E-04         1.0000000E+30            390227       
 NEXT SEEDS: 680AB08      10       0       0       0       0   181CD    3039       0       0
    9999961                    39                    39             5.2760873E-04         1.0000000E+30            390227       
 NEXT SEEDS: 680AE22      10       0       0       0       0   181CD    3039       0       0
    9999962                    38                    38             5.2760873E-04         1.0000000E+30            390227       
 NEXT SEEDS: 680B1BB      10       0       0       0       0   181CD    3039       0       0
    9999963                    37                    37             5.2760868E-04         1.0000000E+30            390227       
 NEXT SEEDS: 680B834      10       0       0       0       0   181CD    3039       0       0
    9999964                    36                    36             5.2760867E-04         1.0000000E+30            390227       
 NEXT SEEDS: 680BF5D      10       0       0       0       0   181CD    3039       0       0
    9999965                    35                    35             5.2760867E-04         1.0000000E+30            390227       
 NEXT SEEDS: 680BFFD      10       0       0       0       0   181CD    3039       0       0
    9999966                    34                    34             5.2760867E-04         1.0000000E+30            390227       
 NEXT SEEDS: 680C5A8      10       0       0       0       0   181CD    3039       0       0
    9999967                    33                    33             5.2760861E-04         1.0000000E+30            390227       
 NEXT SEEDS: 680CA49      10       0       0       0       0   181CD    3039       0       0
    9999968                    32                    32             5.2760861E-04         1.0000000E+30            390227       
 NEXT SEEDS: 680CF1A      10       0       0       0       0   181CD    3039       0       0
    9999969                    31                    31             5.2760861E-04         1.0000000E+30            390227       
 NEXT SEEDS: 680D52E      10       0       0       0       0   181CD    3039       0       0
    9999970                    30                    30             5.2760855E-04         1.0000000E+30            390227       
 NEXT SEEDS: 680D826      10       0       0       0       0   181CD    3039       0       0
    9999971                    29                    29             5.2760855E-04         1.0000000E+30            390227       
 NEXT SEEDS: 680DB9B      10       0       0       0       0   181CD    3039       0       0
    9999972                    28                    28             5.2760854E-04         1.0000000E+30            390227       
 NEXT SEEDS: 680DDE2      10       0       0       0       0   181CD    3039       0       0
    9999973                    27                    27             5.2760854E-04         1.0000000E+30            390228       
 NEXT SEEDS: 680EA3B      10       0       0       0       0   181CD    3039       0       0
    9999974                    26                    26             5.2760854E-04         1.0000000E+30            390228       
 NEXT SEEDS: 680EF44      10       0       0       0       0   181CD    3039       0       0
    9999975                    25                    25             5.2760853E-04         1.0000000E+30            390228       
 NEXT SEEDS: 680F59C      10       0       0       0       0   181CD    3039       0       0
    9999976                    24                    24             5.2760853E-04         1.0000000E+30            390228       
 NEXT SEEDS: 680FBEA      10       0       0       0       0   181CD    3039       0       0
    9999977                    23                    23             5.2760848E-04         1.0000000E+30            390228       
 NEXT SEEDS: 680FDC6      10       0       0       0       0   181CD    3039       0       0
    9999978                    22                    22             5.2760847E-04         1.0000000E+30            390228       
 NEXT SEEDS: 6810135      10       0       0       0       0   181CD    3039       0       0
    9999979                    21                    21             5.2760847E-04         1.0000000E+30            390228       
 NEXT SEEDS: 68105AD      10       0       0       0       0   181CD    3039       0       0
    9999980                    20                    20             5.2760842E-04         1.0000000E+30            390228       
 NEXT SEEDS: 681091A      10       0       0       0       0   181CD    3039       0       0
    9999981                    19                    19             5.2760841E-04         1.0000000E+30            390228       
 NEXT SEEDS: 6810BC9      10       0       0       0       0   181CD    3039       0       0
    9999982                    18                    18             5.2760841E-04         1.0000000E+30            390228       
 NEXT SEEDS: 6811254      10       0       0       0       0   181CD    3039       0       0
    9999983                    17                    17             5.2760840E-04         1.0000000E+30            390228       
 NEXT SEEDS: 6811D80      10       0       0       0       0   181CD    3039       0       0
    9999984                    16                    16             5.2760840E-04         1.0000000E+30            390228       
 NEXT SEEDS: 6812678      10       0       0       0       0   181CD    3039       0       0
    9999985                    15                    15             5.2760840E-04         1.0000000E+30            390228       
 NEXT SEEDS: 6812BCE      10       0       0       0       0   181CD    3039       0       0
    9999986                    14                    14             5.2760834E-04         1.0000000E+30            390228       
 NEXT SEEDS: 6812DDA      10       0       0       0       0   181CD    3039       0       0
    9999987                    13                    13             5.2760834E-04         1.0000000E+30            390228       
 NEXT SEEDS: 6813370      10       0       0       0       0   181CD    3039       0       0
    9999988                    12                    12             5.2760834E-04         1.0000000E+30            390228       
 NEXT SEEDS: 6813CDA      10       0       0       0       0   181CD    3039       0       0
    9999989                    11                    11             5.2760833E-04         1.0000000E+30            390228       
 NEXT SEEDS: 68143A3      10       0       0       0       0   181CD    3039       0       0
    9999990                    10                    10             5.2760833E-04         1.0000000E+30            390228       
 NEXT SEEDS: 6814634      10       0       0       0       0   181CD    3039       0       0
    9999991                     9                     9             5.2760827E-04         1.0000000E+30            390228       
 NEXT SEEDS: 6814877      10       0       0       0       0   181CD    3039       0       0
    9999992                     8                     8             5.2760827E-04         1.0000000E+30            390228       
 NEXT SEEDS: 6814F12      10       0       0       0       0   181CD    3039       0       0
    9999993                     7                     7             5.2760827E-04         1.0000000E+30            390228       
 NEXT SEEDS: 68155AA      10       0       0       0       0   181CD    3039       0       0
    9999994                     6                     6             5.2760826E-04         1.0000000E+30            390228       
 NEXT SEEDS: 6815E11      10       0       0       0       0   181CD    3039       0       0
    9999995                     5                     5             5.2760826E-04         1.0000000E+30            390228       
 NEXT SEEDS: 681646E      10       0       0       0       0   181CD    3039       0       0
    9999996                     4                     4             5.2760821E-04         1.0000000E+30            390228       
 NEXT SEEDS: 68168BE      10       0       0       0       0   181CD    3039       0       0
    9999997                     3                     3             5.2760825E-04         1.0000000E+30            390228       
 NEXT SEEDS: 6817182      10       0       0       0       0   181CD    3039       0       0
    9999998                     2                     2             5.2760820E-04         1.0000000E+30            390228       
 NEXT SEEDS: 6817307      10       0       0       0       0   181CD    3039       0       0
    9999999                     1                     1             5.2760819E-04         1.0000000E+30            390228       
 NEXT SEEDS: 6817B9E      10       0       0       0       0   181CD    3039       0       0
   10000000                     0                     1             5.2760819E-04         1.0000000E+30            390228       
 NEXT SEEDS: 6817FB7      10       0       0       0       0   181CD    3039       0       0
