1NUMBER OF BEAM       NUMBER OF BEAM        APPROXIMATE NUMBER    AVERAGE TIME USED     TIME LEFT (RESERVED   NUMBER OF STARS
 PARTICLES HANDLED    PARTICLES LEFT        OF BEAM PARTICLES     BY A BEAM PARTICLE     10000.0 SECONDS      CREATED
                                            THAT CAN STILL BE                           FOR PRINTOUT)
                                            HANDLED

 NEXT SEEDS:       0       0       0       0       0       0   181CD    3039       0       0
          1               9999999               9999999             1.9621849E-03         1.0000000E+30                 1       
 NEXT SEEDS:    15B5       0       0       0       0       0   181CD    3039       0       0
 COUSET, TXYZ:  0.999999999994530     -0.146623474220174      0.989192376030398    
     200000               9800000               9800000             5.4275939E-04         1.0000000E+30             17100       
 NEXT SEEDS:18F9EE4F       0       0       0       0       0   181CD    3039       0       0
     400000               9600000               9600000             5.3916544E-04         1.0000000E+30             33952       
 NEXT SEEDS:31C82098       0       0       0       0       0   181CD    3039       0       0
     600000               9400000               9400000             5.3929404E-04         1.0000000E+30             51196       
 NEXT SEEDS: F2D0E2E       1       0       0       0       0   181CD    3039       0       0
     800000               9200000               9200000             5.3801480E-04         1.0000000E+30             68468       
 NEXT SEEDS:283FED5E       1       0       0       0       0   181CD    3039       0       0
    1000000               9000000               9000000             5.3786515E-04         1.0000000E+30             85682       
 NEXT SEEDS: 5BC4FAB       2       0       0       0       0   181CD    3039       0       0
    1200000               8800000               8800000             5.3583046E-04         1.0000000E+30            102747       
 NEXT SEEDS:1E9EE089       2       0       0       0       0   181CD    3039       0       0
    1400000               8600000               8600000             5.3549310E-04         1.0000000E+30            120081       
 NEXT SEEDS:37A6A5A1       2       0       0       0       0   181CD    3039       0       0
 COUSET, TXYZ:  0.999999999950854     -0.977291609235447      0.211898821185247    
    1600000               8400000               8400000             5.3640547E-04         1.0000000E+30            137101       
 NEXT SEEDS:14FEF8AD       3       0       0       0       0   181CD    3039       0       0
    1800000               8200000               8200000             5.3634018E-04         1.0000000E+30            154237       
 NEXT SEEDS:2DEFAC3D       3       0       0       0       0   181CD    3039       0       0
    2000000               8000000               8000000             5.3765673E-04         1.0000000E+30            171700       
 NEXT SEEDS: B78D9D7       4       0       0       0       0   181CD    3039       0       0
    2200000               7800000               7800000             5.3844476E-04         1.0000000E+30            189082       
 NEXT SEEDS:24925D07       4       0       0       0       0   181CD    3039       0       0
    2400000               7600000               7600000             5.3868743E-04         1.0000000E+30            206259       
 NEXT SEEDS: 1FBA196       5       0       0       0       0   181CD    3039       0       0
    2600000               7400000               7400000             5.3892887E-04         1.0000000E+30            223435       
 NEXT SEEDS:1B0114BC       5       0       0       0       0   181CD    3039       0       0
    2800000               7200000               7200000             5.3902622E-04         1.0000000E+30            240504       
 NEXT SEEDS:33F55E54       5       0       0       0       0   181CD    3039       0       0
    3000000               7000000               7000000             5.3945401E-04         1.0000000E+30            258024       
 NEXT SEEDS:119019EE       6       0       0       0       0   181CD    3039       0       0
    3200000               6800000               6800000             5.4035350E-04         1.0000000E+30            275357       
 NEXT SEEDS:2AAA561C       6       0       0       0       0   181CD    3039       0       0
    3400000               6600000               6600000             5.4031533E-04         1.0000000E+30            292314       
 NEXT SEEDS: 7F3EEEC       7       0       0       0       0   181CD    3039       0       0
    3600000               6400000               6400000             5.4070529E-04         1.0000000E+30            309432       
 NEXT SEEDS:20EEADDC       7       0       0       0       0   181CD    3039       0       0
    3800000               6200000               6200000             5.4075310E-04         1.0000000E+30            326460       
 NEXT SEEDS:39E5C806       7       0       0       0       0   181CD    3039       0       0
    4000000               6000000               6000000             5.4067516E-04         1.0000000E+30            343671       
 NEXT SEEDS:1745A560       8       0       0       0       0   181CD    3039       0       0
 COUSET, TXYZ:  0.999999999988906     -0.535044289423271      0.844824010272766    
    4200000               5800000               5800000             5.4079682E-04         1.0000000E+30            361018       
 NEXT SEEDS:305D0A65       8       0       0       0       0   181CD    3039       0       0
    4400000               5600000               5600000             5.4100619E-04         1.0000000E+30            378278       
 NEXT SEEDS: DC85120       9       0       0       0       0   181CD    3039       0       0
    4600000               5400000               5400000             5.4120127E-04         1.0000000E+30            395608       
 NEXT SEEDS:26D71D1A       9       0       0       0       0   181CD    3039       0       0
    4800000               5200000               5200000             5.4132664E-04         1.0000000E+30            413036       
 NEXT SEEDS: 45B3AE6       A       0       0       0       0   181CD    3039       0       0
    5000000               5000000               5000000             5.4129174E-04         1.0000000E+30            430051       
 NEXT SEEDS:1D42224A       A       0       0       0       0   181CD    3039       0       0
    5200000               4800000               4800000             5.4139362E-04         1.0000000E+30            447282       
 NEXT SEEDS:364CCD77       A       0       0       0       0   181CD    3039       0       0
    5400000               4600000               4600000             5.4146348E-04         1.0000000E+30            464481       
 NEXT SEEDS:13B762EE       B       0       0       0       0   181CD    3039       0       0
    5600000               4400000               4400000             5.4121987E-04         1.0000000E+30            481574       
 NEXT SEEDS:2CBB514B       B       0       0       0       0   181CD    3039       0       0
    5800000               4200000               4200000             5.4096961E-04         1.0000000E+30            498561       
 NEXT SEEDS: A046171       C       0       0       0       0   181CD    3039       0       0
    6000000               4000000               4000000             5.4107865E-04         1.0000000E+30            515809       
 NEXT SEEDS:23021E9A       C       0       0       0       0   181CD    3039       0       0
    6200000               3800000               3800000             5.4117538E-04         1.0000000E+30            533119       
 NEXT SEEDS:  741713       D       0       0       0       0   181CD    3039       0       0
    6400000               3600000               3600000             5.4118160E-04         1.0000000E+30            550219       
 NEXT SEEDS:19792526       D       0       0       0       0   181CD    3039       0       0
    6600000               3400000               3400000             5.4117894E-04         1.0000000E+30            567395       
 NEXT SEEDS:327BC1A2       D       0       0       0       0   181CD    3039       0       0
    6800000               3200000               3200000             5.4116763E-04         1.0000000E+30            584490       
 NEXT SEEDS: FE3E0A8       E       0       0       0       0   181CD    3039       0       0
    7000000               3000000               3000000             5.4123388E-04         1.0000000E+30            601799       
 NEXT SEEDS:28ED0E61       E       0       0       0       0   181CD    3039       0       0
    7200000               2800000               2800000             5.4128791E-04         1.0000000E+30            618940       
 NEXT SEEDS: 65A3273       F       0       0       0       0   181CD    3039       0       0
    7400000               2600000               2600000             5.4134148E-04         1.0000000E+30            636105       
 NEXT SEEDS:1F5BB259       F       0       0       0       0   181CD    3039       0       0
    7600000               2400000               2400000             5.4134071E-04         1.0000000E+30            653564       
 NEXT SEEDS:386755DD       F       0       0       0       0   181CD    3039       0       0
    7800000               2200000               2200000             5.4140161E-04         1.0000000E+30            670818       
 NEXT SEEDS:15CF4B11      10       0       0       0       0   181CD    3039       0       0
    8000000               2000000               2000000             5.4134759E-04         1.0000000E+30            687916       
 NEXT SEEDS:2EB93AE4      10       0       0       0       0   181CD    3039       0       0
    8200000               1800000               1800000             5.4140863E-04         1.0000000E+30            705162       
 NEXT SEEDS: C213DE7      11       0       0       0       0   181CD    3039       0       0
    8400000               1600000               1600000             5.4135597E-04         1.0000000E+30            722485       
 NEXT SEEDS:25316F1C      11       0       0       0       0   181CD    3039       0       0
    8600000               1400000               1400000             5.4136349E-04         1.0000000E+30            739710       
 NEXT SEEDS: 28FE3FE      12       0       0       0       0   181CD    3039       0       0
    8800000               1200000               1200000             5.4147605E-04         1.0000000E+30            756858       
 NEXT SEEDS:1B9D10BB      12       0       0       0       0   181CD    3039       0       0
    9000000               1000000               1000000             5.4152669E-04         1.0000000E+30            774143       
 NEXT SEEDS:34A47EF7      12       0       0       0       0   181CD    3039       0       0
    9200000                800000                800000             5.4157529E-04         1.0000000E+30            791396       
 NEXT SEEDS:11FB0EF0      13       0       0       0       0   181CD    3039       0       0
    9400000                600000                600000             5.4152198E-04         1.0000000E+30            808371       
 NEXT SEEDS:2ADE8D3E      13       0       0       0       0   181CD    3039       0       0
    9600000                400000                400000             5.4149612E-04         1.0000000E+30            825252       
 NEXT SEEDS: 82472E4      14       0       0       0       0   181CD    3039       0       0
    9800000                200000                200000             5.4154720E-04         1.0000000E+30            842422       
 NEXT SEEDS:212B4D20      14       0       0       0       0   181CD    3039       0       0
    9999950                    50                    50             5.4160173E-04         1.0000000E+30            859730       
 NEXT SEEDS:3A4565AB      14       0       0       0       0   181CD    3039       0       0
    9999951                    49                    49             5.4160177E-04         1.0000000E+30            859730       
 NEXT SEEDS:3A456D5C      14       0       0       0       0   181CD    3039       0       0
    9999952                    48                    48             5.4160177E-04         1.0000000E+30            859730       
 NEXT SEEDS:3A4571E6      14       0       0       0       0   181CD    3039       0       0
    9999953                    47                    47             5.4160201E-04         1.0000000E+30            859731       
 NEXT SEEDS:3A45A4A3      14       0       0       0       0   181CD    3039       0       0
    9999954                    46                    46             5.4160215E-04         1.0000000E+30            859731       
 NEXT SEEDS:3A45B93F      14       0       0       0       0   181CD    3039       0       0
    9999955                    45                    45             5.4160214E-04         1.0000000E+30            859731       
 NEXT SEEDS:3A45BEB5      14       0       0       0       0   181CD    3039       0       0
    9999956                    44                    44             5.4160214E-04         1.0000000E+30            859731       
 NEXT SEEDS:3A45C244      14       0       0       0       0   181CD    3039       0       0
    9999957                    43                    43             5.4160213E-04         1.0000000E+30            859731       
 NEXT SEEDS:3A45CA47      14       0       0       0       0   181CD    3039       0       0
    9999958                    42                    42             5.4160213E-04         1.0000000E+30            859731       
 NEXT SEEDS:3A45D0C4      14       0       0       0       0   181CD    3039       0       0
    9999959                    41                    41             5.4160217E-04         1.0000000E+30            859731       
 NEXT SEEDS:3A45D578      14       0       0       0       0   181CD    3039       0       0
    9999960                    40                    40             5.4160212E-04         1.0000000E+30            859731       
 NEXT SEEDS:3A45D9FC      14       0       0       0       0   181CD    3039       0       0
    9999961                    39                    39             5.4160221E-04         1.0000000E+30            859732       
 NEXT SEEDS:3A45EEB8      14       0       0       0       0   181CD    3039       0       0
    9999962                    38                    38             5.4160220E-04         1.0000000E+30            859732       
 NEXT SEEDS:3A45F3B0      14       0       0       0       0   181CD    3039       0       0
    9999963                    37                    37             5.4160220E-04         1.0000000E+30            859732       
 NEXT SEEDS:3A45FA32      14       0       0       0       0   181CD    3039       0       0
    9999964                    36                    36             5.4160219E-04         1.0000000E+30            859732       
 NEXT SEEDS:3A45FD60      14       0       0       0       0   181CD    3039       0       0
    9999965                    35                    35             5.4160223E-04         1.0000000E+30            859732       
 NEXT SEEDS:3A460364      14       0       0       0       0   181CD    3039       0       0
    9999966                    34                    34             5.4160223E-04         1.0000000E+30            859732       
 NEXT SEEDS:3A460853      14       0       0       0       0   181CD    3039       0       0
    9999967                    33                    33             5.4160218E-04         1.0000000E+30            859732       
 NEXT SEEDS:3A460C42      14       0       0       0       0   181CD    3039       0       0
    9999968                    32                    32             5.4160222E-04         1.0000000E+30            859732       
 NEXT SEEDS:3A461152      14       0       0       0       0   181CD    3039       0       0
    9999969                    31                    31             5.4160246E-04         1.0000000E+30            859733       
 NEXT SEEDS:3A464063      14       0       0       0       0   181CD    3039       0       0
    9999970                    30                    30             5.4160245E-04         1.0000000E+30            859733       
 NEXT SEEDS:3A464491      14       0       0       0       0   181CD    3039       0       0
    9999971                    29                    29             5.4160245E-04         1.0000000E+30            859733       
 NEXT SEEDS:3A464915      14       0       0       0       0   181CD    3039       0       0
    9999972                    28                    28             5.4160244E-04         1.0000000E+30            859733       
 NEXT SEEDS:3A464E01      14       0       0       0       0   181CD    3039       0       0
    9999973                    27                    27             5.4160244E-04         1.0000000E+30            859733       
 NEXT SEEDS:3A465433      14       0       0       0       0   181CD    3039       0       0
    9999974                    26                    26             5.4160243E-04         1.0000000E+30            859733       
 NEXT SEEDS:3A465844      14       0       0       0       0   181CD    3039       0       0
    9999975                    25                    25             5.4160243E-04         1.0000000E+30            859733       
 NEXT SEEDS:3A465DD1      14       0       0       0       0   181CD    3039       0       0
    9999976                    24                    24             5.4160242E-04         1.0000000E+30            859733       
 NEXT SEEDS:3A466359      14       0       0       0       0   181CD    3039       0       0
    9999977                    23                    23             5.4160246E-04         1.0000000E+30            859733       
 NEXT SEEDS:3A4667D1      14       0       0       0       0   181CD    3039       0       0
    9999978                    22                    22             5.4160246E-04         1.0000000E+30            859733       
 NEXT SEEDS:3A466CB3      14       0       0       0       0   181CD    3039       0       0
    9999979                    21                    21             5.4160245E-04         1.0000000E+30            859733       
 NEXT SEEDS:3A4672CC      14       0       0       0       0   181CD    3039       0       0
    9999980                    20                    20             5.4160245E-04         1.0000000E+30            859733       
 NEXT SEEDS:3A46777B      14       0       0       0       0   181CD    3039       0       0
    9999981                    19                    19             5.4160244E-04         1.0000000E+30            859733       
 NEXT SEEDS:3A467C3A      14       0       0       0       0   181CD    3039       0       0
    9999982                    18                    18             5.4160244E-04         1.0000000E+30            859733       
 NEXT SEEDS:3A467F87      14       0       0       0       0   181CD    3039       0       0
    9999983                    17                    17             5.4160243E-04         1.0000000E+30            859733       
 NEXT SEEDS:3A468552      14       0       0       0       0   181CD    3039       0       0
    9999984                    16                    16             5.4160243E-04         1.0000000E+30            859733       
 NEXT SEEDS:3A468B6E      14       0       0       0       0   181CD    3039       0       0
    9999985                    15                    15             5.4160237E-04         1.0000000E+30            859733       
 NEXT SEEDS:3A4692BA      14       0       0       0       0   181CD    3039       0       0
    9999986                    14                    14             5.4160232E-04         1.0000000E+30            859734       
 NEXT SEEDS:3A46BE63      14       0       0       0       0   181CD    3039       0       0
    9999987                    13                    13             5.4160251E-04         1.0000000E+30            859735       
 NEXT SEEDS:3A46E764      14       0       0       0       0   181CD    3039       0       0
    9999988                    12                    12             5.4160255E-04         1.0000000E+30            859735       
 NEXT SEEDS:3A46ED3D      14       0       0       0       0   181CD    3039       0       0
    9999989                    11                    11             5.4160255E-04         1.0000000E+30            859735       
 NEXT SEEDS:3A46F21B      14       0       0       0       0   181CD    3039       0       0
    9999990                    10                    10             5.4160254E-04         1.0000000E+30            859735       
 NEXT SEEDS:3A46F85F      14       0       0       0       0   181CD    3039       0       0
    9999991                     9                     9             5.4160254E-04         1.0000000E+30            859735       
 NEXT SEEDS:3A46FE53      14       0       0       0       0   181CD    3039       0       0
    9999992                     8                     8             5.4160253E-04         1.0000000E+30            859735       
 NEXT SEEDS:3A470230      14       0       0       0       0   181CD    3039       0       0
    9999993                     7                     7             5.4160257E-04         1.0000000E+30            859735       
 NEXT SEEDS:3A4708DF      14       0       0       0       0   181CD    3039       0       0
    9999994                     6                     6             5.4160252E-04         1.0000000E+30            859735       
 NEXT SEEDS:3A470C4E      14       0       0       0       0   181CD    3039       0       0
    9999995                     5                     5             5.4160256E-04         1.0000000E+30            859735       
 NEXT SEEDS:3A4712A8      14       0       0       0       0   181CD    3039       0       0
    9999996                     4                     4             5.4160256E-04         1.0000000E+30            859735       
 NEXT SEEDS:3A471726      14       0       0       0       0   181CD    3039       0       0
    9999997                     3                     3             5.4160255E-04         1.0000000E+30            859735       
 NEXT SEEDS:3A471BCE      14       0       0       0       0   181CD    3039       0       0
    9999998                     2                     2             5.4160260E-04         1.0000000E+30            859735       
 NEXT SEEDS:3A472722      14       0       0       0       0   181CD    3039       0       0
    9999999                     1                     1             5.4160264E-04         1.0000000E+30            859735       
 NEXT SEEDS:3A472E4A      14       0       0       0       0   181CD    3039       0       0
   10000000                     0                     1             5.4160278E-04         1.0000000E+30            859736       
 NEXT SEEDS:3A474AB0      14       0       0       0       0   181CD    3039       0       0
