1NUMBER OF BEAM       NUMBER OF BEAM        APPROXIMATE NUMBER    AVERAGE TIME USED     TIME LEFT (RESERVED   NUMBER OF STARS
 PARTICLES HANDLED    PARTICLES LEFT        OF BEAM PARTICLES     BY A BEAM PARTICLE     10000.0 SECONDS      CREATED
                                            THAT CAN STILL BE                           FOR PRINTOUT)
                                            HANDLED

 NEXT SEEDS:       0       0       0       0       0       0   181CD    3039       0       0
          1              49999999              49999999             1.5997887E-04         1.0000000E+30                 0       
 NEXT SEEDS:     134       0       0       0       0       0   181CD    3039       0       0
    1000000              49000000              49000000             9.6669402E-05         1.0000000E+30             12639       
 NEXT SEEDS:24A75777       0       0       0       0       0   181CD    3039       0       0
    2000000              48000000              48000000             9.6589176E-05         1.0000000E+30             25299       
 NEXT SEEDS: DAADC1F       1       0       0       0       0   181CD    3039       0       0
    3000000              47000000              47000000             9.6541170E-05         1.0000000E+30             37896       
 NEXT SEEDS:324204A9       1       0       0       0       0   181CD    3039       0       0
 COUSET, TXYZ:   1.00000000000666      0.988667302854354      0.150123163702393    
    4000000              46000000              46000000             9.6642282E-05         1.0000000E+30             50761       
 NEXT SEEDS:1B56F320       2       0       0       0       0   181CD    3039       0       0
 COUSET, TXYZ:  0.999999999993268      7.384863962331065E-02  0.997269461285325    
    5000000              45000000              45000000             9.6596638E-05         1.0000000E+30             63477       
 NEXT SEEDS: 43F1C15       3       0       0       0       0   181CD    3039       0       0
    6000000              44000000              44000000             9.6588736E-05         1.0000000E+30             76230       
 NEXT SEEDS:28D18402       3       0       0       0       0   181CD    3039       0       0
    7000000              43000000              43000000             9.6551035E-05         1.0000000E+30             88720       
 NEXT SEEDS:11C6E906       4       0       0       0       0   181CD    3039       0       0
    8000000              42000000              42000000             9.6539697E-05         1.0000000E+30            101352       
 NEXT SEEDS:3660D5C2       4       0       0       0       0   181CD    3039       0       0
    9000000              41000000              41000000             9.6579604E-05         1.0000000E+30            114179       
 NEXT SEEDS:1F7A8203       5       0       0       0       0   181CD    3039       0       0
   10000000              40000000              40000000             9.6580744E-05         1.0000000E+30            126669       
 NEXT SEEDS: 8718381       6       0       0       0       0   181CD    3039       0       0
   11000000              39000000              39000000             9.6572516E-05         1.0000000E+30            139243       
 NEXT SEEDS:2D0037D2       6       0       0       0       0   181CD    3039       0       0
   12000000              38000000              38000000             9.6572943E-05         1.0000000E+30            151926       
 NEXT SEEDS:15F4F44B       7       0       0       0       0   181CD    3039       0       0
   13000000              37000000              37000000             9.6542608E-05         1.0000000E+30            164431       
 NEXT SEEDS:3A71CAD3       7       0       0       0       0   181CD    3039       0       0
   14000000              36000000              36000000             9.6553463E-05         1.0000000E+30            177210       
 NEXT SEEDS:23748140       8       0       0       0       0   181CD    3039       0       0
   15000000              35000000              35000000             9.6558362E-05         1.0000000E+30            189859       
 NEXT SEEDS: C635FA0       9       0       0       0       0   181CD    3039       0       0
   16000000              34000000              34000000             9.6572758E-05         1.0000000E+30            202669       
 NEXT SEEDS:3103CA9E       9       0       0       0       0   181CD    3039       0       0
   17000000              33000000              33000000             9.6582868E-05         1.0000000E+30            215367       
 NEXT SEEDS:1A0E81D6       A       0       0       0       0   181CD    3039       0       0
 COUSET, TXYZ:   1.00000000000551      0.559162258828815      0.829058241809634    
   18000000              32000000              32000000             9.6591991E-05         1.0000000E+30            227761       
 NEXT SEEDS: 2F7DAF1       B       0       0       0       0   181CD    3039       0       0
   19000000              31000000              31000000             9.6593169E-05         1.0000000E+30            240304       
 NEXT SEEDS:2786DF34       B       0       0       0       0   181CD    3039       0       0
   20000000              30000000              30000000             9.6603098E-05         1.0000000E+30            253036       
 NEXT SEEDS:1084379A       C       0       0       0       0   181CD    3039       0       0
   21000000              29000000              29000000             9.6608942E-05         1.0000000E+30            265606       
 NEXT SEEDS:351D49CF       C       0       0       0       0   181CD    3039       0       0
   22000000              28000000              28000000             9.6609506E-05         1.0000000E+30            278170       
 NEXT SEEDS:1E1ABB6E       D       0       0       0       0   181CD    3039       0       0
   23000000              27000000              27000000             9.6607324E-05         1.0000000E+30            290926       
 NEXT SEEDS: 70FAB26       E       0       0       0       0   181CD    3039       0       0
   24000000              26000000              26000000             9.6608355E-05         1.0000000E+30            303606       
 NEXT SEEDS:2BAF4B46       E       0       0       0       0   181CD    3039       0       0
   25000000              25000000              25000000             9.6613679E-05         1.0000000E+30            316415       
 NEXT SEEDS:14C36527       F       0       0       0       0   181CD    3039       0       0
   26000000              24000000              24000000             9.6609579E-05         1.0000000E+30            328995       
 NEXT SEEDS:394861C6       F       0       0       0       0   181CD    3039       0       0
   27000000              23000000              23000000             9.6611597E-05         1.0000000E+30            341717       
 NEXT SEEDS:223CD832      10       0       0       0       0   181CD    3039       0       0
   28000000              22000000              22000000             9.6611588E-05         1.0000000E+30            354328       
 NEXT SEEDS: B3B69A9      11       0       0       0       0   181CD    3039       0       0
   29000000              21000000              21000000             9.6610139E-05         1.0000000E+30            366883       
 NEXT SEEDS:2FD0ADAD      11       0       0       0       0   181CD    3039       0       0
 COUSET, TXYZ:  0.999999999992039      0.631794975131069      0.775135542588011    
   30000000              20000000              20000000             9.6604474E-05         1.0000000E+30            379575       
 NEXT SEEDS:18D5891A      12       0       0       0       0   181CD    3039       0       0
   31000000              19000000              19000000             9.6607625E-05         1.0000000E+30            392315       
 NEXT SEEDS: 1CEC32E      13       0       0       0       0   181CD    3039       0       0
   32000000              18000000              18000000             9.6611105E-05         1.0000000E+30            405123       
 NEXT SEEDS:2685C834      13       0       0       0       0   181CD    3039       0       0
 COUSET, TXYZ:  0.999999999994502      0.474538077687195      0.880234975909243    
   33000000              17000000              17000000             9.6602952E-05         1.0000000E+30            417548       
 NEXT SEEDS: F69B9C9      14       0       0       0       0   181CD    3039       0       0
   34000000              16000000              16000000             9.6601101E-05         1.0000000E+30            430274       
 NEXT SEEDS:33EF23A1      14       0       0       0       0   181CD    3039       0       0
   35000000              15000000              15000000             9.6597201E-05         1.0000000E+30            442925       
 NEXT SEEDS:1CDF4F84      15       0       0       0       0   181CD    3039       0       0
   36000000              14000000              14000000             9.6603317E-05         1.0000000E+30            455578       
 NEXT SEEDS: 5D3F07B      16       0       0       0       0   181CD    3039       0       0
   37000000              13000000              13000000             9.6595886E-05         1.0000000E+30            468236       
 NEXT SEEDS:2A54AB1A      16       0       0       0       0   181CD    3039       0       0
   38000000              12000000              12000000             9.6594250E-05         1.0000000E+30            480880       
 NEXT SEEDS:1349ED3D      17       0       0       0       0   181CD    3039       0       0
   39000000              11000000              11000000             9.6594174E-05         1.0000000E+30            493575       
 NEXT SEEDS:37E6B0EA      17       0       0       0       0   181CD    3039       0       0
   40000000              10000000              10000000             9.6593517E-05         1.0000000E+30            506347       
 NEXT SEEDS:20FE5E77      18       0       0       0       0   181CD    3039       0       0
   41000000               9000000               9000000             9.6591170E-05         1.0000000E+30            519024       
 NEXT SEEDS: 9F65A35      19       0       0       0       0   181CD    3039       0       0
   42000000               8000000               8000000             9.6580955E-05         1.0000000E+30            531475       
 NEXT SEEDS:2E70AA3F      19       0       0       0       0   181CD    3039       0       0
   43000000               7000000               7000000             9.6580349E-05         1.0000000E+30            544289       
 NEXT SEEDS:177191EA      1A       0       0       0       0   181CD    3039       0       0
   44000000               6000000               6000000             9.6576592E-05         1.0000000E+30            557143       
 NEXT SEEDS:  612DA0      1B       0       0       0       0   181CD    3039       0       0
   45000000               5000000               5000000             9.6567208E-05         1.0000000E+30            569597       
 NEXT SEEDS:24DC9875      1B       0       0       0       0   181CD    3039       0       0
   46000000               4000000               4000000             9.6560365E-05         1.0000000E+30            582233       
 NEXT SEEDS: DD04B5C      1C       0       0       0       0   181CD    3039       0       0
   47000000               3000000               3000000             9.6555725E-05         1.0000000E+30            594850       
 NEXT SEEDS:325CA6FF      1C       0       0       0       0   181CD    3039       0       0
   48000000               2000000               2000000             9.6554076E-05         1.0000000E+30            607414       
 NEXT SEEDS:1B5F1578      1D       0       0       0       0   181CD    3039       0       0
   49000000               1000000               1000000             9.6553710E-05         1.0000000E+30            620087       
 NEXT SEEDS: 46802BC      1E       0       0       0       0   181CD    3039       0       0
 COUSET, TXYZ:   1.00000000001067     -0.437943585926872      0.899002455818032    
   49999950                    50                    50             9.6549636E-05         1.0000000E+30            632555       
 NEXT SEEDS:2905EEF6      1E       0       0       0       0   181CD    3039       0       0
   49999951                    49                    49             9.6549644E-05         1.0000000E+30            632555       
 NEXT SEEDS:2905F116      1E       0       0       0       0   181CD    3039       0       0
   49999952                    48                    48             9.6549642E-05         1.0000000E+30            632555       
 NEXT SEEDS:2905F25C      1E       0       0       0       0   181CD    3039       0       0
   49999953                    47                    47             9.6549650E-05         1.0000000E+30            632555       
 NEXT SEEDS:2905F546      1E       0       0       0       0   181CD    3039       0       0
   49999954                    46                    46             9.6549648E-05         1.0000000E+30            632555       
 NEXT SEEDS:2905F7E8      1E       0       0       0       0   181CD    3039       0       0
   49999955                    45                    45             9.6549646E-05         1.0000000E+30            632555       
 NEXT SEEDS:2905F954      1E       0       0       0       0   181CD    3039       0       0
   49999956                    44                    44             9.6549654E-05         1.0000000E+30            632555       
 NEXT SEEDS:2905FB82      1E       0       0       0       0   181CD    3039       0       0
   49999957                    43                    43             9.6549652E-05         1.0000000E+30            632555       
 NEXT SEEDS:2905FC8E      1E       0       0       0       0   181CD    3039       0       0
   49999958                    42                    42             9.6549650E-05         1.0000000E+30            632555       
 NEXT SEEDS:2905FD90      1E       0       0       0       0   181CD    3039       0       0
   49999959                    41                    41             9.6549658E-05         1.0000000E+30            632555       
 NEXT SEEDS:290602F4      1E       0       0       0       0   181CD    3039       0       0
   49999960                    40                    40             9.6549656E-05         1.0000000E+30            632555       
 NEXT SEEDS:29060830      1E       0       0       0       0   181CD    3039       0       0
   49999961                    39                    39             9.6549664E-05         1.0000000E+30            632555       
 NEXT SEEDS:29060BF2      1E       0       0       0       0   181CD    3039       0       0
   49999962                    38                    38             9.6549662E-05         1.0000000E+30            632555       
 NEXT SEEDS:29060CA8      1E       0       0       0       0   181CD    3039       0       0
   49999963                    37                    37             9.6549670E-05         1.0000000E+30            632555       
 NEXT SEEDS:29060F29      1E       0       0       0       0   181CD    3039       0       0
   49999964                    36                    36             9.6549668E-05         1.0000000E+30            632555       
 NEXT SEEDS:290610FD      1E       0       0       0       0   181CD    3039       0       0
   49999965                    35                    35             9.6549666E-05         1.0000000E+30            632555       
 NEXT SEEDS:29061180      1E       0       0       0       0   181CD    3039       0       0
   49999966                    34                    34             9.6549664E-05         1.0000000E+30            632555       
 NEXT SEEDS:29061214      1E       0       0       0       0   181CD    3039       0       0
   49999967                    33                    33             9.6549672E-05         1.0000000E+30            632555       
 NEXT SEEDS:2906145D      1E       0       0       0       0   181CD    3039       0       0
   49999968                    32                    32             9.6549670E-05         1.0000000E+30            632555       
 NEXT SEEDS:290614DD      1E       0       0       0       0   181CD    3039       0       0
   49999969                    31                    31             9.6549668E-05         1.0000000E+30            632555       
 NEXT SEEDS:290616B8      1E       0       0       0       0   181CD    3039       0       0
   49999970                    30                    30             9.6549676E-05         1.0000000E+30            632555       
 NEXT SEEDS:29061803      1E       0       0       0       0   181CD    3039       0       0
   49999971                    29                    29             9.6549674E-05         1.0000000E+30            632555       
 NEXT SEEDS:29061A28      1E       0       0       0       0   181CD    3039       0       0
   49999972                    28                    28             9.6549672E-05         1.0000000E+30            632555       
 NEXT SEEDS:29061D77      1E       0       0       0       0   181CD    3039       0       0
   49999973                    27                    27             9.6549680E-05         1.0000000E+30            632555       
 NEXT SEEDS:29061F0F      1E       0       0       0       0   181CD    3039       0       0
   49999974                    26                    26             9.6549678E-05         1.0000000E+30            632555       
 NEXT SEEDS:290623E5      1E       0       0       0       0   181CD    3039       0       0
   49999975                    25                    25             9.6549686E-05         1.0000000E+30            632555       
 NEXT SEEDS:290625A7      1E       0       0       0       0   181CD    3039       0       0
   49999976                    24                    24             9.6549684E-05         1.0000000E+30            632555       
 NEXT SEEDS:290626E1      1E       0       0       0       0   181CD    3039       0       0
   49999977                    23                    23             9.6549682E-05         1.0000000E+30            632555       
 NEXT SEEDS:29062801      1E       0       0       0       0   181CD    3039       0       0
   49999978                    22                    22             9.6549680E-05         1.0000000E+30            632555       
 NEXT SEEDS:290628B2      1E       0       0       0       0   181CD    3039       0       0
   49999979                    21                    21             9.6549688E-05         1.0000000E+30            632555       
 NEXT SEEDS:29062B67      1E       0       0       0       0   181CD    3039       0       0
   49999980                    20                    20             9.6549686E-05         1.0000000E+30            632555       
 NEXT SEEDS:29062CB7      1E       0       0       0       0   181CD    3039       0       0
   49999981                    19                    19             9.6549684E-05         1.0000000E+30            632555       
 NEXT SEEDS:29062D8C      1E       0       0       0       0   181CD    3039       0       0
   49999982                    18                    18             9.6549692E-05         1.0000000E+30            632555       
 NEXT SEEDS:29062F6B      1E       0       0       0       0   181CD    3039       0       0
   49999983                    17                    17             9.6549690E-05         1.0000000E+30            632555       
 NEXT SEEDS:290632FE      1E       0       0       0       0   181CD    3039       0       0
   49999984                    16                    16             9.6549688E-05         1.0000000E+30            632555       
 NEXT SEEDS:290634C8      1E       0       0       0       0   181CD    3039       0       0
   49999985                    15                    15             9.6549696E-05         1.0000000E+30            632555       
 NEXT SEEDS:29063675      1E       0       0       0       0   181CD    3039       0       0
   49999986                    14                    14             9.6549694E-05         1.0000000E+30            632555       
 NEXT SEEDS:290636FC      1E       0       0       0       0   181CD    3039       0       0
   49999987                    13                    13             9.6549692E-05         1.0000000E+30            632555       
 NEXT SEEDS:29063AB1      1E       0       0       0       0   181CD    3039       0       0
   49999988                    12                    12             9.6549700E-05         1.0000000E+30            632555       
 NEXT SEEDS:29063D3A      1E       0       0       0       0   181CD    3039       0       0
   49999989                    11                    11             9.6549698E-05         1.0000000E+30            632555       
 NEXT SEEDS:2906405F      1E       0       0       0       0   181CD    3039       0       0
   49999990                    10                    10             9.6549706E-05         1.0000000E+30            632555       
 NEXT SEEDS:29064109      1E       0       0       0       0   181CD    3039       0       0
   49999991                     9                     9             9.6549704E-05         1.0000000E+30            632555       
 NEXT SEEDS:2906421E      1E       0       0       0       0   181CD    3039       0       0
   49999992                     8                     8             9.6549702E-05         1.0000000E+30            632555       
 NEXT SEEDS:290642A5      1E       0       0       0       0   181CD    3039       0       0
   49999993                     7                     7             9.6549700E-05         1.0000000E+30            632555       
 NEXT SEEDS:2906437C      1E       0       0       0       0   181CD    3039       0       0
   49999994                     6                     6             9.6549708E-05         1.0000000E+30            632555       
 NEXT SEEDS:290646A0      1E       0       0       0       0   181CD    3039       0       0
   49999995                     5                     5             9.6549706E-05         1.0000000E+30            632555       
 NEXT SEEDS:290647C6      1E       0       0       0       0   181CD    3039       0       0
   49999996                     4                     4             9.6549704E-05         1.0000000E+30            632555       
 NEXT SEEDS:290649BC      1E       0       0       0       0   181CD    3039       0       0
   49999997                     3                     3             9.6549712E-05         1.0000000E+30            632555       
 NEXT SEEDS:29064A2E      1E       0       0       0       0   181CD    3039       0       0
   49999998                     2                     2             9.6549710E-05         1.0000000E+30            632555       
 NEXT SEEDS:29064C83      1E       0       0       0       0   181CD    3039       0       0
   49999999                     1                     1             9.6549708E-05         1.0000000E+30            632555       
 NEXT SEEDS:29064DDC      1E       0       0       0       0   181CD    3039       0       0
   50000000                     0                     1             9.6549716E-05         1.0000000E+30            632555       
 NEXT SEEDS:29064F0F      1E       0       0       0       0   181CD    3039       0       0
