1NUMBER OF BEAM       NUMBER OF BEAM        APPROXIMATE NUMBER    AVERAGE TIME USED     TIME LEFT (RESERVED   NUMBER OF STARS
 PARTICLES HANDLED    PARTICLES LEFT        OF BEAM PARTICLES     BY A BEAM PARTICLE     10000.0 SECONDS      CREATED
                                            THAT CAN STILL BE                           FOR PRINTOUT)
                                            HANDLED

 NEXT SEEDS:       0       0       0       0       0       0   181CD    3039       0       0
          1                999999                999999             1.4240742E-03         1.0000000E+30                 1       
 NEXT SEEDS:    125F       0       0       0       0       0   181CD    3039       0       0
      20000                980000                980000             1.3219579E-03         1.0000000E+30              1164       
 NEXT SEEDS: 3F28EF4       0       0       0       0       0   181CD    3039       0       0
      40000                960000                960000             1.3222100E-03         1.0000000E+30              2393       
 NEXT SEEDS: 7E52D26       0       0       0       0       0   181CD    3039       0       0
      60000                940000                940000             1.2681448E-03         1.0000000E+30              3572       
 NEXT SEEDS: BD1B6ED       0       0       0       0       0   181CD    3039       0       0
      80000                920000                920000             1.2416470E-03         1.0000000E+30              4793       
 NEXT SEEDS: FC8468B       0       0       0       0       0   181CD    3039       0       0
     100000                900000                900000             1.2570953E-03         1.0000000E+30              6042       
 NEXT SEEDS:13BB7CC6       0       0       0       0       0   181CD    3039       0       0
     120000                880000                880000             1.2668795E-03         1.0000000E+30              7231       
 NEXT SEEDS:17A9E263       0       0       0       0       0   181CD    3039       0       0
     140000                860000                860000             1.2478776E-03         1.0000000E+30              8418       
 NEXT SEEDS:1B9A03E8       0       0       0       0       0   181CD    3039       0       0
     160000                840000                840000             1.2403218E-03         1.0000000E+30              9572       
 NEXT SEEDS:1F8ACA06       0       0       0       0       0   181CD    3039       0       0
     180000                820000                820000             1.2485377E-03         1.0000000E+30             10754       
 NEXT SEEDS:2378E6CE       0       0       0       0       0   181CD    3039       0       0
 COUSET, TXYZ:  0.999999999993166      0.469752275705546      0.882798277895802    
     200000                800000                800000             1.2548567E-03         1.0000000E+30             11936       
 NEXT SEEDS:27654501       0       0       0       0       0   181CD    3039       0       0
     220000                780000                780000             1.2352027E-03         1.0000000E+30             13136       
 NEXT SEEDS:2B528783       0       0       0       0       0   181CD    3039       0       0
     240000                760000                760000             1.2391062E-03         1.0000000E+30             14318       
 NEXT SEEDS:2F4424E8       0       0       0       0       0   181CD    3039       0       0
     260000                740000                740000             1.2455613E-03         1.0000000E+30             15494       
 NEXT SEEDS:3334FF50       0       0       0       0       0   181CD    3039       0       0
     280000                720000                720000             1.2397128E-03         1.0000000E+30             16702       
 NEXT SEEDS:372A238E       0       0       0       0       0   181CD    3039       0       0
     300000                700000                700000             1.2346629E-03         1.0000000E+30             17905       
 NEXT SEEDS:3B1CDABA       0       0       0       0       0   181CD    3039       0       0
     320000                680000                680000             1.2396232E-03         1.0000000E+30             19104       
 NEXT SEEDS: 37188CB       1       0       0       0       0   181CD    3039       0       0
     340000                660000                660000             1.2438758E-03         1.0000000E+30             20289       
 NEXT SEEDS: 760B1C7       1       0       0       0       0   181CD    3039       0       0
     360000                640000                640000             1.2408014E-03         1.0000000E+30             21471       
 NEXT SEEDS: B5341E3       1       0       0       0       0   181CD    3039       0       0
     380000                620000                620000             1.2352504E-03         1.0000000E+30             22622       
 NEXT SEEDS: F418735       1       0       0       0       0   181CD    3039       0       0
     400000                600000                600000             1.2393498E-03         1.0000000E+30             23866       
 NEXT SEEDS:1333636B       1       0       0       0       0   181CD    3039       0       0
     420000                580000                580000             1.2429355E-03         1.0000000E+30             24991       
 NEXT SEEDS:171E63C3       1       0       0       0       0   181CD    3039       0       0
     440000                560000                560000             1.2388485E-03         1.0000000E+30             26134       
 NEXT SEEDS:1B0FFF91       1       0       0       0       0   181CD    3039       0       0
     460000                540000                540000             1.2421499E-03         1.0000000E+30             27344       
 NEXT SEEDS:1F013868       1       0       0       0       0   181CD    3039       0       0
     480000                520000                520000             1.2387384E-03         1.0000000E+30             28555       
 NEXT SEEDS:22F3D981       1       0       0       0       0   181CD    3039       0       0
     500000                500000                500000             1.2419419E-03         1.0000000E+30             29744       
 NEXT SEEDS:26F27C18       1       0       0       0       0   181CD    3039       0       0
     520000                480000                480000             1.2387553E-03         1.0000000E+30             30888       
 NEXT SEEDS:2ADE05FE       1       0       0       0       0   181CD    3039       0       0
     540000                460000                460000             1.2360128E-03         1.0000000E+30             32117       
 NEXT SEEDS:2ED2B21D       1       0       0       0       0   181CD    3039       0       0
     560000                440000                440000             1.2387356E-03         1.0000000E+30             33233       
 NEXT SEEDS:32C091B5       1       0       0       0       0   181CD    3039       0       0
     580000                420000                420000             1.2412789E-03         1.0000000E+30             34382       
 NEXT SEEDS:36B1F7FB       1       0       0       0       0   181CD    3039       0       0
     600000                400000                400000             1.2386566E-03         1.0000000E+30             35564       
 NEXT SEEDS:3AA71B92       1       0       0       0       0   181CD    3039       0       0
     620000                380000                380000             1.2412659E-03         1.0000000E+30             36785       
 NEXT SEEDS: 3004FD7       2       0       0       0       0   181CD    3039       0       0
     640000                360000                360000             1.2436319E-03         1.0000000E+30             37979       
 NEXT SEEDS: 6F5B327       2       0       0       0       0   181CD    3039       0       0
     660000                340000                340000             1.2401816E-03         1.0000000E+30             39226       
 NEXT SEEDS: AE9747F       2       0       0       0       0   181CD    3039       0       0
     680000                320000                320000             1.2386363E-03         1.0000000E+30             40378       
 NEXT SEEDS: ED85C59       2       0       0       0       0   181CD    3039       0       0
     700000                300000                300000             1.2409914E-03         1.0000000E+30             41627       
 NEXT SEEDS:12CAF5CF       2       0       0       0       0   181CD    3039       0       0
     720000                280000                280000             1.2431403E-03         1.0000000E+30             42786       
 NEXT SEEDS:16B8DF1A       2       0       0       0       0   181CD    3039       0       0
     740000                260000                260000             1.2409139E-03         1.0000000E+30             43991       
 NEXT SEEDS:1AA93802       2       0       0       0       0   181CD    3039       0       0
     760000                240000                240000             1.2429413E-03         1.0000000E+30             45148       
 NEXT SEEDS:1E9F7897       2       0       0       0       0   181CD    3039       0       0
     780000                220000                220000             1.2408466E-03         1.0000000E+30             46364       
 NEXT SEEDS:229540F0       2       0       0       0       0   181CD    3039       0       0
     800000                200000                200000             1.2423336E-03         1.0000000E+30             47574       
 NEXT SEEDS:268B0370       2       0       0       0       0   181CD    3039       0       0
     820000                180000                180000             1.2408556E-03         1.0000000E+30             48817       
 NEXT SEEDS:2A7D9BC0       2       0       0       0       0   181CD    3039       0       0
     840000                160000                160000             1.2426130E-03         1.0000000E+30             49926       
 NEXT SEEDS:2E699900       2       0       0       0       0   181CD    3039       0       0
     860000                140000                140000             1.2443417E-03         1.0000000E+30             51108       
 NEXT SEEDS:32577E52       2       0       0       0       0   181CD    3039       0       0
     880000                120000                120000             1.2423478E-03         1.0000000E+30             52254       
 NEXT SEEDS:36460DF7       2       0       0       0       0   181CD    3039       0       0
     900000                100000                100000             1.2439736E-03         1.0000000E+30             53442       
 NEXT SEEDS:3A36788F       2       0       0       0       0   181CD    3039       0       0
     920000                 80000                 80000             1.2421291E-03         1.0000000E+30             54626       
 NEXT SEEDS: 28BCF72       3       0       0       0       0   181CD    3039       0       0
     940000                 60000                 60000             1.2430397E-03         1.0000000E+30             55842       
 NEXT SEEDS: 684828C       3       0       0       0       0   181CD    3039       0       0
     960000                 40000                 40000             1.2419920E-03         1.0000000E+30             56998       
 NEXT SEEDS: A75A349       3       0       0       0       0   181CD    3039       0       0
     980000                 20000                 20000             1.2434569E-03         1.0000000E+30             58173       
 NEXT SEEDS: E64500F       3       0       0       0       0   181CD    3039       0       0
     999950                    50                    50             1.2449029E-03         1.0000000E+30             59353       
 NEXT SEEDS:1251569F       3       0       0       0       0   181CD    3039       0       0
     999951                    49                    49             1.2449025E-03         1.0000000E+30             59353       
 NEXT SEEDS:12516230       3       0       0       0       0   181CD    3039       0       0
     999952                    48                    48             1.2449020E-03         1.0000000E+30             59353       
 NEXT SEEDS:12516D83       3       0       0       0       0   181CD    3039       0       0
     999953                    47                    47             1.2449015E-03         1.0000000E+30             59353       
 NEXT SEEDS:125178E6       3       0       0       0       0   181CD    3039       0       0
     999954                    46                    46             1.2449013E-03         1.0000000E+30             59354       
 NEXT SEEDS:12518BD6       3       0       0       0       0   181CD    3039       0       0
     999955                    45                    45             1.2449010E-03         1.0000000E+30             59354       
 NEXT SEEDS:125197DA       3       0       0       0       0   181CD    3039       0       0
     999956                    44                    44             1.2449004E-03         1.0000000E+30             59354       
 NEXT SEEDS:1251A2DB       3       0       0       0       0   181CD    3039       0       0
     999957                    43                    43             1.2448999E-03         1.0000000E+30             59354       
 NEXT SEEDS:1251AE4B       3       0       0       0       0   181CD    3039       0       0
     999958                    42                    42             1.2448994E-03         1.0000000E+30             59354       
 NEXT SEEDS:1251BA13       3       0       0       0       0   181CD    3039       0       0
     999959                    41                    41             1.2448990E-03         1.0000000E+30             59354       
 NEXT SEEDS:1251C664       3       0       0       0       0   181CD    3039       0       0
     999960                    40                    40             1.2448978E-03         1.0000000E+30             59354       
 NEXT SEEDS:1251D278       3       0       0       0       0   181CD    3039       0       0
     999961                    39                    39             1.2448965E-03         1.0000000E+30             59354       
 NEXT SEEDS:1251DEE8       3       0       0       0       0   181CD    3039       0       0
     999962                    38                    38             1.2448953E-03         1.0000000E+30             59354       
 NEXT SEEDS:1251E9FD       3       0       0       0       0   181CD    3039       0       0
     999963                    37                    37             1.2448940E-03         1.0000000E+30             59354       
 NEXT SEEDS:1251F56A       3       0       0       0       0   181CD    3039       0       0
     999964                    36                    36             1.2448928E-03         1.0000000E+30             59354       
 NEXT SEEDS:12520174       3       0       0       0       0   181CD    3039       0       0
     999965                    35                    35             1.2448922E-03         1.0000000E+30             59354       
 NEXT SEEDS:12521139       3       0       0       0       0   181CD    3039       0       0
     999966                    34                    34             1.2448917E-03         1.0000000E+30             59354       
 NEXT SEEDS:12521CEE       3       0       0       0       0   181CD    3039       0       0
     999967                    33                    33             1.2448919E-03         1.0000000E+30             59355       
 NEXT SEEDS:12523A5A       3       0       0       0       0   181CD    3039       0       0
     999968                    32                    32             1.2448921E-03         1.0000000E+30             59356       
 NEXT SEEDS:12525551       3       0       0       0       0   181CD    3039       0       0
     999969                    31                    31             1.2448917E-03         1.0000000E+30             59356       
 NEXT SEEDS:1252623B       3       0       0       0       0   181CD    3039       0       0
     999970                    30                    30             1.2448912E-03         1.0000000E+30             59356       
 NEXT SEEDS:12526DDC       3       0       0       0       0   181CD    3039       0       0
     999971                    29                    29             1.2448907E-03         1.0000000E+30             59356       
 NEXT SEEDS:125278A4       3       0       0       0       0   181CD    3039       0       0
     999972                    28                    28             1.2448902E-03         1.0000000E+30             59356       
 NEXT SEEDS:125285A6       3       0       0       0       0   181CD    3039       0       0
     999973                    27                    27             1.2448898E-03         1.0000000E+30             59356       
 NEXT SEEDS:12529606       3       0       0       0       0   181CD    3039       0       0
     999974                    26                    26             1.2448893E-03         1.0000000E+30             59356       
 NEXT SEEDS:1252A1DF       3       0       0       0       0   181CD    3039       0       0
     999975                    25                    25             1.2448887E-03         1.0000000E+30             59356       
 NEXT SEEDS:1252ACDA       3       0       0       0       0   181CD    3039       0       0
     999976                    24                    24             1.2448882E-03         1.0000000E+30             59356       
 NEXT SEEDS:1252B7FE       3       0       0       0       0   181CD    3039       0       0
     999977                    23                    23             1.2448877E-03         1.0000000E+30             59356       
 NEXT SEEDS:1252C262       3       0       0       0       0   181CD    3039       0       0
     999978                    22                    22             1.2448872E-03         1.0000000E+30             59356       
 NEXT SEEDS:1252CD12       3       0       0       0       0   181CD    3039       0       0
     999979                    21                    21             1.2448867E-03         1.0000000E+30             59356       
 NEXT SEEDS:1252D79D       3       0       0       0       0   181CD    3039       0       0
     999980                    20                    20             1.2448862E-03         1.0000000E+30             59356       
 NEXT SEEDS:1252E2E9       3       0       0       0       0   181CD    3039       0       0
     999981                    19                    19             1.2448857E-03         1.0000000E+30             59356       
 NEXT SEEDS:1252EE6D       3       0       0       0       0   181CD    3039       0       0
     999982                    18                    18             1.2448852E-03         1.0000000E+30             59356       
 NEXT SEEDS:1252F9F3       3       0       0       0       0   181CD    3039       0       0
     999983                    17                    17             1.2448846E-03         1.0000000E+30             59356       
 NEXT SEEDS:12530522       3       0       0       0       0   181CD    3039       0       0
     999984                    16                    16             1.2448841E-03         1.0000000E+30             59356       
 NEXT SEEDS:12531000       3       0       0       0       0   181CD    3039       0       0
     999985                    15                    15             1.2448837E-03         1.0000000E+30             59356       
 NEXT SEEDS:12531B74       3       0       0       0       0   181CD    3039       0       0
     999986                    14                    14             1.2448832E-03         1.0000000E+30             59356       
 NEXT SEEDS:1253261A       3       0       0       0       0   181CD    3039       0       0
     999987                    13                    13             1.2448827E-03         1.0000000E+30             59356       
 NEXT SEEDS:12533233       3       0       0       0       0   181CD    3039       0       0
     999988                    12                    12             1.2448822E-03         1.0000000E+30             59356       
 NEXT SEEDS:12533E6E       3       0       0       0       0   181CD    3039       0       0
     999989                    11                    11             1.2448818E-03         1.0000000E+30             59356       
 NEXT SEEDS:12534A8E       3       0       0       0       0   181CD    3039       0       0
     999990                    10                    10             1.2448814E-03         1.0000000E+30             59356       
 NEXT SEEDS:12535732       3       0       0       0       0   181CD    3039       0       0
     999991                     9                     9             1.2448809E-03         1.0000000E+30             59356       
 NEXT SEEDS:125363FB       3       0       0       0       0   181CD    3039       0       0
     999992                     8                     8             1.2448804E-03         1.0000000E+30             59356       
 NEXT SEEDS:12536E94       3       0       0       0       0   181CD    3039       0       0
     999993                     7                     7             1.2448799E-03         1.0000000E+30             59356       
 NEXT SEEDS:125379C7       3       0       0       0       0   181CD    3039       0       0
     999994                     6                     6             1.2448815E-03         1.0000000E+30             59357       
 NEXT SEEDS:1253B63C       3       0       0       0       0   181CD    3039       0       0
     999995                     5                     5             1.2448809E-03         1.0000000E+30             59357       
 NEXT SEEDS:1253C08A       3       0       0       0       0   181CD    3039       0       0
     999996                     4                     4             1.2448804E-03         1.0000000E+30             59357       
 NEXT SEEDS:1253CBAB       3       0       0       0       0   181CD    3039       0       0
     999997                     3                     3             1.2448799E-03         1.0000000E+30             59357       
 NEXT SEEDS:1253D74C       3       0       0       0       0   181CD    3039       0       0
     999998                     2                     2             1.2448798E-03         1.0000000E+30             59357       
 NEXT SEEDS:1253E923       3       0       0       0       0   181CD    3039       0       0
     999999                     1                     1             1.2448790E-03         1.0000000E+30             59357       
 NEXT SEEDS:1253EBD4       3       0       0       0       0   181CD    3039       0       0
    1000000                     0                     1             1.2448785E-03         1.0000000E+30             59357       
 NEXT SEEDS:1253F700       3       0       0       0       0   181CD    3039       0       0
