1NUMBER OF BEAM       NUMBER OF BEAM        APPROXIMATE NUMBER    AVERAGE TIME USED     TIME LEFT (RESERVED   NUMBER OF STARS
 PARTICLES HANDLED    PARTICLES LEFT        OF BEAM PARTICLES     BY A BEAM PARTICLE     10000.0 SECONDS      CREATED
                                            THAT CAN STILL BE                           FOR PRINTOUT)
                                            HANDLED

 NEXT SEEDS:       0       0       0       0       0       0   181CD    3039       0       0
          1              16666665              16666665             3.5095215E-04         1.0000000E+30                 0       
 NEXT SEEDS:     32F       0       0       0       0       0   181CD    3039       0       0
     300000              16366666              16366666             2.5284240E-04         1.0000000E+30             12154       
 NEXT SEEDS:1D5B2DC6       0       0       0       0       0   181CD    3039       0       0
     600000              16066666              16066666             2.5105770E-04         1.0000000E+30             24298       
 NEXT SEEDS:3AB7271F       0       0       0       0       0   181CD    3039       0       0
     900000              15766666              15766666             2.5043792E-04         1.0000000E+30             36397       
 NEXT SEEDS:1C7ED0DB       1       0       0       0       0   181CD    3039       0       0
    1200000              15466666              15466666             2.5007704E-04         1.0000000E+30             48563       
 NEXT SEEDS:39DC9509       1       0       0       0       0   181CD    3039       0       0
    1500000              15166666              15166666             2.4994023E-04         1.0000000E+30             60667       
 NEXT SEEDS:1BA099F9       2       0       0       0       0   181CD    3039       0       0
    1800000              14866666              14866666             2.4984143E-04         1.0000000E+30             72726       
 NEXT SEEDS:38FEF2A7       2       0       0       0       0   181CD    3039       0       0
    2100000              14566666              14566666             2.4976410E-04         1.0000000E+30             84669       
 NEXT SEEDS:1AC24CD0       3       0       0       0       0   181CD    3039       0       0
    2400000              14266666              14266666             2.4966564E-04         1.0000000E+30             96755       
 NEXT SEEDS:382258B9       3       0       0       0       0   181CD    3039       0       0
    2700000              13966666              13966666             2.4972881E-04         1.0000000E+30            108977       
 NEXT SEEDS:1A0C6C45       4       0       0       0       0   181CD    3039       0       0
    3000000              13666666              13666666             2.4975034E-04         1.0000000E+30            121192       
 NEXT SEEDS:37823384       4       0       0       0       0   181CD    3039       0       0
  *** Eveneu: no downsc. group selected, cusngl, rsngl, igpr ***  0.999999404      0.999999642             107
    3300000              13366666              13366666             2.4969998E-04         1.0000000E+30            133296       
 NEXT SEEDS:194F4D77       5       0       0       0       0   181CD    3039       0       0
    3600000              13066666              13066666             2.4958879E-04         1.0000000E+30            145179       
 NEXT SEEDS:36934293       5       0       0       0       0   181CD    3039       0       0
    3900000              12766666              12766666             2.4953484E-04         1.0000000E+30            157295       
 NEXT SEEDS:1854E40B       6       0       0       0       0   181CD    3039       0       0
 COUSET, TXYZ:  0.999999999991357     -0.576512934984431      0.817088022050471    
    4200000              12466666              12466666             2.4955348E-04         1.0000000E+30            169528       
 NEXT SEEDS:35C54BF9       6       0       0       0       0   181CD    3039       0       0
    4500000              12166666              12166666             2.4952791E-04         1.0000000E+30            181676       
 NEXT SEEDS:179387EC       7       0       0       0       0   181CD    3039       0       0
    4800000              11866666              11866666             2.4967750E-04         1.0000000E+30            193727       
 NEXT SEEDS:34E5E6E3       7       0       0       0       0   181CD    3039       0       0
    5100000              11566666              11566666             2.4973556E-04         1.0000000E+30            205801       
 NEXT SEEDS:16A1B528       8       0       0       0       0   181CD    3039       0       0
    5400000              11266666              11266666             2.4971356E-04         1.0000000E+30            218012       
 NEXT SEEDS:33FF94A0       8       0       0       0       0   181CD    3039       0       0
    5700000              10966666              10966666             2.4971328E-04         1.0000000E+30            230081       
 NEXT SEEDS:15DB2D50       9       0       0       0       0   181CD    3039       0       0
    6000000              10666666              10666666             2.4968499E-04         1.0000000E+30            242240       
 NEXT SEEDS:332FA705       9       0       0       0       0   181CD    3039       0       0
    6300000              10366666              10366666             2.4968228E-04         1.0000000E+30            254513       
 NEXT SEEDS:150E6A04       A       0       0       0       0   181CD    3039       0       0
    6600000              10066666              10066666             2.4969587E-04         1.0000000E+30            266807       
 NEXT SEEDS:3286DBEE       A       0       0       0       0   181CD    3039       0       0
    6900000               9766666               9766666             2.4968461E-04         1.0000000E+30            279057       
 NEXT SEEDS:14579DED       B       0       0       0       0   181CD    3039       0       0
    7200000               9466666               9466666             2.4967332E-04         1.0000000E+30            291301       
 NEXT SEEDS:31BB0F05       B       0       0       0       0   181CD    3039       0       0
    7500000               9166666               9166666             2.4967303E-04         1.0000000E+30            303442       
 NEXT SEEDS:13856C54       C       0       0       0       0   181CD    3039       0       0
    7800000               8866666               8866666             2.4969571E-04         1.0000000E+30            315718       
 NEXT SEEDS:310B20C4       C       0       0       0       0   181CD    3039       0       0
    8100000               8566666               8566666             2.4968252E-04         1.0000000E+30            327813       
 NEXT SEEDS:12C9EC44       D       0       0       0       0   181CD    3039       0       0
    8400000               8266666               8266666             2.4968878E-04         1.0000000E+30            340083       
 NEXT SEEDS:303DF221       D       0       0       0       0   181CD    3039       0       0
    8700000               7966666               7966666             2.4970041E-04         1.0000000E+30            352232       
 NEXT SEEDS:1221829A       E       0       0       0       0   181CD    3039       0       0
    9000000               7666666               7666666             2.4968359E-04         1.0000000E+30            364307       
 NEXT SEEDS:2F7CBC19       E       0       0       0       0   181CD    3039       0       0
 COUSET, TXYZ:  0.999999999994719     -0.846080540262365      0.533055080998935    
    9300000               7366666               7366666             2.4968521E-04         1.0000000E+30            376411       
 NEXT SEEDS:1156AF9D       F       0       0       0       0   181CD    3039       0       0
    9600000               7066666               7066666             2.4965937E-04         1.0000000E+30            388379       
 NEXT SEEDS:2EAE3001       F       0       0       0       0   181CD    3039       0       0
    9900000               6766666               6766666             2.4966409E-04         1.0000000E+30            400590       
 NEXT SEEDS:108527DD      10       0       0       0       0   181CD    3039       0       0
   10200000               6466666               6466666             2.4965686E-04         1.0000000E+30            412667       
 NEXT SEEDS:2DE75A48      10       0       0       0       0   181CD    3039       0       0
   10500000               6166666               6166666             2.4963072E-04         1.0000000E+30            424656       
 NEXT SEEDS: FA1FB3C      11       0       0       0       0   181CD    3039       0       0
   10800000               5866666               5866666             2.4961489E-04         1.0000000E+30            436732       
 NEXT SEEDS:2CF87B7E      11       0       0       0       0   181CD    3039       0       0
   11100000               5566666               5566666             2.4958755E-04         1.0000000E+30            448696       
 NEXT SEEDS: EB3FE99      12       0       0       0       0   181CD    3039       0       0
   11400000               5266666               5266666             2.4959280E-04         1.0000000E+30            460797       
 NEXT SEEDS:2C204667      12       0       0       0       0   181CD    3039       0       0
   11700000               4966666               4966666             2.4957480E-04         1.0000000E+30            472819       
 NEXT SEEDS: DD148EE      13       0       0       0       0   181CD    3039       0       0
   12000000               4666666               4666666             2.4961322E-04         1.0000000E+30            484910       
 NEXT SEEDS:2B2C70E0      13       0       0       0       0   181CD    3039       0       0
   12300000               4366666               4366666             2.4961213E-04         1.0000000E+30            496994       
 NEXT SEEDS: CEA7825      14       0       0       0       0   181CD    3039       0       0
   12600000               4066666               4066666             2.4960501E-04         1.0000000E+30            509035       
 NEXT SEEDS:2A51F5CC      14       0       0       0       0   181CD    3039       0       0
   12900000               3766666               3766666             2.4960513E-04         1.0000000E+30            521158       
 NEXT SEEDS: C309820      15       0       0       0       0   181CD    3039       0       0
   13200000               3466666               3466666             2.4959607E-04         1.0000000E+30            533195       
 NEXT SEEDS:29940DA9      15       0       0       0       0   181CD    3039       0       0
 COUSET, TXYZ:  0.999999999992980      0.630160798038351      0.776464660240006    
   13500000               3166666               3166666             2.4958431E-04         1.0000000E+30            545341       
 NEXT SEEDS: B57318D      16       0       0       0       0   181CD    3039       0       0
   13800000               2866666               2866666             2.4959069E-04         1.0000000E+30            557469       
 NEXT SEEDS:28C798B5      16       0       0       0       0   181CD    3039       0       0
   14100000               2566666               2566666             2.4956252E-04         1.0000000E+30            569511       
 NEXT SEEDS: A77639D      17       0       0       0       0   181CD    3039       0       0
   14400000               2266666               2266666             2.4954847E-04         1.0000000E+30            581653       
 NEXT SEEDS:27D7E21B      17       0       0       0       0   181CD    3039       0       0
   14700000               1966666               1966666             2.4953288E-04         1.0000000E+30            593746       
 NEXT SEEDS: 994CA88      18       0       0       0       0   181CD    3039       0       0
   15000000               1666666               1666666             2.4954149E-04         1.0000000E+30            605923       
 NEXT SEEDS:271907B1      18       0       0       0       0   181CD    3039       0       0
   15300000               1366666               1366666             2.4954907E-04         1.0000000E+30            618191       
 NEXT SEEDS: 8F3512A      19       0       0       0       0   181CD    3039       0       0
   15600000               1066666               1066666             2.4953607E-04         1.0000000E+30            630246       
 NEXT SEEDS:2650008C      19       0       0       0       0   181CD    3039       0       0
   15900000                766666                766666             2.4952804E-04         1.0000000E+30            642235       
 NEXT SEEDS: 81A3FD7      1A       0       0       0       0   181CD    3039       0       0
   16200000                466666                466666             2.4952725E-04         1.0000000E+30            654286       
 NEXT SEEDS:2585707F      1A       0       0       0       0   181CD    3039       0       0
   16500000                166666                166666             2.4951962E-04         1.0000000E+30            666340       
 NEXT SEEDS: 7495C31      1B       0       0       0       0   181CD    3039       0       0
   16666616                    50                    50             2.4951773E-04         1.0000000E+30            673078       
 NEXT SEEDS:17975DFE      1B       0       0       0       0   181CD    3039       0       0
   16666617                    49                    49             2.4951771E-04         1.0000000E+30            673078       
 NEXT SEEDS:17976308      1B       0       0       0       0   181CD    3039       0       0
   16666618                    48                    48             2.4951773E-04         1.0000000E+30            673078       
 NEXT SEEDS:179768A4      1B       0       0       0       0   181CD    3039       0       0
   16666619                    47                    47             2.4951774E-04         1.0000000E+30            673078       
 NEXT SEEDS:17976E03      1B       0       0       0       0   181CD    3039       0       0
   16666620                    46                    46             2.4951773E-04         1.0000000E+30            673078       
 NEXT SEEDS:179771F0      1B       0       0       0       0   181CD    3039       0       0
   16666621                    45                    45             2.4951774E-04         1.0000000E+30            673078       
 NEXT SEEDS:179779E3      1B       0       0       0       0   181CD    3039       0       0
   16666622                    44                    44             2.4951776E-04         1.0000000E+30            673078       
 NEXT SEEDS:1797803A      1B       0       0       0       0   181CD    3039       0       0
   16666623                    43                    43             2.4951774E-04         1.0000000E+30            673078       
 NEXT SEEDS:179786E9      1B       0       0       0       0   181CD    3039       0       0
   16666624                    42                    42             2.4951776E-04         1.0000000E+30            673078       
 NEXT SEEDS:17978EAA      1B       0       0       0       0   181CD    3039       0       0
   16666625                    41                    41             2.4951777E-04         1.0000000E+30            673078       
 NEXT SEEDS:17979355      1B       0       0       0       0   181CD    3039       0       0
   16666626                    40                    40             2.4951776E-04         1.0000000E+30            673078       
 NEXT SEEDS:17979826      1B       0       0       0       0   181CD    3039       0       0
   16666627                    39                    39             2.4951777E-04         1.0000000E+30            673078       
 NEXT SEEDS:17979C42      1B       0       0       0       0   181CD    3039       0       0
   16666628                    38                    38             2.4951778E-04         1.0000000E+30            673078       
 NEXT SEEDS:1797A31E      1B       0       0       0       0   181CD    3039       0       0
   16666629                    37                    37             2.4951777E-04         1.0000000E+30            673078       
 NEXT SEEDS:1797A817      1B       0       0       0       0   181CD    3039       0       0
   16666630                    36                    36             2.4951778E-04         1.0000000E+30            673078       
 NEXT SEEDS:1797ADFE      1B       0       0       0       0   181CD    3039       0       0
   16666631                    35                    35             2.4951777E-04         1.0000000E+30            673078       
 NEXT SEEDS:1797B035      1B       0       0       0       0   181CD    3039       0       0
   16666632                    34                    34             2.4951778E-04         1.0000000E+30            673078       
 NEXT SEEDS:1797B9A4      1B       0       0       0       0   181CD    3039       0       0
   16666633                    33                    33             2.4951780E-04         1.0000000E+30            673078       
 NEXT SEEDS:1797C117      1B       0       0       0       0   181CD    3039       0       0
   16666634                    32                    32             2.4951781E-04         1.0000000E+30            673078       
 NEXT SEEDS:1797C7B0      1B       0       0       0       0   181CD    3039       0       0
   16666635                    31                    31             2.4951780E-04         1.0000000E+30            673078       
 NEXT SEEDS:1797CC25      1B       0       0       0       0   181CD    3039       0       0
   16666636                    30                    30             2.4951781E-04         1.0000000E+30            673078       
 NEXT SEEDS:1797D0AE      1B       0       0       0       0   181CD    3039       0       0
   16666637                    29                    29             2.4951780E-04         1.0000000E+30            673078       
 NEXT SEEDS:1797D54B      1B       0       0       0       0   181CD    3039       0       0
   16666638                    28                    28             2.4951781E-04         1.0000000E+30            673078       
 NEXT SEEDS:1797D8EC      1B       0       0       0       0   181CD    3039       0       0
   16666639                    27                    27             2.4951794E-04         1.0000000E+30            673079       
 NEXT SEEDS:17980BB0      1B       0       0       0       0   181CD    3039       0       0
   16666640                    26                    26             2.4951793E-04         1.0000000E+30            673079       
 NEXT SEEDS:17981075      1B       0       0       0       0   181CD    3039       0       0
   16666641                    25                    25             2.4951794E-04         1.0000000E+30            673079       
 NEXT SEEDS:1798174B      1B       0       0       0       0   181CD    3039       0       0
   16666642                    24                    24             2.4951796E-04         1.0000000E+30            673079       
 NEXT SEEDS:17981D8E      1B       0       0       0       0   181CD    3039       0       0
   16666643                    23                    23             2.4951794E-04         1.0000000E+30            673079       
 NEXT SEEDS:17981FFF      1B       0       0       0       0   181CD    3039       0       0
   16666644                    22                    22             2.4951793E-04         1.0000000E+30            673079       
 NEXT SEEDS:17982396      1B       0       0       0       0   181CD    3039       0       0
   16666645                    21                    21             2.4951791E-04         1.0000000E+30            673079       
 NEXT SEEDS:17982A8C      1B       0       0       0       0   181CD    3039       0       0
   16666646                    20                    20             2.4951790E-04         1.0000000E+30            673079       
 NEXT SEEDS:179832DC      1B       0       0       0       0   181CD    3039       0       0
   16666647                    19                    19             2.4951788E-04         1.0000000E+30            673079       
 NEXT SEEDS:17983882      1B       0       0       0       0   181CD    3039       0       0
   16666648                    18                    18             2.4951787E-04         1.0000000E+30            673080       
 NEXT SEEDS:17985821      1B       0       0       0       0   181CD    3039       0       0
   16666649                    17                    17             2.4951788E-04         1.0000000E+30            673081       
 NEXT SEEDS:17987D96      1B       0       0       0       0   181CD    3039       0       0
   16666650                    16                    16             2.4951787E-04         1.0000000E+30            673081       
 NEXT SEEDS:1798872C      1B       0       0       0       0   181CD    3039       0       0
   16666651                    15                    15             2.4951788E-04         1.0000000E+30            673081       
 NEXT SEEDS:17988F85      1B       0       0       0       0   181CD    3039       0       0
   16666652                    14                    14             2.4951789E-04         1.0000000E+30            673081       
 NEXT SEEDS:179893E9      1B       0       0       0       0   181CD    3039       0       0
   16666653                    13                    13             2.4951791E-04         1.0000000E+30            673081       
 NEXT SEEDS:17989AC2      1B       0       0       0       0   181CD    3039       0       0
   16666654                    12                    12             2.4951789E-04         1.0000000E+30            673081       
 NEXT SEEDS:17989DC1      1B       0       0       0       0   181CD    3039       0       0
   16666655                    11                    11             2.4951791E-04         1.0000000E+30            673081       
 NEXT SEEDS:1798A2C2      1B       0       0       0       0   181CD    3039       0       0
   16666656                    10                    10             2.4951789E-04         1.0000000E+30            673081       
 NEXT SEEDS:1798A53E      1B       0       0       0       0   181CD    3039       0       0
   16666657                     9                     9             2.4951791E-04         1.0000000E+30            673081       
 NEXT SEEDS:1798A9A2      1B       0       0       0       0   181CD    3039       0       0
   16666658                     8                     8             2.4951789E-04         1.0000000E+30            673081       
 NEXT SEEDS:1798AC93      1B       0       0       0       0   181CD    3039       0       0
   16666659                     7                     7             2.4951788E-04         1.0000000E+30            673081       
 NEXT SEEDS:1798AF1C      1B       0       0       0       0   181CD    3039       0       0
   16666660                     6                     6             2.4951789E-04         1.0000000E+30            673081       
 NEXT SEEDS:1798B2AD      1B       0       0       0       0   181CD    3039       0       0
   16666661                     5                     5             2.4951788E-04         1.0000000E+30            673081       
 NEXT SEEDS:1798B809      1B       0       0       0       0   181CD    3039       0       0
   16666662                     4                     4             2.4951789E-04         1.0000000E+30            673081       
 NEXT SEEDS:1798BD20      1B       0       0       0       0   181CD    3039       0       0
   16666663                     3                     3             2.4951790E-04         1.0000000E+30            673081       
 NEXT SEEDS:1798C154      1B       0       0       0       0   181CD    3039       0       0
   16666664                     2                     2             2.4951789E-04         1.0000000E+30            673081       
 NEXT SEEDS:1798C54A      1B       0       0       0       0   181CD    3039       0       0
   16666665                     1                     1             2.4951790E-04         1.0000000E+30            673081       
 NEXT SEEDS:1798CB8E      1B       0       0       0       0   181CD    3039       0       0
   16666666                     0                     1             2.4951789E-04         1.0000000E+30            673081       
 NEXT SEEDS:1798D01F      1B       0       0       0       0   181CD    3039       0       0
