1NUMBER OF BEAM       NUMBER OF BEAM        APPROXIMATE NUMBER    AVERAGE TIME USED     TIME LEFT (RESERVED   NUMBER OF STARS
 PARTICLES HANDLED    PARTICLES LEFT        OF BEAM PARTICLES     BY A BEAM PARTICLE     10000.0 SECONDS      CREATED
                                            THAT CAN STILL BE                           FOR PRINTOUT)
                                            HANDLED

 NEXT SEEDS:       0       0       0       0       0       0   181CD    3039       0       0
          1               9999999               9999999             1.8191338E-04         1.0000000E+30                 0       
 NEXT SEEDS:     1C8       0       0       0       0       0   181CD    3039       0       0
     200000               9800000               9800000             8.3622742E-05         1.0000000E+30              2510       
 NEXT SEEDS: 74A0921       0       0       0       0       0   181CD    3039       0       0
     400000               9600000               9600000             1.1715212E-04         1.0000000E+30              4998       
 NEXT SEEDS: E8B129A       0       0       0       0       0   181CD    3039       0       0
 COUSET, TXYZ:   1.00000000000501      0.745819146013974      0.666148483034375    
     600000               9400000               9400000             1.2459933E-04         1.0000000E+30              7519       
 NEXT SEEDS:15D94185       0       0       0       0       0   181CD    3039       0       0
     800000               9200000               9200000             1.2967317E-04         1.0000000E+30             10076       
 NEXT SEEDS:1D2ADA4A       0       0       0       0       0   181CD    3039       0       0
    1000000               9000000               9000000             1.3502981E-04         1.0000000E+30             12593       
 NEXT SEEDS:2475E922       0       0       0       0       0   181CD    3039       0       0
    1200000               8800000               8800000             1.3770263E-04         1.0000000E+30             15137       
 NEXT SEEDS:2BBA338E       0       0       0       0       0   181CD    3039       0       0
    1400000               8600000               8600000             1.3695570E-04         1.0000000E+30             17748       
 NEXT SEEDS:32FF513A       0       0       0       0       0   181CD    3039       0       0
    1600000               8400000               8400000             1.3841486E-04         1.0000000E+30             20266       
 NEXT SEEDS:3A44CAF2       0       0       0       0       0   181CD    3039       0       0
    1800000               8200000               8200000             1.3959173E-04         1.0000000E+30             22803       
 NEXT SEEDS: 5F804FF       1       0       0       0       0   181CD    3039       0       0
    2000000               8000000               8000000             1.4180719E-04         1.0000000E+30             25244       
 NEXT SEEDS: D2FE95F       1       0       0       0       0   181CD    3039       0       0
    2200000               7800000               7800000             1.4384538E-04         1.0000000E+30             27833       
 NEXT SEEDS:14727084       1       0       0       0       0   181CD    3039       0       0
    2400000               7600000               7600000             1.4315861E-04         1.0000000E+30             30309       
 NEXT SEEDS:1BABF3DE       1       0       0       0       0   181CD    3039       0       0
    2600000               7400000               7400000             1.4344911E-04         1.0000000E+30             32867       
 NEXT SEEDS:22E69406       1       0       0       0       0   181CD    3039       0       0
    2800000               7200000               7200000             1.4286253E-04         1.0000000E+30             35336       
 NEXT SEEDS:2A2602AB       1       0       0       0       0   181CD    3039       0       0
    3000000               7000000               7000000             1.4293155E-04         1.0000000E+30             37946       
 NEXT SEEDS:317D84FE       1       0       0       0       0   181CD    3039       0       0
    3200000               6800000               6800000             1.4197849E-04         1.0000000E+30             40555       
 NEXT SEEDS:38D0C1D3       1       0       0       0       0   181CD    3039       0       0
    3400000               6600000               6600000             1.4164556E-04         1.0000000E+30             43060       
 NEXT SEEDS: 46D9DDA       2       0       0       0       0   181CD    3039       0       0
    3600000               6400000               6400000             1.4115587E-04         1.0000000E+30             45645       
 NEXT SEEDS: BB6A4B1       2       0       0       0       0   181CD    3039       0       0
    3800000               6200000               6200000             1.4039782E-04         1.0000000E+30             48221       
 NEXT SEEDS:12F7FD9C       2       0       0       0       0   181CD    3039       0       0
    4000000               6000000               6000000             1.4050784E-04         1.0000000E+30             50824       
 NEXT SEEDS:1A3E4214       2       0       0       0       0   181CD    3039       0       0
    4200000               5800000               5800000             1.3985314E-04         1.0000000E+30             53371       
 NEXT SEEDS:217D3039       2       0       0       0       0   181CD    3039       0       0
    4400000               5600000               5600000             1.3932340E-04         1.0000000E+30             55947       
 NEXT SEEDS:28DB9D05       2       0       0       0       0   181CD    3039       0       0
    4600000               5400000               5400000             1.3876229E-04         1.0000000E+30             58516       
 NEXT SEEDS:301EA339       2       0       0       0       0   181CD    3039       0       0
    4800000               5200000               5200000             1.3881227E-04         1.0000000E+30             61119       
 NEXT SEEDS:376ACA30       2       0       0       0       0   181CD    3039       0       0
    5000000               5000000               5000000             1.3896131E-04         1.0000000E+30             63605       
 NEXT SEEDS: 3149F1F       3       0       0       0       0   181CD    3039       0       0
    5200000               4800000               4800000             1.3850750E-04         1.0000000E+30             66205       
 NEXT SEEDS: A6199ED       3       0       0       0       0   181CD    3039       0       0
    5400000               4600000               4600000             1.3830539E-04         1.0000000E+30             68772       
 NEXT SEEDS:11B8B3D0       3       0       0       0       0   181CD    3039       0       0
    5600000               4400000               4400000             1.3829719E-04         1.0000000E+30             71309       
 NEXT SEEDS:18F9CEAA       3       0       0       0       0   181CD    3039       0       0
    5800000               4200000               4200000             1.3789405E-04         1.0000000E+30             73912       
 NEXT SEEDS:203F0AEE       3       0       0       0       0   181CD    3039       0       0
    6000000               4000000               4000000             1.3782029E-04         1.0000000E+30             76391       
 NEXT SEEDS:27770F5D       3       0       0       0       0   181CD    3039       0       0
    6200000               3800000               3800000             1.3767831E-04         1.0000000E+30             78909       
 NEXT SEEDS:2EB57AD8       3       0       0       0       0   181CD    3039       0       0
    6400000               3600000               3600000             1.3733655E-04         1.0000000E+30             81489       
 NEXT SEEDS:3601B861       3       0       0       0       0   181CD    3039       0       0
    6600000               3400000               3400000             1.3746879E-04         1.0000000E+30             84004       
 NEXT SEEDS: 1A49EE2       4       0       0       0       0   181CD    3039       0       0
    6800000               3200000               3200000             1.3668328E-04         1.0000000E+30             86520       
 NEXT SEEDS: 8E1D159       4       0       0       0       0   181CD    3039       0       0
    7000000               3000000               3000000             1.3687545E-04         1.0000000E+30             89003       
 NEXT SEEDS:1032439D       4       0       0       0       0   181CD    3039       0       0
    7200000               2800000               2800000             1.3659406E-04         1.0000000E+30             91549       
 NEXT SEEDS:1771EBF6       4       0       0       0       0   181CD    3039       0       0
    7400000               2600000               2600000             1.3645177E-04         1.0000000E+30             94110       
 NEXT SEEDS:1EBA7DD3       4       0       0       0       0   181CD    3039       0       0
    7600000               2400000               2400000             1.3697517E-04         1.0000000E+30             96676       
 NEXT SEEDS:25FEA246       4       0       0       0       0   181CD    3039       0       0
    7800000               2200000               2200000             1.3725732E-04         1.0000000E+30             99216       
 NEXT SEEDS:2D478A10       4       0       0       0       0   181CD    3039       0       0
    8000000               2000000               2000000             1.3708741E-04         1.0000000E+30            101717       
 NEXT SEEDS:347AB40E       4       0       0       0       0   181CD    3039       0       0
    8200000               1800000               1800000             1.3681412E-04         1.0000000E+30            104300       
 NEXT SEEDS:  2725EF       5       0       0       0       0   181CD    3039       0       0
    8400000               1600000               1600000             1.3695733E-04         1.0000000E+30            106798       
 NEXT SEEDS: 7698778       5       0       0       0       0   181CD    3039       0       0
    8600000               1400000               1400000             1.3670874E-04         1.0000000E+30            109300       
 NEXT SEEDS: EAA3051       5       0       0       0       0   181CD    3039       0       0
    8800000               1200000               1200000             1.3657122E-04         1.0000000E+30            111814       
 NEXT SEEDS:15E8F9A7       5       0       0       0       0   181CD    3039       0       0
    9000000               1000000               1000000             1.3666145E-04         1.0000000E+30            114329       
 NEXT SEEDS:1D2E4E85       5       0       0       0       0   181CD    3039       0       0
    9200000                800000                800000             1.3671971E-04         1.0000000E+30            116936       
 NEXT SEEDS:247EF6F5       5       0       0       0       0   181CD    3039       0       0
    9400000                600000                600000             1.3581345E-04         1.0000000E+30            119401       
 NEXT SEEDS:2BB69B5E       5       0       0       0       0   181CD    3039       0       0
    9600000                400000                400000             1.3470016E-04         1.0000000E+30            121889       
 NEXT SEEDS:32F67348       5       0       0       0       0   181CD    3039       0       0
    9800000                200000                200000             1.3366633E-04         1.0000000E+30            124418       
 NEXT SEEDS:3A3D937C       5       0       0       0       0   181CD    3039       0       0
    9999950                    50                    50             1.3287280E-04         1.0000000E+30            126999       
 NEXT SEEDS: 5EAF9F5       6       0       0       0       0   181CD    3039       0       0
    9999951                    49                    49             1.3287283E-04         1.0000000E+30            126999       
 NEXT SEEDS: 5EAFD95       6       0       0       0       0   181CD    3039       0       0
    9999952                    48                    48             1.3287281E-04         1.0000000E+30            126999       
 NEXT SEEDS: 5EAFE1C       6       0       0       0       0   181CD    3039       0       0
    9999953                    47                    47             1.3287281E-04         1.0000000E+30            126999       
 NEXT SEEDS: 5EAFEA6       6       0       0       0       0   181CD    3039       0       0
    9999954                    46                    46             1.3287281E-04         1.0000000E+30            126999       
 NEXT SEEDS: 5EAFFE2       6       0       0       0       0   181CD    3039       0       0
    9999955                    45                    45             1.3287282E-04         1.0000000E+30            126999       
 NEXT SEEDS: 5EB01EC       6       0       0       0       0   181CD    3039       0       0
    9999956                    44                    44             1.3287282E-04         1.0000000E+30            126999       
 NEXT SEEDS: 5EB036B       6       0       0       0       0   181CD    3039       0       0
    9999957                    43                    43             1.3287283E-04         1.0000000E+30            126999       
 NEXT SEEDS: 5EB048E       6       0       0       0       0   181CD    3039       0       0
    9999958                    42                    42             1.3287284E-04         1.0000000E+30            126999       
 NEXT SEEDS: 5EB0812       6       0       0       0       0   181CD    3039       0       0
    9999959                    41                    41             1.3287284E-04         1.0000000E+30            126999       
 NEXT SEEDS: 5EB08B5       6       0       0       0       0   181CD    3039       0       0
    9999960                    40                    40             1.3287284E-04         1.0000000E+30            126999       
 NEXT SEEDS: 5EB0C64       6       0       0       0       0   181CD    3039       0       0
    9999961                    39                    39             1.3287284E-04         1.0000000E+30            126999       
 NEXT SEEDS: 5EB0E6E       6       0       0       0       0   181CD    3039       0       0
    9999962                    38                    38             1.3287285E-04         1.0000000E+30            126999       
 NEXT SEEDS: 5EB11E2       6       0       0       0       0   181CD    3039       0       0
    9999963                    37                    37             1.3287285E-04         1.0000000E+30            126999       
 NEXT SEEDS: 5EB14E8       6       0       0       0       0   181CD    3039       0       0
    9999964                    36                    36             1.3287285E-04         1.0000000E+30            126999       
 NEXT SEEDS: 5EB16D7       6       0       0       0       0   181CD    3039       0       0
    9999965                    35                    35             1.3287286E-04         1.0000000E+30            126999       
 NEXT SEEDS: 5EB19E5       6       0       0       0       0   181CD    3039       0       0
    9999966                    34                    34             1.3287286E-04         1.0000000E+30            126999       
 NEXT SEEDS: 5EB1D52       6       0       0       0       0   181CD    3039       0       0
    9999967                    33                    33             1.3287287E-04         1.0000000E+30            126999       
 NEXT SEEDS: 5EB1F5A       6       0       0       0       0   181CD    3039       0       0
    9999968                    32                    32             1.3287287E-04         1.0000000E+30            126999       
 NEXT SEEDS: 5EB2203       6       0       0       0       0   181CD    3039       0       0
    9999969                    31                    31             1.3287287E-04         1.0000000E+30            126999       
 NEXT SEEDS: 5EB236D       6       0       0       0       0   181CD    3039       0       0
    9999970                    30                    30             1.3287287E-04         1.0000000E+30            126999       
 NEXT SEEDS: 5EB2503       6       0       0       0       0   181CD    3039       0       0
    9999971                    29                    29             1.3287287E-04         1.0000000E+30            126999       
 NEXT SEEDS: 5EB26B8       6       0       0       0       0   181CD    3039       0       0
    9999972                    28                    28             1.3287288E-04         1.0000000E+30            126999       
 NEXT SEEDS: 5EB2990       6       0       0       0       0   181CD    3039       0       0
    9999973                    27                    27             1.3287288E-04         1.0000000E+30            126999       
 NEXT SEEDS: 5EB2BA3       6       0       0       0       0   181CD    3039       0       0
    9999974                    26                    26             1.3287287E-04         1.0000000E+30            126999       
 NEXT SEEDS: 5EB2CB3       6       0       0       0       0   181CD    3039       0       0
    9999975                    25                    25             1.3287287E-04         1.0000000E+30            126999       
 NEXT SEEDS: 5EB2DBE       6       0       0       0       0   181CD    3039       0       0
    9999976                    24                    24             1.3287287E-04         1.0000000E+30            126999       
 NEXT SEEDS: 5EB3189       6       0       0       0       0   181CD    3039       0       0
    9999977                    23                    23             1.3287288E-04         1.0000000E+30            126999       
 NEXT SEEDS: 5EB352A       6       0       0       0       0   181CD    3039       0       0
    9999978                    22                    22             1.3287288E-04         1.0000000E+30            126999       
 NEXT SEEDS: 5EB363B       6       0       0       0       0   181CD    3039       0       0
    9999979                    21                    21             1.3287288E-04         1.0000000E+30            126999       
 NEXT SEEDS: 5EB3893       6       0       0       0       0   181CD    3039       0       0
    9999980                    20                    20             1.3287288E-04         1.0000000E+30            126999       
 NEXT SEEDS: 5EB3BB1       6       0       0       0       0   181CD    3039       0       0
    9999981                    19                    19             1.3287288E-04         1.0000000E+30            126999       
 NEXT SEEDS: 5EB3CC2       6       0       0       0       0   181CD    3039       0       0
    9999982                    18                    18             1.3287289E-04         1.0000000E+30            126999       
 NEXT SEEDS: 5EB3F86       6       0       0       0       0   181CD    3039       0       0
    9999983                    17                    17             1.3287289E-04         1.0000000E+30            126999       
 NEXT SEEDS: 5EB4219       6       0       0       0       0   181CD    3039       0       0
    9999984                    16                    16             1.3287289E-04         1.0000000E+30            126999       
 NEXT SEEDS: 5EB42FB       6       0       0       0       0   181CD    3039       0       0
    9999985                    15                    15             1.3287289E-04         1.0000000E+30            126999       
 NEXT SEEDS: 5EB449B       6       0       0       0       0   181CD    3039       0       0
    9999986                    14                    14             1.3287289E-04         1.0000000E+30            126999       
 NEXT SEEDS: 5EB4633       6       0       0       0       0   181CD    3039       0       0
    9999987                    13                    13             1.3287288E-04         1.0000000E+30            126999       
 NEXT SEEDS: 5EB4920       6       0       0       0       0   181CD    3039       0       0
    9999988                    12                    12             1.3287288E-04         1.0000000E+30            126999       
 NEXT SEEDS: 5EB4C2A       6       0       0       0       0   181CD    3039       0       0
    9999989                    11                    11             1.3287288E-04         1.0000000E+30            126999       
 NEXT SEEDS: 5EB4CC1       6       0       0       0       0   181CD    3039       0       0
    9999990                    10                    10             1.3287288E-04         1.0000000E+30            126999       
 NEXT SEEDS: 5EB4F00       6       0       0       0       0   181CD    3039       0       0
    9999991                     9                     9             1.3287289E-04         1.0000000E+30            126999       
 NEXT SEEDS: 5EB5254       6       0       0       0       0   181CD    3039       0       0
    9999992                     8                     8             1.3287289E-04         1.0000000E+30            126999       
 NEXT SEEDS: 5EB5348       6       0       0       0       0   181CD    3039       0       0
    9999993                     7                     7             1.3287289E-04         1.0000000E+30            126999       
 NEXT SEEDS: 5EB56AD       6       0       0       0       0   181CD    3039       0       0
    9999994                     6                     6             1.3287289E-04         1.0000000E+30            126999       
 NEXT SEEDS: 5EB59A8       6       0       0       0       0   181CD    3039       0       0
    9999995                     5                     5             1.3287289E-04         1.0000000E+30            126999       
 NEXT SEEDS: 5EB5A3B       6       0       0       0       0   181CD    3039       0       0
    9999996                     4                     4             1.3287289E-04         1.0000000E+30            126999       
 NEXT SEEDS: 5EB5C1E       6       0       0       0       0   181CD    3039       0       0
    9999997                     3                     3             1.3287289E-04         1.0000000E+30            126999       
 NEXT SEEDS: 5EB5D4F       6       0       0       0       0   181CD    3039       0       0
    9999998                     2                     2             1.3287289E-04         1.0000000E+30            126999       
 NEXT SEEDS: 5EB6027       6       0       0       0       0   181CD    3039       0       0
    9999999                     1                     1             1.3287290E-04         1.0000000E+30            126999       
 NEXT SEEDS: 5EB638E       6       0       0       0       0   181CD    3039       0       0
   10000000                     0                     1             1.3287290E-04         1.0000000E+30            126999       
 NEXT SEEDS: 5EB665D       6       0       0       0       0   181CD    3039       0       0
