1NUMBER OF BEAM       NUMBER OF BEAM        APPROXIMATE NUMBER    AVERAGE TIME USED     TIME LEFT (RESERVED   NUMBER OF STARS
 PARTICLES HANDLED    PARTICLES LEFT        OF BEAM PARTICLES     BY A BEAM PARTICLE     10000.0 SECONDS      CREATED
                                            THAT CAN STILL BE                           FOR PRINTOUT)
                                            HANDLED

 NEXT SEEDS:       0       0       0       0       0       0   181CD    3039       0       0
          1                999999                999999             1.6031265E-03         1.0000000E+30                 0       
 NEXT SEEDS:    1905       0       0       0       0       0   181CD    3039       0       0
      20000                980000                980000             2.0690637E-03         1.0000000E+30              3306       
 NEXT SEEDS: 8728A32       0       0       0       0       0   181CD    3039       0       0
      40000                960000                960000             2.3229173E-03         1.0000000E+30              6570       
 NEXT SEEDS:10E79C39       0       0       0       0       0   181CD    3039       0       0
      60000                940000                940000             2.4622235E-03         1.0000000E+30              9830       
 NEXT SEEDS:1968E0A9       0       0       0       0       0   181CD    3039       0       0
      80000                920000                920000             2.4715595E-03         1.0000000E+30             13144       
 NEXT SEEDS:21D7D4A4       0       0       0       0       0   181CD    3039       0       0
     100000                900000                900000             2.3470142E-03         1.0000000E+30             16466       
 NEXT SEEDS:2A58A33D       0       0       0       0       0   181CD    3039       0       0
     120000                880000                880000             2.3384092E-03         1.0000000E+30             19732       
 NEXT SEEDS:32C7AD7B       0       0       0       0       0   181CD    3039       0       0
     140000                860000                860000             2.3952037E-03         1.0000000E+30             23068       
 NEXT SEEDS:3B3D47F1       0       0       0       0       0   181CD    3039       0       0
     160000                840000                840000             2.4477913E-03         1.0000000E+30             26346       
 NEXT SEEDS: 8123A8B       1       0       0       0       0   181CD    3039       0       0
     180000                820000                820000             2.4529326E-03         1.0000000E+30             29587       
 NEXT SEEDS:10898621       1       0       0       0       0   181CD    3039       0       0
     200000                800000                800000             2.4806746E-03         1.0000000E+30             32877       
 NEXT SEEDS:19033B99       1       0       0       0       0   181CD    3039       0       0
     220000                780000                780000             2.5039426E-03         1.0000000E+30             36122       
 NEXT SEEDS:217E5A8D       1       0       0       0       0   181CD    3039       0       0
     240000                760000                760000             2.5025047E-03         1.0000000E+30             39399       
 NEXT SEEDS:29E9C131       1       0       0       0       0   181CD    3039       0       0
     260000                740000                740000             2.5140930E-03         1.0000000E+30             42629       
 NEXT SEEDS:3265A1D5       1       0       0       0       0   181CD    3039       0       0
 COUSET, TXYZ:   1.00000000000541     -0.942107097055489      0.335312119805561    
     280000                720000                720000             2.5353402E-03         1.0000000E+30             45874       
 NEXT SEEDS:3ADA6816       1       0       0       0       0   181CD    3039       0       0
     300000                700000                700000             2.5370400E-03         1.0000000E+30             49150       
 NEXT SEEDS: 7B71CA6       2       0       0       0       0   181CD    3039       0       0
     320000                680000                680000             2.5448570E-03         1.0000000E+30             52363       
 NEXT SEEDS:10287CA3       2       0       0       0       0   181CD    3039       0       0
     340000                660000                660000             2.5200028E-03         1.0000000E+30             55615       
 NEXT SEEDS:18B49F4A       2       0       0       0       0   181CD    3039       0       0
     360000                640000                640000             2.5031303E-03         1.0000000E+30             59033       
 NEXT SEEDS:212DA5EC       2       0       0       0       0   181CD    3039       0       0
     380000                620000                620000             2.5032013E-03         1.0000000E+30             62306       
 NEXT SEEDS:29A2D974       2       0       0       0       0   181CD    3039       0       0
     400000                600000                600000             2.4718361E-03         1.0000000E+30             65522       
 NEXT SEEDS:32104E16       2       0       0       0       0   181CD    3039       0       0
     420000                580000                580000             2.4320737E-03         1.0000000E+30             68874       
 NEXT SEEDS:3A883186       2       0       0       0       0   181CD    3039       0       0
     440000                560000                560000             2.3809784E-03         1.0000000E+30             72179       
 NEXT SEEDS: 75226C4       3       0       0       0       0   181CD    3039       0       0
     460000                540000                540000             2.3406537E-03         1.0000000E+30             75444       
 NEXT SEEDS: FC76E4E       3       0       0       0       0   181CD    3039       0       0
     480000                520000                520000             2.2971802E-03         1.0000000E+30             78700       
 NEXT SEEDS:1830A134       3       0       0       0       0   181CD    3039       0       0
     500000                500000                500000             2.2606956E-03         1.0000000E+30             81978       
 NEXT SEEDS:20B4B3EE       3       0       0       0       0   181CD    3039       0       0
 COUSET, TXYZ:   1.00000000002177      0.798809925584810     -0.601583496142248    
     520000                480000                480000             2.2070686E-03         1.0000000E+30             85254       
 NEXT SEEDS:292F409F       3       0       0       0       0   181CD    3039       0       0
     540000                460000                460000             2.1678611E-03         1.0000000E+30             88626       
 NEXT SEEDS:31AA0209       3       0       0       0       0   181CD    3039       0       0
     560000                440000                440000             2.1427285E-03         1.0000000E+30             91931       
 NEXT SEEDS:3A22644F       3       0       0       0       0   181CD    3039       0       0
     580000                420000                420000             2.1145983E-03         1.0000000E+30             95230       
 NEXT SEEDS: 6FEAA07       4       0       0       0       0   181CD    3039       0       0
     600000                400000                400000             2.0930558E-03         1.0000000E+30             98446       
 NEXT SEEDS: F876C8D       4       0       0       0       0   181CD    3039       0       0
     620000                380000                380000             2.0673639E-03         1.0000000E+30            101723       
 NEXT SEEDS:17F493D1       4       0       0       0       0   181CD    3039       0       0
     640000                360000                360000             2.0500435E-03         1.0000000E+30            104934       
 NEXT SEEDS:20790006       4       0       0       0       0   181CD    3039       0       0
     660000                340000                340000             2.0400291E-03         1.0000000E+30            108213       
 NEXT SEEDS:28EB9BF8       4       0       0       0       0   181CD    3039       0       0
     680000                320000                320000             2.0256994E-03         1.0000000E+30            111456       
 NEXT SEEDS:315AC5EF       4       0       0       0       0   181CD    3039       0       0
     700000                300000                300000             2.0136131E-03         1.0000000E+30            114748       
 NEXT SEEDS:39C38ED5       4       0       0       0       0   181CD    3039       0       0
     720000                280000                280000             1.9993291E-03         1.0000000E+30            118022       
 NEXT SEEDS: 6A13C3D       5       0       0       0       0   181CD    3039       0       0
     740000                260000                260000             1.9808759E-03         1.0000000E+30            121261       
 NEXT SEEDS: F0DE3B7       5       0       0       0       0   181CD    3039       0       0
     760000                240000                240000             1.9674652E-03         1.0000000E+30            124470       
 NEXT SEEDS:1789659C       5       0       0       0       0   181CD    3039       0       0
     780000                220000                220000             1.9519827E-03         1.0000000E+30            127706       
 NEXT SEEDS:20100954       5       0       0       0       0   181CD    3039       0       0
     800000                200000                200000             1.9407164E-03         1.0000000E+30            130979       
 NEXT SEEDS:2886ACC7       5       0       0       0       0   181CD    3039       0       0
     820000                180000                180000             1.9294213E-03         1.0000000E+30            134286       
 NEXT SEEDS:30F771FE       5       0       0       0       0   181CD    3039       0       0
     840000                160000                160000             1.9145906E-03         1.0000000E+30            137539       
 NEXT SEEDS:3968561D       5       0       0       0       0   181CD    3039       0       0
     860000                140000                140000             1.9047918E-03         1.0000000E+30            140803       
 NEXT SEEDS: 65DD704       6       0       0       0       0   181CD    3039       0       0
     880000                120000                120000             1.8921310E-03         1.0000000E+30            144155       
 NEXT SEEDS: ED9CFD7       6       0       0       0       0   181CD    3039       0       0
     900000                100000                100000             1.8842901E-03         1.0000000E+30            147358       
 NEXT SEEDS:1753EDF8       6       0       0       0       0   181CD    3039       0       0
     920000                 80000                 80000             1.8756191E-03         1.0000000E+30            150710       
 NEXT SEEDS:1FD0CE3F       6       0       0       0       0   181CD    3039       0       0
     940000                 60000                 60000             1.8636338E-03         1.0000000E+30            153957       
 NEXT SEEDS:28461368       6       0       0       0       0   181CD    3039       0       0
     960000                 40000                 40000             1.8557134E-03         1.0000000E+30            157399       
 NEXT SEEDS:30C185EE       6       0       0       0       0   181CD    3039       0       0
     980000                 20000                 20000             1.8445923E-03         1.0000000E+30            160680       
 NEXT SEEDS:39295563       6       0       0       0       0   181CD    3039       0       0
     999950                    50                    50             1.8360741E-03         1.0000000E+30            163940       
 NEXT SEEDS: 5FB4E45       7       0       0       0       0   181CD    3039       0       0
     999951                    49                    49             1.8360768E-03         1.0000000E+30            163940       
 NEXT SEEDS: 5FB68EB       7       0       0       0       0   181CD    3039       0       0
     999952                    48                    48             1.8360791E-03         1.0000000E+30            163940       
 NEXT SEEDS: 5FB82D6       7       0       0       0       0   181CD    3039       0       0
     999953                    47                    47             1.8360829E-03         1.0000000E+30            163940       
 NEXT SEEDS: 5FBA21D       7       0       0       0       0   181CD    3039       0       0
     999954                    46                    46             1.8360851E-03         1.0000000E+30            163940       
 NEXT SEEDS: 5FBB7F3       7       0       0       0       0   181CD    3039       0       0
     999955                    45                    45             1.8360917E-03         1.0000000E+30            163941       
 NEXT SEEDS: 5FBE6EC       7       0       0       0       0   181CD    3039       0       0
     999956                    44                    44             1.8360940E-03         1.0000000E+30            163941       
 NEXT SEEDS: 5FC0024       7       0       0       0       0   181CD    3039       0       0
     999957                    43                    43             1.8360968E-03         1.0000000E+30            163941       
 NEXT SEEDS: 5FC1781       7       0       0       0       0   181CD    3039       0       0
     999958                    42                    42             1.8361046E-03         1.0000000E+30            163943       
 NEXT SEEDS: 5FC4938       7       0       0       0       0   181CD    3039       0       0
     999959                    41                    41             1.8361076E-03         1.0000000E+30            163943       
 NEXT SEEDS: 5FC66CA       7       0       0       0       0   181CD    3039       0       0
     999960                    40                    40             1.8361098E-03         1.0000000E+30            163943       
 NEXT SEEDS: 5FC7BF8       7       0       0       0       0   181CD    3039       0       0
     999961                    39                    39             1.8361120E-03         1.0000000E+30            163943       
 NEXT SEEDS: 5FC95E8       7       0       0       0       0   181CD    3039       0       0
     999962                    38                    38             1.8361148E-03         1.0000000E+30            163943       
 NEXT SEEDS: 5FCB1E3       7       0       0       0       0   181CD    3039       0       0
     999963                    37                    37             1.8361176E-03         1.0000000E+30            163943       
 NEXT SEEDS: 5FCCEE3       7       0       0       0       0   181CD    3039       0       0
     999964                    36                    36             1.8361194E-03         1.0000000E+30            163943       
 NEXT SEEDS: 5FCE33A       7       0       0       0       0   181CD    3039       0       0
     999965                    35                    35             1.8361209E-03         1.0000000E+30            163943       
 NEXT SEEDS: 5FCF6BF       7       0       0       0       0   181CD    3039       0       0
     999966                    34                    34             1.8361226E-03         1.0000000E+30            163943       
 NEXT SEEDS: 5FD0A32       7       0       0       0       0   181CD    3039       0       0
     999967                    33                    33             1.8361250E-03         1.0000000E+30            163943       
 NEXT SEEDS: 5FD24EC       7       0       0       0       0   181CD    3039       0       0
     999968                    32                    32             1.8361305E-03         1.0000000E+30            163944       
 NEXT SEEDS: 5FD53CC       7       0       0       0       0   181CD    3039       0       0
     999969                    31                    31             1.8361331E-03         1.0000000E+30            163944       
 NEXT SEEDS: 5FD6DFC       7       0       0       0       0   181CD    3039       0       0
     999970                    30                    30             1.8361352E-03         1.0000000E+30            163944       
 NEXT SEEDS: 5FD85C7       7       0       0       0       0   181CD    3039       0       0
     999971                    29                    29             1.8361374E-03         1.0000000E+30            163944       
 NEXT SEEDS: 5FD9E3F       7       0       0       0       0   181CD    3039       0       0
     999972                    28                    28             1.8361435E-03         1.0000000E+30            163945       
 NEXT SEEDS: 5FDCEC2       7       0       0       0       0   181CD    3039       0       0
     999973                    27                    27             1.8361452E-03         1.0000000E+30            163945       
 NEXT SEEDS: 5FDE1C8       7       0       0       0       0   181CD    3039       0       0
     999974                    26                    26             1.8361476E-03         1.0000000E+30            163945       
 NEXT SEEDS: 5FDF8DB       7       0       0       0       0   181CD    3039       0       0
     999975                    25                    25             1.8361499E-03         1.0000000E+30            163945       
 NEXT SEEDS: 5FE135C       7       0       0       0       0   181CD    3039       0       0
     999976                    24                    24             1.8361527E-03         1.0000000E+30            163945       
 NEXT SEEDS: 5FE2E04       7       0       0       0       0   181CD    3039       0       0
     999977                    23                    23             1.8361549E-03         1.0000000E+30            163945       
 NEXT SEEDS: 5FE45E4       7       0       0       0       0   181CD    3039       0       0
     999978                    22                    22             1.8361581E-03         1.0000000E+30            163945       
 NEXT SEEDS: 5FE60C6       7       0       0       0       0   181CD    3039       0       0
     999979                    21                    21             1.8361615E-03         1.0000000E+30            163945       
 NEXT SEEDS: 5FE76EE       7       0       0       0       0   181CD    3039       0       0
     999980                    20                    20             1.8361637E-03         1.0000000E+30            163945       
 NEXT SEEDS: 5FE8B41       7       0       0       0       0   181CD    3039       0       0
     999981                    19                    19             1.8361659E-03         1.0000000E+30            163945       
 NEXT SEEDS: 5FEA399       7       0       0       0       0   181CD    3039       0       0
     999982                    18                    18             1.8361692E-03         1.0000000E+30            163946       
 NEXT SEEDS: 5FEBD76       7       0       0       0       0   181CD    3039       0       0
     999983                    17                    17             1.8361716E-03         1.0000000E+30            163946       
 NEXT SEEDS: 5FED84B       7       0       0       0       0   181CD    3039       0       0
     999984                    16                    16             1.8361739E-03         1.0000000E+30            163946       
 NEXT SEEDS: 5FEEF97       7       0       0       0       0   181CD    3039       0       0
     999985                    15                    15             1.8361760E-03         1.0000000E+30            163946       
 NEXT SEEDS: 5FF06F5       7       0       0       0       0   181CD    3039       0       0
     999986                    14                    14             1.8361784E-03         1.0000000E+30            163946       
 NEXT SEEDS: 5FF213E       7       0       0       0       0   181CD    3039       0       0
     999987                    13                    13             1.8361845E-03         1.0000000E+30            163947       
 NEXT SEEDS: 5FF542E       7       0       0       0       0   181CD    3039       0       0
     999988                    12                    12             1.8361867E-03         1.0000000E+30            163947       
 NEXT SEEDS: 5FF6C11       7       0       0       0       0   181CD    3039       0       0
     999989                    11                    11             1.8361905E-03         1.0000000E+30            163948       
 NEXT SEEDS: 5FF8E2C       7       0       0       0       0   181CD    3039       0       0
     999990                    10                    10             1.8361926E-03         1.0000000E+30            163948       
 NEXT SEEDS: 5FFA41D       7       0       0       0       0   181CD    3039       0       0
     999991                     9                     9             1.8361907E-03         1.0000000E+30            163948       
 NEXT SEEDS: 5FFBA5E       7       0       0       0       0   181CD    3039       0       0
     999992                     8                     8             1.8361944E-03         1.0000000E+30            163948       
 NEXT SEEDS: 5FFDDA3       7       0       0       0       0   181CD    3039       0       0
     999993                     7                     7             1.8361973E-03         1.0000000E+30            163948       
 NEXT SEEDS: 5FFFBF4       7       0       0       0       0   181CD    3039       0       0
     999994                     6                     6             1.8361996E-03         1.0000000E+30            163948       
 NEXT SEEDS: 600132E       7       0       0       0       0   181CD    3039       0       0
     999995                     5                     5             1.8362024E-03         1.0000000E+30            163949       
 NEXT SEEDS: 6002E43       7       0       0       0       0   181CD    3039       0       0
     999996                     4                     4             1.8362045E-03         1.0000000E+30            163949       
 NEXT SEEDS: 600455C       7       0       0       0       0   181CD    3039       0       0
     999997                     3                     3             1.8362074E-03         1.0000000E+30            163949       
 NEXT SEEDS: 6005EA8       7       0       0       0       0   181CD    3039       0       0
     999998                     2                     2             1.8362097E-03         1.0000000E+30            163949       
 NEXT SEEDS: 600751F       7       0       0       0       0   181CD    3039       0       0
     999999                     1                     1             1.8362081E-03         1.0000000E+30            163949       
 NEXT SEEDS: 6008E2E       7       0       0       0       0   181CD    3039       0       0
    1000000                     0                     1             1.8362063E-03         1.0000000E+30            163949       
 NEXT SEEDS: 600A5D8       7       0       0       0       0   181CD    3039       0       0
