1NUMBER OF BEAM       NUMBER OF BEAM        APPROXIMATE NUMBER    AVERAGE TIME USED     TIME LEFT (RESERVED   NUMBER OF STARS
 PARTICLES HANDLED    PARTICLES LEFT        OF BEAM PARTICLES     BY A BEAM PARTICLE     10000.0 SECONDS      CREATED
                                            THAT CAN STILL BE                           FOR PRINTOUT)
                                            HANDLED

 NEXT SEEDS:       0       0       0       0       0       0   181CD    3039       0       0
          1               9999999               9999999             1.2090206E-03         1.0000000E+30                 0       
 NEXT SEEDS:     2E3       0       0       0       0       0   181CD    3039       0       0
     200000               9800000               9800000             1.3387017E-04         1.0000000E+30              2894       
 NEXT SEEDS: 70150CF       0       0       0       0       0   181CD    3039       0       0
     400000               9600000               9600000             1.2944176E-04         1.0000000E+30              5868       
 NEXT SEEDS: E0216BB       0       0       0       0       0   181CD    3039       0       0
     600000               9400000               9400000             1.2777277E-04         1.0000000E+30              8724       
 NEXT SEEDS:14FDDA71       0       0       0       0       0   181CD    3039       0       0
     800000               9200000               9200000             1.3118210E-04         1.0000000E+30             11676       
 NEXT SEEDS:1C0263BF       0       0       0       0       0   181CD    3039       0       0
    1000000               9000000               9000000             1.2982713E-04         1.0000000E+30             14599       
 NEXT SEEDS:23020E1D       0       0       0       0       0   181CD    3039       0       0
    1200000               8800000               8800000             1.2892807E-04         1.0000000E+30             17425       
 NEXT SEEDS:29F8B80A       0       0       0       0       0   181CD    3039       0       0
    1400000               8600000               8600000             1.2842914E-04         1.0000000E+30             20353       
 NEXT SEEDS:30FADB1C       0       0       0       0       0   181CD    3039       0       0
    1600000               8400000               8400000             1.2791023E-04         1.0000000E+30             23260       
 NEXT SEEDS:37F0CC58       0       0       0       0       0   181CD    3039       0       0
    1800000               8200000               8200000             1.2939121E-04         1.0000000E+30             26109       
 NEXT SEEDS: 34CA862       1       0       0       0       0   181CD    3039       0       0
    2000000               8000000               8000000             1.2895462E-04         1.0000000E+30             29006       
 NEXT SEEDS: A48C496       1       0       0       0       0   181CD    3039       0       0
    2200000               7800000               7800000             1.2855754E-04         1.0000000E+30             31918       
 NEXT SEEDS:1146A49B       1       0       0       0       0   181CD    3039       0       0
    2400000               7600000               7600000             1.2823638E-04         1.0000000E+30             34799       
 NEXT SEEDS:184455A6       1       0       0       0       0   181CD    3039       0       0
    2600000               7400000               7400000             1.2919302E-04         1.0000000E+30             37688       
 NEXT SEEDS:1F3CA8C1       1       0       0       0       0   181CD    3039       0       0
    2800000               7200000               7200000             1.2888104E-04         1.0000000E+30             40540       
 NEXT SEEDS:263CE498       1       0       0       0       0   181CD    3039       0       0
    3000000               7000000               7000000             1.2863863E-04         1.0000000E+30             43471       
 NEXT SEEDS:2D3B4631       1       0       0       0       0   181CD    3039       0       0
    3200000               6800000               6800000             1.2887217E-04         1.0000000E+30             46340       
 NEXT SEEDS:343701BE       1       0       0       0       0   181CD    3039       0       0
    3400000               6600000               6600000             1.2908534E-04         1.0000000E+30             49240       
 NEXT SEEDS:3B30E69B       1       0       0       0       0   181CD    3039       0       0
    3600000               6400000               6400000             1.2885472E-04         1.0000000E+30             52156       
 NEXT SEEDS: 6977D31       2       0       0       0       0   181CD    3039       0       0
    3800000               6200000               6200000             1.2865543E-04         1.0000000E+30             55058       
 NEXT SEEDS: D961AB0       2       0       0       0       0   181CD    3039       0       0
    4000000               6000000               6000000             1.2926124E-04         1.0000000E+30             57917       
 NEXT SEEDS:148AF2AD       2       0       0       0       0   181CD    3039       0       0
    4200000               5800000               5800000             1.2904086E-04         1.0000000E+30             60746       
 NEXT SEEDS:1B856A90       2       0       0       0       0   181CD    3039       0       0
    4400000               5600000               5600000             1.2883577E-04         1.0000000E+30             63570       
 NEXT SEEDS:2277861C       2       0       0       0       0   181CD    3039       0       0
    4600000               5400000               5400000             1.2866718E-04         1.0000000E+30             66545       
 NEXT SEEDS:297B6EEE       2       0       0       0       0   181CD    3039       0       0
    4800000               5200000               5200000             1.2916642E-04         1.0000000E+30             69441       
 NEXT SEEDS:30776F4D       2       0       0       0       0   181CD    3039       0       0
    5000000               5000000               5000000             1.2899673E-04         1.0000000E+30             72279       
 NEXT SEEDS:377279B1       2       0       0       0       0   181CD    3039       0       0
    5200000               4800000               4800000             1.2884087E-04         1.0000000E+30             75142       
 NEXT SEEDS: 2D6506A       3       0       0       0       0   181CD    3039       0       0
    5400000               4600000               4600000             1.2893698E-04         1.0000000E+30             78000       
 NEXT SEEDS: 9D54DB1       3       0       0       0       0   181CD    3039       0       0
    5600000               4400000               4400000             1.2910798E-04         1.0000000E+30             80914       
 NEXT SEEDS:10D89C91       3       0       0       0       0   181CD    3039       0       0
    5800000               4200000               4200000             1.2898969E-04         1.0000000E+30             83827       
 NEXT SEEDS:17DEDF46       3       0       0       0       0   181CD    3039       0       0
    6000000               4000000               4000000             1.2895585E-04         1.0000000E+30             86658       
 NEXT SEEDS:1EDC18D1       3       0       0       0       0   181CD    3039       0       0
    6200000               3800000               3800000             1.2924188E-04         1.0000000E+30             89682       
 NEXT SEEDS:25E34086       3       0       0       0       0   181CD    3039       0       0
    6400000               3600000               3600000             1.2910552E-04         1.0000000E+30             92568       
 NEXT SEEDS:2CE78A0B       3       0       0       0       0   181CD    3039       0       0
    6600000               3400000               3400000             1.2897527E-04         1.0000000E+30             95475       
 NEXT SEEDS:33E44B37       3       0       0       0       0   181CD    3039       0       0
    6800000               3200000               3200000             1.2930344E-04         1.0000000E+30             98413       
 NEXT SEEDS:3AE52845       3       0       0       0       0   181CD    3039       0       0
    7000000               3000000               3000000             1.2919742E-04         1.0000000E+30            101315       
 NEXT SEEDS: 6456E1E       4       0       0       0       0   181CD    3039       0       0
 COUSET, TXYZ:   1.00000000153440      0.905645419271652      0.424035821153195    
    7200000               2800000               2800000             1.2907704E-04         1.0000000E+30            104181       
 NEXT SEEDS: D439286       4       0       0       0       0   181CD    3039       0       0
    7400000               2600000               2600000             1.2896929E-04         1.0000000E+30            107161       
 NEXT SEEDS:1442E229       4       0       0       0       0   181CD    3039       0       0
    7600000               2400000               2400000             1.2927208E-04         1.0000000E+30            110066       
 NEXT SEEDS:1B39ED6A       4       0       0       0       0   181CD    3039       0       0
    7800000               2200000               2200000             1.2916028E-04         1.0000000E+30            112943       
 NEXT SEEDS:2232ED41       4       0       0       0       0   181CD    3039       0       0
    8000000               2000000               2000000             1.2905562E-04         1.0000000E+30            115890       
 NEXT SEEDS:293E3F78       4       0       0       0       0   181CD    3039       0       0
    8200000               1800000               1800000             1.2894463E-04         1.0000000E+30            118837       
 NEXT SEEDS:3045BA83       4       0       0       0       0   181CD    3039       0       0
    8400000               1600000               1600000             1.2886980E-04         1.0000000E+30            121748       
 NEXT SEEDS:3744F773       4       0       0       0       0   181CD    3039       0       0
    8600000               1400000               1400000             1.2911224E-04         1.0000000E+30            124638       
 NEXT SEEDS: 2A82FFF       5       0       0       0       0   181CD    3039       0       0
    8800000               1200000               1200000             1.2901550E-04         1.0000000E+30            127619       
 NEXT SEEDS: 9B1540A       5       0       0       0       0   181CD    3039       0       0
    9000000               1000000               1000000             1.2892933E-04         1.0000000E+30            130554       
 NEXT SEEDS:10B90806       5       0       0       0       0   181CD    3039       0       0
    9200000                800000                800000             1.2911772E-04         1.0000000E+30            133393       
 NEXT SEEDS:17ADFE36       5       0       0       0       0   181CD    3039       0       0
    9400000                600000                600000             1.2908902E-04         1.0000000E+30            136305       
 NEXT SEEDS:1EADA65E       5       0       0       0       0   181CD    3039       0       0
    9600000                400000                400000             1.2899994E-04         1.0000000E+30            139258       
 NEXT SEEDS:25B521C6       5       0       0       0       0   181CD    3039       0       0
    9800000                200000                200000             1.2891964E-04         1.0000000E+30            142231       
 NEXT SEEDS:2CBD1549       5       0       0       0       0   181CD    3039       0       0
    9999950                    50                    50             1.2915707E-04         1.0000000E+30            145087       
 NEXT SEEDS:33B806F1       5       0       0       0       0   181CD    3039       0       0
    9999951                    49                    49             1.2915709E-04         1.0000000E+30            145087       
 NEXT SEEDS:33B80879       5       0       0       0       0   181CD    3039       0       0
    9999952                    48                    48             1.2915709E-04         1.0000000E+30            145087       
 NEXT SEEDS:33B80A21       5       0       0       0       0   181CD    3039       0       0
    9999953                    47                    47             1.2915709E-04         1.0000000E+30            145087       
 NEXT SEEDS:33B80C6B       5       0       0       0       0   181CD    3039       0       0
    9999954                    46                    46             1.2915709E-04         1.0000000E+30            145087       
 NEXT SEEDS:33B80DD1       5       0       0       0       0   181CD    3039       0       0
    9999955                    45                    45             1.2915710E-04         1.0000000E+30            145087       
 NEXT SEEDS:33B81064       5       0       0       0       0   181CD    3039       0       0
    9999956                    44                    44             1.2915710E-04         1.0000000E+30            145087       
 NEXT SEEDS:33B8121D       5       0       0       0       0   181CD    3039       0       0
    9999957                    43                    43             1.2915710E-04         1.0000000E+30            145087       
 NEXT SEEDS:33B813E7       5       0       0       0       0   181CD    3039       0       0
    9999958                    42                    42             1.2915710E-04         1.0000000E+30            145087       
 NEXT SEEDS:33B814A1       5       0       0       0       0   181CD    3039       0       0
    9999959                    41                    41             1.2915710E-04         1.0000000E+30            145087       
 NEXT SEEDS:33B816A6       5       0       0       0       0   181CD    3039       0       0
    9999960                    40                    40             1.2915710E-04         1.0000000E+30            145087       
 NEXT SEEDS:33B81833       5       0       0       0       0   181CD    3039       0       0
    9999961                    39                    39             1.2915710E-04         1.0000000E+30            145087       
 NEXT SEEDS:33B81A24       5       0       0       0       0   181CD    3039       0       0
    9999962                    38                    38             1.2915709E-04         1.0000000E+30            145087       
 NEXT SEEDS:33B81B12       5       0       0       0       0   181CD    3039       0       0
    9999963                    37                    37             1.2915709E-04         1.0000000E+30            145087       
 NEXT SEEDS:33B81C60       5       0       0       0       0   181CD    3039       0       0
    9999964                    36                    36             1.2915709E-04         1.0000000E+30            145087       
 NEXT SEEDS:33B81D6D       5       0       0       0       0   181CD    3039       0       0
    9999965                    35                    35             1.2915709E-04         1.0000000E+30            145087       
 NEXT SEEDS:33B81F68       5       0       0       0       0   181CD    3039       0       0
    9999966                    34                    34             1.2915709E-04         1.0000000E+30            145087       
 NEXT SEEDS:33B821E3       5       0       0       0       0   181CD    3039       0       0
    9999967                    33                    33             1.2915709E-04         1.0000000E+30            145087       
 NEXT SEEDS:33B822C7       5       0       0       0       0   181CD    3039       0       0
    9999968                    32                    32             1.2915709E-04         1.0000000E+30            145087       
 NEXT SEEDS:33B82490       5       0       0       0       0   181CD    3039       0       0
    9999969                    31                    31             1.2915710E-04         1.0000000E+30            145087       
 NEXT SEEDS:33B82888       5       0       0       0       0   181CD    3039       0       0
    9999970                    30                    30             1.2915710E-04         1.0000000E+30            145087       
 NEXT SEEDS:33B82ACC       5       0       0       0       0   181CD    3039       0       0
    9999971                    29                    29             1.2915710E-04         1.0000000E+30            145087       
 NEXT SEEDS:33B82D56       5       0       0       0       0   181CD    3039       0       0
    9999972                    28                    28             1.2915710E-04         1.0000000E+30            145087       
 NEXT SEEDS:33B82E21       5       0       0       0       0   181CD    3039       0       0
    9999973                    27                    27             1.2915710E-04         1.0000000E+30            145087       
 NEXT SEEDS:33B82EDF       5       0       0       0       0   181CD    3039       0       0
    9999974                    26                    26             1.2915710E-04         1.0000000E+30            145087       
 NEXT SEEDS:33B82F69       5       0       0       0       0   181CD    3039       0       0
    9999975                    25                    25             1.2915717E-04         1.0000000E+30            145088       
 NEXT SEEDS:33B84C0A       5       0       0       0       0   181CD    3039       0       0
    9999976                    24                    24             1.2915718E-04         1.0000000E+30            145088       
 NEXT SEEDS:33B84E85       5       0       0       0       0   181CD    3039       0       0
    9999977                    23                    23             1.2915718E-04         1.0000000E+30            145088       
 NEXT SEEDS:33B850DF       5       0       0       0       0   181CD    3039       0       0
    9999978                    22                    22             1.2915718E-04         1.0000000E+30            145088       
 NEXT SEEDS:33B85205       5       0       0       0       0   181CD    3039       0       0
    9999979                    21                    21             1.2915719E-04         1.0000000E+30            145088       
 NEXT SEEDS:33B85560       5       0       0       0       0   181CD    3039       0       0
    9999980                    20                    20             1.2915719E-04         1.0000000E+30            145088       
 NEXT SEEDS:33B856B6       5       0       0       0       0   181CD    3039       0       0
    9999981                    19                    19             1.2915718E-04         1.0000000E+30            145088       
 NEXT SEEDS:33B8586C       5       0       0       0       0   181CD    3039       0       0
    9999982                    18                    18             1.2915717E-04         1.0000000E+30            145088       
 NEXT SEEDS:33B859CA       5       0       0       0       0   181CD    3039       0       0
    9999983                    17                    17             1.2915715E-04         1.0000000E+30            145088       
 NEXT SEEDS:33B85B12       5       0       0       0       0   181CD    3039       0       0
    9999984                    16                    16             1.2915714E-04         1.0000000E+30            145088       
 NEXT SEEDS:33B85BD4       5       0       0       0       0   181CD    3039       0       0
    9999985                    15                    15             1.2915713E-04         1.0000000E+30            145088       
 NEXT SEEDS:33B85DE8       5       0       0       0       0   181CD    3039       0       0
    9999986                    14                    14             1.2915711E-04         1.0000000E+30            145088       
 NEXT SEEDS:33B86163       5       0       0       0       0   181CD    3039       0       0
    9999987                    13                    13             1.2915710E-04         1.0000000E+30            145088       
 NEXT SEEDS:33B862EF       5       0       0       0       0   181CD    3039       0       0
    9999988                    12                    12             1.2915709E-04         1.0000000E+30            145088       
 NEXT SEEDS:33B8657A       5       0       0       0       0   181CD    3039       0       0
    9999989                    11                    11             1.2915708E-04         1.0000000E+30            145088       
 NEXT SEEDS:33B867E9       5       0       0       0       0   181CD    3039       0       0
    9999990                    10                    10             1.2915706E-04         1.0000000E+30            145088       
 NEXT SEEDS:33B86AC6       5       0       0       0       0   181CD    3039       0       0
    9999991                     9                     9             1.2915705E-04         1.0000000E+30            145088       
 NEXT SEEDS:33B86C57       5       0       0       0       0   181CD    3039       0       0
    9999992                     8                     8             1.2915704E-04         1.0000000E+30            145088       
 NEXT SEEDS:33B86E8E       5       0       0       0       0   181CD    3039       0       0
    9999993                     7                     7             1.2915702E-04         1.0000000E+30            145088       
 NEXT SEEDS:33B87301       5       0       0       0       0   181CD    3039       0       0
    9999994                     6                     6             1.2915701E-04         1.0000000E+30            145088       
 NEXT SEEDS:33B874BC       5       0       0       0       0   181CD    3039       0       0
    9999995                     5                     5             1.2915700E-04         1.0000000E+30            145088       
 NEXT SEEDS:33B87915       5       0       0       0       0   181CD    3039       0       0
    9999996                     4                     4             1.2915698E-04         1.0000000E+30            145088       
 NEXT SEEDS:33B87A22       5       0       0       0       0   181CD    3039       0       0
    9999997                     3                     3             1.2915697E-04         1.0000000E+30            145088       
 NEXT SEEDS:33B87BF7       5       0       0       0       0   181CD    3039       0       0
    9999998                     2                     2             1.2915696E-04         1.0000000E+30            145088       
 NEXT SEEDS:33B87CA5       5       0       0       0       0   181CD    3039       0       0
    9999999                     1                     1             1.2915695E-04         1.0000000E+30            145088       
 NEXT SEEDS:33B87D8A       5       0       0       0       0   181CD    3039       0       0
   10000000                     0                     1             1.2915693E-04         1.0000000E+30            145088       
 NEXT SEEDS:33B88107       5       0       0       0       0   181CD    3039       0       0
