1NUMBER OF BEAM       NUMBER OF BEAM        APPROXIMATE NUMBER    AVERAGE TIME USED     TIME LEFT (RESERVED   NUMBER OF STARS
 PARTICLES HANDLED    PARTICLES LEFT        OF BEAM PARTICLES     BY A BEAM PARTICLE     10000.0 SECONDS      CREATED
                                            THAT CAN STILL BE                           FOR PRINTOUT)
                                            HANDLED

 NEXT SEEDS:       0       0       0       0       0       0   181CD    3039       0       0
          1              49999999              49999999             1.6903877E-04         1.0000000E+30                 0       
 NEXT SEEDS:     150       0       0       0       0       0   181CD    3039       0       0
    1000000              49000000              49000000             1.1336400E-04         1.0000000E+30             12733       
 NEXT SEEDS:24FAD4C9       0       0       0       0       0   181CD    3039       0       0
    2000000              48000000              48000000             1.1559000E-04         1.0000000E+30             25352       
 NEXT SEEDS: E4DCD81       1       0       0       0       0   181CD    3039       0       0
    3000000              47000000              47000000             1.1684620E-04         1.0000000E+30             38101       
 NEXT SEEDS:335BE63D       1       0       0       0       0   181CD    3039       0       0
    4000000              46000000              46000000             1.1653674E-04         1.0000000E+30             50598       
 NEXT SEEDS:1CC80879       2       0       0       0       0   181CD    3039       0       0
    5000000              45000000              45000000             1.1608130E-04         1.0000000E+30             63204       
 NEXT SEEDS: 633D9EB       3       0       0       0       0   181CD    3039       0       0
    6000000              44000000              44000000             1.1653109E-04         1.0000000E+30             75799       
 NEXT SEEDS:2B34E0F8       3       0       0       0       0   181CD    3039       0       0
    7000000              43000000              43000000             1.1564303E-04         1.0000000E+30             88418       
 NEXT SEEDS:148C49B2       4       0       0       0       0   181CD    3039       0       0
    8000000              42000000              42000000             1.1501367E-04         1.0000000E+30            101076       
 NEXT SEEDS:3977C1C7       4       0       0       0       0   181CD    3039       0       0
    9000000              41000000              41000000             1.1445205E-04         1.0000000E+30            113873       
 NEXT SEEDS:22E1AA6F       5       0       0       0       0   181CD    3039       0       0
   10000000              40000000              40000000             1.1402396E-04         1.0000000E+30            126592       
 NEXT SEEDS: C4C1618       6       0       0       0       0   181CD    3039       0       0
   11000000              39000000              39000000             1.1364043E-04         1.0000000E+30            139307       
 NEXT SEEDS:3162F0B8       6       0       0       0       0   181CD    3039       0       0
   12000000              38000000              38000000             1.1396790E-04         1.0000000E+30            152122       
 NEXT SEEDS:1AD568C9       7       0       0       0       0   181CD    3039       0       0
   13000000              37000000              37000000             1.1413412E-04         1.0000000E+30            164768       
 NEXT SEEDS: 42EBA81       8       0       0       0       0   181CD    3039       0       0
   14000000              36000000              36000000             1.1426122E-04         1.0000000E+30            177576       
 NEXT SEEDS:2934682A       8       0       0       0       0   181CD    3039       0       0
   15000000              35000000              35000000             1.1387931E-04         1.0000000E+30            189996       
 NEXT SEEDS:1277315F       9       0       0       0       0   181CD    3039       0       0
   16000000              34000000              34000000             1.1402692E-04         1.0000000E+30            202824       
 NEXT SEEDS:3770F565       9       0       0       0       0   181CD    3039       0       0
 COUSET, TXYZ:   1.00000000001579     -0.956720501442687     -0.291008388454396    
   17000000              33000000              33000000             1.1458952E-04         1.0000000E+30            215593       
 NEXT SEEDS:20CE8228       A       0       0       0       0   181CD    3039       0       0
   18000000              32000000              32000000             1.1494718E-04         1.0000000E+30            228209       
 NEXT SEEDS: A32B0FF       B       0       0       0       0   181CD    3039       0       0
   19000000              31000000              31000000             1.1509716E-04         1.0000000E+30            240780       
 NEXT SEEDS:2F2BF88E       B       0       0       0       0   181CD    3039       0       0
   20000000              30000000              30000000             1.1483666E-04         1.0000000E+30            253495       
 NEXT SEEDS:18B2B59B       C       0       0       0       0   181CD    3039       0       0
   21000000              29000000              29000000             1.1481641E-04         1.0000000E+30            266332       
 NEXT SEEDS: 21D74AE       D       0       0       0       0   181CD    3039       0       0
   22000000              28000000              28000000             1.1468353E-04         1.0000000E+30            279050       
 NEXT SEEDS:2718AC12       D       0       0       0       0   181CD    3039       0       0
   23000000              27000000              27000000             1.1463285E-04         1.0000000E+30            291693       
 NEXT SEEDS:10675D68       E       0       0       0       0   181CD    3039       0       0
   24000000              26000000              26000000             1.1451765E-04         1.0000000E+30            304384       
 NEXT SEEDS:355BA1FB       E       0       0       0       0   181CD    3039       0       0
   25000000              25000000              25000000             1.1433100E-04         1.0000000E+30            316881       
 NEXT SEEDS:1EC02625       F       0       0       0       0   181CD    3039       0       0
 COUSET, TXYZ:   1.00000000000866      0.289470082672169      0.957187061788389    
 COUSET, TXYZ:  0.999999999994701     -0.127341656742058      0.991858912571536    
   26000000              24000000              24000000             1.1418907E-04         1.0000000E+30            329545       
 NEXT SEEDS: 818FBD5      10       0       0       0       0   181CD    3039       0       0
   27000000              23000000              23000000             1.1414766E-04         1.0000000E+30            342494       
 NEXT SEEDS:2D259841      10       0       0       0       0   181CD    3039       0       0
 COUSET, TXYZ:  0.999999999992373      0.389871350580417      0.920869333826113    
   28000000              22000000              22000000             1.1411470E-04         1.0000000E+30            355076       
 NEXT SEEDS:16786B0A      11       0       0       0       0   181CD    3039       0       0
   29000000              21000000              21000000             1.1407118E-04         1.0000000E+30            367762       
 NEXT SEEDS:3B757FC7      11       0       0       0       0   181CD    3039       0       0
   30000000              20000000              20000000             1.1412138E-04         1.0000000E+30            380318       
 NEXT SEEDS:24C679B3      12       0       0       0       0   181CD    3039       0       0
   31000000              19000000              19000000             1.1394113E-04         1.0000000E+30            392927       
 NEXT SEEDS: E0D6C31      13       0       0       0       0   181CD    3039       0       0
   32000000              18000000              18000000             1.1381343E-04         1.0000000E+30            405414       
 NEXT SEEDS:32ED677E      13       0       0       0       0   181CD    3039       0       0
 COUSET, TXYZ:  0.999999999984822     -0.767331000396130      0.641251226744025    
   33000000              17000000              17000000             1.1355182E-04         1.0000000E+30            417924       
 NEXT SEEDS:1C35200A      14       0       0       0       0   181CD    3039       0       0
   34000000              16000000              16000000             1.1341614E-04         1.0000000E+30            430580       
 NEXT SEEDS: 57E7224      15       0       0       0       0   181CD    3039       0       0
   35000000              15000000              15000000             1.1339238E-04         1.0000000E+30            443324       
 NEXT SEEDS:2A7AF948      15       0       0       0       0   181CD    3039       0       0
   36000000              14000000              14000000             1.1331300E-04         1.0000000E+30            455959       
 NEXT SEEDS:13DE7309      16       0       0       0       0   181CD    3039       0       0
   37000000              13000000              13000000             1.1319136E-04         1.0000000E+30            468472       
 NEXT SEEDS:38CEBA40      16       0       0       0       0   181CD    3039       0       0
   38000000              12000000              12000000             1.1327034E-04         1.0000000E+30            481152       
 NEXT SEEDS:221E4066      17       0       0       0       0   181CD    3039       0       0
 COUSET, TXYZ:  0.999999999990728     -0.781595199887984      0.623785975710835    
   39000000              11000000              11000000             1.1347799E-04         1.0000000E+30            493866       
 NEXT SEEDS: B7DA3D7      18       0       0       0       0   181CD    3039       0       0
   40000000              10000000              10000000             1.1372564E-04         1.0000000E+30            506608       
 NEXT SEEDS:308C84A8      18       0       0       0       0   181CD    3039       0       0
   41000000               9000000               9000000             1.1360936E-04         1.0000000E+30            518895       
 NEXT SEEDS:19C945F5      19       0       0       0       0   181CD    3039       0       0
   42000000               8000000               8000000             1.1343266E-04         1.0000000E+30            531605       
 NEXT SEEDS: 33FC2B4      1A       0       0       0       0   181CD    3039       0       0
   43000000               7000000               7000000             1.1336781E-04         1.0000000E+30            544105       
 NEXT SEEDS:28334E3B      1A       0       0       0       0   181CD    3039       0       0
   44000000               6000000               6000000             1.1345900E-04         1.0000000E+30            556917       
 NEXT SEEDS:11A32C5F      1B       0       0       0       0   181CD    3039       0       0
   45000000               5000000               5000000             1.1347285E-04         1.0000000E+30            569718       
 NEXT SEEDS:36AA57EA      1B       0       0       0       0   181CD    3039       0       0
   46000000               4000000               4000000             1.1363925E-04         1.0000000E+30            582141       
 NEXT SEEDS:1FFBE9D6      1C       0       0       0       0   181CD    3039       0       0
 COUSET, TXYZ:   1.00000000001233      0.790067808960057      0.613019459128098    
   47000000               3000000               3000000             1.1371772E-04         1.0000000E+30            594760       
 NEXT SEEDS: 9411BE2      1D       0       0       0       0   181CD    3039       0       0
   48000000               2000000               2000000             1.1384414E-04         1.0000000E+30            607508       
 NEXT SEEDS:2E37C058      1D       0       0       0       0   181CD    3039       0       0
   49000000               1000000               1000000             1.1389942E-04         1.0000000E+30            620175       
 NEXT SEEDS:1798B139      1E       0       0       0       0   181CD    3039       0       0
   49999950                    50                    50             1.1395847E-04         1.0000000E+30            632858       
 NEXT SEEDS: 10F9E04      1F       0       0       0       0   181CD    3039       0       0
   49999951                    49                    49             1.1395847E-04         1.0000000E+30            632858       
 NEXT SEEDS: 10F9E8C      1F       0       0       0       0   181CD    3039       0       0
   49999952                    48                    48             1.1395847E-04         1.0000000E+30            632858       
 NEXT SEEDS: 10F9F05      1F       0       0       0       0   181CD    3039       0       0
   49999953                    47                    47             1.1395847E-04         1.0000000E+30            632858       
 NEXT SEEDS: 10FA093      1F       0       0       0       0   181CD    3039       0       0
   49999954                    46                    46             1.1395847E-04         1.0000000E+30            632858       
 NEXT SEEDS: 10FA11D      1F       0       0       0       0   181CD    3039       0       0
   49999955                    45                    45             1.1395847E-04         1.0000000E+30            632858       
 NEXT SEEDS: 10FA2F4      1F       0       0       0       0   181CD    3039       0       0
   49999956                    44                    44             1.1395848E-04         1.0000000E+30            632858       
 NEXT SEEDS: 10FA642      1F       0       0       0       0   181CD    3039       0       0
   49999957                    43                    43             1.1395847E-04         1.0000000E+30            632858       
 NEXT SEEDS: 10FA813      1F       0       0       0       0   181CD    3039       0       0
   49999958                    42                    42             1.1395847E-04         1.0000000E+30            632858       
 NEXT SEEDS: 10FA9FC      1F       0       0       0       0   181CD    3039       0       0
   49999959                    41                    41             1.1395847E-04         1.0000000E+30            632858       
 NEXT SEEDS: 10FAB1F      1F       0       0       0       0   181CD    3039       0       0
   49999960                    40                    40             1.1395847E-04         1.0000000E+30            632859       
 NEXT SEEDS: 10FB0B6      1F       0       0       0       0   181CD    3039       0       0
   49999961                    39                    39             1.1395846E-04         1.0000000E+30            632859       
 NEXT SEEDS: 10FB131      1F       0       0       0       0   181CD    3039       0       0
   49999962                    38                    38             1.1395846E-04         1.0000000E+30            632859       
 NEXT SEEDS: 10FB229      1F       0       0       0       0   181CD    3039       0       0
   49999963                    37                    37             1.1395846E-04         1.0000000E+30            632859       
 NEXT SEEDS: 10FB449      1F       0       0       0       0   181CD    3039       0       0
   49999964                    36                    36             1.1395846E-04         1.0000000E+30            632859       
 NEXT SEEDS: 10FB6CB      1F       0       0       0       0   181CD    3039       0       0
   49999965                    35                    35             1.1395846E-04         1.0000000E+30            632859       
 NEXT SEEDS: 10FBB53      1F       0       0       0       0   181CD    3039       0       0
   49999966                    34                    34             1.1395845E-04         1.0000000E+30            632859       
 NEXT SEEDS: 10FBCF0      1F       0       0       0       0   181CD    3039       0       0
   49999967                    33                    33             1.1395845E-04         1.0000000E+30            632859       
 NEXT SEEDS: 10FBE22      1F       0       0       0       0   181CD    3039       0       0
   49999968                    32                    32             1.1395845E-04         1.0000000E+30            632859       
 NEXT SEEDS: 10FC0BA      1F       0       0       0       0   181CD    3039       0       0
   49999969                    31                    31             1.1395845E-04         1.0000000E+30            632859       
 NEXT SEEDS: 10FC15E      1F       0       0       0       0   181CD    3039       0       0
   49999970                    30                    30             1.1395844E-04         1.0000000E+30            632859       
 NEXT SEEDS: 10FC2BA      1F       0       0       0       0   181CD    3039       0       0
   49999971                    29                    29             1.1395844E-04         1.0000000E+30            632859       
 NEXT SEEDS: 10FC3D8      1F       0       0       0       0   181CD    3039       0       0
   49999972                    28                    28             1.1395844E-04         1.0000000E+30            632859       
 NEXT SEEDS: 10FC7C5      1F       0       0       0       0   181CD    3039       0       0
   49999973                    27                    27             1.1395844E-04         1.0000000E+30            632859       
 NEXT SEEDS: 10FCA74      1F       0       0       0       0   181CD    3039       0       0
   49999974                    26                    26             1.1395843E-04         1.0000000E+30            632859       
 NEXT SEEDS: 10FCB36      1F       0       0       0       0   181CD    3039       0       0
   49999975                    25                    25             1.1395843E-04         1.0000000E+30            632859       
 NEXT SEEDS: 10FD0CC      1F       0       0       0       0   181CD    3039       0       0
   49999976                    24                    24             1.1395843E-04         1.0000000E+30            632859       
 NEXT SEEDS: 10FD562      1F       0       0       0       0   181CD    3039       0       0
   49999977                    23                    23             1.1395843E-04         1.0000000E+30            632859       
 NEXT SEEDS: 10FD6E4      1F       0       0       0       0   181CD    3039       0       0
   49999978                    22                    22             1.1395843E-04         1.0000000E+30            632859       
 NEXT SEEDS: 10FD801      1F       0       0       0       0   181CD    3039       0       0
   49999979                    21                    21             1.1395843E-04         1.0000000E+30            632859       
 NEXT SEEDS: 10FD93F      1F       0       0       0       0   181CD    3039       0       0
   49999980                    20                    20             1.1395843E-04         1.0000000E+30            632859       
 NEXT SEEDS: 10FDB14      1F       0       0       0       0   181CD    3039       0       0
   49999981                    19                    19             1.1395844E-04         1.0000000E+30            632859       
 NEXT SEEDS: 10FDDDF      1F       0       0       0       0   181CD    3039       0       0
   49999982                    18                    18             1.1395844E-04         1.0000000E+30            632859       
 NEXT SEEDS: 10FE054      1F       0       0       0       0   181CD    3039       0       0
   49999983                    17                    17             1.1395844E-04         1.0000000E+30            632859       
 NEXT SEEDS: 10FE31E      1F       0       0       0       0   181CD    3039       0       0
   49999984                    16                    16             1.1395844E-04         1.0000000E+30            632859       
 NEXT SEEDS: 10FE4A0      1F       0       0       0       0   181CD    3039       0       0
   49999985                    15                    15             1.1395844E-04         1.0000000E+30            632859       
 NEXT SEEDS: 10FE7A4      1F       0       0       0       0   181CD    3039       0       0
   49999986                    14                    14             1.1395845E-04         1.0000000E+30            632859       
 NEXT SEEDS: 10FE82B      1F       0       0       0       0   181CD    3039       0       0
   49999987                    13                    13             1.1395844E-04         1.0000000E+30            632859       
 NEXT SEEDS: 10FEA38      1F       0       0       0       0   181CD    3039       0       0
   49999988                    12                    12             1.1395844E-04         1.0000000E+30            632859       
 NEXT SEEDS: 10FEB4C      1F       0       0       0       0   181CD    3039       0       0
   49999989                    11                    11             1.1395845E-04         1.0000000E+30            632859       
 NEXT SEEDS: 10FEE27      1F       0       0       0       0   181CD    3039       0       0
   49999990                    10                    10             1.1395845E-04         1.0000000E+30            632859       
 NEXT SEEDS: 10FF01B      1F       0       0       0       0   181CD    3039       0       0
   49999991                     9                     9             1.1395844E-04         1.0000000E+30            632859       
 NEXT SEEDS: 10FF137      1F       0       0       0       0   181CD    3039       0       0
   49999992                     8                     8             1.1395845E-04         1.0000000E+30            632859       
 NEXT SEEDS: 10FF3C6      1F       0       0       0       0   181CD    3039       0       0
   49999993                     7                     7             1.1395845E-04         1.0000000E+30            632859       
 NEXT SEEDS: 10FF583      1F       0       0       0       0   181CD    3039       0       0
   49999994                     6                     6             1.1395845E-04         1.0000000E+30            632859       
 NEXT SEEDS: 10FF8AE      1F       0       0       0       0   181CD    3039       0       0
   49999995                     5                     5             1.1395846E-04         1.0000000E+30            632859       
 NEXT SEEDS: 10FFB5A      1F       0       0       0       0   181CD    3039       0       0
   49999996                     4                     4             1.1395845E-04         1.0000000E+30            632859       
 NEXT SEEDS: 10FFD67      1F       0       0       0       0   181CD    3039       0       0
   49999997                     3                     3             1.1395846E-04         1.0000000E+30            632859       
 NEXT SEEDS: 1100077      1F       0       0       0       0   181CD    3039       0       0
   49999998                     2                     2             1.1395846E-04         1.0000000E+30            632859       
 NEXT SEEDS: 1100596      1F       0       0       0       0   181CD    3039       0       0
   49999999                     1                     1             1.1395847E-04         1.0000000E+30            632859       
 NEXT SEEDS: 11008DB      1F       0       0       0       0   181CD    3039       0       0
   50000000                     0                     1             1.1395846E-04         1.0000000E+30            632859       
 NEXT SEEDS: 110099F      1F       0       0       0       0   181CD    3039       0       0
