1NUMBER OF BEAM       NUMBER OF BEAM        APPROXIMATE NUMBER    AVERAGE TIME USED     TIME LEFT (RESERVED   NUMBER OF STARS
 PARTICLES HANDLED    PARTICLES LEFT        OF BEAM PARTICLES     BY A BEAM PARTICLE     10000.0 SECONDS      CREATED
                                            THAT CAN STILL BE                           FOR PRINTOUT)
                                            HANDLED

 NEXT SEEDS:       0       0       0       0       0       0   181CD    3039       0       0
          1              16666665              16666665             4.7397614E-04         1.0000000E+30                 0       
 NEXT SEEDS:     503       0       0       0       0       0   181CD    3039       0       0
     300000              16366666              16366666             3.6295230E-04         1.0000000E+30             13034       
 NEXT SEEDS:1B65ADE1       0       0       0       0       0   181CD    3039       0       0
     600000              16066666              16066666             3.6256906E-04         1.0000000E+30             26034       
 NEXT SEEDS:36C1AA68       0       0       0       0       0   181CD    3039       0       0
     900000              15766666              15766666             3.6298332E-04         1.0000000E+30             39161       
 NEXT SEEDS:169D39A6       1       0       0       0       0   181CD    3039       0       0
    1200000              15466666              15466666             3.6307627E-04         1.0000000E+30             52258       
 NEXT SEEDS:320A137D       1       0       0       0       0   181CD    3039       0       0
    1500000              15166666              15166666             3.6306166E-04         1.0000000E+30             65260       
 NEXT SEEDS:11CE0CEF       2       0       0       0       0   181CD    3039       0       0
    1800000              14866666              14866666             3.6330134E-04         1.0000000E+30             78357       
 NEXT SEEDS:2D4C329A       2       0       0       0       0   181CD    3039       0       0
    2100000              14566666              14566666             3.6338432E-04         1.0000000E+30             91513       
 NEXT SEEDS: D2A4CDE       3       0       0       0       0   181CD    3039       0       0
    2400000              14266666              14266666             3.6343680E-04         1.0000000E+30            104521       
 NEXT SEEDS:2893F99B       3       0       0       0       0   181CD    3039       0       0
    2700000              13966666              13966666             3.6346113E-04         1.0000000E+30            117617       
 NEXT SEEDS: 864E71E       4       0       0       0       0   181CD    3039       0       0
    3000000              13666666              13666666             3.6349026E-04         1.0000000E+30            130814       
 NEXT SEEDS:23D3B534       4       0       0       0       0   181CD    3039       0       0
    3300000              13366666              13366666             3.6363865E-04         1.0000000E+30            144105       
 NEXT SEEDS: 3C3CB41       5       0       0       0       0   181CD    3039       0       0
    3600000              13066666              13066666             3.6366963E-04         1.0000000E+30            157283       
 NEXT SEEDS:1F3879A9       5       0       0       0       0   181CD    3039       0       0
    3900000              12766666              12766666             3.6363571E-04         1.0000000E+30            170448       
 NEXT SEEDS:3AA4907B       5       0       0       0       0   181CD    3039       0       0
    4200000              12466666              12466666             3.6358996E-04         1.0000000E+30            183528       
 NEXT SEEDS:1A6F3A3A       6       0       0       0       0   181CD    3039       0       0
    4500000              12166666              12166666             3.6362629E-04         1.0000000E+30            196762       
 NEXT SEEDS:35E87F94       6       0       0       0       0   181CD    3039       0       0
    4800000              11866666              11866666             3.6355219E-04         1.0000000E+30            209709       
 NEXT SEEDS:15A6A266       7       0       0       0       0   181CD    3039       0       0
    5100000              11566666              11566666             3.6354834E-04         1.0000000E+30            222771       
 NEXT SEEDS:31197CEA       7       0       0       0       0   181CD    3039       0       0
    5400000              11266666              11266666             3.6353883E-04         1.0000000E+30            235961       
 NEXT SEEDS:10ED44ED       8       0       0       0       0   181CD    3039       0       0
    5700000              10966666              10966666             3.6355117E-04         1.0000000E+30            249172       
 NEXT SEEDS:2C63B58E       8       0       0       0       0   181CD    3039       0       0
    6000000              10666666              10666666             3.6352762E-04         1.0000000E+30            262188       
 NEXT SEEDS: C327575       9       0       0       0       0   181CD    3039       0       0
    6300000              10366666              10366666             3.6351109E-04         1.0000000E+30            275223       
 NEXT SEEDS:27A43B08       9       0       0       0       0   181CD    3039       0       0
    6600000              10066666              10066666             3.6365349E-04         1.0000000E+30            288251       
 NEXT SEEDS: 75C6973       A       0       0       0       0   181CD    3039       0       0
    6900000               9766666               9766666             3.6366851E-04         1.0000000E+30            301363       
 NEXT SEEDS:22CCD318       A       0       0       0       0   181CD    3039       0       0
    7200000               9466666               9466666             3.6368923E-04         1.0000000E+30            314458       
 NEXT SEEDS: 2A07864       B       0       0       0       0   181CD    3039       0       0
    7500000               9166666               9166666             3.6372194E-04         1.0000000E+30            327660       
 NEXT SEEDS:1E1B4832       B       0       0       0       0   181CD    3039       0       0
    7800000               8866666               8866666             3.6372170E-04         1.0000000E+30            340736       
 NEXT SEEDS:398AB8B3       B       0       0       0       0   181CD    3039       0       0
    8100000               8566666               8566666             3.6370500E-04         1.0000000E+30            353706       
 NEXT SEEDS:19589A8A       C       0       0       0       0   181CD    3039       0       0
    8400000               8266666               8266666             3.6373195E-04         1.0000000E+30            366838       
 NEXT SEEDS:34D1CFDC       C       0       0       0       0   181CD    3039       0       0
    8700000               7966666               7966666             3.6371958E-04         1.0000000E+30            379925       
 NEXT SEEDS:14A291C6       D       0       0       0       0   181CD    3039       0       0
    9000000               7666666               7666666             3.6372466E-04         1.0000000E+30            393137       
 NEXT SEEDS:300FB2CD       D       0       0       0       0   181CD    3039       0       0
    9300000               7366666               7366666             3.6372151E-04         1.0000000E+30            406255       
 NEXT SEEDS: FEE7102       E       0       0       0       0   181CD    3039       0       0
    9600000               7066666               7066666             3.6373675E-04         1.0000000E+30            419361       
 NEXT SEEDS:2B6EBB69       E       0       0       0       0   181CD    3039       0       0
    9900000               6766666               6766666             3.6375125E-04         1.0000000E+30            432559       
 NEXT SEEDS: B56ACD5       F       0       0       0       0   181CD    3039       0       0
   10200000               6466666               6466666             3.6379140E-04         1.0000000E+30            445890       
 NEXT SEEDS:26DC0D4E       F       0       0       0       0   181CD    3039       0       0
   10500000               6166666               6166666             3.6381770E-04         1.0000000E+30            459280       
 NEXT SEEDS: 6C9C334      10       0       0       0       0   181CD    3039       0       0
   10800000               5866666               5866666             3.6378951E-04         1.0000000E+30            472215       
 NEXT SEEDS:2223A215      10       0       0       0       0   181CD    3039       0       0
   11100000               5566666               5566666             3.6380679E-04         1.0000000E+30            485290       
 NEXT SEEDS: 20AF8B0      11       0       0       0       0   181CD    3039       0       0
 COUSET, TXYZ:  0.999999999981110     -0.226981225738399      0.973899133958190    
   11400000               5266666               5266666             3.6380756E-04         1.0000000E+30            498519       
 NEXT SEEDS:1D76ED92      11       0       0       0       0   181CD    3039       0       0
   11700000               4966666               4966666             3.6376848E-04         1.0000000E+30            511389       
 NEXT SEEDS:38C9ABF2      11       0       0       0       0   181CD    3039       0       0
   12000000               4666666               4666666             3.6378959E-04         1.0000000E+30            524562       
 NEXT SEEDS:18A4D398      12       0       0       0       0   181CD    3039       0       0
   12300000               4366666               4366666             3.6380843E-04         1.0000000E+30            537723       
 NEXT SEEDS:3420CACD      12       0       0       0       0   181CD    3039       0       0
   12600000               4066666               4066666             3.6378557E-04         1.0000000E+30            550802       
 NEXT SEEDS:13EF3BA1      13       0       0       0       0   181CD    3039       0       0
   12900000               3766666               3766666             3.6376533E-04         1.0000000E+30            563980       
 NEXT SEEDS:2F5A393B      13       0       0       0       0   181CD    3039       0       0
   13200000               3466666               3466666             3.6372980E-04         1.0000000E+30            577172       
 NEXT SEEDS: F38C674      14       0       0       0       0   181CD    3039       0       0
   13500000               3166666               3166666             3.6371484E-04         1.0000000E+30            590381       
 NEXT SEEDS:2AB70C3F      14       0       0       0       0   181CD    3039       0       0
   13800000               2866666               2866666             3.6367906E-04         1.0000000E+30            603410       
 NEXT SEEDS: A7A0414      15       0       0       0       0   181CD    3039       0       0
   14100000               2566666               2566666             3.6366567E-04         1.0000000E+30            616301       
 NEXT SEEDS:25D87C83      15       0       0       0       0   181CD    3039       0       0
   14400000               2266666               2266666             3.6367635E-04         1.0000000E+30            629511       
 NEXT SEEDS: 5BA1B70      16       0       0       0       0   181CD    3039       0       0
   14700000               1966666               1966666             3.6366124E-04         1.0000000E+30            642444       
 NEXT SEEDS:2115A152      16       0       0       0       0   181CD    3039       0       0
   15000000               1666666               1666666             3.6365625E-04         1.0000000E+30            655393       
 NEXT SEEDS:  E6ED57      17       0       0       0       0   181CD    3039       0       0
   15300000               1366666               1366666             3.6408129E-04         1.0000000E+30            668640       
 NEXT SEEDS:1C6259A6      17       0       0       0       0   181CD    3039       0       0
   15600000               1066666               1066666             3.6417530E-04         1.0000000E+30            682017       
 NEXT SEEDS:37EB4A0D      17       0       0       0       0   181CD    3039       0       0
   15900000                766666                766666             3.6418472E-04         1.0000000E+30            695279       
 NEXT SEEDS:17D3254F      18       0       0       0       0   181CD    3039       0       0
   16200000                466666                466666             3.6416452E-04         1.0000000E+30            708358       
 NEXT SEEDS:33316B6D      18       0       0       0       0   181CD    3039       0       0
   16500000                166666                166666             3.6417868E-04         1.0000000E+30            721678       
 NEXT SEEDS:1322A3D2      19       0       0       0       0   181CD    3039       0       0
   16666616                    50                    50             3.6417866E-04         1.0000000E+30            728984       
 NEXT SEEDS:226764EC      19       0       0       0       0   181CD    3039       0       0
   16666617                    49                    49             3.6417867E-04         1.0000000E+30            728984       
 NEXT SEEDS:22676B75      19       0       0       0       0   181CD    3039       0       0
   16666618                    48                    48             3.6417868E-04         1.0000000E+30            728984       
 NEXT SEEDS:22676F28      19       0       0       0       0   181CD    3039       0       0
   16666619                    47                    47             3.6417869E-04         1.0000000E+30            728984       
 NEXT SEEDS:226773F6      19       0       0       0       0   181CD    3039       0       0
   16666620                    46                    46             3.6417869E-04         1.0000000E+30            728984       
 NEXT SEEDS:226778D3      19       0       0       0       0   181CD    3039       0       0
   16666621                    45                    45             3.6417870E-04         1.0000000E+30            728984       
 NEXT SEEDS:22677F9B      19       0       0       0       0   181CD    3039       0       0
   16666622                    44                    44             3.6417871E-04         1.0000000E+30            728984       
 NEXT SEEDS:22678456      19       0       0       0       0   181CD    3039       0       0
   16666623                    43                    43             3.6417872E-04         1.0000000E+30            728984       
 NEXT SEEDS:22678778      19       0       0       0       0   181CD    3039       0       0
   16666624                    42                    42             3.6417869E-04         1.0000000E+30            728984       
 NEXT SEEDS:22678A00      19       0       0       0       0   181CD    3039       0       0
   16666625                    41                    41             3.6417873E-04         1.0000000E+30            728984       
 NEXT SEEDS:22679349      19       0       0       0       0   181CD    3039       0       0
   16666626                    40                    40             3.6417874E-04         1.0000000E+30            728984       
 NEXT SEEDS:22679A6D      19       0       0       0       0   181CD    3039       0       0
   16666627                    39                    39             3.6417875E-04         1.0000000E+30            728984       
 NEXT SEEDS:22679F39      19       0       0       0       0   181CD    3039       0       0
   16666628                    38                    38             3.6417875E-04         1.0000000E+30            728984       
 NEXT SEEDS:2267A285      19       0       0       0       0   181CD    3039       0       0
   16666629                    37                    37             3.6417876E-04         1.0000000E+30            728984       
 NEXT SEEDS:2267A533      19       0       0       0       0   181CD    3039       0       0
   16666630                    36                    36             3.6417874E-04         1.0000000E+30            728984       
 NEXT SEEDS:2267A7B3      19       0       0       0       0   181CD    3039       0       0
   16666631                    35                    35             3.6417875E-04         1.0000000E+30            728984       
 NEXT SEEDS:2267AFA9      19       0       0       0       0   181CD    3039       0       0
   16666632                    34                    34             3.6417878E-04         1.0000000E+30            728984       
 NEXT SEEDS:2267B76A      19       0       0       0       0   181CD    3039       0       0
   16666633                    33                    33             3.6417879E-04         1.0000000E+30            728984       
 NEXT SEEDS:2267BD9D      19       0       0       0       0   181CD    3039       0       0
   16666634                    32                    32             3.6417880E-04         1.0000000E+30            728984       
 NEXT SEEDS:2267C0F6      19       0       0       0       0   181CD    3039       0       0
   16666635                    31                    31             3.6417878E-04         1.0000000E+30            728984       
 NEXT SEEDS:2267C455      19       0       0       0       0   181CD    3039       0       0
   16666636                    30                    30             3.6417878E-04         1.0000000E+30            728984       
 NEXT SEEDS:2267C7D9      19       0       0       0       0   181CD    3039       0       0
   16666637                    29                    29             3.6417879E-04         1.0000000E+30            728984       
 NEXT SEEDS:2267CC46      19       0       0       0       0   181CD    3039       0       0
   16666638                    28                    28             3.6417880E-04         1.0000000E+30            728984       
 NEXT SEEDS:2267D054      19       0       0       0       0   181CD    3039       0       0
   16666639                    27                    27             3.6417881E-04         1.0000000E+30            728984       
 NEXT SEEDS:2267D654      19       0       0       0       0   181CD    3039       0       0
   16666640                    26                    26             3.6417881E-04         1.0000000E+30            728984       
 NEXT SEEDS:2267DA61      19       0       0       0       0   181CD    3039       0       0
   16666641                    25                    25             3.6417879E-04         1.0000000E+30            728984       
 NEXT SEEDS:2267DCE4      19       0       0       0       0   181CD    3039       0       0
   16666642                    24                    24             3.6417886E-04         1.0000000E+30            728985       
 NEXT SEEDS:2267EC2E      19       0       0       0       0   181CD    3039       0       0
   16666643                    23                    23             3.6417889E-04         1.0000000E+30            728986       
 NEXT SEEDS:2267FEBE      19       0       0       0       0   181CD    3039       0       0
   16666644                    22                    22             3.6417893E-04         1.0000000E+30            728986       
 NEXT SEEDS:22680365      19       0       0       0       0   181CD    3039       0       0
   16666645                    21                    21             3.6417894E-04         1.0000000E+30            728986       
 NEXT SEEDS:22680878      19       0       0       0       0   181CD    3039       0       0
   16666646                    20                    20             3.6417895E-04         1.0000000E+30            728986       
 NEXT SEEDS:22680E2C      19       0       0       0       0   181CD    3039       0       0
   16666647                    19                    19             3.6417892E-04         1.0000000E+30            728986       
 NEXT SEEDS:226811E9      19       0       0       0       0   181CD    3039       0       0
   16666648                    18                    18             3.6417896E-04         1.0000000E+30            728986       
 NEXT SEEDS:226817A9      19       0       0       0       0   181CD    3039       0       0
   16666649                    17                    17             3.6417894E-04         1.0000000E+30            728986       
 NEXT SEEDS:22681ADF      19       0       0       0       0   181CD    3039       0       0
   16666650                    16                    16             3.6417895E-04         1.0000000E+30            728986       
 NEXT SEEDS:22681DE7      19       0       0       0       0   181CD    3039       0       0
   16666651                    15                    15             3.6417892E-04         1.0000000E+30            728987       
 NEXT SEEDS:2268258E      19       0       0       0       0   181CD    3039       0       0
   16666652                    14                    14             3.6417890E-04         1.0000000E+30            728987       
 NEXT SEEDS:226826E4      19       0       0       0       0   181CD    3039       0       0
   16666653                    13                    13             3.6417888E-04         1.0000000E+30            728987       
 NEXT SEEDS:22682BED      19       0       0       0       0   181CD    3039       0       0
   16666654                    12                    12             3.6417889E-04         1.0000000E+30            728988       
 NEXT SEEDS:226856A1      19       0       0       0       0   181CD    3039       0       0
   16666655                    11                    11             3.6417890E-04         1.0000000E+30            728988       
 NEXT SEEDS:22685B26      19       0       0       0       0   181CD    3039       0       0
   16666656                    10                    10             3.6417887E-04         1.0000000E+30            728988       
 NEXT SEEDS:22685F1C      19       0       0       0       0   181CD    3039       0       0
   16666657                     9                     9             3.6417888E-04         1.0000000E+30            728988       
 NEXT SEEDS:22686479      19       0       0       0       0   181CD    3039       0       0
   16666658                     8                     8             3.6417889E-04         1.0000000E+30            728988       
 NEXT SEEDS:22686756      19       0       0       0       0   181CD    3039       0       0
   16666659                     7                     7             3.6417890E-04         1.0000000E+30            728988       
 NEXT SEEDS:22686D3B      19       0       0       0       0   181CD    3039       0       0
   16666660                     6                     6             3.6417890E-04         1.0000000E+30            728988       
 NEXT SEEDS:226871BF      19       0       0       0       0   181CD    3039       0       0
   16666661                     5                     5             3.6417891E-04         1.0000000E+30            728988       
 NEXT SEEDS:226877D7      19       0       0       0       0   181CD    3039       0       0
   16666662                     4                     4             3.6417892E-04         1.0000000E+30            728988       
 NEXT SEEDS:22687BE5      19       0       0       0       0   181CD    3039       0       0
   16666663                     3                     3             3.6417893E-04         1.0000000E+30            728988       
 NEXT SEEDS:22688193      19       0       0       0       0   181CD    3039       0       0
   16666664                     2                     2             3.6417893E-04         1.0000000E+30            728988       
 NEXT SEEDS:22688557      19       0       0       0       0   181CD    3039       0       0
   16666665                     1                     1             3.6417903E-04         1.0000000E+30            728989       
 NEXT SEEDS:2268A6F0      19       0       0       0       0   181CD    3039       0       0
   16666666                     0                     1             3.6417904E-04         1.0000000E+30            728989       
 NEXT SEEDS:2268ACFB      19       0       0       0       0   181CD    3039       0       0
