1NUMBER OF BEAM       NUMBER OF BEAM        APPROXIMATE NUMBER    AVERAGE TIME USED     TIME LEFT (RESERVED   NUMBER OF STARS
 PARTICLES HANDLED    PARTICLES LEFT        OF BEAM PARTICLES     BY A BEAM PARTICLE     10000.0 SECONDS      CREATED
                                            THAT CAN STILL BE                           FOR PRINTOUT)
                                            HANDLED

 NEXT SEEDS:       0       0       0       0       0       0   181CD    3039       0       0
          1               9999999               9999999             1.9717216E-04         1.0000000E+30                 0       
 NEXT SEEDS:     385       0       0       0       0       0   181CD    3039       0       0
     200000               9800000               9800000             3.3954904E-04         1.0000000E+30              9158       
 NEXT SEEDS:1139EF67       0       0       0       0       0   181CD    3039       0       0
     400000               9600000               9600000             3.4037274E-04         1.0000000E+30             18347       
 NEXT SEEDS:22896F93       0       0       0       0       0   181CD    3039       0       0
     600000               9400000               9400000             3.4069296E-04         1.0000000E+30             27561       
 NEXT SEEDS:33DA5FE1       0       0       0       0       0   181CD    3039       0       0
     800000               9200000               9200000             3.4511923E-04         1.0000000E+30             36992       
 NEXT SEEDS: 9A0CFC9       1       0       0       0       0   181CD    3039       0       0
    1000000               9000000               9000000             3.4421157E-04         1.0000000E+30             46053       
 NEXT SEEDS:1AE353C4       1       0       0       0       0   181CD    3039       0       0
    1200000               8800000               8800000             3.4386428E-04         1.0000000E+30             55325       
 NEXT SEEDS:2C485F0E       1       0       0       0       0   181CD    3039       0       0
    1400000               8600000               8600000             3.4357750E-04         1.0000000E+30             64373       
 NEXT SEEDS: 1F6F4D5       2       0       0       0       0   181CD    3039       0       0
    1600000               8400000               8400000             3.4336072E-04         1.0000000E+30             73497       
 NEXT SEEDS:13491D75       2       0       0       0       0   181CD    3039       0       0
    1800000               8200000               8200000             3.4331785E-04         1.0000000E+30             82838       
 NEXT SEEDS:24A58CB5       2       0       0       0       0   181CD    3039       0       0
    2000000               8000000               8000000             3.4457176E-04         1.0000000E+30             91990       
 NEXT SEEDS:35F9A7C1       2       0       0       0       0   181CD    3039       0       0
    2200000               7800000               7800000             3.4551462E-04         1.0000000E+30            101160       
 NEXT SEEDS: BA70333       3       0       0       0       0   181CD    3039       0       0
    2400000               7600000               7600000             3.4415976E-04         1.0000000E+30            110365       
 NEXT SEEDS:1D061314       3       0       0       0       0   181CD    3039       0       0
    2600000               7400000               7400000             3.4377012E-04         1.0000000E+30            119319       
 NEXT SEEDS:2E3DC5C8       3       0       0       0       0   181CD    3039       0       0
    2800000               7200000               7200000             3.4358645E-04         1.0000000E+30            128551       
 NEXT SEEDS: 3F1288B       4       0       0       0       0   181CD    3039       0       0
    3000000               7000000               7000000             3.4333405E-04         1.0000000E+30            137595       
 NEXT SEEDS:152F1FBA       4       0       0       0       0   181CD    3039       0       0
    3200000               6800000               6800000             3.4319811E-04         1.0000000E+30            146680       
 NEXT SEEDS:26789E69       4       0       0       0       0   181CD    3039       0       0
    3400000               6600000               6600000             3.4366188E-04         1.0000000E+30            155937       
 NEXT SEEDS:37CBCC52       4       0       0       0       0   181CD    3039       0       0
    3600000               6400000               6400000             3.4451306E-04         1.0000000E+30            165252       
 NEXT SEEDS: D8E5207       5       0       0       0       0   181CD    3039       0       0
    3800000               6200000               6200000             3.4470426E-04         1.0000000E+30            174410       
 NEXT SEEDS:1ECFBB2E       5       0       0       0       0   181CD    3039       0       0
    4000000               6000000               6000000             3.4380959E-04         1.0000000E+30            183735       
 NEXT SEEDS:3026EE4B       5       0       0       0       0   181CD    3039       0       0
    4200000               5800000               5800000             3.4448965E-04         1.0000000E+30            192862       
 NEXT SEEDS: 5D007E2       6       0       0       0       0   181CD    3039       0       0
    4400000               5600000               5600000             3.4359582E-04         1.0000000E+30            201947       
 NEXT SEEDS:170A1F17       6       0       0       0       0   181CD    3039       0       0
    4600000               5400000               5400000             3.4491802E-04         1.0000000E+30            211209       
 NEXT SEEDS:285F3AE3       6       0       0       0       0   181CD    3039       0       0
    4800000               5200000               5200000             3.4477658E-04         1.0000000E+30            220372       
 NEXT SEEDS:39A8A2EF       6       0       0       0       0   181CD    3039       0       0
    5000000               5000000               5000000             3.4449938E-04         1.0000000E+30            229262       
 NEXT SEEDS: F3E6479       7       0       0       0       0   181CD    3039       0       0
    5200000               4800000               4800000             3.4483722E-04         1.0000000E+30            238272       
 NEXT SEEDS:206C71FB       7       0       0       0       0   181CD    3039       0       0
    5400000               4600000               4600000             3.4496608E-04         1.0000000E+30            247437       
 NEXT SEEDS:31B2B59D       7       0       0       0       0   181CD    3039       0       0
    5600000               4400000               4400000             3.4486445E-04         1.0000000E+30            256694       
 NEXT SEEDS: 7721AFD       8       0       0       0       0   181CD    3039       0       0
    5800000               4200000               4200000             3.4475168E-04         1.0000000E+30            265787       
 NEXT SEEDS:18B524C5       8       0       0       0       0   181CD    3039       0       0
    6000000               4000000               4000000             3.4461429E-04         1.0000000E+30            275001       
 NEXT SEEDS:2A056CAC       8       0       0       0       0   181CD    3039       0       0
    6200000               3800000               3800000             3.4449045E-04         1.0000000E+30            284046       
 NEXT SEEDS:3B4D2910       8       0       0       0       0   181CD    3039       0       0
    6400000               3600000               3600000             3.4441978E-04         1.0000000E+30            293303       
 NEXT SEEDS:11015037       9       0       0       0       0   181CD    3039       0       0
    6600000               3400000               3400000             3.4475678E-04         1.0000000E+30            302419       
 NEXT SEEDS:22468C53       9       0       0       0       0   181CD    3039       0       0
    6800000               3200000               3200000             3.4509862E-04         1.0000000E+30            311468       
 NEXT SEEDS:338C7FAE       9       0       0       0       0   181CD    3039       0       0
    7000000               3000000               3000000             3.4461990E-04         1.0000000E+30            320508       
 NEXT SEEDS: 92FC5A6       A       0       0       0       0   181CD    3039       0       0
    7200000               2800000               2800000             3.4497853E-04         1.0000000E+30            329786       
 NEXT SEEDS:1A817EEA       A       0       0       0       0   181CD    3039       0       0
    7400000               2600000               2600000             3.4490907E-04         1.0000000E+30            339092       
 NEXT SEEDS:2BDF461D       A       0       0       0       0   181CD    3039       0       0
    7600000               2400000               2400000             3.4441611E-04         1.0000000E+30            348273       
 NEXT SEEDS: 19592DB       B       0       0       0       0   181CD    3039       0       0
    7800000               2200000               2200000             3.4478503E-04         1.0000000E+30            357491       
 NEXT SEEDS:12EC941A       B       0       0       0       0   181CD    3039       0       0
    8000000               2000000               2000000             3.4513095E-04         1.0000000E+30            366589       
 NEXT SEEDS:2433A59A       B       0       0       0       0   181CD    3039       0       0
    8200000               1800000               1800000             3.4545773E-04         1.0000000E+30            375860       
 NEXT SEEDS:358EA25B       B       0       0       0       0   181CD    3039       0       0
    8400000               1600000               1600000             3.4538832E-04         1.0000000E+30            385099       
 NEXT SEEDS: B3EBE22       C       0       0       0       0   181CD    3039       0       0
    8600000               1400000               1400000             3.4532232E-04         1.0000000E+30            394318       
 NEXT SEEDS:1C9DE18D       C       0       0       0       0   181CD    3039       0       0
    8800000               1200000               1200000             3.4526572E-04         1.0000000E+30            403645       
 NEXT SEEDS:2DF2A154       C       0       0       0       0   181CD    3039       0       0
    9000000               1000000               1000000             3.4554318E-04         1.0000000E+30            412764       
 NEXT SEEDS: 3A95BAC       D       0       0       0       0   181CD    3039       0       0
    9200000                800000                800000             3.4587760E-04         1.0000000E+30            422062       
 NEXT SEEDS:14F80966       D       0       0       0       0   181CD    3039       0       0
    9400000                600000                600000             3.4583924E-04         1.0000000E+30            431375       
 NEXT SEEDS:264D265F       D       0       0       0       0   181CD    3039       0       0
    9600000                400000                400000             3.4578674E-04         1.0000000E+30            440499       
 NEXT SEEDS:379850FF       D       0       0       0       0   181CD    3039       0       0
    9800000                200000                200000             3.4569699E-04         1.0000000E+30            449617       
 NEXT SEEDS: D4622E8       E       0       0       0       0   181CD    3039       0       0
    9999950                    50                    50             3.4575426E-04         1.0000000E+30            458819       
 NEXT SEEDS:1E97480C       E       0       0       0       0   181CD    3039       0       0
    9999951                    49                    49             3.4575423E-04         1.0000000E+30            458819       
 NEXT SEEDS:1E974B78       E       0       0       0       0   181CD    3039       0       0
    9999952                    48                    48             3.4575419E-04         1.0000000E+30            458819       
 NEXT SEEDS:1E974FBF       E       0       0       0       0   181CD    3039       0       0
    9999953                    47                    47             3.4575416E-04         1.0000000E+30            458819       
 NEXT SEEDS:1E975468       E       0       0       0       0   181CD    3039       0       0
    9999954                    46                    46             3.4575420E-04         1.0000000E+30            458819       
 NEXT SEEDS:1E9758E3       E       0       0       0       0   181CD    3039       0       0
    9999955                    45                    45             3.4575426E-04         1.0000000E+30            458819       
 NEXT SEEDS:1E975E44       E       0       0       0       0   181CD    3039       0       0
    9999956                    44                    44             3.4575435E-04         1.0000000E+30            458819       
 NEXT SEEDS:1E9762EA       E       0       0       0       0   181CD    3039       0       0
    9999957                    43                    43             3.4575441E-04         1.0000000E+30            458819       
 NEXT SEEDS:1E976845       E       0       0       0       0   181CD    3039       0       0
    9999958                    42                    42             3.4575452E-04         1.0000000E+30            458819       
 NEXT SEEDS:1E976F6C       E       0       0       0       0   181CD    3039       0       0
    9999959                    41                    41             3.4575459E-04         1.0000000E+30            458819       
 NEXT SEEDS:1E97730A       E       0       0       0       0   181CD    3039       0       0
    9999960                    40                    40             3.4575465E-04         1.0000000E+30            458819       
 NEXT SEEDS:1E9777BD       E       0       0       0       0   181CD    3039       0       0
    9999961                    39                    39             3.4575471E-04         1.0000000E+30            458819       
 NEXT SEEDS:1E977AB7       E       0       0       0       0   181CD    3039       0       0
    9999962                    38                    38             3.4575468E-04         1.0000000E+30            458819       
 NEXT SEEDS:1E977DAF       E       0       0       0       0   181CD    3039       0       0
    9999963                    37                    37             3.4575464E-04         1.0000000E+30            458819       
 NEXT SEEDS:1E978223       E       0       0       0       0   181CD    3039       0       0
    9999964                    36                    36             3.4575461E-04         1.0000000E+30            458819       
 NEXT SEEDS:1E978589       E       0       0       0       0   181CD    3039       0       0
    9999965                    35                    35             3.4575460E-04         1.0000000E+30            458819       
 NEXT SEEDS:1E978CE5       E       0       0       0       0   181CD    3039       0       0
    9999966                    34                    34             3.4575469E-04         1.0000000E+30            458819       
 NEXT SEEDS:1E979380       E       0       0       0       0   181CD    3039       0       0
    9999967                    33                    33             3.4575475E-04         1.0000000E+30            458819       
 NEXT SEEDS:1E979703       E       0       0       0       0   181CD    3039       0       0
    9999968                    32                    32             3.4575479E-04         1.0000000E+30            458819       
 NEXT SEEDS:1E979955       E       0       0       0       0   181CD    3039       0       0
    9999969                    31                    31             3.4575485E-04         1.0000000E+30            458819       
 NEXT SEEDS:1E979CA6       E       0       0       0       0   181CD    3039       0       0
    9999970                    30                    30             3.4575489E-04         1.0000000E+30            458819       
 NEXT SEEDS:1E979F65       E       0       0       0       0   181CD    3039       0       0
    9999971                    29                    29             3.4575500E-04         1.0000000E+30            458819       
 NEXT SEEDS:1E97A62F       E       0       0       0       0   181CD    3039       0       0
    9999972                    28                    28             3.4575507E-04         1.0000000E+30            458819       
 NEXT SEEDS:1E97AA72       E       0       0       0       0   181CD    3039       0       0
    9999973                    27                    27             3.4575513E-04         1.0000000E+30            458819       
 NEXT SEEDS:1E97ADF0       E       0       0       0       0   181CD    3039       0       0
    9999974                    26                    26             3.4575519E-04         1.0000000E+30            458819       
 NEXT SEEDS:1E97B272       E       0       0       0       0   181CD    3039       0       0
    9999975                    25                    25             3.4575523E-04         1.0000000E+30            458819       
 NEXT SEEDS:1E97B4A5       E       0       0       0       0   181CD    3039       0       0
    9999976                    24                    24             3.4575583E-04         1.0000000E+30            458820       
 NEXT SEEDS:1E97E349       E       0       0       0       0   181CD    3039       0       0
    9999977                    23                    23             3.4575592E-04         1.0000000E+30            458820       
 NEXT SEEDS:1E97E884       E       0       0       0       0   181CD    3039       0       0
    9999978                    22                    22             3.4575598E-04         1.0000000E+30            458820       
 NEXT SEEDS:1E97EC80       E       0       0       0       0   181CD    3039       0       0
    9999979                    21                    21             3.4575604E-04         1.0000000E+30            458820       
 NEXT SEEDS:1E97F1FF       E       0       0       0       0   181CD    3039       0       0
    9999980                    20                    20             3.4575613E-04         1.0000000E+30            458820       
 NEXT SEEDS:1E97F5DB       E       0       0       0       0   181CD    3039       0       0
    9999981                    19                    19             3.4575617E-04         1.0000000E+30            458820       
 NEXT SEEDS:1E97F8AB       E       0       0       0       0   181CD    3039       0       0
    9999982                    18                    18             3.4575628E-04         1.0000000E+30            458820       
 NEXT SEEDS:1E97FCB7       E       0       0       0       0   181CD    3039       0       0
    9999983                    17                    17             3.4575683E-04         1.0000000E+30            458820       
 NEXT SEEDS:1E9812AF       E       0       0       0       0   181CD    3039       0       0
    9999984                    16                    16             3.4575692E-04         1.0000000E+30            458820       
 NEXT SEEDS:1E9815F9       E       0       0       0       0   181CD    3039       0       0
    9999985                    15                    15             3.4575703E-04         1.0000000E+30            458820       
 NEXT SEEDS:1E981AD9       E       0       0       0       0   181CD    3039       0       0
    9999986                    14                    14             3.4575710E-04         1.0000000E+30            458820       
 NEXT SEEDS:1E981DE9       E       0       0       0       0   181CD    3039       0       0
    9999987                    13                    13             3.4575718E-04         1.0000000E+30            458820       
 NEXT SEEDS:1E9822C7       E       0       0       0       0   181CD    3039       0       0
    9999988                    12                    12             3.4575730E-04         1.0000000E+30            458820       
 NEXT SEEDS:1E982982       E       0       0       0       0   181CD    3039       0       0
    9999989                    11                    11             3.4575741E-04         1.0000000E+30            458820       
 NEXT SEEDS:1E983022       E       0       0       0       0   181CD    3039       0       0
    9999990                    10                    10             3.4575749E-04         1.0000000E+30            458820       
 NEXT SEEDS:1E98369E       E       0       0       0       0   181CD    3039       0       0
    9999991                     9                     9             3.4575756E-04         1.0000000E+30            458820       
 NEXT SEEDS:1E9839BE       E       0       0       0       0   181CD    3039       0       0
    9999992                     8                     8             3.4575760E-04         1.0000000E+30            458820       
 NEXT SEEDS:1E983C1E       E       0       0       0       0   181CD    3039       0       0
    9999993                     7                     7             3.4575764E-04         1.0000000E+30            458820       
 NEXT SEEDS:1E983EBC       E       0       0       0       0   181CD    3039       0       0
    9999994                     6                     6             3.4575777E-04         1.0000000E+30            458820       
 NEXT SEEDS:1E9843FE       E       0       0       0       0   181CD    3039       0       0
    9999995                     5                     5             3.4575793E-04         1.0000000E+30            458820       
 NEXT SEEDS:1E984850       E       0       0       0       0   181CD    3039       0       0
    9999996                     4                     4             3.4575802E-04         1.0000000E+30            458820       
 NEXT SEEDS:1E984B4F       E       0       0       0       0   181CD    3039       0       0
    9999997                     3                     3             3.4575813E-04         1.0000000E+30            458820       
 NEXT SEEDS:1E98511A       E       0       0       0       0   181CD    3039       0       0
    9999998                     2                     2             3.4575824E-04         1.0000000E+30            458820       
 NEXT SEEDS:1E98550E       E       0       0       0       0   181CD    3039       0       0
    9999999                     1                     1             3.4575833E-04         1.0000000E+30            458820       
 NEXT SEEDS:1E985935       E       0       0       0       0   181CD    3039       0       0
   10000000                     0                     1             3.4575886E-04         1.0000000E+30            458821       
 NEXT SEEDS:1E9888CA       E       0       0       0       0   181CD    3039       0       0
