1NUMBER OF BEAM       NUMBER OF BEAM        APPROXIMATE NUMBER    AVERAGE TIME USED     TIME LEFT (RESERVED   NUMBER OF STARS
 PARTICLES HANDLED    PARTICLES LEFT        OF BEAM PARTICLES     BY A BEAM PARTICLE     10000.0 SECONDS      CREATED
                                            THAT CAN STILL BE                           FOR PRINTOUT)
                                            HANDLED

 NEXT SEEDS:       0       0       0       0       0       0   181CD    3039       0       0
          1               9999999               9999999             1.7499924E-04         1.0000000E+30                 0       
 NEXT SEEDS:     247       0       0       0       0       0   181CD    3039       0       0
     200000               9800000               9800000             1.4594970E-04         1.0000000E+30              2909       
 NEXT SEEDS: 6F12CE8       0       0       0       0       0   181CD    3039       0       0
     400000               9600000               9600000             1.5852854E-04         1.0000000E+30              5848       
 NEXT SEEDS: DEB5A41       0       0       0       0       0   181CD    3039       0       0
     600000               9400000               9400000             1.5678467E-04         1.0000000E+30              8843       
 NEXT SEEDS:14EB922A       0       0       0       0       0   181CD    3039       0       0
     800000               9200000               9200000             1.5783523E-04         1.0000000E+30             11737       
 NEXT SEEDS:1BD773DB       0       0       0       0       0   181CD    3039       0       0
    1000000               9000000               9000000             1.5530915E-04         1.0000000E+30             14601       
 NEXT SEEDS:22C8CE95       0       0       0       0       0   181CD    3039       0       0
    1200000               8800000               8800000             1.5576499E-04         1.0000000E+30             17483       
 NEXT SEEDS:29B72DB9       0       0       0       0       0   181CD    3039       0       0
    1400000               8600000               8600000             1.5811225E-04         1.0000000E+30             20451       
 NEXT SEEDS:30B4F5BA       0       0       0       0       0   181CD    3039       0       0
    1600000               8400000               8400000             1.5838122E-04         1.0000000E+30             23333       
 NEXT SEEDS:379F6ACE       0       0       0       0       0   181CD    3039       0       0
    1800000               8200000               8200000             1.5882664E-04         1.0000000E+30             26260       
 NEXT SEEDS: 2F6A452       1       0       0       0       0   181CD    3039       0       0
    2000000               8000000               8000000             1.5749617E-04         1.0000000E+30             29233       
 NEXT SEEDS: 9F2B1D2       1       0       0       0       0   181CD    3039       0       0
    2200000               7800000               7800000             1.5783763E-04         1.0000000E+30             32117       
 NEXT SEEDS:10E4A98F       1       0       0       0       0   181CD    3039       0       0
    2400000               7600000               7600000             1.5947813E-04         1.0000000E+30             35041       
 NEXT SEEDS:17DA23CD       1       0       0       0       0   181CD    3039       0       0
    2600000               7400000               7400000             1.5958859E-04         1.0000000E+30             37959       
 NEXT SEEDS:1ECE47BC       1       0       0       0       0   181CD    3039       0       0
 COUSET, TXYZ:  0.999999999975755     -0.595286361084976      0.803513626678302    
    2800000               7200000               7200000             1.6092214E-04         1.0000000E+30             40908       
 NEXT SEEDS:25C7A4E5       1       0       0       0       0   181CD    3039       0       0
    3000000               7000000               7000000             1.6106024E-04         1.0000000E+30             43828       
 NEXT SEEDS:2CBC1524       1       0       0       0       0   181CD    3039       0       0
    3200000               6800000               6800000             1.6110554E-04         1.0000000E+30             46702       
 NEXT SEEDS:33A78A3A       1       0       0       0       0   181CD    3039       0       0
    3400000               6600000               6600000             1.6208604E-04         1.0000000E+30             49592       
 NEXT SEEDS:3A968F08       1       0       0       0       0   181CD    3039       0       0
    3600000               6400000               6400000             1.6207555E-04         1.0000000E+30             52526       
 NEXT SEEDS: 5EDF0EC       2       0       0       0       0   181CD    3039       0       0
    3800000               6200000               6200000             1.6209245E-04         1.0000000E+30             55464       
 NEXT SEEDS: CF653B6       2       0       0       0       0   181CD    3039       0       0
    4000000               6000000               6000000             1.6288030E-04         1.0000000E+30             58412       
 NEXT SEEDS:13F14961       2       0       0       0       0   181CD    3039       0       0
    4200000               5800000               5800000             1.6284017E-04         1.0000000E+30             61346       
 NEXT SEEDS:1AE0AB6F       2       0       0       0       0   181CD    3039       0       0
    4400000               5600000               5600000             1.6358437E-04         1.0000000E+30             64205       
 NEXT SEEDS:21D427D3       2       0       0       0       0   181CD    3039       0       0
    4600000               5400000               5400000             1.6419284E-04         1.0000000E+30             67149       
 NEXT SEEDS:28CCC412       2       0       0       0       0   181CD    3039       0       0
    4800000               5200000               5200000             1.6475881E-04         1.0000000E+30             70037       
 NEXT SEEDS:2FBD810C       2       0       0       0       0   181CD    3039       0       0
    5000000               5000000               5000000             1.6423491E-04         1.0000000E+30             72912       
 NEXT SEEDS:36AB5D8F       2       0       0       0       0   181CD    3039       0       0
    5200000               4800000               4800000             1.6491533E-04         1.0000000E+30             75842       
 NEXT SEEDS: 204A64F       3       0       0       0       0   181CD    3039       0       0
    5400000               4600000               4600000             1.6504724E-04         1.0000000E+30             78732       
 NEXT SEEDS: 8F10B9E       3       0       0       0       0   181CD    3039       0       0
    5600000               4400000               4400000             1.6552997E-04         1.0000000E+30             81658       
 NEXT SEEDS: FDE9A7D       3       0       0       0       0   181CD    3039       0       0
    5800000               4200000               4200000             1.6542274E-04         1.0000000E+30             84657       
 NEXT SEEDS:16D59A55       3       0       0       0       0   181CD    3039       0       0
    6000000               4000000               4000000             1.6527585E-04         1.0000000E+30             87621       
 NEXT SEEDS:1DCB1D27       3       0       0       0       0   181CD    3039       0       0
 COUSET, TXYZ:   1.00000000000660      5.439906707797550E-02  0.998519274483097    
    6200000               3800000               3800000             1.6517931E-04         1.0000000E+30             90576       
 NEXT SEEDS:24C147C3       3       0       0       0       0   181CD    3039       0       0
    6400000               3600000               3600000             1.6561131E-04         1.0000000E+30             93610       
 NEXT SEEDS:2BBEB081       3       0       0       0       0   181CD    3039       0       0
    6600000               3400000               3400000             1.6578072E-04         1.0000000E+30             96557       
 NEXT SEEDS:32B475E4       3       0       0       0       0   181CD    3039       0       0
    6800000               3200000               3200000             1.6620787E-04         1.0000000E+30             99523       
 NEXT SEEDS:39A78AB3       3       0       0       0       0   181CD    3039       0       0
    7000000               3000000               3000000             1.6668448E-04         1.0000000E+30            102429       
 NEXT SEEDS: 503177C       4       0       0       0       0   181CD    3039       0       0
    7200000               2800000               2800000             1.6719625E-04         1.0000000E+30            105465       
 NEXT SEEDS: C030912       4       0       0       0       0   181CD    3039       0       0
    7400000               2600000               2600000             1.6712234E-04         1.0000000E+30            108400       
 NEXT SEEDS:12F2AEF8       4       0       0       0       0   181CD    3039       0       0
    7600000               2400000               2400000             1.6740660E-04         1.0000000E+30            111268       
 NEXT SEEDS:19EA1C31       4       0       0       0       0   181CD    3039       0       0
    7800000               2200000               2200000             1.6769732E-04         1.0000000E+30            114128       
 NEXT SEEDS:20D67715       4       0       0       0       0   181CD    3039       0       0
    8000000               2000000               2000000             1.6756259E-04         1.0000000E+30            117052       
 NEXT SEEDS:27CA1A32       4       0       0       0       0   181CD    3039       0       0
    8200000               1800000               1800000             1.6784844E-04         1.0000000E+30            120011       
 NEXT SEEDS:2EC96A4D       4       0       0       0       0   181CD    3039       0       0
    8400000               1600000               1600000             1.6770839E-04         1.0000000E+30            122867       
 NEXT SEEDS:35B6FEFB       4       0       0       0       0   181CD    3039       0       0
    8600000               1400000               1400000             1.6872378E-04         1.0000000E+30            125807       
 NEXT SEEDS: 11A31FD       5       0       0       0       0   181CD    3039       0       0
    8800000               1200000               1200000             1.6894597E-04         1.0000000E+30            128724       
 NEXT SEEDS: 80CB4A5       5       0       0       0       0   181CD    3039       0       0
    9000000               1000000               1000000             1.6913006E-04         1.0000000E+30            131483       
 NEXT SEEDS: EEA94B1       5       0       0       0       0   181CD    3039       0       0
    9200000                800000                800000             1.6897465E-04         1.0000000E+30            134372       
 NEXT SEEDS:15D84F3D       5       0       0       0       0   181CD    3039       0       0
    9400000                600000                600000             1.6917752E-04         1.0000000E+30            137271       
 NEXT SEEDS:1CC87BFA       5       0       0       0       0   181CD    3039       0       0
    9600000                400000                400000             1.6935795E-04         1.0000000E+30            140072       
 NEXT SEEDS:23AEF228       5       0       0       0       0   181CD    3039       0       0
 COUSET, TXYZ:  0.999999999988181      0.632963518412932      0.774181622317841    
    9800000                200000                200000             1.6952911E-04         1.0000000E+30            142978       
 NEXT SEEDS:2AA183F3       5       0       0       0       0   181CD    3039       0       0
    9999950                    50                    50             1.6969376E-04         1.0000000E+30            145843       
 NEXT SEEDS:318DB87A       5       0       0       0       0   181CD    3039       0       0
    9999951                    49                    49             1.6969376E-04         1.0000000E+30            145843       
 NEXT SEEDS:318DBA03       5       0       0       0       0   181CD    3039       0       0
    9999952                    48                    48             1.6969376E-04         1.0000000E+30            145843       
 NEXT SEEDS:318DBBFA       5       0       0       0       0   181CD    3039       0       0
    9999953                    47                    47             1.6969376E-04         1.0000000E+30            145843       
 NEXT SEEDS:318DBD07       5       0       0       0       0   181CD    3039       0       0
    9999954                    46                    46             1.6969375E-04         1.0000000E+30            145843       
 NEXT SEEDS:318DBE14       5       0       0       0       0   181CD    3039       0       0
    9999955                    45                    45             1.6969375E-04         1.0000000E+30            145843       
 NEXT SEEDS:318DC098       5       0       0       0       0   181CD    3039       0       0
    9999956                    44                    44             1.6969374E-04         1.0000000E+30            145843       
 NEXT SEEDS:318DC1AC       5       0       0       0       0   181CD    3039       0       0
    9999957                    43                    43             1.6969374E-04         1.0000000E+30            145843       
 NEXT SEEDS:318DC2AC       5       0       0       0       0   181CD    3039       0       0
    9999958                    42                    42             1.6969373E-04         1.0000000E+30            145843       
 NEXT SEEDS:318DC3E3       5       0       0       0       0   181CD    3039       0       0
    9999959                    41                    41             1.6969373E-04         1.0000000E+30            145843       
 NEXT SEEDS:318DC4B3       5       0       0       0       0   181CD    3039       0       0
    9999960                    40                    40             1.6969372E-04         1.0000000E+30            145843       
 NEXT SEEDS:318DC6C2       5       0       0       0       0   181CD    3039       0       0
    9999961                    39                    39             1.6969372E-04         1.0000000E+30            145843       
 NEXT SEEDS:318DC76F       5       0       0       0       0   181CD    3039       0       0
    9999962                    38                    38             1.6969371E-04         1.0000000E+30            145843       
 NEXT SEEDS:318DC8AC       5       0       0       0       0   181CD    3039       0       0
    9999963                    37                    37             1.6969371E-04         1.0000000E+30            145843       
 NEXT SEEDS:318DCBC0       5       0       0       0       0   181CD    3039       0       0
    9999964                    36                    36             1.6969370E-04         1.0000000E+30            145843       
 NEXT SEEDS:318DCE81       5       0       0       0       0   181CD    3039       0       0
    9999965                    35                    35             1.6969371E-04         1.0000000E+30            145843       
 NEXT SEEDS:318DD0C0       5       0       0       0       0   181CD    3039       0       0
    9999966                    34                    34             1.6969380E-04         1.0000000E+30            145844       
 NEXT SEEDS:318DF8B1       5       0       0       0       0   181CD    3039       0       0
    9999967                    33                    33             1.6969380E-04         1.0000000E+30            145844       
 NEXT SEEDS:318DFA57       5       0       0       0       0   181CD    3039       0       0
    9999968                    32                    32             1.6969379E-04         1.0000000E+30            145844       
 NEXT SEEDS:318DFBF2       5       0       0       0       0   181CD    3039       0       0
    9999969                    31                    31             1.6969380E-04         1.0000000E+30            145844       
 NEXT SEEDS:318DFE53       5       0       0       0       0   181CD    3039       0       0
    9999970                    30                    30             1.6969380E-04         1.0000000E+30            145844       
 NEXT SEEDS:318E001E       5       0       0       0       0   181CD    3039       0       0
    9999971                    29                    29             1.6969379E-04         1.0000000E+30            145844       
 NEXT SEEDS:318E0108       5       0       0       0       0   181CD    3039       0       0
    9999972                    28                    28             1.6969379E-04         1.0000000E+30            145844       
 NEXT SEEDS:318E039A       5       0       0       0       0   181CD    3039       0       0
    9999973                    27                    27             1.6969378E-04         1.0000000E+30            145844       
 NEXT SEEDS:318E05C5       5       0       0       0       0   181CD    3039       0       0
    9999974                    26                    26             1.6969378E-04         1.0000000E+30            145844       
 NEXT SEEDS:318E066B       5       0       0       0       0   181CD    3039       0       0
    9999975                    25                    25             1.6969377E-04         1.0000000E+30            145844       
 NEXT SEEDS:318E084A       5       0       0       0       0   181CD    3039       0       0
    9999976                    24                    24             1.6969377E-04         1.0000000E+30            145844       
 NEXT SEEDS:318E0B65       5       0       0       0       0   181CD    3039       0       0
    9999977                    23                    23             1.6969376E-04         1.0000000E+30            145844       
 NEXT SEEDS:318E0C5F       5       0       0       0       0   181CD    3039       0       0
    9999978                    22                    22             1.6969376E-04         1.0000000E+30            145844       
 NEXT SEEDS:318E0D54       5       0       0       0       0   181CD    3039       0       0
    9999979                    21                    21             1.6969375E-04         1.0000000E+30            145844       
 NEXT SEEDS:318E0EAE       5       0       0       0       0   181CD    3039       0       0
    9999980                    20                    20             1.6969375E-04         1.0000000E+30            145844       
 NEXT SEEDS:318E126B       5       0       0       0       0   181CD    3039       0       0
    9999981                    19                    19             1.6969374E-04         1.0000000E+30            145844       
 NEXT SEEDS:318E134B       5       0       0       0       0   181CD    3039       0       0
    9999982                    18                    18             1.6969380E-04         1.0000000E+30            145845       
 NEXT SEEDS:318E275C       5       0       0       0       0   181CD    3039       0       0
    9999983                    17                    17             1.6969381E-04         1.0000000E+30            145845       
 NEXT SEEDS:318E2B19       5       0       0       0       0   181CD    3039       0       0
    9999984                    16                    16             1.6969381E-04         1.0000000E+30            145845       
 NEXT SEEDS:318E2DAE       5       0       0       0       0   181CD    3039       0       0
    9999985                    15                    15             1.6969381E-04         1.0000000E+30            145845       
 NEXT SEEDS:318E2E86       5       0       0       0       0   181CD    3039       0       0
    9999986                    14                    14             1.6969381E-04         1.0000000E+30            145845       
 NEXT SEEDS:318E3006       5       0       0       0       0   181CD    3039       0       0
    9999987                    13                    13             1.6969380E-04         1.0000000E+30            145845       
 NEXT SEEDS:318E3171       5       0       0       0       0   181CD    3039       0       0
    9999988                    12                    12             1.6969380E-04         1.0000000E+30            145845       
 NEXT SEEDS:318E3310       5       0       0       0       0   181CD    3039       0       0
    9999989                    11                    11             1.6969379E-04         1.0000000E+30            145845       
 NEXT SEEDS:318E349F       5       0       0       0       0   181CD    3039       0       0
    9999990                    10                    10             1.6969379E-04         1.0000000E+30            145845       
 NEXT SEEDS:318E36D2       5       0       0       0       0   181CD    3039       0       0
    9999991                     9                     9             1.6969379E-04         1.0000000E+30            145845       
 NEXT SEEDS:318E3905       5       0       0       0       0   181CD    3039       0       0
    9999992                     8                     8             1.6969379E-04         1.0000000E+30            145845       
 NEXT SEEDS:318E3BA1       5       0       0       0       0   181CD    3039       0       0
    9999993                     7                     7             1.6969378E-04         1.0000000E+30            145845       
 NEXT SEEDS:318E3E3F       5       0       0       0       0   181CD    3039       0       0
    9999994                     6                     6             1.6969378E-04         1.0000000E+30            145845       
 NEXT SEEDS:318E3F85       5       0       0       0       0   181CD    3039       0       0
    9999995                     5                     5             1.6969377E-04         1.0000000E+30            145845       
 NEXT SEEDS:318E4138       5       0       0       0       0   181CD    3039       0       0
    9999996                     4                     4             1.6969377E-04         1.0000000E+30            145845       
 NEXT SEEDS:318E431E       5       0       0       0       0   181CD    3039       0       0
    9999997                     3                     3             1.6969378E-04         1.0000000E+30            145845       
 NEXT SEEDS:318E4623       5       0       0       0       0   181CD    3039       0       0
    9999998                     2                     2             1.6969377E-04         1.0000000E+30            145845       
 NEXT SEEDS:318E4867       5       0       0       0       0   181CD    3039       0       0
    9999999                     1                     1             1.6969377E-04         1.0000000E+30            145845       
 NEXT SEEDS:318E49F8       5       0       0       0       0   181CD    3039       0       0
   10000000                     0                     1             1.6969376E-04         1.0000000E+30            145845       
 NEXT SEEDS:318E4B4B       5       0       0       0       0   181CD    3039       0       0
