1NUMBER OF BEAM       NUMBER OF BEAM        APPROXIMATE NUMBER    AVERAGE TIME USED     TIME LEFT (RESERVED   NUMBER OF STARS
 PARTICLES HANDLED    PARTICLES LEFT        OF BEAM PARTICLES     BY A BEAM PARTICLE     10000.0 SECONDS      CREATED
                                            THAT CAN STILL BE                           FOR PRINTOUT)
                                            HANDLED

 NEXT SEEDS:       0       0       0       0       0       0   181CD    3039       0       0
          1               9999999               9999999             0.0000000E+00         1.0000000E+30                 0       
 NEXT SEEDS:     34E       0       0       0       0       0   181CD    3039       0       0
     200000               9800000               9800000             2.3775087E-04         1.0000000E+30              5233       
 NEXT SEEDS: CC96D11       0       0       0       0       0   181CD    3039       0       0
     400000               9600000               9600000             2.2979946E-04         1.0000000E+30             10451       
 NEXT SEEDS:197C9A8E       0       0       0       0       0   181CD    3039       0       0
     600000               9400000               9400000             2.2690571E-04         1.0000000E+30             15699       
 NEXT SEEDS:2627EA65       0       0       0       0       0   181CD    3039       0       0
     800000               9200000               9200000             2.2704082E-04         1.0000000E+30             20702       
 NEXT SEEDS:32C8928F       0       0       0       0       0   181CD    3039       0       0
    1000000               9000000               9000000             2.2765949E-04         1.0000000E+30             25677       
 NEXT SEEDS: 3D06ACC       1       0       0       0       0   181CD    3039       0       0
 COUSET, TXYZ:  0.999999999989435     -0.502970375770097      0.864303650967967    
    1200000               8800000               8800000             2.2653733E-04         1.0000000E+30             30728       
 NEXT SEEDS:1078DAB8       1       0       0       0       0   181CD    3039       0       0
    1400000               8600000               8600000             2.2580013E-04         1.0000000E+30             35957       
 NEXT SEEDS:1D341AA2       1       0       0       0       0   181CD    3039       0       0
    1600000               8400000               8400000             2.2514649E-04         1.0000000E+30             41008       
 NEXT SEEDS:29DD95D1       1       0       0       0       0   181CD    3039       0       0
    1800000               8200000               8200000             2.2467765E-04         1.0000000E+30             46201       
 NEXT SEEDS:368BA7CE       1       0       0       0       0   181CD    3039       0       0
    2000000               8000000               8000000             2.2428397E-04         1.0000000E+30             51291       
 NEXT SEEDS: 7968B35       2       0       0       0       0   181CD    3039       0       0
    2200000               7800000               7800000             2.2394315E-04         1.0000000E+30             56432       
 NEXT SEEDS:1439A690       2       0       0       0       0   181CD    3039       0       0
    2400000               7600000               7600000             2.2409203E-04         1.0000000E+30             61675       
 NEXT SEEDS:20EABBFA       2       0       0       0       0   181CD    3039       0       0
    2600000               7400000               7400000             2.2494075E-04         1.0000000E+30             66935       
 NEXT SEEDS:2DAA72C7       2       0       0       0       0   181CD    3039       0       0
    2800000               7200000               7200000             2.2550069E-04         1.0000000E+30             72084       
 NEXT SEEDS:3A5B52F6       2       0       0       0       0   181CD    3039       0       0
    3000000               7000000               7000000             2.2425794E-04         1.0000000E+30             77277       
 NEXT SEEDS: B751861       3       0       0       0       0   181CD    3039       0       0
    3200000               6800000               6800000             2.2405003E-04         1.0000000E+30             82335       
 NEXT SEEDS:1827B0AA       3       0       0       0       0   181CD    3039       0       0
    3400000               6600000               6600000             2.2473177E-04         1.0000000E+30             87294       
 NEXT SEEDS:24C2CF44       3       0       0       0       0   181CD    3039       0       0
    3600000               6400000               6400000             2.2454590E-04         1.0000000E+30             92455       
 NEXT SEEDS:317A4651       3       0       0       0       0   181CD    3039       0       0
    3800000               6200000               6200000             2.2436747E-04         1.0000000E+30             97665       
 NEXT SEEDS: 297E5AA       4       0       0       0       0   181CD    3039       0       0
    4000000               6000000               6000000             2.2418642E-04         1.0000000E+30            102705       
 NEXT SEEDS: F3E670F       4       0       0       0       0   181CD    3039       0       0
    4200000               5800000               5800000             2.2403472E-04         1.0000000E+30            107793       
 NEXT SEEDS:1BED8635       4       0       0       0       0   181CD    3039       0       0
    4400000               5600000               5600000             2.2455120E-04         1.0000000E+30            113095       
 NEXT SEEDS:28A7F3D2       4       0       0       0       0   181CD    3039       0       0
    4600000               5400000               5400000             2.2450759E-04         1.0000000E+30            118187       
 NEXT SEEDS:355D2AB4       4       0       0       0       0   181CD    3039       0       0
    4800000               5200000               5200000             2.2437395E-04         1.0000000E+30            123443       
 NEXT SEEDS: 6783AEB       5       0       0       0       0   181CD    3039       0       0
    5000000               5000000               5000000             2.2424459E-04         1.0000000E+30            128583       
 NEXT SEEDS:1333139E       5       0       0       0       0   181CD    3039       0       0
    5200000               4800000               4800000             2.2411047E-04         1.0000000E+30            133745       
 NEXT SEEDS:1FE118F8       5       0       0       0       0   181CD    3039       0       0
    5400000               4600000               4600000             2.2397408E-04         1.0000000E+30            138755       
 NEXT SEEDS:2C879C63       5       0       0       0       0   181CD    3039       0       0
    5600000               4400000               4400000             2.2388837E-04         1.0000000E+30            143887       
 NEXT SEEDS:393ABF7C       5       0       0       0       0   181CD    3039       0       0
    5800000               4200000               4200000             2.2399405E-04         1.0000000E+30            149078       
 NEXT SEEDS: A5843C0       6       0       0       0       0   181CD    3039       0       0
    6000000               4000000               4000000             2.2423744E-04         1.0000000E+30            154269       
 NEXT SEEDS:1706EC75       6       0       0       0       0   181CD    3039       0       0
    6200000               3800000               3800000             2.2412559E-04         1.0000000E+30            159439       
 NEXT SEEDS:23B3EC5C       6       0       0       0       0   181CD    3039       0       0
    6400000               3600000               3600000             2.2405387E-04         1.0000000E+30            164646       
 NEXT SEEDS:3071B47E       6       0       0       0       0   181CD    3039       0       0
    6600000               3400000               3400000             2.2398015E-04         1.0000000E+30            169799       
 NEXT SEEDS: 199E76B       7       0       0       0       0   181CD    3039       0       0
    6800000               3200000               3200000             2.2387599E-04         1.0000000E+30            174949       
 NEXT SEEDS: E407180       7       0       0       0       0   181CD    3039       0       0
    7000000               3000000               3000000             2.2377299E-04         1.0000000E+30            180043       
 NEXT SEEDS:1AE42387       7       0       0       0       0   181CD    3039       0       0
    7200000               2800000               2800000             2.2370110E-04         1.0000000E+30            185158       
 NEXT SEEDS:279242F2       7       0       0       0       0   181CD    3039       0       0
    7400000               2600000               2600000             2.2376462E-04         1.0000000E+30            190297       
 NEXT SEEDS:343E4D85       7       0       0       0       0   181CD    3039       0       0
    7600000               2400000               2400000             2.2396214E-04         1.0000000E+30            195461       
 NEXT SEEDS: 5598D8E       8       0       0       0       0   181CD    3039       0       0
    7800000               2200000               2200000             2.2388019E-04         1.0000000E+30            200719       
 NEXT SEEDS:12072D24       8       0       0       0       0   181CD    3039       0       0
    8000000               2000000               2000000             2.2379301E-04         1.0000000E+30            205771       
 NEXT SEEDS:1EB18415       8       0       0       0       0   181CD    3039       0       0
    8200000               1800000               1800000             2.2373695E-04         1.0000000E+30            210999       
 NEXT SEEDS:2B6FE8B6       8       0       0       0       0   181CD    3039       0       0
    8400000               1600000               1600000             2.2366123E-04         1.0000000E+30            216005       
 NEXT SEEDS:3818BD36       8       0       0       0       0   181CD    3039       0       0
    8600000               1400000               1400000             2.2361479E-04         1.0000000E+30            221154       
 NEXT SEEDS: 92FF544       9       0       0       0       0   181CD    3039       0       0
    8800000               1200000               1200000             2.2353881E-04         1.0000000E+30            226253       
 NEXT SEEDS:15DB2EE1       9       0       0       0       0   181CD    3039       0       0
    9000000               1000000               1000000             2.2359707E-04         1.0000000E+30            231420       
 NEXT SEEDS:228C4317       9       0       0       0       0   181CD    3039       0       0
    9200000                800000                800000             2.2383632E-04         1.0000000E+30            236521       
 NEXT SEEDS:2F459402       9       0       0       0       0   181CD    3039       0       0
    9400000                600000                600000             2.2373436E-04         1.0000000E+30            241730       
 NEXT SEEDS:  6A2664       A       0       0       0       0   181CD    3039       0       0
    9600000                400000                400000             2.2403193E-04         1.0000000E+30            246904       
 NEXT SEEDS: D3124E3       A       0       0       0       0   181CD    3039       0       0
    9800000                200000                200000             2.2397637E-04         1.0000000E+30            252082       
 NEXT SEEDS:19E3BE05       A       0       0       0       0   181CD    3039       0       0
    9999950                    50                    50             2.2391471E-04         1.0000000E+30            257179       
 NEXT SEEDS:268B00BF       A       0       0       0       0   181CD    3039       0       0
    9999951                    49                    49             2.2391474E-04         1.0000000E+30            257179       
 NEXT SEEDS:268B08B5       A       0       0       0       0   181CD    3039       0       0
    9999952                    48                    48             2.2391472E-04         1.0000000E+30            257179       
 NEXT SEEDS:268B0C88       A       0       0       0       0   181CD    3039       0       0
    9999953                    47                    47             2.2391472E-04         1.0000000E+30            257179       
 NEXT SEEDS:268B12A0       A       0       0       0       0   181CD    3039       0       0
    9999954                    46                    46             2.2391475E-04         1.0000000E+30            257179       
 NEXT SEEDS:268B1A0D       A       0       0       0       0   181CD    3039       0       0
    9999955                    45                    45             2.2391472E-04         1.0000000E+30            257179       
 NEXT SEEDS:268B1D24       A       0       0       0       0   181CD    3039       0       0
    9999956                    44                    44             2.2391473E-04         1.0000000E+30            257179       
 NEXT SEEDS:268B233A       A       0       0       0       0   181CD    3039       0       0
    9999957                    43                    43             2.2391473E-04         1.0000000E+30            257179       
 NEXT SEEDS:268B24FB       A       0       0       0       0   181CD    3039       0       0
    9999958                    42                    42             2.2391470E-04         1.0000000E+30            257179       
 NEXT SEEDS:268B27BD       A       0       0       0       0   181CD    3039       0       0
    9999959                    41                    41             2.2391471E-04         1.0000000E+30            257179       
 NEXT SEEDS:268B2C3E       A       0       0       0       0   181CD    3039       0       0
    9999960                    40                    40             2.2391471E-04         1.0000000E+30            257179       
 NEXT SEEDS:268B31E1       A       0       0       0       0   181CD    3039       0       0
    9999961                    39                    39             2.2391471E-04         1.0000000E+30            257179       
 NEXT SEEDS:268B3862       A       0       0       0       0   181CD    3039       0       0
    9999962                    38                    38             2.2391471E-04         1.0000000E+30            257179       
 NEXT SEEDS:268B3D3D       A       0       0       0       0   181CD    3039       0       0
    9999963                    37                    37             2.2391471E-04         1.0000000E+30            257179       
 NEXT SEEDS:268B3FFD       A       0       0       0       0   181CD    3039       0       0
    9999964                    36                    36             2.2391477E-04         1.0000000E+30            257180       
 NEXT SEEDS:268B5628       A       0       0       0       0   181CD    3039       0       0
    9999965                    35                    35             2.2391477E-04         1.0000000E+30            257180       
 NEXT SEEDS:268B56D9       A       0       0       0       0   181CD    3039       0       0
    9999966                    34                    34             2.2391475E-04         1.0000000E+30            257180       
 NEXT SEEDS:268B5847       A       0       0       0       0   181CD    3039       0       0
    9999967                    33                    33             2.2391475E-04         1.0000000E+30            257180       
 NEXT SEEDS:268B5985       A       0       0       0       0   181CD    3039       0       0
    9999968                    32                    32             2.2391472E-04         1.0000000E+30            257180       
 NEXT SEEDS:268B5C7A       A       0       0       0       0   181CD    3039       0       0
    9999969                    31                    31             2.2391480E-04         1.0000000E+30            257181       
 NEXT SEEDS:268B78C0       A       0       0       0       0   181CD    3039       0       0
    9999970                    30                    30             2.2391485E-04         1.0000000E+30            257182       
 NEXT SEEDS:268B88E5       A       0       0       0       0   181CD    3039       0       0
    9999971                    29                    29             2.2391485E-04         1.0000000E+30            257182       
 NEXT SEEDS:268B8F2D       A       0       0       0       0   181CD    3039       0       0
    9999972                    28                    28             2.2391483E-04         1.0000000E+30            257182       
 NEXT SEEDS:268B90C5       A       0       0       0       0   181CD    3039       0       0
    9999973                    27                    27             2.2391483E-04         1.0000000E+30            257182       
 NEXT SEEDS:268B92E4       A       0       0       0       0   181CD    3039       0       0
    9999974                    26                    26             2.2391481E-04         1.0000000E+30            257182       
 NEXT SEEDS:268B940D       A       0       0       0       0   181CD    3039       0       0
    9999975                    25                    25             2.2391484E-04         1.0000000E+30            257182       
 NEXT SEEDS:268B9D30       A       0       0       0       0   181CD    3039       0       0
    9999976                    24                    24             2.2391481E-04         1.0000000E+30            257182       
 NEXT SEEDS:268B9F2A       A       0       0       0       0   181CD    3039       0       0
    9999977                    23                    23             2.2391482E-04         1.0000000E+30            257182       
 NEXT SEEDS:268BA399       A       0       0       0       0   181CD    3039       0       0
    9999978                    22                    22             2.2391482E-04         1.0000000E+30            257182       
 NEXT SEEDS:268BA720       A       0       0       0       0   181CD    3039       0       0
    9999979                    21                    21             2.2391482E-04         1.0000000E+30            257182       
 NEXT SEEDS:268BAEC6       A       0       0       0       0   181CD    3039       0       0
    9999980                    20                    20             2.2391482E-04         1.0000000E+30            257182       
 NEXT SEEDS:268BB2C0       A       0       0       0       0   181CD    3039       0       0
    9999981                    19                    19             2.2391482E-04         1.0000000E+30            257182       
 NEXT SEEDS:268BB51E       A       0       0       0       0   181CD    3039       0       0
    9999982                    18                    18             2.2391480E-04         1.0000000E+30            257182       
 NEXT SEEDS:268BB947       A       0       0       0       0   181CD    3039       0       0
    9999983                    17                    17             2.2391480E-04         1.0000000E+30            257182       
 NEXT SEEDS:268BBBA7       A       0       0       0       0   181CD    3039       0       0
    9999984                    16                    16             2.2391481E-04         1.0000000E+30            257182       
 NEXT SEEDS:268BC04B       A       0       0       0       0   181CD    3039       0       0
    9999985                    15                    15             2.2391481E-04         1.0000000E+30            257182       
 NEXT SEEDS:268BC51E       A       0       0       0       0   181CD    3039       0       0
    9999986                    14                    14             2.2391479E-04         1.0000000E+30            257182       
 NEXT SEEDS:268BC9E1       A       0       0       0       0   181CD    3039       0       0
    9999987                    13                    13             2.2391479E-04         1.0000000E+30            257182       
 NEXT SEEDS:268BCBC3       A       0       0       0       0   181CD    3039       0       0
    9999988                    12                    12             2.2391479E-04         1.0000000E+30            257182       
 NEXT SEEDS:268BCE6F       A       0       0       0       0   181CD    3039       0       0
    9999989                    11                    11             2.2391479E-04         1.0000000E+30            257182       
 NEXT SEEDS:268BD35F       A       0       0       0       0   181CD    3039       0       0
    9999990                    10                    10             2.2391482E-04         1.0000000E+30            257183       
 NEXT SEEDS:268BE165       A       0       0       0       0   181CD    3039       0       0
    9999991                     9                     9             2.2391480E-04         1.0000000E+30            257183       
 NEXT SEEDS:268BE2D2       A       0       0       0       0   181CD    3039       0       0
    9999992                     8                     8             2.2391480E-04         1.0000000E+30            257183       
 NEXT SEEDS:268BE5D8       A       0       0       0       0   181CD    3039       0       0
    9999993                     7                     7             2.2391480E-04         1.0000000E+30            257183       
 NEXT SEEDS:268BEA39       A       0       0       0       0   181CD    3039       0       0
    9999994                     6                     6             2.2391480E-04         1.0000000E+30            257183       
 NEXT SEEDS:268BEF7E       A       0       0       0       0   181CD    3039       0       0
    9999995                     5                     5             2.2391480E-04         1.0000000E+30            257183       
 NEXT SEEDS:268BF5CF       A       0       0       0       0   181CD    3039       0       0
    9999996                     4                     4             2.2391481E-04         1.0000000E+30            257183       
 NEXT SEEDS:268BFA9F       A       0       0       0       0   181CD    3039       0       0
    9999997                     3                     3             2.2391488E-04         1.0000000E+30            257184       
 NEXT SEEDS:268C1B26       A       0       0       0       0   181CD    3039       0       0
    9999998                     2                     2             2.2391488E-04         1.0000000E+30            257184       
 NEXT SEEDS:268C1DCB       A       0       0       0       0   181CD    3039       0       0
    9999999                     1                     1             2.2391489E-04         1.0000000E+30            257184       
 NEXT SEEDS:268C243F       A       0       0       0       0   181CD    3039       0       0
   10000000                     0                     1             2.2391489E-04         1.0000000E+30            257184       
 NEXT SEEDS:268C28DA       A       0       0       0       0   181CD    3039       0       0
