1NUMBER OF BEAM       NUMBER OF BEAM        APPROXIMATE NUMBER    AVERAGE TIME USED     TIME LEFT (RESERVED   NUMBER OF STARS
 PARTICLES HANDLED    PARTICLES LEFT        OF BEAM PARTICLES     BY A BEAM PARTICLE     10000.0 SECONDS      CREATED
                                            THAT CAN STILL BE                           FOR PRINTOUT)
                                            HANDLED

 NEXT SEEDS:       0       0       0       0       0       0   181CD    3039       0       0
          1              24999999              24999999             7.7199936E-04         1.0000000E+30                 0       
 NEXT SEEDS:     2B9       0       0       0       0       0   181CD    3039       0       0
     500000              24500000              24500000             2.9127345E-04         1.0000000E+30             13197       
 NEXT SEEDS:21DC4E58       0       0       0       0       0   181CD    3039       0       0
    1000000              24000000              24000000             2.9020319E-04         1.0000000E+30             26339       
 NEXT SEEDS: 81005BE       1       0       0       0       0   181CD    3039       0       0
    1500000              23500000              23500000             2.9292159E-04         1.0000000E+30             39830       
 NEXT SEEDS:29F8965F       1       0       0       0       0   181CD    3039       0       0
    2000000              23000000              23000000             2.9258463E-04         1.0000000E+30             53137       
 NEXT SEEDS:101FCC2B       2       0       0       0       0   181CD    3039       0       0
    2500000              22500000              22500000             2.9377322E-04         1.0000000E+30             66417       
 NEXT SEEDS:321C5F0E       2       0       0       0       0   181CD    3039       0       0
    3000000              22000000              22000000             2.9364516E-04         1.0000000E+30             79682       
 NEXT SEEDS:1871A5E2       3       0       0       0       0   181CD    3039       0       0
    3500000              21500000              21500000             2.9342571E-04         1.0000000E+30             92966       
 NEXT SEEDS:3A551BCE       3       0       0       0       0   181CD    3039       0       0
    4000000              21000000              21000000             2.9347559E-04         1.0000000E+30            106257       
 NEXT SEEDS:20A48B55       4       0       0       0       0   181CD    3039       0       0
    4500000              20500000              20500000             2.9314708E-04         1.0000000E+30            119632       
 NEXT SEEDS: 70E0A05       5       0       0       0       0   181CD    3039       0       0
 COUSET, TXYZ:   1.00000000002944     -0.625709898247805      0.780055846265892    
    5000000              20000000              20000000             2.9370767E-04         1.0000000E+30            132890       
 NEXT SEEDS:28FEA057       5       0       0       0       0   181CD    3039       0       0
    5500000              19500000              19500000             2.9412263E-04         1.0000000E+30            146015       
 NEXT SEEDS: F54E5B9       6       0       0       0       0   181CD    3039       0       0
    6000000              19000000              19000000             2.9443659E-04         1.0000000E+30            159278       
 NEXT SEEDS:313A6656       6       0       0       0       0   181CD    3039       0       0
    6500000              18500000              18500000             2.9434717E-04         1.0000000E+30            172693       
 NEXT SEEDS:17891E0A       7       0       0       0       0   181CD    3039       0       0
    7000000              18000000              18000000             2.9391208E-04         1.0000000E+30            186112       
 NEXT SEEDS:398275F1       7       0       0       0       0   181CD    3039       0       0
 COUSET, TXYZ:  0.999999999991216      0.910356026739690      0.413825935099720    
    7500000              17500000              17500000             2.9434912E-04         1.0000000E+30            199498       
 NEXT SEEDS:1FD5FF35       8       0       0       0       0   181CD    3039       0       0
    8000000              17000000              17000000             2.9470346E-04         1.0000000E+30            212727       
 NEXT SEEDS: 61179FA       9       0       0       0       0   181CD    3039       0       0
    8500000              16500000              16500000             2.9491852E-04         1.0000000E+30            226143       
 NEXT SEEDS:27EB44C8       9       0       0       0       0   181CD    3039       0       0
    9000000              16000000              16000000             2.9513197E-04         1.0000000E+30            239259       
 NEXT SEEDS: E216031       A       0       0       0       0   181CD    3039       0       0
    9500000              15500000              15500000             2.9526812E-04         1.0000000E+30            252687       
 NEXT SEEDS:3002D4A5       A       0       0       0       0   181CD    3039       0       0
   10000000              15000000              15000000             2.9493999E-04         1.0000000E+30            266010       
 NEXT SEEDS:165238CE       B       0       0       0       0   181CD    3039       0       0
   10500000              14500000              14500000             2.9502725E-04         1.0000000E+30            279296       
 NEXT SEEDS:382F79F4       B       0       0       0       0   181CD    3039       0       0
   11000000              14000000              14000000             2.9518102E-04         1.0000000E+30            292750       
 NEXT SEEDS:1E8AEF33       C       0       0       0       0   181CD    3039       0       0
   11500000              13500000              13500000             2.9529310E-04         1.0000000E+30            306027       
 NEXT SEEDS: 4DA93C0       D       0       0       0       0   181CD    3039       0       0
   12000000              13000000              13000000             2.9527708E-04         1.0000000E+30            319543       
 NEXT SEEDS:26D20298       D       0       0       0       0   181CD    3039       0       0
   12500000              12500000              12500000             2.9517529E-04         1.0000000E+30            332604       
 NEXT SEEDS: D002B65       E       0       0       0       0   181CD    3039       0       0
   13000000              12000000              12000000             2.9525661E-04         1.0000000E+30            345872       
 NEXT SEEDS:2EF033F4       E       0       0       0       0   181CD    3039       0       0
 COUSET, TXYZ:  0.999999999991427     -0.577813212196755      0.816169033836571    
   13500000              11500000              11500000             2.9589350E-04         1.0000000E+30            359306       
 NEXT SEEDS:153CC994       F       0       0       0       0   181CD    3039       0       0
   14000000              11000000              11000000             2.9579987E-04         1.0000000E+30            372468       
 NEXT SEEDS:372203BF       F       0       0       0       0   181CD    3039       0       0
   14500000              10500000              10500000             2.9580004E-04         1.0000000E+30            385669       
 NEXT SEEDS:1D647FB6      10       0       0       0       0   181CD    3039       0       0
   15000000              10000000              10000000             2.9569583E-04         1.0000000E+30            399044       
 NEXT SEEDS: 3C38AEA      11       0       0       0       0   181CD    3039       0       0
 COUSET, TXYZ:  0.999999999954755     -0.703444139502765      0.710750548722071    
   15500000               9500000               9500000             2.9576922E-04         1.0000000E+30            412313       
 NEXT SEEDS:25A3115F      11       0       0       0       0   181CD    3039       0       0
   16000000               9000000               9000000             2.9575851E-04         1.0000000E+30            425819       
 NEXT SEEDS: C0D23BC      12       0       0       0       0   181CD    3039       0       0
   16500000               8500000               8500000             2.9557079E-04         1.0000000E+30            438956       
 NEXT SEEDS:2DEBD6F0      12       0       0       0       0   181CD    3039       0       0
   17000000               8000000               8000000             2.9580015E-04         1.0000000E+30            452355       
 NEXT SEEDS:1435D2FA      13       0       0       0       0   181CD    3039       0       0
   17500000               7500000               7500000             2.9549651E-04         1.0000000E+30            465588       
 NEXT SEEDS:36068B0D      13       0       0       0       0   181CD    3039       0       0
   18000000               7000000               7000000             2.9566973E-04         1.0000000E+30            478750       
 NEXT SEEDS:1C4D6174      14       0       0       0       0   181CD    3039       0       0
   18500000               6500000               6500000             2.9577368E-04         1.0000000E+30            492002       
 NEXT SEEDS: 2B04201      15       0       0       0       0   181CD    3039       0       0
 COUSET, TXYZ:  0.999999999282594     -0.258013802889104      0.966141229885098    
   19000000               6000000               6000000             2.9564099E-04         1.0000000E+30            505432       
 NEXT SEEDS:24A7137F      15       0       0       0       0   181CD    3039       0       0
   19500000               5500000               5500000             2.9572013E-04         1.0000000E+30            518734       
 NEXT SEEDS: AEED63D      16       0       0       0       0   181CD    3039       0       0
   20000000               5000000               5000000             2.9581367E-04         1.0000000E+30            532081       
 NEXT SEEDS:2CCED89F      16       0       0       0       0   181CD    3039       0       0
   20500000               4500000               4500000             2.9572523E-04         1.0000000E+30            545498       
 NEXT SEEDS:131D8C46      17       0       0       0       0   181CD    3039       0       0
   21000000               4000000               4000000             2.9564946E-04         1.0000000E+30            558884       
 NEXT SEEDS:34FB0F85      17       0       0       0       0   181CD    3039       0       0
   21500000               3500000               3500000             2.9571775E-04         1.0000000E+30            572095       
 NEXT SEEDS:1B45D9A2      18       0       0       0       0   181CD    3039       0       0
   22000000               3000000               3000000             2.9564231E-04         1.0000000E+30            585640       
 NEXT SEEDS: 1B7D53A      19       0       0       0       0   181CD    3039       0       0
   22500000               2500000               2500000             2.9569091E-04         1.0000000E+30            598959       
 NEXT SEEDS:23AA0F03      19       0       0       0       0   181CD    3039       0       0
 COUSET, TXYZ:   1.00000000000692      0.468888369859763      0.883257435079994    
   23000000               2000000               2000000             2.9556509E-04         1.0000000E+30            612242       
 NEXT SEEDS: 9EBBA95      1A       0       0       0       0   181CD    3039       0       0
   23500000               1500000               1500000             2.9553457E-04         1.0000000E+30            625400       
 NEXT SEEDS:2BD4A65F      1A       0       0       0       0   181CD    3039       0       0
   24000000               1000000               1000000             2.9528579E-04         1.0000000E+30            638823       
 NEXT SEEDS:122035D1      1B       0       0       0       0   181CD    3039       0       0
   24500000                500000                500000             2.9533863E-04         1.0000000E+30            652091       
 NEXT SEEDS:33FF2815      1B       0       0       0       0   181CD    3039       0       0
 COUSET, TXYZ:  0.999999999956591      0.980352314721224      0.197254502949669    
   24999950                    50                    50             2.9540530E-04         1.0000000E+30            665215       
 NEXT SEEDS:1A404AD8      1C       0       0       0       0   181CD    3039       0       0
   24999951                    49                    49             2.9540536E-04         1.0000000E+30            665217       
 NEXT SEEDS:1A408548      1C       0       0       0       0   181CD    3039       0       0
   24999952                    48                    48             2.9540537E-04         1.0000000E+30            665217       
 NEXT SEEDS:1A408CC5      1C       0       0       0       0   181CD    3039       0       0
   24999953                    47                    47             2.9540536E-04         1.0000000E+30            665217       
 NEXT SEEDS:1A408DE8      1C       0       0       0       0   181CD    3039       0       0
   24999954                    46                    46             2.9540535E-04         1.0000000E+30            665217       
 NEXT SEEDS:1A40908E      1C       0       0       0       0   181CD    3039       0       0
   24999955                    45                    45             2.9540536E-04         1.0000000E+30            665217       
 NEXT SEEDS:1A4095C5      1C       0       0       0       0   181CD    3039       0       0
   24999956                    44                    44             2.9540534E-04         1.0000000E+30            665217       
 NEXT SEEDS:1A4097BB      1C       0       0       0       0   181CD    3039       0       0
   24999957                    43                    43             2.9540533E-04         1.0000000E+30            665217       
 NEXT SEEDS:1A409AFC      1C       0       0       0       0   181CD    3039       0       0
   24999958                    42                    42             2.9540534E-04         1.0000000E+30            665217       
 NEXT SEEDS:1A40A007      1C       0       0       0       0   181CD    3039       0       0
   24999959                    41                    41             2.9540533E-04         1.0000000E+30            665217       
 NEXT SEEDS:1A40A2A2      1C       0       0       0       0   181CD    3039       0       0
   24999960                    40                    40             2.9540534E-04         1.0000000E+30            665217       
 NEXT SEEDS:1A40A8C5      1C       0       0       0       0   181CD    3039       0       0
   24999961                    39                    39             2.9540532E-04         1.0000000E+30            665217       
 NEXT SEEDS:1A40AE8E      1C       0       0       0       0   181CD    3039       0       0
   24999962                    38                    38             2.9540533E-04         1.0000000E+30            665217       
 NEXT SEEDS:1A40B237      1C       0       0       0       0   181CD    3039       0       0
   24999963                    37                    37             2.9540532E-04         1.0000000E+30            665217       
 NEXT SEEDS:1A40B495      1C       0       0       0       0   181CD    3039       0       0
   24999964                    36                    36             2.9540531E-04         1.0000000E+30            665217       
 NEXT SEEDS:1A40B912      1C       0       0       0       0   181CD    3039       0       0
   24999965                    35                    35             2.9540532E-04         1.0000000E+30            665217       
 NEXT SEEDS:1A40BD30      1C       0       0       0       0   181CD    3039       0       0
   24999966                    34                    34             2.9540530E-04         1.0000000E+30            665217       
 NEXT SEEDS:1A40C063      1C       0       0       0       0   181CD    3039       0       0
   24999967                    33                    33             2.9540531E-04         1.0000000E+30            665217       
 NEXT SEEDS:1A40C32D      1C       0       0       0       0   181CD    3039       0       0
   24999968                    32                    32             2.9540530E-04         1.0000000E+30            665217       
 NEXT SEEDS:1A40C599      1C       0       0       0       0   181CD    3039       0       0
   24999969                    31                    31             2.9540529E-04         1.0000000E+30            665217       
 NEXT SEEDS:1A40CB64      1C       0       0       0       0   181CD    3039       0       0
   24999970                    30                    30             2.9540530E-04         1.0000000E+30            665217       
 NEXT SEEDS:1A40CE04      1C       0       0       0       0   181CD    3039       0       0
   24999971                    29                    29             2.9540528E-04         1.0000000E+30            665217       
 NEXT SEEDS:1A40D2E8      1C       0       0       0       0   181CD    3039       0       0
   24999972                    28                    28             2.9540529E-04         1.0000000E+30            665217       
 NEXT SEEDS:1A40D6CC      1C       0       0       0       0   181CD    3039       0       0
   24999973                    27                    27             2.9540528E-04         1.0000000E+30            665217       
 NEXT SEEDS:1A40E120      1C       0       0       0       0   181CD    3039       0       0
   24999974                    26                    26             2.9540531E-04         1.0000000E+30            665217       
 NEXT SEEDS:1A40F04E      1C       0       0       0       0   181CD    3039       0       0
   24999975                    25                    25             2.9540530E-04         1.0000000E+30            665217       
 NEXT SEEDS:1A40F384      1C       0       0       0       0   181CD    3039       0       0
   24999976                    24                    24             2.9540528E-04         1.0000000E+30            665217       
 NEXT SEEDS:1A40F681      1C       0       0       0       0   181CD    3039       0       0
   24999977                    23                    23             2.9540529E-04         1.0000000E+30            665217       
 NEXT SEEDS:1A40FB62      1C       0       0       0       0   181CD    3039       0       0
   24999978                    22                    22             2.9540528E-04         1.0000000E+30            665217       
 NEXT SEEDS:1A40FED3      1C       0       0       0       0   181CD    3039       0       0
   24999979                    21                    21             2.9540529E-04         1.0000000E+30            665217       
 NEXT SEEDS:1A410328      1C       0       0       0       0   181CD    3039       0       0
   24999980                    20                    20             2.9540528E-04         1.0000000E+30            665217       
 NEXT SEEDS:1A4109F0      1C       0       0       0       0   181CD    3039       0       0
   24999981                    19                    19             2.9540528E-04         1.0000000E+30            665217       
 NEXT SEEDS:1A410D24      1C       0       0       0       0   181CD    3039       0       0
   24999982                    18                    18             2.9540527E-04         1.0000000E+30            665217       
 NEXT SEEDS:1A4110C7      1C       0       0       0       0   181CD    3039       0       0
   24999983                    17                    17             2.9540526E-04         1.0000000E+30            665217       
 NEXT SEEDS:1A411211      1C       0       0       0       0   181CD    3039       0       0
   24999984                    16                    16             2.9540527E-04         1.0000000E+30            665217       
 NEXT SEEDS:1A4113BA      1C       0       0       0       0   181CD    3039       0       0
   24999985                    15                    15             2.9540526E-04         1.0000000E+30            665217       
 NEXT SEEDS:1A411825      1C       0       0       0       0   181CD    3039       0       0
   24999986                    14                    14             2.9540526E-04         1.0000000E+30            665217       
 NEXT SEEDS:1A411DB0      1C       0       0       0       0   181CD    3039       0       0
   24999987                    13                    13             2.9540525E-04         1.0000000E+30            665217       
 NEXT SEEDS:1A412054      1C       0       0       0       0   181CD    3039       0       0
   24999988                    12                    12             2.9540526E-04         1.0000000E+30            665217       
 NEXT SEEDS:1A412395      1C       0       0       0       0   181CD    3039       0       0
   24999989                    11                    11             2.9540527E-04         1.0000000E+30            665217       
 NEXT SEEDS:1A4126F9      1C       0       0       0       0   181CD    3039       0       0
   24999990                    10                    10             2.9540526E-04         1.0000000E+30            665217       
 NEXT SEEDS:1A412A2F      1C       0       0       0       0   181CD    3039       0       0
   24999991                     9                     9             2.9540526E-04         1.0000000E+30            665217       
 NEXT SEEDS:1A412B2A      1C       0       0       0       0   181CD    3039       0       0
   24999992                     8                     8             2.9540525E-04         1.0000000E+30            665217       
 NEXT SEEDS:1A412FC2      1C       0       0       0       0   181CD    3039       0       0
   24999993                     7                     7             2.9540526E-04         1.0000000E+30            665217       
 NEXT SEEDS:1A413424      1C       0       0       0       0   181CD    3039       0       0
   24999994                     6                     6             2.9540527E-04         1.0000000E+30            665217       
 NEXT SEEDS:1A413705      1C       0       0       0       0   181CD    3039       0       0
   24999995                     5                     5             2.9540525E-04         1.0000000E+30            665217       
 NEXT SEEDS:1A413CAC      1C       0       0       0       0   181CD    3039       0       0
   24999996                     4                     4             2.9540526E-04         1.0000000E+30            665217       
 NEXT SEEDS:1A414077      1C       0       0       0       0   181CD    3039       0       0
   24999997                     3                     3             2.9540525E-04         1.0000000E+30            665217       
 NEXT SEEDS:1A4142D6      1C       0       0       0       0   181CD    3039       0       0
   24999998                     2                     2             2.9540526E-04         1.0000000E+30            665217       
 NEXT SEEDS:1A414BD0      1C       0       0       0       0   181CD    3039       0       0
   24999999                     1                     1             2.9540525E-04         1.0000000E+30            665217       
 NEXT SEEDS:1A414F53      1C       0       0       0       0   181CD    3039       0       0
   25000000                     0                     1             2.9540525E-04         1.0000000E+30            665217       
 NEXT SEEDS:1A4150CF      1C       0       0       0       0   181CD    3039       0       0
