1NUMBER OF BEAM       NUMBER OF BEAM        APPROXIMATE NUMBER    AVERAGE TIME USED     TIME LEFT (RESERVED   NUMBER OF STARS
 PARTICLES HANDLED    PARTICLES LEFT        OF BEAM PARTICLES     BY A BEAM PARTICLE     10000.0 SECONDS      CREATED
                                            THAT CAN STILL BE                           FOR PRINTOUT)
                                            HANDLED

 NEXT SEEDS:       0       0       0       0       0       0   181CD    3039       0       0
          1               9999999               9999999             0.0000000E+00         1.0000000E+30                 0       
 NEXT SEEDS:     906       0       0       0       0       0   181CD    3039       0       0
     200000               9800000               9800000             4.0498174E-04         1.0000000E+30              7990       
 NEXT SEEDS:13AA0AEF       0       0       0       0       0   181CD    3039       0       0
     400000               9600000               9600000             4.0862532E-04         1.0000000E+30             16176       
 NEXT SEEDS:276AD73A       0       0       0       0       0   181CD    3039       0       0
     600000               9400000               9400000             4.0921536E-04         1.0000000E+30             24214       
 NEXT SEEDS:3B200477       0       0       0       0       0   181CD    3039       0       0
     800000               9200000               9200000             4.1612876E-04         1.0000000E+30             32299       
 NEXT SEEDS:133AD668       1       0       0       0       0   181CD    3039       0       0
 COUSET, TXYZ:  0.999999999989733     -0.804470649417694      0.593992402480823    
    1000000               9000000               9000000             4.7013259E-04         1.0000000E+30             40348       
 NEXT SEEDS:26EC1A1C       1       0       0       0       0   181CD    3039       0       0
    1200000               8800000               8800000             5.0325299E-04         1.0000000E+30             48345       
 NEXT SEEDS:3A7E33B5       1       0       0       0       0   181CD    3039       0       0
    1400000               8600000               8600000             5.3169697E-04         1.0000000E+30             56473       
 NEXT SEEDS:12A2F342       2       0       0       0       0   181CD    3039       0       0
    1600000               8400000               8400000             5.5062708E-04         1.0000000E+30             64367       
 NEXT SEEDS:263EAE7C       2       0       0       0       0   181CD    3039       0       0
    1800000               8200000               8200000             5.4591229E-04         1.0000000E+30             72429       
 NEXT SEEDS:39EE3A77       2       0       0       0       0   181CD    3039       0       0
    2000000               8000000               8000000             5.5836107E-04         1.0000000E+30             80310       
 NEXT SEEDS:11DE9653       3       0       0       0       0   181CD    3039       0       0
    2200000               7800000               7800000             5.7084571E-04         1.0000000E+30             88216       
 NEXT SEEDS:25764D1F       3       0       0       0       0   181CD    3039       0       0
    2400000               7600000               7600000             5.7531060E-04         1.0000000E+30             96250       
 NEXT SEEDS:3923E46A       3       0       0       0       0   181CD    3039       0       0
 COUSET, TXYZ:  0.999999999991352      0.992020559385134     -0.126076206081518    
    2600000               7400000               7400000             5.8178531E-04         1.0000000E+30            104338       
 NEXT SEEDS:113E9208       4       0       0       0       0   181CD    3039       0       0
    2800000               7200000               7200000             5.9197290E-04         1.0000000E+30            112406       
 NEXT SEEDS:24E85970       4       0       0       0       0   181CD    3039       0       0
 COUSET, TXYZ:  0.999999999924027     -0.636734576609376      0.771083055706797    
    3000000               7000000               7000000             5.9992833E-04         1.0000000E+30            120288       
 NEXT SEEDS:38856C5D       4       0       0       0       0   181CD    3039       0       0
    3200000               6800000               6800000             6.0161177E-04         1.0000000E+30            128264       
 NEXT SEEDS:108FA2D0       5       0       0       0       0   181CD    3039       0       0
    3400000               6600000               6600000             6.0401420E-04         1.0000000E+30            136409       
 NEXT SEEDS:24483F54       5       0       0       0       0   181CD    3039       0       0
    3600000               6400000               6400000             6.0608224E-04         1.0000000E+30            144423       
 NEXT SEEDS:3806E3E6       5       0       0       0       0   181CD    3039       0       0
    3800000               6200000               6200000             5.9903136E-04         1.0000000E+30            152459       
 NEXT SEEDS:1012F5A8       6       0       0       0       0   181CD    3039       0       0
    4000000               6000000               6000000             6.0024074E-04         1.0000000E+30            160435       
 NEXT SEEDS:23B84D1F       6       0       0       0       0   181CD    3039       0       0
    4200000               5800000               5800000             6.0555689E-04         1.0000000E+30            168341       
 NEXT SEEDS:3757BAC3       6       0       0       0       0   181CD    3039       0       0
    4400000               5600000               5600000             6.1185371E-04         1.0000000E+30            176489       
 NEXT SEEDS: F82A90F       7       0       0       0       0   181CD    3039       0       0
    4600000               5400000               5400000             6.1927986E-04         1.0000000E+30            184512       
 NEXT SEEDS:2337950E       7       0       0       0       0   181CD    3039       0       0
    4800000               5200000               5200000             6.2400153E-04         1.0000000E+30            192677       
 NEXT SEEDS:36F35229       7       0       0       0       0   181CD    3039       0       0
    5000000               5000000               5000000             6.2356027E-04         1.0000000E+30            200723       
 NEXT SEEDS: F09754B       8       0       0       0       0   181CD    3039       0       0
    5200000               4800000               4800000             6.2253471E-04         1.0000000E+30            208786       
 NEXT SEEDS:22B83C45       8       0       0       0       0   181CD    3039       0       0
    5400000               4600000               4600000             6.2189957E-04         1.0000000E+30            216882       
 NEXT SEEDS:3674EE51       8       0       0       0       0   181CD    3039       0       0
    5600000               4400000               4400000             6.2194446E-04         1.0000000E+30            224915       
 NEXT SEEDS: E81BD44       9       0       0       0       0   181CD    3039       0       0
    5800000               4200000               4200000             6.2216811E-04         1.0000000E+30            232847       
 NEXT SEEDS:2222312D       9       0       0       0       0   181CD    3039       0       0
    6000000               4000000               4000000             6.2221075E-04         1.0000000E+30            240782       
 NEXT SEEDS:35C46EFD       9       0       0       0       0   181CD    3039       0       0
    6200000               3800000               3800000             6.2214711E-04         1.0000000E+30            248826       
 NEXT SEEDS: DD2B734       A       0       0       0       0   181CD    3039       0       0
    6400000               3600000               3600000             6.2206888E-04         1.0000000E+30            256816       
 NEXT SEEDS:217ACCE3       A       0       0       0       0   181CD    3039       0       0
    6600000               3400000               3400000             6.2300106E-04         1.0000000E+30            264868       
 NEXT SEEDS:353C044B       A       0       0       0       0   181CD    3039       0       0
    6800000               3200000               3200000             6.2338714E-04         1.0000000E+30            272927       
 NEXT SEEDS: D495934       B       0       0       0       0   181CD    3039       0       0
    7000000               3000000               3000000             6.1948742E-04         1.0000000E+30            280910       
 NEXT SEEDS:20E21044       B       0       0       0       0   181CD    3039       0       0
    7200000               2800000               2800000             6.1228283E-04         1.0000000E+30            288913       
 NEXT SEEDS:34A844F0       B       0       0       0       0   181CD    3039       0       0
    7400000               2600000               2600000             6.0600841E-04         1.0000000E+30            296967       
 NEXT SEEDS: CAB81C7       C       0       0       0       0   181CD    3039       0       0
    7600000               2400000               2400000             5.9893835E-04         1.0000000E+30            304819       
 NEXT SEEDS:203CFD10       C       0       0       0       0   181CD    3039       0       0
    7800000               2200000               2200000             5.9345689E-04         1.0000000E+30            312833       
 NEXT SEEDS:33E8CEC2       C       0       0       0       0   181CD    3039       0       0
    8000000               2000000               2000000             5.8765782E-04         1.0000000E+30            320938       
 NEXT SEEDS: BFABB43       D       0       0       0       0   181CD    3039       0       0
    8200000               1800000               1800000             5.8212037E-04         1.0000000E+30            329059       
 NEXT SEEDS:1FAB3DE5       D       0       0       0       0   181CD    3039       0       0
 COUSET, TXYZ:   1.00000000001392     -0.691371088668258      0.722499839295146    
    8400000               1600000               1600000             5.7699647E-04         1.0000000E+30            336938       
 NEXT SEEDS:334BDC4C       D       0       0       0       0   181CD    3039       0       0
    8600000               1400000               1400000             5.7139022E-04         1.0000000E+30            345027       
 NEXT SEEDS: B64AA11       E       0       0       0       0   181CD    3039       0       0
    8800000               1200000               1200000             5.6716346E-04         1.0000000E+30            352971       
 NEXT SEEDS:1F15C0F9       E       0       0       0       0   181CD    3039       0       0
    9000000               1000000               1000000             5.6271049E-04         1.0000000E+30            360958       
 NEXT SEEDS:32D2ACC1       E       0       0       0       0   181CD    3039       0       0
    9200000                800000                800000             5.5823856E-04         1.0000000E+30            369003       
 NEXT SEEDS: B090015       F       0       0       0       0   181CD    3039       0       0
    9400000                600000                600000             5.5419437E-04         1.0000000E+30            377040       
 NEXT SEEDS:1EABF096       F       0       0       0       0   181CD    3039       0       0
 COUSET, TXYZ:  0.999999999986947      0.838567673124214      0.544797446364183    
    9600000                400000                400000             5.5010227E-04         1.0000000E+30            385115       
 NEXT SEEDS:326DEEC2       F       0       0       0       0   181CD    3039       0       0
    9800000                200000                200000             5.4633160E-04         1.0000000E+30            393183       
 NEXT SEEDS: A85EA5F      10       0       0       0       0   181CD    3039       0       0
    9999950                    50                    50             5.4305871E-04         1.0000000E+30            401137       
 NEXT SEEDS:1E287A75      10       0       0       0       0   181CD    3039       0       0
    9999951                    49                    49             5.4305880E-04         1.0000000E+30            401137       
 NEXT SEEDS:1E287F8E      10       0       0       0       0   181CD    3039       0       0
    9999952                    48                    48             5.4305894E-04         1.0000000E+30            401137       
 NEXT SEEDS:1E288C2E      10       0       0       0       0   181CD    3039       0       0
    9999953                    47                    47             5.4305908E-04         1.0000000E+30            401137       
 NEXT SEEDS:1E2896BF      10       0       0       0       0   181CD    3039       0       0
    9999954                    46                    46             5.4305912E-04         1.0000000E+30            401137       
 NEXT SEEDS:1E289A12      10       0       0       0       0   181CD    3039       0       0
    9999955                    45                    45             5.4305917E-04         1.0000000E+30            401137       
 NEXT SEEDS:1E289E4D      10       0       0       0       0   181CD    3039       0       0
    9999956                    44                    44             5.4305921E-04         1.0000000E+30            401137       
 NEXT SEEDS:1E28A20D      10       0       0       0       0   181CD    3039       0       0
    9999957                    43                    43             5.4305925E-04         1.0000000E+30            401137       
 NEXT SEEDS:1E28A75E      10       0       0       0       0   181CD    3039       0       0
    9999958                    42                    42             5.4305939E-04         1.0000000E+30            401137       
 NEXT SEEDS:1E28B30F      10       0       0       0       0   181CD    3039       0       0
    9999959                    41                    41             5.4305944E-04         1.0000000E+30            401137       
 NEXT SEEDS:1E28B603      10       0       0       0       0   181CD    3039       0       0
    9999960                    40                    40             5.4305948E-04         1.0000000E+30            401137       
 NEXT SEEDS:1E28BB67      10       0       0       0       0   181CD    3039       0       0
    9999961                    39                    39             5.4305952E-04         1.0000000E+30            401137       
 NEXT SEEDS:1E28C02D      10       0       0       0       0   181CD    3039       0       0
    9999962                    38                    38             5.4305966E-04         1.0000000E+30            401137       
 NEXT SEEDS:1E28CB3C      10       0       0       0       0   181CD    3039       0       0
    9999963                    37                    37             5.4305971E-04         1.0000000E+30            401137       
 NEXT SEEDS:1E28CF53      10       0       0       0       0   181CD    3039       0       0
    9999964                    36                    36             5.4305970E-04         1.0000000E+30            401137       
 NEXT SEEDS:1E28D2C0      10       0       0       0       0   181CD    3039       0       0
    9999965                    35                    35             5.4305975E-04         1.0000000E+30            401137       
 NEXT SEEDS:1E28D54C      10       0       0       0       0   181CD    3039       0       0
    9999966                    34                    34             5.4305979E-04         1.0000000E+30            401137       
 NEXT SEEDS:1E28D93A      10       0       0       0       0   181CD    3039       0       0
    9999967                    33                    33             5.4305988E-04         1.0000000E+30            401137       
 NEXT SEEDS:1E28E37A      10       0       0       0       0   181CD    3039       0       0
    9999968                    32                    32             5.4305993E-04         1.0000000E+30            401137       
 NEXT SEEDS:1E28E798      10       0       0       0       0   181CD    3039       0       0
    9999969                    31                    31             5.4306002E-04         1.0000000E+30            401137       
 NEXT SEEDS:1E28ECFC      10       0       0       0       0   181CD    3039       0       0
    9999970                    30                    30             5.4306001E-04         1.0000000E+30            401137       
 NEXT SEEDS:1E28EF85      10       0       0       0       0   181CD    3039       0       0
    9999971                    29                    29             5.4306010E-04         1.0000000E+30            401137       
 NEXT SEEDS:1E28F748      10       0       0       0       0   181CD    3039       0       0
    9999972                    28                    28             5.4306068E-04         1.0000000E+30            401138       
 NEXT SEEDS:1E29238C      10       0       0       0       0   181CD    3039       0       0
    9999973                    27                    27             5.4306073E-04         1.0000000E+30            401138       
 NEXT SEEDS:1E29269E      10       0       0       0       0   181CD    3039       0       0
    9999974                    26                    26             5.4306082E-04         1.0000000E+30            401138       
 NEXT SEEDS:1E292C97      10       0       0       0       0   181CD    3039       0       0
    9999975                    25                    25             5.4306086E-04         1.0000000E+30            401138       
 NEXT SEEDS:1E2932C9      10       0       0       0       0   181CD    3039       0       0
    9999976                    24                    24             5.4306091E-04         1.0000000E+30            401138       
 NEXT SEEDS:1E293772      10       0       0       0       0   181CD    3039       0       0
    9999977                    23                    23             5.4306095E-04         1.0000000E+30            401138       
 NEXT SEEDS:1E293B47      10       0       0       0       0   181CD    3039       0       0
    9999978                    22                    22             5.4306099E-04         1.0000000E+30            401138       
 NEXT SEEDS:1E293FC2      10       0       0       0       0   181CD    3039       0       0
    9999979                    21                    21             5.4306113E-04         1.0000000E+30            401138       
 NEXT SEEDS:1E294667      10       0       0       0       0   181CD    3039       0       0
    9999980                    20                    20             5.4306128E-04         1.0000000E+30            401138       
 NEXT SEEDS:1E294E27      10       0       0       0       0   181CD    3039       0       0
    9999981                    19                    19             5.4306151E-04         1.0000000E+30            401138       
 NEXT SEEDS:1E29586D      10       0       0       0       0   181CD    3039       0       0
    9999982                    18                    18             5.4306166E-04         1.0000000E+30            401138       
 NEXT SEEDS:1E295B7E      10       0       0       0       0   181CD    3039       0       0
    9999983                    17                    17             5.4306170E-04         1.0000000E+30            401138       
 NEXT SEEDS:1E295E17      10       0       0       0       0   181CD    3039       0       0
    9999984                    16                    16             5.4306184E-04         1.0000000E+30            401138       
 NEXT SEEDS:1E296369      10       0       0       0       0   181CD    3039       0       0
    9999985                    15                    15             5.4306203E-04         1.0000000E+30            401138       
 NEXT SEEDS:1E2969D3      10       0       0       0       0   181CD    3039       0       0
    9999986                    14                    14             5.4306217E-04         1.0000000E+30            401138       
 NEXT SEEDS:1E29717C      10       0       0       0       0   181CD    3039       0       0
    9999987                    13                    13             5.4306231E-04         1.0000000E+30            401138       
 NEXT SEEDS:1E297649      10       0       0       0       0   181CD    3039       0       0
    9999988                    12                    12             5.4306240E-04         1.0000000E+30            401138       
 NEXT SEEDS:1E29796B      10       0       0       0       0   181CD    3039       0       0
    9999989                    11                    11             5.4306250E-04         1.0000000E+30            401138       
 NEXT SEEDS:1E297D34      10       0       0       0       0   181CD    3039       0       0
    9999990                    10                    10             5.4306269E-04         1.0000000E+30            401138       
 NEXT SEEDS:1E2984E0      10       0       0       0       0   181CD    3039       0       0
    9999991                     9                     9             5.4306283E-04         1.0000000E+30            401138       
 NEXT SEEDS:1E298B1D      10       0       0       0       0   181CD    3039       0       0
    9999992                     8                     8             5.4306292E-04         1.0000000E+30            401138       
 NEXT SEEDS:1E298EAB      10       0       0       0       0   181CD    3039       0       0
    9999993                     7                     7             5.4306296E-04         1.0000000E+30            401138       
 NEXT SEEDS:1E299324      10       0       0       0       0   181CD    3039       0       0
    9999994                     6                     6             5.4306305E-04         1.0000000E+30            401138       
 NEXT SEEDS:1E299862      10       0       0       0       0   181CD    3039       0       0
    9999995                     5                     5             5.4306310E-04         1.0000000E+30            401138       
 NEXT SEEDS:1E299C5B      10       0       0       0       0   181CD    3039       0       0
    9999996                     4                     4             5.4306314E-04         1.0000000E+30            401138       
 NEXT SEEDS:1E29A21E      10       0       0       0       0   181CD    3039       0       0
    9999997                     3                     3             5.4306318E-04         1.0000000E+30            401138       
 NEXT SEEDS:1E29A7C9      10       0       0       0       0   181CD    3039       0       0
    9999998                     2                     2             5.4306328E-04         1.0000000E+30            401138       
 NEXT SEEDS:1E29B0C1      10       0       0       0       0   181CD    3039       0       0
    9999999                     1                     1             5.4306337E-04         1.0000000E+30            401138       
 NEXT SEEDS:1E29B50A      10       0       0       0       0   181CD    3039       0       0
   10000000                     0                     1             5.4306346E-04         1.0000000E+30            401138       
 NEXT SEEDS:1E29BB96      10       0       0       0       0   181CD    3039       0       0
