1NUMBER OF BEAM       NUMBER OF BEAM        APPROXIMATE NUMBER    AVERAGE TIME USED     TIME LEFT (RESERVED   NUMBER OF STARS
 PARTICLES HANDLED    PARTICLES LEFT        OF BEAM PARTICLES     BY A BEAM PARTICLE     10000.0 SECONDS      CREATED
                                            THAT CAN STILL BE                           FOR PRINTOUT)
                                            HANDLED

 NEXT SEEDS:       0       0       0       0       0       0   181CD    3039       0       0
          1               9999999               9999999             1.7499924E-04         1.0000000E+30                 0       
 NEXT SEEDS:     27A       0       0       0       0       0   181CD    3039       0       0
     200000               9800000               9800000             4.9585322E-04         1.0000000E+30              5984       
 NEXT SEEDS: B3FF02E       0       0       0       0       0   181CD    3039       0       0
     400000               9600000               9600000             4.8129670E-04         1.0000000E+30             12019       
 NEXT SEEDS:16865981       0       0       0       0       0   181CD    3039       0       0
     600000               9400000               9400000             4.7652161E-04         1.0000000E+30             17966       
 NEXT SEEDS:21C6B6D2       0       0       0       0       0   181CD    3039       0       0
     800000               9200000               9200000             4.7467496E-04         1.0000000E+30             23987       
 NEXT SEEDS:2D0D1073       0       0       0       0       0   181CD    3039       0       0
    1000000               9000000               9000000             4.9036658E-04         1.0000000E+30             29900       
 NEXT SEEDS:383D89BC       0       0       0       0       0   181CD    3039       0       0
    1200000               8800000               8800000             4.9290970E-04         1.0000000E+30             35772       
 NEXT SEEDS: 7E0E89A       1       0       0       0       0   181CD    3039       0       0
    1400000               8600000               8600000             4.9030086E-04         1.0000000E+30             41718       
 NEXT SEEDS:1323DC39       1       0       0       0       0   181CD    3039       0       0
    1600000               8400000               8400000             4.9050949E-04         1.0000000E+30             47588       
 NEXT SEEDS:1E595E91       1       0       0       0       0   181CD    3039       0       0
    1800000               8200000               8200000             4.9663130E-04         1.0000000E+30             53506       
 NEXT SEEDS:299F8C4D       1       0       0       0       0   181CD    3039       0       0
    2000000               8000000               8000000             4.9524692E-04         1.0000000E+30             59474       
 NEXT SEEDS:34E82C9E       1       0       0       0       0   181CD    3039       0       0
    2200000               7800000               7800000             4.9547877E-04         1.0000000E+30             65373       
 NEXT SEEDS: 49313F2       2       0       0       0       0   181CD    3039       0       0
    2400000               7600000               7600000             4.8850838E-04         1.0000000E+30             71280       
 NEXT SEEDS: FD1F3AD       2       0       0       0       0   181CD    3039       0       0
    2600000               7400000               7400000             4.8715480E-04         1.0000000E+30             77114       
 NEXT SEEDS:1B0CB500       2       0       0       0       0   181CD    3039       0       0
    2800000               7200000               7200000             4.6884785E-04         1.0000000E+30             82920       
 NEXT SEEDS:263B2378       2       0       0       0       0   181CD    3039       0       0
    3000000               7000000               7000000             4.5380723E-04         1.0000000E+30             88909       
 NEXT SEEDS:3180F986       2       0       0       0       0   181CD    3039       0       0
    3200000               6800000               6800000             4.3869986E-04         1.0000000E+30             94841       
 NEXT SEEDS: 124FAB7       3       0       0       0       0   181CD    3039       0       0
    3400000               6600000               6600000             4.2629300E-04         1.0000000E+30            100761       
 NEXT SEEDS: C666DA5       3       0       0       0       0   181CD    3039       0       0
    3600000               6400000               6400000             4.1446389E-04         1.0000000E+30            106807       
 NEXT SEEDS:17BDC607       3       0       0       0       0   181CD    3039       0       0
    3800000               6200000               6200000             4.0380209E-04         1.0000000E+30            112862       
 NEXT SEEDS:230C5ACC       3       0       0       0       0   181CD    3039       0       0
    4000000               6000000               6000000             3.9498558E-04         1.0000000E+30            118693       
 NEXT SEEDS:2E419935       3       0       0       0       0   181CD    3039       0       0
    4200000               5800000               5800000             3.8627463E-04         1.0000000E+30            124601       
 NEXT SEEDS:39813AAD       3       0       0       0       0   181CD    3039       0       0
 COUSET, TXYZ:  0.999999999900610      0.594389971056311      0.804176947014087    
    4400000               5600000               5600000             3.7905500E-04         1.0000000E+30            130418       
 NEXT SEEDS: 91C4098       4       0       0       0       0   181CD    3039       0       0
    4600000               5400000               5400000             3.7179718E-04         1.0000000E+30            136418       
 NEXT SEEDS:14620D23       4       0       0       0       0   181CD    3039       0       0
    4800000               5200000               5200000             3.6512539E-04         1.0000000E+30            142414       
 NEXT SEEDS:1FA1C00C       4       0       0       0       0   181CD    3039       0       0
    5000000               5000000               5000000             3.5963419E-04         1.0000000E+30            148292       
 NEXT SEEDS:2AE39D81       4       0       0       0       0   181CD    3039       0       0
    5200000               4800000               4800000             3.5377044E-04         1.0000000E+30            154307       
 NEXT SEEDS:3629C969       4       0       0       0       0   181CD    3039       0       0
    5400000               4600000               4600000             3.4861336E-04         1.0000000E+30            160241       
 NEXT SEEDS: 5D2E6FE       5       0       0       0       0   181CD    3039       0       0
    5600000               4400000               4400000             3.4429942E-04         1.0000000E+30            166252       
 NEXT SEEDS:111411D3       5       0       0       0       0   181CD    3039       0       0
    5800000               4200000               4200000             3.3925235E-04         1.0000000E+30            172061       
 NEXT SEEDS:1C4BD806       5       0       0       0       0   181CD    3039       0       0
    6000000               4000000               4000000             3.3547993E-04         1.0000000E+30            178054       
 NEXT SEEDS:27919BA3       5       0       0       0       0   181CD    3039       0       0
    6200000               3800000               3800000             3.3198383E-04         1.0000000E+30            183952       
 NEXT SEEDS:32CC6491       5       0       0       0       0   181CD    3039       0       0
    6400000               3600000               3600000             3.2776092E-04         1.0000000E+30            189899       
 NEXT SEEDS: 26FF06A       6       0       0       0       0   181CD    3039       0       0
    6600000               3400000               3400000             3.2445974E-04         1.0000000E+30            195990       
 NEXT SEEDS: DB85BEF       6       0       0       0       0   181CD    3039       0       0
    6800000               3200000               3200000             3.2163365E-04         1.0000000E+30            201926       
 NEXT SEEDS:1911FB30       6       0       0       0       0   181CD    3039       0       0
    7000000               3000000               3000000             3.1805590E-04         1.0000000E+30            207923       
 NEXT SEEDS:245AEF9F       6       0       0       0       0   181CD    3039       0       0
    7200000               2800000               2800000             3.1512332E-04         1.0000000E+30            213943       
 NEXT SEEDS:2FA53136       6       0       0       0       0   181CD    3039       0       0
    7400000               2600000               2600000             3.1276211E-04         1.0000000E+30            219861       
 NEXT SEEDS:3AF0B4E1       6       0       0       0       0   181CD    3039       0       0
    7600000               2400000               2400000             3.0974233E-04         1.0000000E+30            225868       
 NEXT SEEDS: A9DD887       7       0       0       0       0   181CD    3039       0       0
    7800000               2200000               2200000             3.0759201E-04         1.0000000E+30            231789       
 NEXT SEEDS:15DEA5B2       7       0       0       0       0   181CD    3039       0       0
    8000000               2000000               2000000             3.0536916E-04         1.0000000E+30            237727       
 NEXT SEEDS:21234455       7       0       0       0       0   181CD    3039       0       0
    8200000               1800000               1800000             3.0270382E-04         1.0000000E+30            243736       
 NEXT SEEDS:2C6A6F5E       7       0       0       0       0   181CD    3039       0       0
    8400000               1600000               1600000             3.0092316E-04         1.0000000E+30            249749       
 NEXT SEEDS:37A7B236       7       0       0       0       0   181CD    3039       0       0
    8600000               1400000               1400000             2.9840822E-04         1.0000000E+30            255698       
 NEXT SEEDS: 7481386       8       0       0       0       0   181CD    3039       0       0
    8800000               1200000               1200000             2.9653009E-04         1.0000000E+30            261669       
 NEXT SEEDS:129679E3       8       0       0       0       0   181CD    3039       0       0
    9000000               1000000               1000000             2.9465638E-04         1.0000000E+30            267646       
 NEXT SEEDS:1DD6C5F7       8       0       0       0       0   181CD    3039       0       0
    9200000                800000                800000             2.9296734E-04         1.0000000E+30            273455       
 NEXT SEEDS:290F226F       8       0       0       0       0   181CD    3039       0       0
    9400000                600000                600000             2.9115548E-04         1.0000000E+30            279452       
 NEXT SEEDS:3456FB0C       8       0       0       0       0   181CD    3039       0       0
    9600000                400000                400000             2.8951044E-04         1.0000000E+30            285510       
 NEXT SEEDS: 402B3FC       9       0       0       0       0   181CD    3039       0       0
    9800000                200000                200000             2.8793217E-04         1.0000000E+30            291343       
 NEXT SEEDS: F4B8675       9       0       0       0       0   181CD    3039       0       0
    9999950                    50                    50             2.8636456E-04         1.0000000E+30            297412       
 NEXT SEEDS:1A8ED58A       9       0       0       0       0   181CD    3039       0       0
    9999951                    49                    49             2.8636465E-04         1.0000000E+30            297412       
 NEXT SEEDS:1A8ED8F5       9       0       0       0       0   181CD    3039       0       0
    9999952                    48                    48             2.8636472E-04         1.0000000E+30            297412       
 NEXT SEEDS:1A8EDCEE       9       0       0       0       0   181CD    3039       0       0
    9999953                    47                    47             2.8636479E-04         1.0000000E+30            297412       
 NEXT SEEDS:1A8EE12E       9       0       0       0       0   181CD    3039       0       0
    9999954                    46                    46             2.8636486E-04         1.0000000E+30            297412       
 NEXT SEEDS:1A8EE4BE       9       0       0       0       0   181CD    3039       0       0
    9999955                    45                    45             2.8636483E-04         1.0000000E+30            297412       
 NEXT SEEDS:1A8EE706       9       0       0       0       0   181CD    3039       0       0
    9999956                    44                    44             2.8636480E-04         1.0000000E+30            297412       
 NEXT SEEDS:1A8EE820       9       0       0       0       0   181CD    3039       0       0
    9999957                    43                    43             2.8636478E-04         1.0000000E+30            297412       
 NEXT SEEDS:1A8EEB63       9       0       0       0       0   181CD    3039       0       0
    9999958                    42                    42             2.8636475E-04         1.0000000E+30            297412       
 NEXT SEEDS:1A8EEE23       9       0       0       0       0   181CD    3039       0       0
    9999959                    41                    41             2.8636472E-04         1.0000000E+30            297412       
 NEXT SEEDS:1A8EF088       9       0       0       0       0   181CD    3039       0       0
    9999960                    40                    40             2.8636474E-04         1.0000000E+30            297412       
 NEXT SEEDS:1A8EF247       9       0       0       0       0   181CD    3039       0       0
    9999961                    39                    39             2.8636478E-04         1.0000000E+30            297412       
 NEXT SEEDS:1A8EF4FD       9       0       0       0       0   181CD    3039       0       0
    9999962                    38                    38             2.8636488E-04         1.0000000E+30            297412       
 NEXT SEEDS:1A8EFA8D       9       0       0       0       0   181CD    3039       0       0
    9999963                    37                    37             2.8636495E-04         1.0000000E+30            297412       
 NEXT SEEDS:1A8EFEB1       9       0       0       0       0   181CD    3039       0       0
    9999964                    36                    36             2.8636499E-04         1.0000000E+30            297412       
 NEXT SEEDS:1A8F0225       9       0       0       0       0   181CD    3039       0       0
    9999965                    35                    35             2.8636496E-04         1.0000000E+30            297412       
 NEXT SEEDS:1A8F035E       9       0       0       0       0   181CD    3039       0       0
    9999966                    34                    34             2.8636493E-04         1.0000000E+30            297412       
 NEXT SEEDS:1A8F0782       9       0       0       0       0   181CD    3039       0       0
    9999967                    33                    33             2.8636490E-04         1.0000000E+30            297412       
 NEXT SEEDS:1A8F0B7A       9       0       0       0       0   181CD    3039       0       0
    9999968                    32                    32             2.8636488E-04         1.0000000E+30            297412       
 NEXT SEEDS:1A8F0EEA       9       0       0       0       0   181CD    3039       0       0
    9999969                    31                    31             2.8636487E-04         1.0000000E+30            297412       
 NEXT SEEDS:1A8F12AE       9       0       0       0       0   181CD    3039       0       0
    9999970                    30                    30             2.8636494E-04         1.0000000E+30            297412       
 NEXT SEEDS:1A8F15BB       9       0       0       0       0   181CD    3039       0       0
    9999971                    29                    29             2.8636503E-04         1.0000000E+30            297412       
 NEXT SEEDS:1A8F1C47       9       0       0       0       0   181CD    3039       0       0
    9999972                    28                    28             2.8636508E-04         1.0000000E+30            297412       
 NEXT SEEDS:1A8F1E1B       9       0       0       0       0   181CD    3039       0       0
    9999973                    27                    27             2.8636510E-04         1.0000000E+30            297412       
 NEXT SEEDS:1A8F2092       9       0       0       0       0   181CD    3039       0       0
    9999974                    26                    26             2.8636517E-04         1.0000000E+30            297412       
 NEXT SEEDS:1A8F2401       9       0       0       0       0   181CD    3039       0       0
    9999975                    25                    25             2.8636521E-04         1.0000000E+30            297412       
 NEXT SEEDS:1A8F2676       9       0       0       0       0   181CD    3039       0       0
    9999976                    24                    24             2.8636528E-04         1.0000000E+30            297412       
 NEXT SEEDS:1A8F2AA5       9       0       0       0       0   181CD    3039       0       0
    9999977                    23                    23             2.8636535E-04         1.0000000E+30            297412       
 NEXT SEEDS:1A8F2E52       9       0       0       0       0   181CD    3039       0       0
    9999978                    22                    22             2.8636539E-04         1.0000000E+30            297412       
 NEXT SEEDS:1A8F3189       9       0       0       0       0   181CD    3039       0       0
    9999979                    21                    21             2.8636549E-04         1.0000000E+30            297412       
 NEXT SEEDS:1A8F357F       9       0       0       0       0   181CD    3039       0       0
    9999980                    20                    20             2.8636553E-04         1.0000000E+30            297412       
 NEXT SEEDS:1A8F38F3       9       0       0       0       0   181CD    3039       0       0
    9999981                    19                    19             2.8636558E-04         1.0000000E+30            297412       
 NEXT SEEDS:1A8F3B43       9       0       0       0       0   181CD    3039       0       0
    9999982                    18                    18             2.8636567E-04         1.0000000E+30            297412       
 NEXT SEEDS:1A8F4166       9       0       0       0       0   181CD    3039       0       0
    9999983                    17                    17             2.8636572E-04         1.0000000E+30            297412       
 NEXT SEEDS:1A8F435B       9       0       0       0       0   181CD    3039       0       0
    9999984                    16                    16             2.8636581E-04         1.0000000E+30            297412       
 NEXT SEEDS:1A8F4804       9       0       0       0       0   181CD    3039       0       0
    9999985                    15                    15             2.8636583E-04         1.0000000E+30            297412       
 NEXT SEEDS:1A8F4965       9       0       0       0       0   181CD    3039       0       0
    9999986                    14                    14             2.8636587E-04         1.0000000E+30            297412       
 NEXT SEEDS:1A8F4C2F       9       0       0       0       0   181CD    3039       0       0
    9999987                    13                    13             2.8636594E-04         1.0000000E+30            297412       
 NEXT SEEDS:1A8F509F       9       0       0       0       0   181CD    3039       0       0
    9999988                    12                    12             2.8636599E-04         1.0000000E+30            297412       
 NEXT SEEDS:1A8F5337       9       0       0       0       0   181CD    3039       0       0
    9999989                    11                    11             2.8636606E-04         1.0000000E+30            297412       
 NEXT SEEDS:1A8F5606       9       0       0       0       0   181CD    3039       0       0
    9999990                    10                    10             2.8636613E-04         1.0000000E+30            297412       
 NEXT SEEDS:1A8F5ABF       9       0       0       0       0   181CD    3039       0       0
    9999991                     9                     9             2.8636619E-04         1.0000000E+30            297412       
 NEXT SEEDS:1A8F5E64       9       0       0       0       0   181CD    3039       0       0
    9999992                     8                     8             2.8636621E-04         1.0000000E+30            297412       
 NEXT SEEDS:1A8F5F5F       9       0       0       0       0   181CD    3039       0       0
    9999993                     7                     7             2.8636628E-04         1.0000000E+30            297412       
 NEXT SEEDS:1A8F632C       9       0       0       0       0   181CD    3039       0       0
    9999994                     6                     6             2.8636635E-04         1.0000000E+30            297412       
 NEXT SEEDS:1A8F6758       9       0       0       0       0   181CD    3039       0       0
    9999995                     5                     5             2.8636637E-04         1.0000000E+30            297412       
 NEXT SEEDS:1A8F68AC       9       0       0       0       0   181CD    3039       0       0
    9999996                     4                     4             2.8636642E-04         1.0000000E+30            297412       
 NEXT SEEDS:1A8F6A48       9       0       0       0       0   181CD    3039       0       0
    9999997                     3                     3             2.8636646E-04         1.0000000E+30            297412       
 NEXT SEEDS:1A8F6CCD       9       0       0       0       0   181CD    3039       0       0
    9999998                     2                     2             2.8636653E-04         1.0000000E+30            297412       
 NEXT SEEDS:1A8F70EE       9       0       0       0       0   181CD    3039       0       0
    9999999                     1                     1             2.8636658E-04         1.0000000E+30            297412       
 NEXT SEEDS:1A8F738A       9       0       0       0       0   181CD    3039       0       0
   10000000                     0                     1             2.8636662E-04         1.0000000E+30            297412       
 NEXT SEEDS:1A8F75CA       9       0       0       0       0   181CD    3039       0       0
