1 *====================================================================*
  *                                                                    *
  *                                                                    *
  *                                                                    *
  *                                                                    *
  *  FFFFF  L      U   U  K   K   AAA      222    000     11     11    *
  *  F      L      U   U  K  K   A   A    2   2  0   0   111    111    *
  *  F      L      U   U  K K    A   A        2  0   0  1111   1111    *
  *  FFFF   L      U   U  KK     AAAAA ==    2   0   0    11     11    *
  *  F      L      U   U  K K    A   A      2    0   0    11     11    *
  *  F      L      U   U  K  K   A   A     2     0   0    11     11    *
  *  F      LLLLL   UUU   K   K  A   A    22222   000   11111  11111   *
  *                                                                    *
  *                                                                    *
  *                                                                    *
  *         Version of Fluka2011 for GNU/Linux operating system        *
  *                                                                    *
  *         By :                                                       *
  *                                                                    *
  *             Alfredo Ferrari & Paola Sala INFN Milan & CERN/EN      *
  *                                                                    *
  *             Alfredo.Ferrari@cern.ch Paola.Sala@mi.infn.it          *
  *                                                                    *
  *                                                                    *
  *             Alberto Fasso` Jefferson Lab, Newport News             *
  *                                                                    *
  *                       afasso@jlab.org                              *
  *                                                                    *
  *                                                                    *
  *                  Johannes Ranft Siegen University                  *
  *                                                                    *
  *                  Johannes.Ranft@cern.ch                            *
  *                                                                    *
  *                                                                    *
  *                                                                    *
  *         This version includes all the features of the Fluka2011    *
  *                                                                    *
  *           package                                                  *
  *                                                                    *
  *                                                                    *
  *                                                                    *
  *====================================================================*




                     FLUKA User license
   
           COPYRIGHT NOTICE AND LICENSE CONDITIONS
   
  Copyright Italian  National  Institute  for  Nuclear  Physics
  (INFN) and European Organization for Nuclear Research (CERN),
  1989-2018.
  All  rights  not  expressly  granted  under  this license are
  reserved.     Requests for permissions not granted under this
  license  shall  be  addressed  to   the  FLUKA  Collaboration
  Committee, through fcc@fluka.org.     Any permission may only
  be granted in writing.    This software results in particular
  from  work  performed  by  Alberto  Fassò,  Alfredo  Ferrari,
  Johannes  Ranft,  Paola  Sala  (the  "Authors"),   and  their
  collaborators (the "Collaborators"). The Flair user interface
  results  in  particular  from  work  performed   by   Vasilis
  Vlachoudis (the "Flair Author")  and collaborators  (also the
  "Collaborators").      The FLUKA Authors and Flair Author are
  jointly referred to as "Authors".
  INFN and CERN are the exclusive source of distribution of the
  code,  bug fixes and  documentation  of  the  FLUKA  software
  (http://www.fluka.org),  and  may authorise  distribution  by
  mirror sites.
  This   license   cancels   and  replaces  any  prior  license
  conditions but their  warranty and liability provisions shall
  continue to apply to any use or modifications made under such
  prior license conditions.
   
  DEFINITIONS
   
  The FLUKA  software  ("FLUKA")  means  the  fully  integrated
  particle  physics  Monte Carlo  simulation  software  package
  being developed since 1989, available from the official FLUKA
  website  (http://www.fluka.org)  and authorised mirror sites.
  FLUKA includes  FLUKA  core code,  FLUKA  User  Routines  (as
  defined below), and the Flair user interface.
   
  The FLUKA Copyright Holders means both CERN and INFN.
   
  FLUKA User Routines means the set of subroutines collected in
  the usermvax  section  of  FLUKA  and  forming  part  of  the
  standard distribution of FLUKA.
   
  The Licensee  means  any  person acting individually within a
  non-profit organisation, exercising any permission granted by
  this license.
   
  LICENSE GRANT
   
  1.
  Subject to the  terms  and  conditions  of this license,  the
  FLUKA  Copyright  Holders  herewith  grant to the  Licensee a
  worldwide,  non-exclusive,  royalty-free,  source  and object
  code  license  to  use  and  reproduce   FLUKA  for  internal
  scientific non commercial non-military purposes only.
  Notwithstanding the foregoing, the Licensee shall not execute
  FLUKA in a manner that produces an output whose contents  are
  directly useable or easily employable to simulate the physics
  models embedded within FLUKA in a generic manner,  or  excise
  portions of  FLUKA source or object code,  and  execute  them
  independently of FLUKA.  Extracting specific isolated results
  from any of the individual internal  physics  models embedded
  within FLUKA is not permitted. Permitted use and reproduction
  are referred to below as "Use".
   
  2.
  Modification (including translation)  of  FLUKA,  in whole or
  in part,  is not permitted,  except for modification of FLUKA
  User  Routines that do not  circumvent,  replace,  add to  or
  modify any of the functions of the FLUKA core code. Permitted
  modifications are referred to below as "Modifications".
   
  3.
  FLUKA is  licensed for  Use by the  Licensee  only,  and  the
  Licensee shall not market,  distribute,  transfer, license or
  sub-license, or in any way make available  ("Make Available")
  FLUKA  or  Modifications,  in  whole  or  in  part,  to third
  parties, without prior written permission. The Licensee shall
  not assign or transfer this license.
   
  4.
  Notwithstanding section 3,  the Licensee may  Make  Available
  his Modifications  of  FLUKA User Routines  to third  parties
  under these license conditions.
   
  5.
  The  Licensee  shall  not insert FLUKA code or Modifications,
  in whole or  in  part, into other codes without prior written
  permission.
   
  6.
  Any use of FLUKA outside the scope of this license is subject
  to prior written permission.
   
   
  GRANT BACK
   
  7.
  The   Licensee   shall   in  a  timely   fashion   notify  to
  fcc@fluka.org  any  Modifications carried out by him.  Except
  for  Authors,  Collaborators,  and  employees  of  the  FLUKA
  Copyright Holders, the copyright in whose Modifications shall
  automatically be vested in  the FLUKA Copyright Holders,  the
  Licensee  herewith  grants  the  FLUKA  Copyright  Holders  a
  perpetual,  royalty- free,   irrevocable   and  non-exclusive
  license to his Modifications, with no limitation of use.  The
  Licensee acknowledges that the  FLUKA  Copyright  Holders may
  insert  such  Modifications into future  releases  of  FLUKA,
  subject  to  appropriate  acknowledgment  of  the  Licensee's
  contribution.
   
  8.
  The Licensee  shall report as soon as practical any errors or
  bugs found in any portion of FLUKA to fluka-discuss@fluka.org
   
   
  PUBLICATIONS AND ACKNOWLEDGEMENT
   
  9.
  The Licensee shall explicitly acknowledge his use of FLUKA in
  any publication or communication,  scientific  or  otherwise,
  relating to such use,  by  citing the FLUKA set of references
  (http://www.fluka.org, see below)  and  the  FLUKA  copyright
  notice.
   
  10.
  The  Licensee  shall ensure that the FLUKA set of references,
  the  FLUKA  copyright notice and these license conditions are
  not altered or removed from FLUKA and that all embodiments of
  FLUKA  and  Modifications  contain  in  full the FLUKA set of
  references,  the FLUKA  copyright  notice,  and these license
  conditions.
   
  11.
  Any insertion of FLUKA code or Modifications,  in whole or in
  part,  into other codes with permission under section 5 shall
  preserve the  FLUKA set of references,  the  FLUKA  copyright
  notice  and  these  license  conditions in the  FLUKA code or
  Modifications concerned, and must also reproduce these within
  any  additional  global  notices included  along  or embedded
  within  the  software  into  which  the  FLUKA  code  or  the
  Modifications have been integrated, in whole or in part.  Any
  part of  the FLUKA code  or  Modifications so  inserted shall
  continue to be subject to these license conditions.
   
  12.
  Publication   of  any  results  of  comparisons  of  specific
  internal physics models  extracted from FLUKA with permission
  under  section 6  with  data or with other codes or models is
  subject to prior written permission.
   
  13.
  Contributions  to  any formal code comparisons and validation
  exercises pertaining to FLUKA, sponsored by recognised bodies
  or   within  the  framework  of  recognised  conferences  and
  workshops, are subject to prior written permission.
   
   
  WARRANTY AND LIABILITY
   
  14.
  DISCLAIMER  FLUKA  IS PROVIDED BY THE FLUKA COPYRIGHT HOLDERS
  "AS IS" AND ANY EXPRESS OR IMPLIED WARRANTIES, INCLUDING, BUT
  NOT LIMITED TO, IMPLIED  WARRANTIES  OF  MERCHANTABILITY,  OF
  SATISFACTORY QUALITY, AND FITNESS FOR A PARTICULAR PURPOSE OR
  USE ARE DISCLAIMED.  THE  FLUKA  COPYRIGHT  HOLDERS  AND  THE
  AUTHORS MAKE NO REPRESENTATION THAT  FLUKA  AND MODIFICATIONS
  THEREOF WILL NOT INFRINGE ANY PATENT, COPYRIGHT, TRADE SECRET
  OR OTHER PROPRIETARY RIGHT.
   
  15.
  LIMITATION OF LIABILITY THE  FLUKA COPYRIGHT  HOLDERS AND ANY
  CONTRIBUTOR SHALL  HAVE  NO  LIABILITY FOR  DIRECT, INDIRECT,
  SPECIAL,  INCIDENTAL,  CONSEQUENTIAL,  EXEMPLARY, PUNITIVE OR
  OTHER DAMAGES OF ANY CHARACTER INCLUDING, WITHOUT LIMITATION,
  PROCUREMENT  OF  SUBSTITUTE  GOODS  OR SERVICES, LOSS OF USE,
  DATA OR PROFITS, OR BUSINESS INTERRUPTION, HOWEVER CAUSED AND
  ON  ANY  THEORY  OF  CONTRACT,   WARRANTY,  TORT   (INCLUDING
  NEGLIGENCE),  PRODUCT  LIABILITY OR OTHERWISE, ARISING IN ANY
  WAY  OUT  OF  THE  USE  OF  FLUKA,  EVEN  IF ADVISED  OF  THE
  POSSIBILITY OF SUCH DAMAGES,  AND THE LICENSEE SHALL HOLD THE
  COPYRIGHT HOLDERS AND ANY CONTRIBUTOR FREE  AND HARMLESS FROM
  ANY LIABILITY, INCLUDING CLAIMS BY THIRD PARTIES, IN RELATION
  TO SUCH USE.
   
   
  TERMINATION
   
  16.
  This  license  shall  terminate  with  immediate  effect  and
  without  notice  if  the Licensee fails to comply with any of
  the terms of  this license,  or  if  the  Licensee  initiates
  litigation against any of the  FLUKA Copyright Holders or any
  contributors with regard to FLUKA.  It  shall  also terminate
  with immediate effect from the date on which a new version of
  FLUKA  becomes  available.  In either case sections 14 and 15
  above shall  continue  to apply to any  Use  or Modifications
  made under these license conditions.
   
   
    FLUKA set of references, subject to change
   
  "The FLUKA Code:  Developments  and  Challenges  for  High"
  "Energy and Medical Applications"
  T.T. Bohlen, F. Cerutti, M.P.W. Chin. A. Fassò, A. Ferrari,
  A. Mairani, P.R. Sala, G. Smirnov, V. Vlachoudis,
  Nuclear Data Sheets, 120, 211-214 (2014)
   
  "FLUKA: a multi-particle transport code"
  A. Ferrari, P.R. Sala, A. Fassò, and J. Ranft,
  CERN-2005-10 (2005), INFN/TC_05/11, SLAC-R-773
  Use  of  Flair  must  be  acknowledged  using  the  following
  reference:
  V. Vlachoudis, Proc. Int. Conf. on Mathematics, Computational
  Methods  &  Reactor  Physics  (M&C 2009),   Saratoga Springs,
  New York, 2009
   
  Additional FLUKA references can be added, provided they are
  relevant for the FLUKA version under consideration.
   

     !!!!!!!!!!!!!!!!!!!!!!!!!!!!!!!!!!!!!!!!!!!!!!!!!!!!!!!!!!!!!
     !!!! DOWNLOAD/USE OF THE FLUKA SOFTWARE IMPLIES FULL     !!!!
     !!!! ACCEPTANCE  AND  COMPLIANCE  WITH  THE  LICENSE     !!!!
     !!!! CONDITIONS                                          !!!!
     !!!!!!!!!!!!!!!!!!!!!!!!!!!!!!!!!!!!!!!!!!!!!!!!!!!!!!!!!!!!!

   Note:  The Nuclear Energy Agency Data Bank is an authorized
          distributor of the code

1    ****************************************************************************************************

   FLUKA2011 Version 2x.3 Jun-18 by A. Ferrari DATE: 11/15/18    TIME: 15: 4:50

     ****************************************************************************************************


 *----------------    ..+....1....+....2....+....3....+....4....+....5....+....6....+....7....+....8   ----------------*
 *----------------    Title Card for the simulation                                                    ----------------*

 ***** Next control card *****   TITLE      0.000       0.000       0.000       0.000       0.000       0.000                



     Protons in Lexan (70MeV, 1cm)                                                   


 *----------------    ..+....1....+....2....+....3....+....4....+....5....+....6....+....7....+....8   ----------------*
 *----------------    Define things about the beam and position                                        ----------------*
 *----------------                                                                                     ----------------*
 *----------------   Begin Describing the geometry                                                     ----------------*
 *----------------    ..+....1....+....2....+....3....+....4....+....5....+....6....+....7....+....8   ----------------*
 *----------------    Define materials used in the Lexan and the Lexan Compound                        ----------------*
 *----------------    ..+....1....+....2....+....3....+....4....+....5....+....6....+....7....+....8   ----------------*
 *----------------    Assign Lexan to the region                                                       ----------------*
 *----------------    External Black Hole                                                              ----------------*
 *----------------    Vacuum                                                                           ----------------*
 *----------------    ..+....1....+....2....+....3....+....4....+....5....+....6....+....7....+....8   ----------------*
 *----------------    e+e- and gamma production threshold set at 10 MeV                                ----------------*
 *----------------                                                                                     ----------------*

 ***** Next control card *****   DEFAULTS   0.000       0.000       0.000       0.000       0.000       0.000      HADROTHE  

 *----------------                                                                                     ----------------*
 *----------------    Score in each region energy deposition and stars produced by primaries           ----------------*
 *----------------    Boundary crossing differential fluence either side of the lexan                  ----------------*
 *----------------    Boundary crossing differential current either side of the lexan                  ----------------*
 *----------------    Determine Residual Nuclei                                                        ----------------*
 *----------------    ..+....1....+....2....+....3....+....4....+....5....+....6....+....7....+....8   ----------------*
 *----------------    Random Number generator                                                          ----------------*
 *----------------    ..+....1....+....2....+....3....+....4....+....5....+....6....+....7....+....8   ----------------*
 *----------------    Start and Stop with given number of events                                       ----------------*

 ***** Next control card *****   BEAM     -7.0000E-02 -5.4400E-02   0.000      -1.177      -1.175       0.000      PROTON    


 **** Density scaling factors start at location        1 and end at     4000 (I*4 addr.) ****

 ***** Next control card *****   BEAMPOS    0.000       0.000      -50.00       0.000       0.000       0.000                


 ***** Next control card *****   GEOBEGIN   0.000       0.000       0.000       0.000       0.000       0.000      COMBNAME  

1

          A range shifter of Lexan in a vacuum                        

                    IVLFLG= 0          IDBG = 0



                                                  Body data
 *
 *---------------   RPP Parallelepipeds                                                               ---------------*
 *
  RPP body1            1 -0.50000000D+03  0.50000000D+03 -0.50000000D+03  0.50000000D+03 -0.50000000D+03  0.50000000D+03         5
  RPP body2            2 -0.10000000D+03  0.10000000D+03 -0.10000000D+03  0.10000000D+03 -0.10000000D+03  0.10000000D+03        15
 *
 *---------------   Cutplanes surround lexan                                                          ---------------*
 *
  RPP body3            3 -0.15000000D+02  0.15000000D+02 -0.50000000D+01  0.50000000D+01  0.00000000D+00  0.10000000D+01        25
  XYP cutplan1         4  0.00000000D+00  0.00000000D+00  0.00000000D+00  0.00000000D+00  0.00000000D+00  0.00000000D+00        35
  XYP cutplan2         5  0.10000000D+01  0.00000000D+00  0.00000000D+00  0.00000000D+00  0.00000000D+00  0.00000000D+00        45
  END                  6  0.00000000D+00  0.00000000D+00  0.00000000D+00  0.00000000D+00  0.00000000D+00  0.00000000D+00        55
 Number of bodies         5
 Length of FPD-Array     60

  Accuracy parameter:  6.40E-06 suggested:  6.40E-06

  Detected max. geometry dimension:  1.00E+02 cm


                                                  Input region data
 *
 *---------------    ..+....1....+....2....+....3....+....4....+....5....+....6....+....7....+....8   ---------------*
 *
 *
 *---------------    Define regions bounded by the geometry                                           ---------------*
 *
 *
 *---------------    Black hole                                                                       ---------------*
 *
regBH1       5 +        body1    -        body2                                                                                     
 *
 *---------------    Vacuum around                                                                    ---------------*
 *
regVA2       5 +        body2    +        cutplan1                                                                                  
regVA3       5 +        body2    -        body3    +        cutplan2 -                                                              
cutplan1                                                                                                                            
regVA4       5 +        body2    -        cutplan2                                                                                  
 *
 *---------------    Lexan Target                                                                     ---------------*
 *
regLE4       5 +        body3                                                                                                       
  END                                                                                                                               
 Number of input regions       5
 Number of  code zones         5
 Length of integer array     140


 CODE ZONE    INPUT REGION   ZONE DATA LOC.    NO. OF BODIES    REGION NO.
      1            1              41                 2               1
      2            2              50                 2               2
      3            3              59                 4               3
      4            4              76                 2               4
      5            5              85                 1               5


    I    IR1(I)    IR2(I)
    1       1         1
    2       2         2
    3       3         3
    4       4         4
    5       5         5


 Interpreted body echo 


 Body n.        1  RPP  body1      Rot.     0
         -500.0000              500.0000             -500.0000              500.0000             -500.0000              500.0000    
 Body n.        2  RPP  body2      Rot.     0
         -100.0000              100.0000             -100.0000              100.0000             -100.0000              100.0000    
 Body n.        3  RPP  body3      Rot.     0
         -15.00000              15.00000             -5.000000              5.000000              0.000000              1.000000    
 Body n.        4  XYP  cutplan1   Rot.     0
          0.000000    
 Body n.        5  XYP  cutplan2   Rot.     0
          1.000000    


 Interpreted region echo 


 Region n.        1 regBH1  
                  1       -2
 Region n.        2 regVA2  
                  2        4
 Region n.        3 regVA3  
                  2       -3        5       -4
 Region n.        4 regVA4  
                  2       -5
 Region n.        5 regLE4  
                  3

 All region volumes set to 1

 

           Volumes (cm**3)
1
    Reg.       1           2           3           4           5
 Volume   1.000D+00   1.000D+00   1.000D+00   1.000D+00   1.000D+00
0NGEOM=      4002,   NGLAST=      4352

 **** Stars/Energy accumulation arrays start at location     4355 and end at     4394 (I*4 addr.) ****

 **** Minimum step size array start at location     4397 and end at     4410 (I*4 addr.) ****

 **** Maximum step size array start at location     4413 and end at     4426 (I*4 addr.) ****
GEOEND                                                                          


 Total time used for geometry initialization:  3.336E-03 s



 ***** Next control card *****   PHYSICS    3.000       0.000       0.000       0.000       0.000       0.000      EVAPORAT  


 ***** Next control card *****   PHYSICS    1.000       0.000       0.000       0.000       0.000       0.000      COALESCE  


 ***** Next control card *****   MATERIAL   1.000       0.000      8.0000E-05   0.000       0.000       0.000      HYDROGEN  


  !!!! Material n.    3 name HYDROGEN redefined !!!!


 ***** Next control card *****   MATERIAL   6.000       0.000       2.000       0.000       0.000       0.000      CARBON    


  !!!! Material n.    6 name CARBON   redefined !!!!


 ***** Next control card *****   MATERIAL   8.000       0.000      1.3400E-03   0.000       0.000       0.000      OXYGEN    


  !!!! Material n.    8 name OXYGEN   redefined !!!!


 ***** Next control card *****   MATERIAL   0.000       0.000       1.200       0.000       0.000       0.000      LEXAN     


 ***** Next control card *****   COMPOUND  -5.549       3.000      -75.58       6.000      -18.88       8.000      LEXAN     


 ***** Next control card *****   RANDOMIZ   1.000       0.000       0.000       0.000       0.000       0.000                

 RM64 INITIALIZED:       98765     12345           0         0

 ***** Next control card *****   ASSIGNMA   26.00       5.000       0.000       0.000       0.000       0.000                


 ***** Next control card *****   ASSIGNMA   1.000       1.000       0.000       0.000       0.000       0.000                


 ***** Next control card *****   ASSIGNMA   2.000       2.000       3.000       0.000       0.000       0.000                


 ***** Next control card *****   ASSIGNMA   2.000       3.000       4.000       0.000       0.000       0.000                


 ***** Next control card *****   EMFCUT   -1.0000E-02  1.0000E-02   1.000       0.000       0.000       0.000      PROD-CUT  


 ***** Next control card *****   SCORE      208.0       210.0       0.000       0.000       0.000       0.000                


 ***** Next control card *****   USRBDX     101.0       1.000       27.00       2.000       5.000       100.0      ifluence  


 ***** Next control card *****   USRBDX    0.1400       0.000       70.00       0.000       0.000       1.000       &        


 ***** Next control card *****   USRBDX     101.0       1.000       28.00       5.000       4.000       100.0      ofluence  


 ***** Next control card *****   USRBDX    0.1400       0.000       70.00       0.000       0.000       1.000       &        


 ***** Next control card *****   USRBDX     1.000       1.000       29.00       2.000       5.000       100.0      icurrent  


 ***** Next control card *****   USRBDX    0.1400       0.000       70.00       0.000       0.000       1.000       &        


 ***** Next control card *****   USRBDX     1.000       1.000       30.00       5.000       4.000       100.0      ocurrent  


 ***** Next control card *****   USRBDX    0.1400       0.000       70.00       0.000       0.000       1.000       &        


 ***** Next control card *****   RESNUCLE   3.000       26.00       10.00       16.00       5.000       0.000      Ian       


 ***** Next control card *****   START     1.0000E+07   0.000       0.000       0.000       0.000       0.000                



 Total time used for input reading:  4.468E-03 s



  **** Power exponent for grey particle correlations set at  -13.0000000     ****

  *** Reading evaporation and nuclear data from unit: 14

 **** Nuclear data file for Fluka9x-20xy ****

 File version:  2011.1

 Copyright (C) 1990-2011 by Alfredo Ferrari & Paola Sala

  *** Evaporation: using NNDC (1996) data ***

 Starting location in blank common of LVL data:    4428
 Last location in blank common of LVL data:     9634683

 Starting location in blank common of  CE   data: 9634684
 Last location in blank common of  CE   data:     9685443

 Starting location in blank common of alpha data: 9685444
 Last location in blank common of alpha data:     9688203

 Starting location in blank common of gamma data: 9688204
 Last location in blank common of gamma data:     9819137

 Starting location in blank common of beta data: 9819138
 Last location in blank common of beta data:     9861425

 Starting location in blank common of GDR data: 9861426
 Last location in blank common of GDR data:     9916480

 Starting location in blank common of (g,x) data: 9916481
 Last location in blank common of (g,x) data:    10219401

  **** RIPL2/Ign. self-cons. T=0 N,Z-dep. level density used ****
  ****      RIPL-2 / Ignyatuk level density en. dep. used    ****
  **** with Moller, Nix self-cons set of parameters for T=oo ****
  ****       Original Gilbert/Cameron pairing energy used    ****


  **** Maximum Fermi momentum  :   0.268371314      GeV/c ****

  **** Maximum Fermi energy    :    3.76013778E-02  GeV   ****

  **** Average Fermi energy    :    2.26768460E-02  GeV   ****

  **** Average binding energy  :    7.68006314E-03  GeV   ****

  **** Nuclear well depth      :    4.52814400E-02  GeV   ****

  **** Excess  mass  for 11-B  :    8.66803993E-03  GeV   ****

  **** Cameron E. m. for 11-B  :    7.92484451E-03  GeV   ****

  **** Cam.El. E. m. for 11-B  :    8.51833168E-03  GeV   ****

  **** My.&Sw. E. m. for 11-B  :    8.87639914E-03  GeV   ****

  **** Atomic  mass  for 11-B  :    10.2551060      GeV   ****

  **** Nuclear mass  for 11-B  :    10.2525511      GeV   ****

  **** Excess  mass  for 12-C  :    0.00000000      GeV   ****

  **** Cameron E. m. for 12-C  :    1.51353085E-03  GeV   ****

  **** Cam.El. E. m. for 12-C  :    1.63579884E-03  GeV   ****

  **** My.&Sw. E. m. for 12-C  :   -3.83192004E-04  GeV   ****

  **** Atomic  mass  for 12-C  :    11.1779318      GeV   ****

  **** Nuclear mass  for 12-C  :    11.1748667      GeV   ****

  **** Excess  mass  for 13-C  :    3.12499981E-03  GeV   ****

  **** Cameron E. m. for 13-C  :    2.87424121E-03  GeV   ****

  **** Cam.El. E. m. for 13-C  :    3.48056527E-03  GeV   ****

  **** My.&Sw. E. m. for 13-C  :    3.55792139E-03  GeV   ****

  **** Atomic  mass  for 13-C  :    12.1125507      GeV   ****

  **** Nuclear mass  for 13-C  :    12.1094866      GeV   ****

  **** Excess  mass  for 14-N  :    2.86339992E-03  GeV   ****

  **** Cameron E. m. for 14-N  :    3.37313744E-03  GeV   ****

  **** Cam.El. E. m. for 14-N  :    3.69752850E-03  GeV   ****

  **** My.&Sw. E. m. for 14-N  :    2.86558713E-03  GeV   ****

  **** Atomic  mass  for 14-N  :    13.0437841      GeV   ****

  **** Nuclear mass  for 14-N  :    13.0402088      GeV   ****

  **** Excess  mass  for 15-O  :    2.85555003E-03  GeV   ****

  **** Cameron E. m. for 15-O  :    2.40658456E-03  GeV   ****

  **** Cam.El. E. m. for 15-O  :    2.59008165E-03  GeV   ****

  **** My.&Sw. E. m. for 15-O  :    3.32844956E-03  GeV   ****

  **** Atomic  mass  for 15-O  :    13.9752703      GeV   ****

  **** Nuclear mass  for 15-O  :    13.9711847      GeV   ****

  **** Excess  mass  for 16-O  :   -4.73699998E-03  GeV   ****

  **** Cameron E. m. for 16-O  :   -3.31055629E-03  GeV   ****

  **** Cam.El. E. m. for 16-O  :   -3.19385715E-03  GeV   ****

  **** My.&Sw. E. m. for 16-O  :   -4.83116647E-03  GeV   ****

  **** Atomic  mass  for 16-O  :    14.8991718      GeV   ****

  **** Nuclear mass  for 16-O  :    14.8950863      GeV   ****

  **** Excess  mass  for 27-Al :   -1.71969198E-02  GeV   ****

  **** Cameron E. m. for 27-Al :   -1.86259765E-02  GeV   ****

  **** Cam.El. E. m. for 27-Al :   -1.71393938E-02  GeV   ****

  **** My.&Sw. E. m. for 27-Al :   -1.71456710E-02  GeV   ****

  **** Atomic  mass  for 27-Al :    25.1331501      GeV   ****

  **** Nuclear mass  for 27-Al :    25.1265125      GeV   ****

  **** Excess  mass  for 28-Si :   -2.14928202E-02  GeV   ****

  **** Cameron E. m. for 28-Si :   -2.20552329E-02  GeV   ****

  **** Cam.El. E. m. for 28-Si :   -2.02140864E-02  GeV   ****

  **** My.&Sw. E. m. for 28-Si :   -2.15357170E-02  GeV   ****

  **** Atomic  mass  for 28-Si :    26.0603485      GeV   ****

  **** Nuclear mass  for 28-Si :    26.0532017      GeV   ****

  **** Excess  mass  for 40-Ca :   -3.48461308E-02  GeV   ****

  **** Cameron E. m. for 40-Ca :   -3.57677415E-02  GeV   ****

  **** Cam.El. E. m. for 40-Ca :   -3.36877368E-02  GeV   ****

  **** My.&Sw. E. m. for 40-Ca :   -3.49160209E-02  GeV   ****

  **** Atomic  mass  for 40-Ca :    37.2249260      GeV   ****

  **** Nuclear mass  for 40-Ca :    37.2147255      GeV   ****

  **** Excess  mass  for 55-Fe :   -5.74751087E-02  GeV   ****

  **** Cameron E. m. for 55-Fe :   -5.95041849E-02  GeV   ****

  **** Cam.El. E. m. for 55-Fe :   -5.80860823E-02  GeV   ****

  **** My.&Sw. E. m. for 55-Fe :   -5.75032495E-02  GeV   ****

  **** Atomic  mass  for 55-Fe :    51.1747131      GeV   ****

  **** Nuclear mass  for 55-Fe :    51.1614609      GeV   ****

  **** Excess  mass  for 56-Fe :   -6.06013089E-02  GeV   ****

  **** Cameron E. m. for 56-Fe :   -6.23576604E-02  GeV   ****

  **** Cam.El. E. m. for 56-Fe :   -6.08849637E-02  GeV   ****

  **** My.&Sw. E. m. for 56-Fe :   -6.04862086E-02  GeV   ****

  **** Atomic  mass  for 56-Fe :    52.1030807      GeV   ****

  **** Nuclear mass  for 56-Fe :    52.0898285      GeV   ****

  **** Excess  mass  for 107-Ag:   -8.84052590E-02  GeV   ****

  **** Cameron E. m. for 107-Ag:   -8.91378522E-02  GeV   ****

  **** Cam.El. E. m. for 107-Ag:   -8.86852369E-02  GeV   ****

  **** My.&Sw. E. m. for 107-Ag:   -8.82571116E-02  GeV   ****

  **** Atomic  mass  for 107-Ag:    99.5814896      GeV   ****

  **** Nuclear mass  for 107-Ag:    99.5576096      GeV   ****

  **** Excess  mass  for 132-Xe:   -8.92794058E-02  GeV   ****

  **** Cameron E. m. for 132-Xe:   -8.98088515E-02  GeV   ****

  **** Cam.El. E. m. for 132-Xe:   -8.92864987E-02  GeV   ****

  **** My.&Sw. E. m. for 132-Xe:   -8.94251093E-02  GeV   ****

  **** Atomic  mass  for 132-Xe:    122.867973      GeV   ****

  **** Nuclear mass  for 132-Xe:    122.840576      GeV   ****

  **** Excess  mass  for 181-Ta:   -4.84412275E-02  GeV   ****

  **** Cameron E. m. for 181-Ta:   -4.81105074E-02  GeV   ****

  **** Cam.El. E. m. for 181-Ta:   -4.78131436E-02  GeV   ****

  **** My.&Sw. E. m. for 181-Ta:   -4.82191741E-02  GeV   ****

  **** Atomic  mass  for 181-Ta:    168.552032      GeV   ****

  **** Nuclear mass  for 181-Ta:    168.515137      GeV   ****

  **** Excess  mass  for 208-Pb:   -2.17638295E-02  GeV   ****

  **** Cameron E. m. for 208-Pb:   -1.84126478E-02  GeV   ****

  **** Cam.El. E. m. for 208-Pb:   -2.03331560E-02  GeV   ****

  **** My.&Sw. E. m. for 208-Pb:   -2.09293775E-02  GeV   ****

  **** Atomic  mass  for 208-Pb:    193.729050      GeV   ****

  **** Nuclear mass  for 208-Pb:    193.687683      GeV   ****

  **** Excess  mass  for 209-Bi:   -1.82725303E-02  GeV   ****

  **** Cameron E. m. for 209-Bi:   -1.47107309E-02  GeV   ****

  **** Cam.El. E. m. for 209-Bi:   -1.71704441E-02  GeV   ****

  **** My.&Sw. E. m. for 209-Bi:   -1.77380107E-02  GeV   ****

  **** Atomic  mass  for 209-Bi:    194.664047      GeV   ****

  **** Nuclear mass  for 209-Bi:    193.687195      GeV   ****

  **** Excess  mass  for 235-U :    4.09132205E-02  GeV   ****

  **** Cameron E. m. for 235-U :    4.64000776E-02  GeV   ****

  **** Cam.El. E. m. for 235-U :    4.20622788E-02  GeV   ****

  **** My.&Sw. E. m. for 235-U :    4.13222089E-02  GeV   ****

  **** Atomic  mass  for 235-U :    218.942078      GeV   ****

  **** Nuclear mass  for 235-U :    218.895767      GeV   ****

  **** Excess  mass  for 238-U :    4.73045185E-02  GeV   ****

  **** Cameron E. m. for 238-U :    5.24553321E-02  GeV   ****

  **** Cam.El. E. m. for 238-U :    4.81762439E-02  GeV   ****

  **** My.&Sw. E. m. for 238-U :    4.73943055E-02  GeV   ****

  **** Atomic  mass  for 238-U :    221.742950      GeV   ****

  **** Nuclear mass  for 238-U :    221.696655      GeV   ****

  **** Evaporation from residual nucleus activated **** 
  **** Deexcitation gamma   production   activated **** 
  **** Evaporated "heavies" transport    activated **** 
  **** High Energy fission   requested & activated **** 
  **** Fermi Break Up        requested & activated **** 
  *** Heavy fragment evaporation activated ***

 Heavy fragmentation requested and activated.  Total number of evaporation states considered:    521
 A and Z of the last one:   24  13



 ****  Neutrino generators initialized  F  T  T ****



 *** Neutrino xsec file header:        Neutrino Xsec file fronm  ***
 *** Neutrino xsec file generated on:   DATE:  9/10/ 8,  TIME: 19:48:1 ***

    Minimum kinetic energy for BME   :   1.0000E-03 (GeV/n)
    Overall minimum kinetic energy for ion nuclear interactions:   1.0000E-03 (GeV/n)


 Rayleigh option requested for medium number    1

  **** Fluorescence data successfully retrieved from unit          13  ****

 **** Subroutine Mulmix: medium n.   26 ****

 Number of elements =   3,  Density=    1.20000     (g/cm**3)
0  I         Z              Pa            F_i            Rho_i 
 Index    Atomic         Atomic       Proportion     Proportion 
          Number         Weight        by Number      by weight 

    1    1.00000        1.00794       0.424227       6.658920E-02
    2    6.00000        12.0107       0.484863       0.906901    
    3    8.00000        15.9994       9.091004E-02   0.226510    

 ZTILDE,AE1O3,BLCCRA=   6.40153E+00   2.51981E+00   7.28486E-03

 ZTILDE,AE1O3,BLCCRE=   5.31878E+00   2.51981E+00   7.35916E-03
 BLCC,XCC,TFFLU0,XR0FLU=   7.24644E+03   7.60973E-04   9.23927E-04   4.00635E-05
 BLCCE,XCCE,TFEMF0,XR0EMF=   8.63469E+03   8.23595E-01   2.31668E-03   8.40916E-02
 Particle n.:   -6  Ecutm (prim. & sec.) =   3.727     GeV   3.727     GeV,    Hthnsz =  1.0000E+30 GeV
 Particle n.:   -5  Ecutm (prim. & sec.) =   2.808     GeV   2.808     GeV,    Hthnsz =  1.0000E+30 GeV
 Particle n.:   -4  Ecutm (prim. & sec.) =   2.809     GeV   2.809     GeV,    Hthnsz =  1.0000E+30 GeV
 Particle n.:   -3  Ecutm (prim. & sec.) =   1.876     GeV   1.876     GeV,    Hthnsz =  1.0000E+30 GeV
 Particle n.:    1  Ecutm (prim. & sec.) =  0.9383     GeV  0.9383     GeV,    Hthnsz =  1.0000E+30 GeV
 Particle n.:    2  Ecutm (prim. & sec.) =  0.9383     GeV  0.9383     GeV,    Hthnsz =  1.0000E+30 GeV
 Particle n.:    3  Ecutm (prim. & sec.) =  5.1365E-04 GeV  5.1365E-04 GeV,    Hthnsz =  1.0000E+30 GeV
 Particle n.:    4  Ecutm (prim. & sec.) =  5.1365E-04 GeV  5.1365E-04 GeV,    Hthnsz =  1.0000E+30 GeV
 Particle n.:   10  Ecutm (prim. & sec.) =  0.1057     GeV  0.1057     GeV,    Hthnsz =  1.0000E+30 GeV
