1NUMBER OF BEAM       NUMBER OF BEAM        APPROXIMATE NUMBER    AVERAGE TIME USED     TIME LEFT (RESERVED   NUMBER OF STARS
 PARTICLES HANDLED    PARTICLES LEFT        OF BEAM PARTICLES     BY A BEAM PARTICLE     10000.0 SECONDS      CREATED
                                            THAT CAN STILL BE                           FOR PRINTOUT)
                                            HANDLED

 NEXT SEEDS:       0       0       0       0       0       0   181CD    3039       0       0
          1              14999999              14999999             5.2590370E-03         1.0000000E+30                 1       
 NEXT SEEDS:    1678       0       0       0       0       0   181CD    3039       0       0
     300000              14700000              14700000             2.4060443E-03         1.0000000E+30             42658       
 NEXT SEEDS:33380FF3       1       0       0       0       0   181CD    3039       0       0
     600000              14400000              14400000             2.4037119E-03         1.0000000E+30             85386       
 NEXT SEEDS:2AC3F85A       3       0       0       0       0   181CD    3039       0       0
     900000              14100000              14100000             2.3225024E-03         1.0000000E+30            128206       
 NEXT SEEDS:221EA9D7       5       0       0       0       0   181CD    3039       0       0
    1200000              13800000              13800000             2.2957820E-03         1.0000000E+30            170764       
 NEXT SEEDS:197981A8       7       0       0       0       0   181CD    3039       0       0
    1500000              13500000              13500000             2.2717309E-03         1.0000000E+30            213385       
 NEXT SEEDS:10D0B7E3       9       0       0       0       0   181CD    3039       0       0
    1800000              13200000              13200000             2.2473465E-03         1.0000000E+30            256194       
 NEXT SEEDS: 878B54C       B       0       0       0       0   181CD    3039       0       0
    2100000              12900000              12900000             2.2293019E-03         1.0000000E+30            299026       
 NEXT SEEDS:3B68C548       C       0       0       0       0   181CD    3039       0       0
    2400000              12600000              12600000             2.2189029E-03         1.0000000E+30            341583       
 NEXT SEEDS:32CD2A04       E       0       0       0       0   181CD    3039       0       0
    2700000              12300000              12300000             2.3027730E-03         1.0000000E+30            384043       
 NEXT SEEDS:2A25B72D      10       0       0       0       0   181CD    3039       0       0
    3000000              12000000              12000000             2.3879745E-03         1.0000000E+30            426684       
 NEXT SEEDS:21C57E7A      12       0       0       0       0   181CD    3039       0       0
    3300000              11700000              11700000             2.4608114E-03         1.0000000E+30            469463       
 NEXT SEEDS:193CC638      14       0       0       0       0   181CD    3039       0       0
    3600000              11400000              11400000             2.5229354E-03         1.0000000E+30            512328       
 NEXT SEEDS:10C442A5      16       0       0       0       0   181CD    3039       0       0
    3900000              11100000              11100000             2.5770103E-03         1.0000000E+30            554824       
 NEXT SEEDS: 8027FA9      18       0       0       0       0   181CD    3039       0       0
 COUSET, TXYZ:  0.999999999982930      0.293798926827095      0.955867245260087    
    4200000              10800000              10800000             2.6209264E-03         1.0000000E+30            597495       
 NEXT SEEDS:3B010DF6      19       0       0       0       0   181CD    3039       0       0
    4500000              10500000              10500000             2.6606672E-03         1.0000000E+30            640172       
 NEXT SEEDS:326CB185      1B       0       0       0       0   181CD    3039       0       0
    4800000              10200000              10200000             2.6960175E-03         1.0000000E+30            682789       
 NEXT SEEDS:29B30CB0      1D       0       0       0       0   181CD    3039       0       0
 COUSET, TXYZ:  0.999999999986281     -0.423846708237003      0.905733938797271    
    5100000               9900000               9900000             2.7258236E-03         1.0000000E+30            725703       
 NEXT SEEDS:215299F9      1F       0       0       0       0   181CD    3039       0       0
    5400000               9600000               9600000             2.7259180E-03         1.0000000E+30            768374       
 NEXT SEEDS:18BB3B53      21       0       0       0       0   181CD    3039       0       0
    5700000               9300000               9300000             2.7184571E-03         1.0000000E+30            811265       
 NEXT SEEDS:101FB197      23       0       0       0       0   181CD    3039       0       0
    6000000               9000000               9000000             2.7165759E-03         1.0000000E+30            853921       
 NEXT SEEDS: 775839E      25       0       0       0       0   181CD    3039       0       0
    6300000               8700000               8700000             2.7101992E-03         1.0000000E+30            896878       
 NEXT SEEDS:3AD403CD      26       0       0       0       0   181CD    3039       0       0
    6600000               8400000               8400000             2.7067127E-03         1.0000000E+30            939489       
 NEXT SEEDS:32276EAC      28       0       0       0       0   181CD    3039       0       0
    6900000               8100000               8100000             2.7057475E-03         1.0000000E+30            981977       
 NEXT SEEDS:298E32E7      2A       0       0       0       0   181CD    3039       0       0
    7200000               7800000               7800000             2.7043193E-03         1.0000000E+30           1024682       
 NEXT SEEDS:20F28539      2C       0       0       0       0   181CD    3039       0       0
    7500000               7500000               7500000             2.7025312E-03         1.0000000E+30           1067569       
 NEXT SEEDS:188266F1      2E       0       0       0       0   181CD    3039       0       0
 COUSET, TXYZ:  0.999999999990124      0.978632090762341     -0.205619140428065    
    7800000               7200000               7200000             2.7006021E-03         1.0000000E+30           1110462       
 NEXT SEEDS:1001ED93      30       0       0       0       0   181CD    3039       0       0
    8100000               6900000               6900000             2.6985126E-03         1.0000000E+30           1152831       
 NEXT SEEDS: 78BDD3C      32       0       0       0       0   181CD    3039       0       0
    8400000               6600000               6600000             2.6921637E-03         1.0000000E+30           1195564       
 NEXT SEEDS:3A89BB55      33       0       0       0       0   181CD    3039       0       0
    8700000               6300000               6300000             2.6899844E-03         1.0000000E+30           1238268       
 NEXT SEEDS:31EF7C2F      35       0       0       0       0   181CD    3039       0       0
    9000000               6000000               6000000             2.6891477E-03         1.0000000E+30           1280691       
 NEXT SEEDS:29244EF1      37       0       0       0       0   181CD    3039       0       0
    9300000               5700000               5700000             2.6881069E-03         1.0000000E+30           1323511       
 NEXT SEEDS:20DD70AC      39       0       0       0       0   181CD    3039       0       0
    9600000               5400000               5400000             2.6866432E-03         1.0000000E+30           1366192       
 NEXT SEEDS:182E9224      3B       0       0       0       0   181CD    3039       0       0
    9900000               5100000               5100000             2.6727688E-03         1.0000000E+30           1408422       
 NEXT SEEDS: F3967EF      3D       0       0       0       0   181CD    3039       0       0
   10200000               4800000               4800000             2.6600049E-03         1.0000000E+30           1451481       
 NEXT SEEDS: 6A0ED6E      3F       0       0       0       0   181CD    3039       0       0
   10500000               4500000               4500000             2.6557144E-03         1.0000000E+30           1494208       
 NEXT SEEDS:39F67D2D      40       0       0       0       0   181CD    3039       0       0
   10800000               4200000               4200000             2.6531220E-03         1.0000000E+30           1536748       
 NEXT SEEDS:314FE886      42       0       0       0       0   181CD    3039       0       0
 COUSET, TXYZ:  0.999999999960025      0.533479932558863      0.845812722461090    
   11100000               3900000               3900000             2.6500557E-03         1.0000000E+30           1579108       
 NEXT SEEDS:28A69E31      44       0       0       0       0   181CD    3039       0       0
   11400000               3600000               3600000             2.6521556E-03         1.0000000E+30           1621759       
 NEXT SEEDS:20260ED4      46       0       0       0       0   181CD    3039       0       0
   11700000               3300000               3300000             2.6539768E-03         1.0000000E+30           1663869       
 NEXT SEEDS:1759787C      48       0       0       0       0   181CD    3039       0       0
 COUSET, TXYZ:  0.999999999987775     -0.528076536163305      0.849196780451572    
 COUSET, TXYZ:  0.999999999953365      0.605072166129249      0.796170631009703    
   12000000               3000000               3000000             2.6541310E-03         1.0000000E+30           1706986       
 NEXT SEEDS: EED9060      4A       0       0       0       0   181CD    3039       0       0
   12300000               2700000               2700000             2.6594111E-03         1.0000000E+30           1749355       
 NEXT SEEDS: 6504093      4C       0       0       0       0   181CD    3039       0       0
   12600000               2400000               2400000             2.6655155E-03         1.0000000E+30           1791526       
 NEXT SEEDS:39202F64      4D       0       0       0       0   181CD    3039       0       0
 COUSET, TXYZ:  0.999999999991601      6.684087895369677E-02  0.997763647806382    
 COUSET, TXYZ:   1.00000000000772      0.402120019541342      0.915586964684139    
   12900000               2100000               2100000             2.6698815E-03         1.0000000E+30           1834759       
 NEXT SEEDS:30CFDAE7      4F       0       0       0       0   181CD    3039       0       0
   13200000               1800000               1800000             2.6682492E-03         1.0000000E+30           1877591       
 NEXT SEEDS:28340806      51       0       0       0       0   181CD    3039       0       0
 COUSET, TXYZ:   1.00000000002506     -0.978514293644510     -0.206178993070359    
   13500000               1500000               1500000             2.6657277E-03         1.0000000E+30           1920272       
 NEXT SEEDS:1FB70702      53       0       0       0       0   181CD    3039       0       0
   13800000               1200000               1200000             2.6654271E-03         1.0000000E+30           1962931       
 NEXT SEEDS:1709C60D      55       0       0       0       0   181CD    3039       0       0
   14100000                900000                900000             2.6668212E-03         1.0000000E+30           2005584       
 NEXT SEEDS: E7944B8      57       0       0       0       0   181CD    3039       0       0
   14400000                600000                600000             2.6681163E-03         1.0000000E+30           2048598       
 NEXT SEEDS: 632E6B6      59       0       0       0       0   181CD    3039       0       0
   14700000                300000                300000             2.6698320E-03         1.0000000E+30           2091031       
 NEXT SEEDS:390A5C1D      5A       0       0       0       0   181CD    3039       0       0
 COUSET, TXYZ:  0.999999999978455      0.989339713400067     -0.145625998524931    
   14999950                    50                    50             2.6713784E-03         1.0000000E+30           2133800       
 NEXT SEEDS:30725DD4      5C       0       0       0       0   181CD    3039       0       0
   14999951                    49                    49             2.6713785E-03         1.0000000E+30           2133800       
 NEXT SEEDS:30727024      5C       0       0       0       0   181CD    3039       0       0
   14999952                    48                    48             2.6713783E-03         1.0000000E+30           2133800       
 NEXT SEEDS:30728466      5C       0       0       0       0   181CD    3039       0       0
   14999953                    47                    47             2.6713781E-03         1.0000000E+30           2133801       
 NEXT SEEDS:3072A86C      5C       0       0       0       0   181CD    3039       0       0
   14999954                    46                    46             2.6713782E-03         1.0000000E+30           2133803       
 NEXT SEEDS:3072DD1C      5C       0       0       0       0   181CD    3039       0       0
   14999955                    45                    45             2.6713780E-03         1.0000000E+30           2133803       
 NEXT SEEDS:3072F48A      5C       0       0       0       0   181CD    3039       0       0
   14999956                    44                    44             2.6713781E-03         1.0000000E+30           2133803       
 NEXT SEEDS:307307A6      5C       0       0       0       0   181CD    3039       0       0
   14999957                    43                    43             2.6713779E-03         1.0000000E+30           2133803       
 NEXT SEEDS:30731B61      5C       0       0       0       0   181CD    3039       0       0
   14999958                    42                    42             2.6713777E-03         1.0000000E+30           2133803       
 NEXT SEEDS:30733714      5C       0       0       0       0   181CD    3039       0       0
   14999959                    41                    41             2.6713778E-03         1.0000000E+30           2133803       
 NEXT SEEDS:307347DC      5C       0       0       0       0   181CD    3039       0       0
   14999960                    40                    40             2.6713776E-03         1.0000000E+30           2133803       
 NEXT SEEDS:30736053      5C       0       0       0       0   181CD    3039       0       0
   14999961                    39                    39             2.6713777E-03         1.0000000E+30           2133804       
 NEXT SEEDS:30738819      5C       0       0       0       0   181CD    3039       0       0
   14999962                    38                    38             2.6713776E-03         1.0000000E+30           2133804       
 NEXT SEEDS:30739C4A      5C       0       0       0       0   181CD    3039       0       0
   14999963                    37                    37             2.6713774E-03         1.0000000E+30           2133804       
 NEXT SEEDS:3073ADEC      5C       0       0       0       0   181CD    3039       0       0
   14999964                    36                    36             2.6713775E-03         1.0000000E+30           2133804       
 NEXT SEEDS:3073C11E      5C       0       0       0       0   181CD    3039       0       0
   14999965                    35                    35             2.6713773E-03         1.0000000E+30           2133804       
 NEXT SEEDS:3073D637      5C       0       0       0       0   181CD    3039       0       0
   14999966                    34                    34             2.6713771E-03         1.0000000E+30           2133804       
 NEXT SEEDS:3073EAA3      5C       0       0       0       0   181CD    3039       0       0
   14999967                    33                    33             2.6713769E-03         1.0000000E+30           2133804       
 NEXT SEEDS:3073FB75      5C       0       0       0       0   181CD    3039       0       0
   14999968                    32                    32             2.6713767E-03         1.0000000E+30           2133804       
 NEXT SEEDS:3074138A      5C       0       0       0       0   181CD    3039       0       0
   14999969                    31                    31             2.6713766E-03         1.0000000E+30           2133804       
 NEXT SEEDS:30742788      5C       0       0       0       0   181CD    3039       0       0
   14999970                    30                    30             2.6713764E-03         1.0000000E+30           2133805       
 NEXT SEEDS:3074349C      5C       0       0       0       0   181CD    3039       0       0
   14999971                    29                    29             2.6713765E-03         1.0000000E+30           2133805       
 NEXT SEEDS:30744743      5C       0       0       0       0   181CD    3039       0       0
   14999972                    28                    28             2.6713763E-03         1.0000000E+30           2133806       
 NEXT SEEDS:30746EB9      5C       0       0       0       0   181CD    3039       0       0
   14999973                    27                    27             2.6713764E-03         1.0000000E+30           2133806       
 NEXT SEEDS:307481D2      5C       0       0       0       0   181CD    3039       0       0
   14999974                    26                    26             2.6713762E-03         1.0000000E+30           2133806       
 NEXT SEEDS:30749610      5C       0       0       0       0   181CD    3039       0       0
   14999975                    25                    25             2.6713760E-03         1.0000000E+30           2133806       
 NEXT SEEDS:3074A6CC      5C       0       0       0       0   181CD    3039       0       0
   14999976                    24                    24             2.6713761E-03         1.0000000E+30           2133806       
 NEXT SEEDS:3074BCE1      5C       0       0       0       0   181CD    3039       0       0
   14999977                    23                    23             2.6713759E-03         1.0000000E+30           2133806       
 NEXT SEEDS:3074CE19      5C       0       0       0       0   181CD    3039       0       0
   14999978                    22                    22             2.6713757E-03         1.0000000E+30           2133806       
 NEXT SEEDS:3074E19D      5C       0       0       0       0   181CD    3039       0       0
   14999979                    21                    21             2.6713756E-03         1.0000000E+30           2133806       
 NEXT SEEDS:3074FBC8      5C       0       0       0       0   181CD    3039       0       0
   14999980                    20                    20             2.6713756E-03         1.0000000E+30           2133806       
 NEXT SEEDS:3075159D      5C       0       0       0       0   181CD    3039       0       0
   14999981                    19                    19             2.6713755E-03         1.0000000E+30           2133806       
 NEXT SEEDS:3075293B      5C       0       0       0       0   181CD    3039       0       0
   14999982                    18                    18             2.6713756E-03         1.0000000E+30           2133807       
 NEXT SEEDS:307544DA      5C       0       0       0       0   181CD    3039       0       0
   14999983                    17                    17             2.6713754E-03         1.0000000E+30           2133807       
 NEXT SEEDS:30755527      5C       0       0       0       0   181CD    3039       0       0
   14999984                    16                    16             2.6713752E-03         1.0000000E+30           2133808       
 NEXT SEEDS:30757760      5C       0       0       0       0   181CD    3039       0       0
   14999985                    15                    15             2.6713753E-03         1.0000000E+30           2133808       
 NEXT SEEDS:30758C0B      5C       0       0       0       0   181CD    3039       0       0
   14999986                    14                    14             2.6713751E-03         1.0000000E+30           2133808       
 NEXT SEEDS:3075A088      5C       0       0       0       0   181CD    3039       0       0
   14999987                    13                    13             2.6713749E-03         1.0000000E+30           2133808       
 NEXT SEEDS:3075B1C7      5C       0       0       0       0   181CD    3039       0       0
   14999988                    12                    12             2.6713750E-03         1.0000000E+30           2133808       
 NEXT SEEDS:3075C6D3      5C       0       0       0       0   181CD    3039       0       0
   14999989                    11                    11             2.6713748E-03         1.0000000E+30           2133808       
 NEXT SEEDS:3075DD82      5C       0       0       0       0   181CD    3039       0       0
   14999990                    10                    10             2.6713749E-03         1.0000000E+30           2133809       
 NEXT SEEDS:30761027      5C       0       0       0       0   181CD    3039       0       0
   14999991                     9                     9             2.6713747E-03         1.0000000E+30           2133810       
 NEXT SEEDS:30762E09      5C       0       0       0       0   181CD    3039       0       0
   14999992                     8                     8             2.6713746E-03         1.0000000E+30           2133810       
 NEXT SEEDS:30763EE4      5C       0       0       0       0   181CD    3039       0       0
   14999993                     7                     7             2.6713746E-03         1.0000000E+30           2133810       
 NEXT SEEDS:307652EC      5C       0       0       0       0   181CD    3039       0       0
   14999994                     6                     6             2.6713745E-03         1.0000000E+30           2133810       
 NEXT SEEDS:307666F9      5C       0       0       0       0   181CD    3039       0       0
   14999995                     5                     5             2.6713743E-03         1.0000000E+30           2133810       
 NEXT SEEDS:30768032      5C       0       0       0       0   181CD    3039       0       0
   14999996                     4                     4             2.6713741E-03         1.0000000E+30           2133810       
 NEXT SEEDS:3076935D      5C       0       0       0       0   181CD    3039       0       0
   14999997                     3                     3             2.6713742E-03         1.0000000E+30           2133810       
 NEXT SEEDS:3076A515      5C       0       0       0       0   181CD    3039       0       0
   14999998                     2                     2             2.6713740E-03         1.0000000E+30           2133810       
 NEXT SEEDS:3076B67B      5C       0       0       0       0   181CD    3039       0       0
   14999999                     1                     1             2.6713738E-03         1.0000000E+30           2133810       
 NEXT SEEDS:3076C8BD      5C       0       0       0       0   181CD    3039       0       0
   15000000                     0                     1             2.6713739E-03         1.0000000E+30           2133810       
 NEXT SEEDS:3076DD07      5C       0       0       0       0   181CD    3039       0       0
