1NUMBER OF BEAM       NUMBER OF BEAM        APPROXIMATE NUMBER    AVERAGE TIME USED     TIME LEFT (RESERVED   NUMBER OF STARS
 PARTICLES HANDLED    PARTICLES LEFT        OF BEAM PARTICLES     BY A BEAM PARTICLE     10000.0 SECONDS      CREATED
                                            THAT CAN STILL BE                           FOR PRINTOUT)
                                            HANDLED

 NEXT SEEDS:       0       0       0       0       0       0   181CD    3039       0       0
          1              49999999              49999999             6.2084198E-04         1.0000000E+30                 0       
 NEXT SEEDS:     18F       0       0       0       0       0   181CD    3039       0       0
    1000000              49000000              49000000             1.9580403E-04         1.0000000E+30             12597       
 NEXT SEEDS:227D61CE       0       0       0       0       0   181CD    3039       0       0
    2000000              48000000              48000000             2.2470351E-04         1.0000000E+30             25416       
 NEXT SEEDS: 983E255       1       0       0       0       0   181CD    3039       0       0
    3000000              47000000              47000000             2.1612585E-04         1.0000000E+30             38277       
 NEXT SEEDS:2C1CBE8F       1       0       0       0       0   181CD    3039       0       0
    4000000              46000000              46000000             2.1286438E-04         1.0000000E+30             51104       
 NEXT SEEDS:1310D0E1       2       0       0       0       0   181CD    3039       0       0
    5000000              45000000              45000000             2.0962684E-04         1.0000000E+30             63944       
 NEXT SEEDS:35B2F03B       2       0       0       0       0   181CD    3039       0       0
    6000000              44000000              44000000             2.0301677E-04         1.0000000E+30             76577       
 NEXT SEEDS:1CA384C4       3       0       0       0       0   181CD    3039       0       0
    7000000              43000000              43000000             2.0723677E-04         1.0000000E+30             89177       
 NEXT SEEDS: 381B16E       4       0       0       0       0   181CD    3039       0       0
    8000000              42000000              42000000             2.0682639E-04         1.0000000E+30            101854       
 NEXT SEEDS:2602BEB7       4       0       0       0       0   181CD    3039       0       0
    9000000              41000000              41000000             2.0948206E-04         1.0000000E+30            114534       
 NEXT SEEDS: CE55695       5       0       0       0       0   181CD    3039       0       0
   10000000              40000000              40000000             2.1013305E-04         1.0000000E+30            127205       
 NEXT SEEDS:2F643A9D       5       0       0       0       0   181CD    3039       0       0
   11000000              39000000              39000000             2.0908498E-04         1.0000000E+30            139908       
 NEXT SEEDS:163E45DD       6       0       0       0       0   181CD    3039       0       0
   12000000              38000000              38000000             2.1066434E-04         1.0000000E+30            152820       
 NEXT SEEDS:38E6A68F       6       0       0       0       0   181CD    3039       0       0
   13000000              37000000              37000000             2.0953352E-04         1.0000000E+30            165729       
 NEXT SEEDS:1FF02300       7       0       0       0       0   181CD    3039       0       0
   14000000              36000000              36000000             2.1190450E-04         1.0000000E+30            178499       
 NEXT SEEDS: 6DF449B       8       0       0       0       0   181CD    3039       0       0
 COUSET, TXYZ:  0.999999999989503     -0.143985381221859      0.989579814857499    
 COUSET, TXYZ:   1.00000000001032     -0.598560266141249      0.801077778881398    
   15000000              35000000              35000000             2.1218974E-04         1.0000000E+30            191202       
 NEXT SEEDS:297129A8       8       0       0       0       0   181CD    3039       0       0
   16000000              34000000              34000000             2.1349427E-04         1.0000000E+30            203795       
 NEXT SEEDS:107900F4       9       0       0       0       0   181CD    3039       0       0
   17000000              33000000              33000000             2.1383441E-04         1.0000000E+30            216642       
 NEXT SEEDS:3319EC7C       9       0       0       0       0   181CD    3039       0       0
   18000000              32000000              32000000             2.1442879E-04         1.0000000E+30            229514       
 NEXT SEEDS:1A13DACD       A       0       0       0       0   181CD    3039       0       0
   19000000              31000000              31000000             2.1622522E-04         1.0000000E+30            242264       
 NEXT SEEDS: 109F3E6       B       0       0       0       0   181CD    3039       0       0
   20000000              30000000              30000000             2.1513027E-04         1.0000000E+30            255181       
 NEXT SEEDS:2394667A       B       0       0       0       0   181CD    3039       0       0
   21000000              29000000              29000000             2.1408200E-04         1.0000000E+30            267953       
 NEXT SEEDS: A805113       C       0       0       0       0   181CD    3039       0       0
   22000000              28000000              28000000             2.1463188E-04         1.0000000E+30            280737       
 NEXT SEEDS:2D1D41C2       C       0       0       0       0   181CD    3039       0       0
   23000000              27000000              27000000             2.1577927E-04         1.0000000E+30            293723       
 NEXT SEEDS:1417E0CA       D       0       0       0       0   181CD    3039       0       0
   24000000              26000000              26000000             2.1610899E-04         1.0000000E+30            306376       
 NEXT SEEDS:369B490A       D       0       0       0       0   181CD    3039       0       0
 COUSET, TXYZ:  0.999999999984411      0.368245228478457      0.929728697885394    
   25000000              25000000              25000000             2.1569236E-04         1.0000000E+30            318933       
 NEXT SEEDS:1D76A5DD       E       0       0       0       0   181CD    3039       0       0
   26000000              24000000              24000000             2.1599735E-04         1.0000000E+30            331681       
 NEXT SEEDS: 473D629       F       0       0       0       0   181CD    3039       0       0
   27000000              23000000              23000000             2.1613294E-04         1.0000000E+30            344691       
 NEXT SEEDS:2716BD82       F       0       0       0       0   181CD    3039       0       0
   28000000              22000000              22000000             2.1668957E-04         1.0000000E+30            357323       
 NEXT SEEDS: DE4A43F      10       0       0       0       0   181CD    3039       0       0
   29000000              21000000              21000000             2.1634378E-04         1.0000000E+30            370028       
 NEXT SEEDS:30752202      10       0       0       0       0   181CD    3039       0       0
   30000000              20000000              20000000             2.1604684E-04         1.0000000E+30            382694       
 NEXT SEEDS:17688EC5      11       0       0       0       0   181CD    3039       0       0
   31000000              19000000              19000000             2.1670415E-04         1.0000000E+30            395330       
 NEXT SEEDS:39F54523      11       0       0       0       0   181CD    3039       0       0
   32000000              18000000              18000000             2.1586358E-04         1.0000000E+30            407955       
 NEXT SEEDS:20D298A4      12       0       0       0       0   181CD    3039       0       0
   33000000              17000000              17000000             2.1547270E-04         1.0000000E+30            420820       
 NEXT SEEDS: 7C4B113      13       0       0       0       0   181CD    3039       0       0
   34000000              16000000              16000000             2.1447320E-04         1.0000000E+30            433668       
 NEXT SEEDS:2A4B5220      13       0       0       0       0   181CD    3039       0       0
   35000000              15000000              15000000             2.1341119E-04         1.0000000E+30            446329       
 NEXT SEEDS:11348509      14       0       0       0       0   181CD    3039       0       0
   36000000              14000000              14000000             2.1355460E-04         1.0000000E+30            458934       
 NEXT SEEDS:33ADAE0C      14       0       0       0       0   181CD    3039       0       0
   37000000              13000000              13000000             2.1468184E-04         1.0000000E+30            471714       
 NEXT SEEDS:1A91E785      15       0       0       0       0   181CD    3039       0       0
   38000000              12000000              12000000             2.1542177E-04         1.0000000E+30            484367       
 NEXT SEEDS: 1807B89      16       0       0       0       0   181CD    3039       0       0
 COUSET, TXYZ:   1.00000000000529     -0.891356635706415      0.453302711212628    
 COUSET, TXYZ:   1.00000000000688      7.925669699425325E-02  0.996854240094971    
   39000000              11000000              11000000             2.1668161E-04         1.0000000E+30            497015       
 NEXT SEEDS:23F26870      16       0       0       0       0   181CD    3039       0       0
 COUSET, TXYZ:   1.00000000001374     -0.934379585920217     -0.356279089258737    
   40000000              10000000              10000000             2.1672488E-04         1.0000000E+30            509699       
 NEXT SEEDS: AF6F248      17       0       0       0       0   181CD    3039       0       0
   41000000               9000000               9000000             2.1656519E-04         1.0000000E+30            522613       
 NEXT SEEDS:2D79BE44      17       0       0       0       0   181CD    3039       0       0
   42000000               8000000               8000000             2.1711979E-04         1.0000000E+30            535367       
 NEXT SEEDS:146307FF      18       0       0       0       0   181CD    3039       0       0
   43000000               7000000               7000000             2.1749298E-04         1.0000000E+30            548111       
 NEXT SEEDS:3705B2EA      18       0       0       0       0   181CD    3039       0       0
   44000000               6000000               6000000             2.1814060E-04         1.0000000E+30            560577       
 NEXT SEEDS:1DD7FA60      19       0       0       0       0   181CD    3039       0       0
   45000000               5000000               5000000             2.1767801E-04         1.0000000E+30            573456       
 NEXT SEEDS: 4D40B55      1A       0       0       0       0   181CD    3039       0       0
   46000000               4000000               4000000             2.1723219E-04         1.0000000E+30            585946       
 NEXT SEEDS:2753146E      1A       0       0       0       0   181CD    3039       0       0
   47000000               3000000               3000000             2.1736164E-04         1.0000000E+30            598585       
 NEXT SEEDS: E662DBF      1B       0       0       0       0   181CD    3039       0       0
   48000000               2000000               2000000             2.1657882E-04         1.0000000E+30            611309       
 NEXT SEEDS:30FA4F19      1B       0       0       0       0   181CD    3039       0       0
   49000000               1000000               1000000             2.1650339E-04         1.0000000E+30            624030       
 NEXT SEEDS:17D6E7CA      1C       0       0       0       0   181CD    3039       0       0
 COUSET, TXYZ:  0.999999999982803     -0.637687840616839      0.770294890217402    
   49999950                    50                    50             2.1660602E-04         1.0000000E+30            636968       
 NEXT SEEDS:3A98401E      1C       0       0       0       0   181CD    3039       0       0
   49999951                    49                    49             2.1660603E-04         1.0000000E+30            636968       
 NEXT SEEDS:3A9843F8      1C       0       0       0       0   181CD    3039       0       0
   49999952                    48                    48             2.1660603E-04         1.0000000E+30            636968       
 NEXT SEEDS:3A9848B4      1C       0       0       0       0   181CD    3039       0       0
   49999953                    47                    47             2.1660602E-04         1.0000000E+30            636968       
 NEXT SEEDS:3A984DD5      1C       0       0       0       0   181CD    3039       0       0
   49999954                    46                    46             2.1660604E-04         1.0000000E+30            636968       
 NEXT SEEDS:3A985181      1C       0       0       0       0   181CD    3039       0       0
   49999955                    45                    45             2.1660603E-04         1.0000000E+30            636968       
 NEXT SEEDS:3A9853B5      1C       0       0       0       0   181CD    3039       0       0
   49999956                    44                    44             2.1660603E-04         1.0000000E+30            636968       
 NEXT SEEDS:3A985526      1C       0       0       0       0   181CD    3039       0       0
   49999957                    43                    43             2.1660604E-04         1.0000000E+30            636968       
 NEXT SEEDS:3A9858F9      1C       0       0       0       0   181CD    3039       0       0
   49999958                    42                    42             2.1660604E-04         1.0000000E+30            636968       
 NEXT SEEDS:3A985C7E      1C       0       0       0       0   181CD    3039       0       0
   49999959                    41                    41             2.1660604E-04         1.0000000E+30            636968       
 NEXT SEEDS:3A985D44      1C       0       0       0       0   181CD    3039       0       0
   49999960                    40                    40             2.1660603E-04         1.0000000E+30            636968       
 NEXT SEEDS:3A985E3B      1C       0       0       0       0   181CD    3039       0       0
   49999961                    39                    39             2.1660605E-04         1.0000000E+30            636968       
 NEXT SEEDS:3A985FC2      1C       0       0       0       0   181CD    3039       0       0
   49999962                    38                    38             2.1660604E-04         1.0000000E+30            636968       
 NEXT SEEDS:3A986174      1C       0       0       0       0   181CD    3039       0       0
   49999963                    37                    37             2.1660604E-04         1.0000000E+30            636968       
 NEXT SEEDS:3A9864DA      1C       0       0       0       0   181CD    3039       0       0
   49999964                    36                    36             2.1660603E-04         1.0000000E+30            636968       
 NEXT SEEDS:3A986691      1C       0       0       0       0   181CD    3039       0       0
   49999965                    35                    35             2.1660605E-04         1.0000000E+30            636968       
 NEXT SEEDS:3A986935      1C       0       0       0       0   181CD    3039       0       0
   49999966                    34                    34             2.1660604E-04         1.0000000E+30            636968       
 NEXT SEEDS:3A986A06      1C       0       0       0       0   181CD    3039       0       0
   49999967                    33                    33             2.1660604E-04         1.0000000E+30            636968       
 NEXT SEEDS:3A986BCC      1C       0       0       0       0   181CD    3039       0       0
   49999968                    32                    32             2.1660604E-04         1.0000000E+30            636968       
 NEXT SEEDS:3A986C50      1C       0       0       0       0   181CD    3039       0       0
   49999969                    31                    31             2.1660605E-04         1.0000000E+30            636968       
 NEXT SEEDS:3A986FFE      1C       0       0       0       0   181CD    3039       0       0
   49999970                    30                    30             2.1660605E-04         1.0000000E+30            636968       
 NEXT SEEDS:3A987200      1C       0       0       0       0   181CD    3039       0       0
   49999971                    29                    29             2.1660604E-04         1.0000000E+30            636968       
 NEXT SEEDS:3A9872E0      1C       0       0       0       0   181CD    3039       0       0
   49999972                    28                    28             2.1660604E-04         1.0000000E+30            636968       
 NEXT SEEDS:3A987399      1C       0       0       0       0   181CD    3039       0       0
   49999973                    27                    27             2.1660603E-04         1.0000000E+30            636968       
 NEXT SEEDS:3A9874AC      1C       0       0       0       0   181CD    3039       0       0
   49999974                    26                    26             2.1660605E-04         1.0000000E+30            636968       
 NEXT SEEDS:3A987584      1C       0       0       0       0   181CD    3039       0       0
   49999975                    25                    25             2.1660604E-04         1.0000000E+30            636968       
 NEXT SEEDS:3A9877DA      1C       0       0       0       0   181CD    3039       0       0
   49999976                    24                    24             2.1660604E-04         1.0000000E+30            636968       
 NEXT SEEDS:3A987997      1C       0       0       0       0   181CD    3039       0       0
   49999977                    23                    23             2.1660604E-04         1.0000000E+30            636968       
 NEXT SEEDS:3A987ADC      1C       0       0       0       0   181CD    3039       0       0
   49999978                    22                    22             2.1660605E-04         1.0000000E+30            636968       
 NEXT SEEDS:3A987B62      1C       0       0       0       0   181CD    3039       0       0
   49999979                    21                    21             2.1660605E-04         1.0000000E+30            636968       
 NEXT SEEDS:3A987BD3      1C       0       0       0       0   181CD    3039       0       0
   49999980                    20                    20             2.1660604E-04         1.0000000E+30            636968       
 NEXT SEEDS:3A987E6D      1C       0       0       0       0   181CD    3039       0       0
   49999981                    19                    19             2.1660604E-04         1.0000000E+30            636968       
 NEXT SEEDS:3A987FF9      1C       0       0       0       0   181CD    3039       0       0
   49999982                    18                    18             2.1660603E-04         1.0000000E+30            636968       
 NEXT SEEDS:3A9880A5      1C       0       0       0       0   181CD    3039       0       0
   49999983                    17                    17             2.1660605E-04         1.0000000E+30            636968       
 NEXT SEEDS:3A988376      1C       0       0       0       0   181CD    3039       0       0
   49999984                    16                    16             2.1660604E-04         1.0000000E+30            636968       
 NEXT SEEDS:3A988468      1C       0       0       0       0   181CD    3039       0       0
   49999985                    15                    15             2.1660604E-04         1.0000000E+30            636968       
 NEXT SEEDS:3A988843      1C       0       0       0       0   181CD    3039       0       0
   49999986                    14                    14             2.1660604E-04         1.0000000E+30            636968       
 NEXT SEEDS:3A9888C8      1C       0       0       0       0   181CD    3039       0       0
   49999987                    13                    13             2.1660605E-04         1.0000000E+30            636968       
 NEXT SEEDS:3A988CAE      1C       0       0       0       0   181CD    3039       0       0
   49999988                    12                    12             2.1660605E-04         1.0000000E+30            636968       
 NEXT SEEDS:3A988DA6      1C       0       0       0       0   181CD    3039       0       0
   49999989                    11                    11             2.1660604E-04         1.0000000E+30            636968       
 NEXT SEEDS:3A98912E      1C       0       0       0       0   181CD    3039       0       0
   49999990                    10                    10             2.1660604E-04         1.0000000E+30            636968       
 NEXT SEEDS:3A989396      1C       0       0       0       0   181CD    3039       0       0
   49999991                     9                     9             2.1660603E-04         1.0000000E+30            636968       
 NEXT SEEDS:3A9896C8      1C       0       0       0       0   181CD    3039       0       0
   49999992                     8                     8             2.1660603E-04         1.0000000E+30            636968       
 NEXT SEEDS:3A989747      1C       0       0       0       0   181CD    3039       0       0
   49999993                     7                     7             2.1660602E-04         1.0000000E+30            636968       
 NEXT SEEDS:3A98987C      1C       0       0       0       0   181CD    3039       0       0
   49999994                     6                     6             2.1660602E-04         1.0000000E+30            636968       
 NEXT SEEDS:3A9899B3      1C       0       0       0       0   181CD    3039       0       0
   49999995                     5                     5             2.1660602E-04         1.0000000E+30            636968       
 NEXT SEEDS:3A989C53      1C       0       0       0       0   181CD    3039       0       0
   49999996                     4                     4             2.1660601E-04         1.0000000E+30            636968       
 NEXT SEEDS:3A989DAD      1C       0       0       0       0   181CD    3039       0       0
   49999997                     3                     3             2.1660601E-04         1.0000000E+30            636968       
 NEXT SEEDS:3A989F19      1C       0       0       0       0   181CD    3039       0       0
   49999998                     2                     2             2.1660600E-04         1.0000000E+30            636969       
 NEXT SEEDS:3A98BA09      1C       0       0       0       0   181CD    3039       0       0
   49999999                     1                     1             2.1660600E-04         1.0000000E+30            636969       
 NEXT SEEDS:3A98BC8C      1C       0       0       0       0   181CD    3039       0       0
   50000000                     0                     1             2.1660599E-04         1.0000000E+30            636969       
 NEXT SEEDS:3A98BE6B      1C       0       0       0       0   181CD    3039       0       0
