1NUMBER OF BEAM       NUMBER OF BEAM        APPROXIMATE NUMBER    AVERAGE TIME USED     TIME LEFT (RESERVED   NUMBER OF STARS
 PARTICLES HANDLED    PARTICLES LEFT        OF BEAM PARTICLES     BY A BEAM PARTICLE     10000.0 SECONDS      CREATED
                                            THAT CAN STILL BE                           FOR PRINTOUT)
                                            HANDLED

 NEXT SEEDS:       0       0       0       0       0       0   181CD    3039       0       0
          1              20999999              20999999             3.6120415E-03         1.0000000E+30                 0       
 NEXT SEEDS:     BE9       0       0       0       0       0   181CD    3039       0       0
     400000              20600000              20600000             1.3684870E-03         1.0000000E+30             22506       
 NEXT SEEDS:11872E91       1       0       0       0       0   181CD    3039       0       0
     800000              20200000              20200000             1.4052855E-03         1.0000000E+30             44904       
 NEXT SEEDS:231CB8AA       2       0       0       0       0   181CD    3039       0       0
    1200000              19800000              19800000             1.4274371E-03         1.0000000E+30             67549       
 NEXT SEEDS:34C0D318       3       0       0       0       0   181CD    3039       0       0
    1600000              19400000              19400000             1.4329474E-03         1.0000000E+30             90316       
 NEXT SEEDS: AD9C1C7       5       0       0       0       0   181CD    3039       0       0
    2000000              19000000              19000000             1.4415574E-03         1.0000000E+30            112811       
 NEXT SEEDS:1C6430A2       6       0       0       0       0   181CD    3039       0       0
    2400000              18600000              18600000             1.4456209E-03         1.0000000E+30            135413       
 NEXT SEEDS:2DF2114A       7       0       0       0       0   181CD    3039       0       0
    2800000              18200000              18200000             1.4314945E-03         1.0000000E+30            158282       
 NEXT SEEDS: 412FBD9       9       0       0       0       0   181CD    3039       0       0
 COUSET, TXYZ:   1.00000000001245     -0.605852953998967     -0.795576645054150    
    3200000              17800000              17800000             1.3985316E-03         1.0000000E+30            180890       
 NEXT SEEDS:15A42BB1       A       0       0       0       0   181CD    3039       0       0
    3600000              17400000              17400000             1.3694767E-03         1.0000000E+30            203399       
 NEXT SEEDS:273A2569       B       0       0       0       0   181CD    3039       0       0
    4000000              17000000              17000000             1.3551468E-03         1.0000000E+30            225966       
 NEXT SEEDS:38D8047D       C       0       0       0       0   181CD    3039       0       0
    4400000              16600000              16600000             1.3558461E-03         1.0000000E+30            248986       
 NEXT SEEDS: EF3B4A7       E       0       0       0       0   181CD    3039       0       0
    4800000              16200000              16200000             1.3573951E-03         1.0000000E+30            271516       
 NEXT SEEDS:20948502       F       0       0       0       0   181CD    3039       0       0
 COUSET, TXYZ:  0.999999999980919     -0.998217752214650     -5.967678883257718E-02
 COUSET, TXYZ:   1.00000000000869      0.929986061758759      0.367594783629777    
    5200000              15800000              15800000             1.3569912E-03         1.0000000E+30            293968       
 NEXT SEEDS:322E325A      10       0       0       0       0   181CD    3039       0       0
    5600000              15400000              15400000             1.3695694E-03         1.0000000E+30            316601       
 NEXT SEEDS: 83F790C      12       0       0       0       0   181CD    3039       0       0
    6000000              15000000              15000000             1.3722762E-03         1.0000000E+30            339300       
 NEXT SEEDS:1A00AE6D      13       0       0       0       0   181CD    3039       0       0
    6400000              14600000              14600000             1.3817405E-03         1.0000000E+30            361762       
 NEXT SEEDS:2B8F13C4      14       0       0       0       0   181CD    3039       0       0
    6800000              14200000              14200000             1.3707877E-03         1.0000000E+30            384482       
 NEXT SEEDS: 19D08A9      16       0       0       0       0   181CD    3039       0       0
