1NUMBER OF BEAM       NUMBER OF BEAM        APPROXIMATE NUMBER    AVERAGE TIME USED     TIME LEFT (RESERVED   NUMBER OF STARS
 PARTICLES HANDLED    PARTICLES LEFT        OF BEAM PARTICLES     BY A BEAM PARTICLE     10000.0 SECONDS      CREATED
                                            THAT CAN STILL BE                           FOR PRINTOUT)
                                            HANDLED

 NEXT SEEDS:       0       0       0       0       0       0   181CD    3039       0       0
          1               9999999               9999999             5.0711632E-04         1.0000000E+30                 0       
 NEXT SEEDS:     69D       0       0       0       0       0   181CD    3039       0       0
     200000               9800000               9800000             4.5501732E-04         1.0000000E+30             14430       
 NEXT SEEDS:1DAB51D4       0       0       0       0       0   181CD    3039       0       0
     400000               9600000               9600000             4.6246422E-04         1.0000000E+30             28902       
 NEXT SEEDS:3B525224       0       0       0       0       0   181CD    3039       0       0
     600000               9400000               9400000             4.6779483E-04         1.0000000E+30             43171       
 NEXT SEEDS:1D5EECEF       1       0       0       0       0   181CD    3039       0       0
     800000               9200000               9200000             4.6915503E-04         1.0000000E+30             57744       
 NEXT SEEDS:3B1B1E41       1       0       0       0       0   181CD    3039       0       0
    1000000               9000000               9000000             4.6996620E-04         1.0000000E+30             72382       
 NEXT SEEDS:1D4E4E8E       2       0       0       0       0   181CD    3039       0       0
    1200000               8800000               8800000             4.7173407E-04         1.0000000E+30             86825       
 NEXT SEEDS:3AE7FFCF       2       0       0       0       0   181CD    3039       0       0
    1400000               8600000               8600000             4.7590355E-04         1.0000000E+30            101328       
 NEXT SEEDS:1CFC56F9       3       0       0       0       0   181CD    3039       0       0
 COUSET, TXYZ:  0.999999999991769     -0.536984429595963      0.843592154038334    
    1600000               8400000               8400000             4.7405339E-04         1.0000000E+30            115694       
 NEXT SEEDS:3AA593C1       3       0       0       0       0   181CD    3039       0       0
    1800000               8200000               8200000             4.7682401E-04         1.0000000E+30            130182       
 NEXT SEEDS:1CB8F2EF       4       0       0       0       0   181CD    3039       0       0
    2000000               8000000               8000000             4.8081199E-04         1.0000000E+30            144524       
 NEXT SEEDS:3A53B56D       4       0       0       0       0   181CD    3039       0       0
    2200000               7800000               7800000             4.8718418E-04         1.0000000E+30            158969       
 NEXT SEEDS:1C63AE02       5       0       0       0       0   181CD    3039       0       0
    2400000               7600000               7600000             4.8877895E-04         1.0000000E+30            173469       
 NEXT SEEDS:3A1B9B4E       5       0       0       0       0   181CD    3039       0       0
    2600000               7400000               7400000             4.9344389E-04         1.0000000E+30            187919       
 NEXT SEEDS:1C355FB3       6       0       0       0       0   181CD    3039       0       0
    2800000               7200000               7200000             4.9594165E-04         1.0000000E+30            202254       
 NEXT SEEDS:39F92D36       6       0       0       0       0   181CD    3039       0       0
    3000000               7000000               7000000             5.0044243E-04         1.0000000E+30            216810       
 NEXT SEEDS:1C12896C       7       0       0       0       0   181CD    3039       0       0
    3200000               6800000               6800000             5.0188199E-04         1.0000000E+30            231244       
 NEXT SEEDS:39B79444       7       0       0       0       0   181CD    3039       0       0
    3400000               6600000               6600000             5.0582595E-04         1.0000000E+30            245617       
 NEXT SEEDS:1BD25171       8       0       0       0       0   181CD    3039       0       0
    3600000               6400000               6400000             5.0903904E-04         1.0000000E+30            259976       
 NEXT SEEDS:3979431B       8       0       0       0       0   181CD    3039       0       0
    3800000               6200000               6200000             5.1145627E-04         1.0000000E+30            274837       
 NEXT SEEDS:1BB58B67       9       0       0       0       0   181CD    3039       0       0
    4000000               6000000               6000000             5.1297455E-04         1.0000000E+30            289283       
 NEXT SEEDS:3956424D       9       0       0       0       0   181CD    3039       0       0
    4200000               5800000               5800000             5.1527106E-04         1.0000000E+30            303759       
 NEXT SEEDS:1B6B5C37       A       0       0       0       0   181CD    3039       0       0
 COUSET, TXYZ:  0.999999999984821     -0.995658659299824     -9.307971922454798E-02
    4400000               5600000               5600000             5.1747054E-04         1.0000000E+30            318187       
 NEXT SEEDS:3909E56B       A       0       0       0       0   181CD    3039       0       0
    4600000               5400000               5400000             5.1556604E-04         1.0000000E+30            332677       
 NEXT SEEDS:1B1D0DB5       B       0       0       0       0   181CD    3039       0       0
    4800000               5200000               5200000             5.1853684E-04         1.0000000E+30            347236       
 NEXT SEEDS:38C98802       B       0       0       0       0   181CD    3039       0       0
    5000000               5000000               5000000             5.2029795E-04         1.0000000E+30            361702       
 NEXT SEEDS:1AE04BDD       C       0       0       0       0   181CD    3039       0       0
    5200000               4800000               4800000             5.2206027E-04         1.0000000E+30            376369       
 NEXT SEEDS:38A11A8F       C       0       0       0       0   181CD    3039       0       0
    5400000               4600000               4600000             5.2348217E-04         1.0000000E+30            390681       
 NEXT SEEDS:1A98B541       D       0       0       0       0   181CD    3039       0       0
    5600000               4400000               4400000             5.2519165E-04         1.0000000E+30            405206       
 NEXT SEEDS:3852774F       D       0       0       0       0   181CD    3039       0       0
    5800000               4200000               4200000             5.2619899E-04         1.0000000E+30            419712       
 NEXT SEEDS:1A63EE01       E       0       0       0       0   181CD    3039       0       0
    6000000               4000000               4000000             5.2684306E-04         1.0000000E+30            434190       
 NEXT SEEDS:38194522       E       0       0       0       0   181CD    3039       0       0
    6200000               3800000               3800000             5.2801439E-04         1.0000000E+30            448677       
 NEXT SEEDS:1A2C7B56       F       0       0       0       0   181CD    3039       0       0
    6400000               3600000               3600000             5.2977013E-04         1.0000000E+30            463155       
 NEXT SEEDS:37D8669B       F       0       0       0       0   181CD    3039       0       0
    6600000               3400000               3400000             5.3022986E-04         1.0000000E+30            477730       
 NEXT SEEDS:19F162F5      10       0       0       0       0   181CD    3039       0       0
 COUSET, TXYZ:  0.999999999994326      0.545449801599060      0.838143492442791    
    6800000               3200000               3200000             5.3130957E-04         1.0000000E+30            492019       
 NEXT SEEDS:378E2990      10       0       0       0       0   181CD    3039       0       0
    7000000               3000000               3000000             5.3125269E-04         1.0000000E+30            506373       
 NEXT SEEDS:1981CBD4      11       0       0       0       0   181CD    3039       0       0
    7200000               2800000               2800000             5.3312293E-04         1.0000000E+30            521126       
 NEXT SEEDS:375C7423      11       0       0       0       0   181CD    3039       0       0
    7400000               2600000               2600000             5.3473165E-04         1.0000000E+30            535507       
 NEXT SEEDS:19690F69      12       0       0       0       0   181CD    3039       0       0
    7600000               2400000               2400000             5.3629353E-04         1.0000000E+30            550110       
 NEXT SEEDS:373DF3F1      12       0       0       0       0   181CD    3039       0       0
    7800000               2200000               2200000             5.3774784E-04         1.0000000E+30            564694       
 NEXT SEEDS:195E00E8      13       0       0       0       0   181CD    3039       0       0
    8000000               2000000               2000000             5.3909448E-04         1.0000000E+30            579157       
 NEXT SEEDS:36FEE787      13       0       0       0       0   181CD    3039       0       0
    8200000               1800000               1800000             5.4038604E-04         1.0000000E+30            593555       
 NEXT SEEDS:190EA352      14       0       0       0       0   181CD    3039       0       0
    8400000               1600000               1600000             5.4163348E-04         1.0000000E+30            608034       
 NEXT SEEDS:36CDE34E      14       0       0       0       0   181CD    3039       0       0
    8600000               1400000               1400000             5.4278570E-04         1.0000000E+30            622387       
 NEXT SEEDS:18CCCD6E      15       0       0       0       0   181CD    3039       0       0
    8800000               1200000               1200000             5.4390342E-04         1.0000000E+30            636684       
 NEXT SEEDS:366F24AB      15       0       0       0       0   181CD    3039       0       0
    9000000               1000000               1000000             5.4501639E-04         1.0000000E+30            651248       
 NEXT SEEDS:18943FB7      16       0       0       0       0   181CD    3039       0       0
    9200000                800000                800000             5.4604153E-04         1.0000000E+30            665636       
 NEXT SEEDS:36384335      16       0       0       0       0   181CD    3039       0       0
    9400000                600000                600000             5.4708398E-04         1.0000000E+30            680513       
 NEXT SEEDS:186A4E6C      17       0       0       0       0   181CD    3039       0       0
    9600000                400000                400000             5.4807811E-04         1.0000000E+30            695100       
 NEXT SEEDS:362E3690      17       0       0       0       0   181CD    3039       0       0
    9800000                200000                200000             5.4900829E-04         1.0000000E+30            709646       
 NEXT SEEDS:184A7F1D      18       0       0       0       0   181CD    3039       0       0
    9999950                    50                    50             5.4991022E-04         1.0000000E+30            724239       
 NEXT SEEDS:360EE4F7      18       0       0       0       0   181CD    3039       0       0
    9999951                    49                    49             5.4991022E-04         1.0000000E+30            724239       
 NEXT SEEDS:360EED93      18       0       0       0       0   181CD    3039       0       0
    9999952                    48                    48             5.4991026E-04         1.0000000E+30            724239       
 NEXT SEEDS:360EFA0B      18       0       0       0       0   181CD    3039       0       0
    9999953                    47                    47             5.4991025E-04         1.0000000E+30            724239       
 NEXT SEEDS:360EFFA2      18       0       0       0       0   181CD    3039       0       0
    9999954                    46                    46             5.4991029E-04         1.0000000E+30            724239       
 NEXT SEEDS:360F06CA      18       0       0       0       0   181CD    3039       0       0
    9999955                    45                    45             5.4991034E-04         1.0000000E+30            724239       
 NEXT SEEDS:360F1588      18       0       0       0       0   181CD    3039       0       0
    9999956                    44                    44             5.4991033E-04         1.0000000E+30            724239       
 NEXT SEEDS:360F1DF8      18       0       0       0       0   181CD    3039       0       0
    9999957                    43                    43             5.4991033E-04         1.0000000E+30            724239       
 NEXT SEEDS:360F2478      18       0       0       0       0   181CD    3039       0       0
    9999958                    42                    42             5.4991037E-04         1.0000000E+30            724239       
 NEXT SEEDS:360F2BB8      18       0       0       0       0   181CD    3039       0       0
    9999959                    41                    41             5.4991036E-04         1.0000000E+30            724239       
 NEXT SEEDS:360F32D1      18       0       0       0       0   181CD    3039       0       0
    9999960                    40                    40             5.4991036E-04         1.0000000E+30            724239       
 NEXT SEEDS:360F396E      18       0       0       0       0   181CD    3039       0       0
    9999961                    39                    39             5.4991040E-04         1.0000000E+30            724239       
 NEXT SEEDS:360F4376      18       0       0       0       0   181CD    3039       0       0
    9999962                    38                    38             5.4991039E-04         1.0000000E+30            724239       
 NEXT SEEDS:360F4C7D      18       0       0       0       0   181CD    3039       0       0
    9999963                    37                    37             5.4991039E-04         1.0000000E+30            724239       
 NEXT SEEDS:360F5338      18       0       0       0       0   181CD    3039       0       0
    9999964                    36                    36             5.4991043E-04         1.0000000E+30            724239       
 NEXT SEEDS:360F5C80      18       0       0       0       0   181CD    3039       0       0
    9999965                    35                    35             5.4991042E-04         1.0000000E+30            724239       
 NEXT SEEDS:360F6375      18       0       0       0       0   181CD    3039       0       0
    9999966                    34                    34             5.4991042E-04         1.0000000E+30            724239       
 NEXT SEEDS:360F69B5      18       0       0       0       0   181CD    3039       0       0
    9999967                    33                    33             5.4991046E-04         1.0000000E+30            724239       
 NEXT SEEDS:360F738C      18       0       0       0       0   181CD    3039       0       0
    9999968                    32                    32             5.4991060E-04         1.0000000E+30            724240       
 NEXT SEEDS:360F93E4      18       0       0       0       0   181CD    3039       0       0
    9999969                    31                    31             5.4991059E-04         1.0000000E+30            724240       
 NEXT SEEDS:360F9A97      18       0       0       0       0   181CD    3039       0       0
    9999970                    30                    30             5.4991064E-04         1.0000000E+30            724240       
 NEXT SEEDS:360FA4A5      18       0       0       0       0   181CD    3039       0       0
    9999971                    29                    29             5.4991068E-04         1.0000000E+30            724240       
 NEXT SEEDS:360FB1C0      18       0       0       0       0   181CD    3039       0       0
    9999972                    28                    28             5.4991067E-04         1.0000000E+30            724240       
 NEXT SEEDS:360FB5DE      18       0       0       0       0   181CD    3039       0       0
    9999973                    27                    27             5.4991067E-04         1.0000000E+30            724240       
 NEXT SEEDS:360FBD85      18       0       0       0       0   181CD    3039       0       0
    9999974                    26                    26             5.4991066E-04         1.0000000E+30            724240       
 NEXT SEEDS:360FC528      18       0       0       0       0   181CD    3039       0       0
    9999975                    25                    25             5.4991070E-04         1.0000000E+30            724240       
 NEXT SEEDS:360FCB2F      18       0       0       0       0   181CD    3039       0       0
    9999976                    24                    24             5.4991070E-04         1.0000000E+30            724240       
 NEXT SEEDS:360FD0DA      18       0       0       0       0   181CD    3039       0       0
    9999977                    23                    23             5.4991069E-04         1.0000000E+30            724240       
 NEXT SEEDS:360FD694      18       0       0       0       0   181CD    3039       0       0
    9999978                    22                    22             5.4991068E-04         1.0000000E+30            724240       
 NEXT SEEDS:360FDC91      18       0       0       0       0   181CD    3039       0       0
    9999979                    21                    21             5.4991068E-04         1.0000000E+30            724240       
 NEXT SEEDS:360FE61A      18       0       0       0       0   181CD    3039       0       0
    9999980                    20                    20             5.4991067E-04         1.0000000E+30            724240       
 NEXT SEEDS:360FECCA      18       0       0       0       0   181CD    3039       0       0
    9999981                    19                    19             5.4991071E-04         1.0000000E+30            724240       
 NEXT SEEDS:360FF39A      18       0       0       0       0   181CD    3039       0       0
    9999982                    18                    18             5.4991071E-04         1.0000000E+30            724240       
 NEXT SEEDS:360FF8EE      18       0       0       0       0   181CD    3039       0       0
    9999983                    17                    17             5.4991070E-04         1.0000000E+30            724240       
 NEXT SEEDS:360FFE92      18       0       0       0       0   181CD    3039       0       0
    9999984                    16                    16             5.4991070E-04         1.0000000E+30            724240       
 NEXT SEEDS:361005E2      18       0       0       0       0   181CD    3039       0       0
    9999985                    15                    15             5.4991069E-04         1.0000000E+30            724240       
 NEXT SEEDS:36100D6A      18       0       0       0       0   181CD    3039       0       0
    9999986                    14                    14             5.4991068E-04         1.0000000E+30            724240       
 NEXT SEEDS:36101466      18       0       0       0       0   181CD    3039       0       0
    9999987                    13                    13             5.4991073E-04         1.0000000E+30            724240       
 NEXT SEEDS:36101B3E      18       0       0       0       0   181CD    3039       0       0
    9999988                    12                    12             5.4991072E-04         1.0000000E+30            724240       
 NEXT SEEDS:3610251A      18       0       0       0       0   181CD    3039       0       0
    9999989                    11                    11             5.4991071E-04         1.0000000E+30            724240       
 NEXT SEEDS:36102985      18       0       0       0       0   181CD    3039       0       0
    9999990                    10                    10             5.4991076E-04         1.0000000E+30            724240       
 NEXT SEEDS:361032B2      18       0       0       0       0   181CD    3039       0       0
    9999991                     9                     9             5.4991075E-04         1.0000000E+30            724240       
 NEXT SEEDS:361037C2      18       0       0       0       0   181CD    3039       0       0
    9999992                     8                     8             5.4991074E-04         1.0000000E+30            724240       
 NEXT SEEDS:36103F13      18       0       0       0       0   181CD    3039       0       0
    9999993                     7                     7             5.4991074E-04         1.0000000E+30            724240       
 NEXT SEEDS:3610438A      18       0       0       0       0   181CD    3039       0       0
    9999994                     6                     6             5.4991073E-04         1.0000000E+30            724240       
 NEXT SEEDS:36104976      18       0       0       0       0   181CD    3039       0       0
    9999995                     5                     5             5.4991073E-04         1.0000000E+30            724240       
 NEXT SEEDS:361052C9      18       0       0       0       0   181CD    3039       0       0
    9999996                     4                     4             5.4991072E-04         1.0000000E+30            724240       
 NEXT SEEDS:3610586E      18       0       0       0       0   181CD    3039       0       0
    9999997                     3                     3             5.4991071E-04         1.0000000E+30            724240       
 NEXT SEEDS:36105DBD      18       0       0       0       0   181CD    3039       0       0
    9999998                     2                     2             5.4991076E-04         1.0000000E+30            724240       
 NEXT SEEDS:36106681      18       0       0       0       0   181CD    3039       0       0
    9999999                     1                     1             5.4991075E-04         1.0000000E+30            724240       
 NEXT SEEDS:36106D2C      18       0       0       0       0   181CD    3039       0       0
   10000000                     0                     1             5.4991074E-04         1.0000000E+30            724240       
 NEXT SEEDS:36107287      18       0       0       0       0   181CD    3039       0       0
