1NUMBER OF BEAM       NUMBER OF BEAM        APPROXIMATE NUMBER    AVERAGE TIME USED     TIME LEFT (RESERVED   NUMBER OF STARS
 PARTICLES HANDLED    PARTICLES LEFT        OF BEAM PARTICLES     BY A BEAM PARTICLE     10000.0 SECONDS      CREATED
                                            THAT CAN STILL BE                           FOR PRINTOUT)
                                            HANDLED

 NEXT SEEDS:       0       0       0       0       0       0   181CD    3039       0       0
          1              16666665              16666665             2.9706955E-04         1.0000000E+30                 0       
 NEXT SEEDS:     4C1       0       0       0       0       0   181CD    3039       0       0
     300000              16366666              16366666             2.4104212E-04         1.0000000E+30             11731       
 NEXT SEEDS:1D2C7028       0       0       0       0       0   181CD    3039       0       0
     600000              16066666              16066666             2.4342225E-04         1.0000000E+30             23274       
 NEXT SEEDS:3A37D292       0       0       0       0       0   181CD    3039       0       0
     900000              15766666              15766666             2.4257927E-04         1.0000000E+30             34947       
 NEXT SEEDS:1BB94C63       1       0       0       0       0   181CD    3039       0       0
    1200000              15466666              15466666             2.4214182E-04         1.0000000E+30             46551       
 NEXT SEEDS:38DE3638       1       0       0       0       0   181CD    3039       0       0
    1500000              15166666              15166666             2.4186602E-04         1.0000000E+30             58088       
 NEXT SEEDS:1A5C1D73       2       0       0       0       0   181CD    3039       0       0
    1800000              14866666              14866666             2.4163446E-04         1.0000000E+30             69778       
 NEXT SEEDS:376E7093       2       0       0       0       0   181CD    3039       0       0
    2100000              14566666              14566666             2.4156957E-04         1.0000000E+30             81475       
 NEXT SEEDS:18FB00C8       3       0       0       0       0   181CD    3039       0       0
    2400000              14266666              14266666             2.4157749E-04         1.0000000E+30             92964       
 NEXT SEEDS:363797C7       3       0       0       0       0   181CD    3039       0       0
    2700000              13966666              13966666             2.4176770E-04         1.0000000E+30            104574       
 NEXT SEEDS:17BF0006       4       0       0       0       0   181CD    3039       0       0
    3000000              13666666              13666666             2.4173147E-04         1.0000000E+30            116258       
 NEXT SEEDS:34ECB69B       4       0       0       0       0   181CD    3039       0       0
    3300000              13366666              13366666             2.4163320E-04         1.0000000E+30            127840       
 NEXT SEEDS:166E8494       5       0       0       0       0   181CD    3039       0       0
    3600000              13066666              13066666             2.4149208E-04         1.0000000E+30            139162       
 NEXT SEEDS:337DCDAB       5       0       0       0       0   181CD    3039       0       0
    3900000              12766666              12766666             2.4145025E-04         1.0000000E+30            150588       
 NEXT SEEDS:15131D12       6       0       0       0       0   181CD    3039       0       0
    4200000              12466666              12466666             2.4136843E-04         1.0000000E+30            162075       
 NEXT SEEDS:323825B4       6       0       0       0       0   181CD    3039       0       0
    4500000              12166666              12166666             2.4135587E-04         1.0000000E+30            173719       
 NEXT SEEDS:13C65836       7       0       0       0       0   181CD    3039       0       0
 COUSET, TXYZ:  0.999999999867285     -0.662851688921023      0.748750718349650    
    4800000              11866666              11866666             2.4597111E-04         1.0000000E+30            185278       
 NEXT SEEDS:30E3481A       7       0       0       0       0   181CD    3039       0       0
    5100000              11566666              11566666             2.5333155E-04         1.0000000E+30            196887       
 NEXT SEEDS:127A06BD       8       0       0       0       0   181CD    3039       0       0
    5400000              11266666              11266666             2.5987702E-04         1.0000000E+30            208461       
 NEXT SEEDS:2FA4750B       8       0       0       0       0   181CD    3039       0       0
    5700000              10966666              10966666             2.6576743E-04         1.0000000E+30            220245       
 NEXT SEEDS:11344C64       9       0       0       0       0   181CD    3039       0       0
    6000000              10666666              10666666             2.6658776E-04         1.0000000E+30            231896       
 NEXT SEEDS:2E67AA08       9       0       0       0       0   181CD    3039       0       0
    6300000              10366666              10366666             2.6538295E-04         1.0000000E+30            243652       
 NEXT SEEDS: FF8025E       A       0       0       0       0   181CD    3039       0       0
    6600000              10066666              10066666             2.6483479E-04         1.0000000E+30            255385       
 NEXT SEEDS:2D3C11F7       A       0       0       0       0   181CD    3039       0       0
    6900000               9766666               9766666             2.6610827E-04         1.0000000E+30            267065       
 NEXT SEEDS: EC98BD7       B       0       0       0       0   181CD    3039       0       0
    7200000               9466666               9466666             2.6502693E-04         1.0000000E+30            278634       
 NEXT SEEDS:2BDB06CA       B       0       0       0       0   181CD    3039       0       0
 COUSET, TXYZ:  0.999999999936398     -0.557905698370154      0.829904350873585    
    7500000               9166666               9166666             2.6404187E-04         1.0000000E+30            290098       
 NEXT SEEDS: D658EB8       C       0       0       0       0   181CD    3039       0       0
    7800000               8866666               8866666             2.6318756E-04         1.0000000E+30            301850       
 NEXT SEEDS:2AAD16C1       C       0       0       0       0   181CD    3039       0       0
    8100000               8566666               8566666             2.6238594E-04         1.0000000E+30            313602       
 NEXT SEEDS: C59550A       D       0       0       0       0   181CD    3039       0       0
    8400000               8266666               8266666             2.6162013E-04         1.0000000E+30            325297       
 NEXT SEEDS:297DD131       D       0       0       0       0   181CD    3039       0       0
    8700000               7966666               7966666             2.6086521E-04         1.0000000E+30            336788       
 NEXT SEEDS: ADEC628       E       0       0       0       0   181CD    3039       0       0
    9000000               7666666               7666666             2.6021750E-04         1.0000000E+30            348570       
 NEXT SEEDS:2812B15A       E       0       0       0       0   181CD    3039       0       0
    9300000               7366666               7366666             2.5973653E-04         1.0000000E+30            360340       
 NEXT SEEDS: 9CD293E       F       0       0       0       0   181CD    3039       0       0
    9600000               7066666               7066666             2.5912956E-04         1.0000000E+30            371807       
 NEXT SEEDS:26D5FEE8       F       0       0       0       0   181CD    3039       0       0
    9900000               6766666               6766666             2.5856904E-04         1.0000000E+30            383351       
 NEXT SEEDS: 85AAFE1      10       0       0       0       0   181CD    3039       0       0
 COUSET, TXYZ:  0.999999999993856      0.951491486196609      0.307675074848582    
   10200000               6466666               6466666             2.5806087E-04         1.0000000E+30            395312       
 NEXT SEEDS:25831556      10       0       0       0       0   181CD    3039       0       0
   10500000               6166666               6166666             2.5759282E-04         1.0000000E+30            406925       
 NEXT SEEDS: 71EDA60      11       0       0       0       0   181CD    3039       0       0
   10800000               5866666               5866666             2.5713695E-04         1.0000000E+30            418695       
 NEXT SEEDS:2459035E      11       0       0       0       0   181CD    3039       0       0
   11100000               5566666               5566666             2.5672220E-04         1.0000000E+30            430459       
 NEXT SEEDS: 5F0C0F7      12       0       0       0       0   181CD    3039       0       0
 COUSET, TXYZ:   1.00000000000558     -0.689268713682277      0.724505790418498    
   11400000               5266666               5266666             2.5628679E-04         1.0000000E+30            442010       
 NEXT SEEDS:22FD71F5      12       0       0       0       0   181CD    3039       0       0
   11700000               4966666               4966666             2.5586588E-04         1.0000000E+30            453517       
 NEXT SEEDS: 4659BAA      13       0       0       0       0   181CD    3039       0       0
   12000000               4666666               4666666             2.5732481E-04         1.0000000E+30            465342       
 NEXT SEEDS:21B20700      13       0       0       0       0   181CD    3039       0       0
   12300000               4366666               4366666             2.6011522E-04         1.0000000E+30            476844       
 NEXT SEEDS: 33E1FB8      14       0       0       0       0   181CD    3039       0       0
   12600000               4066666               4066666             2.6149040E-04         1.0000000E+30            488412       
 NEXT SEEDS:2058C731      14       0       0       0       0   181CD    3039       0       0
   12900000               3766666               3766666             2.6101233E-04         1.0000000E+30            499997       
 NEXT SEEDS: 1E7F1B7      15       0       0       0       0   181CD    3039       0       0
   13200000               3466666               3466666             2.6055222E-04         1.0000000E+30            511540       
 NEXT SEEDS:1F0C3F34      15       0       0       0       0   181CD    3039       0       0
   13500000               3166666               3166666             2.6013295E-04         1.0000000E+30            523150       
 NEXT SEEDS:  B40A17      16       0       0       0       0   181CD    3039       0       0
   13800000               2866666               2866666             2.5970883E-04         1.0000000E+30            534770       
 NEXT SEEDS:1DDE765E      16       0       0       0       0   181CD    3039       0       0
   14100000               2566666               2566666             2.5932667E-04         1.0000000E+30            546582       
 NEXT SEEDS:3B15A153      16       0       0       0       0   181CD    3039       0       0
   14400000               2266666               2266666             2.5895840E-04         1.0000000E+30            558369       
 NEXT SEEDS:1CB6215C      17       0       0       0       0   181CD    3039       0       0
 COUSET, TXYZ:  0.999999999990544      1.830483675506995E-02 -0.999832452430136    
   14700000               1966666               1966666             2.5859222E-04         1.0000000E+30            570028       
 NEXT SEEDS:39F2691E      17       0       0       0       0   181CD    3039       0       0
 COUSET, TXYZ:   1.00000000000794      0.511275598389774      0.859416815350418    
   15000000               1666666               1666666             2.5826046E-04         1.0000000E+30            581833       
 NEXT SEEDS:1BA53AED      18       0       0       0       0   181CD    3039       0       0
   15300000               1366666               1366666             2.5792463E-04         1.0000000E+30            593490       
 NEXT SEEDS:38C67FE5      18       0       0       0       0   181CD    3039       0       0
 COUSET, TXYZ:   1.00000000000720     -0.226678088402139      0.973969734772470    
   15600000               1066666               1066666             2.5759880E-04         1.0000000E+30            605129       
 NEXT SEEDS:1A40FAC2      19       0       0       0       0   181CD    3039       0       0
   15900000                766666                766666             2.5729007E-04         1.0000000E+30            616923       
 NEXT SEEDS:376947A6      19       0       0       0       0   181CD    3039       0       0
   16200000                466666                466666             2.5740807E-04         1.0000000E+30            628566       
 NEXT SEEDS:18DCEA26      1A       0       0       0       0   181CD    3039       0       0
 COUSET, TXYZ:  0.999999999994641     -0.847797798916995      0.530319613196402    
   16500000                166666                166666             2.5761449E-04         1.0000000E+30            640381       
 NEXT SEEDS:360A66F8      1A       0       0       0       0   181CD    3039       0       0
   16666616                    50                    50             2.5745964E-04         1.0000000E+30            646787       
 NEXT SEEDS: ABC8DFB      1B       0       0       0       0   181CD    3039       0       0
   16666617                    49                    49             2.5745965E-04         1.0000000E+30            646787       
 NEXT SEEDS: ABC9363      1B       0       0       0       0   181CD    3039       0       0
   16666618                    48                    48             2.5745964E-04         1.0000000E+30            646787       
 NEXT SEEDS: ABC98FD      1B       0       0       0       0   181CD    3039       0       0
   16666619                    47                    47             2.5745965E-04         1.0000000E+30            646787       
 NEXT SEEDS: ABC9FAC      1B       0       0       0       0   181CD    3039       0       0
   16666620                    46                    46             2.5745966E-04         1.0000000E+30            646787       
 NEXT SEEDS: ABCA765      1B       0       0       0       0   181CD    3039       0       0
   16666621                    45                    45             2.5745965E-04         1.0000000E+30            646787       
 NEXT SEEDS: ABCADFA      1B       0       0       0       0   181CD    3039       0       0
   16666622                    44                    44             2.5745966E-04         1.0000000E+30            646787       
 NEXT SEEDS: ABCB427      1B       0       0       0       0   181CD    3039       0       0
   16666623                    43                    43             2.5745968E-04         1.0000000E+30            646787       
 NEXT SEEDS: ABCBEC7      1B       0       0       0       0   181CD    3039       0       0
   16666624                    42                    42             2.5745969E-04         1.0000000E+30            646787       
 NEXT SEEDS: ABCC2C1      1B       0       0       0       0   181CD    3039       0       0
   16666625                    41                    41             2.5745967E-04         1.0000000E+30            646787       
 NEXT SEEDS: ABCCB2E      1B       0       0       0       0   181CD    3039       0       0
   16666626                    40                    40             2.5745969E-04         1.0000000E+30            646787       
 NEXT SEEDS: ABCD20F      1B       0       0       0       0   181CD    3039       0       0
   16666627                    39                    39             2.5745970E-04         1.0000000E+30            646787       
 NEXT SEEDS: ABCD4ED      1B       0       0       0       0   181CD    3039       0       0
   16666628                    38                    38             2.5745969E-04         1.0000000E+30            646787       
 NEXT SEEDS: ABCD9D0      1B       0       0       0       0   181CD    3039       0       0
   16666629                    37                    37             2.5745979E-04         1.0000000E+30            646788       
 NEXT SEEDS: ABD02E9      1B       0       0       0       0   181CD    3039       0       0
   16666630                    36                    36             2.5745977E-04         1.0000000E+30            646788       
 NEXT SEEDS: ABD0783      1B       0       0       0       0   181CD    3039       0       0
   16666631                    35                    35             2.5745979E-04         1.0000000E+30            646788       
 NEXT SEEDS: ABD0D3B      1B       0       0       0       0   181CD    3039       0       0
   16666632                    34                    34             2.5745977E-04         1.0000000E+30            646788       
 NEXT SEEDS: ABD0F49      1B       0       0       0       0   181CD    3039       0       0
   16666633                    33                    33             2.5745979E-04         1.0000000E+30            646788       
 NEXT SEEDS: ABD1408      1B       0       0       0       0   181CD    3039       0       0
   16666634                    32                    32             2.5745980E-04         1.0000000E+30            646788       
 NEXT SEEDS: ABD191F      1B       0       0       0       0   181CD    3039       0       0
   16666635                    31                    31             2.5745978E-04         1.0000000E+30            646788       
 NEXT SEEDS: ABD1EB5      1B       0       0       0       0   181CD    3039       0       0
   16666636                    30                    30             2.5745980E-04         1.0000000E+30            646788       
 NEXT SEEDS: ABD26DC      1B       0       0       0       0   181CD    3039       0       0
   16666637                    29                    29             2.5745981E-04         1.0000000E+30            646788       
 NEXT SEEDS: ABD3002      1B       0       0       0       0   181CD    3039       0       0
   16666638                    28                    28             2.5745980E-04         1.0000000E+30            646788       
 NEXT SEEDS: ABD3532      1B       0       0       0       0   181CD    3039       0       0
   16666639                    27                    27             2.5745981E-04         1.0000000E+30            646788       
 NEXT SEEDS: ABD3AD5      1B       0       0       0       0   181CD    3039       0       0
   16666640                    26                    26             2.5745982E-04         1.0000000E+30            646788       
 NEXT SEEDS: ABD42D1      1B       0       0       0       0   181CD    3039       0       0
   16666641                    25                    25             2.5745993E-04         1.0000000E+30            646789       
 NEXT SEEDS: ABD6D8D      1B       0       0       0       0   181CD    3039       0       0
   16666642                    24                    24             2.5745994E-04         1.0000000E+30            646789       
 NEXT SEEDS: ABD71D5      1B       0       0       0       0   181CD    3039       0       0
   16666643                    23                    23             2.5745992E-04         1.0000000E+30            646789       
 NEXT SEEDS: ABD7771      1B       0       0       0       0   181CD    3039       0       0
   16666644                    22                    22             2.5745994E-04         1.0000000E+30            646789       
 NEXT SEEDS: ABD7B2B      1B       0       0       0       0   181CD    3039       0       0
   16666645                    21                    21             2.5745992E-04         1.0000000E+30            646789       
 NEXT SEEDS: ABD81C8      1B       0       0       0       0   181CD    3039       0       0
   16666646                    20                    20             2.5745994E-04         1.0000000E+30            646789       
 NEXT SEEDS: ABD8703      1B       0       0       0       0   181CD    3039       0       0
   16666647                    19                    19             2.5745995E-04         1.0000000E+30            646789       
 NEXT SEEDS: ABD8AD7      1B       0       0       0       0   181CD    3039       0       0
   16666648                    18                    18             2.5745996E-04         1.0000000E+30            646789       
 NEXT SEEDS: ABD9579      1B       0       0       0       0   181CD    3039       0       0
   16666649                    17                    17             2.5745995E-04         1.0000000E+30            646789       
 NEXT SEEDS: ABD9B41      1B       0       0       0       0   181CD    3039       0       0
   16666650                    16                    16             2.5745996E-04         1.0000000E+30            646789       
 NEXT SEEDS: ABDA0BB      1B       0       0       0       0   181CD    3039       0       0
   16666651                    15                    15             2.5745995E-04         1.0000000E+30            646789       
 NEXT SEEDS: ABDA7B1      1B       0       0       0       0   181CD    3039       0       0
   16666652                    14                    14             2.5745996E-04         1.0000000E+30            646789       
 NEXT SEEDS: ABDA976      1B       0       0       0       0   181CD    3039       0       0
   16666653                    13                    13             2.5746009E-04         1.0000000E+30            646790       
 NEXT SEEDS: ABDE17A      1B       0       0       0       0   181CD    3039       0       0
   16666654                    12                    12             2.5746008E-04         1.0000000E+30            646790       
 NEXT SEEDS: ABDE632      1B       0       0       0       0   181CD    3039       0       0
   16666655                    11                    11             2.5746009E-04         1.0000000E+30            646790       
 NEXT SEEDS: ABDE842      1B       0       0       0       0   181CD    3039       0       0
   16666656                    10                    10             2.5746007E-04         1.0000000E+30            646790       
 NEXT SEEDS: ABDEEBF      1B       0       0       0       0   181CD    3039       0       0
   16666657                     9                     9             2.5746009E-04         1.0000000E+30            646790       
 NEXT SEEDS: ABDF52D      1B       0       0       0       0   181CD    3039       0       0
   16666658                     8                     8             2.5746010E-04         1.0000000E+30            646790       
 NEXT SEEDS: ABDFB24      1B       0       0       0       0   181CD    3039       0       0
   16666659                     7                     7             2.5746009E-04         1.0000000E+30            646790       
 NEXT SEEDS: ABE0079      1B       0       0       0       0   181CD    3039       0       0
   16666660                     6                     6             2.5746010E-04         1.0000000E+30            646790       
 NEXT SEEDS: ABE05AA      1B       0       0       0       0   181CD    3039       0       0
   16666661                     5                     5             2.5746009E-04         1.0000000E+30            646790       
 NEXT SEEDS: ABE08AE      1B       0       0       0       0   181CD    3039       0       0
   16666662                     4                     4             2.5746010E-04         1.0000000E+30            646790       
 NEXT SEEDS: ABE129E      1B       0       0       0       0   181CD    3039       0       0
   16666663                     3                     3             2.5746011E-04         1.0000000E+30            646790       
 NEXT SEEDS: ABE1DE9      1B       0       0       0       0   181CD    3039       0       0
   16666664                     2                     2             2.5746013E-04         1.0000000E+30            646790       
 NEXT SEEDS: ABE2437      1B       0       0       0       0   181CD    3039       0       0
   16666665                     1                     1             2.5746014E-04         1.0000000E+30            646790       
 NEXT SEEDS: ABE2AF5      1B       0       0       0       0   181CD    3039       0       0
   16666666                     0                     1             2.5746013E-04         1.0000000E+30            646790       
 NEXT SEEDS: ABE2E68      1B       0       0       0       0   181CD    3039       0       0
