1NUMBER OF BEAM       NUMBER OF BEAM        APPROXIMATE NUMBER    AVERAGE TIME USED     TIME LEFT (RESERVED   NUMBER OF STARS
 PARTICLES HANDLED    PARTICLES LEFT        OF BEAM PARTICLES     BY A BEAM PARTICLE     10000.0 SECONDS      CREATED
                                            THAT CAN STILL BE                           FOR PRINTOUT)
                                            HANDLED

 NEXT SEEDS:       0       0       0       0       0       0   181CD    3039       0       0
          1              49999999              49999999             1.8405914E-04         1.0000000E+30                 0       
 NEXT SEEDS:     27A       0       0       0       0       0   181CD    3039       0       0
    1000000              49000000              49000000             9.9849392E-05         1.0000000E+30             13691       
 NEXT SEEDS:24B6D451       0       0       0       0       0   181CD    3039       0       0
    2000000              48000000              48000000             9.9833475E-05         1.0000000E+30             27278       
 NEXT SEEDS: DDEE29B       1       0       0       0       0   181CD    3039       0       0
    3000000              47000000              47000000             9.9764095E-05         1.0000000E+30             40937       
 NEXT SEEDS:328D0DC8       1       0       0       0       0   181CD    3039       0       0
    4000000              46000000              46000000             9.9810735E-05         1.0000000E+30             54463       
 NEXT SEEDS:1BC2CAAE       2       0       0       0       0   181CD    3039       0       0
    5000000              45000000              45000000             9.9798509E-05         1.0000000E+30             68113       
 NEXT SEEDS: 4DAA622       3       0       0       0       0   181CD    3039       0       0
    6000000              44000000              44000000             9.9827503E-05         1.0000000E+30             81952       
 NEXT SEEDS:299A3B0E       3       0       0       0       0   181CD    3039       0       0
    7000000              43000000              43000000             9.9803212E-05         1.0000000E+30             95447       
 NEXT SEEDS:12AB3AFF       4       0       0       0       0   181CD    3039       0       0
    8000000              42000000              42000000             9.9806578E-05         1.0000000E+30            109214       
 NEXT SEEDS:377840CC       4       0       0       0       0   181CD    3039       0       0
 COUSET, TXYZ:  0.999999999961042     -0.143987562576753      0.989579497435800    
    9000000              41000000              41000000             9.9761941E-05         1.0000000E+30            122717       
 NEXT SEEDS:20822C3E       5       0       0       0       0   181CD    3039       0       0
   10000000              40000000              40000000             9.9760991E-05         1.0000000E+30            136192       
 NEXT SEEDS: 9949B29       6       0       0       0       0   181CD    3039       0       0
   11000000              39000000              39000000             9.9763726E-05         1.0000000E+30            149835       
 NEXT SEEDS:2E561902       6       0       0       0       0   181CD    3039       0       0
   12000000              38000000              38000000             9.9749969E-05         1.0000000E+30            163323       
 NEXT SEEDS:1769163C       7       0       0       0       0   181CD    3039       0       0
   13000000              37000000              37000000             9.9754121E-05         1.0000000E+30            177024       
 NEXT SEEDS:  88B628       8       0       0       0       0   181CD    3039       0       0
   14000000              36000000              36000000             9.9766322E-05         1.0000000E+30            190539       
 NEXT SEEDS:252C0C61       8       0       0       0       0   181CD    3039       0       0
   15000000              35000000              35000000             9.9745165E-05         1.0000000E+30            203954       
 NEXT SEEDS: E2DDFA1       9       0       0       0       0   181CD    3039       0       0
 COUSET, TXYZ:  0.999999999991610     -0.879063316302433      0.476705030301327    
   16000000              34000000              34000000             9.9735893E-05         1.0000000E+30            217555       
 NEXT SEEDS:32D5C7E2       9       0       0       0       0   181CD    3039       0       0
   17000000              33000000              33000000             9.9754229E-05         1.0000000E+30            231345       
 NEXT SEEDS:1C090984       A       0       0       0       0   181CD    3039       0       0
 COUSET, TXYZ:  0.999999999994669      0.807148829948374      0.590348004402750    
   18000000              32000000              32000000             9.9744954E-05         1.0000000E+30            244804       
 NEXT SEEDS: 50DC6F9       B       0       0       0       0   181CD    3039       0       0
   19000000              31000000              31000000             9.9747950E-05         1.0000000E+30            258349       
 NEXT SEEDS:29C676EF       B       0       0       0       0   181CD    3039       0       0
   20000000              30000000              30000000             9.9764282E-05         1.0000000E+30            272196       
 NEXT SEEDS:13089623       C       0       0       0       0   181CD    3039       0       0
   21000000              29000000              29000000             9.9757963E-05         1.0000000E+30            285735       
 NEXT SEEDS:37BB66C7       C       0       0       0       0   181CD    3039       0       0
   22000000              28000000              28000000             9.9746504E-05         1.0000000E+30            299241       
 NEXT SEEDS:20BEE6BC       D       0       0       0       0   181CD    3039       0       0
   23000000              27000000              27000000             9.9746773E-05         1.0000000E+30            312821       
 NEXT SEEDS: 9DFB17B       E       0       0       0       0   181CD    3039       0       0
   24000000              26000000              26000000             9.9752268E-05         1.0000000E+30            326636       
 NEXT SEEDS:2EA573EA       E       0       0       0       0   181CD    3039       0       0
   25000000              25000000              25000000             9.9756455E-05         1.0000000E+30            340228       
 NEXT SEEDS:17CAAFE8       F       0       0       0       0   181CD    3039       0       0
   26000000              24000000              24000000             9.9753108E-05         1.0000000E+30            353749       
 NEXT SEEDS:  E16C97      10       0       0       0       0   181CD    3039       0       0
   27000000              23000000              23000000             9.9752251E-05         1.0000000E+30            367392       
 NEXT SEEDS:25949720      10       0       0       0       0   181CD    3039       0       0
   28000000              22000000              22000000             9.9749415E-05         1.0000000E+30            381141       
 NEXT SEEDS: EB43B67      11       0       0       0       0   181CD    3039       0       0
   29000000              21000000              21000000             9.9743551E-05         1.0000000E+30            394574       
 NEXT SEEDS:3354D1D4      11       0       0       0       0   181CD    3039       0       0
   30000000              20000000              20000000             9.9724544E-05         1.0000000E+30            408016       
 NEXT SEEDS:1C4F234F      12       0       0       0       0   181CD    3039       0       0
   31000000              19000000              19000000             9.9736407E-05         1.0000000E+30            421924       
 NEXT SEEDS: 57F18FD      13       0       0       0       0   181CD    3039       0       0
   32000000              18000000              18000000             9.9735931E-05         1.0000000E+30            435353       
 NEXT SEEDS:2A259E21      13       0       0       0       0   181CD    3039       0       0
   33000000              17000000              17000000             9.9734648E-05         1.0000000E+30            449027       
 NEXT SEEDS:134881F1      14       0       0       0       0   181CD    3039       0       0
   34000000              16000000              16000000             9.9731409E-05         1.0000000E+30            462512       
 NEXT SEEDS:37F68C9F      14       0       0       0       0   181CD    3039       0       0
   35000000              15000000              15000000             9.9732638E-05         1.0000000E+30            476065       
 NEXT SEEDS:211B2861      15       0       0       0       0   181CD    3039       0       0
   36000000              14000000              14000000             9.9737718E-05         1.0000000E+30            489802       
 NEXT SEEDS: A405BEB      16       0       0       0       0   181CD    3039       0       0
   37000000              13000000              13000000             9.9740637E-05         1.0000000E+30            503523       
 NEXT SEEDS:2EFFF127      16       0       0       0       0   181CD    3039       0       0
   38000000              12000000              12000000             9.9747243E-05         1.0000000E+30            517411       
 NEXT SEEDS:183BBDE7      17       0       0       0       0   181CD    3039       0       0
   39000000              11000000              11000000             9.9745774E-05         1.0000000E+30            531069       
 NEXT SEEDS: 158CAAB      18       0       0       0       0   181CD    3039       0       0
   40000000              10000000              10000000             9.9745221E-05         1.0000000E+30            544706       
 NEXT SEEDS:26069AE7      18       0       0       0       0   181CD    3039       0       0
   41000000               9000000               9000000             9.9742652E-05         1.0000000E+30            558318       
 NEXT SEEDS: F207023      19       0       0       0       0   181CD    3039       0       0
   42000000               8000000               8000000             9.9742019E-05         1.0000000E+30            572040       
 NEXT SEEDS:33D696C8      19       0       0       0       0   181CD    3039       0       0
   43000000               7000000               7000000             9.9748154E-05         1.0000000E+30            585698       
 NEXT SEEDS:1D0A00F0      1A       0       0       0       0   181CD    3039       0       0
   44000000               6000000               6000000             9.9745999E-05         1.0000000E+30            599265       
 NEXT SEEDS: 6241107      1B       0       0       0       0   181CD    3039       0       0
   45000000               5000000               5000000             9.9746142E-05         1.0000000E+30            612937       
 NEXT SEEDS:2AD8D8AE      1B       0       0       0       0   181CD    3039       0       0
 COUSET, TXYZ:  0.999999999971452      0.500105790721908      0.865964316833736    
   46000000               4000000               4000000             9.9743350E-05         1.0000000E+30            626663       
 NEXT SEEDS:13F1A267      1C       0       0       0       0   181CD    3039       0       0
   47000000               3000000               3000000             9.9741216E-05         1.0000000E+30            640392       
 NEXT SEEDS:38B10E9B      1C       0       0       0       0   181CD    3039       0       0
   48000000               2000000               2000000             9.9746261E-05         1.0000000E+30            654042       
 NEXT SEEDS:21D63959      1D       0       0       0       0   181CD    3039       0       0
   49000000               1000000               1000000             9.9745491E-05         1.0000000E+30            667499       
 NEXT SEEDS: ADFE1F6      1E       0       0       0       0   181CD    3039       0       0
   49999950                    50                    50             9.9751647E-05         1.0000000E+30            681132       
 NEXT SEEDS:2FA1021F      1E       0       0       0       0   181CD    3039       0       0
   49999951                    49                    49             9.9751645E-05         1.0000000E+30            681132       
 NEXT SEEDS:2FA103D8      1E       0       0       0       0   181CD    3039       0       0
   49999952                    48                    48             9.9751643E-05         1.0000000E+30            681132       
 NEXT SEEDS:2FA1050D      1E       0       0       0       0   181CD    3039       0       0
   49999953                    47                    47             9.9751641E-05         1.0000000E+30            681132       
 NEXT SEEDS:2FA107FF      1E       0       0       0       0   181CD    3039       0       0
   49999954                    46                    46             9.9751639E-05         1.0000000E+30            681132       
 NEXT SEEDS:2FA1092B      1E       0       0       0       0   181CD    3039       0       0
   49999955                    45                    45             9.9751637E-05         1.0000000E+30            681132       
 NEXT SEEDS:2FA109FE      1E       0       0       0       0   181CD    3039       0       0
   49999956                    44                    44             9.9751635E-05         1.0000000E+30            681132       
 NEXT SEEDS:2FA10AF5      1E       0       0       0       0   181CD    3039       0       0
   49999957                    43                    43             9.9751633E-05         1.0000000E+30            681132       
 NEXT SEEDS:2FA10C73      1E       0       0       0       0   181CD    3039       0       0
   49999958                    42                    42             9.9751631E-05         1.0000000E+30            681132       
 NEXT SEEDS:2FA10F0A      1E       0       0       0       0   181CD    3039       0       0
   49999959                    41                    41             9.9751629E-05         1.0000000E+30            681132       
 NEXT SEEDS:2FA11343      1E       0       0       0       0   181CD    3039       0       0
   49999960                    40                    40             9.9751627E-05         1.0000000E+30            681132       
 NEXT SEEDS:2FA1160F      1E       0       0       0       0   181CD    3039       0       0
   49999961                    39                    39             9.9751625E-05         1.0000000E+30            681133       
 NEXT SEEDS:2FA12291      1E       0       0       0       0   181CD    3039       0       0
   49999962                    38                    38             9.9751623E-05         1.0000000E+30            681133       
 NEXT SEEDS:2FA1254D      1E       0       0       0       0   181CD    3039       0       0
   49999963                    37                    37             9.9751621E-05         1.0000000E+30            681133       
 NEXT SEEDS:2FA1278D      1E       0       0       0       0   181CD    3039       0       0
   49999964                    36                    36             9.9751619E-05         1.0000000E+30            681133       
 NEXT SEEDS:2FA12C31      1E       0       0       0       0   181CD    3039       0       0
   49999965                    35                    35             9.9751617E-05         1.0000000E+30            681133       
 NEXT SEEDS:2FA12CE1      1E       0       0       0       0   181CD    3039       0       0
   49999966                    34                    34             9.9751615E-05         1.0000000E+30            681133       
 NEXT SEEDS:2FA12F5D      1E       0       0       0       0   181CD    3039       0       0
   49999967                    33                    33             9.9751613E-05         1.0000000E+30            681133       
 NEXT SEEDS:2FA133E0      1E       0       0       0       0   181CD    3039       0       0
   49999968                    32                    32             9.9751611E-05         1.0000000E+30            681133       
 NEXT SEEDS:2FA134FD      1E       0       0       0       0   181CD    3039       0       0
   49999969                    31                    31             9.9751609E-05         1.0000000E+30            681133       
 NEXT SEEDS:2FA135EB      1E       0       0       0       0   181CD    3039       0       0
   49999970                    30                    30             9.9751607E-05         1.0000000E+30            681133       
 NEXT SEEDS:2FA138D9      1E       0       0       0       0   181CD    3039       0       0
   49999971                    29                    29             9.9751615E-05         1.0000000E+30            681133       
 NEXT SEEDS:2FA13A3E      1E       0       0       0       0   181CD    3039       0       0
   49999972                    28                    28             9.9751613E-05         1.0000000E+30            681133       
 NEXT SEEDS:2FA13DBF      1E       0       0       0       0   181CD    3039       0       0
   49999973                    27                    27             9.9751611E-05         1.0000000E+30            681133       
 NEXT SEEDS:2FA13EE4      1E       0       0       0       0   181CD    3039       0       0
   49999974                    26                    26             9.9751619E-05         1.0000000E+30            681133       
 NEXT SEEDS:2FA1402A      1E       0       0       0       0   181CD    3039       0       0
   49999975                    25                    25             9.9751617E-05         1.0000000E+30            681133       
 NEXT SEEDS:2FA1432B      1E       0       0       0       0   181CD    3039       0       0
   49999976                    24                    24             9.9751625E-05         1.0000000E+30            681133       
 NEXT SEEDS:2FA1476C      1E       0       0       0       0   181CD    3039       0       0
   49999977                    23                    23             9.9751623E-05         1.0000000E+30            681133       
 NEXT SEEDS:2FA14845      1E       0       0       0       0   181CD    3039       0       0
   49999978                    22                    22             9.9751621E-05         1.0000000E+30            681133       
 NEXT SEEDS:2FA149E3      1E       0       0       0       0   181CD    3039       0       0
   49999979                    21                    21             9.9751629E-05         1.0000000E+30            681133       
 NEXT SEEDS:2FA14CBD      1E       0       0       0       0   181CD    3039       0       0
   49999980                    20                    20             9.9751627E-05         1.0000000E+30            681133       
 NEXT SEEDS:2FA14FF3      1E       0       0       0       0   181CD    3039       0       0
   49999981                    19                    19             9.9751625E-05         1.0000000E+30            681133       
 NEXT SEEDS:2FA15217      1E       0       0       0       0   181CD    3039       0       0
   49999982                    18                    18             9.9751632E-05         1.0000000E+30            681133       
 NEXT SEEDS:2FA152D5      1E       0       0       0       0   181CD    3039       0       0
   49999983                    17                    17             9.9751630E-05         1.0000000E+30            681133       
 NEXT SEEDS:2FA156AF      1E       0       0       0       0   181CD    3039       0       0
   49999984                    16                    16             9.9751648E-05         1.0000000E+30            681134       
 NEXT SEEDS:2FA165B5      1E       0       0       0       0   181CD    3039       0       0
   49999985                    15                    15             9.9751646E-05         1.0000000E+30            681134       
 NEXT SEEDS:2FA168FF      1E       0       0       0       0   181CD    3039       0       0
   49999986                    14                    14             9.9751654E-05         1.0000000E+30            681134       
 NEXT SEEDS:2FA16A43      1E       0       0       0       0   181CD    3039       0       0
   49999987                    13                    13             9.9751652E-05         1.0000000E+30            681134       
 NEXT SEEDS:2FA16BD9      1E       0       0       0       0   181CD    3039       0       0
   49999988                    12                    12             9.9751650E-05         1.0000000E+30            681134       
 NEXT SEEDS:2FA16E94      1E       0       0       0       0   181CD    3039       0       0
   49999989                    11                    11             9.9751657E-05         1.0000000E+30            681134       
 NEXT SEEDS:2FA17151      1E       0       0       0       0   181CD    3039       0       0
   49999990                    10                    10             9.9751655E-05         1.0000000E+30            681134       
 NEXT SEEDS:2FA17201      1E       0       0       0       0   181CD    3039       0       0
   49999991                     9                     9             9.9751653E-05         1.0000000E+30            681134       
 NEXT SEEDS:2FA17451      1E       0       0       0       0   181CD    3039       0       0
   49999992                     8                     8             9.9751661E-05         1.0000000E+30            681134       
 NEXT SEEDS:2FA17688      1E       0       0       0       0   181CD    3039       0       0
   49999993                     7                     7             9.9751659E-05         1.0000000E+30            681134       
 NEXT SEEDS:2FA17864      1E       0       0       0       0   181CD    3039       0       0
   49999994                     6                     6             9.9751667E-05         1.0000000E+30            681134       
 NEXT SEEDS:2FA17B72      1E       0       0       0       0   181CD    3039       0       0
   49999995                     5                     5             9.9751665E-05         1.0000000E+30            681134       
 NEXT SEEDS:2FA17CB8      1E       0       0       0       0   181CD    3039       0       0
   49999996                     4                     4             9.9751663E-05         1.0000000E+30            681134       
 NEXT SEEDS:2FA17F40      1E       0       0       0       0   181CD    3039       0       0
   49999997                     3                     3             9.9751671E-05         1.0000000E+30            681134       
 NEXT SEEDS:2FA18094      1E       0       0       0       0   181CD    3039       0       0
   49999998                     2                     2             9.9751669E-05         1.0000000E+30            681134       
 NEXT SEEDS:2FA1822E      1E       0       0       0       0   181CD    3039       0       0
   49999999                     1                     1             9.9751667E-05         1.0000000E+30            681134       
 NEXT SEEDS:2FA1846A      1E       0       0       0       0   181CD    3039       0       0
   50000000                     0                     1             9.9751694E-05         1.0000000E+30            681135       
 NEXT SEEDS:2FA1A8CB      1E       0       0       0       0   181CD    3039       0       0
