1NUMBER OF BEAM       NUMBER OF BEAM        APPROXIMATE NUMBER    AVERAGE TIME USED     TIME LEFT (RESERVED   NUMBER OF STARS
 PARTICLES HANDLED    PARTICLES LEFT        OF BEAM PARTICLES     BY A BEAM PARTICLE     10000.0 SECONDS      CREATED
                                            THAT CAN STILL BE                           FOR PRINTOUT)
                                            HANDLED

 NEXT SEEDS:       0       0       0       0       0       0   181CD    3039       0       0
          1               9999999               9999999             1.8596649E-04         1.0000000E+30                 0       
 NEXT SEEDS:     13C       0       0       0       0       0   181CD    3039       0       0
     200000               9800000               9800000             1.2528769E-04         1.0000000E+30              2426       
 NEXT SEEDS: 75F9182       0       0       0       0       0   181CD    3039       0       0
     400000               9600000               9600000             1.2523302E-04         1.0000000E+30              4957       
 NEXT SEEDS: ECFD936       0       0       0       0       0   181CD    3039       0       0
     600000               9400000               9400000             1.2977103E-04         1.0000000E+30              7442       
 NEXT SEEDS:163DF1ED       0       0       0       0       0   181CD    3039       0       0
     800000               9200000               9200000             1.2937422E-04         1.0000000E+30             10002       
 NEXT SEEDS:1DAFE4AC       0       0       0       0       0   181CD    3039       0       0
    1000000               9000000               9000000             1.2853876E-04         1.0000000E+30             12568       
 NEXT SEEDS:25217AF5       0       0       0       0       0   181CD    3039       0       0
    1200000               8800000               8800000             1.2862675E-04         1.0000000E+30             15164       
 NEXT SEEDS:2C9D373B       0       0       0       0       0   181CD    3039       0       0
    1400000               8600000               8600000             1.2995829E-04         1.0000000E+30             17712       
 NEXT SEEDS:340E2DE9       0       0       0       0       0   181CD    3039       0       0
    1600000               8400000               8400000             1.2935769E-04         1.0000000E+30             20199       
 NEXT SEEDS:3B7BA8F5       0       0       0       0       0   181CD    3039       0       0
    1800000               8200000               8200000             1.2885458E-04         1.0000000E+30             22659       
 NEXT SEEDS: 745924F       1       0       0       0       0   181CD    3039       0       0
    2000000               8000000               8000000             1.3006375E-04         1.0000000E+30             25174       
 NEXT SEEDS: EB29D9A       1       0       0       0       0   181CD    3039       0       0
    2200000               7800000               7800000             1.2958921E-04         1.0000000E+30             27656       
 NEXT SEEDS:1624DDF0       1       0       0       0       0   181CD    3039       0       0
    2400000               7600000               7600000             1.2920546E-04         1.0000000E+30             30211       
 NEXT SEEDS:1D92FA51       1       0       0       0       0   181CD    3039       0       0
    2600000               7400000               7400000             1.2899671E-04         1.0000000E+30             32709       
 NEXT SEEDS:24FCEBDC       1       0       0       0       0   181CD    3039       0       0
    2800000               7200000               7200000             1.2979750E-04         1.0000000E+30             35184       
 NEXT SEEDS:2C77D721       1       0       0       0       0   181CD    3039       0       0
    3000000               7000000               7000000             1.2952487E-04         1.0000000E+30             37739       
 NEXT SEEDS:33EFF98C       1       0       0       0       0   181CD    3039       0       0
    3200000               6800000               6800000             1.2925994E-04         1.0000000E+30             40227       
 NEXT SEEDS:3B5D67A6       1       0       0       0       0   181CD    3039       0       0
    3400000               6600000               6600000             1.2994747E-04         1.0000000E+30             42711       
 NEXT SEEDS: 72A41FE       2       0       0       0       0   181CD    3039       0       0
    3600000               6400000               6400000             1.2967526E-04         1.0000000E+30             45255       
 NEXT SEEDS: E9AA55C       2       0       0       0       0   181CD    3039       0       0
    3800000               6200000               6200000             1.2947022E-04         1.0000000E+30             47794       
 NEXT SEEDS:161EBCA6       2       0       0       0       0   181CD    3039       0       0
    4000000               6000000               6000000             1.2978774E-04         1.0000000E+30             50336       
 NEXT SEEDS:1D976063       2       0       0       0       0   181CD    3039       0       0
    4200000               5800000               5800000             1.2988074E-04         1.0000000E+30             52882       
 NEXT SEEDS:250A3868       2       0       0       0       0   181CD    3039       0       0
    4400000               5600000               5600000             1.2970177E-04         1.0000000E+30             55437       
 NEXT SEEDS:2C8107CB       2       0       0       0       0   181CD    3039       0       0
    4600000               5400000               5400000             1.2965984E-04         1.0000000E+30             57969       
 NEXT SEEDS:340532B3       2       0       0       0       0   181CD    3039       0       0
    4800000               5200000               5200000             1.3001103E-04         1.0000000E+30             60437       
 NEXT SEEDS:3B723488       2       0       0       0       0   181CD    3039       0       0
    5000000               5000000               5000000             1.2983577E-04         1.0000000E+30             62899       
 NEXT SEEDS: 743E180       3       0       0       0       0   181CD    3039       0       0
    5200000               4800000               4800000             1.2966369E-04         1.0000000E+30             65437       
 NEXT SEEDS: EB62B6B       3       0       0       0       0   181CD    3039       0       0
    5400000               4600000               4600000             1.3009607E-04         1.0000000E+30             67905       
 NEXT SEEDS:1628E7ED       3       0       0       0       0   181CD    3039       0       0
    5600000               4400000               4400000             1.2993588E-04         1.0000000E+30             70381       
 NEXT SEEDS:1DABF0C2       3       0       0       0       0   181CD    3039       0       0
    5800000               4200000               4200000             1.2980381E-04         1.0000000E+30             72954       
 NEXT SEEDS:2525A441       3       0       0       0       0   181CD    3039       0       0
    6000000               4000000               4000000             1.3016053E-04         1.0000000E+30             75458       
 NEXT SEEDS:2C9B82CF       3       0       0       0       0   181CD    3039       0       0
    6200000               3800000               3800000             1.2999184E-04         1.0000000E+30             77928       
 NEXT SEEDS:34010309       3       0       0       0       0   181CD    3039       0       0
    6400000               3600000               3600000             1.2984245E-04         1.0000000E+30             80394       
 NEXT SEEDS:3B78FA4E       3       0       0       0       0   181CD    3039       0       0
    6600000               3400000               3400000             1.2984798E-04         1.0000000E+30             82937       
 NEXT SEEDS: 75074EF       4       0       0       0       0   181CD    3039       0       0
    6800000               3200000               3200000             1.3005630E-04         1.0000000E+30             85457       
 NEXT SEEDS: ECB04E4       4       0       0       0       0   181CD    3039       0       0
    7000000               3000000               3000000             1.2990771E-04         1.0000000E+30             87966       
 NEXT SEEDS:1637C57F       4       0       0       0       0   181CD    3039       0       0
    7200000               2800000               2800000             1.2978886E-04         1.0000000E+30             90515       
 NEXT SEEDS:1DAD6F7C       4       0       0       0       0   181CD    3039       0       0
    7400000               2600000               2600000             1.3009016E-04         1.0000000E+30             93067       
 NEXT SEEDS:25179B5C       4       0       0       0       0   181CD    3039       0       0
 COUSET, TXYZ:   1.00000000002409     -0.966872522470964      0.255259721340462    
    7600000               2400000               2400000             1.2995499E-04         1.0000000E+30             95592       
 NEXT SEEDS:2C881BDB       4       0       0       0       0   181CD    3039       0       0
    7800000               2200000               2200000             1.2982960E-04         1.0000000E+30             98077       
 NEXT SEEDS:34027BEE       4       0       0       0       0   181CD    3039       0       0
    8000000               2000000               2000000             1.2996550E-04         1.0000000E+30            100615       
 NEXT SEEDS:3B787778       4       0       0       0       0   181CD    3039       0       0
    8200000               1800000               1800000             1.2999588E-04         1.0000000E+30            103202       
 NEXT SEEDS: 753B5BF       5       0       0       0       0   181CD    3039       0       0
    8400000               1600000               1600000             1.2987356E-04         1.0000000E+30            105705       
 NEXT SEEDS: EBDF077       5       0       0       0       0   181CD    3039       0       0
    8600000               1400000               1400000             1.2976269E-04         1.0000000E+30            108224       
 NEXT SEEDS:162A8203       5       0       0       0       0   181CD    3039       0       0
    8800000               1200000               1200000             1.3002504E-04         1.0000000E+30            110771       
 NEXT SEEDS:1D98B884       5       0       0       0       0   181CD    3039       0       0
    9000000               1000000               1000000             1.2990537E-04         1.0000000E+30            113194       
 NEXT SEEDS:24F66E86       5       0       0       0       0   181CD    3039       0       0
    9200000                800000                800000             1.2978564E-04         1.0000000E+30            115643       
 NEXT SEEDS:2C6087B5       5       0       0       0       0   181CD    3039       0       0
    9400000                600000                600000             1.2990017E-04         1.0000000E+30            118184       
 NEXT SEEDS:33DC4D45       5       0       0       0       0   181CD    3039       0       0
    9600000                400000                400000             1.2992255E-04         1.0000000E+30            120662       
 NEXT SEEDS:3B4ABB29       5       0       0       0       0   181CD    3039       0       0
    9800000                200000                200000             1.2982599E-04         1.0000000E+30            123162       
 NEXT SEEDS: 7197157       6       0       0       0       0   181CD    3039       0       0
    9999950                    50                    50             1.2973265E-04         1.0000000E+30            125673       
 NEXT SEEDS: E81BF63       6       0       0       0       0   181CD    3039       0       0
    9999951                    49                    49             1.2973267E-04         1.0000000E+30            125673       
 NEXT SEEDS: E81C3C2       6       0       0       0       0   181CD    3039       0       0
    9999952                    48                    48             1.2973268E-04         1.0000000E+30            125673       
 NEXT SEEDS: E81C641       6       0       0       0       0   181CD    3039       0       0
    9999953                    47                    47             1.2973272E-04         1.0000000E+30            125673       
 NEXT SEEDS: E81CB54       6       0       0       0       0   181CD    3039       0       0
    9999954                    46                    46             1.2973273E-04         1.0000000E+30            125673       
 NEXT SEEDS: E81CC5C       6       0       0       0       0   181CD    3039       0       0
    9999955                    45                    45             1.2973274E-04         1.0000000E+30            125673       
 NEXT SEEDS: E81CEB8       6       0       0       0       0   181CD    3039       0       0
    9999956                    44                    44             1.2973276E-04         1.0000000E+30            125673       
 NEXT SEEDS: E81D266       6       0       0       0       0   181CD    3039       0       0
    9999957                    43                    43             1.2973278E-04         1.0000000E+30            125673       
 NEXT SEEDS: E81D4F7       6       0       0       0       0   181CD    3039       0       0
    9999958                    42                    42             1.2973279E-04         1.0000000E+30            125673       
 NEXT SEEDS: E81D66F       6       0       0       0       0   181CD    3039       0       0
    9999959                    41                    41             1.2973280E-04         1.0000000E+30            125673       
 NEXT SEEDS: E81D87D       6       0       0       0       0   181CD    3039       0       0
    9999960                    40                    40             1.2973282E-04         1.0000000E+30            125673       
 NEXT SEEDS: E81D9CF       6       0       0       0       0   181CD    3039       0       0
    9999961                    39                    39             1.2973282E-04         1.0000000E+30            125673       
 NEXT SEEDS: E81DA13       6       0       0       0       0   181CD    3039       0       0
    9999962                    38                    38             1.2973283E-04         1.0000000E+30            125673       
 NEXT SEEDS: E81DB77       6       0       0       0       0   181CD    3039       0       0
    9999963                    37                    37             1.2973284E-04         1.0000000E+30            125673       
 NEXT SEEDS: E81DF56       6       0       0       0       0   181CD    3039       0       0
    9999964                    36                    36             1.2973286E-04         1.0000000E+30            125673       
 NEXT SEEDS: E81E0B1       6       0       0       0       0   181CD    3039       0       0
    9999965                    35                    35             1.2973287E-04         1.0000000E+30            125673       
 NEXT SEEDS: E81E3C0       6       0       0       0       0   181CD    3039       0       0
    9999966                    34                    34             1.2973289E-04         1.0000000E+30            125673       
 NEXT SEEDS: E81E83B       6       0       0       0       0   181CD    3039       0       0
    9999967                    33                    33             1.2973291E-04         1.0000000E+30            125673       
 NEXT SEEDS: E81EAF8       6       0       0       0       0   181CD    3039       0       0
    9999968                    32                    32             1.2973293E-04         1.0000000E+30            125673       
 NEXT SEEDS: E81ED08       6       0       0       0       0   181CD    3039       0       0
    9999969                    31                    31             1.2973294E-04         1.0000000E+30            125673       
 NEXT SEEDS: E81EF07       6       0       0       0       0   181CD    3039       0       0
    9999970                    30                    30             1.2973295E-04         1.0000000E+30            125673       
 NEXT SEEDS: E81F27A       6       0       0       0       0   181CD    3039       0       0
    9999971                    29                    29             1.2973296E-04         1.0000000E+30            125673       
 NEXT SEEDS: E81F3C1       6       0       0       0       0   181CD    3039       0       0
    9999972                    28                    28             1.2973297E-04         1.0000000E+30            125673       
 NEXT SEEDS: E81F4B8       6       0       0       0       0   181CD    3039       0       0
    9999973                    27                    27             1.2973297E-04         1.0000000E+30            125673       
 NEXT SEEDS: E81F53F       6       0       0       0       0   181CD    3039       0       0
    9999974                    26                    26             1.2973298E-04         1.0000000E+30            125673       
 NEXT SEEDS: E81F671       6       0       0       0       0   181CD    3039       0       0
    9999975                    25                    25             1.2973301E-04         1.0000000E+30            125673       
 NEXT SEEDS: E81FB49       6       0       0       0       0   181CD    3039       0       0
    9999976                    24                    24             1.2973302E-04         1.0000000E+30            125673       
 NEXT SEEDS: E81FE5E       6       0       0       0       0   181CD    3039       0       0
    9999977                    23                    23             1.2973303E-04         1.0000000E+30            125673       
 NEXT SEEDS: E81FF04       6       0       0       0       0   181CD    3039       0       0
    9999978                    22                    22             1.2973303E-04         1.0000000E+30            125673       
 NEXT SEEDS: E81FFA2       6       0       0       0       0   181CD    3039       0       0
    9999979                    21                    21             1.2973304E-04         1.0000000E+30            125673       
 NEXT SEEDS: E820042       6       0       0       0       0   181CD    3039       0       0
    9999980                    20                    20             1.2973305E-04         1.0000000E+30            125673       
 NEXT SEEDS: E8204DC       6       0       0       0       0   181CD    3039       0       0
    9999981                    19                    19             1.2973306E-04         1.0000000E+30            125673       
 NEXT SEEDS: E820585       6       0       0       0       0   181CD    3039       0       0
    9999982                    18                    18             1.2973307E-04         1.0000000E+30            125673       
 NEXT SEEDS: E8207A2       6       0       0       0       0   181CD    3039       0       0
    9999983                    17                    17             1.2973309E-04         1.0000000E+30            125673       
 NEXT SEEDS: E820905       6       0       0       0       0   181CD    3039       0       0
    9999984                    16                    16             1.2973310E-04         1.0000000E+30            125673       
 NEXT SEEDS: E820C86       6       0       0       0       0   181CD    3039       0       0
    9999985                    15                    15             1.2973312E-04         1.0000000E+30            125673       
 NEXT SEEDS: E820FB7       6       0       0       0       0   181CD    3039       0       0
    9999986                    14                    14             1.2973313E-04         1.0000000E+30            125673       
 NEXT SEEDS: E82113C       6       0       0       0       0   181CD    3039       0       0
    9999987                    13                    13             1.2973314E-04         1.0000000E+30            125673       
 NEXT SEEDS: E82141D       6       0       0       0       0   181CD    3039       0       0
    9999988                    12                    12             1.2973315E-04         1.0000000E+30            125673       
 NEXT SEEDS: E8214EB       6       0       0       0       0   181CD    3039       0       0
    9999989                    11                    11             1.2973317E-04         1.0000000E+30            125673       
 NEXT SEEDS: E821605       6       0       0       0       0   181CD    3039       0       0
    9999990                    10                    10             1.2973318E-04         1.0000000E+30            125673       
 NEXT SEEDS: E821880       6       0       0       0       0   181CD    3039       0       0
    9999991                     9                     9             1.2973320E-04         1.0000000E+30            125673       
 NEXT SEEDS: E821A74       6       0       0       0       0   181CD    3039       0       0
    9999992                     8                     8             1.2973320E-04         1.0000000E+30            125673       
 NEXT SEEDS: E821BBB       6       0       0       0       0   181CD    3039       0       0
    9999993                     7                     7             1.2973322E-04         1.0000000E+30            125673       
 NEXT SEEDS: E821DFD       6       0       0       0       0   181CD    3039       0       0
    9999994                     6                     6             1.2973322E-04         1.0000000E+30            125673       
 NEXT SEEDS: E821E9E       6       0       0       0       0   181CD    3039       0       0
    9999995                     5                     5             1.2973322E-04         1.0000000E+30            125673       
 NEXT SEEDS: E821F38       6       0       0       0       0   181CD    3039       0       0
    9999996                     4                     4             1.2973323E-04         1.0000000E+30            125673       
 NEXT SEEDS: E82208A       6       0       0       0       0   181CD    3039       0       0
    9999997                     3                     3             1.2973325E-04         1.0000000E+30            125673       
 NEXT SEEDS: E8221FF       6       0       0       0       0   181CD    3039       0       0
    9999998                     2                     2             1.2973326E-04         1.0000000E+30            125673       
 NEXT SEEDS: E82239F       6       0       0       0       0   181CD    3039       0       0
    9999999                     1                     1             1.2973326E-04         1.0000000E+30            125673       
 NEXT SEEDS: E822492       6       0       0       0       0   181CD    3039       0       0
   10000000                     0                     1             1.2973327E-04         1.0000000E+30            125673       
 NEXT SEEDS: E822510       6       0       0       0       0   181CD    3039       0       0
