1NUMBER OF BEAM       NUMBER OF BEAM        APPROXIMATE NUMBER    AVERAGE TIME USED     TIME LEFT (RESERVED   NUMBER OF STARS
 PARTICLES HANDLED    PARTICLES LEFT        OF BEAM PARTICLES     BY A BEAM PARTICLE     10000.0 SECONDS      CREATED
                                            THAT CAN STILL BE                           FOR PRINTOUT)
                                            HANDLED

 NEXT SEEDS:       0       0       0       0       0       0   181CD    3039       0       0
          1              23999999              23999999             3.3712387E-04         1.0000000E+30                 0       
 NEXT SEEDS:     97F       0       0       0       0       0   181CD    3039       0       0
     400000              23600000              23600000             8.0856003E-04         1.0000000E+30              9323       
 NEXT SEEDS: 24854E0       1       0       0       0       0   181CD    3039       0       0
     800000              23200000              23200000             6.9193314E-04         1.0000000E+30             18692       
 NEXT SEEDS: 49707C5       2       0       0       0       0   181CD    3039       0       0
    1200000              22800000              22800000             6.4789276E-04         1.0000000E+30             28006       
 NEXT SEEDS: 6E074E8       3       0       0       0       0   181CD    3039       0       0
    1600000              22400000              22400000             6.2858212E-04         1.0000000E+30             37479       
 NEXT SEEDS: 93FF5CF       4       0       0       0       0   181CD    3039       0       0
    2000000              22000000              22000000             6.1664264E-04         1.0000000E+30             46592       
 NEXT SEEDS: B8D08E2       5       0       0       0       0   181CD    3039       0       0
    2400000              21600000              21600000             6.0980270E-04         1.0000000E+30             55753       
 NEXT SEEDS: DCFDA4A       6       0       0       0       0   181CD    3039       0       0
    2800000              21200000              21200000             6.0495993E-04         1.0000000E+30             65360       
 NEXT SEEDS:103BF729       7       0       0       0       0   181CD    3039       0       0
    3200000              20800000              20800000             6.0127815E-04         1.0000000E+30             74740       
 NEXT SEEDS:128E44F8       8       0       0       0       0   181CD    3039       0       0
    3600000              20400000              20400000             5.9931319E-04         1.0000000E+30             84199       
 NEXT SEEDS:14DB105D       9       0       0       0       0   181CD    3039       0       0
    4000000              20000000              20000000             5.9696652E-04         1.0000000E+30             93532       
 NEXT SEEDS:17359323       A       0       0       0       0   181CD    3039       0       0
    4400000              19600000              19600000             5.9570326E-04         1.0000000E+30            102679       
 NEXT SEEDS:19776530       B       0       0       0       0   181CD    3039       0       0
    4800000              19200000              19200000             5.9491636E-04         1.0000000E+30            111995       
 NEXT SEEDS:1BCAC243       C       0       0       0       0   181CD    3039       0       0
    5200000              18800000              18800000             5.9390961E-04         1.0000000E+30            121199       
 NEXT SEEDS:1E1D357A       D       0       0       0       0   181CD    3039       0       0
    5600000              18400000              18400000             5.9334436E-04         1.0000000E+30            130722       
 NEXT SEEDS:20863E1D       E       0       0       0       0   181CD    3039       0       0
    6000000              18000000              18000000             5.9267369E-04         1.0000000E+30            140099       
 NEXT SEEDS:22D60CB4       F       0       0       0       0   181CD    3039       0       0
    6400000              17600000              17600000             5.9221056E-04         1.0000000E+30            149411       
 NEXT SEEDS:2529740C      10       0       0       0       0   181CD    3039       0       0
    6800000              17200000              17200000             5.9618119E-04         1.0000000E+30            158698       
 NEXT SEEDS:2789856D      11       0       0       0       0   181CD    3039       0       0
    7200000              16800000              16800000             6.1522751E-04         1.0000000E+30            168081       
 NEXT SEEDS:29E0CB7E      12       0       0       0       0   181CD    3039       0       0
    7600000              16400000              16400000             6.1661452E-04         1.0000000E+30            177329       
 NEXT SEEDS:2C252A68      13       0       0       0       0   181CD    3039       0       0
    8000000              16000000              16000000             6.1533769E-04         1.0000000E+30            186683       
 NEXT SEEDS:2E741035      14       0       0       0       0   181CD    3039       0       0
    8400000              15600000              15600000             6.1346864E-04         1.0000000E+30            195969       
 NEXT SEEDS:30CA0B58      15       0       0       0       0   181CD    3039       0       0
    8800000              15200000              15200000             6.1247480E-04         1.0000000E+30            205378       
 NEXT SEEDS:333315A2      16       0       0       0       0   181CD    3039       0       0
    9200000              14800000              14800000             6.1086610E-04         1.0000000E+30            214818       
 NEXT SEEDS:358F8E94      17       0       0       0       0   181CD    3039       0       0
    9600000              14400000              14400000             6.0971973E-04         1.0000000E+30            224234       
 NEXT SEEDS:37DBA2AC      18       0       0       0       0   181CD    3039       0       0
   10000000              14000000              14000000             6.0867230E-04         1.0000000E+30            233540       
 NEXT SEEDS:3A2C1AFE      19       0       0       0       0   181CD    3039       0       0
   10400000              13600000              13600000             6.0780197E-04         1.0000000E+30            243032       
 NEXT SEEDS:  F79C93      1B       0       0       0       0   181CD    3039       0       0
   10800000              13200000              13200000             6.0720376E-04         1.0000000E+30            252359       
 NEXT SEEDS: 33CB6BB      1C       0       0       0       0   181CD    3039       0       0
   11200000              12800000              12800000             6.0636133E-04         1.0000000E+30            261607       
 NEXT SEEDS: 57F178F      1D       0       0       0       0   181CD    3039       0       0
   11600000              12400000              12400000             6.0566068E-04         1.0000000E+30            270956       
 NEXT SEEDS: 7CD87C2      1E       0       0       0       0   181CD    3039       0       0
   12000000              12000000              12000000             6.0511417E-04         1.0000000E+30            280006       
 NEXT SEEDS: A1E5383      1F       0       0       0       0   181CD    3039       0       0
   12400000              11600000              11600000             6.0467839E-04         1.0000000E+30            289233       
 NEXT SEEDS: C6F38E2      20       0       0       0       0   181CD    3039       0       0
   12800000              11200000              11200000             6.0425399E-04         1.0000000E+30            298587       
 NEXT SEEDS: EBEBF14      21       0       0       0       0   181CD    3039       0       0
   13200000              10800000              10800000             6.0387302E-04         1.0000000E+30            307927       
 NEXT SEEDS:11168AEF      22       0       0       0       0   181CD    3039       0       0
   13600000              10400000              10400000             6.0357180E-04         1.0000000E+30            317294       
 NEXT SEEDS:137170B2      23       0       0       0       0   181CD    3039       0       0
   14000000              10000000              10000000             6.0353930E-04         1.0000000E+30            326588       
 NEXT SEEDS:15C3687E      24       0       0       0       0   181CD    3039       0       0
   14400000               9600000               9600000             6.0357662E-04         1.0000000E+30            335836       
 NEXT SEEDS:181E9E9B      25       0       0       0       0   181CD    3039       0       0
   14800000               9200000               9200000             6.0353248E-04         1.0000000E+30            345095       
 NEXT SEEDS:1A5A8F48      26       0       0       0       0   181CD    3039       0       0
   15200000               8800000               8800000             6.0355561E-04         1.0000000E+30            354387       
 NEXT SEEDS:1CB0D144      27       0       0       0       0   181CD    3039       0       0
   15600000               8400000               8400000             6.0356729E-04         1.0000000E+30            363734       
 NEXT SEEDS:1EFF44E7      28       0       0       0       0   181CD    3039       0       0
   16000000               8000000               8000000             6.0357534E-04         1.0000000E+30            373067       
 NEXT SEEDS:2149C0DD      29       0       0       0       0   181CD    3039       0       0
   16400000               7600000               7600000             6.0390222E-04         1.0000000E+30            382315       
 NEXT SEEDS:23A4906E      2A       0       0       0       0   181CD    3039       0       0
   16800000               7200000               7200000             6.0417023E-04         1.0000000E+30            391743       
 NEXT SEEDS:25F6F959      2B       0       0       0       0   181CD    3039       0       0
   17200000               6800000               6800000             6.0444480E-04         1.0000000E+30            401134       
 NEXT SEEDS:284FFA71      2C       0       0       0       0   181CD    3039       0       0
   17600000               6400000               6400000             6.0469701E-04         1.0000000E+30            410592       
 NEXT SEEDS:2AA5F421      2D       0       0       0       0   181CD    3039       0       0
   18000000               6000000               6000000             6.0511650E-04         1.0000000E+30            419858       
 NEXT SEEDS:2CF3EA24      2E       0       0       0       0   181CD    3039       0       0
   18400000               5600000               5600000             6.0534001E-04         1.0000000E+30            429150       
 NEXT SEEDS:2F448F1F      2F       0       0       0       0   181CD    3039       0       0
   18800000               5200000               5200000             6.0563302E-04         1.0000000E+30            438435       
 NEXT SEEDS:319161A5      30       0       0       0       0   181CD    3039       0       0
 COUSET, TXYZ:  0.999999999990018     -0.895879751689005      0.444296601938032    
   19200000               4800000               4800000             6.0574190E-04         1.0000000E+30            447690       
 NEXT SEEDS:33F33915      31       0       0       0       0   181CD    3039       0       0
   19600000               4400000               4400000             6.0631225E-04         1.0000000E+30            456744       
 NEXT SEEDS:363CF2E7      32       0       0       0       0   181CD    3039       0       0
   20000000               4000000               4000000             6.0657609E-04         1.0000000E+30            465974       
 NEXT SEEDS:387BA666      33       0       0       0       0   181CD    3039       0       0
   20400000               3600000               3600000             6.0681642E-04         1.0000000E+30            475243       
 NEXT SEEDS:3AC0EEDC      34       0       0       0       0   181CD    3039       0       0
   20800000               3200000               3200000             6.0713761E-04         1.0000000E+30            484731       
 NEXT SEEDS: 1855D94      36       0       0       0       0   181CD    3039       0       0
   21200000               2800000               2800000             6.0744700E-04         1.0000000E+30            494185       
 NEXT SEEDS: 3E738CA      37       0       0       0       0   181CD    3039       0       0
   21600000               2400000               2400000             6.0786541E-04         1.0000000E+30            503460       
 NEXT SEEDS: 63BC1B3      38       0       0       0       0   181CD    3039       0       0
   22000000               2000000               2000000             6.0831087E-04         1.0000000E+30            512771       
 NEXT SEEDS: 88027DB      39       0       0       0       0   181CD    3039       0       0
   22400000               1600000               1600000             6.0862921E-04         1.0000000E+30            522071       
 NEXT SEEDS: AC85FE7      3A       0       0       0       0   181CD    3039       0       0
   22800000               1200000               1200000             6.0888832E-04         1.0000000E+30            531490       
 NEXT SEEDS: D17D22B      3B       0       0       0       0   181CD    3039       0       0
   23200000                800000                800000             6.0919418E-04         1.0000000E+30            540901       
 NEXT SEEDS: F7BDC56      3C       0       0       0       0   181CD    3039       0       0
   23600000                400000                400000             6.0951898E-04         1.0000000E+30            550335       
 NEXT SEEDS:11D6E64E      3D       0       0       0       0   181CD    3039       0       0
   23999950                    50                    50             6.0975267E-04         1.0000000E+30            559638       
 NEXT SEEDS:1420ACB4      3E       0       0       0       0   181CD    3039       0       0
   23999951                    49                    49             6.0975268E-04         1.0000000E+30            559638       
 NEXT SEEDS:1420B634      3E       0       0       0       0   181CD    3039       0       0
   23999952                    48                    48             6.0975266E-04         1.0000000E+30            559638       
 NEXT SEEDS:1420BFAE      3E       0       0       0       0   181CD    3039       0       0
   23999953                    47                    47             6.0975267E-04         1.0000000E+30            559638       
 NEXT SEEDS:1420C945      3E       0       0       0       0   181CD    3039       0       0
   23999954                    46                    46             6.0975265E-04         1.0000000E+30            559638       
 NEXT SEEDS:1420D2A5      3E       0       0       0       0   181CD    3039       0       0
   23999955                    45                    45             6.0975262E-04         1.0000000E+30            559638       
 NEXT SEEDS:1420DC74      3E       0       0       0       0   181CD    3039       0       0
   23999956                    44                    44             6.0975260E-04         1.0000000E+30            559639       
 NEXT SEEDS:1420ECFC      3E       0       0       0       0   181CD    3039       0       0
   23999957                    43                    43             6.0975257E-04         1.0000000E+30            559639       
 NEXT SEEDS:1420F69C      3E       0       0       0       0   181CD    3039       0       0
   23999958                    42                    42             6.0975255E-04         1.0000000E+30            559639       
 NEXT SEEDS:14210034      3E       0       0       0       0   181CD    3039       0       0
   23999959                    41                    41             6.0975252E-04         1.0000000E+30            559639       
 NEXT SEEDS:142109FB      3E       0       0       0       0   181CD    3039       0       0
   23999960                    40                    40             6.0975250E-04         1.0000000E+30            559639       
 NEXT SEEDS:142113A5      3E       0       0       0       0   181CD    3039       0       0
   23999961                    39                    39             6.0975247E-04         1.0000000E+30            559639       
 NEXT SEEDS:14211CF4      3E       0       0       0       0   181CD    3039       0       0
   23999962                    38                    38             6.0975245E-04         1.0000000E+30            559639       
 NEXT SEEDS:1421264F      3E       0       0       0       0   181CD    3039       0       0
   23999963                    37                    37             6.0975242E-04         1.0000000E+30            559639       
 NEXT SEEDS:14212FF2      3E       0       0       0       0   181CD    3039       0       0
   23999964                    36                    36             6.0975239E-04         1.0000000E+30            559639       
 NEXT SEEDS:1421395E      3E       0       0       0       0   181CD    3039       0       0
   23999965                    35                    35             6.0975241E-04         1.0000000E+30            559639       
 NEXT SEEDS:14214303      3E       0       0       0       0   181CD    3039       0       0
   23999966                    34                    34             6.0975238E-04         1.0000000E+30            559639       
 NEXT SEEDS:142152B1      3E       0       0       0       0   181CD    3039       0       0
   23999967                    33                    33             6.0975240E-04         1.0000000E+30            559639       
 NEXT SEEDS:14215C09      3E       0       0       0       0   181CD    3039       0       0
   23999968                    32                    32             6.0975237E-04         1.0000000E+30            559639       
 NEXT SEEDS:14216670      3E       0       0       0       0   181CD    3039       0       0
   23999969                    31                    31             6.0975235E-04         1.0000000E+30            559639       
 NEXT SEEDS:1421706F      3E       0       0       0       0   181CD    3039       0       0
   23999970                    30                    30             6.0975236E-04         1.0000000E+30            559639       
 NEXT SEEDS:14217A8C      3E       0       0       0       0   181CD    3039       0       0
   23999971                    29                    29             6.0975234E-04         1.0000000E+30            559639       
 NEXT SEEDS:1421836F      3E       0       0       0       0   181CD    3039       0       0
   23999972                    28                    28             6.0975235E-04         1.0000000E+30            559639       
 NEXT SEEDS:14218CF2      3E       0       0       0       0   181CD    3039       0       0
   23999973                    27                    27             6.0975233E-04         1.0000000E+30            559639       
 NEXT SEEDS:14219674      3E       0       0       0       0   181CD    3039       0       0
   23999974                    26                    26             6.0975230E-04         1.0000000E+30            559639       
 NEXT SEEDS:1421A099      3E       0       0       0       0   181CD    3039       0       0
   23999975                    25                    25             6.0975232E-04         1.0000000E+30            559639       
 NEXT SEEDS:1421AE87      3E       0       0       0       0   181CD    3039       0       0
   23999976                    24                    24             6.0975229E-04         1.0000000E+30            559639       
 NEXT SEEDS:1421B78E      3E       0       0       0       0   181CD    3039       0       0
   23999977                    23                    23             6.0975231E-04         1.0000000E+30            559639       
 NEXT SEEDS:1421C104      3E       0       0       0       0   181CD    3039       0       0
   23999978                    22                    22             6.0975228E-04         1.0000000E+30            559639       
 NEXT SEEDS:1421CABF      3E       0       0       0       0   181CD    3039       0       0
   23999979                    21                    21             6.0975226E-04         1.0000000E+30            559639       
 NEXT SEEDS:1421D3FF      3E       0       0       0       0   181CD    3039       0       0
   23999980                    20                    20             6.0975227E-04         1.0000000E+30            559639       
 NEXT SEEDS:1421DDB3      3E       0       0       0       0   181CD    3039       0       0
   23999981                    19                    19             6.0975225E-04         1.0000000E+30            559639       
 NEXT SEEDS:1421E71C      3E       0       0       0       0   181CD    3039       0       0
   23999982                    18                    18             6.0975226E-04         1.0000000E+30            559639       
 NEXT SEEDS:1421F13B      3E       0       0       0       0   181CD    3039       0       0
   23999983                    17                    17             6.0975224E-04         1.0000000E+30            559639       
 NEXT SEEDS:1421FAD8      3E       0       0       0       0   181CD    3039       0       0
   23999984                    16                    16             6.0975221E-04         1.0000000E+30            559639       
 NEXT SEEDS:14220421      3E       0       0       0       0   181CD    3039       0       0
   23999985                    15                    15             6.0975223E-04         1.0000000E+30            559639       
 NEXT SEEDS:14220D8B      3E       0       0       0       0   181CD    3039       0       0
   23999986                    14                    14             6.0975220E-04         1.0000000E+30            559639       
 NEXT SEEDS:1422174D      3E       0       0       0       0   181CD    3039       0       0
   23999987                    13                    13             6.0975218E-04         1.0000000E+30            559639       
 NEXT SEEDS:14222107      3E       0       0       0       0   181CD    3039       0       0
   23999988                    12                    12             6.0975219E-04         1.0000000E+30            559639       
 NEXT SEEDS:14222A84      3E       0       0       0       0   181CD    3039       0       0
   23999989                    11                    11             6.0975217E-04         1.0000000E+30            559639       
 NEXT SEEDS:14223444      3E       0       0       0       0   181CD    3039       0       0
   23999990                    10                    10             6.0975218E-04         1.0000000E+30            559639       
 NEXT SEEDS:14223E0F      3E       0       0       0       0   181CD    3039       0       0
   23999991                     9                     9             6.0975216E-04         1.0000000E+30            559639       
 NEXT SEEDS:142247EE      3E       0       0       0       0   181CD    3039       0       0
   23999992                     8                     8             6.0975213E-04         1.0000000E+30            559639       
 NEXT SEEDS:142250CE      3E       0       0       0       0   181CD    3039       0       0
   23999993                     7                     7             6.0975215E-04         1.0000000E+30            559639       
 NEXT SEEDS:14225EC5      3E       0       0       0       0   181CD    3039       0       0
   23999994                     6                     6             6.0975212E-04         1.0000000E+30            559639       
 NEXT SEEDS:14226863      3E       0       0       0       0   181CD    3039       0       0
   23999995                     5                     5             6.0975214E-04         1.0000000E+30            559639       
 NEXT SEEDS:14227308      3E       0       0       0       0   181CD    3039       0       0
   23999996                     4                     4             6.0975211E-04         1.0000000E+30            559639       
 NEXT SEEDS:14227D24      3E       0       0       0       0   181CD    3039       0       0
   23999997                     3                     3             6.0975209E-04         1.0000000E+30            559639       
 NEXT SEEDS:14228652      3E       0       0       0       0   181CD    3039       0       0
   23999998                     2                     2             6.0975210E-04         1.0000000E+30            559639       
 NEXT SEEDS:14228FEB      3E       0       0       0       0   181CD    3039       0       0
   23999999                     1                     1             6.0975208E-04         1.0000000E+30            559639       
 NEXT SEEDS:14229931      3E       0       0       0       0   181CD    3039       0       0
   24000000                     0                     1             6.0975209E-04         1.0000000E+30            559639       
 NEXT SEEDS:1422A3A0      3E       0       0       0       0   181CD    3039       0       0
