1NUMBER OF BEAM       NUMBER OF BEAM        APPROXIMATE NUMBER    AVERAGE TIME USED     TIME LEFT (RESERVED   NUMBER OF STARS
 PARTICLES HANDLED    PARTICLES LEFT        OF BEAM PARTICLES     BY A BEAM PARTICLE     10000.0 SECONDS      CREATED
                                            THAT CAN STILL BE                           FOR PRINTOUT)
                                            HANDLED

 NEXT SEEDS:       0       0       0       0       0       0   181CD    3039       0       0
          1              49999999              49999999             1.4781952E-04         1.0000000E+30                 0       
 NEXT SEEDS:      CA       0       0       0       0       0   181CD    3039       0       0
    1000000              49000000              49000000             1.9757832E-04         1.0000000E+30             12666       
 NEXT SEEDS:22F0E9B2       0       0       0       0       0   181CD    3039       0       0
    2000000              48000000              48000000             2.1382271E-04         1.0000000E+30             25275       
 NEXT SEEDS: A50DBFC       1       0       0       0       0   181CD    3039       0       0
    3000000              47000000              47000000             2.2187814E-04         1.0000000E+30             37829       
 NEXT SEEDS:2D40CBDC       1       0       0       0       0   181CD    3039       0       0
    4000000              46000000              46000000             2.2893792E-04         1.0000000E+30             50640       
 NEXT SEEDS:14B77C84       2       0       0       0       0   181CD    3039       0       0
    5000000              45000000              45000000             2.2379603E-04         1.0000000E+30             63362       
 NEXT SEEDS:37A80F78       2       0       0       0       0   181CD    3039       0       0
    6000000              44000000              44000000             2.2537262E-04         1.0000000E+30             75829       
 NEXT SEEDS:1EF5A25D       3       0       0       0       0   181CD    3039       0       0
    7000000              43000000              43000000             2.2241590E-04         1.0000000E+30             88649       
 NEXT SEEDS: 6475C77       4       0       0       0       0   181CD    3039       0       0
    8000000              42000000              42000000             2.2361599E-04         1.0000000E+30            101342       
 NEXT SEEDS:2956A0CC       4       0       0       0       0   181CD    3039       0       0
    9000000              41000000              41000000             2.2049283E-04         1.0000000E+30            113964       
 NEXT SEEDS:10ACFBA7       5       0       0       0       0   181CD    3039       0       0
   10000000              40000000              40000000             2.1866251E-04         1.0000000E+30            126603       
 NEXT SEEDS:33A019CF       5       0       0       0       0   181CD    3039       0       0
   11000000              39000000              39000000             2.2238724E-04         1.0000000E+30            139170       
 NEXT SEEDS:1AF69E88       6       0       0       0       0   181CD    3039       0       0
   12000000              38000000              38000000             2.1995011E-04         1.0000000E+30            151910       
 NEXT SEEDS: 24EE0B4       7       0       0       0       0   181CD    3039       0       0
 COUSET, TXYZ:  0.999999999992927      0.985017518754010     -0.172454306219205    
   13000000              37000000              37000000             2.1922286E-04         1.0000000E+30            164465       
 NEXT SEEDS:25390FF6       7       0       0       0       0   181CD    3039       0       0
   14000000              36000000              36000000             2.2106127E-04         1.0000000E+30            177341       
 NEXT SEEDS: C959BC3       8       0       0       0       0   181CD    3039       0       0
   15000000              35000000              35000000             2.2037592E-04         1.0000000E+30            190056       
 NEXT SEEDS:2F889AFE       8       0       0       0       0   181CD    3039       0       0
   16000000              34000000              34000000             2.2264811E-04         1.0000000E+30            202674       
 NEXT SEEDS:16DD7215       9       0       0       0       0   181CD    3039       0       0
   17000000              33000000              33000000             2.1996699E-04         1.0000000E+30            215424       
 NEXT SEEDS:39D3EE84       9       0       0       0       0   181CD    3039       0       0
   18000000              32000000              32000000             2.2060164E-04         1.0000000E+30            228049       
 NEXT SEEDS:21232288       A       0       0       0       0   181CD    3039       0       0
   19000000              31000000              31000000             2.2009119E-04         1.0000000E+30            240859       
 NEXT SEEDS: 87EEC6B       B       0       0       0       0   181CD    3039       0       0
   20000000              30000000              30000000             2.2076358E-04         1.0000000E+30            253531       
 NEXT SEEDS:2B843C96       B       0       0       0       0   181CD    3039       0       0
   21000000              29000000              29000000             2.2030604E-04         1.0000000E+30            266145       
 NEXT SEEDS:12EEF383       C       0       0       0       0   181CD    3039       0       0
   22000000              28000000              28000000             2.2058359E-04         1.0000000E+30            278857       
 NEXT SEEDS:35E9FDF0       C       0       0       0       0   181CD    3039       0       0
   23000000              27000000              27000000             2.2263263E-04         1.0000000E+30            291465       
 NEXT SEEDS:1D4E3288       D       0       0       0       0   181CD    3039       0       0
   24000000              26000000              26000000             2.2276581E-04         1.0000000E+30            304086       
 NEXT SEEDS: 4B174DD       E       0       0       0       0   181CD    3039       0       0
   25000000              25000000              25000000             2.2135858E-04         1.0000000E+30            316797       
 NEXT SEEDS:27A59F27       E       0       0       0       0   181CD    3039       0       0
 COUSET, TXYZ:   1.00000000000515     -0.257855928825607      0.966183378029131    
   26000000              24000000              24000000             2.1957539E-04         1.0000000E+30            329458       
 NEXT SEEDS: F2681AB       F       0       0       0       0   181CD    3039       0       0
   27000000              23000000              23000000             2.1923293E-04         1.0000000E+30            342161       
 NEXT SEEDS:3214ABA4       F       0       0       0       0   181CD    3039       0       0
   28000000              22000000              22000000             2.1830970E-04         1.0000000E+30            354720       
 NEXT SEEDS:1960FD9D      10       0       0       0       0   181CD    3039       0       0
   29000000              21000000              21000000             2.1869570E-04         1.0000000E+30            367474       
 NEXT SEEDS:  C3CDE5      11       0       0       0       0   181CD    3039       0       0
   30000000              20000000              20000000             2.1960004E-04         1.0000000E+30            379977       
 NEXT SEEDS:23ABDCB8      11       0       0       0       0   181CD    3039       0       0
   31000000              19000000              19000000             2.1936073E-04         1.0000000E+30            392559       
 NEXT SEEDS: B27C7D2      12       0       0       0       0   181CD    3039       0       0
   32000000              18000000              18000000             2.2006975E-04         1.0000000E+30            405137       
 NEXT SEEDS:2E23BB4A      12       0       0       0       0   181CD    3039       0       0
   33000000              17000000              17000000             2.2037967E-04         1.0000000E+30            417523       
 NEXT SEEDS:157099AA      13       0       0       0       0   181CD    3039       0       0
   34000000              16000000              16000000             2.2074628E-04         1.0000000E+30            430098       
 NEXT SEEDS:3857FA42      13       0       0       0       0   181CD    3039       0       0
   35000000              15000000              15000000             2.2115423E-04         1.0000000E+30            442725       
 NEXT SEEDS:1FD3293C      14       0       0       0       0   181CD    3039       0       0
   36000000              14000000              14000000             2.1985633E-04         1.0000000E+30            455220       
 NEXT SEEDS: 720B63B      15       0       0       0       0   181CD    3039       0       0
   37000000              13000000              13000000             2.1983135E-04         1.0000000E+30            467948       
 NEXT SEEDS:2A1C275B      15       0       0       0       0   181CD    3039       0       0
   38000000              12000000              12000000             2.1932623E-04         1.0000000E+30            480605       
 NEXT SEEDS:11827F20      16       0       0       0       0   181CD    3039       0       0
   39000000              11000000              11000000             2.1972311E-04         1.0000000E+30            493223       
 NEXT SEEDS:34717752      16       0       0       0       0   181CD    3039       0       0
   40000000              10000000              10000000             2.2029861E-04         1.0000000E+30            505727       
 NEXT SEEDS:1BC0A117      17       0       0       0       0   181CD    3039       0       0
   41000000               9000000               9000000             2.2108820E-04         1.0000000E+30            518403       
 NEXT SEEDS: 312CB5F      18       0       0       0       0   181CD    3039       0       0
   42000000               8000000               8000000             2.2176865E-04         1.0000000E+30            531157       
 NEXT SEEDS:2605D8B2      18       0       0       0       0   181CD    3039       0       0
   43000000               7000000               7000000             2.2125382E-04         1.0000000E+30            543907       
 NEXT SEEDS: D5192D0      19       0       0       0       0   181CD    3039       0       0
   44000000               6000000               6000000             2.2228230E-04         1.0000000E+30            556675       
 NEXT SEEDS:304FC53E      19       0       0       0       0   181CD    3039       0       0
   45000000               5000000               5000000             2.2247735E-04         1.0000000E+30            569458       
 NEXT SEEDS:17CDE9AD      1A       0       0       0       0   181CD    3039       0       0
   46000000               4000000               4000000             2.2240254E-04         1.0000000E+30            582128       
 NEXT SEEDS:3ACDB9F9      1A       0       0       0       0   181CD    3039       0       0
   47000000               3000000               3000000             2.2221456E-04         1.0000000E+30            594754       
 NEXT SEEDS:22374038      1B       0       0       0       0   181CD    3039       0       0
   48000000               2000000               2000000             2.2175340E-04         1.0000000E+30            607529       
 NEXT SEEDS: 9AA8697      1C       0       0       0       0   181CD    3039       0       0
   49000000               1000000               1000000             2.2099711E-04         1.0000000E+30            620226       
 NEXT SEEDS:2CA5434C      1C       0       0       0       0   181CD    3039       0       0
   49999950                    50                    50             2.2058720E-04         1.0000000E+30            632928       
 NEXT SEEDS:13FAE8E8      1D       0       0       0       0   181CD    3039       0       0
   49999951                    49                    49             2.2058719E-04         1.0000000E+30            632928       
 NEXT SEEDS:13FAEFBE      1D       0       0       0       0   181CD    3039       0       0
   49999952                    48                    48             2.2058721E-04         1.0000000E+30            632928       
 NEXT SEEDS:13FAF039      1D       0       0       0       0   181CD    3039       0       0
   49999953                    47                    47             2.2058720E-04         1.0000000E+30            632928       
 NEXT SEEDS:13FAF170      1D       0       0       0       0   181CD    3039       0       0
   49999954                    46                    46             2.2058720E-04         1.0000000E+30            632928       
 NEXT SEEDS:13FAF5B6      1D       0       0       0       0   181CD    3039       0       0
   49999955                    45                    45             2.2058719E-04         1.0000000E+30            632928       
 NEXT SEEDS:13FAF64E      1D       0       0       0       0   181CD    3039       0       0
   49999956                    44                    44             2.2058721E-04         1.0000000E+30            632928       
 NEXT SEEDS:13FAF6BE      1D       0       0       0       0   181CD    3039       0       0
   49999957                    43                    43             2.2058720E-04         1.0000000E+30            632928       
 NEXT SEEDS:13FAF937      1D       0       0       0       0   181CD    3039       0       0
   49999958                    42                    42             2.2058720E-04         1.0000000E+30            632928       
 NEXT SEEDS:13FAF9FE      1D       0       0       0       0   181CD    3039       0       0
   49999959                    41                    41             2.2058720E-04         1.0000000E+30            632928       
 NEXT SEEDS:13FAFA87      1D       0       0       0       0   181CD    3039       0       0
   49999960                    40                    40             2.2058721E-04         1.0000000E+30            632928       
 NEXT SEEDS:13FAFC02      1D       0       0       0       0   181CD    3039       0       0
   49999961                    39                    39             2.2058721E-04         1.0000000E+30            632928       
 NEXT SEEDS:13FB00CE      1D       0       0       0       0   181CD    3039       0       0
   49999962                    38                    38             2.2058720E-04         1.0000000E+30            632928       
 NEXT SEEDS:13FB0165      1D       0       0       0       0   181CD    3039       0       0
   49999963                    37                    37             2.2058720E-04         1.0000000E+30            632928       
 NEXT SEEDS:13FB0378      1D       0       0       0       0   181CD    3039       0       0
   49999964                    36                    36             2.2058721E-04         1.0000000E+30            632928       
 NEXT SEEDS:13FB05C0      1D       0       0       0       0   181CD    3039       0       0
   49999965                    35                    35             2.2058721E-04         1.0000000E+30            632928       
 NEXT SEEDS:13FB0853      1D       0       0       0       0   181CD    3039       0       0
   49999966                    34                    34             2.2058720E-04         1.0000000E+30            632928       
 NEXT SEEDS:13FB0C3A      1D       0       0       0       0   181CD    3039       0       0
   49999967                    33                    33             2.2058720E-04         1.0000000E+30            632928       
 NEXT SEEDS:13FB0DD5      1D       0       0       0       0   181CD    3039       0       0
   49999968                    32                    32             2.2058721E-04         1.0000000E+30            632928       
 NEXT SEEDS:13FB102C      1D       0       0       0       0   181CD    3039       0       0
   49999969                    31                    31             2.2058721E-04         1.0000000E+30            632928       
 NEXT SEEDS:13FB1167      1D       0       0       0       0   181CD    3039       0       0
   49999970                    30                    30             2.2058721E-04         1.0000000E+30            632928       
 NEXT SEEDS:13FB11EC      1D       0       0       0       0   181CD    3039       0       0
   49999971                    29                    29             2.2058720E-04         1.0000000E+30            632928       
 NEXT SEEDS:13FB156B      1D       0       0       0       0   181CD    3039       0       0
   49999972                    28                    28             2.2058722E-04         1.0000000E+30            632928       
 NEXT SEEDS:13FB18D3      1D       0       0       0       0   181CD    3039       0       0
   49999973                    27                    27             2.2058721E-04         1.0000000E+30            632928       
 NEXT SEEDS:13FB1B28      1D       0       0       0       0   181CD    3039       0       0
   49999974                    26                    26             2.2058721E-04         1.0000000E+30            632928       
 NEXT SEEDS:13FB1BAF      1D       0       0       0       0   181CD    3039       0       0
   49999975                    25                    25             2.2058722E-04         1.0000000E+30            632928       
 NEXT SEEDS:13FB1F69      1D       0       0       0       0   181CD    3039       0       0
   49999976                    24                    24             2.2058722E-04         1.0000000E+30            632928       
 NEXT SEEDS:13FB2370      1D       0       0       0       0   181CD    3039       0       0
   49999977                    23                    23             2.2058721E-04         1.0000000E+30            632928       
 NEXT SEEDS:13FB258D      1D       0       0       0       0   181CD    3039       0       0
   49999978                    22                    22             2.2058721E-04         1.0000000E+30            632928       
 NEXT SEEDS:13FB278C      1D       0       0       0       0   181CD    3039       0       0
   49999979                    21                    21             2.2058722E-04         1.0000000E+30            632928       
 NEXT SEEDS:13FB287B      1D       0       0       0       0   181CD    3039       0       0
   49999980                    20                    20             2.2058722E-04         1.0000000E+30            632928       
 NEXT SEEDS:13FB2AB3      1D       0       0       0       0   181CD    3039       0       0
   49999981                    19                    19             2.2058722E-04         1.0000000E+30            632929       
 NEXT SEEDS:13FB313F      1D       0       0       0       0   181CD    3039       0       0
   49999982                    18                    18             2.2058723E-04         1.0000000E+30            632929       
 NEXT SEEDS:13FB34B8      1D       0       0       0       0   181CD    3039       0       0
   49999983                    17                    17             2.2058723E-04         1.0000000E+30            632929       
 NEXT SEEDS:13FB36C1      1D       0       0       0       0   181CD    3039       0       0
   49999984                    16                    16             2.2058722E-04         1.0000000E+30            632929       
 NEXT SEEDS:13FB38FF      1D       0       0       0       0   181CD    3039       0       0
   49999985                    15                    15             2.2058724E-04         1.0000000E+30            632929       
 NEXT SEEDS:13FB3B42      1D       0       0       0       0   181CD    3039       0       0
   49999986                    14                    14             2.2058723E-04         1.0000000E+30            632929       
 NEXT SEEDS:13FB3FA0      1D       0       0       0       0   181CD    3039       0       0
   49999987                    13                    13             2.2058723E-04         1.0000000E+30            632929       
 NEXT SEEDS:13FB4088      1D       0       0       0       0   181CD    3039       0       0
   49999988                    12                    12             2.2058722E-04         1.0000000E+30            632929       
 NEXT SEEDS:13FB41B6      1D       0       0       0       0   181CD    3039       0       0
   49999989                    11                    11             2.2058724E-04         1.0000000E+30            632929       
 NEXT SEEDS:13FB4266      1D       0       0       0       0   181CD    3039       0       0
   49999990                    10                    10             2.2058723E-04         1.0000000E+30            632929       
 NEXT SEEDS:13FB42E6      1D       0       0       0       0   181CD    3039       0       0
   49999991                     9                     9             2.2058723E-04         1.0000000E+30            632929       
 NEXT SEEDS:13FB44E1      1D       0       0       0       0   181CD    3039       0       0
   49999992                     8                     8             2.2058723E-04         1.0000000E+30            632929       
 NEXT SEEDS:13FB460F      1D       0       0       0       0   181CD    3039       0       0
   49999993                     7                     7             2.2058722E-04         1.0000000E+30            632929       
 NEXT SEEDS:13FB49EC      1D       0       0       0       0   181CD    3039       0       0
   49999994                     6                     6             2.2058724E-04         1.0000000E+30            632929       
 NEXT SEEDS:13FB4F06      1D       0       0       0       0   181CD    3039       0       0
   49999995                     5                     5             2.2058723E-04         1.0000000E+30            632929       
 NEXT SEEDS:13FB4F95      1D       0       0       0       0   181CD    3039       0       0
   49999996                     4                     4             2.2058723E-04         1.0000000E+30            632929       
 NEXT SEEDS:13FB51BE      1D       0       0       0       0   181CD    3039       0       0
   49999997                     3                     3             2.2058722E-04         1.0000000E+30            632929       
 NEXT SEEDS:13FB525F      1D       0       0       0       0   181CD    3039       0       0
   49999998                     2                     2             2.2058724E-04         1.0000000E+30            632929       
 NEXT SEEDS:13FB53A0      1D       0       0       0       0   181CD    3039       0       0
   49999999                     1                     1             2.2058723E-04         1.0000000E+30            632929       
 NEXT SEEDS:13FB570F      1D       0       0       0       0   181CD    3039       0       0
   50000000                     0                     1             2.2058723E-04         1.0000000E+30            632929       
 NEXT SEEDS:13FB5995      1D       0       0       0       0   181CD    3039       0       0
