1NUMBER OF BEAM       NUMBER OF BEAM        APPROXIMATE NUMBER    AVERAGE TIME USED     TIME LEFT (RESERVED   NUMBER OF STARS
 PARTICLES HANDLED    PARTICLES LEFT        OF BEAM PARTICLES     BY A BEAM PARTICLE     10000.0 SECONDS      CREATED
                                            THAT CAN STILL BE                           FOR PRINTOUT)
                                            HANDLED

 NEXT SEEDS:       0       0       0       0       0       0   181CD    3039       0       0
          1               9999999               9999999             4.5299530E-04         1.0000000E+30                 0       
 NEXT SEEDS:     749       0       0       0       0       0   181CD    3039       0       0
     200000               9800000               9800000             9.4997254E-04         1.0000000E+30             13047       
 NEXT SEEDS:201C595B       0       0       0       0       0   181CD    3039       0       0
     400000               9600000               9600000             1.0143060E-03         1.0000000E+30             26314       
 NEXT SEEDS: 4BE453E       1       0       0       0       0   181CD    3039       0       0
 COUSET, TXYZ:  0.999999999993608      0.657506487510767      0.753448882717646    
     600000               9400000               9400000             9.8939931E-04         1.0000000E+30             39425       
 NEXT SEEDS:24DA1951       1       0       0       0       0   181CD    3039       0       0
 COUSET, TXYZ:   1.00000000001138      0.995521898143794      9.453121356955745E-02
     800000               9200000               9200000             1.0045355E-03         1.0000000E+30             52497       
 NEXT SEEDS: 9721F58       2       0       0       0       0   181CD    3039       0       0
    1000000               9000000               9000000             1.0382285E-03         1.0000000E+30             65511       
 NEXT SEEDS:297EE6F8       2       0       0       0       0   181CD    3039       0       0
    1200000               8800000               8800000             1.0624618E-03         1.0000000E+30             78632       
 NEXT SEEDS: E007A1B       3       0       0       0       0   181CD    3039       0       0
 COUSET, TXYZ:   1.00000000000546      0.782832180260627      0.622232896558282    
    1400000               8600000               8600000             1.0570670E-03         1.0000000E+30             91906       
 NEXT SEEDS:2E345C4B       3       0       0       0       0   181CD    3039       0       0
    1600000               8400000               8400000             1.0704885E-03         1.0000000E+30            105063       
 NEXT SEEDS:12D28EB3       4       0       0       0       0   181CD    3039       0       0
    1800000               8200000               8200000             1.0884275E-03         1.0000000E+30            118062       
 NEXT SEEDS:32F4D650       4       0       0       0       0   181CD    3039       0       0
    2000000               8000000               8000000             1.0836813E-03         1.0000000E+30            131184       
 NEXT SEEDS:17771D8D       5       0       0       0       0   181CD    3039       0       0
    2200000               7800000               7800000             1.1044854E-03         1.0000000E+30            144328       
 NEXT SEEDS:37B25B15       5       0       0       0       0   181CD    3039       0       0
    2400000               7600000               7600000             1.1152467E-03         1.0000000E+30            157730       
 NEXT SEEDS:1C63934A       6       0       0       0       0   181CD    3039       0       0
    2600000               7400000               7400000             1.1121854E-03         1.0000000E+30            170527       
 NEXT SEEDS:  C3C7E4       7       0       0       0       0   181CD    3039       0       0
    2800000               7200000               7200000             1.1032590E-03         1.0000000E+30            183667       
 NEXT SEEDS:20DB7F77       7       0       0       0       0   181CD    3039       0       0
    3000000               7000000               7000000             1.1146347E-03         1.0000000E+30            196634       
 NEXT SEEDS: 548DF6C       8       0       0       0       0   181CD    3039       0       0
    3200000               6800000               6800000             1.1293688E-03         1.0000000E+30            209640       
 NEXT SEEDS:25610695       8       0       0       0       0   181CD    3039       0       0
    3400000               6600000               6600000             1.1360363E-03         1.0000000E+30            222798       
 NEXT SEEDS: 9F30B49       9       0       0       0       0   181CD    3039       0       0
    3600000               6400000               6400000             1.1423951E-03         1.0000000E+30            235915       
 NEXT SEEDS:2A0FDDBB       9       0       0       0       0   181CD    3039       0       0
    3800000               6200000               6200000             1.1328262E-03         1.0000000E+30            249018       
 NEXT SEEDS: EB2C30B       A       0       0       0       0   181CD    3039       0       0
    4000000               6000000               6000000             1.1281584E-03         1.0000000E+30            262042       
 NEXT SEEDS:2EB94C58       A       0       0       0       0   181CD    3039       0       0
    4200000               5800000               5800000             1.1212875E-03         1.0000000E+30            275124       
 NEXT SEEDS:13445A1B       B       0       0       0       0   181CD    3039       0       0
 COUSET, TXYZ:  0.999999999993961      0.576122713429016      0.817363211221982    
 COUSET, TXYZ:  0.999999999992592      0.987842354197804      0.155458943898780    
    4400000               5600000               5600000             1.1312023E-03         1.0000000E+30            288211       
 NEXT SEEDS:33613492       B       0       0       0       0   181CD    3039       0       0
    4600000               5400000               5400000             1.1357912E-03         1.0000000E+30            301376       
 NEXT SEEDS:17DB2A8E       C       0       0       0       0   181CD    3039       0       0
    4800000               5200000               5200000             1.1371250E-03         1.0000000E+30            314421       
 NEXT SEEDS:37FDC257       C       0       0       0       0   181CD    3039       0       0
    5000000               5000000               5000000             1.1290202E-03         1.0000000E+30            327720       
 NEXT SEEDS:1C99AC40       D       0       0       0       0   181CD    3039       0       0
    5200000               4800000               4800000             1.1121344E-03         1.0000000E+30            340587       
 NEXT SEEDS: 105924D       E       0       0       0       0   181CD    3039       0       0
    5400000               4600000               4600000             1.0926440E-03         1.0000000E+30            353454       
 NEXT SEEDS:2127512C       E       0       0       0       0   181CD    3039       0       0
    5600000               4400000               4400000             1.0746514E-03         1.0000000E+30            366617       
 NEXT SEEDS: 5BB8126       F       0       0       0       0   181CD    3039       0       0
 COUSET, TXYZ:  0.999999999994277     -0.837245830587729      0.546826681090105    
    5800000               4200000               4200000             1.0635503E-03         1.0000000E+30            379884       
 NEXT SEEDS:25D2E35B       F       0       0       0       0   181CD    3039       0       0
    6000000               4000000               4000000             1.0479063E-03         1.0000000E+30            392982       
 NEXT SEEDS: A6C8E02      10       0       0       0       0   181CD    3039       0       0
    6200000               3800000               3800000             1.0329110E-03         1.0000000E+30            406122       
 NEXT SEEDS:2A9A75F7      10       0       0       0       0   181CD    3039       0       0
    6400000               3600000               3600000             1.0227562E-03         1.0000000E+30            419224       
 NEXT SEEDS: F0B402E      11       0       0       0       0   181CD    3039       0       0
    6600000               3400000               3400000             1.0150043E-03         1.0000000E+30            432420       
 NEXT SEEDS:2F44F9A7      11       0       0       0       0   181CD    3039       0       0
    6800000               3200000               3200000             1.0097751E-03         1.0000000E+30            445454       
 NEXT SEEDS:13F20F8B      12       0       0       0       0   181CD    3039       0       0
    7000000               3000000               3000000             1.0016352E-03         1.0000000E+30            458422       
 NEXT SEEDS:340D2384      12       0       0       0       0   181CD    3039       0       0
    7200000               2800000               2800000             9.9704995E-04         1.0000000E+30            471525       
 NEXT SEEDS:18786520      13       0       0       0       0   181CD    3039       0       0
    7400000               2600000               2600000             9.9293713E-04         1.0000000E+30            484561       
 NEXT SEEDS:38867E47      13       0       0       0       0   181CD    3039       0       0
    7600000               2400000               2400000             9.8610543E-04         1.0000000E+30            497717       
 NEXT SEEDS:1D0C4664      14       0       0       0       0   181CD    3039       0       0
    7800000               2200000               2200000             9.8212150E-04         1.0000000E+30            510816       
 NEXT SEEDS: 195EB34      15       0       0       0       0   181CD    3039       0       0
    8000000               2000000               2000000             9.7445696E-04         1.0000000E+30            524057       
 NEXT SEEDS:21BE09E6      15       0       0       0       0   181CD    3039       0       0
    8200000               1800000               1800000             9.6820811E-04         1.0000000E+30            537015       
 NEXT SEEDS: 62D2AFA      16       0       0       0       0   181CD    3039       0       0
    8400000               1600000               1600000             9.6169949E-04         1.0000000E+30            549940       
 NEXT SEEDS:26563B91      16       0       0       0       0   181CD    3039       0       0
    8600000               1400000               1400000             9.5334176E-04         1.0000000E+30            563047       
 NEXT SEEDS: AE3D510      17       0       0       0       0   181CD    3039       0       0
    8800000               1200000               1200000             9.4874410E-04         1.0000000E+30            576161       
 NEXT SEEDS:2B16B1BE      17       0       0       0       0   181CD    3039       0       0
    9000000               1000000               1000000             9.4268380E-04         1.0000000E+30            589188       
 NEXT SEEDS: F87DC5A      18       0       0       0       0   181CD    3039       0       0
    9200000                800000                800000             9.3846657E-04         1.0000000E+30            602305       
 NEXT SEEDS:2FAE6D9C      18       0       0       0       0   181CD    3039       0       0
    9400000                600000                600000             9.3612864E-04         1.0000000E+30            615326       
 NEXT SEEDS:141B5D2A      19       0       0       0       0   181CD    3039       0       0
    9600000                400000                400000             9.2972950E-04         1.0000000E+30            628404       
 NEXT SEEDS:342CF8C8      19       0       0       0       0   181CD    3039       0       0
 COUSET, TXYZ:  0.999999999994330     -0.902402218808213      0.430894691866439    
    9800000                200000                200000             9.2692182E-04         1.0000000E+30            641638       
 NEXT SEEDS:18D24486      1A       0       0       0       0   181CD    3039       0       0
    9999950                    50                    50             9.2520149E-04         1.0000000E+30            654685       
 NEXT SEEDS:38DB79CA      1A       0       0       0       0   181CD    3039       0       0
    9999951                    49                    49             9.2520149E-04         1.0000000E+30            654685       
 NEXT SEEDS:38DB8157      1A       0       0       0       0   181CD    3039       0       0
    9999952                    48                    48             9.2520140E-04         1.0000000E+30            654685       
 NEXT SEEDS:38DB88A0      1A       0       0       0       0   181CD    3039       0       0
    9999953                    47                    47             9.2520150E-04         1.0000000E+30            654686       
 NEXT SEEDS:38DBACC0      1A       0       0       0       0   181CD    3039       0       0
    9999954                    46                    46             9.2520151E-04         1.0000000E+30            654686       
 NEXT SEEDS:38DBB341      1A       0       0       0       0   181CD    3039       0       0
    9999955                    45                    45             9.2520142E-04         1.0000000E+30            654686       
 NEXT SEEDS:38DBBC64      1A       0       0       0       0   181CD    3039       0       0
    9999956                    44                    44             9.2520142E-04         1.0000000E+30            654686       
 NEXT SEEDS:38DBC864      1A       0       0       0       0   181CD    3039       0       0
    9999957                    43                    43             9.2520143E-04         1.0000000E+30            654686       
 NEXT SEEDS:38DBCEAF      1A       0       0       0       0   181CD    3039       0       0
    9999958                    42                    42             9.2520143E-04         1.0000000E+30            654687       
 NEXT SEEDS:38DBE636      1A       0       0       0       0   181CD    3039       0       0
    9999959                    41                    41             9.2520144E-04         1.0000000E+30            654687       
 NEXT SEEDS:38DBEDA6      1A       0       0       0       0   181CD    3039       0       0
    9999960                    40                    40             9.2520134E-04         1.0000000E+30            654687       
 NEXT SEEDS:38DBFB16      1A       0       0       0       0   181CD    3039       0       0
    9999961                    39                    39             9.2520125E-04         1.0000000E+30            654687       
 NEXT SEEDS:38DC0110      1A       0       0       0       0   181CD    3039       0       0
    9999962                    38                    38             9.2520116E-04         1.0000000E+30            654687       
 NEXT SEEDS:38DC05C2      1A       0       0       0       0   181CD    3039       0       0
    9999963                    37                    37             9.2520107E-04         1.0000000E+30            654687       
 NEXT SEEDS:38DC0FCE      1A       0       0       0       0   181CD    3039       0       0
    9999964                    36                    36             9.2520097E-04         1.0000000E+30            654687       
 NEXT SEEDS:38DC1761      1A       0       0       0       0   181CD    3039       0       0
    9999965                    35                    35             9.2520088E-04         1.0000000E+30            654687       
 NEXT SEEDS:38DC27FD      1A       0       0       0       0   181CD    3039       0       0
    9999966                    34                    34             9.2520079E-04         1.0000000E+30            654687       
 NEXT SEEDS:38DC316D      1A       0       0       0       0   181CD    3039       0       0
    9999967                    33                    33             9.2520070E-04         1.0000000E+30            654687       
 NEXT SEEDS:38DC3B68      1A       0       0       0       0   181CD    3039       0       0
    9999968                    32                    32             9.2520070E-04         1.0000000E+30            654687       
 NEXT SEEDS:38DC4792      1A       0       0       0       0   181CD    3039       0       0
    9999969                    31                    31             9.2520071E-04         1.0000000E+30            654687       
 NEXT SEEDS:38DC55C3      1A       0       0       0       0   181CD    3039       0       0
    9999970                    30                    30             9.2520062E-04         1.0000000E+30            654687       
 NEXT SEEDS:38DC5CDA      1A       0       0       0       0   181CD    3039       0       0
    9999971                    29                    29             9.2520062E-04         1.0000000E+30            654687       
 NEXT SEEDS:38DC694C      1A       0       0       0       0   181CD    3039       0       0
    9999972                    28                    28             9.2520063E-04         1.0000000E+30            654687       
 NEXT SEEDS:38DC71E5      1A       0       0       0       0   181CD    3039       0       0
    9999973                    27                    27             9.2520053E-04         1.0000000E+30            654687       
 NEXT SEEDS:38DC7BA6      1A       0       0       0       0   181CD    3039       0       0
    9999974                    26                    26             9.2520054E-04         1.0000000E+30            654687       
 NEXT SEEDS:38DC8DB1      1A       0       0       0       0   181CD    3039       0       0
    9999975                    25                    25             9.2520054E-04         1.0000000E+30            654687       
 NEXT SEEDS:38DC93C4      1A       0       0       0       0   181CD    3039       0       0
    9999976                    24                    24             9.2520045E-04         1.0000000E+30            654687       
 NEXT SEEDS:38DC9CC1      1A       0       0       0       0   181CD    3039       0       0
    9999977                    23                    23             9.2520046E-04         1.0000000E+30            654687       
 NEXT SEEDS:38DCA217      1A       0       0       0       0   181CD    3039       0       0
    9999978                    22                    22             9.2520046E-04         1.0000000E+30            654687       
 NEXT SEEDS:38DCB240      1A       0       0       0       0   181CD    3039       0       0
    9999979                    21                    21             9.2520037E-04         1.0000000E+30            654687       
 NEXT SEEDS:38DCBB1C      1A       0       0       0       0   181CD    3039       0       0
    9999980                    20                    20             9.2520037E-04         1.0000000E+30            654687       
 NEXT SEEDS:38DCC45F      1A       0       0       0       0   181CD    3039       0       0
    9999981                    19                    19             9.2520028E-04         1.0000000E+30            654687       
 NEXT SEEDS:38DCCB40      1A       0       0       0       0   181CD    3039       0       0
    9999982                    18                    18             9.2520029E-04         1.0000000E+30            654687       
 NEXT SEEDS:38DCD2FF      1A       0       0       0       0   181CD    3039       0       0
    9999983                    17                    17             9.2520039E-04         1.0000000E+30            654688       
 NEXT SEEDS:38DCEF6A      1A       0       0       0       0   181CD    3039       0       0
    9999984                    16                    16             9.2520030E-04         1.0000000E+30            654688       
 NEXT SEEDS:38DCF687      1A       0       0       0       0   181CD    3039       0       0
    9999985                    15                    15             9.2520030E-04         1.0000000E+30            654688       
 NEXT SEEDS:38DD012B      1A       0       0       0       0   181CD    3039       0       0
    9999986                    14                    14             9.2520021E-04         1.0000000E+30            654688       
 NEXT SEEDS:38DD0BBD      1A       0       0       0       0   181CD    3039       0       0
    9999987                    13                    13             9.2520021E-04         1.0000000E+30            654688       
 NEXT SEEDS:38DD12D8      1A       0       0       0       0   181CD    3039       0       0
    9999988                    12                    12             9.2520022E-04         1.0000000E+30            654688       
 NEXT SEEDS:38DD1C99      1A       0       0       0       0   181CD    3039       0       0
    9999989                    11                    11             9.2520013E-04         1.0000000E+30            654688       
 NEXT SEEDS:38DD2472      1A       0       0       0       0   181CD    3039       0       0
    9999990                    10                    10             9.2520013E-04         1.0000000E+30            654688       
 NEXT SEEDS:38DD2AEB      1A       0       0       0       0   181CD    3039       0       0
    9999991                     9                     9             9.2520004E-04         1.0000000E+30            654688       
 NEXT SEEDS:38DD30EB      1A       0       0       0       0   181CD    3039       0       0
    9999992                     8                     8             9.2520004E-04         1.0000000E+30            654688       
 NEXT SEEDS:38DD3A79      1A       0       0       0       0   181CD    3039       0       0
    9999993                     7                     7             9.2519995E-04         1.0000000E+30            654688       
 NEXT SEEDS:38DD41B8      1A       0       0       0       0   181CD    3039       0       0
    9999994                     6                     6             9.2519996E-04         1.0000000E+30            654688       
 NEXT SEEDS:38DD4BB2      1A       0       0       0       0   181CD    3039       0       0
    9999995                     5                     5             9.2519986E-04         1.0000000E+30            654688       
 NEXT SEEDS:38DD5463      1A       0       0       0       0   181CD    3039       0       0
    9999996                     4                     4             9.2519987E-04         1.0000000E+30            654688       
 NEXT SEEDS:38DD5BCE      1A       0       0       0       0   181CD    3039       0       0
    9999997                     3                     3             9.2519978E-04         1.0000000E+30            654688       
 NEXT SEEDS:38DD620B      1A       0       0       0       0   181CD    3039       0       0
    9999998                     2                     2             9.2519978E-04         1.0000000E+30            654688       
 NEXT SEEDS:38DD6617      1A       0       0       0       0   181CD    3039       0       0
    9999999                     1                     1             9.2519969E-04         1.0000000E+30            654688       
 NEXT SEEDS:38DD6DC6      1A       0       0       0       0   181CD    3039       0       0
   10000000                     0                     1             9.2519969E-04         1.0000000E+30            654688       
 NEXT SEEDS:38DD7345      1A       0       0       0       0   181CD    3039       0       0
