1NUMBER OF BEAM       NUMBER OF BEAM        APPROXIMATE NUMBER    AVERAGE TIME USED     TIME LEFT (RESERVED   NUMBER OF STARS
 PARTICLES HANDLED    PARTICLES LEFT        OF BEAM PARTICLES     BY A BEAM PARTICLE     10000.0 SECONDS      CREATED
                                            THAT CAN STILL BE                           FOR PRINTOUT)
                                            HANDLED

 NEXT SEEDS:       0       0       0       0       0       0   181CD    3039       0       0
          1              49999999              49999999             1.5826225E-03         1.0000000E+30                 0       
 NEXT SEEDS:     3CC       0       0       0       0       0   181CD    3039       0       0
 COUSET, TXYZ:  0.999999999992108     -0.484130561384241      0.874995771142921    
    1000000              49000000              49000000             2.3308454E-04         1.0000000E+30             12764       
 NEXT SEEDS:23C3F4FB       0       0       0       0       0   181CD    3039       0       0
    2000000              48000000              48000000             2.4928793E-04         1.0000000E+30             25634       
 NEXT SEEDS: BEED570       1       0       0       0       0   181CD    3039       0       0
    3000000              47000000              47000000             2.3606151E-04         1.0000000E+30             38356       
 NEXT SEEDS:2FBDCFAB       1       0       0       0       0   181CD    3039       0       0
    4000000              46000000              46000000             2.2003130E-04         1.0000000E+30             51303       
 NEXT SEEDS:18065F9C       2       0       0       0       0   181CD    3039       0       0
    5000000              45000000              45000000             2.2489172E-04         1.0000000E+30             64356       
 NEXT SEEDS:  4BE061       3       0       0       0       0   181CD    3039       0       0
    6000000              44000000              44000000             2.2136372E-04         1.0000000E+30             77240       
 NEXT SEEDS:2401D485       3       0       0       0       0   181CD    3039       0       0
    7000000              43000000              43000000             2.2021308E-04         1.0000000E+30             90123       
 NEXT SEEDS: C2CC4FC       4       0       0       0       0   181CD    3039       0       0
    8000000              42000000              42000000             2.2185310E-04         1.0000000E+30            103077       
 NEXT SEEDS:300DDB4D       4       0       0       0       0   181CD    3039       0       0
    9000000              41000000              41000000             2.2455098E-04         1.0000000E+30            115993       
 NEXT SEEDS:183DD0B6       5       0       0       0       0   181CD    3039       0       0
   10000000              40000000              40000000             2.2791983E-04         1.0000000E+30            128623       
 NEXT SEEDS:  421034       6       0       0       0       0   181CD    3039       0       0
   11000000              39000000              39000000             2.2945471E-04         1.0000000E+30            141548       
 NEXT SEEDS:2406FA89       6       0       0       0       0   181CD    3039       0       0
   12000000              38000000              38000000             2.3013609E-04         1.0000000E+30            154470       
 NEXT SEEDS: C374F26       7       0       0       0       0   181CD    3039       0       0
 COUSET, TXYZ:   1.00000000000851      0.783145174263041      0.621838914869054    
   13000000              37000000              37000000             2.3171359E-04         1.0000000E+30            167339       
 NEXT SEEDS:300057CB       7       0       0       0       0   181CD    3039       0       0
   14000000              36000000              36000000             2.3187270E-04         1.0000000E+30            180288       
 NEXT SEEDS:1835872D       8       0       0       0       0   181CD    3039       0       0
   15000000              35000000              35000000             2.3083731E-04         1.0000000E+30            193247       
 NEXT SEEDS:  626D22       9       0       0       0       0   181CD    3039       0       0
 COUSET, TXYZ:  0.999999999988942      0.766316973928228      0.642462680198132    
   16000000              34000000              34000000             2.2802105E-04         1.0000000E+30            206274       
 NEXT SEEDS:24372A3B       9       0       0       0       0   181CD    3039       0       0
   17000000              33000000              33000000             2.3076955E-04         1.0000000E+30            219193       
 NEXT SEEDS: C78455C       A       0       0       0       0   181CD    3039       0       0
   18000000              32000000              32000000             2.3281813E-04         1.0000000E+30            231994       
 NEXT SEEDS:304B1598       A       0       0       0       0   181CD    3039       0       0
 COUSET, TXYZ:   1.00000000001048     -0.903772517557854      0.428013126583875    
   19000000              31000000              31000000             2.3196124E-04         1.0000000E+30            244915       
 NEXT SEEDS:187E7ED0       B       0       0       0       0   181CD    3039       0       0
   20000000              30000000              30000000             2.3410939E-04         1.0000000E+30            257840       
 NEXT SEEDS:  A818F9       C       0       0       0       0   181CD    3039       0       0
   21000000              29000000              29000000             2.3152269E-04         1.0000000E+30            270665       
 NEXT SEEDS:248B3985       C       0       0       0       0   181CD    3039       0       0
   22000000              28000000              28000000             2.3027088E-04         1.0000000E+30            283483       
 NEXT SEEDS: CAFC617       D       0       0       0       0   181CD    3039       0       0
   23000000              27000000              27000000             2.3033383E-04         1.0000000E+30            296274       
 NEXT SEEDS:307023C0       D       0       0       0       0   181CD    3039       0       0
   24000000              26000000              26000000             2.3071455E-04         1.0000000E+30            309193       
 NEXT SEEDS:189A916E       E       0       0       0       0   181CD    3039       0       0
   25000000              25000000              25000000             2.3024691E-04         1.0000000E+30            321974       
 NEXT SEEDS:  C24D8A       F       0       0       0       0   181CD    3039       0       0
   26000000              24000000              24000000             2.2947620E-04         1.0000000E+30            334972       
 NEXT SEEDS:249BF1BC       F       0       0       0       0   181CD    3039       0       0
   27000000              23000000              23000000             2.2975475E-04         1.0000000E+30            347829       
 NEXT SEEDS: CCAE0A2      10       0       0       0       0   181CD    3039       0       0
   28000000              22000000              22000000             2.3095624E-04         1.0000000E+30            360625       
 NEXT SEEDS:3087F7CE      10       0       0       0       0   181CD    3039       0       0
   29000000              21000000              21000000             2.3055330E-04         1.0000000E+30            373391       
 NEXT SEEDS:18ABF95F      11       0       0       0       0   181CD    3039       0       0
   30000000              20000000              20000000             2.3132687E-04         1.0000000E+30            386106       
 NEXT SEEDS:  E9C839      12       0       0       0       0   181CD    3039       0       0
   31000000              19000000              19000000             2.3169011E-04         1.0000000E+30            398886       
 NEXT SEEDS:24AAB4AF      12       0       0       0       0   181CD    3039       0       0
 COUSET, TXYZ:  0.999999999994648      0.776667310359451      0.629911016738326    
 COUSET, TXYZ:  0.999999999988744      0.629757045653998      0.776792162310252    
   32000000              18000000              18000000             2.3178045E-04         1.0000000E+30            411825       
 NEXT SEEDS: CED7014      13       0       0       0       0   181CD    3039       0       0
   33000000              17000000              17000000             2.3032565E-04         1.0000000E+30            424751       
 NEXT SEEDS:30BEB910      13       0       0       0       0   181CD    3039       0       0
   34000000              16000000              16000000             2.2910600E-04         1.0000000E+30            437584       
 NEXT SEEDS:18E8D4D5      14       0       0       0       0   181CD    3039       0       0
   35000000              15000000              15000000             2.2974031E-04         1.0000000E+30            450535       
 NEXT SEEDS: 124BD90      15       0       0       0       0   181CD    3039       0       0
   36000000              14000000              14000000             2.2876996E-04         1.0000000E+30            463338       
 NEXT SEEDS:24F4578A      15       0       0       0       0   181CD    3039       0       0
 COUSET, TXYZ:   1.00000000003102     -0.696172425840279      0.717874608522761    
   37000000              13000000              13000000             2.2756967E-04         1.0000000E+30            475936       
 NEXT SEEDS: D019082      16       0       0       0       0   181CD    3039       0       0
   38000000              12000000              12000000             2.2730882E-04         1.0000000E+30            488751       
 NEXT SEEDS:30D3D72C      16       0       0       0       0   181CD    3039       0       0
   39000000              11000000              11000000             2.2769145E-04         1.0000000E+30            501711       
 NEXT SEEDS:1904AA49      17       0       0       0       0   181CD    3039       0       0
   40000000              10000000              10000000             2.2684907E-04         1.0000000E+30            514582       
 NEXT SEEDS: 13C33EB      18       0       0       0       0   181CD    3039       0       0
   41000000               9000000               9000000             2.2742247E-04         1.0000000E+30            527405       
 NEXT SEEDS:250CB4A8      18       0       0       0       0   181CD    3039       0       0
   42000000               8000000               8000000             2.2742661E-04         1.0000000E+30            540271       
 NEXT SEEDS: D4604FD      19       0       0       0       0   181CD    3039       0       0
   43000000               7000000               7000000             2.2569317E-04         1.0000000E+30            553325       
 NEXT SEEDS:311E5E15      19       0       0       0       0   181CD    3039       0       0
   44000000               6000000               6000000             2.2411647E-04         1.0000000E+30            566260       
 NEXT SEEDS:1959AC64      1A       0       0       0       0   181CD    3039       0       0
   45000000               5000000               5000000             2.2260366E-04         1.0000000E+30            579162       
 NEXT SEEDS: 17CABB6      1B       0       0       0       0   181CD    3039       0       0
   46000000               4000000               4000000             2.2115085E-04         1.0000000E+30            592145       
 NEXT SEEDS:255FD782      1B       0       0       0       0   181CD    3039       0       0
 COUSET, TXYZ:  0.999999999922325     -0.582977979776058      0.812487953720469    
   47000000               3000000               3000000             2.1964555E-04         1.0000000E+30            604733       
 NEXT SEEDS: D7465BE      1C       0       0       0       0   181CD    3039       0       0
   48000000               2000000               2000000             2.1831506E-04         1.0000000E+30            617652       
 NEXT SEEDS:314735C1      1C       0       0       0       0   181CD    3039       0       0
   49000000               1000000               1000000             2.1697750E-04         1.0000000E+30            630592       
 NEXT SEEDS:1977F639      1D       0       0       0       0   181CD    3039       0       0
   49999950                    50                    50             2.1570277E-04         1.0000000E+30            643612       
 NEXT SEEDS: 1B102C9      1E       0       0       0       0   181CD    3039       0       0
   49999951                    49                    49             2.1570281E-04         1.0000000E+30            643612       
 NEXT SEEDS: 1B10538      1E       0       0       0       0   181CD    3039       0       0
   49999952                    48                    48             2.1570280E-04         1.0000000E+30            643612       
 NEXT SEEDS: 1B106EC      1E       0       0       0       0   181CD    3039       0       0
   49999953                    47                    47             2.1570282E-04         1.0000000E+30            643612       
 NEXT SEEDS: 1B10906      1E       0       0       0       0   181CD    3039       0       0
   49999954                    46                    46             2.1570283E-04         1.0000000E+30            643612       
 NEXT SEEDS: 1B109DB      1E       0       0       0       0   181CD    3039       0       0
   49999955                    45                    45             2.1570285E-04         1.0000000E+30            643612       
 NEXT SEEDS: 1B10E0E      1E       0       0       0       0   181CD    3039       0       0
   49999956                    44                    44             2.1570286E-04         1.0000000E+30            643612       
 NEXT SEEDS: 1B1119D      1E       0       0       0       0   181CD    3039       0       0
   49999957                    43                    43             2.1570288E-04         1.0000000E+30            643612       
 NEXT SEEDS: 1B11393      1E       0       0       0       0   181CD    3039       0       0
   49999958                    42                    42             2.1570287E-04         1.0000000E+30            643612       
 NEXT SEEDS: 1B1168C      1E       0       0       0       0   181CD    3039       0       0
   49999959                    41                    41             2.1570289E-04         1.0000000E+30            643612       
 NEXT SEEDS: 1B1189E      1E       0       0       0       0   181CD    3039       0       0
   49999960                    40                    40             2.1570288E-04         1.0000000E+30            643612       
 NEXT SEEDS: 1B11D7B      1E       0       0       0       0   181CD    3039       0       0
   49999961                    39                    39             2.1570288E-04         1.0000000E+30            643612       
 NEXT SEEDS: 1B1216A      1E       0       0       0       0   181CD    3039       0       0
   49999962                    38                    38             2.1570288E-04         1.0000000E+30            643612       
 NEXT SEEDS: 1B121E9      1E       0       0       0       0   181CD    3039       0       0
   49999963                    37                    37             2.1570287E-04         1.0000000E+30            643612       
 NEXT SEEDS: 1B124B8      1E       0       0       0       0   181CD    3039       0       0
   49999964                    36                    36             2.1570287E-04         1.0000000E+30            643612       
 NEXT SEEDS: 1B12714      1E       0       0       0       0   181CD    3039       0       0
   49999965                    35                    35             2.1570286E-04         1.0000000E+30            643612       
 NEXT SEEDS: 1B12B95      1E       0       0       0       0   181CD    3039       0       0
   49999966                    34                    34             2.1570286E-04         1.0000000E+30            643612       
 NEXT SEEDS: 1B12DBC      1E       0       0       0       0   181CD    3039       0       0
   49999967                    33                    33             2.1570285E-04         1.0000000E+30            643612       
 NEXT SEEDS: 1B12E6B      1E       0       0       0       0   181CD    3039       0       0
   49999968                    32                    32             2.1570285E-04         1.0000000E+30            643612       
 NEXT SEEDS: 1B13012      1E       0       0       0       0   181CD    3039       0       0
   49999969                    31                    31             2.1570286E-04         1.0000000E+30            643612       
 NEXT SEEDS: 1B133EE      1E       0       0       0       0   181CD    3039       0       0
   49999970                    30                    30             2.1570286E-04         1.0000000E+30            643612       
 NEXT SEEDS: 1B13489      1E       0       0       0       0   181CD    3039       0       0
   49999971                    29                    29             2.1570288E-04         1.0000000E+30            643612       
 NEXT SEEDS: 1B13655      1E       0       0       0       0   181CD    3039       0       0
   49999972                    28                    28             2.1570289E-04         1.0000000E+30            643612       
 NEXT SEEDS: 1B138DE      1E       0       0       0       0   181CD    3039       0       0
   49999973                    27                    27             2.1570291E-04         1.0000000E+30            643612       
 NEXT SEEDS: 1B13AF8      1E       0       0       0       0   181CD    3039       0       0
   49999974                    26                    26             2.1570292E-04         1.0000000E+30            643612       
 NEXT SEEDS: 1B13E4F      1E       0       0       0       0   181CD    3039       0       0
   49999975                    25                    25             2.1570292E-04         1.0000000E+30            643612       
 NEXT SEEDS: 1B1407F      1E       0       0       0       0   181CD    3039       0       0
   49999976                    24                    24             2.1570293E-04         1.0000000E+30            643612       
 NEXT SEEDS: 1B142A7      1E       0       0       0       0   181CD    3039       0       0
   49999977                    23                    23             2.1570295E-04         1.0000000E+30            643612       
 NEXT SEEDS: 1B143AD      1E       0       0       0       0   181CD    3039       0       0
   49999978                    22                    22             2.1570296E-04         1.0000000E+30            643612       
 NEXT SEEDS: 1B147F5      1E       0       0       0       0   181CD    3039       0       0
   49999979                    21                    21             2.1570296E-04         1.0000000E+30            643612       
 NEXT SEEDS: 1B14986      1E       0       0       0       0   181CD    3039       0       0
   49999980                    20                    20             2.1570295E-04         1.0000000E+30            643612       
 NEXT SEEDS: 1B14AFC      1E       0       0       0       0   181CD    3039       0       0
   49999981                    19                    19             2.1570295E-04         1.0000000E+30            643612       
 NEXT SEEDS: 1B14CBE      1E       0       0       0       0   181CD    3039       0       0
   49999982                    18                    18             2.1570295E-04         1.0000000E+30            643612       
 NEXT SEEDS: 1B14D8E      1E       0       0       0       0   181CD    3039       0       0
   49999983                    17                    17             2.1570294E-04         1.0000000E+30            643612       
 NEXT SEEDS: 1B1507B      1E       0       0       0       0   181CD    3039       0       0
   49999984                    16                    16             2.1570294E-04         1.0000000E+30            643612       
 NEXT SEEDS: 1B150FC      1E       0       0       0       0   181CD    3039       0       0
   49999985                    15                    15             2.1570295E-04         1.0000000E+30            643612       
 NEXT SEEDS: 1B151E7      1E       0       0       0       0   181CD    3039       0       0
   49999986                    14                    14             2.1570297E-04         1.0000000E+30            643612       
 NEXT SEEDS: 1B15349      1E       0       0       0       0   181CD    3039       0       0
   49999987                    13                    13             2.1570296E-04         1.0000000E+30            643612       
 NEXT SEEDS: 1B15544      1E       0       0       0       0   181CD    3039       0       0
   49999988                    12                    12             2.1570298E-04         1.0000000E+30            643612       
 NEXT SEEDS: 1B158BB      1E       0       0       0       0   181CD    3039       0       0
   49999989                    11                    11             2.1570299E-04         1.0000000E+30            643612       
 NEXT SEEDS: 1B15CB2      1E       0       0       0       0   181CD    3039       0       0
   49999990                    10                    10             2.1570299E-04         1.0000000E+30            643612       
 NEXT SEEDS: 1B15D89      1E       0       0       0       0   181CD    3039       0       0
   49999991                     9                     9             2.1570298E-04         1.0000000E+30            643612       
 NEXT SEEDS: 1B15FF5      1E       0       0       0       0   181CD    3039       0       0
   49999992                     8                     8             2.1570298E-04         1.0000000E+30            643612       
 NEXT SEEDS: 1B160E4      1E       0       0       0       0   181CD    3039       0       0
   49999993                     7                     7             2.1570298E-04         1.0000000E+30            643612       
 NEXT SEEDS: 1B16243      1E       0       0       0       0   181CD    3039       0       0
   49999994                     6                     6             2.1570297E-04         1.0000000E+30            643612       
 NEXT SEEDS: 1B163B7      1E       0       0       0       0   181CD    3039       0       0
   49999995                     5                     5             2.1570297E-04         1.0000000E+30            643612       
 NEXT SEEDS: 1B164E6      1E       0       0       0       0   181CD    3039       0       0
   49999996                     4                     4             2.1570296E-04         1.0000000E+30            643612       
 NEXT SEEDS: 1B16740      1E       0       0       0       0   181CD    3039       0       0
   49999997                     3                     3             2.1570296E-04         1.0000000E+30            643613       
 NEXT SEEDS: 1B17A85      1E       0       0       0       0   181CD    3039       0       0
   49999998                     2                     2             2.1570295E-04         1.0000000E+30            643613       
 NEXT SEEDS: 1B17B53      1E       0       0       0       0   181CD    3039       0       0
   49999999                     1                     1             2.1570295E-04         1.0000000E+30            643613       
 NEXT SEEDS: 1B17EA4      1E       0       0       0       0   181CD    3039       0       0
   50000000                     0                     1             2.1570295E-04         1.0000000E+30            643613       
 NEXT SEEDS: 1B17FFD      1E       0       0       0       0   181CD    3039       0       0
