1NUMBER OF BEAM       NUMBER OF BEAM        APPROXIMATE NUMBER    AVERAGE TIME USED     TIME LEFT (RESERVED   NUMBER OF STARS
 PARTICLES HANDLED    PARTICLES LEFT        OF BEAM PARTICLES     BY A BEAM PARTICLE     10000.0 SECONDS      CREATED
                                            THAT CAN STILL BE                           FOR PRINTOUT)
                                            HANDLED

 NEXT SEEDS:       0       0       0       0       0       0   181CD    3039       0       0
          1               9999999               9999999             3.9672852E-04         1.0000000E+30                 0       
 NEXT SEEDS:     4A3       0       0       0       0       0   181CD    3039       0       0
     200000               9800000               9800000             6.1910663E-04         1.0000000E+30             13614       
 NEXT SEEDS:1F4C4ABA       0       0       0       0       0   181CD    3039       0       0
     400000               9600000               9600000             6.2213930E-04         1.0000000E+30             27213       
 NEXT SEEDS: 30A183B       1       0       0       0       0   181CD    3039       0       0
     600000               9400000               9400000             6.2133419E-04         1.0000000E+30             40788       
 NEXT SEEDS:2250A66F       1       0       0       0       0   181CD    3039       0       0
     800000               9200000               9200000             6.2080567E-04         1.0000000E+30             54457       
 NEXT SEEDS: 60665D4       2       0       0       0       0   181CD    3039       0       0
    1000000               9000000               9000000             6.1999848E-04         1.0000000E+30             68253       
 NEXT SEEDS:25835AC3       2       0       0       0       0   181CD    3039       0       0
    1200000               8800000               8800000             6.1940064E-04         1.0000000E+30             82092       
 NEXT SEEDS: 96F468B       3       0       0       0       0   181CD    3039       0       0
 COUSET, TXYZ:   1.00000000003006      0.102100775489593      0.994774060631125    
    1400000               8600000               8600000             6.2019126E-04         1.0000000E+30             95684       
 NEXT SEEDS:28BB3783       3       0       0       0       0   181CD    3039       0       0
    1600000               8400000               8400000             6.2018212E-04         1.0000000E+30            109399       
 NEXT SEEDS: C71B07E       4       0       0       0       0   181CD    3039       0       0
    1800000               8200000               8200000             6.2040643E-04         1.0000000E+30            123233       
 NEXT SEEDS:2BCB8704       4       0       0       0       0   181CD    3039       0       0
    2000000               8000000               8000000             6.2063068E-04         1.0000000E+30            136973       
 NEXT SEEDS: F8CB96F       5       0       0       0       0   181CD    3039       0       0
    2200000               7800000               7800000             6.1983321E-04         1.0000000E+30            150376       
 NEXT SEEDS:2EC7378C       5       0       0       0       0   181CD    3039       0       0
    2400000               7600000               7600000             6.2014944E-04         1.0000000E+30            164025       
 NEXT SEEDS:1288314F       6       0       0       0       0   181CD    3039       0       0
    2600000               7400000               7400000             6.2079445E-04         1.0000000E+30            177874       
 NEXT SEEDS:31F6393B       6       0       0       0       0   181CD    3039       0       0
    2800000               7200000               7200000             6.2094701E-04         1.0000000E+30            191693       
 NEXT SEEDS:15CFF251       7       0       0       0       0   181CD    3039       0       0
    3000000               7000000               7000000             6.2145093E-04         1.0000000E+30            205607       
 NEXT SEEDS:35375FE1       7       0       0       0       0   181CD    3039       0       0
    3200000               6800000               6800000             6.2177117E-04         1.0000000E+30            219552       
 NEXT SEEDS:190AED7B       8       0       0       0       0   181CD    3039       0       0
    3400000               6600000               6600000             6.2177455E-04         1.0000000E+30            233406       
 NEXT SEEDS:3877AF49       8       0       0       0       0   181CD    3039       0       0
    3600000               6400000               6400000             6.2153775E-04         1.0000000E+30            247150       
 NEXT SEEDS:1C43103E       9       0       0       0       0   181CD    3039       0       0
    3800000               6200000               6200000             6.2157676E-04         1.0000000E+30            260853       
 NEXT SEEDS:   4323C       A       0       0       0       0   181CD    3039       0       0
    4000000               6000000               6000000             6.2177832E-04         1.0000000E+30            274590       
 NEXT SEEDS:1F56F571       A       0       0       0       0   181CD    3039       0       0
    4200000               5800000               5800000             6.2191598E-04         1.0000000E+30            288161       
 NEXT SEEDS: 2F8421C       B       0       0       0       0   181CD    3039       0       0
 COUSET, TXYZ:  0.999999999318661     -0.122689209251217      0.992445140333023    
    4400000               5600000               5600000             6.2201405E-04         1.0000000E+30            301937       
 NEXT SEEDS:224771BB       B       0       0       0       0   181CD    3039       0       0
    4600000               5400000               5400000             6.2201607E-04         1.0000000E+30            315692       
 NEXT SEEDS: 6081CEF       C       0       0       0       0   181CD    3039       0       0
    4800000               5200000               5200000             6.2242060E-04         1.0000000E+30            329499       
 NEXT SEEDS:2562595B       C       0       0       0       0   181CD    3039       0       0
    5000000               5000000               5000000             6.2266973E-04         1.0000000E+30            343267       
 NEXT SEEDS: 923E646       D       0       0       0       0   181CD    3039       0       0
    5200000               4800000               4800000             6.2242192E-04         1.0000000E+30            356982       
 NEXT SEEDS:287A3F29       D       0       0       0       0   181CD    3039       0       0
    5400000               4600000               4600000             6.2234190E-04         1.0000000E+30            370721       
 NEXT SEEDS: C2A9ECF       E       0       0       0       0   181CD    3039       0       0
    5600000               4400000               4400000             6.2231437E-04         1.0000000E+30            384447       
 NEXT SEEDS:2B804496       E       0       0       0       0   181CD    3039       0       0
    5800000               4200000               4200000             6.2233849E-04         1.0000000E+30            398373       
 NEXT SEEDS: F3F1A19       F       0       0       0       0   181CD    3039       0       0
 COUSET, TXYZ:  0.999999999986451     -0.122764746320438      0.992435799955736    
    6000000               4000000               4000000             6.2212166E-04         1.0000000E+30            411994       
 NEXT SEEDS:2E8F22F0       F       0       0       0       0   181CD    3039       0       0
    6200000               3800000               3800000             6.2177349E-04         1.0000000E+30            425733       
 NEXT SEEDS:1240FDDC      10       0       0       0       0   181CD    3039       0       0
    6400000               3600000               3600000             6.2165867E-04         1.0000000E+30            439373       
 NEXT SEEDS:317FABFF      10       0       0       0       0   181CD    3039       0       0
    6600000               3400000               3400000             6.2167939E-04         1.0000000E+30            453004       
 NEXT SEEDS:1547D70B      11       0       0       0       0   181CD    3039       0       0
    6800000               3200000               3200000             6.2169290E-04         1.0000000E+30            466764       
 NEXT SEEDS:34A35BCF      11       0       0       0       0   181CD    3039       0       0
    7000000               3000000               3000000             6.2157617E-04         1.0000000E+30            480603       
 NEXT SEEDS:185FA115      12       0       0       0       0   181CD    3039       0       0
    7200000               2800000               2800000             6.2153415E-04         1.0000000E+30            494347       
 NEXT SEEDS:37AB0FC4      12       0       0       0       0   181CD    3039       0       0
    7400000               2600000               2600000             6.2156910E-04         1.0000000E+30            508054       
 NEXT SEEDS:1B7008F5      13       0       0       0       0   181CD    3039       0       0
    7600000               2400000               2400000             6.2147596E-04         1.0000000E+30            521726       
 NEXT SEEDS:3AC12698      13       0       0       0       0   181CD    3039       0       0
    7800000               2200000               2200000             6.2139442E-04         1.0000000E+30            535397       
 NEXT SEEDS:1E77AB36      14       0       0       0       0   181CD    3039       0       0
    8000000               2000000               2000000             6.2148297E-04         1.0000000E+30            549041       
 NEXT SEEDS: 22C9302      15       0       0       0       0   181CD    3039       0       0
    8200000               1800000               1800000             6.2141328E-04         1.0000000E+30            562711       
 NEXT SEEDS:21800FB3      15       0       0       0       0   181CD    3039       0       0
    8400000               1600000               1600000             6.2139608E-04         1.0000000E+30            576419       
 NEXT SEEDS: 52A2530      16       0       0       0       0   181CD    3039       0       0
    8600000               1400000               1400000             6.2138502E-04         1.0000000E+30            590080       
 NEXT SEEDS:24733DC4      16       0       0       0       0   181CD    3039       0       0
    8800000               1200000               1200000             6.2132091E-04         1.0000000E+30            603687       
 NEXT SEEDS: 836BB07      17       0       0       0       0   181CD    3039       0       0
    9000000               1000000               1000000             6.2126497E-04         1.0000000E+30            617462       
 NEXT SEEDS:27840023      17       0       0       0       0   181CD    3039       0       0
    9200000                800000                800000             6.2122633E-04         1.0000000E+30            631157       
 NEXT SEEDS: B3AAB88      18       0       0       0       0   181CD    3039       0       0
    9400000                600000                600000             6.2114518E-04         1.0000000E+30            644928       
 NEXT SEEDS:2A98AD3D      18       0       0       0       0   181CD    3039       0       0
 COUSET, TXYZ:   1.00000000001044      0.983561591046654      0.180572967629886    
    9600000                400000                400000             6.2122747E-04         1.0000000E+30            658532       
 NEXT SEEDS: E57A712      19       0       0       0       0   181CD    3039       0       0
    9800000                200000                200000             6.2125922E-04         1.0000000E+30            672138       
 NEXT SEEDS:2DA7C914      19       0       0       0       0   181CD    3039       0       0
    9999950                    50                    50             6.2132557E-04         1.0000000E+30            686144       
 NEXT SEEDS:1187E3BD      1A       0       0       0       0   181CD    3039       0       0
    9999951                    49                    49             6.2132560E-04         1.0000000E+30            686144       
 NEXT SEEDS:1187EB45      1A       0       0       0       0   181CD    3039       0       0
    9999952                    48                    48             6.2132559E-04         1.0000000E+30            686144       
 NEXT SEEDS:1187F11F      1A       0       0       0       0   181CD    3039       0       0
    9999953                    47                    47             6.2132558E-04         1.0000000E+30            686144       
 NEXT SEEDS:1187FA09      1A       0       0       0       0   181CD    3039       0       0
    9999954                    46                    46             6.2132556E-04         1.0000000E+30            686144       
 NEXT SEEDS:118801D2      1A       0       0       0       0   181CD    3039       0       0
    9999955                    45                    45             6.2132560E-04         1.0000000E+30            686144       
 NEXT SEEDS:11880D6A      1A       0       0       0       0   181CD    3039       0       0
    9999956                    44                    44             6.2132559E-04         1.0000000E+30            686144       
 NEXT SEEDS:118815FB      1A       0       0       0       0   181CD    3039       0       0
    9999957                    43                    43             6.2132562E-04         1.0000000E+30            686144       
 NEXT SEEDS:11881C49      1A       0       0       0       0   181CD    3039       0       0
    9999958                    42                    42             6.2132561E-04         1.0000000E+30            686144       
 NEXT SEEDS:118825C9      1A       0       0       0       0   181CD    3039       0       0
    9999959                    41                    41             6.2132559E-04         1.0000000E+30            686144       
 NEXT SEEDS:11882B36      1A       0       0       0       0   181CD    3039       0       0
    9999960                    40                    40             6.2132558E-04         1.0000000E+30            686144       
 NEXT SEEDS:118831CF      1A       0       0       0       0   181CD    3039       0       0
    9999961                    39                    39             6.2132557E-04         1.0000000E+30            686144       
 NEXT SEEDS:118838AB      1A       0       0       0       0   181CD    3039       0       0
    9999962                    38                    38             6.2132565E-04         1.0000000E+30            686144       
 NEXT SEEDS:118848B7      1A       0       0       0       0   181CD    3039       0       0
    9999963                    37                    37             6.2132564E-04         1.0000000E+30            686144       
 NEXT SEEDS:11884F39      1A       0       0       0       0   181CD    3039       0       0
    9999964                    36                    36             6.2132567E-04         1.0000000E+30            686144       
 NEXT SEEDS:11885802      1A       0       0       0       0   181CD    3039       0       0
    9999965                    35                    35             6.2132561E-04         1.0000000E+30            686144       
 NEXT SEEDS:1188615C      1A       0       0       0       0   181CD    3039       0       0
    9999966                    34                    34             6.2132555E-04         1.0000000E+30            686144       
 NEXT SEEDS:1188684D      1A       0       0       0       0   181CD    3039       0       0
    9999967                    33                    33             6.2132549E-04         1.0000000E+30            686144       
 NEXT SEEDS:11886DDD      1A       0       0       0       0   181CD    3039       0       0
    9999968                    32                    32             6.2132543E-04         1.0000000E+30            686144       
 NEXT SEEDS:11887626      1A       0       0       0       0   181CD    3039       0       0
    9999969                    31                    31             6.2132536E-04         1.0000000E+30            686144       
 NEXT SEEDS:11887D26      1A       0       0       0       0   181CD    3039       0       0
    9999970                    30                    30             6.2132530E-04         1.0000000E+30            686144       
 NEXT SEEDS:11888AA3      1A       0       0       0       0   181CD    3039       0       0
    9999971                    29                    29             6.2132529E-04         1.0000000E+30            686144       
 NEXT SEEDS:11889499      1A       0       0       0       0   181CD    3039       0       0
    9999972                    28                    28             6.2132532E-04         1.0000000E+30            686144       
 NEXT SEEDS:11889AB5      1A       0       0       0       0   181CD    3039       0       0
    9999973                    27                    27             6.2132531E-04         1.0000000E+30            686144       
 NEXT SEEDS:1188A39E      1A       0       0       0       0   181CD    3039       0       0
    9999974                    26                    26             6.2132530E-04         1.0000000E+30            686144       
 NEXT SEEDS:1188A9DC      1A       0       0       0       0   181CD    3039       0       0
    9999975                    25                    25             6.2132568E-04         1.0000000E+30            686145       
 NEXT SEEDS:1188E8CA      1A       0       0       0       0   181CD    3039       0       0
    9999976                    24                    24             6.2132566E-04         1.0000000E+30            686145       
 NEXT SEEDS:1188ED7F      1A       0       0       0       0   181CD    3039       0       0
    9999977                    23                    23             6.2132565E-04         1.0000000E+30            686145       
 NEXT SEEDS:1188F2B8      1A       0       0       0       0   181CD    3039       0       0
    9999978                    22                    22             6.2132568E-04         1.0000000E+30            686145       
 NEXT SEEDS:1188FB31      1A       0       0       0       0   181CD    3039       0       0
    9999979                    21                    21             6.2132562E-04         1.0000000E+30            686145       
 NEXT SEEDS:11890873      1A       0       0       0       0   181CD    3039       0       0
    9999980                    20                    20             6.2132556E-04         1.0000000E+30            686145       
 NEXT SEEDS:11890F86      1A       0       0       0       0   181CD    3039       0       0
    9999981                    19                    19             6.2132550E-04         1.0000000E+30            686145       
 NEXT SEEDS:1189188F      1A       0       0       0       0   181CD    3039       0       0
    9999982                    18                    18             6.2132544E-04         1.0000000E+30            686145       
 NEXT SEEDS:11891EF8      1A       0       0       0       0   181CD    3039       0       0
    9999983                    17                    17             6.2132537E-04         1.0000000E+30            686145       
 NEXT SEEDS:118927FC      1A       0       0       0       0   181CD    3039       0       0
    9999984                    16                    16             6.2132531E-04         1.0000000E+30            686145       
 NEXT SEEDS:11892F4E      1A       0       0       0       0   181CD    3039       0       0
    9999985                    15                    15             6.2132530E-04         1.0000000E+30            686145       
 NEXT SEEDS:1189349E      1A       0       0       0       0   181CD    3039       0       0
    9999986                    14                    14             6.2132528E-04         1.0000000E+30            686145       
 NEXT SEEDS:11893CBC      1A       0       0       0       0   181CD    3039       0       0
    9999987                    13                    13             6.2132537E-04         1.0000000E+30            686146       
 NEXT SEEDS:11895025      1A       0       0       0       0   181CD    3039       0       0
    9999988                    12                    12             6.2132536E-04         1.0000000E+30            686146       
 NEXT SEEDS:1189546C      1A       0       0       0       0   181CD    3039       0       0
    9999989                    11                    11             6.2132534E-04         1.0000000E+30            686146       
 NEXT SEEDS:11895B4D      1A       0       0       0       0   181CD    3039       0       0
    9999990                    10                    10             6.2132538E-04         1.0000000E+30            686146       
 NEXT SEEDS:118961DF      1A       0       0       0       0   181CD    3039       0       0
    9999991                     9                     9             6.2132541E-04         1.0000000E+30            686146       
 NEXT SEEDS:11896B60      1A       0       0       0       0   181CD    3039       0       0
    9999992                     8                     8             6.2132545E-04         1.0000000E+30            686146       
 NEXT SEEDS:118975D2      1A       0       0       0       0   181CD    3039       0       0
    9999993                     7                     7             6.2132544E-04         1.0000000E+30            686146       
 NEXT SEEDS:11897EFF      1A       0       0       0       0   181CD    3039       0       0
    9999994                     6                     6             6.2132542E-04         1.0000000E+30            686146       
 NEXT SEEDS:1189869C      1A       0       0       0       0   181CD    3039       0       0
    9999995                     5                     5             6.2132546E-04         1.0000000E+30            686146       
 NEXT SEEDS:11899131      1A       0       0       0       0   181CD    3039       0       0
    9999996                     4                     4             6.2132544E-04         1.0000000E+30            686146       
 NEXT SEEDS:118999FE      1A       0       0       0       0   181CD    3039       0       0
    9999997                     3                     3             6.2132548E-04         1.0000000E+30            686146       
 NEXT SEEDS:1189A2F1      1A       0       0       0       0   181CD    3039       0       0
    9999998                     2                     2             6.2132547E-04         1.0000000E+30            686146       
 NEXT SEEDS:1189AC18      1A       0       0       0       0   181CD    3039       0       0
    9999999                     1                     1             6.2132550E-04         1.0000000E+30            686146       
 NEXT SEEDS:1189B7ED      1A       0       0       0       0   181CD    3039       0       0
   10000000                     0                     1             6.2132554E-04         1.0000000E+30            686146       
 NEXT SEEDS:1189C35E      1A       0       0       0       0   181CD    3039       0       0
