1NUMBER OF BEAM       NUMBER OF BEAM        APPROXIMATE NUMBER    AVERAGE TIME USED     TIME LEFT (RESERVED   NUMBER OF STARS
 PARTICLES HANDLED    PARTICLES LEFT        OF BEAM PARTICLES     BY A BEAM PARTICLE     10000.0 SECONDS      CREATED
                                            THAT CAN STILL BE                           FOR PRINTOUT)
                                            HANDLED

 NEXT SEEDS:       0       0       0       0       0       0   181CD    3039       0       0
          1              24999999              24999999             4.0340424E-04         1.0000000E+30                 0       
 NEXT SEEDS:     62A       0       0       0       0       0   181CD    3039       0       0
     500000              24500000              24500000             5.1207434E-04         1.0000000E+30             12709       
 NEXT SEEDS:22326D08       0       0       0       0       0   181CD    3039       0       0
    1000000              24000000              24000000             5.1604358E-04         1.0000000E+30             25589       
 NEXT SEEDS: 8E5FA1D       1       0       0       0       0   181CD    3039       0       0
 COUSET, TXYZ:   1.00000000000507     -0.437146108913517      0.899390504437259    
    1500000              23500000              23500000             5.1656641E-04         1.0000000E+30             38317       
 NEXT SEEDS:2B1EC164       1       0       0       0       0   181CD    3039       0       0
    2000000              23000000              23000000             5.1701807E-04         1.0000000E+30             51200       
 NEXT SEEDS:11C7B395       2       0       0       0       0   181CD    3039       0       0
    2500000              22500000              22500000             5.1789736E-04         1.0000000E+30             64034       
 NEXT SEEDS:3403920B       2       0       0       0       0   181CD    3039       0       0
    3000000              22000000              22000000             5.1815064E-04         1.0000000E+30             76802       
 NEXT SEEDS:1AAAA6C2       3       0       0       0       0   181CD    3039       0       0
    3500000              21500000              21500000             5.1883936E-04         1.0000000E+30             89621       
 NEXT SEEDS: 143B18D       4       0       0       0       0   181CD    3039       0       0
    4000000              21000000              21000000             5.1799231E-04         1.0000000E+30            102426       
 NEXT SEEDS:237BD187       4       0       0       0       0   181CD    3039       0       0
    4500000              20500000              20500000             5.1835764E-04         1.0000000E+30            115282       
 NEXT SEEDS: A2E01B0       5       0       0       0       0   181CD    3039       0       0
    5000000              20000000              20000000             5.1862246E-04         1.0000000E+30            128285       
 NEXT SEEDS:2C7F32B5       5       0       0       0       0   181CD    3039       0       0
    5500000              19500000              19500000             5.1943444E-04         1.0000000E+30            141159       
 NEXT SEEDS:132D0BC4       6       0       0       0       0   181CD    3039       0       0
    6000000              19000000              19000000             5.1963452E-04         1.0000000E+30            153809       
 NEXT SEEDS:355504A5       6       0       0       0       0   181CD    3039       0       0
    6500000              18500000              18500000             5.1947791E-04         1.0000000E+30            166638       
 NEXT SEEDS:1BE8ECB3       7       0       0       0       0   181CD    3039       0       0
    7000000              18000000              18000000             5.1968178E-04         1.0000000E+30            179356       
 NEXT SEEDS: 28ECDCC       8       0       0       0       0   181CD    3039       0       0
    7500000              17500000              17500000             5.1948916E-04         1.0000000E+30            192102       
 NEXT SEEDS:24C8060E       8       0       0       0       0   181CD    3039       0       0
    8000000              17000000              17000000             5.1897742E-04         1.0000000E+30            204984       
 NEXT SEEDS: B6D83C5       9       0       0       0       0   181CD    3039       0       0
    8500000              16500000              16500000             5.1960128E-04         1.0000000E+30            217805       
 NEXT SEEDS:2DB57F80       9       0       0       0       0   181CD    3039       0       0
    9000000              16000000              16000000             5.1948459E-04         1.0000000E+30            230618       
 NEXT SEEDS:145FF781       A       0       0       0       0   181CD    3039       0       0
    9500000              15500000              15500000             5.1934961E-04         1.0000000E+30            243376       
 NEXT SEEDS:368AAAFE       A       0       0       0       0   181CD    3039       0       0
   10000000              15000000              15000000             5.1991392E-04         1.0000000E+30            256234       
 NEXT SEEDS:1D4A0703       B       0       0       0       0   181CD    3039       0       0
   10500000              14500000              14500000             5.1988970E-04         1.0000000E+30            269167       
 NEXT SEEDS: 415233B       C       0       0       0       0   181CD    3039       0       0
   11000000              14000000              14000000             5.1997789E-04         1.0000000E+30            282098       
 NEXT SEEDS:265BF26E       C       0       0       0       0   181CD    3039       0       0
   11500000              13500000              13500000             5.2016071E-04         1.0000000E+30            294923       
 NEXT SEEDS: D08F9F0       D       0       0       0       0   181CD    3039       0       0
   12000000              13000000              13000000             5.2031816E-04         1.0000000E+30            307930       
 NEXT SEEDS:2F5A7ED8       D       0       0       0       0   181CD    3039       0       0
   12500000              12500000              12500000             5.2025629E-04         1.0000000E+30            320693       
 NEXT SEEDS:16021DA6       E       0       0       0       0   181CD    3039       0       0
 COUSET, TXYZ:   1.00000000000560     -0.452903422594140      0.891559582873578    
   13000000              12000000              12000000             5.2038015E-04         1.0000000E+30            333336       
 NEXT SEEDS:38357A05       E       0       0       0       0   181CD    3039       0       0
 COUSET, TXYZ:  0.999999999990848      0.931195703617412      0.364519631221926    
   13500000              11500000              11500000             5.2054727E-04         1.0000000E+30            346264       
 NEXT SEEDS:1F08E28E       F       0       0       0       0   181CD    3039       0       0
   14000000              11000000              11000000             5.2046272E-04         1.0000000E+30            359161       
 NEXT SEEDS: 5DF58B6      10       0       0       0       0   181CD    3039       0       0
   14500000              10500000              10500000             5.2012295E-04         1.0000000E+30            372030       
 NEXT SEEDS:281F48C6      10       0       0       0       0   181CD    3039       0       0
   15000000              10000000              10000000             5.2047536E-04         1.0000000E+30            384833       
 NEXT SEEDS: ED5205D      11       0       0       0       0   181CD    3039       0       0
 COUSET, TXYZ:  0.999999999986480      0.968843302716195      0.247674493549366    
   15500000               9500000               9500000             5.2000035E-04         1.0000000E+30            397645       
 NEXT SEEDS:31012FDA      11       0       0       0       0   181CD    3039       0       0
   16000000               9000000               9000000             5.2004935E-04         1.0000000E+30            410577       
 NEXT SEEDS:179DB716      12       0       0       0       0   181CD    3039       0       0
   16500000               8500000               8500000             5.2038249E-04         1.0000000E+30            423560       
 NEXT SEEDS:3A015854      12       0       0       0       0   181CD    3039       0       0
   17000000               8000000               8000000             5.2063135E-04         1.0000000E+30            436274       
 NEXT SEEDS:20900012      13       0       0       0       0   181CD    3039       0       0
   17500000               7500000               7500000             5.2070561E-04         1.0000000E+30            449280       
 NEXT SEEDS: 75DFF8E      14       0       0       0       0   181CD    3039       0       0
   18000000               7000000               7000000             5.2085788E-04         1.0000000E+30            462051       
 NEXT SEEDS:298DB5A1      14       0       0       0       0   181CD    3039       0       0
   18500000               6500000               6500000             5.2059462E-04         1.0000000E+30            474828       
 NEXT SEEDS:1022A645      15       0       0       0       0   181CD    3039       0       0
   19000000               6000000               6000000             5.2064867E-04         1.0000000E+30            487536       
 NEXT SEEDS:32649A38      15       0       0       0       0   181CD    3039       0       0
 COUSET, TXYZ:   1.00000000001079     -0.546212525070423      0.837646630434203    
   19500000               5500000               5500000             5.2083416E-04         1.0000000E+30            500529       
 NEXT SEEDS:192A1C17      16       0       0       0       0   181CD    3039       0       0
   20000000               5000000               5000000             5.2076399E-04         1.0000000E+30            513543       
 NEXT SEEDS:3B891EA1      16       0       0       0       0   181CD    3039       0       0
   20500000               4500000               4500000             5.2071129E-04         1.0000000E+30            526625       
 NEXT SEEDS:225BDC2D      17       0       0       0       0   181CD    3039       0       0
   21000000               4000000               4000000             5.2089855E-04         1.0000000E+30            539492       
 NEXT SEEDS: 911F3A0      18       0       0       0       0   181CD    3039       0       0
   21500000               3500000               3500000             5.2075089E-04         1.0000000E+30            552465       
 NEXT SEEDS:2B60E7CB      18       0       0       0       0   181CD    3039       0       0
   22000000               3000000               3000000             5.2106350E-04         1.0000000E+30            565534       
 NEXT SEEDS:12203B28      19       0       0       0       0   181CD    3039       0       0
   22500000               2500000               2500000             5.2116018E-04         1.0000000E+30            578395       
 NEXT SEEDS:3465FD26      19       0       0       0       0   181CD    3039       0       0
   23000000               2000000               2000000             5.2133541E-04         1.0000000E+30            591370       
 NEXT SEEDS:1B274F6D      1A       0       0       0       0   181CD    3039       0       0
   23500000               1500000               1500000             5.2142289E-04         1.0000000E+30            604235       
 NEXT SEEDS: 1DEF365      1B       0       0       0       0   181CD    3039       0       0
   24000000               1000000               1000000             5.2124526E-04         1.0000000E+30            617253       
 NEXT SEEDS:2428AB1F      1B       0       0       0       0   181CD    3039       0       0
 COUSET, TXYZ:  0.999999999942665     -0.240157702026249      0.970733886316328    
   24500000                500000                500000             5.2159572E-04         1.0000000E+30            630078       
 NEXT SEEDS: ACF4E70      1C       0       0       0       0   181CD    3039       0       0
   24999950                    50                    50             5.2130516E-04         1.0000000E+30            642982       
 NEXT SEEDS:2D056658      1C       0       0       0       0   181CD    3039       0       0
   24999951                    49                    49             5.2130522E-04         1.0000000E+30            642982       
 NEXT SEEDS:2D0569A1      1C       0       0       0       0   181CD    3039       0       0
   24999952                    48                    48             5.2130528E-04         1.0000000E+30            642982       
 NEXT SEEDS:2D056C6A      1C       0       0       0       0   181CD    3039       0       0
   24999953                    47                    47             5.2130530E-04         1.0000000E+30            642982       
 NEXT SEEDS:2D056F40      1C       0       0       0       0   181CD    3039       0       0
   24999954                    46                    46             5.2130531E-04         1.0000000E+30            642982       
 NEXT SEEDS:2D05719D      1C       0       0       0       0   181CD    3039       0       0
   24999955                    45                    45             5.2130541E-04         1.0000000E+30            642982       
 NEXT SEEDS:2D0577E7      1C       0       0       0       0   181CD    3039       0       0
   24999956                    44                    44             5.2130543E-04         1.0000000E+30            642982       
 NEXT SEEDS:2D057AF4      1C       0       0       0       0   181CD    3039       0       0
   24999957                    43                    43             5.2130549E-04         1.0000000E+30            642982       
 NEXT SEEDS:2D058150      1C       0       0       0       0   181CD    3039       0       0
   24999958                    42                    42             5.2130554E-04         1.0000000E+30            642982       
 NEXT SEEDS:2D0583FD      1C       0       0       0       0   181CD    3039       0       0
   24999959                    41                    41             5.2130556E-04         1.0000000E+30            642982       
 NEXT SEEDS:2D058705      1C       0       0       0       0   181CD    3039       0       0
   24999960                    40                    40             5.2130562E-04         1.0000000E+30            642982       
 NEXT SEEDS:2D058D02      1C       0       0       0       0   181CD    3039       0       0
   24999961                    39                    39             5.2130568E-04         1.0000000E+30            642982       
 NEXT SEEDS:2D05918D      1C       0       0       0       0   181CD    3039       0       0
   24999962                    38                    38             5.2130569E-04         1.0000000E+30            642982       
 NEXT SEEDS:2D05936F      1C       0       0       0       0   181CD    3039       0       0
   24999963                    37                    37             5.2130579E-04         1.0000000E+30            642982       
 NEXT SEEDS:2D059A6F      1C       0       0       0       0   181CD    3039       0       0
   24999964                    36                    36             5.2130585E-04         1.0000000E+30            642982       
 NEXT SEEDS:2D05A029      1C       0       0       0       0   181CD    3039       0       0
   24999965                    35                    35             5.2130587E-04         1.0000000E+30            642982       
 NEXT SEEDS:2D05A25C      1C       0       0       0       0   181CD    3039       0       0
   24999966                    34                    34             5.2130592E-04         1.0000000E+30            642982       
 NEXT SEEDS:2D05A6CB      1C       0       0       0       0   181CD    3039       0       0
   24999967                    33                    33             5.2130594E-04         1.0000000E+30            642982       
 NEXT SEEDS:2D05A7D6      1C       0       0       0       0   181CD    3039       0       0
   24999968                    32                    32             5.2130596E-04         1.0000000E+30            642982       
 NEXT SEEDS:2D05A9A5      1C       0       0       0       0   181CD    3039       0       0
   24999969                    31                    31             5.2130602E-04         1.0000000E+30            642982       
 NEXT SEEDS:2D05AD2B      1C       0       0       0       0   181CD    3039       0       0
   24999970                    30                    30             5.2130600E-04         1.0000000E+30            642982       
 NEXT SEEDS:2D05B12A      1C       0       0       0       0   181CD    3039       0       0
   24999971                    29                    29             5.2130598E-04         1.0000000E+30            642982       
 NEXT SEEDS:2D05B6B7      1C       0       0       0       0   181CD    3039       0       0
   24999972                    28                    28             5.2130599E-04         1.0000000E+30            642982       
 NEXT SEEDS:2D05B9F5      1C       0       0       0       0   181CD    3039       0       0
   24999973                    27                    27             5.2130613E-04         1.0000000E+30            642983       
 NEXT SEEDS:2D05C5B5      1C       0       0       0       0   181CD    3039       0       0
   24999974                    26                    26             5.2130619E-04         1.0000000E+30            642983       
 NEXT SEEDS:2D05C943      1C       0       0       0       0   181CD    3039       0       0
   24999975                    25                    25             5.2130620E-04         1.0000000E+30            642983       
 NEXT SEEDS:2D05CDDC      1C       0       0       0       0   181CD    3039       0       0
   24999976                    24                    24             5.2130630E-04         1.0000000E+30            642983       
 NEXT SEEDS:2D05D608      1C       0       0       0       0   181CD    3039       0       0
   24999977                    23                    23             5.2130632E-04         1.0000000E+30            642983       
 NEXT SEEDS:2D05D92B      1C       0       0       0       0   181CD    3039       0       0
   24999978                    22                    22             5.2130642E-04         1.0000000E+30            642983       
 NEXT SEEDS:2D05E14C      1C       0       0       0       0   181CD    3039       0       0
   24999979                    21                    21             5.2130643E-04         1.0000000E+30            642983       
 NEXT SEEDS:2D05E467      1C       0       0       0       0   181CD    3039       0       0
   24999980                    20                    20             5.2130641E-04         1.0000000E+30            642983       
 NEXT SEEDS:2D05E89F      1C       0       0       0       0   181CD    3039       0       0
   24999981                    19                    19             5.2130639E-04         1.0000000E+30            642983       
 NEXT SEEDS:2D05EBF3      1C       0       0       0       0   181CD    3039       0       0
   24999982                    18                    18             5.2130645E-04         1.0000000E+30            642983       
 NEXT SEEDS:2D05F28C      1C       0       0       0       0   181CD    3039       0       0
   24999983                    17                    17             5.2130647E-04         1.0000000E+30            642983       
 NEXT SEEDS:2D05F67F      1C       0       0       0       0   181CD    3039       0       0
   24999984                    16                    16             5.2130653E-04         1.0000000E+30            642983       
 NEXT SEEDS:2D05FC33      1C       0       0       0       0   181CD    3039       0       0
   24999985                    15                    15             5.2130662E-04         1.0000000E+30            642983       
 NEXT SEEDS:2D0602AF      1C       0       0       0       0   181CD    3039       0       0
   24999986                    14                    14             5.2130664E-04         1.0000000E+30            642983       
 NEXT SEEDS:2D060736      1C       0       0       0       0   181CD    3039       0       0
   24999987                    13                    13             5.2130670E-04         1.0000000E+30            642983       
 NEXT SEEDS:2D0609BA      1C       0       0       0       0   181CD    3039       0       0
   24999988                    12                    12             5.2130672E-04         1.0000000E+30            642983       
 NEXT SEEDS:2D060DA1      1C       0       0       0       0   181CD    3039       0       0
   24999989                    11                    11             5.2130677E-04         1.0000000E+30            642983       
 NEXT SEEDS:2D0612A1      1C       0       0       0       0   181CD    3039       0       0
   24999990                    10                    10             5.2130683E-04         1.0000000E+30            642983       
 NEXT SEEDS:2D0615C6      1C       0       0       0       0   181CD    3039       0       0
   24999991                     9                     9             5.2130689E-04         1.0000000E+30            642983       
 NEXT SEEDS:2D061EE3      1C       0       0       0       0   181CD    3039       0       0
   24999992                     8                     8             5.2130698E-04         1.0000000E+30            642983       
 NEXT SEEDS:2D06252F      1C       0       0       0       0   181CD    3039       0       0
   24999993                     7                     7             5.2130700E-04         1.0000000E+30            642983       
 NEXT SEEDS:2D062713      1C       0       0       0       0   181CD    3039       0       0
   24999994                     6                     6             5.2130702E-04         1.0000000E+30            642983       
 NEXT SEEDS:2D062AE4      1C       0       0       0       0   181CD    3039       0       0
   24999995                     5                     5             5.2130708E-04         1.0000000E+30            642983       
 NEXT SEEDS:2D062DAD      1C       0       0       0       0   181CD    3039       0       0
   24999996                     4                     4             5.2130710E-04         1.0000000E+30            642983       
 NEXT SEEDS:2D062FB0      1C       0       0       0       0   181CD    3039       0       0
   24999997                     3                     3             5.2130715E-04         1.0000000E+30            642983       
 NEXT SEEDS:2D063689      1C       0       0       0       0   181CD    3039       0       0
   24999998                     2                     2             5.2130721E-04         1.0000000E+30            642983       
 NEXT SEEDS:2D063A25      1C       0       0       0       0   181CD    3039       0       0
   24999999                     1                     1             5.2130723E-04         1.0000000E+30            642983       
 NEXT SEEDS:2D063DE9      1C       0       0       0       0   181CD    3039       0       0
   25000000                     0                     1             5.2130729E-04         1.0000000E+30            642983       
 NEXT SEEDS:2D0640E6      1C       0       0       0       0   181CD    3039       0       0
