1NUMBER OF BEAM       NUMBER OF BEAM        APPROXIMATE NUMBER    AVERAGE TIME USED     TIME LEFT (RESERVED   NUMBER OF STARS
 PARTICLES HANDLED    PARTICLES LEFT        OF BEAM PARTICLES     BY A BEAM PARTICLE     10000.0 SECONDS      CREATED
                                            THAT CAN STILL BE                           FOR PRINTOUT)
                                            HANDLED

 NEXT SEEDS:       0       0       0       0       0       0   181CD    3039       0       0
          1               9999999               9999999             1.9812584E-04         1.0000000E+30                 0       
 NEXT SEEDS:     136       0       0       0       0       0   181CD    3039       0       0
     200000               9800000               9800000             8.4378246E-05         1.0000000E+30              2479       
 NEXT SEEDS: 751B34A       0       0       0       0       0   181CD    3039       0       0
     400000               9600000               9600000             8.0199181E-05         1.0000000E+30              5008       
 NEXT SEEDS: E958D7B       0       0       0       0       0   181CD    3039       0       0
     600000               9400000               9400000             7.8355062E-05         1.0000000E+30              7525       
 NEXT SEEDS:15D4E46B       0       0       0       0       0   181CD    3039       0       0
     800000               9200000               9200000             7.7641009E-05         1.0000000E+30             10115       
 NEXT SEEDS:1D1B3AD6       0       0       0       0       0   181CD    3039       0       0
    1000000               9000000               9000000             7.7180876E-05         1.0000000E+30             12580       
 NEXT SEEDS:246AD090       0       0       0       0       0   181CD    3039       0       0
    1200000               8800000               8800000             7.9523480E-05         1.0000000E+30             15147       
 NEXT SEEDS:2BADB9C3       0       0       0       0       0   181CD    3039       0       0
    1400000               8600000               8600000             8.1138032E-05         1.0000000E+30             17664       
 NEXT SEEDS:32EA6F58       0       0       0       0       0   181CD    3039       0       0
    1600000               8400000               8400000             8.6910366E-05         1.0000000E+30             20150       
 NEXT SEEDS:3A2A73DE       0       0       0       0       0   181CD    3039       0       0
    1800000               8200000               8200000             9.0368902E-05         1.0000000E+30             22693       
 NEXT SEEDS: 5D1B90A       1       0       0       0       0   181CD    3039       0       0
    2000000               8000000               8000000             9.3709384E-05         1.0000000E+30             25330       
 NEXT SEEDS: D20701C       1       0       0       0       0   181CD    3039       0       0
    2200000               7800000               7800000             9.6384232E-05         1.0000000E+30             27851       
 NEXT SEEDS:145ED753       1       0       0       0       0   181CD    3039       0       0
    2400000               7600000               7600000             9.8966321E-05         1.0000000E+30             30401       
 NEXT SEEDS:1BB73495       1       0       0       0       0   181CD    3039       0       0
    2600000               7400000               7400000             1.0186820E-04         1.0000000E+30             33055       
 NEXT SEEDS:230641ED       1       0       0       0       0   181CD    3039       0       0
    2800000               7200000               7200000             1.0339492E-04         1.0000000E+30             35644       
 NEXT SEEDS:2A51D651       1       0       0       0       0   181CD    3039       0       0
    3000000               7000000               7000000             1.0472388E-04         1.0000000E+30             38174       
 NEXT SEEDS:31963297       1       0       0       0       0   181CD    3039       0       0
    3200000               6800000               6800000             1.0590664E-04         1.0000000E+30             40814       
 NEXT SEEDS:38EC6D89       1       0       0       0       0   181CD    3039       0       0
    3400000               6600000               6600000             1.0690289E-04         1.0000000E+30             43378       
 NEXT SEEDS: 499E91D       2       0       0       0       0   181CD    3039       0       0
    3600000               6400000               6400000             1.0779412E-04         1.0000000E+30             45890       
 NEXT SEEDS: BE9610D       2       0       0       0       0   181CD    3039       0       0
    3800000               6200000               6200000             1.0944643E-04         1.0000000E+30             48451       
 NEXT SEEDS:13311BB9       2       0       0       0       0   181CD    3039       0       0
    4000000               6000000               6000000             1.1011510E-04         1.0000000E+30             51037       
 NEXT SEEDS:1A7808D3       2       0       0       0       0   181CD    3039       0       0
    4200000               5800000               5800000             1.1072825E-04         1.0000000E+30             53547       
 NEXT SEEDS:21C04229       2       0       0       0       0   181CD    3039       0       0
    4400000               5600000               5600000             1.1131594E-04         1.0000000E+30             56135       
 NEXT SEEDS:29186489       2       0       0       0       0   181CD    3039       0       0
    4600000               5400000               5400000             1.1199007E-04         1.0000000E+30             58724       
 NEXT SEEDS:306CBE5E       2       0       0       0       0   181CD    3039       0       0
    4800000               5200000               5200000             1.1298275E-04         1.0000000E+30             61282       
 NEXT SEEDS:37B9166B       2       0       0       0       0   181CD    3039       0       0
    5000000               5000000               5000000             1.1337666E-04         1.0000000E+30             63815       
 NEXT SEEDS: 360C42F       3       0       0       0       0   181CD    3039       0       0
    5200000               4800000               4800000             1.1372581E-04         1.0000000E+30             66318       
 NEXT SEEDS: A9F681B       3       0       0       0       0   181CD    3039       0       0
    5400000               4600000               4600000             1.1406033E-04         1.0000000E+30             68844       
 NEXT SEEDS:11E6CFF5       3       0       0       0       0   181CD    3039       0       0
    5600000               4400000               4400000             1.1450462E-04         1.0000000E+30             71355       
 NEXT SEEDS:192B53E0       3       0       0       0       0   181CD    3039       0       0
    5800000               4200000               4200000             1.1549352E-04         1.0000000E+30             73913       
 NEXT SEEDS:20710DDE       3       0       0       0       0   181CD    3039       0       0
    6000000               4000000               4000000             1.1571913E-04         1.0000000E+30             76383       
 NEXT SEEDS:27B1EDD5       3       0       0       0       0   181CD    3039       0       0
    6200000               3800000               3800000             1.1595979E-04         1.0000000E+30             78980       
 NEXT SEEDS:2F056ACC       3       0       0       0       0   181CD    3039       0       0
    6400000               3600000               3600000             1.1618943E-04         1.0000000E+30             81534       
 NEXT SEEDS:3657F499       3       0       0       0       0   181CD    3039       0       0
    6600000               3400000               3400000             1.1641272E-04         1.0000000E+30             84077       
 NEXT SEEDS: 21B19FE       4       0       0       0       0   181CD    3039       0       0
    6800000               3200000               3200000             1.1708636E-04         1.0000000E+30             86626       
 NEXT SEEDS: 9647B40       4       0       0       0       0   181CD    3039       0       0
    7000000               3000000               3000000             1.1724781E-04         1.0000000E+30             89111       
 NEXT SEEDS:109F16DF       4       0       0       0       0   181CD    3039       0       0
    7200000               2800000               2800000             1.1740045E-04         1.0000000E+30             91578       
 NEXT SEEDS:17DE7D9A       4       0       0       0       0   181CD    3039       0       0
    7400000               2600000               2600000             1.1753864E-04         1.0000000E+30             94013       
 NEXT SEEDS:1F181A9F       4       0       0       0       0   181CD    3039       0       0
    7600000               2400000               2400000             1.1767411E-04         1.0000000E+30             96538       
 NEXT SEEDS:265D48D4       4       0       0       0       0   181CD    3039       0       0
    7800000               2200000               2200000             1.1822811E-04         1.0000000E+30             99128       
 NEXT SEEDS:2DAA213C       4       0       0       0       0   181CD    3039       0       0
    8000000               2000000               2000000             1.1834658E-04         1.0000000E+30            101577       
 NEXT SEEDS:34EA17EC       4       0       0       0       0   181CD    3039       0       0
    8200000               1800000               1800000             1.1846952E-04         1.0000000E+30            104237       
 NEXT SEEDS:  9A9618       5       0       0       0       0   181CD    3039       0       0
    8400000               1600000               1600000             1.1857408E-04         1.0000000E+30            106688       
 NEXT SEEDS: 7D842BA       5       0       0       0       0   181CD    3039       0       0
    8600000               1400000               1400000             1.1867161E-04         1.0000000E+30            109142       
 NEXT SEEDS: F18601F       5       0       0       0       0   181CD    3039       0       0
    8800000               1200000               1200000             1.1876028E-04         1.0000000E+30            111628       
 NEXT SEEDS:1660E079       5       0       0       0       0   181CD    3039       0       0
    9000000               1000000               1000000             1.1885148E-04         1.0000000E+30            114164       
 NEXT SEEDS:1DA17F3B       5       0       0       0       0   181CD    3039       0       0
    9200000                800000                800000             1.1930156E-04         1.0000000E+30            116771       
 NEXT SEEDS:24EBA010       5       0       0       0       0   181CD    3039       0       0
    9400000                600000                600000             1.1938921E-04         1.0000000E+30            119384       
 NEXT SEEDS:2C414FA4       5       0       0       0       0   181CD    3039       0       0
    9600000                400000                400000             1.1947140E-04         1.0000000E+30            121916       
 NEXT SEEDS:33865CD9       5       0       0       0       0   181CD    3039       0       0
    9800000                200000                200000             1.1957193E-04         1.0000000E+30            124595       
 NEXT SEEDS:3AE32947       5       0       0       0       0   181CD    3039       0       0
    9999950                    50                    50             1.1984550E-04         1.0000000E+30            127218       
 NEXT SEEDS: 6969925       6       0       0       0       0   181CD    3039       0       0
    9999951                    49                    49             1.1984558E-04         1.0000000E+30            127218       
 NEXT SEEDS: 6969ABA       6       0       0       0       0   181CD    3039       0       0
    9999952                    48                    48             1.1984566E-04         1.0000000E+30            127218       
 NEXT SEEDS: 6969BD4       6       0       0       0       0   181CD    3039       0       0
    9999953                    47                    47             1.1984576E-04         1.0000000E+30            127219       
 NEXT SEEDS: 696B2D5       6       0       0       0       0   181CD    3039       0       0
    9999954                    46                    46             1.1984584E-04         1.0000000E+30            127219       
 NEXT SEEDS: 696B490       6       0       0       0       0   181CD    3039       0       0
    9999955                    45                    45             1.1984589E-04         1.0000000E+30            127219       
 NEXT SEEDS: 696B53A       6       0       0       0       0   181CD    3039       0       0
    9999956                    44                    44             1.1984596E-04         1.0000000E+30            127219       
 NEXT SEEDS: 696B943       6       0       0       0       0   181CD    3039       0       0
    9999957                    43                    43             1.1984618E-04         1.0000000E+30            127220       
 NEXT SEEDS: 696C458       6       0       0       0       0   181CD    3039       0       0
    9999958                    42                    42             1.1984627E-04         1.0000000E+30            127220       
 NEXT SEEDS: 696C7AA       6       0       0       0       0   181CD    3039       0       0
    9999959                    41                    41             1.1984633E-04         1.0000000E+30            127220       
 NEXT SEEDS: 696C8B2       6       0       0       0       0   181CD    3039       0       0
    9999960                    40                    40             1.1984640E-04         1.0000000E+30            127220       
 NEXT SEEDS: 696CA2C       6       0       0       0       0   181CD    3039       0       0
    9999961                    39                    39             1.1984647E-04         1.0000000E+30            127220       
 NEXT SEEDS: 696CAA7       6       0       0       0       0   181CD    3039       0       0
    9999962                    38                    38             1.1984655E-04         1.0000000E+30            127220       
 NEXT SEEDS: 696CBF7       6       0       0       0       0   181CD    3039       0       0
    9999963                    37                    37             1.1984662E-04         1.0000000E+30            127220       
 NEXT SEEDS: 696CCDD       6       0       0       0       0   181CD    3039       0       0
    9999964                    36                    36             1.1984669E-04         1.0000000E+30            127220       
 NEXT SEEDS: 696CE5E       6       0       0       0       0   181CD    3039       0       0
    9999965                    35                    35             1.1984676E-04         1.0000000E+30            127220       
 NEXT SEEDS: 696D07D       6       0       0       0       0   181CD    3039       0       0
    9999966                    34                    34             1.1984683E-04         1.0000000E+30            127220       
 NEXT SEEDS: 696D429       6       0       0       0       0   181CD    3039       0       0
    9999967                    33                    33             1.1984687E-04         1.0000000E+30            127220       
 NEXT SEEDS: 696D4CA       6       0       0       0       0   181CD    3039       0       0
    9999968                    32                    32             1.1984692E-04         1.0000000E+30            127220       
 NEXT SEEDS: 696D5AE       6       0       0       0       0   181CD    3039       0       0
    9999969                    31                    31             1.1984697E-04         1.0000000E+30            127220       
 NEXT SEEDS: 696D71B       6       0       0       0       0   181CD    3039       0       0
    9999970                    30                    30             1.1984699E-04         1.0000000E+30            127220       
 NEXT SEEDS: 696D798       6       0       0       0       0   181CD    3039       0       0
    9999971                    29                    29             1.1984707E-04         1.0000000E+30            127220       
 NEXT SEEDS: 696DA4A       6       0       0       0       0   181CD    3039       0       0
    9999972                    28                    28             1.1984705E-04         1.0000000E+30            127220       
 NEXT SEEDS: 696DBBA       6       0       0       0       0   181CD    3039       0       0
    9999973                    27                    27             1.1984704E-04         1.0000000E+30            127220       
 NEXT SEEDS: 696DF2E       6       0       0       0       0   181CD    3039       0       0
    9999974                    26                    26             1.1984703E-04         1.0000000E+30            127220       
 NEXT SEEDS: 696E345       6       0       0       0       0   181CD    3039       0       0
    9999975                    25                    25             1.1984702E-04         1.0000000E+30            127220       
 NEXT SEEDS: 696E5DD       6       0       0       0       0   181CD    3039       0       0
    9999976                    24                    24             1.1984701E-04         1.0000000E+30            127220       
 NEXT SEEDS: 696E75E       6       0       0       0       0   181CD    3039       0       0
    9999977                    23                    23             1.1984699E-04         1.0000000E+30            127220       
 NEXT SEEDS: 696EB69       6       0       0       0       0   181CD    3039       0       0
    9999978                    22                    22             1.1984698E-04         1.0000000E+30            127220       
 NEXT SEEDS: 696ECFD       6       0       0       0       0   181CD    3039       0       0
    9999979                    21                    21             1.1984697E-04         1.0000000E+30            127220       
 NEXT SEEDS: 696ED89       6       0       0       0       0   181CD    3039       0       0
    9999980                    20                    20             1.1984696E-04         1.0000000E+30            127220       
 NEXT SEEDS: 696EF98       6       0       0       0       0   181CD    3039       0       0
    9999981                    19                    19             1.1984695E-04         1.0000000E+30            127220       
 NEXT SEEDS: 696F026       6       0       0       0       0   181CD    3039       0       0
    9999982                    18                    18             1.1984700E-04         1.0000000E+30            127220       
 NEXT SEEDS: 696F34A       6       0       0       0       0   181CD    3039       0       0
    9999983                    17                    17             1.1984704E-04         1.0000000E+30            127220       
 NEXT SEEDS: 696F483       6       0       0       0       0   181CD    3039       0       0
    9999984                    16                    16             1.1984711E-04         1.0000000E+30            127220       
 NEXT SEEDS: 696F6B5       6       0       0       0       0   181CD    3039       0       0
    9999985                    15                    15             1.1984717E-04         1.0000000E+30            127220       
 NEXT SEEDS: 696F9AE       6       0       0       0       0   181CD    3039       0       0
    9999986                    14                    14             1.1984722E-04         1.0000000E+30            127220       
 NEXT SEEDS: 696FA56       6       0       0       0       0   181CD    3039       0       0
    9999987                    13                    13             1.1984725E-04         1.0000000E+30            127220       
 NEXT SEEDS: 696FB56       6       0       0       0       0   181CD    3039       0       0
    9999988                    12                    12             1.1984731E-04         1.0000000E+30            127220       
 NEXT SEEDS: 696FBE0       6       0       0       0       0   181CD    3039       0       0
    9999989                    11                    11             1.1984742E-04         1.0000000E+30            127220       
 NEXT SEEDS: 696FE02       6       0       0       0       0   181CD    3039       0       0
    9999990                    10                    10             1.1984749E-04         1.0000000E+30            127220       
 NEXT SEEDS: 696FED7       6       0       0       0       0   181CD    3039       0       0
    9999991                     9                     9             1.1984757E-04         1.0000000E+30            127220       
 NEXT SEEDS: 6970161       6       0       0       0       0   181CD    3039       0       0
    9999992                     8                     8             1.1984763E-04         1.0000000E+30            127220       
 NEXT SEEDS: 69702EF       6       0       0       0       0   181CD    3039       0       0
    9999993                     7                     7             1.1984769E-04         1.0000000E+30            127220       
 NEXT SEEDS: 6970441       6       0       0       0       0   181CD    3039       0       0
    9999994                     6                     6             1.1984780E-04         1.0000000E+30            127220       
 NEXT SEEDS: 69707F3       6       0       0       0       0   181CD    3039       0       0
    9999995                     5                     5             1.1984791E-04         1.0000000E+30            127220       
 NEXT SEEDS: 6970BF1       6       0       0       0       0   181CD    3039       0       0
    9999996                     4                     4             1.1984800E-04         1.0000000E+30            127220       
 NEXT SEEDS: 6970F53       6       0       0       0       0   181CD    3039       0       0
    9999997                     3                     3             1.1984805E-04         1.0000000E+30            127220       
 NEXT SEEDS: 697109C       6       0       0       0       0   181CD    3039       0       0
    9999998                     2                     2             1.1984812E-04         1.0000000E+30            127220       
 NEXT SEEDS: 69713F9       6       0       0       0       0   181CD    3039       0       0
    9999999                     1                     1             1.1984822E-04         1.0000000E+30            127220       
 NEXT SEEDS: 697166C       6       0       0       0       0   181CD    3039       0       0
   10000000                     0                     1             1.1984828E-04         1.0000000E+30            127220       
 NEXT SEEDS: 69717E6       6       0       0       0       0   181CD    3039       0       0
