1NUMBER OF BEAM       NUMBER OF BEAM        APPROXIMATE NUMBER    AVERAGE TIME USED     TIME LEFT (RESERVED   NUMBER OF STARS
 PARTICLES HANDLED    PARTICLES LEFT        OF BEAM PARTICLES     BY A BEAM PARTICLE     10000.0 SECONDS      CREATED
                                            THAT CAN STILL BE                           FOR PRINTOUT)
                                            HANDLED

 NEXT SEEDS:       0       0       0       0       0       0   181CD    3039       0       0
          1               9999999               9999999             2.5987625E-04         1.0000000E+30                 0       
 NEXT SEEDS:     7B1       0       0       0       0       0   181CD    3039       0       0
 COUSET, TXYZ:  0.999999999990153      0.269845568616211      0.962903613597176    
     200000               9800000               9800000             5.6893504E-04         1.0000000E+30             12986       
 NEXT SEEDS:1F4DCBCA       0       0       0       0       0   181CD    3039       0       0
     400000               9600000               9600000             5.4923507E-04         1.0000000E+30             26201       
 NEXT SEEDS: 30EB237       1       0       0       0       0   181CD    3039       0       0
     600000               9400000               9400000             5.5296445E-04         1.0000000E+30             39486       
 NEXT SEEDS:22835462       1       0       0       0       0   181CD    3039       0       0
     800000               9200000               9200000             5.5428377E-04         1.0000000E+30             52589       
 NEXT SEEDS: 643A839       2       0       0       0       0   181CD    3039       0       0
    1000000               9000000               9000000             5.5433757E-04         1.0000000E+30             65814       
 NEXT SEEDS:25AA2AB0       2       0       0       0       0   181CD    3039       0       0
 COUSET, TXYZ:   1.00000000008124      0.916673642303136      0.399636627036593    
    1200000               8800000               8800000             5.5391676E-04         1.0000000E+30             78820       
 NEXT SEEDS: 9764F62       3       0       0       0       0   181CD    3039       0       0
    1400000               8600000               8600000             5.5662230E-04         1.0000000E+30             91989       
 NEXT SEEDS:28CBA14A       3       0       0       0       0   181CD    3039       0       0
 COUSET, TXYZ:   1.00000000000762     -0.983230912740389      0.182364942483329    
    1600000               8400000               8400000             5.5481219E-04         1.0000000E+30            105237       
 NEXT SEEDS: C834DBC       4       0       0       0       0   181CD    3039       0       0
    1800000               8200000               8200000             5.5481159E-04         1.0000000E+30            118369       
 NEXT SEEDS:2BC8062E       4       0       0       0       0   181CD    3039       0       0
    2000000               8000000               8000000             5.5480785E-04         1.0000000E+30            131467       
 NEXT SEEDS: F73EB1B       5       0       0       0       0   181CD    3039       0       0
    2200000               7800000               7800000             5.5519247E-04         1.0000000E+30            144720       
 NEXT SEEDS:2EBDEEC2       5       0       0       0       0   181CD    3039       0       0
    2400000               7600000               7600000             5.5483235E-04         1.0000000E+30            158112       
 NEXT SEEDS:129900FB       6       0       0       0       0   181CD    3039       0       0
    2600000               7400000               7400000             5.5365196E-04         1.0000000E+30            171313       
 NEXT SEEDS:322C4446       6       0       0       0       0   181CD    3039       0       0
    2800000               7200000               7200000             5.5540466E-04         1.0000000E+30            184478       
 NEXT SEEDS:15F57306       7       0       0       0       0   181CD    3039       0       0
    3000000               7000000               7000000             5.5435839E-04         1.0000000E+30            197784       
 NEXT SEEDS:3562A9E6       7       0       0       0       0   181CD    3039       0       0
    3200000               6800000               6800000             5.5418216E-04         1.0000000E+30            210917       
 NEXT SEEDS:190DE2F3       8       0       0       0       0   181CD    3039       0       0
 COUSET, TXYZ:  0.999999999991977      4.825732130018931E-02  0.998834936776285    
    3400000               6600000               6600000             5.5421131E-04         1.0000000E+30            224059       
 NEXT SEEDS:385AEFAB       8       0       0       0       0   181CD    3039       0       0
    3600000               6400000               6400000             5.5416544E-04         1.0000000E+30            237337       
 NEXT SEEDS:1C25CF36       9       0       0       0       0   181CD    3039       0       0
 COUSET, TXYZ:   1.00000000001670     -0.168282062441076      0.985738884032677    
    3800000               6200000               6200000             5.5502229E-04         1.0000000E+30            250623       
 NEXT SEEDS:3B92EEE2       9       0       0       0       0   181CD    3039       0       0
    4000000               6000000               6000000             5.5314959E-04         1.0000000E+30            263764       
 NEXT SEEDS:1F58C1F9       A       0       0       0       0   181CD    3039       0       0
    4200000               5800000               5800000             5.4966395E-04         1.0000000E+30            277098       
 NEXT SEEDS: 350B860       B       0       0       0       0   181CD    3039       0       0
    4400000               5600000               5600000             5.4642850E-04         1.0000000E+30            290226       
 NEXT SEEDS:22A5F879       B       0       0       0       0   181CD    3039       0       0
    4600000               5400000               5400000             5.4354587E-04         1.0000000E+30            303439       
 NEXT SEEDS: 66C3477       C       0       0       0       0   181CD    3039       0       0
    4800000               5200000               5200000             5.4082824E-04         1.0000000E+30            316710       
 NEXT SEEDS:25DE8634       C       0       0       0       0   181CD    3039       0       0
    5000000               5000000               5000000             5.3828408E-04         1.0000000E+30            329950       
 NEXT SEEDS: 9AC7936       D       0       0       0       0   181CD    3039       0       0
    5200000               4800000               4800000             5.3600060E-04         1.0000000E+30            343131       
 NEXT SEEDS:2906FAE7       D       0       0       0       0   181CD    3039       0       0
    5400000               4600000               4600000             5.3386153E-04         1.0000000E+30            356182       
 NEXT SEEDS: CB3460D       E       0       0       0       0   181CD    3039       0       0
    5600000               4400000               4400000             5.3184204E-04         1.0000000E+30            369204       
 NEXT SEEDS:2C1D4F6C       E       0       0       0       0   181CD    3039       0       0
    5800000               4200000               4200000             5.2997571E-04         1.0000000E+30            382358       
 NEXT SEEDS: FF59761       F       0       0       0       0   181CD    3039       0       0
    6000000               4000000               4000000             5.2820711E-04         1.0000000E+30            395448       
 NEXT SEEDS:2F47E2AB       F       0       0       0       0   181CD    3039       0       0
    6200000               3800000               3800000             5.2659420E-04         1.0000000E+30            408644       
 NEXT SEEDS:131B496B      10       0       0       0       0   181CD    3039       0       0
    6400000               3600000               3600000             5.2509311E-04         1.0000000E+30            421860       
 NEXT SEEDS:3293F07D      10       0       0       0       0   181CD    3039       0       0
    6600000               3400000               3400000             5.2366581E-04         1.0000000E+30            435013       
 NEXT SEEDS:16653357      11       0       0       0       0   181CD    3039       0       0
 COUSET, TXYZ:   1.00000000000577     -0.413194232326268      0.910642919252018    
    6800000               3200000               3200000             5.2235075E-04         1.0000000E+30            448211       
 NEXT SEEDS:35CEBC7B      11       0       0       0       0   181CD    3039       0       0
    7000000               3000000               3000000             5.2112259E-04         1.0000000E+30            461533       
 NEXT SEEDS:19A79B09      12       0       0       0       0   181CD    3039       0       0
    7200000               2800000               2800000             5.1991045E-04         1.0000000E+30            474656       
 NEXT SEEDS:390644ED      12       0       0       0       0   181CD    3039       0       0
    7400000               2600000               2600000             5.1881199E-04         1.0000000E+30            487756       
 NEXT SEEDS:1CB5E3D2      13       0       0       0       0   181CD    3039       0       0
    7600000               2400000               2400000             5.1779017E-04         1.0000000E+30            500764       
 NEXT SEEDS:  83C872      14       0       0       0       0   181CD    3039       0       0
    7800000               2200000               2200000             5.1682151E-04         1.0000000E+30            514137       
 NEXT SEEDS:1FFF26C0      14       0       0       0       0   181CD    3039       0       0
    8000000               2000000               2000000             5.1581799E-04         1.0000000E+30            527201       
 NEXT SEEDS: 3B80F13      15       0       0       0       0   181CD    3039       0       0
    8200000               1800000               1800000             5.1492229E-04         1.0000000E+30            540528       
 NEXT SEEDS:232A1044      15       0       0       0       0   181CD    3039       0       0
 COUSET, TXYZ:   1.00000000000651     -0.893272173816884      0.449516210494652    
    8400000               1600000               1600000             5.1401419E-04         1.0000000E+30            553549       
 NEXT SEEDS: 6DFAAA7      16       0       0       0       0   181CD    3039       0       0
    8600000               1400000               1400000             5.1317570E-04         1.0000000E+30            566500       
 NEXT SEEDS:263DB1F8      16       0       0       0       0   181CD    3039       0       0
    8800000               1200000               1200000             5.1239102E-04         1.0000000E+30            579604       
 NEXT SEEDS: 9F3DEE6      17       0       0       0       0   181CD    3039       0       0
    9000000               1000000               1000000             5.1161805E-04         1.0000000E+30            592855       
 NEXT SEEDS:29586F41      17       0       0       0       0   181CD    3039       0       0
    9200000                800000                800000             5.1088347E-04         1.0000000E+30            606049       
 NEXT SEEDS: D159CA0      18       0       0       0       0   181CD    3039       0       0
    9400000                600000                600000             5.1021011E-04         1.0000000E+30            619161       
 NEXT SEEDS:2C670BB0      18       0       0       0       0   181CD    3039       0       0
    9600000                400000                400000             5.0957784E-04         1.0000000E+30            632450       
 NEXT SEEDS:1043CACB      19       0       0       0       0   181CD    3039       0       0
    9800000                200000                200000             5.0892503E-04         1.0000000E+30            645666       
 NEXT SEEDS:2F9DE21A      19       0       0       0       0   181CD    3039       0       0
    9999950                    50                    50             5.0834463E-04         1.0000000E+30            658884       
 NEXT SEEDS:136E4541      1A       0       0       0       0   181CD    3039       0       0
    9999951                    49                    49             5.0834463E-04         1.0000000E+30            658884       
 NEXT SEEDS:136E4ED2      1A       0       0       0       0   181CD    3039       0       0
    9999952                    48                    48             5.0834458E-04         1.0000000E+30            658884       
 NEXT SEEDS:136E5818      1A       0       0       0       0   181CD    3039       0       0
    9999953                    47                    47             5.0834457E-04         1.0000000E+30            658884       
 NEXT SEEDS:136E63CE      1A       0       0       0       0   181CD    3039       0       0
    9999954                    46                    46             5.0834457E-04         1.0000000E+30            658884       
 NEXT SEEDS:136E6D4B      1A       0       0       0       0   181CD    3039       0       0
    9999955                    45                    45             5.0834452E-04         1.0000000E+30            658884       
 NEXT SEEDS:136E76A5      1A       0       0       0       0   181CD    3039       0       0
    9999956                    44                    44             5.0834452E-04         1.0000000E+30            658884       
 NEXT SEEDS:136E8399      1A       0       0       0       0   181CD    3039       0       0
    9999957                    43                    43             5.0834452E-04         1.0000000E+30            658884       
 NEXT SEEDS:136E8BBA      1A       0       0       0       0   181CD    3039       0       0
    9999958                    42                    42             5.0834447E-04         1.0000000E+30            658884       
 NEXT SEEDS:136E928E      1A       0       0       0       0   181CD    3039       0       0
    9999959                    41                    41             5.0834447E-04         1.0000000E+30            658884       
 NEXT SEEDS:136E9832      1A       0       0       0       0   181CD    3039       0       0
    9999960                    40                    40             5.0834441E-04         1.0000000E+30            658884       
 NEXT SEEDS:136EA04B      1A       0       0       0       0   181CD    3039       0       0
    9999961                    39                    39             5.0834441E-04         1.0000000E+30            658884       
 NEXT SEEDS:136EA7F8      1A       0       0       0       0   181CD    3039       0       0
    9999962                    38                    38             5.0834441E-04         1.0000000E+30            658884       
 NEXT SEEDS:136EB2F7      1A       0       0       0       0   181CD    3039       0       0
    9999963                    37                    37             5.0834436E-04         1.0000000E+30            658884       
 NEXT SEEDS:136EBAD1      1A       0       0       0       0   181CD    3039       0       0
    9999964                    36                    36             5.0834436E-04         1.0000000E+30            658884       
 NEXT SEEDS:136EC54F      1A       0       0       0       0   181CD    3039       0       0
    9999965                    35                    35             5.0834431E-04         1.0000000E+30            658884       
 NEXT SEEDS:136ECC90      1A       0       0       0       0   181CD    3039       0       0
    9999966                    34                    34             5.0834430E-04         1.0000000E+30            658884       
 NEXT SEEDS:136ED594      1A       0       0       0       0   181CD    3039       0       0
    9999967                    33                    33             5.0834425E-04         1.0000000E+30            658884       
 NEXT SEEDS:136ED9BE      1A       0       0       0       0   181CD    3039       0       0
    9999968                    32                    32             5.0834425E-04         1.0000000E+30            658884       
 NEXT SEEDS:136EEA13      1A       0       0       0       0   181CD    3039       0       0
    9999969                    31                    31             5.0834425E-04         1.0000000E+30            658884       
 NEXT SEEDS:136EF3FA      1A       0       0       0       0   181CD    3039       0       0
    9999970                    30                    30             5.0834425E-04         1.0000000E+30            658884       
 NEXT SEEDS:136EFDBB      1A       0       0       0       0   181CD    3039       0       0
    9999971                    29                    29             5.0834425E-04         1.0000000E+30            658884       
 NEXT SEEDS:136F091A      1A       0       0       0       0   181CD    3039       0       0
    9999972                    28                    28             5.0834419E-04         1.0000000E+30            658884       
 NEXT SEEDS:136F10B1      1A       0       0       0       0   181CD    3039       0       0
    9999973                    27                    27             5.0834419E-04         1.0000000E+30            658884       
 NEXT SEEDS:136F1A46      1A       0       0       0       0   181CD    3039       0       0
    9999974                    26                    26             5.0834414E-04         1.0000000E+30            658884       
 NEXT SEEDS:136F20B0      1A       0       0       0       0   181CD    3039       0       0
    9999975                    25                    25             5.0834419E-04         1.0000000E+30            658885       
 NEXT SEEDS:136F3F1A      1A       0       0       0       0   181CD    3039       0       0
    9999976                    24                    24             5.0834419E-04         1.0000000E+30            658885       
 NEXT SEEDS:136F4994      1A       0       0       0       0   181CD    3039       0       0
    9999977                    23                    23             5.0834418E-04         1.0000000E+30            658885       
 NEXT SEEDS:136F5768      1A       0       0       0       0   181CD    3039       0       0
    9999978                    22                    22             5.0834413E-04         1.0000000E+30            658885       
 NEXT SEEDS:136F5DA3      1A       0       0       0       0   181CD    3039       0       0
    9999979                    21                    21             5.0834413E-04         1.0000000E+30            658885       
 NEXT SEEDS:136F6324      1A       0       0       0       0   181CD    3039       0       0
    9999980                    20                    20             5.0834413E-04         1.0000000E+30            658885       
 NEXT SEEDS:136F72E1      1A       0       0       0       0   181CD    3039       0       0
    9999981                    19                    19             5.0834408E-04         1.0000000E+30            658885       
 NEXT SEEDS:136F7A94      1A       0       0       0       0   181CD    3039       0       0
    9999982                    18                    18             5.0834408E-04         1.0000000E+30            658885       
 NEXT SEEDS:136F81BB      1A       0       0       0       0   181CD    3039       0       0
    9999983                    17                    17             5.0834403E-04         1.0000000E+30            658885       
 NEXT SEEDS:136F89B0      1A       0       0       0       0   181CD    3039       0       0
    9999984                    16                    16             5.0834402E-04         1.0000000E+30            658885       
 NEXT SEEDS:136F912E      1A       0       0       0       0   181CD    3039       0       0
    9999985                    15                    15             5.0834402E-04         1.0000000E+30            658885       
 NEXT SEEDS:136F9A3D      1A       0       0       0       0   181CD    3039       0       0
    9999986                    14                    14             5.0834397E-04         1.0000000E+30            658885       
 NEXT SEEDS:136FA322      1A       0       0       0       0   181CD    3039       0       0
    9999987                    13                    13             5.0834397E-04         1.0000000E+30            658885       
 NEXT SEEDS:136FACC1      1A       0       0       0       0   181CD    3039       0       0
    9999988                    12                    12             5.0834397E-04         1.0000000E+30            658885       
 NEXT SEEDS:136FBC6B      1A       0       0       0       0   181CD    3039       0       0
    9999989                    11                    11             5.0834397E-04         1.0000000E+30            658885       
 NEXT SEEDS:136FC729      1A       0       0       0       0   181CD    3039       0       0
    9999990                    10                    10             5.0834391E-04         1.0000000E+30            658885       
 NEXT SEEDS:136FCFF5      1A       0       0       0       0   181CD    3039       0       0
    9999991                     9                     9             5.0834386E-04         1.0000000E+30            658885       
 NEXT SEEDS:136FD4D3      1A       0       0       0       0   181CD    3039       0       0
    9999992                     8                     8             5.0834381E-04         1.0000000E+30            658885       
 NEXT SEEDS:136FDA77      1A       0       0       0       0   181CD    3039       0       0
    9999993                     7                     7             5.0834376E-04         1.0000000E+30            658885       
 NEXT SEEDS:136FE58A      1A       0       0       0       0   181CD    3039       0       0
    9999994                     6                     6             5.0834371E-04         1.0000000E+30            658885       
 NEXT SEEDS:136FEBD0      1A       0       0       0       0   181CD    3039       0       0
    9999995                     5                     5             5.0834366E-04         1.0000000E+30            658885       
 NEXT SEEDS:136FF3CA      1A       0       0       0       0   181CD    3039       0       0
    9999996                     4                     4             5.0834361E-04         1.0000000E+30            658885       
 NEXT SEEDS:136FF8D7      1A       0       0       0       0   181CD    3039       0       0
    9999997                     3                     3             5.0834356E-04         1.0000000E+30            658885       
 NEXT SEEDS:137000D6      1A       0       0       0       0   181CD    3039       0       0
    9999998                     2                     2             5.0834351E-04         1.0000000E+30            658885       
 NEXT SEEDS:1370056B      1A       0       0       0       0   181CD    3039       0       0
    9999999                     1                     1             5.0834346E-04         1.0000000E+30            658885       
 NEXT SEEDS:137012AE      1A       0       0       0       0   181CD    3039       0       0
   10000000                     0                     1             5.0834341E-04         1.0000000E+30            658885       
 NEXT SEEDS:137019AE      1A       0       0       0       0   181CD    3039       0       0
