1NUMBER OF BEAM       NUMBER OF BEAM        APPROXIMATE NUMBER    AVERAGE TIME USED     TIME LEFT (RESERVED   NUMBER OF STARS
 PARTICLES HANDLED    PARTICLES LEFT        OF BEAM PARTICLES     BY A BEAM PARTICLE     10000.0 SECONDS      CREATED
                                            THAT CAN STILL BE                           FOR PRINTOUT)
                                            HANDLED

 NEXT SEEDS:       0       0       0       0       0       0   181CD    3039       0       0
          1               9999999               9999999             5.2094460E-04         1.0000000E+30                 0       
 NEXT SEEDS:     D60       0       0       0       0       0   181CD    3039       0       0
     200000               9800000               9800000             3.7572565E-04         1.0000000E+30             13081       
 NEXT SEEDS:1F9DF7EC       0       0       0       0       0   181CD    3039       0       0
 COUSET, TXYZ:  0.999999999990165      0.708259589242957      0.705952090602279    
     400000               9600000               9600000             3.7518096E-04         1.0000000E+30             26379       
 NEXT SEEDS: 38E30B7       1       0       0       0       0   181CD    3039       0       0
     600000               9400000               9400000             3.7556668E-04         1.0000000E+30             39535       
 NEXT SEEDS:232F8091       1       0       0       0       0   181CD    3039       0       0
     800000               9200000               9200000             3.7523534E-04         1.0000000E+30             52491       
 NEXT SEEDS: 705CF4B       2       0       0       0       0   181CD    3039       0       0
    1000000               9000000               9000000             3.7521180E-04         1.0000000E+30             65618       
 NEXT SEEDS:26A018ED       2       0       0       0       0   181CD    3039       0       0
    1200000               8800000               8800000             3.7518525E-04         1.0000000E+30             78677       
 NEXT SEEDS: A8C569B       3       0       0       0       0   181CD    3039       0       0
 COUSET, TXYZ:  0.999999999991257     -0.453040089663681      0.891490144163152    
    1400000               8600000               8600000             3.7530061E-04         1.0000000E+30             91816       
 NEXT SEEDS:2A1D8F2B       3       0       0       0       0   181CD    3039       0       0
    1600000               8400000               8400000             3.7540719E-04         1.0000000E+30            104874       
 NEXT SEEDS: E15F403       4       0       0       0       0   181CD    3039       0       0
    1800000               8200000               8200000             3.7525100E-04         1.0000000E+30            117844       
 NEXT SEEDS:2D874D3E       4       0       0       0       0   181CD    3039       0       0
 COUSET, TXYZ:   1.00000000002300     -0.908148413267313      0.418648372176537    
    2000000               8000000               8000000             3.7546976E-04         1.0000000E+30            131035       
 NEXT SEEDS:11881BDB       5       0       0       0       0   181CD    3039       0       0
    2200000               7800000               7800000             3.7541893E-04         1.0000000E+30            143994       
 NEXT SEEDS:30EC435D       5       0       0       0       0   181CD    3039       0       0
    2400000               7600000               7600000             3.7531515E-04         1.0000000E+30            157046       
 NEXT SEEDS:14B6AB79       6       0       0       0       0   181CD    3039       0       0
    2600000               7400000               7400000             3.7538629E-04         1.0000000E+30            170321       
 NEXT SEEDS:344F51C0       6       0       0       0       0   181CD    3039       0       0
    2800000               7200000               7200000             3.7630297E-04         1.0000000E+30            183383       
 NEXT SEEDS:18223A4A       7       0       0       0       0   181CD    3039       0       0
    3000000               7000000               7000000             3.7741171E-04         1.0000000E+30            196502       
 NEXT SEEDS:379C3BE2       7       0       0       0       0   181CD    3039       0       0
    3200000               6800000               6800000             3.7723587E-04         1.0000000E+30            209560       
 NEXT SEEDS:1B87B7AE       8       0       0       0       0   181CD    3039       0       0
    3400000               6600000               6600000             3.7708529E-04         1.0000000E+30            222770       
 NEXT SEEDS:3B09CC0E       8       0       0       0       0   181CD    3039       0       0
    3600000               6400000               6400000             3.7697646E-04         1.0000000E+30            236065       
 NEXT SEEDS:1EFD5C64       9       0       0       0       0   181CD    3039       0       0
    3800000               6200000               6200000             3.7681236E-04         1.0000000E+30            249093       
 NEXT SEEDS: 2E0D2C1       A       0       0       0       0   181CD    3039       0       0
    4000000               6000000               6000000             3.7674369E-04         1.0000000E+30            262357       
 NEXT SEEDS:226F18A3       A       0       0       0       0   181CD    3039       0       0
 COUSET, TXYZ:  0.999999999972718      0.754013795609733     -0.656858581412804    
    4200000               5800000               5800000             3.7659866E-04         1.0000000E+30            275389       
 NEXT SEEDS: 6410D4D       B       0       0       0       0   181CD    3039       0       0
    4400000               5600000               5600000             3.7652067E-04         1.0000000E+30            288615       
 NEXT SEEDS:25D5C1D5       B       0       0       0       0   181CD    3039       0       0
    4600000               5400000               5400000             3.7641676E-04         1.0000000E+30            301813       
 NEXT SEEDS: 9B830D8       C       0       0       0       0   181CD    3039       0       0
 COUSET, TXYZ:  0.999999999967990     -0.631988733054941      0.774977574661094    
    4800000               5200000               5200000             3.7634298E-04         1.0000000E+30            314817       
 NEXT SEEDS:293C90E2       C       0       0       0       0   181CD    3039       0       0
    5000000               5000000               5000000             3.7624700E-04         1.0000000E+30            327767       
 NEXT SEEDS: D1D1A25       D       0       0       0       0   181CD    3039       0       0
 COUSET, TXYZ:   1.00000000003936     -0.984861338307518      0.173344005912622    
    5200000               4800000               4800000             3.7616169E-04         1.0000000E+30            340946       
 NEXT SEEDS:2C9E87E0       D       0       0       0       0   181CD    3039       0       0
    5400000               4600000               4600000             3.7607818E-04         1.0000000E+30            354033       
 NEXT SEEDS:107A6A13       E       0       0       0       0   181CD    3039       0       0
    5600000               4400000               4400000             3.7602158E-04         1.0000000E+30            367119       
 NEXT SEEDS:300262C4       E       0       0       0       0   181CD    3039       0       0
    5800000               4200000               4200000             3.7600252E-04         1.0000000E+30            380392       
 NEXT SEEDS:1404C72A       F       0       0       0       0   181CD    3039       0       0
    6000000               4000000               4000000             3.7594477E-04         1.0000000E+30            393406       
 NEXT SEEDS:33750700       F       0       0       0       0   181CD    3039       0       0
    6200000               3800000               3800000             3.7592197E-04         1.0000000E+30            406654       
 NEXT SEEDS:1767D371      10       0       0       0       0   181CD    3039       0       0
    6400000               3600000               3600000             3.7587584E-04         1.0000000E+30            419727       
 NEXT SEEDS:36EBDB61      10       0       0       0       0   181CD    3039       0       0
 COUSET, TXYZ:   1.00000000000573      0.722019318698793      0.691872895434697    
    6600000               3400000               3400000             3.7583080E-04         1.0000000E+30            432890       
 NEXT SEEDS:1ACAC6D0      11       0       0       0       0   181CD    3039       0       0
    6800000               3200000               3200000             3.7588144E-04         1.0000000E+30            446095       
 NEXT SEEDS:3A6ACE1B      11       0       0       0       0   181CD    3039       0       0
 COUSET, TXYZ:  0.999999999984673     -0.643546203505449      0.765407266703857    
    7000000               3000000               3000000             3.7582654E-04         1.0000000E+30            459188       
 NEXT SEEDS:1E3D6C96      12       0       0       0       0   181CD    3039       0       0
    7200000               2800000               2800000             3.7579666E-04         1.0000000E+30            472377       
 NEXT SEEDS: 22379EC      13       0       0       0       0   181CD    3039       0       0
    7400000               2600000               2600000             3.7579324E-04         1.0000000E+30            485652       
 NEXT SEEDS:21CD4F5A      13       0       0       0       0   181CD    3039       0       0
    7600000               2400000               2400000             3.7574137E-04         1.0000000E+30            498745       
 NEXT SEEDS: 5A8B0E1      14       0       0       0       0   181CD    3039       0       0
    7800000               2200000               2200000             3.7572048E-04         1.0000000E+30            511886       
 NEXT SEEDS:25361534      14       0       0       0       0   181CD    3039       0       0
    8000000               2000000               2000000             3.7568532E-04         1.0000000E+30            525054       
 NEXT SEEDS: 91CC2E0      15       0       0       0       0   181CD    3039       0       0
    8200000               1800000               1800000             3.7567134E-04         1.0000000E+30            538231       
 NEXT SEEDS:28AE3E3A      15       0       0       0       0   181CD    3039       0       0
 COUSET, TXYZ:  0.999999999993637      0.980976520962894      0.194126415788296    
    8400000               1600000               1600000             3.7567663E-04         1.0000000E+30            551543       
 NEXT SEEDS: CB34FF2      16       0       0       0       0   181CD    3039       0       0
    8600000               1400000               1400000             3.7563322E-04         1.0000000E+30            564591       
 NEXT SEEDS:2C1EB046      16       0       0       0       0   181CD    3039       0       0
 COUSET, TXYZ:  0.999999999994005      0.682072379577199     -0.731284670293250    
 COUSET, TXYZ:   1.00000000000833     -0.598497623863723      0.801124580977358    
 COUSET, TXYZ:  0.999999999994579     -0.408809738847053      0.912619634575634    
    8800000               1200000               1200000             3.7559050E-04         1.0000000E+30            577519       
 NEXT SEEDS: FF75A7D      17       0       0       0       0   181CD    3039       0       0
    9000000               1000000               1000000             3.7557478E-04         1.0000000E+30            590683       
 NEXT SEEDS:2F7A1284      17       0       0       0       0   181CD    3039       0       0
    9200000                800000                800000             3.7558444E-04         1.0000000E+30            604077       
 NEXT SEEDS:1386D38F      18       0       0       0       0   181CD    3039       0       0
    9400000                600000                600000             3.7555858E-04         1.0000000E+30            617215       
 NEXT SEEDS:33009B9A      18       0       0       0       0   181CD    3039       0       0
    9600000                400000                400000             3.7553766E-04         1.0000000E+30            630497       
 NEXT SEEDS:16E4EE3E      19       0       0       0       0   181CD    3039       0       0
    9800000                200000                200000             3.7549614E-04         1.0000000E+30            643432       
 NEXT SEEDS:364D064E      19       0       0       0       0   181CD    3039       0       0
    9999950                    50                    50             3.7549501E-04         1.0000000E+30            656654       
 NEXT SEEDS:1A549032      1A       0       0       0       0   181CD    3039       0       0
    9999951                    49                    49             3.7549499E-04         1.0000000E+30            656654       
 NEXT SEEDS:1A549771      1A       0       0       0       0   181CD    3039       0       0
    9999952                    48                    48             3.7549500E-04         1.0000000E+30            656654       
 NEXT SEEDS:1A54A2C6      1A       0       0       0       0   181CD    3039       0       0
    9999953                    47                    47             3.7549502E-04         1.0000000E+30            656654       
 NEXT SEEDS:1A54AE3D      1A       0       0       0       0   181CD    3039       0       0
    9999954                    46                    46             3.7549505E-04         1.0000000E+30            656654       
 NEXT SEEDS:1A54BA2C      1A       0       0       0       0   181CD    3039       0       0
    9999955                    45                    45             3.7549504E-04         1.0000000E+30            656654       
 NEXT SEEDS:1A54C113      1A       0       0       0       0   181CD    3039       0       0
    9999956                    44                    44             3.7549505E-04         1.0000000E+30            656654       
 NEXT SEEDS:1A54CB70      1A       0       0       0       0   181CD    3039       0       0
    9999957                    43                    43             3.7549506E-04         1.0000000E+30            656654       
 NEXT SEEDS:1A54D903      1A       0       0       0       0   181CD    3039       0       0
    9999958                    42                    42             3.7549507E-04         1.0000000E+30            656654       
 NEXT SEEDS:1A54E15E      1A       0       0       0       0   181CD    3039       0       0
    9999959                    41                    41             3.7549506E-04         1.0000000E+30            656654       
 NEXT SEEDS:1A54E9AF      1A       0       0       0       0   181CD    3039       0       0
    9999960                    40                    40             3.7549507E-04         1.0000000E+30            656654       
 NEXT SEEDS:1A54F164      1A       0       0       0       0   181CD    3039       0       0
    9999961                    39                    39             3.7549506E-04         1.0000000E+30            656654       
 NEXT SEEDS:1A54F9FB      1A       0       0       0       0   181CD    3039       0       0
    9999962                    38                    38             3.7549507E-04         1.0000000E+30            656654       
 NEXT SEEDS:1A550363      1A       0       0       0       0   181CD    3039       0       0
    9999963                    37                    37             3.7549508E-04         1.0000000E+30            656654       
 NEXT SEEDS:1A55103E      1A       0       0       0       0   181CD    3039       0       0
    9999964                    36                    36             3.7549509E-04         1.0000000E+30            656654       
 NEXT SEEDS:1A55163A      1A       0       0       0       0   181CD    3039       0       0
    9999965                    35                    35             3.7549508E-04         1.0000000E+30            656654       
 NEXT SEEDS:1A551CC0      1A       0       0       0       0   181CD    3039       0       0
    9999966                    34                    34             3.7549506E-04         1.0000000E+30            656654       
 NEXT SEEDS:1A55225D      1A       0       0       0       0   181CD    3039       0       0
    9999967                    33                    33             3.7549508E-04         1.0000000E+30            656654       
 NEXT SEEDS:1A552F2D      1A       0       0       0       0   181CD    3039       0       0
    9999968                    32                    32             3.7549509E-04         1.0000000E+30            656654       
 NEXT SEEDS:1A5535A4      1A       0       0       0       0   181CD    3039       0       0
    9999969                    31                    31             3.7549510E-04         1.0000000E+30            656654       
 NEXT SEEDS:1A553E84      1A       0       0       0       0   181CD    3039       0       0
    9999970                    30                    30             3.7549511E-04         1.0000000E+30            656654       
 NEXT SEEDS:1A554BCB      1A       0       0       0       0   181CD    3039       0       0
    9999971                    29                    29             3.7549510E-04         1.0000000E+30            656654       
 NEXT SEEDS:1A55514E      1A       0       0       0       0   181CD    3039       0       0
    9999972                    28                    28             3.7549511E-04         1.0000000E+30            656654       
 NEXT SEEDS:1A555C33      1A       0       0       0       0   181CD    3039       0       0
    9999973                    27                    27             3.7549512E-04         1.0000000E+30            656654       
 NEXT SEEDS:1A55664E      1A       0       0       0       0   181CD    3039       0       0
    9999974                    26                    26             3.7549513E-04         1.0000000E+30            656654       
 NEXT SEEDS:1A5574AD      1A       0       0       0       0   181CD    3039       0       0
    9999975                    25                    25             3.7549534E-04         1.0000000E+30            656655       
 NEXT SEEDS:1A55B766      1A       0       0       0       0   181CD    3039       0       0
    9999976                    24                    24             3.7549535E-04         1.0000000E+30            656655       
 NEXT SEEDS:1A55C003      1A       0       0       0       0   181CD    3039       0       0
    9999977                    23                    23             3.7549536E-04         1.0000000E+30            656655       
 NEXT SEEDS:1A55CAB6      1A       0       0       0       0   181CD    3039       0       0
    9999978                    22                    22             3.7549537E-04         1.0000000E+30            656655       
 NEXT SEEDS:1A55D407      1A       0       0       0       0   181CD    3039       0       0
    9999979                    21                    21             3.7549536E-04         1.0000000E+30            656655       
 NEXT SEEDS:1A55DC99      1A       0       0       0       0   181CD    3039       0       0
    9999980                    20                    20             3.7549537E-04         1.0000000E+30            656655       
 NEXT SEEDS:1A55E683      1A       0       0       0       0   181CD    3039       0       0
    9999981                    19                    19             3.7549538E-04         1.0000000E+30            656655       
 NEXT SEEDS:1A55F049      1A       0       0       0       0   181CD    3039       0       0
    9999982                    18                    18             3.7549539E-04         1.0000000E+30            656655       
 NEXT SEEDS:1A55FA49      1A       0       0       0       0   181CD    3039       0       0
    9999983                    17                    17             3.7549538E-04         1.0000000E+30            656655       
 NEXT SEEDS:1A5600DA      1A       0       0       0       0   181CD    3039       0       0
    9999984                    16                    16             3.7549537E-04         1.0000000E+30            656655       
 NEXT SEEDS:1A560379      1A       0       0       0       0   181CD    3039       0       0
    9999985                    15                    15             3.7549538E-04         1.0000000E+30            656655       
 NEXT SEEDS:1A560E51      1A       0       0       0       0   181CD    3039       0       0
    9999986                    14                    14             3.7549539E-04         1.0000000E+30            656655       
 NEXT SEEDS:1A561943      1A       0       0       0       0   181CD    3039       0       0
    9999987                    13                    13             3.7549540E-04         1.0000000E+30            656655       
 NEXT SEEDS:1A56235A      1A       0       0       0       0   181CD    3039       0       0
    9999988                    12                    12             3.7549541E-04         1.0000000E+30            656655       
 NEXT SEEDS:1A562AB1      1A       0       0       0       0   181CD    3039       0       0
    9999989                    11                    11             3.7549542E-04         1.0000000E+30            656655       
 NEXT SEEDS:1A56359B      1A       0       0       0       0   181CD    3039       0       0
    9999990                    10                    10             3.7549541E-04         1.0000000E+30            656655       
 NEXT SEEDS:1A563E93      1A       0       0       0       0   181CD    3039       0       0
    9999991                     9                     9             3.7549540E-04         1.0000000E+30            656655       
 NEXT SEEDS:1A564344      1A       0       0       0       0   181CD    3039       0       0
    9999992                     8                     8             3.7549541E-04         1.0000000E+30            656655       
 NEXT SEEDS:1A564BF1      1A       0       0       0       0   181CD    3039       0       0
    9999993                     7                     7             3.7549542E-04         1.0000000E+30            656655       
 NEXT SEEDS:1A565717      1A       0       0       0       0   181CD    3039       0       0
    9999994                     6                     6             3.7549540E-04         1.0000000E+30            656655       
 NEXT SEEDS:1A565D97      1A       0       0       0       0   181CD    3039       0       0
    9999995                     5                     5             3.7549542E-04         1.0000000E+30            656655       
 NEXT SEEDS:1A566884      1A       0       0       0       0   181CD    3039       0       0
    9999996                     4                     4             3.7549543E-04         1.0000000E+30            656655       
 NEXT SEEDS:1A5670ED      1A       0       0       0       0   181CD    3039       0       0
    9999997                     3                     3             3.7549544E-04         1.0000000E+30            656655       
 NEXT SEEDS:1A567B26      1A       0       0       0       0   181CD    3039       0       0
    9999998                     2                     2             3.7549543E-04         1.0000000E+30            656655       
 NEXT SEEDS:1A567F15      1A       0       0       0       0   181CD    3039       0       0
    9999999                     1                     1             3.7549544E-04         1.0000000E+30            656655       
 NEXT SEEDS:1A568B6C      1A       0       0       0       0   181CD    3039       0       0
   10000000                     0                     1             3.7549545E-04         1.0000000E+30            656655       
 NEXT SEEDS:1A569617      1A       0       0       0       0   181CD    3039       0       0
