1NUMBER OF BEAM       NUMBER OF BEAM        APPROXIMATE NUMBER    AVERAGE TIME USED     TIME LEFT (RESERVED   NUMBER OF STARS
 PARTICLES HANDLED    PARTICLES LEFT        OF BEAM PARTICLES     BY A BEAM PARTICLE     10000.0 SECONDS      CREATED
                                            THAT CAN STILL BE                           FOR PRINTOUT)
                                            HANDLED

 NEXT SEEDS:       0       0       0       0       0       0   181CD    3039       0       0
          1               9999999               9999999             3.9100647E-04         1.0000000E+30                 0       
 NEXT SEEDS:     499       0       0       0       0       0   181CD    3039       0       0
     200000               9800000               9800000             5.1136384E-04         1.0000000E+30              7962       
 NEXT SEEDS:13D94136       0       0       0       0       0   181CD    3039       0       0
     400000               9600000               9600000             5.5237271E-04         1.0000000E+30             15862       
 NEXT SEEDS:27B233A7       0       0       0       0       0   181CD    3039       0       0
     600000               9400000               9400000             5.9784892E-04         1.0000000E+30             23672       
 NEXT SEEDS:3B7B1B0D       0       0       0       0       0   181CD    3039       0       0
     800000               9200000               9200000             6.3956982E-04         1.0000000E+30             31400       
 NEXT SEEDS:13A81BF3       1       0       0       0       0   181CD    3039       0       0
    1000000               9000000               9000000             6.7191056E-04         1.0000000E+30             39179       
 NEXT SEEDS:275D6738       1       0       0       0       0   181CD    3039       0       0
 COUSET, TXYZ:   1.00000000000641      0.163580348546296      0.986530014536958    
 COUSET, TXYZ:  0.999999999866160      0.338393731490418      0.941004613283224    
    1200000               8800000               8800000             6.9586703E-04         1.0000000E+30             46958       
 NEXT SEEDS:3B220935       1       0       0       0       0   181CD    3039       0       0
    1400000               8600000               8600000             7.1237455E-04         1.0000000E+30             54842       
 NEXT SEEDS:13461B20       2       0       0       0       0   181CD    3039       0       0
    1600000               8400000               8400000             7.2053736E-04         1.0000000E+30             62531       
 NEXT SEEDS:26FBB3E8       2       0       0       0       0   181CD    3039       0       0
    1800000               8200000               8200000             7.2898283E-04         1.0000000E+30             70351       
 NEXT SEEDS:3AD0CA7D       2       0       0       0       0   181CD    3039       0       0
    2000000               8000000               8000000             7.3836000E-04         1.0000000E+30             78091       
 NEXT SEEDS:12EBAC9D       3       0       0       0       0   181CD    3039       0       0
    2200000               7800000               7800000             7.4080451E-04         1.0000000E+30             85923       
 NEXT SEEDS:26BE9E7B       3       0       0       0       0   181CD    3039       0       0
 COUSET, TXYZ:   1.00000000000723     -0.692144764247495      0.721758702988224    
    2400000               7600000               7600000             7.4742947E-04         1.0000000E+30             93667       
 NEXT SEEDS:3A88493D       3       0       0       0       0   181CD    3039       0       0
    2600000               7400000               7400000             7.5544238E-04         1.0000000E+30            101498       
 NEXT SEEDS:12B3101B       4       0       0       0       0   181CD    3039       0       0
    2800000               7200000               7200000             7.6060836E-04         1.0000000E+30            109218       
 NEXT SEEDS:266E5DC7       4       0       0       0       0   181CD    3039       0       0
    3000000               7000000               7000000             7.6001718E-04         1.0000000E+30            117151       
 NEXT SEEDS:3A3FAFD5       4       0       0       0       0   181CD    3039       0       0
    3200000               6800000               6800000             7.6352471E-04         1.0000000E+30            124807       
 NEXT SEEDS:1255D98F       5       0       0       0       0   181CD    3039       0       0
    3400000               6600000               6600000             7.6438312E-04         1.0000000E+30            132653       
 NEXT SEEDS:26194F55       5       0       0       0       0   181CD    3039       0       0
    3600000               6400000               6400000             7.6701451E-04         1.0000000E+30            140277       
 NEXT SEEDS:39C60EF2       5       0       0       0       0   181CD    3039       0       0
 COUSET, TXYZ:  0.999999999886953     -0.846229591078767      0.532818429632994    
    3800000               6200000               6200000             7.6733849E-04         1.0000000E+30            148065       
 NEXT SEEDS:11EAD7BF       6       0       0       0       0   181CD    3039       0       0
    4000000               6000000               6000000             7.7040095E-04         1.0000000E+30            155819       
 NEXT SEEDS:259A9FBE       6       0       0       0       0   181CD    3039       0       0
    4200000               5800000               5800000             7.7340716E-04         1.0000000E+30            163540       
 NEXT SEEDS:395820E6       6       0       0       0       0   181CD    3039       0       0
    4400000               5600000               5600000             7.7176820E-04         1.0000000E+30            171185       
 NEXT SEEDS:116B0473       7       0       0       0       0   181CD    3039       0       0
    4600000               5400000               5400000             7.7498456E-04         1.0000000E+30            179009       
 NEXT SEEDS:2530B6AE       7       0       0       0       0   181CD    3039       0       0
    4800000               5200000               5200000             7.7840857E-04         1.0000000E+30            186798       
 NEXT SEEDS:38EF1AD8       7       0       0       0       0   181CD    3039       0       0
 COUSET, TXYZ:  0.999999999990229      0.544586037784848      0.838704982356882    
    5000000               5000000               5000000             7.7910054E-04         1.0000000E+30            194473       
 NEXT SEEDS:10F8F7B0       8       0       0       0       0   181CD    3039       0       0
    5200000               4800000               4800000             7.7706868E-04         1.0000000E+30            202008       
 NEXT SEEDS:2493E456       8       0       0       0       0   181CD    3039       0       0
    5400000               4600000               4600000             7.7746669E-04         1.0000000E+30            209702       
 NEXT SEEDS:385E9BCC       8       0       0       0       0   181CD    3039       0       0
    5600000               4400000               4400000             7.7983046E-04         1.0000000E+30            217446       
 NEXT SEEDS:10817A8D       9       0       0       0       0   181CD    3039       0       0
    5800000               4200000               4200000             7.8201648E-04         1.0000000E+30            225201       
 NEXT SEEDS:243C3412       9       0       0       0       0   181CD    3039       0       0
    6000000               4000000               4000000             7.8313766E-04         1.0000000E+30            232882       
 NEXT SEEDS:37F3F372       9       0       0       0       0   181CD    3039       0       0
    6200000               3800000               3800000             7.8270961E-04         1.0000000E+30            240698       
 NEXT SEEDS:10316C47       A       0       0       0       0   181CD    3039       0       0
    6400000               3600000               3600000             7.8139363E-04         1.0000000E+30            248406       
 NEXT SEEDS:23F6FAAE       A       0       0       0       0   181CD    3039       0       0
    6600000               3400000               3400000             7.7833160E-04         1.0000000E+30            256085       
 NEXT SEEDS:37A04015       A       0       0       0       0   181CD    3039       0       0
    6800000               3200000               3200000             7.7966901E-04         1.0000000E+30            263880       
 NEXT SEEDS: FCEF3BA       B       0       0       0       0   181CD    3039       0       0
    7000000               3000000               3000000             7.8134072E-04         1.0000000E+30            271797       
 NEXT SEEDS:2397E5C5       B       0       0       0       0   181CD    3039       0       0
    7200000               2800000               2800000             7.7675080E-04         1.0000000E+30            279539       
 NEXT SEEDS:375222CE       B       0       0       0       0   181CD    3039       0       0
    7400000               2600000               2600000             7.6551148E-04         1.0000000E+30            287154       
 NEXT SEEDS: F71EE31       C       0       0       0       0   181CD    3039       0       0
    7600000               2400000               2400000             7.5765564E-04         1.0000000E+30            294822       
 NEXT SEEDS:23289C18       C       0       0       0       0   181CD    3039       0       0
    7800000               2200000               2200000             7.5166495E-04         1.0000000E+30            302590       
 NEXT SEEDS:36E4A377       C       0       0       0       0   181CD    3039       0       0
    8000000               2000000               2000000             7.4614933E-04         1.0000000E+30            310401       
 NEXT SEEDS: F0644A6       D       0       0       0       0   181CD    3039       0       0
    8200000               1800000               1800000             7.4083410E-04         1.0000000E+30            318136       
 NEXT SEEDS:22BA9A79       D       0       0       0       0   181CD    3039       0       0
    8400000               1600000               1600000             7.3181307E-04         1.0000000E+30            325710       
 NEXT SEEDS:3670E800       D       0       0       0       0   181CD    3039       0       0
    8600000               1400000               1400000             7.2578111E-04         1.0000000E+30            333738       
 NEXT SEEDS: EB6C11B       E       0       0       0       0   181CD    3039       0       0
    8800000               1200000               1200000             7.2115471E-04         1.0000000E+30            341373       
 NEXT SEEDS:2273DBFA       E       0       0       0       0   181CD    3039       0       0
    9000000               1000000               1000000             7.1686467E-04         1.0000000E+30            349359       
 NEXT SEEDS:36431027       E       0       0       0       0   181CD    3039       0       0
    9200000                800000                800000             7.1025027E-04         1.0000000E+30            357174       
 NEXT SEEDS: E5B1E3E       F       0       0       0       0   181CD    3039       0       0
    9400000                600000                600000             7.0448962E-04         1.0000000E+30            364921       
 NEXT SEEDS:2211AF88       F       0       0       0       0   181CD    3039       0       0
    9600000                400000                400000             6.9881961E-04         1.0000000E+30            372659       
 NEXT SEEDS:35C9E414       F       0       0       0       0   181CD    3039       0       0
    9800000                200000                200000             6.9192052E-04         1.0000000E+30            380257       
 NEXT SEEDS: DCEC4DE      10       0       0       0       0   181CD    3039       0       0
    9999950                    50                    50             6.8545453E-04         1.0000000E+30            388176       
 NEXT SEEDS:21AE901B      10       0       0       0       0   181CD    3039       0       0
    9999951                    49                    49             6.8545470E-04         1.0000000E+30            388176       
 NEXT SEEDS:21AE9807      10       0       0       0       0   181CD    3039       0       0
    9999952                    48                    48             6.8545478E-04         1.0000000E+30            388176       
 NEXT SEEDS:21AE9C70      10       0       0       0       0   181CD    3039       0       0
    9999953                    47                    47             6.8545481E-04         1.0000000E+30            388176       
 NEXT SEEDS:21AEA03B      10       0       0       0       0   181CD    3039       0       0
    9999954                    46                    46             6.8545494E-04         1.0000000E+30            388176       
 NEXT SEEDS:21AEA814      10       0       0       0       0   181CD    3039       0       0
    9999955                    45                    45             6.8545546E-04         1.0000000E+30            388177       
 NEXT SEEDS:21AEBD6B      10       0       0       0       0   181CD    3039       0       0
    9999956                    44                    44             6.8545558E-04         1.0000000E+30            388177       
 NEXT SEEDS:21AEC1CC      10       0       0       0       0   181CD    3039       0       0
    9999957                    43                    43             6.8545566E-04         1.0000000E+30            388177       
 NEXT SEEDS:21AEC410      10       0       0       0       0   181CD    3039       0       0
    9999958                    42                    42             6.8545584E-04         1.0000000E+30            388177       
 NEXT SEEDS:21AECAB0      10       0       0       0       0   181CD    3039       0       0
    9999959                    41                    41             6.8545596E-04         1.0000000E+30            388177       
 NEXT SEEDS:21AED0C1      10       0       0       0       0   181CD    3039       0       0
    9999960                    40                    40             6.8545619E-04         1.0000000E+30            388177       
 NEXT SEEDS:21AED984      10       0       0       0       0   181CD    3039       0       0
    9999961                    39                    39             6.8545627E-04         1.0000000E+30            388177       
 NEXT SEEDS:21AEDD31      10       0       0       0       0   181CD    3039       0       0
    9999962                    38                    38             6.8545639E-04         1.0000000E+30            388177       
 NEXT SEEDS:21AEE20A      10       0       0       0       0   181CD    3039       0       0
    9999963                    37                    37             6.8545652E-04         1.0000000E+30            388177       
 NEXT SEEDS:21AEE81C      10       0       0       0       0   181CD    3039       0       0
    9999964                    36                    36             6.8545660E-04         1.0000000E+30            388177       
 NEXT SEEDS:21AEEC82      10       0       0       0       0   181CD    3039       0       0
    9999965                    35                    35             6.8545667E-04         1.0000000E+30            388177       
 NEXT SEEDS:21AEF0A8      10       0       0       0       0   181CD    3039       0       0
    9999966                    34                    34             6.8545783E-04         1.0000000E+30            388178       
 NEXT SEEDS:21AF1FB9      10       0       0       0       0   181CD    3039       0       0
    9999967                    33                    33             6.8545795E-04         1.0000000E+30            388178       
 NEXT SEEDS:21AF236C      10       0       0       0       0   181CD    3039       0       0
    9999968                    32                    32             6.8545813E-04         1.0000000E+30            388178       
 NEXT SEEDS:21AF2C27      10       0       0       0       0   181CD    3039       0       0
    9999969                    31                    31             6.8545826E-04         1.0000000E+30            388178       
 NEXT SEEDS:21AF2FF9      10       0       0       0       0   181CD    3039       0       0
    9999970                    30                    30             6.8545843E-04         1.0000000E+30            388178       
 NEXT SEEDS:21AF36A4      10       0       0       0       0   181CD    3039       0       0
    9999971                    29                    29             6.8545861E-04         1.0000000E+30            388178       
 NEXT SEEDS:21AF3F1E      10       0       0       0       0   181CD    3039       0       0
    9999972                    28                    28             6.8545883E-04         1.0000000E+30            388178       
 NEXT SEEDS:21AF4947      10       0       0       0       0   181CD    3039       0       0
    9999973                    27                    27             6.8545906E-04         1.0000000E+30            388178       
 NEXT SEEDS:21AF5449      10       0       0       0       0   181CD    3039       0       0
    9999974                    26                    26             6.8545918E-04         1.0000000E+30            388178       
 NEXT SEEDS:21AF5B06      10       0       0       0       0   181CD    3039       0       0
    9999975                    25                    25             6.8545970E-04         1.0000000E+30            388179       
 NEXT SEEDS:21AF7189      10       0       0       0       0   181CD    3039       0       0
    9999976                    24                    24             6.8545988E-04         1.0000000E+30            388179       
 NEXT SEEDS:21AF78A4      10       0       0       0       0   181CD    3039       0       0
    9999977                    23                    23             6.8546005E-04         1.0000000E+30            388179       
 NEXT SEEDS:21AF7F06      10       0       0       0       0   181CD    3039       0       0
    9999978                    22                    22             6.8546013E-04         1.0000000E+30            388179       
 NEXT SEEDS:21AF839A      10       0       0       0       0   181CD    3039       0       0
    9999979                    21                    21             6.8546011E-04         1.0000000E+30            388179       
 NEXT SEEDS:21AF8578      10       0       0       0       0   181CD    3039       0       0
    9999980                    20                    20             6.8546112E-04         1.0000000E+30            388180       
 NEXT SEEDS:21AFB118      10       0       0       0       0   181CD    3039       0       0
    9999981                    19                    19             6.8546114E-04         1.0000000E+30            388180       
 NEXT SEEDS:21AFB3FE      10       0       0       0       0   181CD    3039       0       0
    9999982                    18                    18             6.8546122E-04         1.0000000E+30            388180       
 NEXT SEEDS:21AFBA4B      10       0       0       0       0   181CD    3039       0       0
    9999983                    17                    17             6.8546125E-04         1.0000000E+30            388180       
 NEXT SEEDS:21AFBE8D      10       0       0       0       0   181CD    3039       0       0
    9999984                    16                    16             6.8546138E-04         1.0000000E+30            388180       
 NEXT SEEDS:21AFC5A3      10       0       0       0       0   181CD    3039       0       0
    9999985                    15                    15             6.8546234E-04         1.0000000E+30            388181       
 NEXT SEEDS:21AFF213      10       0       0       0       0   181CD    3039       0       0
    9999986                    14                    14             6.8546251E-04         1.0000000E+30            388181       
 NEXT SEEDS:21AFFA25      10       0       0       0       0   181CD    3039       0       0
    9999987                    13                    13             6.8546259E-04         1.0000000E+30            388181       
 NEXT SEEDS:21B00117      10       0       0       0       0   181CD    3039       0       0
    9999988                    12                    12             6.8546267E-04         1.0000000E+30            388181       
 NEXT SEEDS:21B006FC      10       0       0       0       0   181CD    3039       0       0
    9999989                    11                    11             6.8546279E-04         1.0000000E+30            388181       
 NEXT SEEDS:21B00E43      10       0       0       0       0   181CD    3039       0       0
    9999990                    10                    10             6.8546292E-04         1.0000000E+30            388181       
 NEXT SEEDS:21B01397      10       0       0       0       0   181CD    3039       0       0
    9999991                     9                     9             6.8546305E-04         1.0000000E+30            388181       
 NEXT SEEDS:21B01A72      10       0       0       0       0   181CD    3039       0       0
    9999992                     8                     8             6.8546317E-04         1.0000000E+30            388181       
 NEXT SEEDS:21B01F8E      10       0       0       0       0   181CD    3039       0       0
    9999993                     7                     7             6.8546335E-04         1.0000000E+30            388181       
 NEXT SEEDS:21B025DE      10       0       0       0       0   181CD    3039       0       0
    9999994                     6                     6             6.8546348E-04         1.0000000E+30            388181       
 NEXT SEEDS:21B02BFC      10       0       0       0       0   181CD    3039       0       0
    9999995                     5                     5             6.8546360E-04         1.0000000E+30            388181       
 NEXT SEEDS:21B030D7      10       0       0       0       0   181CD    3039       0       0
    9999996                     4                     4             6.8546373E-04         1.0000000E+30            388181       
 NEXT SEEDS:21B034F1      10       0       0       0       0   181CD    3039       0       0
    9999997                     3                     3             6.8546386E-04         1.0000000E+30            388181       
 NEXT SEEDS:21B0393C      10       0       0       0       0   181CD    3039       0       0
    9999998                     2                     2             6.8546393E-04         1.0000000E+30            388181       
 NEXT SEEDS:21B03C0B      10       0       0       0       0   181CD    3039       0       0
    9999999                     1                     1             6.8546406E-04         1.0000000E+30            388181       
 NEXT SEEDS:21B041F6      10       0       0       0       0   181CD    3039       0       0
   10000000                     0                     1             6.8546424E-04         1.0000000E+30            388181       
 NEXT SEEDS:21B04918      10       0       0       0       0   181CD    3039       0       0
