1NUMBER OF BEAM       NUMBER OF BEAM        APPROXIMATE NUMBER    AVERAGE TIME USED     TIME LEFT (RESERVED   NUMBER OF STARS
 PARTICLES HANDLED    PARTICLES LEFT        OF BEAM PARTICLES     BY A BEAM PARTICLE     10000.0 SECONDS      CREATED
                                            THAT CAN STILL BE                           FOR PRINTOUT)
                                            HANDLED

 NEXT SEEDS:       0       0       0       0       0       0   181CD    3039       0       0
          1               9999999               9999999             1.7538071E-03         1.0000000E+30                 0       
 NEXT SEEDS:    2107       0       0       0       0       0   181CD    3039       0       0
 COUSET, TXYZ:  0.999999999987024      0.395605120366557      0.918420703552467    
     200000               9800000               9800000             4.3045305E-03         1.0000000E+30             45746       
 NEXT SEEDS:38D888C9       1       0       0       0       0   181CD    3039       0       0
 COUSET, TXYZ:   1.00000000001033     -0.532228009144968      0.846601054985316    
     400000               9600000               9600000             4.1790100E-03         1.0000000E+30             91468       
 NEXT SEEDS:362E7565       3       0       0       0       0   181CD    3039       0       0
 COUSET, TXYZ:  0.999999999959714     -6.397204193416256E-02  0.997951691100427    
 COUSET, TXYZ:   1.00000000000687      0.454686062814264      0.890651774991890    
     600000               9400000               9400000             4.1039176E-03         1.0000000E+30            137333       
 NEXT SEEDS:335C2E45       5       0       0       0       0   181CD    3039       0       0
     800000               9200000               9200000             4.0590259E-03         1.0000000E+30            183410       
 NEXT SEEDS:308DEA51       7       0       0       0       0   181CD    3039       0       0
 COUSET, TXYZ:  0.999999999983429      0.977381873687104     -0.211482086604858    
    1000000               9000000               9000000             4.0415725E-03         1.0000000E+30            229233       
 NEXT SEEDS:2DA4184C       9       0       0       0       0   181CD    3039       0       0
 COUSET, TXYZ:   1.00000000000503     -0.186823823784742      0.982393433852505    
    1200000               8800000               8800000             4.0264030E-03         1.0000000E+30            275243       
 NEXT SEEDS:2AE1437D       B       0       0       0       0   181CD    3039       0       0
    1400000               8600000               8600000             4.0163989E-03         1.0000000E+30            320757       
 NEXT SEEDS:27FB7405       D       0       0       0       0   181CD    3039       0       0
    1600000               8400000               8400000             4.0046048E-03         1.0000000E+30            366494       
 NEXT SEEDS:2559C6F8       F       0       0       0       0   181CD    3039       0       0
    1800000               8200000               8200000             3.9988116E-03         1.0000000E+30            412322       
 NEXT SEEDS:22C830A8      11       0       0       0       0   181CD    3039       0       0
    2000000               8000000               8000000             3.9935225E-03         1.0000000E+30            458191       
 NEXT SEEDS:1FB9ED6D      13       0       0       0       0   181CD    3039       0       0
    2200000               7800000               7800000             3.9887218E-03         1.0000000E+30            503581       
 NEXT SEEDS:1C9490B9      15       0       0       0       0   181CD    3039       0       0
    2400000               7600000               7600000             3.9771511E-03         1.0000000E+30            549502       
 NEXT SEEDS:19991083      17       0       0       0       0   181CD    3039       0       0
    2600000               7400000               7400000             3.9777432E-03         1.0000000E+30            595199       
 NEXT SEEDS:16970756      19       0       0       0       0   181CD    3039       0       0
  *** Eveneu: no downsc. group selected, cusngl, rsngl, igpr ***  0.999999940       1.00000000             250
    2800000               7200000               7200000             3.9929790E-03         1.0000000E+30            640923       
 NEXT SEEDS:136A7174      1B       0       0       0       0   181CD    3039       0       0
    3000000               7000000               7000000             4.0109608E-03         1.0000000E+30            686673       
 NEXT SEEDS:10676D42      1D       0       0       0       0   181CD    3039       0       0
    3200000               6800000               6800000             4.0287712E-03         1.0000000E+30            732446       
 NEXT SEEDS: DA7CA2A      1F       0       0       0       0   181CD    3039       0       0
    3400000               6600000               6600000             4.0380809E-03         1.0000000E+30            778024       
 NEXT SEEDS: AA849CD      21       0       0       0       0   181CD    3039       0       0
    3600000               6400000               6400000             4.0447915E-03         1.0000000E+30            823453       
 NEXT SEEDS: 7B9FBB2      23       0       0       0       0   181CD    3039       0       0
 COUSET, TXYZ:  0.999999999994160     -0.338141861109075      0.941095150212778    
    3800000               6200000               6200000             4.0514280E-03         1.0000000E+30            869238       
 NEXT SEEDS: 4D6D544      25       0       0       0       0   181CD    3039       0       0
    4000000               6000000               6000000             4.0640944E-03         1.0000000E+30            914891       
 NEXT SEEDS: 23C55ED      27       0       0       0       0   181CD    3039       0       0
    4200000               5800000               5800000             4.0753440E-03         1.0000000E+30            960329       
 NEXT SEEDS:3ACF7071      28       0       0       0       0   181CD    3039       0       0
 COUSET, TXYZ:  0.999999999973020     -0.762160790515630      0.647387773553555    
 COUSET, TXYZ:  0.999999999976830      0.473257984229875      0.880923878843305    
    4400000               5600000               5600000             4.0819317E-03         1.0000000E+30           1006214       
 NEXT SEEDS:3806E28F      2A       0       0       0       0   181CD    3039       0       0
 COUSET, TXYZ:   1.00000000000893      0.865787123472601     -0.500412486701623    
    4600000               5400000               5400000             4.0882922E-03         1.0000000E+30           1051936       
 NEXT SEEDS:3547494F      2C       0       0       0       0   181CD    3039       0       0
    4800000               5200000               5200000             4.0916161E-03         1.0000000E+30           1097555       
 NEXT SEEDS:3268DA7A      2E       0       0       0       0   181CD    3039       0       0
    5000000               5000000               5000000             4.0848370E-03         1.0000000E+30           1143167       
 NEXT SEEDS:2FD47391      30       0       0       0       0   181CD    3039       0       0
    5200000               4800000               4800000             4.0200202E-03         1.0000000E+30           1188685       
 NEXT SEEDS:2CF9712A      32       0       0       0       0   181CD    3039       0       0
    5400000               4600000               4600000             3.9657439E-03         1.0000000E+30           1234272       
 NEXT SEEDS:2A2FAAA3      34       0       0       0       0   181CD    3039       0       0
 COUSET, TXYZ:  0.999999999994166      0.812576263292519      0.582854884445432    
    5600000               4400000               4400000             3.9053783E-03         1.0000000E+30           1279636       
 NEXT SEEDS:27362912      36       0       0       0       0   181CD    3039       0       0
    5800000               4200000               4200000             3.8492931E-03         1.0000000E+30           1325000       
 NEXT SEEDS:242539F3      38       0       0       0       0   181CD    3039       0       0
    6000000               4000000               4000000             3.7967463E-03         1.0000000E+30           1370807       
 NEXT SEEDS:2163D883      3A       0       0       0       0   181CD    3039       0       0
    6200000               3800000               3800000             3.7467492E-03         1.0000000E+30           1416069       
 NEXT SEEDS:1E9E5D7A      3C       0       0       0       0   181CD    3039       0       0
    6400000               3600000               3600000             3.7021868E-03         1.0000000E+30           1461869       
 NEXT SEEDS:1B904E30      3E       0       0       0       0   181CD    3039       0       0
 COUSET, TXYZ:   1.00000000000882      0.528474502746981      0.848949173958003    
    6600000               3400000               3400000             3.6681128E-03         1.0000000E+30           1507829       
 NEXT SEEDS:188751AE      40       0       0       0       0   181CD    3039       0       0
    6800000               3200000               3200000             3.6834547E-03         1.0000000E+30           1553473       
 NEXT SEEDS:158BC0ED      42       0       0       0       0   181CD    3039       0       0
    7000000               3000000               3000000             3.6969508E-03         1.0000000E+30           1599012       
 NEXT SEEDS:12E09032      44       0       0       0       0   181CD    3039       0       0
    7200000               2800000               2800000             3.7039843E-03         1.0000000E+30           1644802       
 NEXT SEEDS:103D1394      46       0       0       0       0   181CD    3039       0       0
    7400000               2600000               2600000             3.7096798E-03         1.0000000E+30           1690713       
 NEXT SEEDS: D342803      48       0       0       0       0   181CD    3039       0       0
 COUSET, TXYZ:  0.999999999992138     -0.767108255975014      0.641517672086474    
    7600000               2400000               2400000             3.7118161E-03         1.0000000E+30           1736495       
 NEXT SEEDS: A1DB5D8      4A       0       0       0       0   181CD    3039       0       0
    7800000               2200000               2200000             3.7026985E-03         1.0000000E+30           1781887       
 NEXT SEEDS: 72D565B      4C       0       0       0       0   181CD    3039       0       0
    8000000               2000000               2000000             3.7062021E-03         1.0000000E+30           1827578       
 NEXT SEEDS: 441A240      4E       0       0       0       0   181CD    3039       0       0
    8200000               1800000               1800000             3.7100173E-03         1.0000000E+30           1873317       
 NEXT SEEDS: 1DFE685      50       0       0       0       0   181CD    3039       0       0
    8400000               1600000               1600000             3.7128931E-03         1.0000000E+30           1919240       
 NEXT SEEDS:3AB09745      51       0       0       0       0   181CD    3039       0       0
    8600000               1400000               1400000             3.6942498E-03         1.0000000E+30           1964901       
 NEXT SEEDS:37CE2101      53       0       0       0       0   181CD    3039       0       0
 COUSET, TXYZ:  0.999999999993681      0.653278136296168      0.757118007066776    
    8800000               1200000               1200000             3.6683746E-03         1.0000000E+30           2010409       
 NEXT SEEDS:34BCEA4A      55       0       0       0       0   181CD    3039       0       0
    9000000               1000000               1000000             3.6584010E-03         1.0000000E+30           2056152       
 NEXT SEEDS:31C0CC81      57       0       0       0       0   181CD    3039       0       0
    9200000                800000                800000             3.6305260E-03         1.0000000E+30           2101870       
 NEXT SEEDS:2F13B00D      59       0       0       0       0   181CD    3039       0       0
    9400000                600000                600000             3.6032371E-03         1.0000000E+30           2147560       
 NEXT SEEDS:2C973801      5B       0       0       0       0   181CD    3039       0       0
    9600000                400000                400000             3.5926171E-03         1.0000000E+30           2193418       
 NEXT SEEDS:29E4FC61      5D       0       0       0       0   181CD    3039       0       0
    9800000                200000                200000             3.5822305E-03         1.0000000E+30           2239391       
 NEXT SEEDS:26F5D53B      5F       0       0       0       0   181CD    3039       0       0
    9999950                    50                    50             3.5564220E-03         1.0000000E+30           2285140       
 NEXT SEEDS:241ACCC5      61       0       0       0       0   181CD    3039       0       0
    9999951                    49                    49             3.5564217E-03         1.0000000E+30           2285140       
 NEXT SEEDS:241AF0A7      61       0       0       0       0   181CD    3039       0       0
    9999952                    48                    48             3.5564213E-03         1.0000000E+30           2285140       
 NEXT SEEDS:241B1418      61       0       0       0       0   181CD    3039       0       0
    9999953                    47                    47             3.5564210E-03         1.0000000E+30           2285140       
 NEXT SEEDS:241B3EB8      61       0       0       0       0   181CD    3039       0       0
    9999954                    46                    46             3.5564206E-03         1.0000000E+30           2285140       
 NEXT SEEDS:241B61E2      61       0       0       0       0   181CD    3039       0       0
    9999955                    45                    45             3.5564202E-03         1.0000000E+30           2285140       
 NEXT SEEDS:241B7F06      61       0       0       0       0   181CD    3039       0       0
    9999956                    44                    44             3.5564203E-03         1.0000000E+30           2285140       
 NEXT SEEDS:241BA4F5      61       0       0       0       0   181CD    3039       0       0
    9999957                    43                    43             3.5564199E-03         1.0000000E+30           2285141       
 NEXT SEEDS:241BD0AF      61       0       0       0       0   181CD    3039       0       0
    9999958                    42                    42             3.5564200E-03         1.0000000E+30           2285141       
 NEXT SEEDS:241BF069      61       0       0       0       0   181CD    3039       0       0
    9999959                    41                    41             3.5564196E-03         1.0000000E+30           2285141       
 NEXT SEEDS:241C13F3      61       0       0       0       0   181CD    3039       0       0
    9999960                    40                    40             3.5564196E-03         1.0000000E+30           2285141       
 NEXT SEEDS:241C377E      61       0       0       0       0   181CD    3039       0       0
    9999961                    39                    39             3.5564193E-03         1.0000000E+30           2285141       
 NEXT SEEDS:241C54D9      61       0       0       0       0   181CD    3039       0       0
    9999962                    38                    38             3.5564189E-03         1.0000000E+30           2285141       
 NEXT SEEDS:241C7581      61       0       0       0       0   181CD    3039       0       0
    9999963                    37                    37             3.5564190E-03         1.0000000E+30           2285142       
 NEXT SEEDS:241CA002      61       0       0       0       0   181CD    3039       0       0
    9999964                    36                    36             3.5564190E-03         1.0000000E+30           2285142       
 NEXT SEEDS:241CC3DD      61       0       0       0       0   181CD    3039       0       0
    9999965                    35                    35             3.5564186E-03         1.0000000E+30           2285142       
 NEXT SEEDS:241CE31A      61       0       0       0       0   181CD    3039       0       0
    9999966                    34                    34             3.5564183E-03         1.0000000E+30           2285142       
 NEXT SEEDS:241D0068      61       0       0       0       0   181CD    3039       0       0
    9999967                    33                    33             3.5564183E-03         1.0000000E+30           2285142       
 NEXT SEEDS:241D23C2      61       0       0       0       0   181CD    3039       0       0
    9999968                    32                    32             3.5564180E-03         1.0000000E+30           2285142       
 NEXT SEEDS:241D477E      61       0       0       0       0   181CD    3039       0       0
    9999969                    31                    31             3.5564180E-03         1.0000000E+30           2285142       
 NEXT SEEDS:241D7401      61       0       0       0       0   181CD    3039       0       0
    9999970                    30                    30             3.5564180E-03         1.0000000E+30           2285142       
 NEXT SEEDS:241DA078      61       0       0       0       0   181CD    3039       0       0
    9999971                    29                    29             3.5564177E-03         1.0000000E+30           2285142       
 NEXT SEEDS:241DCAE7      61       0       0       0       0   181CD    3039       0       0
    9999972                    28                    28             3.5564177E-03         1.0000000E+30           2285143       
 NEXT SEEDS:241DF32E      61       0       0       0       0   181CD    3039       0       0
    9999973                    27                    27             3.5564174E-03         1.0000000E+30           2285143       
 NEXT SEEDS:241E136C      61       0       0       0       0   181CD    3039       0       0
    9999974                    26                    26             3.5564174E-03         1.0000000E+30           2285144       
 NEXT SEEDS:241E48FA      61       0       0       0       0   181CD    3039       0       0
    9999975                    25                    25             3.5564170E-03         1.0000000E+30           2285145       
 NEXT SEEDS:241E67FF      61       0       0       0       0   181CD    3039       0       0
    9999976                    24                    24             3.5564171E-03         1.0000000E+30           2285145       
 NEXT SEEDS:241E893E      61       0       0       0       0   181CD    3039       0       0
    9999977                    23                    23             3.5564167E-03         1.0000000E+30           2285145       
 NEXT SEEDS:241EAB69      61       0       0       0       0   181CD    3039       0       0
    9999978                    22                    22             3.5564168E-03         1.0000000E+30           2285145       
 NEXT SEEDS:241ECB3A      61       0       0       0       0   181CD    3039       0       0
    9999979                    21                    21             3.5564164E-03         1.0000000E+30           2285145       
 NEXT SEEDS:241EF0DA      61       0       0       0       0   181CD    3039       0       0
    9999980                    20                    20             3.5564164E-03         1.0000000E+30           2285145       
 NEXT SEEDS:241F0917      61       0       0       0       0   181CD    3039       0       0
    9999981                    19                    19             3.5564161E-03         1.0000000E+30           2285145       
 NEXT SEEDS:241F2731      61       0       0       0       0   181CD    3039       0       0
    9999982                    18                    18             3.5564161E-03         1.0000000E+30           2285145       
 NEXT SEEDS:241F4BA2      61       0       0       0       0   181CD    3039       0       0
    9999983                    17                    17             3.5564158E-03         1.0000000E+30           2285147       
 NEXT SEEDS:241F6CE1      61       0       0       0       0   181CD    3039       0       0
    9999984                    16                    16             3.5564158E-03         1.0000000E+30           2285149       
 NEXT SEEDS:241F9F1C      61       0       0       0       0   181CD    3039       0       0
    9999985                    15                    15             3.5564154E-03         1.0000000E+30           2285149       
 NEXT SEEDS:241FC110      61       0       0       0       0   181CD    3039       0       0
    9999986                    14                    14             3.5564155E-03         1.0000000E+30           2285149       
 NEXT SEEDS:241FE1D7      61       0       0       0       0   181CD    3039       0       0
    9999987                    13                    13             3.5564155E-03         1.0000000E+30           2285150       
 NEXT SEEDS:24202D4D      61       0       0       0       0   181CD    3039       0       0
    9999988                    12                    12             3.5564152E-03         1.0000000E+30           2285150       
 NEXT SEEDS:242050ED      61       0       0       0       0   181CD    3039       0       0
    9999989                    11                    11             3.5564152E-03         1.0000000E+30           2285150       
 NEXT SEEDS:242075A4      61       0       0       0       0   181CD    3039       0       0
    9999990                    10                    10             3.5564148E-03         1.0000000E+30           2285151       
 NEXT SEEDS:24209D43      61       0       0       0       0   181CD    3039       0       0
    9999991                     9                     9             3.5564149E-03         1.0000000E+30           2285151       
 NEXT SEEDS:2420BB81      61       0       0       0       0   181CD    3039       0       0
    9999992                     8                     8             3.5564145E-03         1.0000000E+30           2285151       
 NEXT SEEDS:2420E0B6      61       0       0       0       0   181CD    3039       0       0
    9999993                     7                     7             3.5564145E-03         1.0000000E+30           2285151       
 NEXT SEEDS:2421038D      61       0       0       0       0   181CD    3039       0       0
    9999994                     6                     6             3.5564142E-03         1.0000000E+30           2285151       
 NEXT SEEDS:24212427      61       0       0       0       0   181CD    3039       0       0
    9999995                     5                     5             3.5564142E-03         1.0000000E+30           2285151       
 NEXT SEEDS:24214EB8      61       0       0       0       0   181CD    3039       0       0
    9999996                     4                     4             3.5564139E-03         1.0000000E+30           2285151       
 NEXT SEEDS:24217304      61       0       0       0       0   181CD    3039       0       0
    9999997                     3                     3             3.5564139E-03         1.0000000E+30           2285151       
 NEXT SEEDS:24219827      61       0       0       0       0   181CD    3039       0       0
    9999998                     2                     2             3.5564136E-03         1.0000000E+30           2285151       
 NEXT SEEDS:2421B981      61       0       0       0       0   181CD    3039       0       0
    9999999                     1                     1             3.5564136E-03         1.0000000E+30           2285151       
 NEXT SEEDS:2421D979      61       0       0       0       0   181CD    3039       0       0
   10000000                     0                     1             3.5564132E-03         1.0000000E+30           2285151       
 NEXT SEEDS:2421FB3A      61       0       0       0       0   181CD    3039       0       0
