1NUMBER OF BEAM       NUMBER OF BEAM        APPROXIMATE NUMBER    AVERAGE TIME USED     TIME LEFT (RESERVED   NUMBER OF STARS
 PARTICLES HANDLED    PARTICLES LEFT        OF BEAM PARTICLES     BY A BEAM PARTICLE     10000.0 SECONDS      CREATED
                                            THAT CAN STILL BE                           FOR PRINTOUT)
                                            HANDLED

 NEXT SEEDS:       0       0       0       0       0       0   181CD    3039       0       0
          1              49999999              49999999             2.1600723E-04         1.0000000E+30                 0       
 NEXT SEEDS:     20D       0       0       0       0       0   181CD    3039       0       0
    1000000              49000000              49000000             2.0753233E-04         1.0000000E+30             15014       
 NEXT SEEDS:1EC04CDD       0       0       0       0       0   181CD    3039       0       0
    2000000              48000000              48000000             2.1038326E-04         1.0000000E+30             30286       
 NEXT SEEDS: 1E5A46B       1       0       0       0       0   181CD    3039       0       0
    3000000              47000000              47000000             1.9934969E-04         1.0000000E+30             45576       
 NEXT SEEDS:20B46CF0       1       0       0       0       0   181CD    3039       0       0
    4000000              46000000              46000000             1.9136946E-04         1.0000000E+30             60828       
 NEXT SEEDS: 3F47E74       2       0       0       0       0   181CD    3039       0       0
    5000000              45000000              45000000             1.9589625E-04         1.0000000E+30             76175       
 NEXT SEEDS:22C87992       2       0       0       0       0   181CD    3039       0       0
    6000000              44000000              44000000             1.9566628E-04         1.0000000E+30             91450       
 NEXT SEEDS: 5F742FF       3       0       0       0       0   181CD    3039       0       0
    7000000              43000000              43000000             1.9347484E-04         1.0000000E+30            106635       
 NEXT SEEDS:24B8EBF4       3       0       0       0       0   181CD    3039       0       0
    8000000              42000000              42000000             1.9499613E-04         1.0000000E+30            121803       
 NEXT SEEDS: 7E83805       4       0       0       0       0   181CD    3039       0       0
    9000000              41000000              41000000             2.0000172E-04         1.0000000E+30            136964       
 NEXT SEEDS:26ACD7AA       4       0       0       0       0   181CD    3039       0       0
   10000000              40000000              40000000             1.9961298E-04         1.0000000E+30            151936       
 NEXT SEEDS: 9CC2D5D       5       0       0       0       0   181CD    3039       0       0
   11000000              39000000              39000000             1.9740072E-04         1.0000000E+30            167105       
 NEXT SEEDS:28A028F2       5       0       0       0       0   181CD    3039       0       0
   12000000              38000000              38000000             2.0146519E-04         1.0000000E+30            182263       
 NEXT SEEDS: BD543CD       6       0       0       0       0   181CD    3039       0       0
   13000000              37000000              37000000             2.0370204E-04         1.0000000E+30            197330       
 NEXT SEEDS:2A9BA306       6       0       0       0       0   181CD    3039       0       0
   14000000              36000000              36000000             2.0582542E-04         1.0000000E+30            212443       
 NEXT SEEDS: DB92BAD       7       0       0       0       0   181CD    3039       0       0
   15000000              35000000              35000000             2.0409912E-04         1.0000000E+30            227466       
 NEXT SEEDS:2C74727A       7       0       0       0       0   181CD    3039       0       0
   16000000              34000000              34000000             2.0541899E-04         1.0000000E+30            242637       
 NEXT SEEDS: FA4F17A       8       0       0       0       0   181CD    3039       0       0
   17000000              33000000              33000000             2.0577009E-04         1.0000000E+30            257548       
 NEXT SEEDS:2E58AF9F       8       0       0       0       0   181CD    3039       0       0
 COUSET, TXYZ:   1.00000000002378     -0.169944165466836      0.985453692809230    
 COUSET, TXYZ:  0.999999999910484     -0.153164187629791      0.988200754628671    
   18000000              32000000              32000000             2.0592409E-04         1.0000000E+30            272500       
 NEXT SEEDS:1169171F       9       0       0       0       0   181CD    3039       0       0
   19000000              31000000              31000000             2.0641536E-04         1.0000000E+30            287622       
 NEXT SEEDS:302A7B1F       9       0       0       0       0   181CD    3039       0       0
   20000000              30000000              30000000             2.0618477E-04         1.0000000E+30            303047       
 NEXT SEEDS:13745DF0       A       0       0       0       0   181CD    3039       0       0
   21000000              29000000              29000000             2.0626916E-04         1.0000000E+30            318223       
 NEXT SEEDS:324D1C18       A       0       0       0       0   181CD    3039       0       0
   22000000              28000000              28000000             2.0717896E-04         1.0000000E+30            333343       
 NEXT SEEDS:156B7358       B       0       0       0       0   181CD    3039       0       0
   23000000              27000000              27000000             2.0698798E-04         1.0000000E+30            348384       
 NEXT SEEDS:3428CB0F       B       0       0       0       0   181CD    3039       0       0
   24000000              26000000              26000000             2.0724473E-04         1.0000000E+30            363359       
 NEXT SEEDS:174CACD8       C       0       0       0       0   181CD    3039       0       0
   25000000              25000000              25000000             2.0835688E-04         1.0000000E+30            378510       
 NEXT SEEDS:361EC272       C       0       0       0       0   181CD    3039       0       0
   26000000              24000000              24000000             2.0771372E-04         1.0000000E+30            393491       
 NEXT SEEDS:19428CBE       D       0       0       0       0   181CD    3039       0       0
   27000000              23000000              23000000             2.0889708E-04         1.0000000E+30            408778       
 NEXT SEEDS:38107D4D       D       0       0       0       0   181CD    3039       0       0
   28000000              22000000              22000000             2.1038597E-04         1.0000000E+30            423941       
 NEXT SEEDS:1B4D8723       E       0       0       0       0   181CD    3039       0       0
   29000000              21000000              21000000             2.1141001E-04         1.0000000E+30            438991       
 NEXT SEEDS:3A030FDC       E       0       0       0       0   181CD    3039       0       0
   30000000              20000000              20000000             2.1071924E-04         1.0000000E+30            454269       
 NEXT SEEDS:1D3780DA       F       0       0       0       0   181CD    3039       0       0
   31000000              19000000              19000000             2.1039097E-04         1.0000000E+30            469275       
 NEXT SEEDS:  56119C      10       0       0       0       0   181CD    3039       0       0
   32000000              18000000              18000000             2.1134991E-04         1.0000000E+30            484245       
 NEXT SEEDS:1F0D5494      10       0       0       0       0   181CD    3039       0       0
   33000000              17000000              17000000             2.1190570E-04         1.0000000E+30            499447       
 NEXT SEEDS: 237570A      11       0       0       0       0   181CD    3039       0       0
   34000000              16000000              16000000             2.1236673E-04         1.0000000E+30            514663       
 NEXT SEEDS:21010477      11       0       0       0       0   181CD    3039       0       0
   35000000              15000000              15000000             2.1250847E-04         1.0000000E+30            529723       
 NEXT SEEDS: 41E9CB6      12       0       0       0       0   181CD    3039       0       0
   36000000              14000000              14000000             2.1186839E-04         1.0000000E+30            544948       
 NEXT SEEDS:22F6B774      12       0       0       0       0   181CD    3039       0       0
 COUSET, TXYZ:   1.00000000002514     -0.428775952867217      0.903410860181059    
   37000000              13000000              13000000             2.1149650E-04         1.0000000E+30            559803       
 NEXT SEEDS: 5FC880F      13       0       0       0       0   181CD    3039       0       0
   38000000              12000000              12000000             2.1161579E-04         1.0000000E+30            574964       
 NEXT SEEDS:24C50151      13       0       0       0       0   181CD    3039       0       0
   39000000              11000000              11000000             2.1092941E-04         1.0000000E+30            589882       
 NEXT SEEDS: 7DE4EE1      14       0       0       0       0   181CD    3039       0       0
   40000000              10000000              10000000             2.0985452E-04         1.0000000E+30            605119       
 NEXT SEEDS:26A2C28E      14       0       0       0       0   181CD    3039       0       0
   41000000               9000000               9000000             2.1003585E-04         1.0000000E+30            620122       
 NEXT SEEDS: 9E23071      15       0       0       0       0   181CD    3039       0       0
   42000000               8000000               8000000             2.1054853E-04         1.0000000E+30            635314       
 NEXT SEEDS:289E7C7F      15       0       0       0       0   181CD    3039       0       0
   43000000               7000000               7000000             2.1007065E-04         1.0000000E+30            650552       
 NEXT SEEDS: BCD9056      16       0       0       0       0   181CD    3039       0       0
   44000000               6000000               6000000             2.1053516E-04         1.0000000E+30            665614       
 NEXT SEEDS:2A930CEE      16       0       0       0       0   181CD    3039       0       0
   45000000               5000000               5000000             2.0989238E-04         1.0000000E+30            680608       
 NEXT SEEDS: DAA5AA2      17       0       0       0       0   181CD    3039       0       0
   46000000               4000000               4000000             2.0997068E-04         1.0000000E+30            695599       
 NEXT SEEDS:2C734A8C      17       0       0       0       0   181CD    3039       0       0
   47000000               3000000               3000000             2.1052354E-04         1.0000000E+30            710431       
 NEXT SEEDS: F995773      18       0       0       0       0   181CD    3039       0       0
   48000000               2000000               2000000             2.1058083E-04         1.0000000E+30            725602       
 NEXT SEEDS:2E5AE34A      18       0       0       0       0   181CD    3039       0       0
   49000000               1000000               1000000             2.1056053E-04         1.0000000E+30            740801       
 NEXT SEEDS:1182C5BF      19       0       0       0       0   181CD    3039       0       0
   49999950                    50                    50             2.1081900E-04         1.0000000E+30            755741       
 NEXT SEEDS:3044D892      19       0       0       0       0   181CD    3039       0       0
   49999951                    49                    49             2.1081900E-04         1.0000000E+30            755741       
 NEXT SEEDS:3044DA1B      19       0       0       0       0   181CD    3039       0       0
   49999952                    48                    48             2.1081901E-04         1.0000000E+30            755741       
 NEXT SEEDS:3044DBAF      19       0       0       0       0   181CD    3039       0       0
   49999953                    47                    47             2.1081901E-04         1.0000000E+30            755741       
 NEXT SEEDS:3044DCAE      19       0       0       0       0   181CD    3039       0       0
   49999954                    46                    46             2.1081900E-04         1.0000000E+30            755741       
 NEXT SEEDS:3044DE02      19       0       0       0       0   181CD    3039       0       0
   49999955                    45                    45             2.1081900E-04         1.0000000E+30            755741       
 NEXT SEEDS:3044DEE2      19       0       0       0       0   181CD    3039       0       0
   49999956                    44                    44             2.1081901E-04         1.0000000E+30            755741       
 NEXT SEEDS:3044DFF3      19       0       0       0       0   181CD    3039       0       0
   49999957                    43                    43             2.1081901E-04         1.0000000E+30            755741       
 NEXT SEEDS:3044E288      19       0       0       0       0   181CD    3039       0       0
   49999958                    42                    42             2.1081901E-04         1.0000000E+30            755741       
 NEXT SEEDS:3044E4BC      19       0       0       0       0   181CD    3039       0       0
   49999959                    41                    41             2.1081900E-04         1.0000000E+30            755741       
 NEXT SEEDS:3044E705      19       0       0       0       0   181CD    3039       0       0
   49999960                    40                    40             2.1081902E-04         1.0000000E+30            755741       
 NEXT SEEDS:3044E94B      19       0       0       0       0   181CD    3039       0       0
   49999961                    39                    39             2.1081901E-04         1.0000000E+30            755741       
 NEXT SEEDS:3044E9D7      19       0       0       0       0   181CD    3039       0       0
   49999962                    38                    38             2.1081901E-04         1.0000000E+30            755741       
 NEXT SEEDS:3044EBA3      19       0       0       0       0   181CD    3039       0       0
   49999963                    37                    37             2.1081900E-04         1.0000000E+30            755741       
 NEXT SEEDS:3044ECD6      19       0       0       0       0   181CD    3039       0       0
   49999964                    36                    36             2.1081902E-04         1.0000000E+30            755741       
 NEXT SEEDS:3044EEB8      19       0       0       0       0   181CD    3039       0       0
   49999965                    35                    35             2.1081901E-04         1.0000000E+30            755741       
 NEXT SEEDS:3044EFA0      19       0       0       0       0   181CD    3039       0       0
   49999966                    34                    34             2.1081901E-04         1.0000000E+30            755741       
 NEXT SEEDS:3044F19D      19       0       0       0       0   181CD    3039       0       0
   49999967                    33                    33             2.1081901E-04         1.0000000E+30            755741       
 NEXT SEEDS:3044F40E      19       0       0       0       0   181CD    3039       0       0
   49999968                    32                    32             2.1081902E-04         1.0000000E+30            755741       
 NEXT SEEDS:3044F57A      19       0       0       0       0   181CD    3039       0       0
   49999969                    31                    31             2.1081902E-04         1.0000000E+30            755741       
 NEXT SEEDS:3044F739      19       0       0       0       0   181CD    3039       0       0
   49999970                    30                    30             2.1081901E-04         1.0000000E+30            755741       
 NEXT SEEDS:3044F8EC      19       0       0       0       0   181CD    3039       0       0
   49999971                    29                    29             2.1081901E-04         1.0000000E+30            755741       
 NEXT SEEDS:3044FA3B      19       0       0       0       0   181CD    3039       0       0
   49999972                    28                    28             2.1081902E-04         1.0000000E+30            755741       
 NEXT SEEDS:3044FBDD      19       0       0       0       0   181CD    3039       0       0
   49999973                    27                    27             2.1081902E-04         1.0000000E+30            755741       
 NEXT SEEDS:3044FCF3      19       0       0       0       0   181CD    3039       0       0
   49999974                    26                    26             2.1081902E-04         1.0000000E+30            755741       
 NEXT SEEDS:3044FF15      19       0       0       0       0   181CD    3039       0       0
   49999975                    25                    25             2.1081901E-04         1.0000000E+30            755741       
 NEXT SEEDS:3044FFBD      19       0       0       0       0   181CD    3039       0       0
   49999976                    24                    24             2.1081901E-04         1.0000000E+30            755741       
 NEXT SEEDS:30450200      19       0       0       0       0   181CD    3039       0       0
   49999977                    23                    23             2.1081902E-04         1.0000000E+30            755741       
 NEXT SEEDS:30450296      19       0       0       0       0   181CD    3039       0       0
   49999978                    22                    22             2.1081902E-04         1.0000000E+30            755741       
 NEXT SEEDS:30450402      19       0       0       0       0   181CD    3039       0       0
   49999979                    21                    21             2.1081901E-04         1.0000000E+30            755741       
 NEXT SEEDS:30450506      19       0       0       0       0   181CD    3039       0       0
   49999980                    20                    20             2.1081901E-04         1.0000000E+30            755741       
 NEXT SEEDS:304506DB      19       0       0       0       0   181CD    3039       0       0
   49999981                    19                    19             2.1081903E-04         1.0000000E+30            755741       
 NEXT SEEDS:304507CB      19       0       0       0       0   181CD    3039       0       0
   49999982                    18                    18             2.1081902E-04         1.0000000E+30            755741       
 NEXT SEEDS:30450AEC      19       0       0       0       0   181CD    3039       0       0
   49999983                    17                    17             2.1081902E-04         1.0000000E+30            755741       
 NEXT SEEDS:30450D8C      19       0       0       0       0   181CD    3039       0       0
   49999984                    16                    16             2.1081901E-04         1.0000000E+30            755741       
 NEXT SEEDS:30450E77      19       0       0       0       0   181CD    3039       0       0
   49999985                    15                    15             2.1081903E-04         1.0000000E+30            755741       
 NEXT SEEDS:30451015      19       0       0       0       0   181CD    3039       0       0
   49999986                    14                    14             2.1081902E-04         1.0000000E+30            755741       
 NEXT SEEDS:304512C0      19       0       0       0       0   181CD    3039       0       0
   49999987                    13                    13             2.1081902E-04         1.0000000E+30            755741       
 NEXT SEEDS:304515E1      19       0       0       0       0   181CD    3039       0       0
   49999988                    12                    12             2.1081904E-04         1.0000000E+30            755741       
 NEXT SEEDS:3045168A      19       0       0       0       0   181CD    3039       0       0
   49999989                    11                    11             2.1081903E-04         1.0000000E+30            755741       
 NEXT SEEDS:30451756      19       0       0       0       0   181CD    3039       0       0
   49999990                    10                    10             2.1081903E-04         1.0000000E+30            755741       
 NEXT SEEDS:3045184F      19       0       0       0       0   181CD    3039       0       0
   49999991                     9                     9             2.1081902E-04         1.0000000E+30            755741       
 NEXT SEEDS:30451987      19       0       0       0       0   181CD    3039       0       0
   49999992                     8                     8             2.1081902E-04         1.0000000E+30            755741       
 NEXT SEEDS:30451A48      19       0       0       0       0   181CD    3039       0       0
   49999993                     7                     7             2.1081903E-04         1.0000000E+30            755741       
 NEXT SEEDS:30451BFA      19       0       0       0       0   181CD    3039       0       0
   49999994                     6                     6             2.1081903E-04         1.0000000E+30            755741       
 NEXT SEEDS:30451DC4      19       0       0       0       0   181CD    3039       0       0
   49999995                     5                     5             2.1081903E-04         1.0000000E+30            755741       
 NEXT SEEDS:30451FC9      19       0       0       0       0   181CD    3039       0       0
   49999996                     4                     4             2.1081902E-04         1.0000000E+30            755741       
 NEXT SEEDS:304521D4      19       0       0       0       0   181CD    3039       0       0
   49999997                     3                     3             2.1081904E-04         1.0000000E+30            755741       
 NEXT SEEDS:30452268      19       0       0       0       0   181CD    3039       0       0
   49999998                     2                     2             2.1081903E-04         1.0000000E+30            755741       
 NEXT SEEDS:3045236D      19       0       0       0       0   181CD    3039       0       0
   49999999                     1                     1             2.1081903E-04         1.0000000E+30            755741       
 NEXT SEEDS:304524F2      19       0       0       0       0   181CD    3039       0       0
   50000000                     0                     1             2.1081902E-04         1.0000000E+30            755741       
 NEXT SEEDS:3045264F      19       0       0       0       0   181CD    3039       0       0
