1NUMBER OF BEAM       NUMBER OF BEAM        APPROXIMATE NUMBER    AVERAGE TIME USED     TIME LEFT (RESERVED   NUMBER OF STARS
 PARTICLES HANDLED    PARTICLES LEFT        OF BEAM PARTICLES     BY A BEAM PARTICLE     10000.0 SECONDS      CREATED
                                            THAT CAN STILL BE                           FOR PRINTOUT)
                                            HANDLED

 NEXT SEEDS:       0       0       0       0       0       0   181CD    3039       0       0
          1              20999999              20999999             3.6120415E-03         1.0000000E+30                 0       
 NEXT SEEDS:     BE9       0       0       0       0       0   181CD    3039       0       0
     400000              20600000              20600000             1.3684870E-03         1.0000000E+30             22506       
 NEXT SEEDS:11872E91       1       0       0       0       0   181CD    3039       0       0
     800000              20200000              20200000             1.4052855E-03         1.0000000E+30             44904       
 NEXT SEEDS:231CB8AA       2       0       0       0       0   181CD    3039       0       0
    1200000              19800000              19800000             1.4274371E-03         1.0000000E+30             67549       
 NEXT SEEDS:34C0D318       3       0       0       0       0   181CD    3039       0       0
    1600000              19400000              19400000             1.4329474E-03         1.0000000E+30             90316       
 NEXT SEEDS: AD9C1C7       5       0       0       0       0   181CD    3039       0       0
    2000000              19000000              19000000             1.4415574E-03         1.0000000E+30            112811       
 NEXT SEEDS:1C6430A2       6       0       0       0       0   181CD    3039       0       0
    2400000              18600000              18600000             1.4456209E-03         1.0000000E+30            135413       
 NEXT SEEDS:2DF2114A       7       0       0       0       0   181CD    3039       0       0
    2800000              18200000              18200000             1.4314945E-03         1.0000000E+30            158282       
 NEXT SEEDS: 412FBD9       9       0       0       0       0   181CD    3039       0       0
 COUSET, TXYZ:   1.00000000001245     -0.605852953998967     -0.795576645054150    
    3200000              17800000              17800000             1.3985316E-03         1.0000000E+30            180890       
 NEXT SEEDS:15A42BB1       A       0       0       0       0   181CD    3039       0       0
    3600000              17400000              17400000             1.3694767E-03         1.0000000E+30            203399       
 NEXT SEEDS:273A2569       B       0       0       0       0   181CD    3039       0       0
    4000000              17000000              17000000             1.3551468E-03         1.0000000E+30            225966       
 NEXT SEEDS:38D8047D       C       0       0       0       0   181CD    3039       0       0
    4400000              16600000              16600000             1.3558461E-03         1.0000000E+30            248986       
 NEXT SEEDS: EF3B4A7       E       0       0       0       0   181CD    3039       0       0
    4800000              16200000              16200000             1.3573951E-03         1.0000000E+30            271516       
 NEXT SEEDS:20948502       F       0       0       0       0   181CD    3039       0       0
 COUSET, TXYZ:  0.999999999980919     -0.998217752214650     -5.967678883257718E-02
 COUSET, TXYZ:   1.00000000000869      0.929986061758759      0.367594783629777    
    5200000              15800000              15800000             1.3569912E-03         1.0000000E+30            293968       
 NEXT SEEDS:322E325A      10       0       0       0       0   181CD    3039       0       0
    5600000              15400000              15400000             1.3695694E-03         1.0000000E+30            316601       
 NEXT SEEDS: 83F790C      12       0       0       0       0   181CD    3039       0       0
    6000000              15000000              15000000             1.3722762E-03         1.0000000E+30            339300       
 NEXT SEEDS:1A00AE6D      13       0       0       0       0   181CD    3039       0       0
    6400000              14600000              14600000             1.3817405E-03         1.0000000E+30            361762       
 NEXT SEEDS:2B8F13C4      14       0       0       0       0   181CD    3039       0       0
    6800000              14200000              14200000             1.3707877E-03         1.0000000E+30            384482       
 NEXT SEEDS: 19D08A9      16       0       0       0       0   181CD    3039       0       0
    7200000              13800000              13800000             1.3780846E-03         1.0000000E+30            407104       
 NEXT SEEDS:133B7D6E      17       0       0       0       0   181CD    3039       0       0
    7600000              13400000              13400000             1.3896194E-03         1.0000000E+30            429682       
 NEXT SEEDS:24E8A767      18       0       0       0       0   181CD    3039       0       0
    8000000              13000000              13000000             1.3993166E-03         1.0000000E+30            452219       
 NEXT SEEDS:36859654      19       0       0       0       0   181CD    3039       0       0
    8400000              12600000              12600000             1.4087171E-03         1.0000000E+30            474891       
 NEXT SEEDS: C9EF2D2      1B       0       0       0       0   181CD    3039       0       0
    8800000              12200000              12200000             1.4152004E-03         1.0000000E+30            497554       
 NEXT SEEDS:1E3F648F      1C       0       0       0       0   181CD    3039       0       0
    9200000              11800000              11800000             1.4189109E-03         1.0000000E+30            520179       
 NEXT SEEDS:2FE84576      1D       0       0       0       0   181CD    3039       0       0
    9600000              11400000              11400000             1.4164816E-03         1.0000000E+30            542726       
 NEXT SEEDS: 5E4804E      1F       0       0       0       0   181CD    3039       0       0
   10000000              11000000              11000000             1.4177515E-03         1.0000000E+30            565415       
 NEXT SEEDS:178248BE      20       0       0       0       0   181CD    3039       0       0
 COUSET, TXYZ:  0.999999999981032     -0.656209668324884      0.754578605023365    
   10400000              10600000              10600000             1.4196885E-03         1.0000000E+30            588106       
 NEXT SEEDS:292DC9CD      21       0       0       0       0   181CD    3039       0       0
   10800000              10200000              10200000             1.4221547E-03         1.0000000E+30            610653       
 NEXT SEEDS:3AD0608B      22       0       0       0       0   181CD    3039       0       0
   11200000               9800000               9800000             1.4265500E-03         1.0000000E+30            633410       
 NEXT SEEDS:10D4E9D4      24       0       0       0       0   181CD    3039       0       0
   11600000               9400000               9400000             1.4301151E-03         1.0000000E+30            656059       
 NEXT SEEDS:2273AE6F      25       0       0       0       0   181CD    3039       0       0
   12000000               9000000               9000000             1.4334169E-03         1.0000000E+30            678766       
 NEXT SEEDS:3429C5D2      26       0       0       0       0   181CD    3039       0       0
   12400000               8600000               8600000             1.4368713E-03         1.0000000E+30            701334       
 NEXT SEEDS: A2EC938      28       0       0       0       0   181CD    3039       0       0
   12800000               8200000               8200000             1.4399172E-03         1.0000000E+30            723806       
 NEXT SEEDS:1BD43258      29       0       0       0       0   181CD    3039       0       0
   13200000               7800000               7800000             1.4432924E-03         1.0000000E+30            746535       
 NEXT SEEDS:2D7776D1      2A       0       0       0       0   181CD    3039       0       0
   13600000               7400000               7400000             1.4453253E-03         1.0000000E+30            769055       
 NEXT SEEDS: 36515A7      2C       0       0       0       0   181CD    3039       0       0
   14000000               7000000               7000000             1.4481742E-03         1.0000000E+30            791602       
 NEXT SEEDS:151DCBAD      2D       0       0       0       0   181CD    3039       0       0
   14400000               6600000               6600000             1.4501060E-03         1.0000000E+30            814061       
 NEXT SEEDS:26A550C0      2E       0       0       0       0   181CD    3039       0       0
   14800000               6200000               6200000             1.4522587E-03         1.0000000E+30            836542       
 NEXT SEEDS:38285345      2F       0       0       0       0   181CD    3039       0       0
   15200000               5800000               5800000             1.4536438E-03         1.0000000E+30            859181       
 NEXT SEEDS: E554B59      31       0       0       0       0   181CD    3039       0       0
 COUSET, TXYZ:  0.999999999990717      0.464993650811148      0.885314014735311    
   15600000               5400000               5400000             1.4560653E-03         1.0000000E+30            881887       
 NEXT SEEDS:1FF667B6      32       0       0       0       0   181CD    3039       0       0
   16000000               5000000               5000000             1.4592966E-03         1.0000000E+30            904691       
 NEXT SEEDS:31A6DB91      33       0       0       0       0   181CD    3039       0       0
   16400000               4600000               4600000             1.4617639E-03         1.0000000E+30            926999       
 NEXT SEEDS: 7996015      35       0       0       0       0   181CD    3039       0       0
   16800000               4200000               4200000             1.4635278E-03         1.0000000E+30            949719       
 NEXT SEEDS:193435C3      36       0       0       0       0   181CD    3039       0       0
   17200000               3800000               3800000             1.4658070E-03         1.0000000E+30            972269       
 NEXT SEEDS:2ADB39FE      37       0       0       0       0   181CD    3039       0       0
   17600000               3400000               3400000             1.4670650E-03         1.0000000E+30            994798       
 NEXT SEEDS:  D7A957      39       0       0       0       0   181CD    3039       0       0
 COUSET, TXYZ:   1.00000000001405     -0.108748770020360      0.994069265719020    
   18000000               3000000               3000000             1.4691130E-03         1.0000000E+30           1017364       
 NEXT SEEDS:126D8447      3A       0       0       0       0   181CD    3039       0       0
   18400000               2600000               2600000             1.4705963E-03         1.0000000E+30           1039738       
 NEXT SEEDS:240E5846      3B       0       0       0       0   181CD    3039       0       0
   18800000               2200000               2200000             1.4720266E-03         1.0000000E+30           1062269       
 NEXT SEEDS:35B2B459      3C       0       0       0       0   181CD    3039       0       0
   19200000               1800000               1800000             1.4738191E-03         1.0000000E+30           1084645       
 NEXT SEEDS: B8BA606      3E       0       0       0       0   181CD    3039       0       0
   19600000               1400000               1400000             1.4754123E-03         1.0000000E+30           1107174       
 NEXT SEEDS:1D223E9F      3F       0       0       0       0   181CD    3039       0       0
   20000000               1000000               1000000             1.4772434E-03         1.0000000E+30           1129489       
 NEXT SEEDS:2E953EB1      40       0       0       0       0   181CD    3039       0       0
   20400000                600000                600000             1.4792229E-03         1.0000000E+30           1152213       
 NEXT SEEDS: 4BA61DE      42       0       0       0       0   181CD    3039       0       0
   20800000                200000                200000             1.4805895E-03         1.0000000E+30           1175016       
 NEXT SEEDS:166BC867      43       0       0       0       0   181CD    3039       0       0
   20999950                    50                    50             1.4815189E-03         1.0000000E+30           1186190       
 NEXT SEEDS: 1698D77      44       0       0       0       0   181CD    3039       0       0
   20999951                    49                    49             1.4815188E-03         1.0000000E+30           1186190       
 NEXT SEEDS: 169983B      44       0       0       0       0   181CD    3039       0       0
   20999952                    48                    48             1.4815189E-03         1.0000000E+30           1186190       
 NEXT SEEDS: 169A661      44       0       0       0       0   181CD    3039       0       0
   20999953                    47                    47             1.4815188E-03         1.0000000E+30           1186191       
 NEXT SEEDS: 169B457      44       0       0       0       0   181CD    3039       0       0
   20999954                    46                    46             1.4815188E-03         1.0000000E+30           1186192       
 NEXT SEEDS: 169C7AB      44       0       0       0       0   181CD    3039       0       0
   20999955                    45                    45             1.4815187E-03         1.0000000E+30           1186192       
 NEXT SEEDS: 169D2BC      44       0       0       0       0   181CD    3039       0       0
   20999956                    44                    44             1.4815187E-03         1.0000000E+30           1186192       
 NEXT SEEDS: 169DE75      44       0       0       0       0   181CD    3039       0       0
   20999957                    43                    43             1.4815187E-03         1.0000000E+30           1186192       
 NEXT SEEDS: 169E99B      44       0       0       0       0   181CD    3039       0       0
   20999958                    42                    42             1.4815186E-03         1.0000000E+30           1186192       
 NEXT SEEDS: 169F4D7      44       0       0       0       0   181CD    3039       0       0
   20999959                    41                    41             1.4815186E-03         1.0000000E+30           1186192       
 NEXT SEEDS: 16A006D      44       0       0       0       0   181CD    3039       0       0
   20999960                    40                    40             1.4815186E-03         1.0000000E+30           1186192       
 NEXT SEEDS: 16A0B1F      44       0       0       0       0   181CD    3039       0       0
   20999961                    39                    39             1.4815185E-03         1.0000000E+30           1186192       
 NEXT SEEDS: 16A1669      44       0       0       0       0   181CD    3039       0       0
   20999962                    38                    38             1.4815185E-03         1.0000000E+30           1186192       
 NEXT SEEDS: 16A21E8      44       0       0       0       0   181CD    3039       0       0
   20999963                    37                    37             1.4815185E-03         1.0000000E+30           1186192       
 NEXT SEEDS: 16A2DB6      44       0       0       0       0   181CD    3039       0       0
   20999964                    36                    36             1.4815184E-03         1.0000000E+30           1186192       
 NEXT SEEDS: 16A3950      44       0       0       0       0   181CD    3039       0       0
   20999965                    35                    35             1.4815184E-03         1.0000000E+30           1186192       
 NEXT SEEDS: 16A44E2      44       0       0       0       0   181CD    3039       0       0
   20999966                    34                    34             1.4815183E-03         1.0000000E+30           1186192       
 NEXT SEEDS: 16A4F94      44       0       0       0       0   181CD    3039       0       0
   20999967                    33                    33             1.4815184E-03         1.0000000E+30           1186192       
 NEXT SEEDS: 16A5A8A      44       0       0       0       0   181CD    3039       0       0
   20999968                    32                    32             1.4815183E-03         1.0000000E+30           1186192       
 NEXT SEEDS: 16A657E      44       0       0       0       0   181CD    3039       0       0
   20999969                    31                    31             1.4815182E-03         1.0000000E+30           1186192       
 NEXT SEEDS: 16A70AD      44       0       0       0       0   181CD    3039       0       0
   20999970                    30                    30             1.4815182E-03         1.0000000E+30           1186192       
 NEXT SEEDS: 16A7B9E      44       0       0       0       0   181CD    3039       0       0
   20999971                    29                    29             1.4815182E-03         1.0000000E+30           1186192       
 NEXT SEEDS: 16A86A0      44       0       0       0       0   181CD    3039       0       0
   20999972                    28                    28             1.4815181E-03         1.0000000E+30           1186192       
 NEXT SEEDS: 16A925B      44       0       0       0       0   181CD    3039       0       0
   20999973                    27                    27             1.4815181E-03         1.0000000E+30           1186192       
 NEXT SEEDS: 16A9E2D      44       0       0       0       0   181CD    3039       0       0
   20999974                    26                    26             1.4815181E-03         1.0000000E+30           1186192       
 NEXT SEEDS: 16AA964      44       0       0       0       0   181CD    3039       0       0
   20999975                    25                    25             1.4815180E-03         1.0000000E+30           1186192       
 NEXT SEEDS: 16AB364      44       0       0       0       0   181CD    3039       0       0
   20999976                    24                    24             1.4815179E-03         1.0000000E+30           1186192       
 NEXT SEEDS: 16ABEE2      44       0       0       0       0   181CD    3039       0       0
   20999977                    23                    23             1.4815178E-03         1.0000000E+30           1186192       
 NEXT SEEDS: 16AC964      44       0       0       0       0   181CD    3039       0       0
   20999978                    22                    22             1.4815178E-03         1.0000000E+30           1186192       
 NEXT SEEDS: 16AD49D      44       0       0       0       0   181CD    3039       0       0
   20999979                    21                    21             1.4815177E-03         1.0000000E+30           1186192       
 NEXT SEEDS: 16ADF91      44       0       0       0       0   181CD    3039       0       0
   20999980                    20                    20             1.4815176E-03         1.0000000E+30           1186192       
 NEXT SEEDS: 16AE99F      44       0       0       0       0   181CD    3039       0       0
   20999981                    19                    19             1.4815177E-03         1.0000000E+30           1186192       
 NEXT SEEDS: 16AF4DF      44       0       0       0       0   181CD    3039       0       0
   20999982                    18                    18             1.4815176E-03         1.0000000E+30           1186192       
 NEXT SEEDS: 16AFF16      44       0       0       0       0   181CD    3039       0       0
   20999983                    17                    17             1.4815176E-03         1.0000000E+30           1186193       
 NEXT SEEDS: 16B114F      44       0       0       0       0   181CD    3039       0       0
   20999984                    16                    16             1.4815175E-03         1.0000000E+30           1186193       
 NEXT SEEDS: 16B20D1      44       0       0       0       0   181CD    3039       0       0
   20999985                    15                    15             1.4815176E-03         1.0000000E+30           1186193       
 NEXT SEEDS: 16B2C4E      44       0       0       0       0   181CD    3039       0       0
   20999986                    14                    14             1.4815175E-03         1.0000000E+30           1186193       
 NEXT SEEDS: 16B3745      44       0       0       0       0   181CD    3039       0       0
   20999987                    13                    13             1.4815174E-03         1.0000000E+30           1186193       
 NEXT SEEDS: 16B425D      44       0       0       0       0   181CD    3039       0       0
   20999988                    12                    12             1.4815174E-03         1.0000000E+30           1186193       
 NEXT SEEDS: 16B4E40      44       0       0       0       0   181CD    3039       0       0
   20999989                    11                    11             1.4815174E-03         1.0000000E+30           1186193       
 NEXT SEEDS: 16B595E      44       0       0       0       0   181CD    3039       0       0
   20999990                    10                    10             1.4815173E-03         1.0000000E+30           1186193       
 NEXT SEEDS: 16B6540      44       0       0       0       0   181CD    3039       0       0
   20999991                     9                     9             1.4815173E-03         1.0000000E+30           1186193       
 NEXT SEEDS: 16B7081      44       0       0       0       0   181CD    3039       0       0
   20999992                     8                     8             1.4815172E-03         1.0000000E+30           1186193       
 NEXT SEEDS: 16B7C12      44       0       0       0       0   181CD    3039       0       0
   20999993                     7                     7             1.4815173E-03         1.0000000E+30           1186193       
 NEXT SEEDS: 16B8802      44       0       0       0       0   181CD    3039       0       0
   20999994                     6                     6             1.4815172E-03         1.0000000E+30           1186193       
 NEXT SEEDS: 16B92EA      44       0       0       0       0   181CD    3039       0       0
   20999995                     5                     5             1.4815171E-03         1.0000000E+30           1186193       
 NEXT SEEDS: 16B9E51      44       0       0       0       0   181CD    3039       0       0
   20999996                     4                     4             1.4815172E-03         1.0000000E+30           1186193       
 NEXT SEEDS: 16BA9F1      44       0       0       0       0   181CD    3039       0       0
   20999997                     3                     3             1.4815171E-03         1.0000000E+30           1186193       
 NEXT SEEDS: 16BBA07      44       0       0       0       0   181CD    3039       0       0
   20999998                     2                     2             1.4815171E-03         1.0000000E+30           1186193       
 NEXT SEEDS: 16BC5D3      44       0       0       0       0   181CD    3039       0       0
   20999999                     1                     1             1.4815170E-03         1.0000000E+30           1186193       
 NEXT SEEDS: 16BD1AE      44       0       0       0       0   181CD    3039       0       0
   21000000                     0                     1             1.4815170E-03         1.0000000E+30           1186193       
 NEXT SEEDS: 16BDDAB      44       0       0       0       0   181CD    3039       0       0
