1NUMBER OF BEAM       NUMBER OF BEAM        APPROXIMATE NUMBER    AVERAGE TIME USED     TIME LEFT (RESERVED   NUMBER OF STARS
 PARTICLES HANDLED    PARTICLES LEFT        OF BEAM PARTICLES     BY A BEAM PARTICLE     10000.0 SECONDS      CREATED
                                            THAT CAN STILL BE                           FOR PRINTOUT)
                                            HANDLED

 NEXT SEEDS:       0       0       0       0       0       0   181CD    3039       0       0
          1                999999                999999             2.2898197E-02         1.0000000E+30                 2       
 NEXT SEEDS:    5AB8       0       0       0       0       0   181CD    3039       0       0
      20000                980000                980000             5.0364958E-03         1.0000000E+30              6892       
 NEXT SEEDS:110DBEB8       0       0       0       0       0   181CD    3039       0       0
      40000                960000                960000             4.9827043E-03         1.0000000E+30             13588       
 NEXT SEEDS:222A0673       0       0       0       0       0   181CD    3039       0       0
      60000                940000                940000             4.9255796E-03         1.0000000E+30             20224       
 NEXT SEEDS:334D7746       0       0       0       0       0   181CD    3039       0       0
      80000                920000                920000             4.9285445E-03         1.0000000E+30             27032       
 NEXT SEEDS: 8B9DCD5       1       0       0       0       0   181CD    3039       0       0
     100000                900000                900000             4.9186531E-03         1.0000000E+30             33708       
 NEXT SEEDS:19B895D3       1       0       0       0       0   181CD    3039       0       0
     120000                880000                880000             4.9098472E-03         1.0000000E+30             40391       
 NEXT SEEDS:2ACF61B4       1       0       0       0       0   181CD    3039       0       0
     140000                860000                860000             4.8952769E-03         1.0000000E+30             47113       
 NEXT SEEDS:  3118B7       2       0       0       0       0   181CD    3039       0       0
     160000                840000                840000             4.8977540E-03         1.0000000E+30             53869       
 NEXT SEEDS:112DA830       2       0       0       0       0   181CD    3039       0       0
     180000                820000                820000             4.8986010E-03         1.0000000E+30             60591       
 NEXT SEEDS:2227BC8D       2       0       0       0       0   181CD    3039       0       0
     200000                800000                800000             4.8833741E-03         1.0000000E+30             67379       
 NEXT SEEDS:3346D367       2       0       0       0       0   181CD    3039       0       0
     220000                780000                780000             4.8838105E-03         1.0000000E+30             74268       
 NEXT SEEDS: 8C0C458       3       0       0       0       0   181CD    3039       0       0
     240000                760000                760000             4.8918094E-03         1.0000000E+30             80915       
 NEXT SEEDS:19BF745E       3       0       0       0       0   181CD    3039       0       0
     260000                740000                740000             4.8892267E-03         1.0000000E+30             87572       
 NEXT SEEDS:2AB51AE9       3       0       0       0       0   181CD    3039       0       0
     280000                720000                720000             4.8918111E-03         1.0000000E+30             94336       
 NEXT SEEDS:  33EA6D       4       0       0       0       0   181CD    3039       0       0
     300000                700000                700000             4.8996141E-03         1.0000000E+30            101233       
 NEXT SEEDS:11947BF8       4       0       0       0       0   181CD    3039       0       0
     320000                680000                680000             4.9094473E-03         1.0000000E+30            108036       
 NEXT SEEDS:22AB3797       4       0       0       0       0   181CD    3039       0       0
     340000                660000                660000             4.9068979E-03         1.0000000E+30            114810       
 NEXT SEEDS:33ACC794       4       0       0       0       0   181CD    3039       0       0
     360000                640000                640000             4.9019222E-03         1.0000000E+30            121602       
 NEXT SEEDS: 904C7A0       5       0       0       0       0   181CD    3039       0       0
     380000                620000                620000             4.8964255E-03         1.0000000E+30            128518       
 NEXT SEEDS:1A0D3F1F       5       0       0       0       0   181CD    3039       0       0
     400000                600000                600000             4.9009569E-03         1.0000000E+30            135318       
 NEXT SEEDS:2B2E39BF       5       0       0       0       0   181CD    3039       0       0
     420000                580000                580000             4.9037451E-03         1.0000000E+30            142007       
 NEXT SEEDS:  B6F433       6       0       0       0       0   181CD    3039       0       0
     440000                560000                560000             4.9151105E-03         1.0000000E+30            148785       
 NEXT SEEDS:11BF24EE       6       0       0       0       0   181CD    3039       0       0
     460000                540000                540000             4.9135136E-03         1.0000000E+30            155519       
 NEXT SEEDS:22DC5C24       6       0       0       0       0   181CD    3039       0       0
     480000                520000                520000             4.9148523E-03         1.0000000E+30            162141       
 NEXT SEEDS:33E8E7B5       6       0       0       0       0   181CD    3039       0       0
     500000                500000                500000             4.9149076E-03         1.0000000E+30            168861       
 NEXT SEEDS: 9662202       7       0       0       0       0   181CD    3039       0       0
     520000                480000                480000             4.9131511E-03         1.0000000E+30            175724       
 NEXT SEEDS:1A800456       7       0       0       0       0   181CD    3039       0       0
     540000                460000                460000             4.9204580E-03         1.0000000E+30            182614       
 NEXT SEEDS:2B8F9F7A       7       0       0       0       0   181CD    3039       0       0
     560000                440000                440000             4.9157679E-03         1.0000000E+30            189358       
 NEXT SEEDS:  F2FC05       8       0       0       0       0   181CD    3039       0       0
     580000                420000                420000             4.9204518E-03         1.0000000E+30            196039       
 NEXT SEEDS:11E7C351       8       0       0       0       0   181CD    3039       0       0
     600000                400000                400000             4.9198079E-03         1.0000000E+30            202781       
 NEXT SEEDS:22E7D11F       8       0       0       0       0   181CD    3039       0       0
     620000                380000                380000             4.9205727E-03         1.0000000E+30            209518       
 NEXT SEEDS:33FADEDA       8       0       0       0       0   181CD    3039       0       0
     640000                360000                360000             4.9206313E-03         1.0000000E+30            216316       
 NEXT SEEDS: 95CA9F8       9       0       0       0       0   181CD    3039       0       0
     660000                340000                340000             4.9262295E-03         1.0000000E+30            223160       
 NEXT SEEDS:1A678E97       9       0       0       0       0   181CD    3039       0       0
     680000                320000                320000             4.9275135E-03         1.0000000E+30            229928       
 NEXT SEEDS:2B82578F       9       0       0       0       0   181CD    3039       0       0
     700000                300000                300000             4.9287510E-03         1.0000000E+30            236614       
 NEXT SEEDS: 10A196C       A       0       0       0       0   181CD    3039       0       0
     720000                280000                280000             4.9300642E-03         1.0000000E+30            243354       
 NEXT SEEDS:122C1B7A       A       0       0       0       0   181CD    3039       0       0
     740000                260000                260000             4.9349299E-03         1.0000000E+30            250231       
 NEXT SEEDS:23494807       A       0       0       0       0   181CD    3039       0       0
     760000                240000                240000             4.9357961E-03         1.0000000E+30            256980       
 NEXT SEEDS:346484AE       A       0       0       0       0   181CD    3039       0       0
     780000                220000                220000             4.9350692E-03         1.0000000E+30            263790       
 NEXT SEEDS: 9E3C8DC       B       0       0       0       0   181CD    3039       0       0
     800000                200000                200000             4.9324380E-03         1.0000000E+30            270615       
 NEXT SEEDS:1AFDB700       B       0       0       0       0   181CD    3039       0       0
     820000                180000                180000             4.9331566E-03         1.0000000E+30            277310       
 NEXT SEEDS:2C08FECC       B       0       0       0       0   181CD    3039       0       0
     840000                160000                160000             4.9313494E-03         1.0000000E+30            284243       
 NEXT SEEDS: 198C1EB       C       0       0       0       0   181CD    3039       0       0
     860000                140000                140000             4.9321487E-03         1.0000000E+30            291034       
 NEXT SEEDS:12876D31       C       0       0       0       0   181CD    3039       0       0
     880000                120000                120000             4.9324085E-03         1.0000000E+30            297888       
 NEXT SEEDS:238E27D6       C       0       0       0       0   181CD    3039       0       0
     900000                100000                100000             4.9300374E-03         1.0000000E+30            304569       
 NEXT SEEDS:34A4FF9C       C       0       0       0       0   181CD    3039       0       0
     920000                 80000                 80000             4.9302983E-03         1.0000000E+30            311361       
 NEXT SEEDS: A02608F       D       0       0       0       0   181CD    3039       0       0
     940000                 60000                 60000             4.9306962E-03         1.0000000E+30            318188       
 NEXT SEEDS:1B17443D       D       0       0       0       0   181CD    3039       0       0
     960000                 40000                 40000             4.9311370E-03         1.0000000E+30            324962       
 NEXT SEEDS:2C188BF9       D       0       0       0       0   181CD    3039       0       0
     980000                 20000                 20000             4.9315703E-03         1.0000000E+30            331666       
 NEXT SEEDS: 17993BB       E       0       0       0       0   181CD    3039       0       0
     999950                    50                    50             4.9306952E-03         1.0000000E+30            338559       
 NEXT SEEDS:1275A13F       E       0       0       0       0   181CD    3039       0       0
     999951                    49                    49             4.9307025E-03         1.0000000E+30            338559       
 NEXT SEEDS:1275D557       E       0       0       0       0   181CD    3039       0       0
     999952                    48                    48             4.9307054E-03         1.0000000E+30            338559       
 NEXT SEEDS:12760769       E       0       0       0       0   181CD    3039       0       0
     999953                    47                    47             4.9307122E-03         1.0000000E+30            338559       
 NEXT SEEDS:12763813       E       0       0       0       0   181CD    3039       0       0
     999954                    46                    46             4.9307190E-03         1.0000000E+30            338559       
 NEXT SEEDS:12766AA4       E       0       0       0       0   181CD    3039       0       0
     999955                    45                    45             4.9307253E-03         1.0000000E+30            338559       
 NEXT SEEDS:127697C1       E       0       0       0       0   181CD    3039       0       0
     999956                    44                    44             4.9307335E-03         1.0000000E+30            338559       
 NEXT SEEDS:1276D038       E       0       0       0       0   181CD    3039       0       0
     999957                    43                    43             4.9307408E-03         1.0000000E+30            338559       
 NEXT SEEDS:1277053E       E       0       0       0       0   181CD    3039       0       0
     999958                    42                    42             4.9307486E-03         1.0000000E+30            338559       
 NEXT SEEDS:12773B31       E       0       0       0       0   181CD    3039       0       0
     999959                    41                    41             4.9307509E-03         1.0000000E+30            338559       
 NEXT SEEDS:12776A7B       E       0       0       0       0   181CD    3039       0       0
     999960                    40                    40             4.9307587E-03         1.0000000E+30            338560       
 NEXT SEEDS:12779990       E       0       0       0       0   181CD    3039       0       0
     999961                    39                    39             4.9307606E-03         1.0000000E+30            338560       
 NEXT SEEDS:1277C7E1       E       0       0       0       0   181CD    3039       0       0
     999962                    38                    38             4.9307684E-03         1.0000000E+30            338560       
 NEXT SEEDS:1277FBBE       E       0       0       0       0   181CD    3039       0       0
     999963                    37                    37             4.9307727E-03         1.0000000E+30            338560       
 NEXT SEEDS:1278213E       E       0       0       0       0   181CD    3039       0       0
     999964                    36                    36             4.9307795E-03         1.0000000E+30            338560       
 NEXT SEEDS:12785112       E       0       0       0       0   181CD    3039       0       0
     999965                    35                    35             4.9307868E-03         1.0000000E+30            338561       
 NEXT SEEDS:127889D1       E       0       0       0       0   181CD    3039       0       0
     999966                    34                    34             4.9307931E-03         1.0000000E+30            338561       
 NEXT SEEDS:1278B6CA       E       0       0       0       0   181CD    3039       0       0
     999967                    33                    33             4.9307950E-03         1.0000000E+30            338562       
 NEXT SEEDS:1278D61A       E       0       0       0       0   181CD    3039       0       0
     999968                    32                    32             4.9308028E-03         1.0000000E+30            338562       
 NEXT SEEDS:12790C8B       E       0       0       0       0   181CD    3039       0       0
     999969                    31                    31             4.9308091E-03         1.0000000E+30            338562       
 NEXT SEEDS:12793DB8       E       0       0       0       0   181CD    3039       0       0
     999970                    30                    30             4.9308222E-03         1.0000000E+30            338563       
 NEXT SEEDS:12798940       E       0       0       0       0   181CD    3039       0       0
     999971                    29                    29             4.9308280E-03         1.0000000E+30            338563       
 NEXT SEEDS:1279B656       E       0       0       0       0   181CD    3039       0       0
     999972                    28                    28             4.9308363E-03         1.0000000E+30            338563       
 NEXT SEEDS:1279EEE1       E       0       0       0       0   181CD    3039       0       0
     999973                    27                    27             4.9308455E-03         1.0000000E+30            338563       
 NEXT SEEDS:127A2CAF       E       0       0       0       0   181CD    3039       0       0
     999974                    26                    26             4.9308547E-03         1.0000000E+30            338564       
 NEXT SEEDS:127A6499       E       0       0       0       0   181CD    3039       0       0
     999975                    25                    25             4.9308600E-03         1.0000000E+30            338564       
 NEXT SEEDS:127A8FCF       E       0       0       0       0   181CD    3039       0       0
     999976                    24                    24             4.9308683E-03         1.0000000E+30            338564       
 NEXT SEEDS:127AC8A3       E       0       0       0       0   181CD    3039       0       0
     999977                    23                    23             4.9308756E-03         1.0000000E+30            338564       
 NEXT SEEDS:127AFBE7       E       0       0       0       0   181CD    3039       0       0
     999978                    22                    22             4.9308833E-03         1.0000000E+30            338565       
 NEXT SEEDS:127B30BD       E       0       0       0       0   181CD    3039       0       0
     999979                    21                    21             4.9308896E-03         1.0000000E+30            338565       
 NEXT SEEDS:127B5DD7       E       0       0       0       0   181CD    3039       0       0
     999980                    20                    20             4.9309003E-03         1.0000000E+30            338566       
 NEXT SEEDS:127BA3BF       E       0       0       0       0   181CD    3039       0       0
     999981                    19                    19             4.9309140E-03         1.0000000E+30            338567       
 NEXT SEEDS:127BF780       E       0       0       0       0   181CD    3039       0       0
     999982                    18                    18             4.9309212E-03         1.0000000E+30            338567       
 NEXT SEEDS:127C2A15       E       0       0       0       0   181CD    3039       0       0
     999983                    17                    17             4.9309295E-03         1.0000000E+30            338567       
 NEXT SEEDS:127C6483       E       0       0       0       0   181CD    3039       0       0
     999984                    16                    16             4.9309382E-03         1.0000000E+30            338567       
 NEXT SEEDS:127C9E76       E       0       0       0       0   181CD    3039       0       0
     999985                    15                    15             4.9309445E-03         1.0000000E+30            338567       
 NEXT SEEDS:127CCD3F       E       0       0       0       0   181CD    3039       0       0
     999986                    14                    14             4.9309513E-03         1.0000000E+30            338567       
 NEXT SEEDS:127CFE9A       E       0       0       0       0   181CD    3039       0       0
     999987                    13                    13             4.9309601E-03         1.0000000E+30            338567       
 NEXT SEEDS:127D3BF0       E       0       0       0       0   181CD    3039       0       0
     999988                    12                    12             4.9309678E-03         1.0000000E+30            338567       
 NEXT SEEDS:127D6FA3       E       0       0       0       0   181CD    3039       0       0
     999989                    11                    11             4.9309736E-03         1.0000000E+30            338567       
 NEXT SEEDS:127D9875       E       0       0       0       0   181CD    3039       0       0
     999990                    10                    10             4.9309814E-03         1.0000000E+30            338567       
 NEXT SEEDS:127DD141       E       0       0       0       0   181CD    3039       0       0
     999991                     9                     9             4.9309896E-03         1.0000000E+30            338567       
 NEXT SEEDS:127E0ACD       E       0       0       0       0   181CD    3039       0       0
     999992                     8                     8             4.9309994E-03         1.0000000E+30            338567       
 NEXT SEEDS:127E4A06       E       0       0       0       0   181CD    3039       0       0
     999993                     7                     7             4.9310057E-03         1.0000000E+30            338568       
 NEXT SEEDS:127E7EB0       E       0       0       0       0   181CD    3039       0       0
     999994                     6                     6             4.9310120E-03         1.0000000E+30            338568       
 NEXT SEEDS:127EAD87       E       0       0       0       0   181CD    3039       0       0
     999995                     5                     5             4.9310192E-03         1.0000000E+30            338568       
 NEXT SEEDS:127EE20A       E       0       0       0       0   181CD    3039       0       0
     999996                     4                     4             4.9310270E-03         1.0000000E+30            338568       
 NEXT SEEDS:127F1968       E       0       0       0       0   181CD    3039       0       0
     999997                     3                     3             4.9310357E-03         1.0000000E+30            338568       
 NEXT SEEDS:127F5265       E       0       0       0       0   181CD    3039       0       0
     999998                     2                     2             4.9310445E-03         1.0000000E+30            338570       
 NEXT SEEDS:127F8A74       E       0       0       0       0   181CD    3039       0       0
     999999                     1                     1             4.9310508E-03         1.0000000E+30            338570       
 NEXT SEEDS:127FB811       E       0       0       0       0   181CD    3039       0       0
    1000000                     0                     1             4.9310586E-03         1.0000000E+30            338571       
 NEXT SEEDS:127FED66       E       0       0       0       0   181CD    3039       0       0
