1NUMBER OF BEAM       NUMBER OF BEAM        APPROXIMATE NUMBER    AVERAGE TIME USED     TIME LEFT (RESERVED   NUMBER OF STARS
 PARTICLES HANDLED    PARTICLES LEFT        OF BEAM PARTICLES     BY A BEAM PARTICLE     10000.0 SECONDS      CREATED
                                            THAT CAN STILL BE                           FOR PRINTOUT)
                                            HANDLED

 NEXT SEEDS:       0       0       0       0       0       0   181CD    3039       0       0
          1              16666665              16666665             7.0714951E-04         1.0000000E+30                 0       
 NEXT SEEDS:     9F1       0       0       0       0       0   181CD    3039       0       0
     300000              16366666              16366666             3.4825494E-04         1.0000000E+30             11807       
 NEXT SEEDS:1DF36775       0       0       0       0       0   181CD    3039       0       0
     600000              16066666              16066666             3.4489547E-04         1.0000000E+30             23383       
 NEXT SEEDS:  34ABA5       1       0       0       0       0   181CD    3039       0       0
     900000              15766666              15766666             3.4377211E-04         1.0000000E+30             35066       
 NEXT SEEDS:1E29363A       1       0       0       0       0   181CD    3039       0       0
    1200000              15466666              15466666             3.4143618E-04         1.0000000E+30             46745       
 NEXT SEEDS:  653A4D       2       0       0       0       0   181CD    3039       0       0
    1500000              15166666              15166666             3.3644484E-04         1.0000000E+30             58496       
 NEXT SEEDS:1E431C80       2       0       0       0       0   181CD    3039       0       0
    1800000              14866666              14866666             3.3798502E-04         1.0000000E+30             70334       
 NEXT SEEDS:  876E58       3       0       0       0       0   181CD    3039       0       0
    2100000              14566666              14566666             3.3294221E-04         1.0000000E+30             82064       
 NEXT SEEDS:1E760F06       3       0       0       0       0   181CD    3039       0       0
    2400000              14266666              14266666             3.3271243E-04         1.0000000E+30             93644       
 NEXT SEEDS:  AD2948       4       0       0       0       0   181CD    3039       0       0
    2700000              13966666              13966666             3.3418050E-04         1.0000000E+30            105199       
 NEXT SEEDS:1E8E253A       4       0       0       0       0   181CD    3039       0       0
    3000000              13666666              13666666             3.3513009E-04         1.0000000E+30            116912       
 NEXT SEEDS:  CD470E       5       0       0       0       0   181CD    3039       0       0
    3300000              13366666              13366666             3.3331319E-04         1.0000000E+30            128507       
 NEXT SEEDS:1EAF2E43       5       0       0       0       0   181CD    3039       0       0
    3600000              13066666              13066666             3.3312268E-04         1.0000000E+30            140052       
 NEXT SEEDS:  E1F3F4       6       0       0       0       0   181CD    3039       0       0
    3900000              12766666              12766666             3.2998183E-04         1.0000000E+30            151913       
 NEXT SEEDS:1ECA86CD       6       0       0       0       0   181CD    3039       0       0
 COUSET, TXYZ:  0.999999999986745     -0.459618922944170      0.888116234310088    
    4200000              12466666              12466666             3.2748589E-04         1.0000000E+30            163683       
 NEXT SEEDS: 11BBBBD       7       0       0       0       0   181CD    3039       0       0
    4500000              12166666              12166666             3.2606102E-04         1.0000000E+30            175417       
 NEXT SEEDS:1F1A4976       7       0       0       0       0   181CD    3039       0       0
    4800000              11866666              11866666             3.2159570E-04         1.0000000E+30            186886       
 NEXT SEEDS: 1383AC9       8       0       0       0       0   181CD    3039       0       0
    5100000              11566666              11566666             3.2274468E-04         1.0000000E+30            198493       
 NEXT SEEDS:1F097AF8       8       0       0       0       0   181CD    3039       0       0
    5400000              11266666              11266666             3.2082943E-04         1.0000000E+30            210215       
 NEXT SEEDS: 15C137F       9       0       0       0       0   181CD    3039       0       0
    5700000              10966666              10966666             3.1893901E-04         1.0000000E+30            221888       
 NEXT SEEDS:1F522749       9       0       0       0       0   181CD    3039       0       0
    6000000              10666666              10666666             3.1977534E-04         1.0000000E+30            233753       
 NEXT SEEDS: 1A73B6B       A       0       0       0       0   181CD    3039       0       0
    6300000              10366666              10366666             3.2123865E-04         1.0000000E+30            245203       
 NEXT SEEDS:1F72F3EB       A       0       0       0       0   181CD    3039       0       0
 COUSET, TXYZ:  0.999999999993206      0.825799514017190      0.563963795500548    
    6600000              10066666              10066666             3.2279281E-04         1.0000000E+30            257000       
 NEXT SEEDS: 1BBECA2       B       0       0       0       0   181CD    3039       0       0
    6900000               9766666               9766666             3.2383962E-04         1.0000000E+30            268466       
 NEXT SEEDS:1F8737E8       B       0       0       0       0   181CD    3039       0       0
    7200000               9466666               9466666             3.2395225E-04         1.0000000E+30            279994       
 NEXT SEEDS: 1B60AAD       C       0       0       0       0   181CD    3039       0       0
    7500000               9166666               9166666             3.2508723E-04         1.0000000E+30            291526       
 NEXT SEEDS:1F7A3B9B       C       0       0       0       0   181CD    3039       0       0
    7800000               8866666               8866666             3.2530564E-04         1.0000000E+30            303243       
 NEXT SEEDS: 1C24AAD       D       0       0       0       0   181CD    3039       0       0
    8100000               8566666               8566666             3.2516827E-04         1.0000000E+30            314827       
 NEXT SEEDS:1F7EECBA       D       0       0       0       0   181CD    3039       0       0
    8400000               8266666               8266666             3.2438543E-04         1.0000000E+30            326592       
 NEXT SEEDS: 1D2216A       E       0       0       0       0   181CD    3039       0       0
    8700000               7966666               7966666             3.2367063E-04         1.0000000E+30            338199       
 NEXT SEEDS:1FA81B59       E       0       0       0       0   181CD    3039       0       0
    9000000               7666666               7666666             3.2337109E-04         1.0000000E+30            349927       
 NEXT SEEDS: 20100B2       F       0       0       0       0   181CD    3039       0       0
 COUSET, TXYZ:   1.00000000001076     -7.416077933616318E-02  0.997246297977475    
    9300000               7366666               7366666             3.2495649E-04         1.0000000E+30            361534       
 NEXT SEEDS:1FE0E85B       F       0       0       0       0   181CD    3039       0       0
 COUSET, TXYZ:  0.999999999977123      0.924742407795508      0.380593587937069    
 COUSET, TXYZ:  0.999999999988575     -0.776906298219196      0.629616235308855    
    9600000               7066666               7066666             3.2546142E-04         1.0000000E+30            373123       
 NEXT SEEDS: 21D1C31      10       0       0       0       0   181CD    3039       0       0
    9900000               6766666               6766666             3.2698047E-04         1.0000000E+30            384925       
 NEXT SEEDS:2009EBF8      10       0       0       0       0   181CD    3039       0       0
   10200000               6466666               6466666             3.2691006E-04         1.0000000E+30            396727       
 NEXT SEEDS: 25E646B      11       0       0       0       0   181CD    3039       0       0
   10500000               6166666               6166666             3.2652011E-04         1.0000000E+30            408364       
 NEXT SEEDS:20378AE0      11       0       0       0       0   181CD    3039       0       0
   10800000               5866666               5866666             3.2634037E-04         1.0000000E+30            420017       
 NEXT SEEDS: 27D3238      12       0       0       0       0   181CD    3039       0       0
   11100000               5566666               5566666             3.2576701E-04         1.0000000E+30            431741       
 NEXT SEEDS:205FFEE8      12       0       0       0       0   181CD    3039       0       0
   11400000               5266666               5266666             3.2591957E-04         1.0000000E+30            443439       
 NEXT SEEDS: 2A2C718      13       0       0       0       0   181CD    3039       0       0
   11700000               4966666               4966666             3.2652660E-04         1.0000000E+30            455161       
 NEXT SEEDS:208257FE      13       0       0       0       0   181CD    3039       0       0
   12000000               4666666               4666666             3.2609700E-04         1.0000000E+30            466924       
 NEXT SEEDS: 2B76E76      14       0       0       0       0   181CD    3039       0       0
   12300000               4366666               4366666             3.2573414E-04         1.0000000E+30            478504       
 NEXT SEEDS:2081C184      14       0       0       0       0   181CD    3039       0       0
   12600000               4066666               4066666             3.2468963E-04         1.0000000E+30            490231       
 NEXT SEEDS: 2E07FC7      15       0       0       0       0   181CD    3039       0       0
   12900000               3766666               3766666             3.2489473E-04         1.0000000E+30            501899       
 NEXT SEEDS:20D83083      15       0       0       0       0   181CD    3039       0       0
   13200000               3466666               3466666             3.2430124E-04         1.0000000E+30            513578       
 NEXT SEEDS: 3289682      16       0       0       0       0   181CD    3039       0       0
 COUSET, TXYZ:  0.999999999855861     -2.336689776260893E-02  0.999726956623994    
   13500000               3166666               3166666             3.2425882E-04         1.0000000E+30            525224       
 NEXT SEEDS:210513D2      16       0       0       0       0   181CD    3039       0       0
   13800000               2866666               2866666             3.2377483E-04         1.0000000E+30            537016       
 NEXT SEEDS: 35A971D      17       0       0       0       0   181CD    3039       0       0
   14100000               2566666               2566666             3.2418155E-04         1.0000000E+30            548770       
 NEXT SEEDS:2142A3B3      17       0       0       0       0   181CD    3039       0       0
   14400000               2266666               2266666             3.2491350E-04         1.0000000E+30            560482       
 NEXT SEEDS: 3923FE3      18       0       0       0       0   181CD    3039       0       0
   14700000               1966666               1966666             3.2553325E-04         1.0000000E+30            572257       
 NEXT SEEDS:21838D2D      18       0       0       0       0   181CD    3039       0       0
   15000000               1666666               1666666             3.2642636E-04         1.0000000E+30            584012       
 NEXT SEEDS: 3CD0DA8      19       0       0       0       0   181CD    3039       0       0
   15300000               1366666               1366666             3.2728991E-04         1.0000000E+30            595651       
 NEXT SEEDS:21AF0E29      19       0       0       0       0   181CD    3039       0       0
 COUSET, TXYZ:  0.999999999940493     -0.179322750653667      0.983790298274479    
   15600000               1066666               1066666             3.2774589E-04         1.0000000E+30            607312       
 NEXT SEEDS: 3E99782      1A       0       0       0       0   181CD    3039       0       0
   15900000                766666                766666             3.2759212E-04         1.0000000E+30            619066       
 NEXT SEEDS:21CB1CED      1A       0       0       0       0   181CD    3039       0       0
   16200000                466666                466666             3.2849576E-04         1.0000000E+30            630755       
 NEXT SEEDS: 40C41B2      1B       0       0       0       0   181CD    3039       0       0
   16500000                166666                166666             3.2905809E-04         1.0000000E+30            642357       
 NEXT SEEDS:21E2B4F5      1B       0       0       0       0   181CD    3039       0       0
   16666616                    50                    50             3.2934232E-04         1.0000000E+30            648845       
 NEXT SEEDS:328010A9      1B       0       0       0       0   181CD    3039       0       0
   16666617                    49                    49             3.2934233E-04         1.0000000E+30            648845       
 NEXT SEEDS:3280137B      1B       0       0       0       0   181CD    3039       0       0
   16666618                    48                    48             3.2934236E-04         1.0000000E+30            648845       
 NEXT SEEDS:32801AE8      1B       0       0       0       0   181CD    3039       0       0
   16666619                    47                    47             3.2934234E-04         1.0000000E+30            648845       
 NEXT SEEDS:32801DFF      1B       0       0       0       0   181CD    3039       0       0
   16666620                    46                    46             3.2934238E-04         1.0000000E+30            648845       
 NEXT SEEDS:3280283D      1B       0       0       0       0   181CD    3039       0       0
   16666621                    45                    45             3.2934239E-04         1.0000000E+30            648845       
 NEXT SEEDS:32802E68      1B       0       0       0       0   181CD    3039       0       0
   16666622                    44                    44             3.2934240E-04         1.0000000E+30            648845       
 NEXT SEEDS:32803385      1B       0       0       0       0   181CD    3039       0       0
   16666623                    43                    43             3.2934241E-04         1.0000000E+30            648845       
 NEXT SEEDS:32803AE0      1B       0       0       0       0   181CD    3039       0       0
   16666624                    42                    42             3.2934242E-04         1.0000000E+30            648845       
 NEXT SEEDS:328041DB      1B       0       0       0       0   181CD    3039       0       0
   16666625                    41                    41             3.2934243E-04         1.0000000E+30            648845       
 NEXT SEEDS:3280465E      1B       0       0       0       0   181CD    3039       0       0
   16666626                    40                    40             3.2934244E-04         1.0000000E+30            648845       
 NEXT SEEDS:32804F72      1B       0       0       0       0   181CD    3039       0       0
   16666627                    39                    39             3.2934245E-04         1.0000000E+30            648845       
 NEXT SEEDS:32805303      1B       0       0       0       0   181CD    3039       0       0
   16666628                    38                    38             3.2934246E-04         1.0000000E+30            648845       
 NEXT SEEDS:32805ABA      1B       0       0       0       0   181CD    3039       0       0
   16666629                    37                    37             3.2934247E-04         1.0000000E+30            648845       
 NEXT SEEDS:32805F8E      1B       0       0       0       0   181CD    3039       0       0
   16666630                    36                    36             3.2934248E-04         1.0000000E+30            648845       
 NEXT SEEDS:328066FB      1B       0       0       0       0   181CD    3039       0       0
   16666631                    35                    35             3.2934249E-04         1.0000000E+30            648845       
 NEXT SEEDS:32806B3C      1B       0       0       0       0   181CD    3039       0       0
   16666632                    34                    34             3.2934250E-04         1.0000000E+30            648845       
 NEXT SEEDS:32806FD5      1B       0       0       0       0   181CD    3039       0       0
   16666633                    33                    33             3.2934248E-04         1.0000000E+30            648845       
 NEXT SEEDS:3280733E      1B       0       0       0       0   181CD    3039       0       0
   16666634                    32                    32             3.2934246E-04         1.0000000E+30            648845       
 NEXT SEEDS:32807A89      1B       0       0       0       0   181CD    3039       0       0
   16666635                    31                    31             3.2934244E-04         1.0000000E+30            648845       
 NEXT SEEDS:32808213      1B       0       0       0       0   181CD    3039       0       0
   16666636                    30                    30             3.2934242E-04         1.0000000E+30            648845       
 NEXT SEEDS:32808733      1B       0       0       0       0   181CD    3039       0       0
   16666637                    29                    29             3.2934240E-04         1.0000000E+30            648845       
 NEXT SEEDS:32808EF5      1B       0       0       0       0   181CD    3039       0       0
   16666638                    28                    28             3.2934238E-04         1.0000000E+30            648845       
 NEXT SEEDS:3280938B      1B       0       0       0       0   181CD    3039       0       0
   16666639                    27                    27             3.2934236E-04         1.0000000E+30            648845       
 NEXT SEEDS:32809883      1B       0       0       0       0   181CD    3039       0       0
   16666640                    26                    26             3.2934252E-04         1.0000000E+30            648846       
 NEXT SEEDS:3280C92E      1B       0       0       0       0   181CD    3039       0       0
   16666641                    25                    25             3.2934252E-04         1.0000000E+30            648846       
 NEXT SEEDS:3280CCC4      1B       0       0       0       0   181CD    3039       0       0
   16666642                    24                    24             3.2934253E-04         1.0000000E+30            648846       
 NEXT SEEDS:3280D185      1B       0       0       0       0   181CD    3039       0       0
   16666643                    23                    23             3.2934254E-04         1.0000000E+30            648846       
 NEXT SEEDS:3280D5C2      1B       0       0       0       0   181CD    3039       0       0
   16666644                    22                    22             3.2934255E-04         1.0000000E+30            648846       
 NEXT SEEDS:3280DCCA      1B       0       0       0       0   181CD    3039       0       0
   16666645                    21                    21             3.2934256E-04         1.0000000E+30            648846       
 NEXT SEEDS:3280E3AD      1B       0       0       0       0   181CD    3039       0       0
   16666646                    20                    20             3.2934272E-04         1.0000000E+30            648847       
 NEXT SEEDS:32810B50      1B       0       0       0       0   181CD    3039       0       0
   16666647                    19                    19             3.2934273E-04         1.0000000E+30            648847       
 NEXT SEEDS:328110A6      1B       0       0       0       0   181CD    3039       0       0
   16666648                    18                    18             3.2934274E-04         1.0000000E+30            648847       
 NEXT SEEDS:32811630      1B       0       0       0       0   181CD    3039       0       0
   16666649                    17                    17             3.2934275E-04         1.0000000E+30            648847       
 NEXT SEEDS:32811A10      1B       0       0       0       0   181CD    3039       0       0
   16666650                    16                    16             3.2934276E-04         1.0000000E+30            648847       
 NEXT SEEDS:32811FF6      1B       0       0       0       0   181CD    3039       0       0
   16666651                    15                    15             3.2934277E-04         1.0000000E+30            648847       
 NEXT SEEDS:328125D7      1B       0       0       0       0   181CD    3039       0       0
   16666652                    14                    14             3.2934278E-04         1.0000000E+30            648847       
 NEXT SEEDS:328129EE      1B       0       0       0       0   181CD    3039       0       0
   16666653                    13                    13             3.2934279E-04         1.0000000E+30            648847       
 NEXT SEEDS:32812D02      1B       0       0       0       0   181CD    3039       0       0
   16666654                    12                    12             3.2934277E-04         1.0000000E+30            648847       
 NEXT SEEDS:3281319D      1B       0       0       0       0   181CD    3039       0       0
   16666655                    11                    11             3.2934278E-04         1.0000000E+30            648847       
 NEXT SEEDS:3281361C      1B       0       0       0       0   181CD    3039       0       0
   16666656                    10                    10             3.2934281E-04         1.0000000E+30            648847       
 NEXT SEEDS:32813D42      1B       0       0       0       0   181CD    3039       0       0
   16666657                     9                     9             3.2934282E-04         1.0000000E+30            648847       
 NEXT SEEDS:3281431C      1B       0       0       0       0   181CD    3039       0       0
   16666658                     8                     8             3.2934283E-04         1.0000000E+30            648847       
 NEXT SEEDS:32814877      1B       0       0       0       0   181CD    3039       0       0
   16666659                     7                     7             3.2934284E-04         1.0000000E+30            648847       
 NEXT SEEDS:32815230      1B       0       0       0       0   181CD    3039       0       0
   16666660                     6                     6             3.2934285E-04         1.0000000E+30            648847       
 NEXT SEEDS:32815431      1B       0       0       0       0   181CD    3039       0       0
   16666661                     5                     5             3.2934286E-04         1.0000000E+30            648847       
 NEXT SEEDS:328157BA      1B       0       0       0       0   181CD    3039       0       0
   16666662                     4                     4             3.2934284E-04         1.0000000E+30            648847       
 NEXT SEEDS:32815C5A      1B       0       0       0       0   181CD    3039       0       0
   16666663                     3                     3             3.2934285E-04         1.0000000E+30            648847       
 NEXT SEEDS:32815E22      1B       0       0       0       0   181CD    3039       0       0
   16666664                     2                     2             3.2934286E-04         1.0000000E+30            648847       
 NEXT SEEDS:328164CC      1B       0       0       0       0   181CD    3039       0       0
   16666665                     1                     1             3.2934287E-04         1.0000000E+30            648847       
 NEXT SEEDS:32816B89      1B       0       0       0       0   181CD    3039       0       0
   16666666                     0                     1             3.2934288E-04         1.0000000E+30            648847       
 NEXT SEEDS:328171C6      1B       0       0       0       0   181CD    3039       0       0
