1NUMBER OF BEAM       NUMBER OF BEAM        APPROXIMATE NUMBER    AVERAGE TIME USED     TIME LEFT (RESERVED   NUMBER OF STARS
 PARTICLES HANDLED    PARTICLES LEFT        OF BEAM PARTICLES     BY A BEAM PARTICLE     10000.0 SECONDS      CREATED
                                            THAT CAN STILL BE                           FOR PRINTOUT)
                                            HANDLED

 NEXT SEEDS:       0       0       0       0       0       0   181CD    3039       0       0
          1              24999999              24999999             1.3480186E-03         1.0000000E+30                 0       
 NEXT SEEDS:     48A       0       0       0       0       0   181CD    3039       0       0
 COUSET, TXYZ:  0.999999999994162      9.262913484409014E-03  0.999957098290774    
     500000              24500000              24500000             5.0850979E-04         1.0000000E+30             12907       
 NEXT SEEDS:22323A0C       0       0       0       0       0   181CD    3039       0       0
    1000000              24000000              24000000             5.0627086E-04         1.0000000E+30             25940       
 NEXT SEEDS: 8D870FA       1       0       0       0       0   181CD    3039       0       0
    1500000              23500000              23500000             5.1665319E-04         1.0000000E+30             38803       
 NEXT SEEDS:2B16B1C5       1       0       0       0       0   181CD    3039       0       0
    2000000              23000000              23000000             5.2018426E-04         1.0000000E+30             51841       
 NEXT SEEDS:11C61005       2       0       0       0       0   181CD    3039       0       0
    2500000              22500000              22500000             5.2204555E-04         1.0000000E+30             64761       
 NEXT SEEDS:341B6F29       2       0       0       0       0   181CD    3039       0       0
 COUSET, TXYZ:  0.999999999942837      0.833468903755664      0.552566363759146    
 COUSET, TXYZ:   1.00000000001791      4.849628287241730E-02  0.998823363054441    
 COUSET, TXYZ:  0.999999999993356      0.939779025577853      0.341782654724685    
    3000000              22000000              22000000             5.2117525E-04         1.0000000E+30             77779       
 NEXT SEEDS:1AD765B0       3       0       0       0       0   181CD    3039       0       0
    3500000              21500000              21500000             5.2348779E-04         1.0000000E+30             90741       
 NEXT SEEDS: 18E5E89       4       0       0       0       0   181CD    3039       0       0
 COUSET, TXYZ:  0.999999999987769      0.972368654006737      0.233450638638374    
 COUSET, TXYZ:   1.00000000000564      0.861542234542795      0.507685904974995    
    4000000              21000000              21000000             5.2583062E-04         1.0000000E+30            103682       
 NEXT SEEDS:23E10BD3       4       0       0       0       0   181CD    3039       0       0
    4500000              20500000              20500000             5.2604633E-04         1.0000000E+30            116869       
 NEXT SEEDS: A94CF8D       5       0       0       0       0   181CD    3039       0       0
    5000000              20000000              20000000             5.2597749E-04         1.0000000E+30            130024       
 NEXT SEEDS:2CE14DE3       5       0       0       0       0   181CD    3039       0       0
    5500000              19500000              19500000             5.2603981E-04         1.0000000E+30            143107       
 NEXT SEEDS:138BA6E6       6       0       0       0       0   181CD    3039       0       0
    6000000              19000000              19000000             5.2611698E-04         1.0000000E+30            156150       
 NEXT SEEDS:35DBD017       6       0       0       0       0   181CD    3039       0       0
 COUSET, TXYZ:  0.999999999986863      0.589690943897538      0.807628993201059    
    6500000              18500000              18500000             5.2650961E-04         1.0000000E+30            169278       
 NEXT SEEDS:1C933C07       7       0       0       0       0   181CD    3039       0       0
    7000000              18000000              18000000             5.2125586E-04         1.0000000E+30            182297       
 NEXT SEEDS: 336DA25       8       0       0       0       0   181CD    3039       0       0
    7500000              17500000              17500000             5.1610153E-04         1.0000000E+30            195426       
 NEXT SEEDS:25784647       8       0       0       0       0   181CD    3039       0       0
    8000000              17000000              17000000             5.1221927E-04         1.0000000E+30            208442       
 NEXT SEEDS: C3711F1       9       0       0       0       0   181CD    3039       0       0
    8500000              16500000              16500000             5.0961888E-04         1.0000000E+30            221547       
 NEXT SEEDS:2E928F63       9       0       0       0       0   181CD    3039       0       0
    9000000              16000000              16000000             5.0743942E-04         1.0000000E+30            234655       
 NEXT SEEDS:1552EBC3       A       0       0       0       0   181CD    3039       0       0
    9500000              15500000              15500000             5.0601447E-04         1.0000000E+30            247538       
 NEXT SEEDS:377C5968       A       0       0       0       0   181CD    3039       0       0
   10000000              15000000              15000000             5.0469104E-04         1.0000000E+30            260627       
 NEXT SEEDS:1E373A46       B       0       0       0       0   181CD    3039       0       0
   10500000              14500000              14500000             5.0356480E-04         1.0000000E+30            273501       
 NEXT SEEDS: 4C6037E       C       0       0       0       0   181CD    3039       0       0
   11000000              14000000              14000000             5.0351693E-04         1.0000000E+30            286610       
 NEXT SEEDS:26FF9139       C       0       0       0       0   181CD    3039       0       0
   11500000              13500000              13500000             5.0345548E-04         1.0000000E+30            299444       
 NEXT SEEDS: D9BE555       D       0       0       0       0   181CD    3039       0       0
   12000000              13000000              13000000             5.0270522E-04         1.0000000E+30            312514       
 NEXT SEEDS:2FDE9BD7       D       0       0       0       0   181CD    3039       0       0
   12500000              12500000              12500000             5.0309224E-04         1.0000000E+30            325505       
 NEXT SEEDS:16843359       E       0       0       0       0   181CD    3039       0       0
   13000000              12000000              12000000             5.0254509E-04         1.0000000E+30            338477       
 NEXT SEEDS:38C70500       E       0       0       0       0   181CD    3039       0       0
   13500000              11500000              11500000             5.0269811E-04         1.0000000E+30            351641       
 NEXT SEEDS:1F75BE96       F       0       0       0       0   181CD    3039       0       0
   14000000              11000000              11000000             5.0243162E-04         1.0000000E+30            364516       
 NEXT SEEDS: 620EBC8      10       0       0       0       0   181CD    3039       0       0
   14500000              10500000              10500000             5.0288960E-04         1.0000000E+30            377375       
 NEXT SEEDS:2856ACE9      10       0       0       0       0   181CD    3039       0       0
   15000000              10000000              10000000             5.0244865E-04         1.0000000E+30            390308       
 NEXT SEEDS: EEEE11A      11       0       0       0       0   181CD    3039       0       0
   15500000               9500000               9500000             5.0286292E-04         1.0000000E+30            403389       
 NEXT SEEDS:3133948C      11       0       0       0       0   181CD    3039       0       0
   16000000               9000000               9000000             5.0264671E-04         1.0000000E+30            416495       
 NEXT SEEDS:17D31F4A      12       0       0       0       0   181CD    3039       0       0
 COUSET, TXYZ:   1.00000000001070      0.304219152656984      0.952602071789725    
   16500000               8500000               8500000             5.0279369E-04         1.0000000E+30            429607       
 NEXT SEEDS:3A3D3E05      12       0       0       0       0   181CD    3039       0       0
   17000000               8000000               8000000             5.0307165E-04         1.0000000E+30            442730       
 NEXT SEEDS:20FB78F7      13       0       0       0       0   181CD    3039       0       0
   17500000               7500000               7500000             5.0292831E-04         1.0000000E+30            455764       
 NEXT SEEDS: 7B52BEF      14       0       0       0       0   181CD    3039       0       0
   18000000               7000000               7000000             5.0273374E-04         1.0000000E+30            468819       
 NEXT SEEDS:29F1FCE7      14       0       0       0       0   181CD    3039       0       0
   18500000               6500000               6500000             5.0280090E-04         1.0000000E+30            481661       
 NEXT SEEDS:1081309C      15       0       0       0       0   181CD    3039       0       0
   19000000               6000000               6000000             5.0298978E-04         1.0000000E+30            494741       
 NEXT SEEDS:32CB0493      15       0       0       0       0   181CD    3039       0       0
   19500000               5500000               5500000             5.0308875E-04         1.0000000E+30            507757       
 NEXT SEEDS:195EBA86      16       0       0       0       0   181CD    3039       0       0
   20000000               5000000               5000000             5.0298751E-04         1.0000000E+30            520755       
 NEXT SEEDS:3B90BBDA      16       0       0       0       0   181CD    3039       0       0
   20500000               4500000               4500000             5.0288273E-04         1.0000000E+30            533556       
 NEXT SEEDS:22175AA8      17       0       0       0       0   181CD    3039       0       0
   21000000               4000000               4000000             5.0295820E-04         1.0000000E+30            546539       
 NEXT SEEDS: 8D32538      18       0       0       0       0   181CD    3039       0       0
   21500000               3500000               3500000             5.0302263E-04         1.0000000E+30            559449       
 NEXT SEEDS:2B06DF86      18       0       0       0       0   181CD    3039       0       0
   22000000               3000000               3000000             5.0295300E-04         1.0000000E+30            572398       
 NEXT SEEDS:11C04DA6      19       0       0       0       0   181CD    3039       0       0
   22500000               2500000               2500000             5.0303469E-04         1.0000000E+30            585449       
 NEXT SEEDS:341318F7      19       0       0       0       0   181CD    3039       0       0
   23000000               2000000               2000000             5.0328062E-04         1.0000000E+30            598440       
 NEXT SEEDS:1AC50CF4      1A       0       0       0       0   181CD    3039       0       0
   23500000               1500000               1500000             5.0293726E-04         1.0000000E+30            611512       
 NEXT SEEDS: 17D69B6      1B       0       0       0       0   181CD    3039       0       0
   24000000               1000000               1000000             5.0311821E-04         1.0000000E+30            624546       
 NEXT SEEDS:23D580CA      1B       0       0       0       0   181CD    3039       0       0
   24500000                500000                500000             5.0290634E-04         1.0000000E+30            637612       
 NEXT SEEDS: A863775      1C       0       0       0       0   181CD    3039       0       0
   24999950                    50                    50             5.0298644E-04         1.0000000E+30            650679       
 NEXT SEEDS:2CE5A851      1C       0       0       0       0   181CD    3039       0       0
   24999951                    49                    49             5.0298642E-04         1.0000000E+30            650679       
 NEXT SEEDS:2CE5AB90      1C       0       0       0       0   181CD    3039       0       0
   24999952                    48                    48             5.0298640E-04         1.0000000E+30            650679       
 NEXT SEEDS:2CE5AFE5      1C       0       0       0       0   181CD    3039       0       0
   24999953                    47                    47             5.0298642E-04         1.0000000E+30            650679       
 NEXT SEEDS:2CE5B3F3      1C       0       0       0       0   181CD    3039       0       0
   24999954                    46                    46             5.0298640E-04         1.0000000E+30            650679       
 NEXT SEEDS:2CE5B8C5      1C       0       0       0       0   181CD    3039       0       0
   24999955                    45                    45             5.0298642E-04         1.0000000E+30            650679       
 NEXT SEEDS:2CE5BD5B      1C       0       0       0       0   181CD    3039       0       0
   24999956                    44                    44             5.0298640E-04         1.0000000E+30            650679       
 NEXT SEEDS:2CE5BF5C      1C       0       0       0       0   181CD    3039       0       0
   24999957                    43                    43             5.0298638E-04         1.0000000E+30            650679       
 NEXT SEEDS:2CE5C002      1C       0       0       0       0   181CD    3039       0       0
   24999958                    42                    42             5.0298640E-04         1.0000000E+30            650679       
 NEXT SEEDS:2CE5C456      1C       0       0       0       0   181CD    3039       0       0
   24999959                    41                    41             5.0298638E-04         1.0000000E+30            650679       
 NEXT SEEDS:2CE5C6A1      1C       0       0       0       0   181CD    3039       0       0
   24999960                    40                    40             5.0298636E-04         1.0000000E+30            650679       
 NEXT SEEDS:2CE5CB12      1C       0       0       0       0   181CD    3039       0       0
   24999961                    39                    39             5.0298638E-04         1.0000000E+30            650679       
 NEXT SEEDS:2CE5CF08      1C       0       0       0       0   181CD    3039       0       0
   24999962                    38                    38             5.0298636E-04         1.0000000E+30            650679       
 NEXT SEEDS:2CE5D1D4      1C       0       0       0       0   181CD    3039       0       0
   24999963                    37                    37             5.0298634E-04         1.0000000E+30            650679       
 NEXT SEEDS:2CE5D58D      1C       0       0       0       0   181CD    3039       0       0
   24999964                    36                    36             5.0298636E-04         1.0000000E+30            650679       
 NEXT SEEDS:2CE5DE46      1C       0       0       0       0   181CD    3039       0       0
   24999965                    35                    35             5.0298634E-04         1.0000000E+30            650679       
 NEXT SEEDS:2CE5E31D      1C       0       0       0       0   181CD    3039       0       0
   24999966                    34                    34             5.0298632E-04         1.0000000E+30            650679       
 NEXT SEEDS:2CE5E639      1C       0       0       0       0   181CD    3039       0       0
   24999967                    33                    33             5.0298634E-04         1.0000000E+30            650679       
 NEXT SEEDS:2CE5E869      1C       0       0       0       0   181CD    3039       0       0
   24999968                    32                    32             5.0298632E-04         1.0000000E+30            650679       
 NEXT SEEDS:2CE5EAD4      1C       0       0       0       0   181CD    3039       0       0
   24999969                    31                    31             5.0298630E-04         1.0000000E+30            650679       
 NEXT SEEDS:2CE5EEBF      1C       0       0       0       0   181CD    3039       0       0
   24999970                    30                    30             5.0298632E-04         1.0000000E+30            650679       
 NEXT SEEDS:2CE5F46E      1C       0       0       0       0   181CD    3039       0       0
   24999971                    29                    29             5.0298630E-04         1.0000000E+30            650679       
 NEXT SEEDS:2CE5FAD8      1C       0       0       0       0   181CD    3039       0       0
   24999972                    28                    28             5.0298631E-04         1.0000000E+30            650679       
 NEXT SEEDS:2CE600DC      1C       0       0       0       0   181CD    3039       0       0
   24999973                    27                    27             5.0298629E-04         1.0000000E+30            650679       
 NEXT SEEDS:2CE605FE      1C       0       0       0       0   181CD    3039       0       0
   24999974                    26                    26             5.0298627E-04         1.0000000E+30            650679       
 NEXT SEEDS:2CE60799      1C       0       0       0       0   181CD    3039       0       0
   24999975                    25                    25             5.0298629E-04         1.0000000E+30            650679       
 NEXT SEEDS:2CE60A6F      1C       0       0       0       0   181CD    3039       0       0
   24999976                    24                    24             5.0298627E-04         1.0000000E+30            650679       
 NEXT SEEDS:2CE60E19      1C       0       0       0       0   181CD    3039       0       0
   24999977                    23                    23             5.0298625E-04         1.0000000E+30            650679       
 NEXT SEEDS:2CE61056      1C       0       0       0       0   181CD    3039       0       0
   24999978                    22                    22             5.0298627E-04         1.0000000E+30            650679       
 NEXT SEEDS:2CE613B9      1C       0       0       0       0   181CD    3039       0       0
   24999979                    21                    21             5.0298625E-04         1.0000000E+30            650679       
 NEXT SEEDS:2CE61798      1C       0       0       0       0   181CD    3039       0       0
   24999980                    20                    20             5.0298623E-04         1.0000000E+30            650679       
 NEXT SEEDS:2CE61CCA      1C       0       0       0       0   181CD    3039       0       0
   24999981                    19                    19             5.0298625E-04         1.0000000E+30            650679       
 NEXT SEEDS:2CE62013      1C       0       0       0       0   181CD    3039       0       0
   24999982                    18                    18             5.0298623E-04         1.0000000E+30            650679       
 NEXT SEEDS:2CE621DB      1C       0       0       0       0   181CD    3039       0       0
   24999983                    17                    17             5.0298621E-04         1.0000000E+30            650679       
 NEXT SEEDS:2CE627DA      1C       0       0       0       0   181CD    3039       0       0
   24999984                    16                    16             5.0298623E-04         1.0000000E+30            650679       
 NEXT SEEDS:2CE62E1F      1C       0       0       0       0   181CD    3039       0       0
   24999985                    15                    15             5.0298621E-04         1.0000000E+30            650679       
 NEXT SEEDS:2CE6317D      1C       0       0       0       0   181CD    3039       0       0
   24999986                    14                    14             5.0298619E-04         1.0000000E+30            650679       
 NEXT SEEDS:2CE632B9      1C       0       0       0       0   181CD    3039       0       0
   24999987                    13                    13             5.0298621E-04         1.0000000E+30            650679       
 NEXT SEEDS:2CE6347F      1C       0       0       0       0   181CD    3039       0       0
   24999988                    12                    12             5.0298619E-04         1.0000000E+30            650679       
 NEXT SEEDS:2CE637F4      1C       0       0       0       0   181CD    3039       0       0
   24999989                    11                    11             5.0298617E-04         1.0000000E+30            650679       
 NEXT SEEDS:2CE63BF9      1C       0       0       0       0   181CD    3039       0       0
   24999990                    10                    10             5.0298619E-04         1.0000000E+30            650679       
 NEXT SEEDS:2CE63F34      1C       0       0       0       0   181CD    3039       0       0
   24999991                     9                     9             5.0298617E-04         1.0000000E+30            650679       
 NEXT SEEDS:2CE644D2      1C       0       0       0       0   181CD    3039       0       0
   24999992                     8                     8             5.0298615E-04         1.0000000E+30            650679       
 NEXT SEEDS:2CE64AB6      1C       0       0       0       0   181CD    3039       0       0
   24999993                     7                     7             5.0298617E-04         1.0000000E+30            650679       
 NEXT SEEDS:2CE64C5E      1C       0       0       0       0   181CD    3039       0       0
   24999994                     6                     6             5.0298615E-04         1.0000000E+30            650679       
 NEXT SEEDS:2CE650AD      1C       0       0       0       0   181CD    3039       0       0
   24999995                     5                     5             5.0298613E-04         1.0000000E+30            650679       
 NEXT SEEDS:2CE657AA      1C       0       0       0       0   181CD    3039       0       0
   24999996                     4                     4             5.0298614E-04         1.0000000E+30            650679       
 NEXT SEEDS:2CE65DC7      1C       0       0       0       0   181CD    3039       0       0
   24999997                     3                     3             5.0298612E-04         1.0000000E+30            650679       
 NEXT SEEDS:2CE6627A      1C       0       0       0       0   181CD    3039       0       0
   24999998                     2                     2             5.0298614E-04         1.0000000E+30            650679       
 NEXT SEEDS:2CE66651      1C       0       0       0       0   181CD    3039       0       0
   24999999                     1                     1             5.0298612E-04         1.0000000E+30            650679       
 NEXT SEEDS:2CE66762      1C       0       0       0       0   181CD    3039       0       0
   25000000                     0                     1             5.0298610E-04         1.0000000E+30            650679       
 NEXT SEEDS:2CE66ABB      1C       0       0       0       0   181CD    3039       0       0
