1NUMBER OF BEAM       NUMBER OF BEAM        APPROXIMATE NUMBER    AVERAGE TIME USED     TIME LEFT (RESERVED   NUMBER OF STARS
 PARTICLES HANDLED    PARTICLES LEFT        OF BEAM PARTICLES     BY A BEAM PARTICLE     10000.0 SECONDS      CREATED
                                            THAT CAN STILL BE                           FOR PRINTOUT)
                                            HANDLED

 NEXT SEEDS:       0       0       0       0       0       0   181CD    3039       0       0
          1              49999999              49999999             2.0313263E-04         1.0000000E+30                 0       
 NEXT SEEDS:     2D6       0       0       0       0       0   181CD    3039       0       0
    1000000              49000000              49000000             9.8819831E-05         1.0000000E+30             13495       
 NEXT SEEDS:2559A247       0       0       0       0       0   181CD    3039       0       0
    2000000              48000000              48000000             9.8809223E-05         1.0000000E+30             26794       
 NEXT SEEDS: F08CADA       1       0       0       0       0   181CD    3039       0       0
    3000000              47000000              47000000             9.8779309E-05         1.0000000E+30             40169       
 NEXT SEEDS:34467472       1       0       0       0       0   181CD    3039       0       0
    4000000              46000000              46000000             9.8791849E-05         1.0000000E+30             53470       
 NEXT SEEDS:1E0E1AF3       2       0       0       0       0   181CD    3039       0       0
    5000000              45000000              45000000             9.8695680E-05         1.0000000E+30             66759       
 NEXT SEEDS: 7ABB13C       3       0       0       0       0   181CD    3039       0       0
    6000000              44000000              44000000             9.8673046E-05         1.0000000E+30             80108       
 NEXT SEEDS:2CE618AE       3       0       0       0       0   181CD    3039       0       0
    7000000              43000000              43000000             9.8692515E-05         1.0000000E+30             93568       
 NEXT SEEDS:169522EF       4       0       0       0       0   181CD    3039       0       0
    8000000              42000000              42000000             9.8672471E-05         1.0000000E+30            106689       
 NEXT SEEDS:  3407ED       5       0       0       0       0   181CD    3039       0       0
    9000000              41000000              41000000             9.8692580E-05         1.0000000E+30            120163       
 NEXT SEEDS:2581400D       5       0       0       0       0   181CD    3039       0       0
   10000000              40000000              40000000             9.8725635E-05         1.0000000E+30            133413       
 NEXT SEEDS: F2AE279       6       0       0       0       0   181CD    3039       0       0
   11000000              39000000              39000000             9.8728899E-05         1.0000000E+30            146780       
 NEXT SEEDS:347917E5       6       0       0       0       0   181CD    3039       0       0
 COUSET, TXYZ:   1.00000000000799      0.399923808281039      0.916548388022136    
   12000000              38000000              38000000             9.8696600E-05         1.0000000E+30            160055       
 NEXT SEEDS:1E0372D2       7       0       0       0       0   181CD    3039       0       0
   13000000              37000000              37000000             9.9060402E-05         1.0000000E+30            173452       
 NEXT SEEDS: 7A77C84       8       0       0       0       0   181CD    3039       0       0
   14000000              36000000              36000000             9.9043340E-05         1.0000000E+30            186834       
 NEXT SEEDS:2CDBCF8B       8       0       0       0       0   181CD    3039       0       0
   15000000              35000000              35000000             9.9025965E-05         1.0000000E+30            200052       
 NEXT SEEDS:1678C957       9       0       0       0       0   181CD    3039       0       0
   16000000              34000000              34000000             9.9009678E-05         1.0000000E+30            213385       
 NEXT SEEDS:  235277       A       0       0       0       0   181CD    3039       0       0
   17000000              33000000              33000000             9.9015572E-05         1.0000000E+30            227011       
 NEXT SEEDS:258DDEBC       A       0       0       0       0   181CD    3039       0       0
   18000000              32000000              32000000             9.9012496E-05         1.0000000E+30            240366       
 NEXT SEEDS: F3FA6D9       B       0       0       0       0   181CD    3039       0       0
   19000000              31000000              31000000             9.8984616E-05         1.0000000E+30            253604       
 NEXT SEEDS:34778A49       B       0       0       0       0   181CD    3039       0       0
   20000000              30000000              30000000             9.8973838E-05         1.0000000E+30            266971       
 NEXT SEEDS:1E211A88       C       0       0       0       0   181CD    3039       0       0
   21000000              29000000              29000000             9.8952983E-05         1.0000000E+30            280230       
 NEXT SEEDS: 7BB20A0       D       0       0       0       0   181CD    3039       0       0
   22000000              28000000              28000000             9.8952435E-05         1.0000000E+30            293736       
 NEXT SEEDS:2D09A9EA       D       0       0       0       0   181CD    3039       0       0
   23000000              27000000              27000000             9.8955808E-05         1.0000000E+30            307120       
 NEXT SEEDS:16C019A3       E       0       0       0       0   181CD    3039       0       0
   24000000              26000000              26000000             9.8943530E-05         1.0000000E+30            320310       
 NEXT SEEDS:  606464       F       0       0       0       0   181CD    3039       0       0
   25000000              25000000              25000000             9.8939373E-05         1.0000000E+30            333717       
 NEXT SEEDS:25A4E45B       F       0       0       0       0   181CD    3039       0       0
   26000000              24000000              24000000             9.8936925E-05         1.0000000E+30            347243       
 NEXT SEEDS: F56B8CF      10       0       0       0       0   181CD    3039       0       0
   27000000              23000000              23000000             9.8940193E-05         1.0000000E+30            360785       
 NEXT SEEDS:34AF9A6E      10       0       0       0       0   181CD    3039       0       0
   28000000              22000000              22000000             9.8957945E-05         1.0000000E+30            374498       
 NEXT SEEDS:1E78607F      11       0       0       0       0   181CD    3039       0       0
   29000000              21000000              21000000             9.8945395E-05         1.0000000E+30            387729       
 NEXT SEEDS: 807F3C9      12       0       0       0       0   181CD    3039       0       0
   30000000              20000000              20000000             9.8945734E-05         1.0000000E+30            401122       
 NEXT SEEDS:2D4A2A37      12       0       0       0       0   181CD    3039       0       0
   31000000              19000000              19000000             9.8944515E-05         1.0000000E+30            414471       
 NEXT SEEDS:16FE30FA      13       0       0       0       0   181CD    3039       0       0
 COUSET, TXYZ:   1.00000000000611      0.612751975266639      0.790275279139529    
   32000000              18000000              18000000             9.8947394E-05         1.0000000E+30            427952       
 NEXT SEEDS:  C0FA5F      14       0       0       0       0   181CD    3039       0       0
   33000000              17000000              17000000             9.8952080E-05         1.0000000E+30            441418       
 NEXT SEEDS:2614F0DD      14       0       0       0       0   181CD    3039       0       0
   34000000              16000000              16000000             9.8946323E-05         1.0000000E+30            454617       
 NEXT SEEDS: FBAE4BF      15       0       0       0       0   181CD    3039       0       0
   35000000              15000000              15000000             9.8951673E-05         1.0000000E+30            468152       
 NEXT SEEDS:3519F840      15       0       0       0       0   181CD    3039       0       0
   36000000              14000000              14000000             9.8947813E-05         1.0000000E+30            481437       
 NEXT SEEDS:1ED48308      16       0       0       0       0   181CD    3039       0       0
   37000000              13000000              13000000             9.8949930E-05         1.0000000E+30            494884       
 NEXT SEEDS: 894C3F9      17       0       0       0       0   181CD    3039       0       0
   38000000              12000000              12000000             9.8946532E-05         1.0000000E+30            508124       
 NEXT SEEDS:2DD2CCC8      17       0       0       0       0   181CD    3039       0       0
   39000000              11000000              11000000             9.8946889E-05         1.0000000E+30            521464       
 NEXT SEEDS:1785AEE6      18       0       0       0       0   181CD    3039       0       0
   40000000              10000000              10000000             9.8946636E-05         1.0000000E+30            534824       
 NEXT SEEDS: 130365F      19       0       0       0       0   181CD    3039       0       0
   41000000               9000000               9000000             9.8944257E-05         1.0000000E+30            548100       
 NEXT SEEDS:267DDB82      19       0       0       0       0   181CD    3039       0       0
   42000000               8000000               8000000             9.8943765E-05         1.0000000E+30            561487       
 NEXT SEEDS:10246E40      1A       0       0       0       0   181CD    3039       0       0
   43000000               7000000               7000000             9.8939293E-05         1.0000000E+30            574955       
 NEXT SEEDS:355C6108      1A       0       0       0       0   181CD    3039       0       0
   44000000               6000000               6000000             9.8934969E-05         1.0000000E+30            588321       
 NEXT SEEDS:1F039E07      1B       0       0       0       0   181CD    3039       0       0
   45000000               5000000               5000000             9.8934005E-05         1.0000000E+30            601719       
 NEXT SEEDS: 8C318F5      1C       0       0       0       0   181CD    3039       0       0
   46000000               4000000               4000000             9.8938582E-05         1.0000000E+30            615010       
 NEXT SEEDS:2DFAEA1A      1C       0       0       0       0   181CD    3039       0       0
   47000000               3000000               3000000             9.8938226E-05         1.0000000E+30            628376       
 NEXT SEEDS:17A2F346      1D       0       0       0       0   181CD    3039       0       0
   48000000               2000000               2000000             9.8937417E-05         1.0000000E+30            641784       
 NEXT SEEDS: 1498428      1E       0       0       0       0   181CD    3039       0       0
   49000000               1000000               1000000             9.8935695E-05         1.0000000E+30            655314       
 NEXT SEEDS:2694639C      1E       0       0       0       0   181CD    3039       0       0
   49999950                    50                    50             9.8941123E-05         1.0000000E+30            668953       
 NEXT SEEDS:105F56A0      1F       0       0       0       0   181CD    3039       0       0
   49999951                    49                    49             9.8941131E-05         1.0000000E+30            668953       
 NEXT SEEDS:105F57D2      1F       0       0       0       0   181CD    3039       0       0
   49999952                    48                    48             9.8941129E-05         1.0000000E+30            668953       
 NEXT SEEDS:105F59E9      1F       0       0       0       0   181CD    3039       0       0
   49999953                    47                    47             9.8941127E-05         1.0000000E+30            668953       
 NEXT SEEDS:105F5B53      1F       0       0       0       0   181CD    3039       0       0
   49999954                    46                    46             9.8941135E-05         1.0000000E+30            668953       
 NEXT SEEDS:105F5DAE      1F       0       0       0       0   181CD    3039       0       0
   49999955                    45                    45             9.8941133E-05         1.0000000E+30            668953       
 NEXT SEEDS:105F5FE2      1F       0       0       0       0   181CD    3039       0       0
   49999956                    44                    44             9.8941131E-05         1.0000000E+30            668953       
 NEXT SEEDS:105F6199      1F       0       0       0       0   181CD    3039       0       0
   49999957                    43                    43             9.8941139E-05         1.0000000E+30            668953       
 NEXT SEEDS:105F6648      1F       0       0       0       0   181CD    3039       0       0
   49999958                    42                    42             9.8941137E-05         1.0000000E+30            668953       
 NEXT SEEDS:105F689A      1F       0       0       0       0   181CD    3039       0       0
   49999959                    41                    41             9.8941145E-05         1.0000000E+30            668953       
 NEXT SEEDS:105F699D      1F       0       0       0       0   181CD    3039       0       0
   49999960                    40                    40             9.8941143E-05         1.0000000E+30            668953       
 NEXT SEEDS:105F6BBA      1F       0       0       0       0   181CD    3039       0       0
   49999961                    39                    39             9.8941141E-05         1.0000000E+30            668953       
 NEXT SEEDS:105F6E02      1F       0       0       0       0   181CD    3039       0       0
   49999962                    38                    38             9.8941148E-05         1.0000000E+30            668953       
 NEXT SEEDS:105F6F41      1F       0       0       0       0   181CD    3039       0       0
   49999963                    37                    37             9.8941146E-05         1.0000000E+30            668953       
 NEXT SEEDS:105F706C      1F       0       0       0       0   181CD    3039       0       0
   49999964                    36                    36             9.8941144E-05         1.0000000E+30            668953       
 NEXT SEEDS:105F71B5      1F       0       0       0       0   181CD    3039       0       0
   49999965                    35                    35             9.8941152E-05         1.0000000E+30            668953       
 NEXT SEEDS:105F73ED      1F       0       0       0       0   181CD    3039       0       0
   49999966                    34                    34             9.8941150E-05         1.0000000E+30            668953       
 NEXT SEEDS:105F7834      1F       0       0       0       0   181CD    3039       0       0
   49999967                    33                    33             9.8941158E-05         1.0000000E+30            668953       
 NEXT SEEDS:105F7D84      1F       0       0       0       0   181CD    3039       0       0
   49999968                    32                    32             9.8941156E-05         1.0000000E+30            668953       
 NEXT SEEDS:105F7F02      1F       0       0       0       0   181CD    3039       0       0
   49999969                    31                    31             9.8941154E-05         1.0000000E+30            668953       
 NEXT SEEDS:105F8051      1F       0       0       0       0   181CD    3039       0       0
   49999970                    30                    30             9.8941162E-05         1.0000000E+30            668953       
 NEXT SEEDS:105F81E8      1F       0       0       0       0   181CD    3039       0       0
   49999971                    29                    29             9.8941160E-05         1.0000000E+30            668953       
 NEXT SEEDS:105F8628      1F       0       0       0       0   181CD    3039       0       0
   49999972                    28                    28             9.8941158E-05         1.0000000E+30            668953       
 NEXT SEEDS:105F87D3      1F       0       0       0       0   181CD    3039       0       0
   49999973                    27                    27             9.8941166E-05         1.0000000E+30            668953       
 NEXT SEEDS:105F8965      1F       0       0       0       0   181CD    3039       0       0
   49999974                    26                    26             9.8941164E-05         1.0000000E+30            668953       
 NEXT SEEDS:105F8A08      1F       0       0       0       0   181CD    3039       0       0
   49999975                    25                    25             9.8941162E-05         1.0000000E+30            668953       
 NEXT SEEDS:105F8C16      1F       0       0       0       0   181CD    3039       0       0
   49999976                    24                    24             9.8941169E-05         1.0000000E+30            668953       
 NEXT SEEDS:105F8DF9      1F       0       0       0       0   181CD    3039       0       0
   49999977                    23                    23             9.8941167E-05         1.0000000E+30            668953       
 NEXT SEEDS:105F8EB3      1F       0       0       0       0   181CD    3039       0       0
   49999978                    22                    22             9.8941165E-05         1.0000000E+30            668953       
 NEXT SEEDS:105F8FD7      1F       0       0       0       0   181CD    3039       0       0
   49999979                    21                    21             9.8941164E-05         1.0000000E+30            668953       
 NEXT SEEDS:105F91BD      1F       0       0       0       0   181CD    3039       0       0
   49999980                    20                    20             9.8941171E-05         1.0000000E+30            668953       
 NEXT SEEDS:105F930F      1F       0       0       0       0   181CD    3039       0       0
   49999981                    19                    19             9.8941169E-05         1.0000000E+30            668953       
 NEXT SEEDS:105F95BA      1F       0       0       0       0   181CD    3039       0       0
   49999982                    18                    18             9.8941167E-05         1.0000000E+30            668953       
 NEXT SEEDS:105F965E      1F       0       0       0       0   181CD    3039       0       0
   49999983                    17                    17             9.8941175E-05         1.0000000E+30            668953       
 NEXT SEEDS:105F9A14      1F       0       0       0       0   181CD    3039       0       0
   49999984                    16                    16             9.8941173E-05         1.0000000E+30            668953       
 NEXT SEEDS:105F9C54      1F       0       0       0       0   181CD    3039       0       0
   49999985                    15                    15             9.8941171E-05         1.0000000E+30            668953       
 NEXT SEEDS:105F9F01      1F       0       0       0       0   181CD    3039       0       0
   49999986                    14                    14             9.8941169E-05         1.0000000E+30            668953       
 NEXT SEEDS:105FA074      1F       0       0       0       0   181CD    3039       0       0
   49999987                    13                    13             9.8941167E-05         1.0000000E+30            668953       
 NEXT SEEDS:105FA1F3      1F       0       0       0       0   181CD    3039       0       0
   49999988                    12                    12             9.8941165E-05         1.0000000E+30            668953       
 NEXT SEEDS:105FA3E7      1F       0       0       0       0   181CD    3039       0       0
   49999989                    11                    11             9.8941163E-05         1.0000000E+30            668953       
 NEXT SEEDS:105FA7CF      1F       0       0       0       0   181CD    3039       0       0
   49999990                    10                    10             9.8941161E-05         1.0000000E+30            668953       
 NEXT SEEDS:105FAB28      1F       0       0       0       0   181CD    3039       0       0
   49999991                     9                     9             9.8941159E-05         1.0000000E+30            668953       
 NEXT SEEDS:105FAD75      1F       0       0       0       0   181CD    3039       0       0
   49999992                     8                     8             9.8941157E-05         1.0000000E+30            668953       
 NEXT SEEDS:105FAF71      1F       0       0       0       0   181CD    3039       0       0
   49999993                     7                     7             9.8941155E-05         1.0000000E+30            668953       
 NEXT SEEDS:105FB158      1F       0       0       0       0   181CD    3039       0       0
   49999994                     6                     6             9.8941153E-05         1.0000000E+30            668953       
 NEXT SEEDS:105FB3C5      1F       0       0       0       0   181CD    3039       0       0
   49999995                     5                     5             9.8941151E-05         1.0000000E+30            668953       
 NEXT SEEDS:105FB6A3      1F       0       0       0       0   181CD    3039       0       0
   49999996                     4                     4             9.8941149E-05         1.0000000E+30            668953       
 NEXT SEEDS:105FB970      1F       0       0       0       0   181CD    3039       0       0
   49999997                     3                     3             9.8941147E-05         1.0000000E+30            668953       
 NEXT SEEDS:105FBB06      1F       0       0       0       0   181CD    3039       0       0
   49999998                     2                     2             9.8941145E-05         1.0000000E+30            668953       
 NEXT SEEDS:105FBC02      1F       0       0       0       0   181CD    3039       0       0
   49999999                     1                     1             9.8941143E-05         1.0000000E+30            668953       
 NEXT SEEDS:105FBEA0      1F       0       0       0       0   181CD    3039       0       0
   50000000                     0                     1             9.8941141E-05         1.0000000E+30            668953       
 NEXT SEEDS:105FC25E      1F       0       0       0       0   181CD    3039       0       0
