1NUMBER OF BEAM       NUMBER OF BEAM        APPROXIMATE NUMBER    AVERAGE TIME USED     TIME LEFT (RESERVED   NUMBER OF STARS
 PARTICLES HANDLED    PARTICLES LEFT        OF BEAM PARTICLES     BY A BEAM PARTICLE     10000.0 SECONDS      CREATED
                                            THAT CAN STILL BE                           FOR PRINTOUT)
                                            HANDLED

 NEXT SEEDS:       0       0       0       0       0       0   181CD    3039       0       0
          1               9999999               9999999             5.1784515E-04         1.0000000E+30                 0       
 NEXT SEEDS:     A4D       0       0       0       0       0   181CD    3039       0       0
     200000               9800000               9800000             2.9014078E-04         1.0000000E+30             10745       
 NEXT SEEDS:13F42B25       0       0       0       0       0   181CD    3039       0       0
     400000               9600000               9600000             2.9099691E-04         1.0000000E+30             21510       
 NEXT SEEDS:27D796B2       0       0       0       0       0   181CD    3039       0       0
     600000               9400000               9400000             2.9124453E-04         1.0000000E+30             32328       
 NEXT SEEDS:  4236C7       1       0       0       0       0   181CD    3039       0       0
     800000               9200000               9200000             2.9115484E-04         1.0000000E+30             43256       
 NEXT SEEDS:1445D28A       1       0       0       0       0   181CD    3039       0       0
    1000000               9000000               9000000             2.9093539E-04         1.0000000E+30             54047       
 NEXT SEEDS:282C5F06       1       0       0       0       0   181CD    3039       0       0
    1200000               8800000               8800000             2.9097427E-04         1.0000000E+30             65021       
 NEXT SEEDS:  A42784       2       0       0       0       0   181CD    3039       0       0
    1400000               8600000               8600000             2.9086779E-04         1.0000000E+30             75756       
 NEXT SEEDS:1498D9A1       2       0       0       0       0   181CD    3039       0       0
    1600000               8400000               8400000             2.9120031E-04         1.0000000E+30             86524       
 NEXT SEEDS:288869BB       2       0       0       0       0   181CD    3039       0       0
    1800000               8200000               8200000             2.9117153E-04         1.0000000E+30             97404       
 NEXT SEEDS:  E66E7F       3       0       0       0       0   181CD    3039       0       0
    2000000               8000000               8000000             2.9107757E-04         1.0000000E+30            108251       
 NEXT SEEDS:14DD4A6F       3       0       0       0       0   181CD    3039       0       0
    2200000               7800000               7800000             2.9092332E-04         1.0000000E+30            118866       
 NEXT SEEDS:28BCE999       3       0       0       0       0   181CD    3039       0       0
    2400000               7600000               7600000             2.9078089E-04         1.0000000E+30            129546       
 NEXT SEEDS: 1080853       4       0       0       0       0   181CD    3039       0       0
    2600000               7400000               7400000             2.9071052E-04         1.0000000E+30            140301       
 NEXT SEEDS:14F29595       4       0       0       0       0   181CD    3039       0       0
    2800000               7200000               7200000             2.9060045E-04         1.0000000E+30            150905       
 NEXT SEEDS:28D69483       4       0       0       0       0   181CD    3039       0       0
    3000000               7000000               7000000             2.9058472E-04         1.0000000E+30            161792       
 NEXT SEEDS: 13543F5       5       0       0       0       0   181CD    3039       0       0
    3200000               6800000               6800000             2.9058298E-04         1.0000000E+30            172630       
 NEXT SEEDS:1537985E       5       0       0       0       0   181CD    3039       0       0
    3400000               6600000               6600000             2.9049562E-04         1.0000000E+30            183368       
 NEXT SEEDS:29294250       5       0       0       0       0   181CD    3039       0       0
    3600000               6400000               6400000             2.9039829E-04         1.0000000E+30            194038       
 NEXT SEEDS: 164BCFC       6       0       0       0       0   181CD    3039       0       0
 COUSET, TXYZ:  0.999999999982006     -0.558768604697339      0.829323607748267    
    3800000               6200000               6200000             2.9036965E-04         1.0000000E+30            204888       
 NEXT SEEDS:1555F4A6       6       0       0       0       0   181CD    3039       0       0
    4000000               6000000               6000000             2.9040851E-04         1.0000000E+30            215824       
 NEXT SEEDS:2955DBD7       6       0       0       0       0   181CD    3039       0       0
    4200000               5800000               5800000             2.9037798E-04         1.0000000E+30            226604       
 NEXT SEEDS: 1AB3C21       7       0       0       0       0   181CD    3039       0       0
    4400000               5600000               5600000             2.9034604E-04         1.0000000E+30            237379       
 NEXT SEEDS:1594905E       7       0       0       0       0   181CD    3039       0       0
    4600000               5400000               5400000             2.9030831E-04         1.0000000E+30            248178       
 NEXT SEEDS:298324CD       7       0       0       0       0   181CD    3039       0       0
    4800000               5200000               5200000             2.9027430E-04         1.0000000E+30            258911       
 NEXT SEEDS: 1CDB29E       8       0       0       0       0   181CD    3039       0       0
    5000000               5000000               5000000             2.9026877E-04         1.0000000E+30            269667       
 NEXT SEEDS:15BC57CF       8       0       0       0       0   181CD    3039       0       0
    5200000               4800000               4800000             2.9023111E-04         1.0000000E+30            280279       
 NEXT SEEDS:299A7964       8       0       0       0       0   181CD    3039       0       0
    5400000               4600000               4600000             2.9018611E-04         1.0000000E+30            290975       
 NEXT SEEDS: 1DDD37F       9       0       0       0       0   181CD    3039       0       0
    5600000               4400000               4400000             2.9018535E-04         1.0000000E+30            301764       
 NEXT SEEDS:15CE2C35       9       0       0       0       0   181CD    3039       0       0
    5800000               4200000               4200000             2.9016528E-04         1.0000000E+30            312460       
 NEXT SEEDS:29BF8113       9       0       0       0       0   181CD    3039       0       0
    6000000               4000000               4000000             2.9016764E-04         1.0000000E+30            323183       
 NEXT SEEDS: 21F28B2       A       0       0       0       0   181CD    3039       0       0
    6200000               3800000               3800000             2.9017192E-04         1.0000000E+30            334015       
 NEXT SEEDS:1616187F       A       0       0       0       0   181CD    3039       0       0
    6400000               3600000               3600000             2.9018377E-04         1.0000000E+30            344772       
 NEXT SEEDS:2A0401E0       A       0       0       0       0   181CD    3039       0       0
    6600000               3400000               3400000             2.9019372E-04         1.0000000E+30            355485       
 NEXT SEEDS: 24A25F3       B       0       0       0       0   181CD    3039       0       0
    6800000               3200000               3200000             2.9015936E-04         1.0000000E+30            366135       
 NEXT SEEDS:162AC80F       B       0       0       0       0   181CD    3039       0       0
    7000000               3000000               3000000             2.9014336E-04         1.0000000E+30            376944       
 NEXT SEEDS:2A17F44C       B       0       0       0       0   181CD    3039       0       0
    7200000               2800000               2800000             2.9012085E-04         1.0000000E+30            387627       
 NEXT SEEDS: 25D3082       C       0       0       0       0   181CD    3039       0       0
    7400000               2600000               2600000             2.9009393E-04         1.0000000E+30            398353       
 NEXT SEEDS:163A3118       C       0       0       0       0   181CD    3039       0       0
    7600000               2400000               2400000             2.9008873E-04         1.0000000E+30            409113       
 NEXT SEEDS:2A29435E       C       0       0       0       0   181CD    3039       0       0
    7800000               2200000               2200000             2.9009468E-04         1.0000000E+30            419871       
 NEXT SEEDS: 2828562       D       0       0       0       0   181CD    3039       0       0
    8000000               2000000               2000000             2.9021259E-04         1.0000000E+30            430698       
 NEXT SEEDS:167747DD       D       0       0       0       0   181CD    3039       0       0
    8200000               1800000               1800000             2.9020383E-04         1.0000000E+30            441511       
 NEXT SEEDS:2A65F790       D       0       0       0       0   181CD    3039       0       0
    8400000               1600000               1600000             2.9019953E-04         1.0000000E+30            452253       
 NEXT SEEDS: 2B5F866       E       0       0       0       0   181CD    3039       0       0
    8600000               1400000               1400000             2.9019114E-04         1.0000000E+30            463028       
 NEXT SEEDS:1695FC66       E       0       0       0       0   181CD    3039       0       0
    8800000               1200000               1200000             2.9018804E-04         1.0000000E+30            473770       
 NEXT SEEDS:2A88E450       E       0       0       0       0   181CD    3039       0       0
    9000000               1000000               1000000             2.9016919E-04         1.0000000E+30            484421       
 NEXT SEEDS: 2CED1BE       F       0       0       0       0   181CD    3039       0       0
    9200000                800000                800000             2.9015609E-04         1.0000000E+30            495167       
 NEXT SEEDS:16BCAE24       F       0       0       0       0   181CD    3039       0       0
    9400000                600000                600000             2.9014729E-04         1.0000000E+30            505918       
 NEXT SEEDS:2AB01647       F       0       0       0       0   181CD    3039       0       0
    9600000                400000                400000             2.9016835E-04         1.0000000E+30            516794       
 NEXT SEEDS: 3140761      10       0       0       0       0   181CD    3039       0       0
    9800000                200000                200000             2.9018717E-04         1.0000000E+30            527663       
 NEXT SEEDS:1715F42E      10       0       0       0       0   181CD    3039       0       0
    9999950                    50                    50             2.9019193E-04         1.0000000E+30            538437       
 NEXT SEEDS:2B0BD90F      10       0       0       0       0   181CD    3039       0       0
    9999951                    49                    49             2.9019195E-04         1.0000000E+30            538437       
 NEXT SEEDS:2B0BDBB6      10       0       0       0       0   181CD    3039       0       0
    9999952                    48                    48             2.9019194E-04         1.0000000E+30            538437       
 NEXT SEEDS:2B0BDF69      10       0       0       0       0   181CD    3039       0       0
    9999953                    47                    47             2.9019192E-04         1.0000000E+30            538437       
 NEXT SEEDS:2B0BE1A7      10       0       0       0       0   181CD    3039       0       0
    9999954                    46                    46             2.9019198E-04         1.0000000E+30            538438       
 NEXT SEEDS:2B0BF4E0      10       0       0       0       0   181CD    3039       0       0
    9999955                    45                    45             2.9019198E-04         1.0000000E+30            538438       
 NEXT SEEDS:2B0BF70B      10       0       0       0       0   181CD    3039       0       0
    9999956                    44                    44             2.9019197E-04         1.0000000E+30            538438       
 NEXT SEEDS:2B0BFB2F      10       0       0       0       0   181CD    3039       0       0
    9999957                    43                    43             2.9019197E-04         1.0000000E+30            538438       
 NEXT SEEDS:2B0BFE7E      10       0       0       0       0   181CD    3039       0       0
    9999958                    42                    42             2.9019201E-04         1.0000000E+30            538438       
 NEXT SEEDS:2B0C09CD      10       0       0       0       0   181CD    3039       0       0
    9999959                    41                    41             2.9019201E-04         1.0000000E+30            538438       
 NEXT SEEDS:2B0C0CAA      10       0       0       0       0   181CD    3039       0       0
    9999960                    40                    40             2.9019201E-04         1.0000000E+30            538438       
 NEXT SEEDS:2B0C0FA3      10       0       0       0       0   181CD    3039       0       0
    9999961                    39                    39             2.9019198E-04         1.0000000E+30            538438       
 NEXT SEEDS:2B0C11E7      10       0       0       0       0   181CD    3039       0       0
    9999962                    38                    38             2.9019202E-04         1.0000000E+30            538438       
 NEXT SEEDS:2B0C1BE6      10       0       0       0       0   181CD    3039       0       0
    9999963                    37                    37             2.9019202E-04         1.0000000E+30            538438       
 NEXT SEEDS:2B0C1E2B      10       0       0       0       0   181CD    3039       0       0
    9999964                    36                    36             2.9019204E-04         1.0000000E+30            538438       
 NEXT SEEDS:2B0C2897      10       0       0       0       0   181CD    3039       0       0
    9999965                    35                    35             2.9019203E-04         1.0000000E+30            538438       
 NEXT SEEDS:2B0C2AE0      10       0       0       0       0   181CD    3039       0       0
    9999966                    34                    34             2.9019203E-04         1.0000000E+30            538438       
 NEXT SEEDS:2B0C2E1D      10       0       0       0       0   181CD    3039       0       0
    9999967                    33                    33             2.9019202E-04         1.0000000E+30            538438       
 NEXT SEEDS:2B0C3091      10       0       0       0       0   181CD    3039       0       0
    9999968                    32                    32             2.9019219E-04         1.0000000E+30            538439       
 NEXT SEEDS:2B0C6202      10       0       0       0       0   181CD    3039       0       0
    9999969                    31                    31             2.9019218E-04         1.0000000E+30            538439       
 NEXT SEEDS:2B0C642F      10       0       0       0       0   181CD    3039       0       0
    9999970                    30                    30             2.9019223E-04         1.0000000E+30            538439       
 NEXT SEEDS:2B0C6E91      10       0       0       0       0   181CD    3039       0       0
    9999971                    29                    29             2.9019222E-04         1.0000000E+30            538439       
 NEXT SEEDS:2B0C722C      10       0       0       0       0   181CD    3039       0       0
    9999972                    28                    28             2.9019222E-04         1.0000000E+30            538439       
 NEXT SEEDS:2B0C7609      10       0       0       0       0   181CD    3039       0       0
    9999973                    27                    27             2.9019224E-04         1.0000000E+30            538439       
 NEXT SEEDS:2B0C8096      10       0       0       0       0   181CD    3039       0       0
    9999974                    26                    26             2.9019223E-04         1.0000000E+30            538439       
 NEXT SEEDS:2B0C833F      10       0       0       0       0   181CD    3039       0       0
    9999975                    25                    25             2.9019225E-04         1.0000000E+30            538439       
 NEXT SEEDS:2B0C8D50      10       0       0       0       0   181CD    3039       0       0
    9999976                    24                    24             2.9019225E-04         1.0000000E+30            538439       
 NEXT SEEDS:2B0C8FB9      10       0       0       0       0   181CD    3039       0       0
    9999977                    23                    23             2.9019224E-04         1.0000000E+30            538439       
 NEXT SEEDS:2B0C945D      10       0       0       0       0   181CD    3039       0       0
    9999978                    22                    22             2.9019224E-04         1.0000000E+30            538439       
 NEXT SEEDS:2B0C972A      10       0       0       0       0   181CD    3039       0       0
    9999979                    21                    21             2.9019224E-04         1.0000000E+30            538439       
 NEXT SEEDS:2B0C99B0      10       0       0       0       0   181CD    3039       0       0
    9999980                    20                    20             2.9019223E-04         1.0000000E+30            538439       
 NEXT SEEDS:2B0C9BE5      10       0       0       0       0   181CD    3039       0       0
    9999981                    19                    19             2.9019223E-04         1.0000000E+30            538439       
 NEXT SEEDS:2B0CA0EE      10       0       0       0       0   181CD    3039       0       0
    9999982                    18                    18             2.9019225E-04         1.0000000E+30            538439       
 NEXT SEEDS:2B0CA5AD      10       0       0       0       0   181CD    3039       0       0
    9999983                    17                    17             2.9019224E-04         1.0000000E+30            538439       
 NEXT SEEDS:2B0CA9F2      10       0       0       0       0   181CD    3039       0       0
    9999984                    16                    16             2.9019224E-04         1.0000000E+30            538439       
 NEXT SEEDS:2B0CAC38      10       0       0       0       0   181CD    3039       0       0
    9999985                    15                    15             2.9019221E-04         1.0000000E+30            538439       
 NEXT SEEDS:2B0CAECB      10       0       0       0       0   181CD    3039       0       0
    9999986                    14                    14             2.9019225E-04         1.0000000E+30            538439       
 NEXT SEEDS:2B0CB9B0      10       0       0       0       0   181CD    3039       0       0
    9999987                    13                    13             2.9019225E-04         1.0000000E+30            538439       
 NEXT SEEDS:2B0CBE0F      10       0       0       0       0   181CD    3039       0       0
    9999988                    12                    12             2.9019224E-04         1.0000000E+30            538439       
 NEXT SEEDS:2B0CC039      10       0       0       0       0   181CD    3039       0       0
    9999989                    11                    11             2.9019224E-04         1.0000000E+30            538439       
 NEXT SEEDS:2B0CC39B      10       0       0       0       0   181CD    3039       0       0
    9999990                    10                    10             2.9019226E-04         1.0000000E+30            538439       
 NEXT SEEDS:2B0CCE58      10       0       0       0       0   181CD    3039       0       0
    9999991                     9                     9             2.9019225E-04         1.0000000E+30            538439       
 NEXT SEEDS:2B0CD109      10       0       0       0       0   181CD    3039       0       0
    9999992                     8                     8             2.9019225E-04         1.0000000E+30            538439       
 NEXT SEEDS:2B0CD3D2      10       0       0       0       0   181CD    3039       0       0
    9999993                     7                     7             2.9019224E-04         1.0000000E+30            538439       
 NEXT SEEDS:2B0CD80F      10       0       0       0       0   181CD    3039       0       0
    9999994                     6                     6             2.9019224E-04         1.0000000E+30            538439       
 NEXT SEEDS:2B0CDB5B      10       0       0       0       0   181CD    3039       0       0
    9999995                     5                     5             2.9019223E-04         1.0000000E+30            538439       
 NEXT SEEDS:2B0CDE7B      10       0       0       0       0   181CD    3039       0       0
    9999996                     4                     4             2.9019223E-04         1.0000000E+30            538439       
 NEXT SEEDS:2B0CE113      10       0       0       0       0   181CD    3039       0       0
    9999997                     3                     3             2.9019223E-04         1.0000000E+30            538439       
 NEXT SEEDS:2B0CE4ED      10       0       0       0       0   181CD    3039       0       0
    9999998                     2                     2             2.9019222E-04         1.0000000E+30            538439       
 NEXT SEEDS:2B0CE824      10       0       0       0       0   181CD    3039       0       0
    9999999                     1                     1             2.9019224E-04         1.0000000E+30            538439       
 NEXT SEEDS:2B0CF238      10       0       0       0       0   181CD    3039       0       0
   10000000                     0                     1             2.9019226E-04         1.0000000E+30            538439       
 NEXT SEEDS:2B0CFAA8      10       0       0       0       0   181CD    3039       0       0
