1NUMBER OF BEAM       NUMBER OF BEAM        APPROXIMATE NUMBER    AVERAGE TIME USED     TIME LEFT (RESERVED   NUMBER OF STARS
 PARTICLES HANDLED    PARTICLES LEFT        OF BEAM PARTICLES     BY A BEAM PARTICLE     10000.0 SECONDS      CREATED
                                            THAT CAN STILL BE                           FOR PRINTOUT)
                                            HANDLED

 NEXT SEEDS:       0       0       0       0       0       0   181CD    3039       0       0
          1              11999999              11999999             1.4963150E-03         1.0000000E+30                 0       
 NEXT SEEDS:    1FC7       0       0       0       0       0   181CD    3039       0       0
     200000              11800000              11800000             3.5765084E-03         1.0000000E+30             38384       
 NEXT SEEDS:269764CF       1       0       0       0       0   181CD    3039       0       0
     400000              11600000              11600000             3.6188842E-03         1.0000000E+30             77048       
 NEXT SEEDS:11C52CBC       3       0       0       0       0   181CD    3039       0       0
     600000              11400000              11400000             3.6277219E-03         1.0000000E+30            115493       
 NEXT SEEDS:38594902       4       0       0       0       0   181CD    3039       0       0
     800000              11200000              11200000             3.6311064E-03         1.0000000E+30            153909       
 NEXT SEEDS:236CBF7E       6       0       0       0       0   181CD    3039       0       0
    1000000              11000000              11000000             3.6163382E-03         1.0000000E+30            192523       
 NEXT SEEDS: E745123       8       0       0       0       0   181CD    3039       0       0
    1200000              10800000              10800000             3.6069080E-03         1.0000000E+30            231045       
 NEXT SEEDS:35187B11       9       0       0       0       0   181CD    3039       0       0
    1400000              10600000              10600000             3.6009934E-03         1.0000000E+30            269434       
 NEXT SEEDS:201E775D       B       0       0       0       0   181CD    3039       0       0
 COUSET, TXYZ:  0.999999999993666      0.934830392416608      0.355094547130119    
    1600000              10400000              10400000             3.6103480E-03         1.0000000E+30            307994       
 NEXT SEEDS: B4A8F38       D       0       0       0       0   181CD    3039       0       0
    1800000              10200000              10200000             3.6179601E-03         1.0000000E+30            346670       
 NEXT SEEDS:320CDF95       E       0       0       0       0   181CD    3039       0       0
 COUSET, TXYZ:   1.00000000002477     -0.149528143357505      0.988757469955900    
    2000000              10000000              10000000             3.6145613E-03         1.0000000E+30            385036       
 NEXT SEEDS:1D821863      10       0       0       0       0   181CD    3039       0       0
    2200000               9800000               9800000             3.6140841E-03         1.0000000E+30            423671       
 NEXT SEEDS: 8A5BBF6      12       0       0       0       0   181CD    3039       0       0
    2400000               9600000               9600000             3.6120960E-03         1.0000000E+30            462202       
 NEXT SEEDS:2F50DAA2      13       0       0       0       0   181CD    3039       0       0
    2600000               9400000               9400000             3.6070561E-03         1.0000000E+30            500802       
 NEXT SEEDS:1A75F240      15       0       0       0       0   181CD    3039       0       0
    2800000               9200000               9200000             3.5965622E-03         1.0000000E+30            539216       
 NEXT SEEDS: 5738A97      17       0       0       0       0   181CD    3039       0       0
    3000000               9000000               9000000             3.5424418E-03         1.0000000E+30            577680       
 NEXT SEEDS:2C166AE0      18       0       0       0       0   181CD    3039       0       0
    3200000               8800000               8800000             3.5168283E-03         1.0000000E+30            615995       
 NEXT SEEDS:172A5758      1A       0       0       0       0   181CD    3039       0       0
 COUSET, TXYZ:  0.999999999993413     -0.762283059247830      0.647243800720096    
    3400000               8600000               8600000             3.5018486E-03         1.0000000E+30            654785       
 NEXT SEEDS: 26A1630      1C       0       0       0       0   181CD    3039       0       0
    3600000               8400000               8400000             3.4888626E-03         1.0000000E+30            693347       
 NEXT SEEDS:2921FB35      1D       0       0       0       0   181CD    3039       0       0
    3800000               8200000               8200000             3.4750375E-03         1.0000000E+30            731812       
 NEXT SEEDS:1457D682      1F       0       0       0       0   181CD    3039       0       0
    4000000               8000000               8000000             3.4559717E-03         1.0000000E+30            770153       
 NEXT SEEDS:3B2DF7A9      20       0       0       0       0   181CD    3039       0       0
    4200000               7800000               7800000             3.4293492E-03         1.0000000E+30            808907       
 NEXT SEEDS:26606D6A      22       0       0       0       0   181CD    3039       0       0
    4400000               7600000               7600000             3.4448895E-03         1.0000000E+30            847517       
 NEXT SEEDS:11B62827      24       0       0       0       0   181CD    3039       0       0
 COUSET, TXYZ:  0.999999999960159     -0.881981379773303      0.471284251438024    
    4600000               7400000               7400000             3.3830770E-03         1.0000000E+30            886199       
 NEXT SEEDS:3899BFB6      25       0       0       0       0   181CD    3039       0       0
    4800000               7200000               7200000             3.3263137E-03         1.0000000E+30            925116       
 NEXT SEEDS:23C9CCFC      27       0       0       0       0   181CD    3039       0       0
    5000000               7000000               7000000             3.2732506E-03         1.0000000E+30            963987       
 NEXT SEEDS: F0EC9C8      29       0       0       0       0   181CD    3039       0       0
 COUSET, TXYZ:  0.999999999992679     -0.328455111829130      0.944519581320934    
    5200000               6800000               6800000             3.2249076E-03         1.0000000E+30           1002503       
 NEXT SEEDS:35D7B3D1      2A       0       0       0       0   181CD    3039       0       0
    5400000               6600000               6600000             3.1793197E-03         1.0000000E+30           1041278       
 NEXT SEEDS:211A43F6      2C       0       0       0       0   181CD    3039       0       0
    5600000               6400000               6400000             3.1368154E-03         1.0000000E+30           1079745       
 NEXT SEEDS: C353F9B      2E       0       0       0       0   181CD    3039       0       0
    5800000               6200000               6200000             3.1177586E-03         1.0000000E+30           1118292       
 NEXT SEEDS:330F7CC0      2F       0       0       0       0   181CD    3039       0       0
    6000000               6000000               6000000             3.0885417E-03         1.0000000E+30           1156710       
 NEXT SEEDS:1E64A3B7      31       0       0       0       0   181CD    3039       0       0
    6200000               5800000               5800000             3.0908723E-03         1.0000000E+30           1195197       
 NEXT SEEDS: 9858E86      33       0       0       0       0   181CD    3039       0       0
 COUSET, TXYZ:  0.999999999994266      0.439735933951135      0.898127111482921    
    6400000               5600000               5600000             3.0958466E-03         1.0000000E+30           1233598       
 NEXT SEEDS:3067B1A1      34       0       0       0       0   181CD    3039       0       0
 COUSET, TXYZ:  0.999999999990494     -0.848496077061926      0.529201669679443    
    6600000               5400000               5400000             3.1013938E-03         1.0000000E+30           1272262       
 NEXT SEEDS:1B975A7C      36       0       0       0       0   181CD    3039       0       0
    6800000               5200000               5200000             3.1067811E-03         1.0000000E+30           1310166       
 NEXT SEEDS: 6674268      38       0       0       0       0   181CD    3039       0       0
    7000000               5000000               5000000             3.1126351E-03         1.0000000E+30           1348832       
 NEXT SEEDS:2D167F7D      39       0       0       0       0   181CD    3039       0       0
    7200000               4800000               4800000             3.1075391E-03         1.0000000E+30           1387272       
 NEXT SEEDS:17F86A08      3B       0       0       0       0   181CD    3039       0       0
 COUSET, TXYZ:  0.999999997465074     -0.978729643724595      0.205154282004727    
    7400000               4600000               4600000             3.1114614E-03         1.0000000E+30           1425762       
 NEXT SEEDS: 319D95A      3D       0       0       0       0   181CD    3039       0       0
    7600000               4400000               4400000             3.1086033E-03         1.0000000E+30           1464534       
 NEXT SEEDS:29AFB1A4      3E       0       0       0       0   181CD    3039       0       0
    7800000               4200000               4200000             3.0914453E-03         1.0000000E+30           1502863       
 NEXT SEEDS:14E072AC      40       0       0       0       0   181CD    3039       0       0
 COUSET, TXYZ:  0.999999999982603     -0.127156369597391      0.991882683403646    
    8000000               4000000               4000000             3.0745291E-03         1.0000000E+30           1541281       
 NEXT SEEDS:3B78B5F0      41       0       0       0       0   181CD    3039       0       0
    8200000               3800000               3800000             3.0720570E-03         1.0000000E+30           1579657       
 NEXT SEEDS:26551908      43       0       0       0       0   181CD    3039       0       0
    8400000               3600000               3600000             3.0417629E-03         1.0000000E+30           1617984       
 NEXT SEEDS:114C3665      45       0       0       0       0   181CD    3039       0       0
    8600000               3400000               3400000             3.0126415E-03         1.0000000E+30           1656455       
 NEXT SEEDS:3800B708      46       0       0       0       0   181CD    3039       0       0
 COUSET, TXYZ:  0.999999999994668      0.152370998489003      0.988323367531498    
    8800000               3200000               3200000             2.9849214E-03         1.0000000E+30           1694758       
 NEXT SEEDS:231B84B1      48       0       0       0       0   181CD    3039       0       0
    9000000               3000000               3000000             2.9584486E-03         1.0000000E+30           1733008       
 NEXT SEEDS: E1FF912      4A       0       0       0       0   181CD    3039       0       0
 COUSET, TXYZ:  0.999999999938970     -0.495086067309375      0.868843936408650    
    9200000               2800000               2800000             2.9332630E-03         1.0000000E+30           1771451       
 NEXT SEEDS:34D97DAA      4B       0       0       0       0   181CD    3039       0       0
    9400000               2600000               2600000             2.9088857E-03         1.0000000E+30           1809770       
 NEXT SEEDS:204A325B      4D       0       0       0       0   181CD    3039       0       0
    9600000               2400000               2400000             2.8857607E-03         1.0000000E+30           1848436       
 NEXT SEEDS: B739D19      4F       0       0       0       0   181CD    3039       0       0
    9800000               2200000               2200000             2.8648525E-03         1.0000000E+30           1887147       
 NEXT SEEDS:3248368C      50       0       0       0       0   181CD    3039       0       0
 COUSET, TXYZ:  0.999999999994550     -0.243681960113194      0.969855196565184    
   10000000               2000000               2000000             2.8522563E-03         1.0000000E+30           1925452       
 NEXT SEEDS:1D3AE592      52       0       0       0       0   181CD    3039       0       0
 COUSET, TXYZ:  0.999999999991004      0.995424422860535      9.555217608604542E-02
   10200000               1800000               1800000             2.8548441E-03         1.0000000E+30           1963995       
 NEXT SEEDS: 8901B77      54       0       0       0       0   181CD    3039       0       0
   10400000               1600000               1600000             2.8673490E-03         1.0000000E+30           2002718       
 NEXT SEEDS:2F49EF7D      55       0       0       0       0   181CD    3039       0       0
   10600000               1400000               1400000             2.8785567E-03         1.0000000E+30           2041357       
 NEXT SEEDS:1A615120      57       0       0       0       0   181CD    3039       0       0
  *** Eveneu: no downsc. group selected, cusngl, rsngl, igpr ***  0.999999940       1.00000000             249
   10800000               1200000               1200000             2.8723832E-03         1.0000000E+30           2079903       
 NEXT SEEDS: 55C5FC2      59       0       0       0       0   181CD    3039       0       0
   11000000               1000000               1000000             2.8805314E-03         1.0000000E+30           2118345       
 NEXT SEEDS:2C2EA644      5A       0       0       0       0   181CD    3039       0       0
   11200000                800000                800000             2.8820649E-03         1.0000000E+30           2156893       
 NEXT SEEDS:1748D1EC      5C       0       0       0       0   181CD    3039       0       0
   11400000                600000                600000             2.8784930E-03         1.0000000E+30           2195598       
 NEXT SEEDS: 26F72A2      5E       0       0       0       0   181CD    3039       0       0
   11600000                400000                400000             2.8737682E-03         1.0000000E+30           2234068       
 NEXT SEEDS:290DBB6D      5F       0       0       0       0   181CD    3039       0       0
   11800000                200000                200000             2.8777278E-03         1.0000000E+30           2272475       
 NEXT SEEDS:141F9FA3      61       0       0       0       0   181CD    3039       0       0
   11999950                    50                    50             2.8818792E-03         1.0000000E+30           2310877       
 NEXT SEEDS:3ACC99E4      62       0       0       0       0   181CD    3039       0       0
   11999951                    49                    49             2.8818790E-03         1.0000000E+30           2310877       
 NEXT SEEDS:3ACCB38E      62       0       0       0       0   181CD    3039       0       0
   11999952                    48                    48             2.8818790E-03         1.0000000E+30           2310877       
 NEXT SEEDS:3ACCD057      62       0       0       0       0   181CD    3039       0       0
   11999953                    47                    47             2.8818788E-03         1.0000000E+30           2310877       
 NEXT SEEDS:3ACCE953      62       0       0       0       0   181CD    3039       0       0
   11999954                    46                    46             2.8818786E-03         1.0000000E+30           2310877       
 NEXT SEEDS:3ACCFD54      62       0       0       0       0   181CD    3039       0       0
   11999955                    45                    45             2.8818787E-03         1.0000000E+30           2310877       
 NEXT SEEDS:3ACD1759      62       0       0       0       0   181CD    3039       0       0
   11999956                    44                    44             2.8818784E-03         1.0000000E+30           2310877       
 NEXT SEEDS:3ACD36A5      62       0       0       0       0   181CD    3039       0       0
   11999957                    43                    43             2.8818785E-03         1.0000000E+30           2310877       
 NEXT SEEDS:3ACD5567      62       0       0       0       0   181CD    3039       0       0
   11999958                    42                    42             2.8818783E-03         1.0000000E+30           2310877       
 NEXT SEEDS:3ACD6F22      62       0       0       0       0   181CD    3039       0       0
   11999959                    41                    41             2.8818783E-03         1.0000000E+30           2310877       
 NEXT SEEDS:3ACD94AC      62       0       0       0       0   181CD    3039       0       0
   11999960                    40                    40             2.8818781E-03         1.0000000E+30           2310878       
 NEXT SEEDS:3ACDBCB3      62       0       0       0       0   181CD    3039       0       0
   11999961                    39                    39             2.8818782E-03         1.0000000E+30           2310878       
 NEXT SEEDS:3ACDDCEE      62       0       0       0       0   181CD    3039       0       0
   11999962                    38                    38             2.8818779E-03         1.0000000E+30           2310879       
 NEXT SEEDS:3ACE17F2      62       0       0       0       0   181CD    3039       0       0
   11999963                    37                    37             2.8818780E-03         1.0000000E+30           2310879       
 NEXT SEEDS:3ACE3924      62       0       0       0       0   181CD    3039       0       0
   11999964                    36                    36             2.8818778E-03         1.0000000E+30           2310879       
 NEXT SEEDS:3ACE514E      62       0       0       0       0   181CD    3039       0       0
   11999965                    35                    35             2.8818779E-03         1.0000000E+30           2310879       
 NEXT SEEDS:3ACE6929      62       0       0       0       0   181CD    3039       0       0
   11999966                    34                    34             2.8818776E-03         1.0000000E+30           2310880       
 NEXT SEEDS:3ACE9038      62       0       0       0       0   181CD    3039       0       0
   11999967                    33                    33             2.8818777E-03         1.0000000E+30           2310880       
 NEXT SEEDS:3ACEAC5E      62       0       0       0       0   181CD    3039       0       0
   11999968                    32                    32             2.8818775E-03         1.0000000E+30           2310881       
 NEXT SEEDS:3ACED27E      62       0       0       0       0   181CD    3039       0       0
   11999969                    31                    31             2.8818776E-03         1.0000000E+30           2310881       
 NEXT SEEDS:3ACEEC21      62       0       0       0       0   181CD    3039       0       0
   11999970                    30                    30             2.8818773E-03         1.0000000E+30           2310881       
 NEXT SEEDS:3ACF07AE      62       0       0       0       0   181CD    3039       0       0
   11999971                    29                    29             2.8818771E-03         1.0000000E+30           2310881       
 NEXT SEEDS:3ACF24D6      62       0       0       0       0   181CD    3039       0       0
   11999972                    28                    28             2.8818772E-03         1.0000000E+30           2310882       
 NEXT SEEDS:3ACF74A6      62       0       0       0       0   181CD    3039       0       0
   11999973                    27                    27             2.8818773E-03         1.0000000E+30           2310883       
 NEXT SEEDS:3ACFA16B      62       0       0       0       0   181CD    3039       0       0
   11999974                    26                    26             2.8818770E-03         1.0000000E+30           2310884       
 NEXT SEEDS:3ACFBCFF      62       0       0       0       0   181CD    3039       0       0
   11999975                    25                    25             2.8818771E-03         1.0000000E+30           2310884       
 NEXT SEEDS:3ACFDB0F      62       0       0       0       0   181CD    3039       0       0
   11999976                    24                    24             2.8818769E-03         1.0000000E+30           2310884       
 NEXT SEEDS:3ACFF90B      62       0       0       0       0   181CD    3039       0       0
   11999977                    23                    23             2.8818770E-03         1.0000000E+30           2310884       
 NEXT SEEDS:3AD0110B      62       0       0       0       0   181CD    3039       0       0
   11999978                    22                    22             2.8818767E-03         1.0000000E+30           2310885       
 NEXT SEEDS:3AD04178      62       0       0       0       0   181CD    3039       0       0
   11999979                    21                    21             2.8818768E-03         1.0000000E+30           2310885       
 NEXT SEEDS:3AD05BAA      62       0       0       0       0   181CD    3039       0       0
   11999980                    20                    20             2.8818766E-03         1.0000000E+30           2310885       
 NEXT SEEDS:3AD07589      62       0       0       0       0   181CD    3039       0       0
   11999981                    19                    19             2.8818763E-03         1.0000000E+30           2310885       
 NEXT SEEDS:3AD0903E      62       0       0       0       0   181CD    3039       0       0
   11999982                    18                    18             2.8818764E-03         1.0000000E+30           2310885       
 NEXT SEEDS:3AD0A8A6      62       0       0       0       0   181CD    3039       0       0
   11999983                    17                    17             2.8818762E-03         1.0000000E+30           2310885       
 NEXT SEEDS:3AD0C1E8      62       0       0       0       0   181CD    3039       0       0
   11999984                    16                    16             2.8818759E-03         1.0000000E+30           2310885       
 NEXT SEEDS:3AD0D972      62       0       0       0       0   181CD    3039       0       0
   11999985                    15                    15             2.8818760E-03         1.0000000E+30           2310885       
 NEXT SEEDS:3AD0F192      62       0       0       0       0   181CD    3039       0       0
   11999986                    14                    14             2.8818758E-03         1.0000000E+30           2310885       
 NEXT SEEDS:3AD10EAC      62       0       0       0       0   181CD    3039       0       0
   11999987                    13                    13             2.8818759E-03         1.0000000E+30           2310886       
 NEXT SEEDS:3AD1293F      62       0       0       0       0   181CD    3039       0       0
   11999988                    12                    12             2.8818756E-03         1.0000000E+30           2310886       
 NEXT SEEDS:3AD14B39      62       0       0       0       0   181CD    3039       0       0
   11999989                    11                    11             2.8818754E-03         1.0000000E+30           2310886       
 NEXT SEEDS:3AD16747      62       0       0       0       0   181CD    3039       0       0
   11999990                    10                    10             2.8818755E-03         1.0000000E+30           2310886       
 NEXT SEEDS:3AD186A1      62       0       0       0       0   181CD    3039       0       0
   11999991                     9                     9             2.8818752E-03         1.0000000E+30           2310886       
 NEXT SEEDS:3AD1A0CB      62       0       0       0       0   181CD    3039       0       0
   11999992                     8                     8             2.8818753E-03         1.0000000E+30           2310886       
 NEXT SEEDS:3AD1C5AC      62       0       0       0       0   181CD    3039       0       0
   11999993                     7                     7             2.8818751E-03         1.0000000E+30           2310886       
 NEXT SEEDS:3AD1E372      62       0       0       0       0   181CD    3039       0       0
   11999994                     6                     6             2.8818751E-03         1.0000000E+30           2310886       
 NEXT SEEDS:3AD1FA24      62       0       0       0       0   181CD    3039       0       0
   11999995                     5                     5             2.8818749E-03         1.0000000E+30           2310886       
 NEXT SEEDS:3AD21668      62       0       0       0       0   181CD    3039       0       0
   11999996                     4                     4             2.8818747E-03         1.0000000E+30           2310886       
 NEXT SEEDS:3AD2367A      62       0       0       0       0   181CD    3039       0       0
   11999997                     3                     3             2.8818748E-03         1.0000000E+30           2310886       
 NEXT SEEDS:3AD25019      62       0       0       0       0   181CD    3039       0       0
   11999998                     2                     2             2.8818745E-03         1.0000000E+30           2310886       
 NEXT SEEDS:3AD26FE6      62       0       0       0       0   181CD    3039       0       0
   11999999                     1                     1             2.8818746E-03         1.0000000E+30           2310888       
 NEXT SEEDS:3AD29F0E      62       0       0       0       0   181CD    3039       0       0
   12000000                     0                     1             2.8818744E-03         1.0000000E+30           2310888       
 NEXT SEEDS:3AD2C0FC      62       0       0       0       0   181CD    3039       0       0
