1NUMBER OF BEAM       NUMBER OF BEAM        APPROXIMATE NUMBER    AVERAGE TIME USED     TIME LEFT (RESERVED   NUMBER OF STARS
 PARTICLES HANDLED    PARTICLES LEFT        OF BEAM PARTICLES     BY A BEAM PARTICLE     10000.0 SECONDS      CREATED
                                            THAT CAN STILL BE                           FOR PRINTOUT)
                                            HANDLED

 NEXT SEEDS:       0       0       0       0       0       0   181CD    3039       0       0
          1                999999                999999             1.2108326E-02         1.0000000E+30                 0       
 NEXT SEEDS:    345B       0       0       0       0       0   181CD    3039       0       0
      20000                980000                980000             5.1768343E-03         1.0000000E+30              7049       
 NEXT SEEDS:11F55A73       0       0       0       0       0   181CD    3039       0       0
      40000                960000                960000             5.1057759E-03         1.0000000E+30             14313       
 NEXT SEEDS:23DC8B1F       0       0       0       0       0   181CD    3039       0       0
      60000                940000                940000             5.1677687E-03         1.0000000E+30             21563       
 NEXT SEEDS:35C366A7       0       0       0       0       0   181CD    3039       0       0
      80000                920000                920000             5.2143878E-03         1.0000000E+30             28764       
 NEXT SEEDS: C0F4935       1       0       0       0       0   181CD    3039       0       0
     100000                900000                900000             5.2137166E-03         1.0000000E+30             36046       
 NEXT SEEDS:1E0B6EDF       1       0       0       0       0   181CD    3039       0       0
     120000                880000                880000             5.2144090E-03         1.0000000E+30             43220       
 NEXT SEEDS:2FF60F06       1       0       0       0       0   181CD    3039       0       0
     140000                860000                860000             5.2046946E-03         1.0000000E+30             50405       
 NEXT SEEDS: 652AC57       2       0       0       0       0   181CD    3039       0       0
     160000                840000                840000             5.2365308E-03         1.0000000E+30             57582       
 NEXT SEEDS:1844C7B7       2       0       0       0       0   181CD    3039       0       0
     180000                820000                820000             5.2262096E-03         1.0000000E+30             64747       
 NEXT SEEDS:2A4171F6       2       0       0       0       0   181CD    3039       0       0
     200000                800000                800000             5.2360121E-03         1.0000000E+30             71775       
 NEXT SEEDS:  8C7598       3       0       0       0       0   181CD    3039       0       0
     220000                780000                780000             5.2255633E-03         1.0000000E+30             78942       
 NEXT SEEDS:1285F4F2       3       0       0       0       0   181CD    3039       0       0
     240000                760000                760000             5.2410610E-03         1.0000000E+30             85920       
 NEXT SEEDS:2471BD72       3       0       0       0       0   181CD    3039       0       0
     260000                740000                740000             5.2453929E-03         1.0000000E+30             93038       
 NEXT SEEDS:36A0E27F       3       0       0       0       0   181CD    3039       0       0
     280000                720000                720000             5.2521232E-03         1.0000000E+30            100242       
 NEXT SEEDS: CECD5EE       4       0       0       0       0   181CD    3039       0       0
     300000                700000                700000             5.2559400E-03         1.0000000E+30            107492       
 NEXT SEEDS:1EE4A4E7       4       0       0       0       0   181CD    3039       0       0
     320000                680000                680000             5.2545041E-03         1.0000000E+30            114771       
 NEXT SEEDS:30DC311B       4       0       0       0       0   181CD    3039       0       0
     340000                660000                660000             5.2578520E-03         1.0000000E+30            121845       
 NEXT SEEDS: 72ED345       5       0       0       0       0   181CD    3039       0       0
     360000                640000                640000             5.2528128E-03         1.0000000E+30            128862       
 NEXT SEEDS:19138ACC       5       0       0       0       0   181CD    3039       0       0
     380000                620000                620000             5.2433508E-03         1.0000000E+30            135901       
 NEXT SEEDS:2B05FD33       5       0       0       0       0   181CD    3039       0       0
     400000                600000                600000             5.2438093E-03         1.0000000E+30            143076       
 NEXT SEEDS: 14F7147       6       0       0       0       0   181CD    3039       0       0
     420000                580000                580000             5.2435082E-03         1.0000000E+30            149962       
 NEXT SEEDS:1321267E       6       0       0       0       0   181CD    3039       0       0
     440000                560000                560000             5.2391741E-03         1.0000000E+30            157223       
 NEXT SEEDS:25100192       6       0       0       0       0   181CD    3039       0       0
     460000                540000                540000             5.2294768E-03         1.0000000E+30            164426       
 NEXT SEEDS:370F0453       6       0       0       0       0   181CD    3039       0       0
     480000                520000                520000             5.2309113E-03         1.0000000E+30            171693       
 NEXT SEEDS: D4E1CE9       7       0       0       0       0   181CD    3039       0       0
     500000                500000                500000             5.2270479E-03         1.0000000E+30            178991       
 NEXT SEEDS:1F387FED       7       0       0       0       0   181CD    3039       0       0
     520000                480000                480000             5.2348826E-03         1.0000000E+30            186156       
 NEXT SEEDS:3119E7CB       7       0       0       0       0   181CD    3039       0       0
     540000                460000                460000             5.2317519E-03         1.0000000E+30            193318       
 NEXT SEEDS: 77E3647       8       0       0       0       0   181CD    3039       0       0
     560000                440000                440000             5.2337359E-03         1.0000000E+30            200448       
 NEXT SEEDS:19722855       8       0       0       0       0   181CD    3039       0       0
     580000                420000                420000             5.2357456E-03         1.0000000E+30            207568       
 NEXT SEEDS:2B5AFCBE       8       0       0       0       0   181CD    3039       0       0
     600000                400000                400000             5.2295984E-03         1.0000000E+30            214801       
 NEXT SEEDS: 1A29B63       9       0       0       0       0   181CD    3039       0       0
     620000                380000                380000             5.2312780E-03         1.0000000E+30            221929       
 NEXT SEEDS:138E9759       9       0       0       0       0   181CD    3039       0       0
     640000                360000                360000             5.2359223E-03         1.0000000E+30            229114       
 NEXT SEEDS:257F439E       9       0       0       0       0   181CD    3039       0       0
     660000                340000                340000             5.2355258E-03         1.0000000E+30            236155       
 NEXT SEEDS:377C412B       9       0       0       0       0   181CD    3039       0       0
     680000                320000                320000             5.2421768E-03         1.0000000E+30            243104       
 NEXT SEEDS: DB8186A       A       0       0       0       0   181CD    3039       0       0
     700000                300000                300000             5.2393447E-03         1.0000000E+30            250161       
 NEXT SEEDS:1F9B975A       A       0       0       0       0   181CD    3039       0       0
     720000                280000                280000             5.2368971E-03         1.0000000E+30            257167       
 NEXT SEEDS:3167EBA5       A       0       0       0       0   181CD    3039       0       0
     740000                260000                260000             5.2401334E-03         1.0000000E+30            264356       
 NEXT SEEDS: 7AAB2B1       B       0       0       0       0   181CD    3039       0       0
 COUSET, TXYZ:   1.00000000002266      0.912747348379189      0.408524513428594    
     760000                240000                240000             5.2365514E-03         1.0000000E+30            271507       
 NEXT SEEDS:19A89D50       B       0       0       0       0   181CD    3039       0       0
     780000                220000                220000             5.2367845E-03         1.0000000E+30            278573       
 NEXT SEEDS:2B91D43A       B       0       0       0       0   181CD    3039       0       0
     800000                200000                200000             5.2375788E-03         1.0000000E+30            285853       
 NEXT SEEDS: 1D747C2       C       0       0       0       0   181CD    3039       0       0
     820000                180000                180000             5.2381151E-03         1.0000000E+30            293033       
 NEXT SEEDS:13C4E2BF       C       0       0       0       0   181CD    3039       0       0
     840000                160000                160000             5.2375128E-03         1.0000000E+30            300166       
 NEXT SEEDS:25B3B7DE       C       0       0       0       0   181CD    3039       0       0
     860000                140000                140000             5.2391545E-03         1.0000000E+30            307355       
 NEXT SEEDS:37A331C7       C       0       0       0       0   181CD    3039       0       0
     880000                120000                120000             5.2400840E-03         1.0000000E+30            314507       
 NEXT SEEDS: E1ED59A       D       0       0       0       0   181CD    3039       0       0
     900000                100000                100000             5.2407248E-03         1.0000000E+30            321575       
 NEXT SEEDS:20049BB8       D       0       0       0       0   181CD    3039       0       0
     920000                 80000                 80000             5.2415299E-03         1.0000000E+30            328856       
 NEXT SEEDS:320AE2DF       D       0       0       0       0   181CD    3039       0       0
     940000                 60000                 60000             5.2318256E-03         1.0000000E+30            336014       
 NEXT SEEDS: 85888D0       E       0       0       0       0   181CD    3039       0       0
     960000                 40000                 40000             5.2258143E-03         1.0000000E+30            343136       
 NEXT SEEDS:1A5617C2       E       0       0       0       0   181CD    3039       0       0
     980000                 20000                 20000             5.2192811E-03         1.0000000E+30            350200       
 NEXT SEEDS:2C39FE4F       E       0       0       0       0   181CD    3039       0       0
     999950                    50                    50             5.2100882E-03         1.0000000E+30            357319       
 NEXT SEEDS: 28F7ACF       F       0       0       0       0   181CD    3039       0       0
     999951                    49                    49             5.2100947E-03         1.0000000E+30            357319       
 NEXT SEEDS: 28FA90D       F       0       0       0       0   181CD    3039       0       0
     999952                    48                    48             5.2101100E-03         1.0000000E+30            357320       
 NEXT SEEDS: 28FF9DA       F       0       0       0       0   181CD    3039       0       0
     999953                    47                    47             5.2101175E-03         1.0000000E+30            357320       
 NEXT SEEDS: 2903015       F       0       0       0       0   181CD    3039       0       0
     999954                    46                    46             5.2101264E-03         1.0000000E+30            357320       
 NEXT SEEDS: 2906C44       F       0       0       0       0   181CD    3039       0       0
     999955                    45                    45             5.2101300E-03         1.0000000E+30            357320       
 NEXT SEEDS: 290A4B4       F       0       0       0       0   181CD    3039       0       0
     999956                    44                    44             5.2101375E-03         1.0000000E+30            357321       
 NEXT SEEDS: 290D9A6       F       0       0       0       0   181CD    3039       0       0
     999957                    43                    43             5.2101430E-03         1.0000000E+30            357321       
 NEXT SEEDS: 2910553       F       0       0       0       0   181CD    3039       0       0
     999958                    42                    42             5.2101510E-03         1.0000000E+30            357321       
 NEXT SEEDS: 2913D5D       F       0       0       0       0   181CD    3039       0       0
     999959                    41                    41             5.2101624E-03         1.0000000E+30            357323       
 NEXT SEEDS: 2918756       F       0       0       0       0   181CD    3039       0       0
     999960                    40                    40             5.2101708E-03         1.0000000E+30            357323       
 NEXT SEEDS: 291C154       F       0       0       0       0   181CD    3039       0       0
     999961                    39                    39             5.2101773E-03         1.0000000E+30            357324       
 NEXT SEEDS: 291FCD3       F       0       0       0       0   181CD    3039       0       0
     999962                    38                    38             5.2101873E-03         1.0000000E+30            357324       
 NEXT SEEDS: 2924092       F       0       0       0       0   181CD    3039       0       0
     999963                    37                    37             5.2101952E-03         1.0000000E+30            357324       
 NEXT SEEDS: 29278B3       F       0       0       0       0   181CD    3039       0       0
     999964                    36                    36             5.2102032E-03         1.0000000E+30            357324       
 NEXT SEEDS: 292B0B4       F       0       0       0       0   181CD    3039       0       0
     999965                    35                    35             5.2102190E-03         1.0000000E+30            357325       
 NEXT SEEDS: 292FBDB       F       0       0       0       0   181CD    3039       0       0
     999966                    34                    34             5.2102289E-03         1.0000000E+30            357325       
 NEXT SEEDS: 2933C9D       F       0       0       0       0   181CD    3039       0       0
     999967                    33                    33             5.2102364E-03         1.0000000E+30            357325       
 NEXT SEEDS: 2937513       F       0       0       0       0   181CD    3039       0       0
     999968                    32                    32             5.2102517E-03         1.0000000E+30            357328       
 NEXT SEEDS: 293C7A5       F       0       0       0       0   181CD    3039       0       0
     999969                    31                    31             5.2102548E-03         1.0000000E+30            357330       
 NEXT SEEDS: 293E91D       F       0       0       0       0   181CD    3039       0       0
     999970                    30                    30             5.2102613E-03         1.0000000E+30            357331       
 NEXT SEEDS: 29417AB       F       0       0       0       0   181CD    3039       0       0
     999971                    29                    29             5.2102688E-03         1.0000000E+30            357331       
 NEXT SEEDS: 2944987       F       0       0       0       0   181CD    3039       0       0
     999972                    28                    28             5.2102821E-03         1.0000000E+30            357332       
 NEXT SEEDS: 29491AB       F       0       0       0       0   181CD    3039       0       0
     999973                    27                    27             5.2102882E-03         1.0000000E+30            357332       
 NEXT SEEDS: 294BEE9       F       0       0       0       0   181CD    3039       0       0
     999974                    26                    26             5.2102991E-03         1.0000000E+30            357333       
 NEXT SEEDS: 295099F       F       0       0       0       0   181CD    3039       0       0
     999975                    25                    25             5.2103061E-03         1.0000000E+30            357333       
 NEXT SEEDS: 2953B36       F       0       0       0       0   181CD    3039       0       0
     999976                    24                    24             5.2103160E-03         1.0000000E+30            357334       
 NEXT SEEDS: 2957E90       F       0       0       0       0   181CD    3039       0       0
     999977                    23                    23             5.2103254E-03         1.0000000E+30            357334       
 NEXT SEEDS: 295BECF       F       0       0       0       0   181CD    3039       0       0
     999978                    22                    22             5.2103329E-03         1.0000000E+30            357334       
 NEXT SEEDS: 295F3CD       F       0       0       0       0   181CD    3039       0       0
     999979                    21                    21             5.2103394E-03         1.0000000E+30            357334       
 NEXT SEEDS: 2962524       F       0       0       0       0   181CD    3039       0       0
     999980                    20                    20             5.2103449E-03         1.0000000E+30            357334       
 NEXT SEEDS: 2965097       F       0       0       0       0   181CD    3039       0       0
     999981                    19                    19             5.2103612E-03         1.0000000E+30            357335       
 NEXT SEEDS: 296B2FC       F       0       0       0       0   181CD    3039       0       0
     999982                    18                    18             5.2103658E-03         1.0000000E+30            357335       
 NEXT SEEDS: 296ECDF       F       0       0       0       0   181CD    3039       0       0
     999983                    17                    17             5.2103733E-03         1.0000000E+30            357335       
 NEXT SEEDS: 2972319       F       0       0       0       0   181CD    3039       0       0
     999984                    16                    16             5.2103812E-03         1.0000000E+30            357335       
 NEXT SEEDS: 2975FA1       F       0       0       0       0   181CD    3039       0       0
     999985                    15                    15             5.2103882E-03         1.0000000E+30            357335       
 NEXT SEEDS: 29793C7       F       0       0       0       0   181CD    3039       0       0
     999986                    14                    14             5.2103952E-03         1.0000000E+30            357335       
 NEXT SEEDS: 297C600       F       0       0       0       0   181CD    3039       0       0
     999987                    13                    13             5.2104022E-03         1.0000000E+30            357335       
 NEXT SEEDS: 297FBC1       F       0       0       0       0   181CD    3039       0       0
     999988                    12                    12             5.2104107E-03         1.0000000E+30            357335       
 NEXT SEEDS: 298360A       F       0       0       0       0   181CD    3039       0       0
     999989                    11                    11             5.2104167E-03         1.0000000E+30            357336       
 NEXT SEEDS: 29860B0       F       0       0       0       0   181CD    3039       0       0
     999990                    10                    10             5.2104247E-03         1.0000000E+30            357336       
 NEXT SEEDS: 2989869       F       0       0       0       0   181CD    3039       0       0
     999991                     9                     9             5.2104327E-03         1.0000000E+30            357336       
 NEXT SEEDS: 298D223       F       0       0       0       0   181CD    3039       0       0
     999992                     8                     8             5.2104397E-03         1.0000000E+30            357336       
 NEXT SEEDS: 299051D       F       0       0       0       0   181CD    3039       0       0
     999993                     7                     7             5.2104506E-03         1.0000000E+30            357337       
 NEXT SEEDS: 29949BE       F       0       0       0       0   181CD    3039       0       0
     999994                     6                     6             5.2104536E-03         1.0000000E+30            357337       
 NEXT SEEDS: 2997C1A       F       0       0       0       0   181CD    3039       0       0
     999995                     5                     5             5.2104714E-03         1.0000000E+30            357338       
 NEXT SEEDS: 299DBE6       F       0       0       0       0   181CD    3039       0       0
     999996                     4                     4             5.2104808E-03         1.0000000E+30            357339       
 NEXT SEEDS: 29A1B18       F       0       0       0       0   181CD    3039       0       0
     999997                     3                     3             5.2104898E-03         1.0000000E+30            357340       
 NEXT SEEDS: 29A57B9       F       0       0       0       0   181CD    3039       0       0
     999998                     2                     2             5.2104987E-03         1.0000000E+30            357340       
 NEXT SEEDS: 29A93F4       F       0       0       0       0   181CD    3039       0       0
     999999                     1                     1             5.2105077E-03         1.0000000E+30            357340       
 NEXT SEEDS: 29AD054       F       0       0       0       0   181CD    3039       0       0
    1000000                     0                     1             5.2105137E-03         1.0000000E+30            357340       
 NEXT SEEDS: 29B1181       F       0       0       0       0   181CD    3039       0       0
