1NUMBER OF BEAM       NUMBER OF BEAM        APPROXIMATE NUMBER    AVERAGE TIME USED     TIME LEFT (RESERVED   NUMBER OF STARS
 PARTICLES HANDLED    PARTICLES LEFT        OF BEAM PARTICLES     BY A BEAM PARTICLE     10000.0 SECONDS      CREATED
                                            THAT CAN STILL BE                           FOR PRINTOUT)
                                            HANDLED

 NEXT SEEDS:17C4AD07       0       0       0       0       0   181CD    3039       0       0
          1                999999                999999             1.2397766E-04         1.0000000E+30                 0       
 NEXT SEEDS:17C4ADC3       0       0       0       0       0   181CD    3039       0       0
      20000                980000                980000             3.0015898E-05         1.0000000E+30               360       
 NEXT SEEDS:1801CF8A       0       0       0       0       0   181CD    3039       0       0
      40000                960000                960000             2.9950875E-05         1.0000000E+30               727       
 NEXT SEEDS:18403861       0       0       0       0       0   181CD    3039       0       0
      60000                940000                940000             4.7961585E-05         1.0000000E+30              1018       
 NEXT SEEDS:187AFA62       0       0       0       0       0   181CD    3039       0       0
      80000                920000                920000             6.9530714E-05         1.0000000E+30              1348       
 NEXT SEEDS:18B6BE69       0       0       0       0       0   181CD    3039       0       0
     100000                900000                900000             6.1851325E-05         1.0000000E+30              1662       
 NEXT SEEDS:18F260A1       0       0       0       0       0   181CD    3039       0       0
     120000                880000                880000             5.6555148E-05         1.0000000E+30              2020       
 NEXT SEEDS:192F71F2       0       0       0       0       0   181CD    3039       0       0
     140000                860000                860000             5.2754242E-05         1.0000000E+30              2329       
 NEXT SEEDS:196B29AD       0       0       0       0       0   181CD    3039       0       0
     160000                840000                840000             4.9943700E-05         1.0000000E+30              2664       
 NEXT SEEDS:19A68A5F       0       0       0       0       0   181CD    3039       0       0
     180000                820000                820000             4.8012985E-05         1.0000000E+30              3013       
 NEXT SEEDS:19E2F80B       0       0       0       0       0   181CD    3039       0       0
     200000                800000                800000             4.6353514E-05         1.0000000E+30              3347       
 NEXT SEEDS:1A1F43A6       0       0       0       0       0   181CD    3039       0       0
     220000                780000                780000             5.5359483E-05         1.0000000E+30              3713       
 NEXT SEEDS:1A5D1EBA       0       0       0       0       0   181CD    3039       0       0
     240000                760000                760000             5.6883742E-05         1.0000000E+30              4025       
 NEXT SEEDS:1A988ADB       0       0       0       0       0   181CD    3039       0       0
     260000                740000                740000             5.4788698E-05         1.0000000E+30              4392       
 NEXT SEEDS:1AD5C882       0       0       0       0       0   181CD    3039       0       0
     280000                720000                720000             5.3018364E-05         1.0000000E+30              4734       
 NEXT SEEDS:1B12B5B5       0       0       0       0       0   181CD    3039       0       0
     300000                700000                700000             5.1486777E-05         1.0000000E+30              5075       
 NEXT SEEDS:1B4F3112       0       0       0       0       0   181CD    3039       0       0
     320000                680000                680000             5.0136529E-05         1.0000000E+30              5421       
 NEXT SEEDS:1B8D7806       0       0       0       0       0   181CD    3039       0       0
     340000                660000                660000             4.8944904E-05         1.0000000E+30              5754       
 NEXT SEEDS:1BCAD030       0       0       0       0       0   181CD    3039       0       0
     360000                640000                640000             4.9441596E-05         1.0000000E+30              6114       
 NEXT SEEDS:1C07FB78       0       0       0       0       0   181CD    3039       0       0
     380000                620000                620000             5.4764972E-05         1.0000000E+30              6465       
 NEXT SEEDS:1C458B89       0       0       0       0       0   181CD    3039       0       0
     400000                600000                600000             5.3837942E-05         1.0000000E+30              6819       
 NEXT SEEDS:1C83198C       0       0       0       0       0   181CD    3039       0       0
     420000                580000                580000             5.2781576E-05         1.0000000E+30              7178       
 NEXT SEEDS:1CC0F6F6       0       0       0       0       0   181CD    3039       0       0
     440000                560000                560000             5.1738729E-05         1.0000000E+30              7500       
 NEXT SEEDS:1CFD2B6D       0       0       0       0       0   181CD    3039       0       0
     460000                540000                540000             5.0759870E-05         1.0000000E+30              7842       
 NEXT SEEDS:1D3A6DD0       0       0       0       0       0   181CD    3039       0       0
     480000                520000                520000             4.9889842E-05         1.0000000E+30              8175       
 NEXT SEEDS:1D764FD0       0       0       0       0       0   181CD    3039       0       0
     500000                500000                500000             4.9081454E-05         1.0000000E+30              8501       
 NEXT SEEDS:1DB23F8D       0       0       0       0       0   181CD    3039       0       0
     520000                480000                480000             5.0803411E-05         1.0000000E+30              8822       
 NEXT SEEDS:1DEE12FA       0       0       0       0       0   181CD    3039       0       0
     540000                460000                460000             5.3443060E-05         1.0000000E+30              9112       
 NEXT SEEDS:1E299482       0       0       0       0       0   181CD    3039       0       0
     560000                440000                440000             5.2630325E-05         1.0000000E+30              9448       
 NEXT SEEDS:1E66354D       0       0       0       0       0   181CD    3039       0       0
     580000                420000                420000             5.1844435E-05         1.0000000E+30              9802       
 NEXT SEEDS:1EA3C7D4       0       0       0       0       0   181CD    3039       0       0
     600000                400000                400000             5.1093269E-05         1.0000000E+30             10126       
 NEXT SEEDS:1EDF91D5       0       0       0       0       0   181CD    3039       0       0
     620000                380000                380000             5.0394454E-05         1.0000000E+30             10465       
 NEXT SEEDS:1F1C614C       0       0       0       0       0   181CD    3039       0       0
     640000                360000                360000             4.9752357E-05         1.0000000E+30             10826       
 NEXT SEEDS:1F58E4C3       0       0       0       0       0   181CD    3039       0       0
     660000                340000                340000             4.9139354E-05         1.0000000E+30             11156       
 NEXT SEEDS:1F94F4E0       0       0       0       0       0   181CD    3039       0       0
     680000                320000                320000             5.1410279E-05         1.0000000E+30             11514       
 NEXT SEEDS:1FD2793B       0       0       0       0       0   181CD    3039       0       0
     700000                300000                300000             5.2582672E-05         1.0000000E+30             11866       
 NEXT SEEDS:200FA364       0       0       0       0       0   181CD    3039       0       0
     720000                280000                280000             5.1970510E-05         1.0000000E+30             12221       
 NEXT SEEDS:204CC0AB       0       0       0       0       0   181CD    3039       0       0
     740000                260000                260000             5.1375958E-05         1.0000000E+30             12556       
 NEXT SEEDS:20890E4C       0       0       0       0       0   181CD    3039       0       0
     760000                240000                240000             5.0805239E-05         1.0000000E+30             12858       
 NEXT SEEDS:20C559C3       0       0       0       0       0   181CD    3039       0       0
     780000                220000                220000             5.0262517E-05         1.0000000E+30             13176       
 NEXT SEEDS:21022FA1       0       0       0       0       0   181CD    3039       0       0
     800000                200000                200000             4.9749524E-05         1.0000000E+30             13517       
 NEXT SEEDS:213F33F9       0       0       0       0       0   181CD    3039       0       0
     820000                180000                180000             4.9837970E-05         1.0000000E+30             13863       
 NEXT SEEDS:217CEFD8       0       0       0       0       0   181CD    3039       0       0
     840000                160000                160000             5.2198816E-05         1.0000000E+30             14183       
 NEXT SEEDS:21B90C2E       0       0       0       0       0   181CD    3039       0       0
     860000                140000                140000             5.2035240E-05         1.0000000E+30             14509       
 NEXT SEEDS:21F53B8A       0       0       0       0       0   181CD    3039       0       0
     880000                120000                120000             5.1554231E-05         1.0000000E+30             14861       
 NEXT SEEDS:2232DCB3       0       0       0       0       0   181CD    3039       0       0
     900000                100000                100000             5.1113469E-05         1.0000000E+30             15225       
 NEXT SEEDS:2270795A       0       0       0       0       0   181CD    3039       0       0
     920000                 80000                 80000             5.0699368E-05         1.0000000E+30             15583       
 NEXT SEEDS:22AD9220       0       0       0       0       0   181CD    3039       0       0
     940000                 60000                 60000             5.0359419E-05         1.0000000E+30             15938       
 NEXT SEEDS:22EA72F5       0       0       0       0       0   181CD    3039       0       0
     960000                 40000                 40000             4.9928075E-05         1.0000000E+30             16291       
 NEXT SEEDS:23278024       0       0       0       0       0   181CD    3039       0       0
     980000                 20000                 20000             5.1649640E-05         1.0000000E+30             16611       
 NEXT SEEDS:2364AA8D       0       0       0       0       0   181CD    3039       0       0
     999950                    50                    50             5.2290706E-05         1.0000000E+30             16935       
 NEXT SEEDS:23A18D34       0       0       0       0       0   181CD    3039       0       0
     999951                    49                    49             5.2290814E-05         1.0000000E+30             16935       
 NEXT SEEDS:23A18DDB       0       0       0       0       0   181CD    3039       0       0
     999952                    48                    48             5.2290857E-05         1.0000000E+30             16935       
 NEXT SEEDS:23A18E5B       0       0       0       0       0   181CD    3039       0       0
     999953                    47                    47             5.2290885E-05         1.0000000E+30             16935       
 NEXT SEEDS:23A18EC5       0       0       0       0       0   181CD    3039       0       0
     999954                    46                    46             5.2290928E-05         1.0000000E+30             16935       
 NEXT SEEDS:23A18F4E       0       0       0       0       0   181CD    3039       0       0
     999955                    45                    45             5.2290967E-05         1.0000000E+30             16935       
 NEXT SEEDS:23A18FE1       0       0       0       0       0   181CD    3039       0       0
     999956                    44                    44             5.2291006E-05         1.0000000E+30             16935       
 NEXT SEEDS:23A1909F       0       0       0       0       0   181CD    3039       0       0
     999957                    43                    43             5.2291042E-05         1.0000000E+30             16935       
 NEXT SEEDS:23A1912D       0       0       0       0       0   181CD    3039       0       0
     999958                    42                    42             5.2291077E-05         1.0000000E+30             16935       
 NEXT SEEDS:23A191C7       0       0       0       0       0   181CD    3039       0       0
     999959                    41                    41             5.2291116E-05         1.0000000E+30             16935       
 NEXT SEEDS:23A1926C       0       0       0       0       0   181CD    3039       0       0
     999960                    40                    40             5.2291148E-05         1.0000000E+30             16935       
 NEXT SEEDS:23A19305       0       0       0       0       0   181CD    3039       0       0
     999961                    39                    39             5.2291187E-05         1.0000000E+30             16935       
 NEXT SEEDS:23A19397       0       0       0       0       0   181CD    3039       0       0
     999962                    38                    38             5.2291249E-05         1.0000000E+30             16935       
 NEXT SEEDS:23A19423       0       0       0       0       0   181CD    3039       0       0
     999963                    37                    37             5.2291285E-05         1.0000000E+30             16935       
 NEXT SEEDS:23A194B9       0       0       0       0       0   181CD    3039       0       0
     999964                    36                    36             5.2291316E-05         1.0000000E+30             16935       
 NEXT SEEDS:23A1953D       0       0       0       0       0   181CD    3039       0       0
     999965                    35                    35             5.2291348E-05         1.0000000E+30             16935       
 NEXT SEEDS:23A195B0       0       0       0       0       0   181CD    3039       0       0
     999966                    34                    34             5.2291384E-05         1.0000000E+30             16935       
 NEXT SEEDS:23A19648       0       0       0       0       0   181CD    3039       0       0
     999967                    33                    33             5.2291423E-05         1.0000000E+30             16935       
 NEXT SEEDS:23A196D7       0       0       0       0       0   181CD    3039       0       0
     999968                    32                    32             5.2291454E-05         1.0000000E+30             16935       
 NEXT SEEDS:23A19758       0       0       0       0       0   181CD    3039       0       0
     999969                    31                    31             5.2291490E-05         1.0000000E+30             16935       
 NEXT SEEDS:23A197F5       0       0       0       0       0   181CD    3039       0       0
     999970                    30                    30             5.2291525E-05         1.0000000E+30             16935       
 NEXT SEEDS:23A198A9       0       0       0       0       0   181CD    3039       0       0
     999971                    29                    29             5.2291561E-05         1.0000000E+30             16935       
 NEXT SEEDS:23A1992B       0       0       0       0       0   181CD    3039       0       0
     999972                    28                    28             5.2291600E-05         1.0000000E+30             16935       
 NEXT SEEDS:23A199BB       0       0       0       0       0   181CD    3039       0       0
     999973                    27                    27             5.2291635E-05         1.0000000E+30             16935       
 NEXT SEEDS:23A19A4B       0       0       0       0       0   181CD    3039       0       0
     999974                    26                    26             5.2291663E-05         1.0000000E+30             16935       
 NEXT SEEDS:23A19ABD       0       0       0       0       0   181CD    3039       0       0
     999975                    25                    25             5.2291699E-05         1.0000000E+30             16935       
 NEXT SEEDS:23A19B4C       0       0       0       0       0   181CD    3039       0       0
     999976                    24                    24             5.2291730E-05         1.0000000E+30             16935       
 NEXT SEEDS:23A19BDD       0       0       0       0       0   181CD    3039       0       0
     999977                    23                    23             5.2291770E-05         1.0000000E+30             16935       
 NEXT SEEDS:23A19C91       0       0       0       0       0   181CD    3039       0       0
     999978                    22                    22             5.2291805E-05         1.0000000E+30             16935       
 NEXT SEEDS:23A19D2F       0       0       0       0       0   181CD    3039       0       0
     999979                    21                    21             5.2291841E-05         1.0000000E+30             16935       
 NEXT SEEDS:23A19DBF       0       0       0       0       0   181CD    3039       0       0
     999980                    20                    20             5.2291880E-05         1.0000000E+30             16935       
 NEXT SEEDS:23A19E6A       0       0       0       0       0   181CD    3039       0       0
     999981                    19                    19             5.2291911E-05         1.0000000E+30             16935       
 NEXT SEEDS:23A19F0A       0       0       0       0       0   181CD    3039       0       0
     999982                    18                    18             5.2291947E-05         1.0000000E+30             16935       
 NEXT SEEDS:23A19F96       0       0       0       0       0   181CD    3039       0       0
     999983                    17                    17             5.2291978E-05         1.0000000E+30             16935       
 NEXT SEEDS:23A1A004       0       0       0       0       0   181CD    3039       0       0
     999984                    16                    16             5.2292010E-05         1.0000000E+30             16935       
 NEXT SEEDS:23A1A094       0       0       0       0       0   181CD    3039       0       0
     999985                    15                    15             5.2292046E-05         1.0000000E+30             16935       
 NEXT SEEDS:23A1A149       0       0       0       0       0   181CD    3039       0       0
     999986                    14                    14             5.2292089E-05         1.0000000E+30             16935       
 NEXT SEEDS:23A1A1E8       0       0       0       0       0   181CD    3039       0       0
     999987                    13                    13             5.2292124E-05         1.0000000E+30             16935       
 NEXT SEEDS:23A1A279       0       0       0       0       0   181CD    3039       0       0
     999988                    12                    12             5.2292160E-05         1.0000000E+30             16935       
 NEXT SEEDS:23A1A32A       0       0       0       0       0   181CD    3039       0       0
     999989                    11                    11             5.2292195E-05         1.0000000E+30             16935       
 NEXT SEEDS:23A1A3BF       0       0       0       0       0   181CD    3039       0       0
     999990                    10                    10             5.2292215E-05         1.0000000E+30             16935       
 NEXT SEEDS:23A1A402       0       0       0       0       0   181CD    3039       0       0
     999991                     9                     9             5.2292254E-05         1.0000000E+30             16935       
 NEXT SEEDS:23A1A4B1       0       0       0       0       0   181CD    3039       0       0
     999992                     8                     8             5.2292294E-05         1.0000000E+30             16935       
 NEXT SEEDS:23A1A557       0       0       0       0       0   181CD    3039       0       0
     999993                     7                     7             5.2292329E-05         1.0000000E+30             16935       
 NEXT SEEDS:23A1A5E5       0       0       0       0       0   181CD    3039       0       0
     999994                     6                     6             5.2292365E-05         1.0000000E+30             16935       
 NEXT SEEDS:23A1A682       0       0       0       0       0   181CD    3039       0       0
     999995                     5                     5             5.2292404E-05         1.0000000E+30             16935       
 NEXT SEEDS:23A1A728       0       0       0       0       0   181CD    3039       0       0
     999996                     4                     4             5.2292439E-05         1.0000000E+30             16935       
 NEXT SEEDS:23A1A7B6       0       0       0       0       0   181CD    3039       0       0
     999997                     3                     3             5.2292475E-05         1.0000000E+30             16935       
 NEXT SEEDS:23A1A85F       0       0       0       0       0   181CD    3039       0       0
     999998                     2                     2             5.2292514E-05         1.0000000E+30             16935       
 NEXT SEEDS:23A1A8F5       0       0       0       0       0   181CD    3039       0       0
     999999                     1                     1             5.2292549E-05         1.0000000E+30             16935       
 NEXT SEEDS:23A1A991       0       0       0       0       0   181CD    3039       0       0
    1000000                     0                     1             5.2292585E-05         1.0000000E+30             16935       
 NEXT SEEDS:23A1AA2D       0       0       0       0       0   181CD    3039       0       0
