1NUMBER OF BEAM       NUMBER OF BEAM        APPROXIMATE NUMBER    AVERAGE TIME USED     TIME LEFT (RESERVED   NUMBER OF STARS
 PARTICLES HANDLED    PARTICLES LEFT        OF BEAM PARTICLES     BY A BEAM PARTICLE     10000.0 SECONDS      CREATED
                                            THAT CAN STILL BE                           FOR PRINTOUT)
                                            HANDLED

 NEXT SEEDS:2F7AFE17       0       0       0       0       0   181CD    3039       0       0
          1                999999                999999             1.0299683E-04         1.0000000E+30                 0       
 NEXT SEEDS:2F7AFEA0       0       0       0       0       0   181CD    3039       0       0
      20000                980000                980000             2.8497946E-05         1.0000000E+30               331       
 NEXT SEEDS:2FB69A75       0       0       0       0       0   181CD    3039       0       0
      40000                960000                960000             2.8575122E-05         1.0000000E+30               634       
 NEXT SEEDS:2FF19AA5       0       0       0       0       0   181CD    3039       0       0
      60000                940000                940000             4.3462845E-05         1.0000000E+30               995       
 NEXT SEEDS:302FC439       0       0       0       0       0   181CD    3039       0       0
      80000                920000                920000             6.8049636E-05         1.0000000E+30              1316       
 NEXT SEEDS:306B0B89       0       0       0       0       0   181CD    3039       0       0
     100000                900000                900000             6.0819762E-05         1.0000000E+30              1674       
 NEXT SEEDS:30A8E16F       0       0       0       0       0   181CD    3039       0       0
     120000                880000                880000             5.5911193E-05         1.0000000E+30              2017       
 NEXT SEEDS:30E59080       0       0       0       0       0   181CD    3039       0       0
     140000                860000                860000             5.2370400E-05         1.0000000E+30              2360       
 NEXT SEEDS:31231B79       0       0       0       0       0   181CD    3039       0       0
     160000                840000                840000             4.9534078E-05         1.0000000E+30              2692       
 NEXT SEEDS:315EE989       0       0       0       0       0   181CD    3039       0       0
     180000                820000                820000             4.7272811E-05         1.0000000E+30              3024       
 NEXT SEEDS:319BB20F       0       0       0       0       0   181CD    3039       0       0
     200000                800000                800000             4.5571142E-05         1.0000000E+30              3349       
 NEXT SEEDS:31D84734       0       0       0       0       0   181CD    3039       0       0
     220000                780000                780000             5.3118317E-05         1.0000000E+30              3699       
 NEXT SEEDS:3215CA3A       0       0       0       0       0   181CD    3039       0       0
     240000                760000                760000             5.6142832E-05         1.0000000E+30              4051       
 NEXT SEEDS:3252AC20       0       0       0       0       0   181CD    3039       0       0
     260000                740000                740000             5.4193083E-05         1.0000000E+30              4425       
 NEXT SEEDS:329070B2       0       0       0       0       0   181CD    3039       0       0
     280000                720000                720000             5.2550586E-05         1.0000000E+30              4752       
 NEXT SEEDS:32CC139F       0       0       0       0       0   181CD    3039       0       0
     300000                700000                700000             5.1239005E-05         1.0000000E+30              5102       
 NEXT SEEDS:3308BD05       0       0       0       0       0   181CD    3039       0       0
     320000                680000                680000             5.0023911E-05         1.0000000E+30              5414       
 NEXT SEEDS:3346E8D9       0       0       0       0       0   181CD    3039       0       0
     340000                660000                660000             4.8878741E-05         1.0000000E+30              5766       
 NEXT SEEDS:3384525B       0       0       0       0       0   181CD    3039       0       0
     360000                640000                640000             5.0358246E-05         1.0000000E+30              6151       
 NEXT SEEDS:33C36881       0       0       0       0       0   181CD    3039       0       0
     380000                620000                620000             5.5367096E-05         1.0000000E+30              6505       
 NEXT SEEDS:34019FBB       0       0       0       0       0   181CD    3039       0       0
     400000                600000                600000             5.4177478E-05         1.0000000E+30              6872       
 NEXT SEEDS:343E7AAA       0       0       0       0       0   181CD    3039       0       0
     420000                580000                580000             5.3056829E-05         1.0000000E+30              7243       
 NEXT SEEDS:347CB3EC       0       0       0       0       0   181CD    3039       0       0
     440000                560000                560000             5.2011614E-05         1.0000000E+30              7579       
 NEXT SEEDS:34B8BDF9       0       0       0       0       0   181CD    3039       0       0
     460000                540000                540000             5.1124003E-05         1.0000000E+30              7929       
 NEXT SEEDS:34F571DB       0       0       0       0       0   181CD    3039       0       0
     480000                520000                520000             5.0264953E-05         1.0000000E+30              8254       
 NEXT SEEDS:353456A3       0       0       0       0       0   181CD    3039       0       0
     500000                500000                500000             4.9468268E-05         1.0000000E+30              8552       
 NEXT SEEDS:356F2537       0       0       0       0       0   181CD    3039       0       0
     520000                480000                480000             5.3472628E-05         1.0000000E+30              8884       
 NEXT SEEDS:35AD612E       0       0       0       0       0   181CD    3039       0       0
     540000                460000                460000             5.4001002E-05         1.0000000E+30              9201       
 NEXT SEEDS:35E8F4C3       0       0       0       0       0   181CD    3039       0       0
     560000                440000                440000             5.3157846E-05         1.0000000E+30              9532       
 NEXT SEEDS:3624C6A9       0       0       0       0       0   181CD    3039       0       0
     580000                420000                420000             5.2413087E-05         1.0000000E+30              9862       
 NEXT SEEDS:36629632       0       0       0       0       0   181CD    3039       0       0
     600000                400000                400000             5.1611864E-05         1.0000000E+30             10179       
 NEXT SEEDS:369EB419       0       0       0       0       0   181CD    3039       0       0
     620000                380000                380000             5.0934701E-05         1.0000000E+30             10529       
 NEXT SEEDS:36DC2329       0       0       0       0       0   181CD    3039       0       0
     640000                360000                360000             5.0451298E-05         1.0000000E+30             10886       
 NEXT SEEDS:3719046E       0       0       0       0       0   181CD    3039       0       0
     660000                340000                340000             5.2070689E-05         1.0000000E+30             11216       
 NEXT SEEDS:3756070E       0       0       0       0       0   181CD    3039       0       0
     680000                320000                320000             5.3863774E-05         1.0000000E+30             11522       
 NEXT SEEDS:37922A3D       0       0       0       0       0   181CD    3039       0       0
     700000                300000                300000             5.3195628E-05         1.0000000E+30             11879       
 NEXT SEEDS:37CF909D       0       0       0       0       0   181CD    3039       0       0
     720000                280000                280000             5.2541130E-05         1.0000000E+30             12204       
 NEXT SEEDS:380BB218       0       0       0       0       0   181CD    3039       0       0
     740000                260000                260000             5.1912196E-05         1.0000000E+30             12543       
 NEXT SEEDS:38483EA4       0       0       0       0       0   181CD    3039       0       0
     760000                240000                240000             5.1339432E-05         1.0000000E+30             12907       
 NEXT SEEDS:38861868       0       0       0       0       0   181CD    3039       0       0
     780000                220000                220000             5.0825624E-05         1.0000000E+30             13232       
 NEXT SEEDS:38C3891E       0       0       0       0       0   181CD    3039       0       0
     800000                200000                200000             5.0284239E-05         1.0000000E+30             13589       
 NEXT SEEDS:38FFA9F5       0       0       0       0       0   181CD    3039       0       0
     820000                180000                180000             5.2956964E-05         1.0000000E+30             13927       
 NEXT SEEDS:393CB97B       0       0       0       0       0   181CD    3039       0       0
     840000                160000                160000             5.3224165E-05         1.0000000E+30             14296       
 NEXT SEEDS:397AF9F4       0       0       0       0       0   181CD    3039       0       0
     860000                140000                140000             5.2759407E-05         1.0000000E+30             14635       
 NEXT SEEDS:39B7F724       0       0       0       0       0   181CD    3039       0       0
     880000                120000                120000             5.2352772E-05         1.0000000E+30             14979       
 NEXT SEEDS:39F51041       0       0       0       0       0   181CD    3039       0       0
     900000                100000                100000             5.1940055E-05         1.0000000E+30             15311       
 NEXT SEEDS:3A3142C3       0       0       0       0       0   181CD    3039       0       0
     920000                 80000                 80000             5.1560598E-05         1.0000000E+30             15620       
 NEXT SEEDS:3A6D12F5       0       0       0       0       0   181CD    3039       0       0
     940000                 60000                 60000             5.1586282E-05         1.0000000E+30             15975       
 NEXT SEEDS:3AAA7CAF       0       0       0       0       0   181CD    3039       0       0
     960000                 40000                 40000             5.3741226E-05         1.0000000E+30             16290       
 NEXT SEEDS:3AE755AB       0       0       0       0       0   181CD    3039       0       0
     980000                 20000                 20000             5.3463622E-05         1.0000000E+30             16633       
 NEXT SEEDS:3B23BB54       0       0       0       0       0   181CD    3039       0       0
     999950                    50                    50             5.3008240E-05         1.0000000E+30             16981       
 NEXT SEEDS:3B60216D       0       0       0       0       0   181CD    3039       0       0
     999951                    49                    49             5.3008340E-05         1.0000000E+30             16981       
 NEXT SEEDS:3B602207       0       0       0       0       0   181CD    3039       0       0
     999952                    48                    48             5.3008401E-05         1.0000000E+30             16981       
 NEXT SEEDS:3B602292       0       0       0       0       0   181CD    3039       0       0
     999953                    47                    47             5.3008440E-05         1.0000000E+30             16981       
 NEXT SEEDS:3B602334       0       0       0       0       0   181CD    3039       0       0
     999954                    46                    46             5.3008490E-05         1.0000000E+30             16981       
 NEXT SEEDS:3B6023E1       0       0       0       0       0   181CD    3039       0       0
     999955                    45                    45             5.3008528E-05         1.0000000E+30             16981       
 NEXT SEEDS:3B602472       0       0       0       0       0   181CD    3039       0       0
     999956                    44                    44             5.3008563E-05         1.0000000E+30             16981       
 NEXT SEEDS:3B6024F5       0       0       0       0       0   181CD    3039       0       0
     999957                    43                    43             5.3008602E-05         1.0000000E+30             16981       
 NEXT SEEDS:3B60258C       0       0       0       0       0   181CD    3039       0       0
     999958                    42                    42             5.3008640E-05         1.0000000E+30             16981       
 NEXT SEEDS:3B60260C       0       0       0       0       0   181CD    3039       0       0
     999959                    41                    41             5.3008679E-05         1.0000000E+30             16981       
 NEXT SEEDS:3B6026C4       0       0       0       0       0   181CD    3039       0       0
     999960                    40                    40             5.3008751E-05         1.0000000E+30             16981       
 NEXT SEEDS:3B60278E       0       0       0       0       0   181CD    3039       0       0
     999961                    39                    39             5.3008790E-05         1.0000000E+30             16981       
 NEXT SEEDS:3B602828       0       0       0       0       0   181CD    3039       0       0
     999962                    38                    38             5.3008825E-05         1.0000000E+30             16981       
 NEXT SEEDS:3B6028BB       0       0       0       0       0   181CD    3039       0       0
     999963                    37                    37             5.3008859E-05         1.0000000E+30             16981       
 NEXT SEEDS:3B60293F       0       0       0       0       0   181CD    3039       0       0
     999964                    36                    36             5.3008917E-05         1.0000000E+30             16981       
 NEXT SEEDS:3B6029CC       0       0       0       0       0   181CD    3039       0       0
     999965                    35                    35             5.3008948E-05         1.0000000E+30             16981       
 NEXT SEEDS:3B602A4E       0       0       0       0       0   181CD    3039       0       0
     999966                    34                    34             5.3008987E-05         1.0000000E+30             16981       
 NEXT SEEDS:3B602AF2       0       0       0       0       0   181CD    3039       0       0
     999967                    33                    33             5.3009029E-05         1.0000000E+30             16981       
 NEXT SEEDS:3B602B87       0       0       0       0       0   181CD    3039       0       0
     999968                    32                    32             5.3008976E-05         1.0000000E+30             16981       
 NEXT SEEDS:3B602C24       0       0       0       0       0   181CD    3039       0       0
     999969                    31                    31             5.3008923E-05         1.0000000E+30             16981       
 NEXT SEEDS:3B602CBF       0       0       0       0       0   181CD    3039       0       0
     999970                    30                    30             5.3008870E-05         1.0000000E+30             16981       
 NEXT SEEDS:3B602D7D       0       0       0       0       0   181CD    3039       0       0
     999971                    29                    29             5.3008817E-05         1.0000000E+30             16981       
 NEXT SEEDS:3B602E25       0       0       0       0       0   181CD    3039       0       0
     999972                    28                    28             5.3008764E-05         1.0000000E+30             16981       
 NEXT SEEDS:3B602EB9       0       0       0       0       0   181CD    3039       0       0
     999973                    27                    27             5.3008711E-05         1.0000000E+30             16981       
 NEXT SEEDS:3B602F55       0       0       0       0       0   181CD    3039       0       0
     999974                    26                    26             5.3008658E-05         1.0000000E+30             16981       
 NEXT SEEDS:3B602FF1       0       0       0       0       0   181CD    3039       0       0
     999975                    25                    25             5.3008605E-05         1.0000000E+30             16981       
 NEXT SEEDS:3B60308F       0       0       0       0       0   181CD    3039       0       0
     999976                    24                    24             5.3008552E-05         1.0000000E+30             16981       
 NEXT SEEDS:3B60312F       0       0       0       0       0   181CD    3039       0       0
     999977                    23                    23             5.3008499E-05         1.0000000E+30             16981       
 NEXT SEEDS:3B6031DE       0       0       0       0       0   181CD    3039       0       0
     999978                    22                    22             5.3008446E-05         1.0000000E+30             16981       
 NEXT SEEDS:3B60327D       0       0       0       0       0   181CD    3039       0       0
     999979                    21                    21             5.3008393E-05         1.0000000E+30             16981       
 NEXT SEEDS:3B6032E6       0       0       0       0       0   181CD    3039       0       0
     999980                    20                    20             5.3008340E-05         1.0000000E+30             16981       
 NEXT SEEDS:3B60337A       0       0       0       0       0   181CD    3039       0       0
     999981                    19                    19             5.3008287E-05         1.0000000E+30             16981       
 NEXT SEEDS:3B603420       0       0       0       0       0   181CD    3039       0       0
     999982                    18                    18             5.3008234E-05         1.0000000E+30             16981       
 NEXT SEEDS:3B6034C5       0       0       0       0       0   181CD    3039       0       0
     999983                    17                    17             5.3008181E-05         1.0000000E+30             16981       
 NEXT SEEDS:3B60355F       0       0       0       0       0   181CD    3039       0       0
     999984                    16                    16             5.3008128E-05         1.0000000E+30             16981       
 NEXT SEEDS:3B6035E9       0       0       0       0       0   181CD    3039       0       0
     999985                    15                    15             5.3008075E-05         1.0000000E+30             16981       
 NEXT SEEDS:3B603680       0       0       0       0       0   181CD    3039       0       0
     999986                    14                    14             5.3008022E-05         1.0000000E+30             16981       
 NEXT SEEDS:3B60371F       0       0       0       0       0   181CD    3039       0       0
     999987                    13                    13             5.3007969E-05         1.0000000E+30             16981       
 NEXT SEEDS:3B6037CC       0       0       0       0       0   181CD    3039       0       0
     999988                    12                    12             5.3007916E-05         1.0000000E+30             16981       
 NEXT SEEDS:3B603861       0       0       0       0       0   181CD    3039       0       0
     999989                    11                    11             5.3007863E-05         1.0000000E+30             16981       
 NEXT SEEDS:3B6038FD       0       0       0       0       0   181CD    3039       0       0
     999990                    10                    10             5.3007810E-05         1.0000000E+30             16981       
 NEXT SEEDS:3B6039B6       0       0       0       0       0   181CD    3039       0       0
     999991                     9                     9             5.3007757E-05         1.0000000E+30             16981       
 NEXT SEEDS:3B603A42       0       0       0       0       0   181CD    3039       0       0
     999992                     8                     8             5.3007704E-05         1.0000000E+30             16981       
 NEXT SEEDS:3B603ACF       0       0       0       0       0   181CD    3039       0       0
     999993                     7                     7             5.3007651E-05         1.0000000E+30             16981       
 NEXT SEEDS:3B603B6A       0       0       0       0       0   181CD    3039       0       0
     999994                     6                     6             5.3007598E-05         1.0000000E+30             16981       
 NEXT SEEDS:3B603BF6       0       0       0       0       0   181CD    3039       0       0
     999995                     5                     5             5.3007545E-05         1.0000000E+30             16981       
 NEXT SEEDS:3B603CA0       0       0       0       0       0   181CD    3039       0       0
     999996                     4                     4             5.3007492E-05         1.0000000E+30             16981       
 NEXT SEEDS:3B603D2F       0       0       0       0       0   181CD    3039       0       0
     999997                     3                     3             5.3007439E-05         1.0000000E+30             16981       
 NEXT SEEDS:3B603DDB       0       0       0       0       0   181CD    3039       0       0
     999998                     2                     2             5.3007386E-05         1.0000000E+30             16981       
 NEXT SEEDS:3B603E70       0       0       0       0       0   181CD    3039       0       0
     999999                     1                     1             5.3007333E-05         1.0000000E+30             16981       
 NEXT SEEDS:3B603F19       0       0       0       0       0   181CD    3039       0       0
    1000000                     0                     1             5.3007280E-05         1.0000000E+30             16981       
 NEXT SEEDS:3B603FC5       0       0       0       0       0   181CD    3039       0       0
