1NUMBER OF BEAM       NUMBER OF BEAM        APPROXIMATE NUMBER    AVERAGE TIME USED     TIME LEFT (RESERVED   NUMBER OF STARS
 PARTICLES HANDLED    PARTICLES LEFT        OF BEAM PARTICLES     BY A BEAM PARTICLE     10000.0 SECONDS      CREATED
                                            THAT CAN STILL BE                           FOR PRINTOUT)
                                            HANDLED

 NEXT SEEDS:       0       0       0       0       0       0   181CD    3039       0       0
          1                999999                999999             1.2183189E-04         1.0000000E+30                 0       
 NEXT SEEDS:      BD       0       0       0       0       0   181CD    3039       0       0
      20000                980000                980000             2.9852092E-05         1.0000000E+30               308       
 NEXT SEEDS:  3C1DF2       0       0       0       0       0   181CD    3039       0       0
      40000                960000                960000             2.9614270E-05         1.0000000E+30               660       
 NEXT SEEDS:  794923       0       0       0       0       0   181CD    3039       0       0
      60000                940000                940000             3.0034963E-05         1.0000000E+30               993       
 NEXT SEEDS:  B815FF       0       0       0       0       0   181CD    3039       0       0
      80000                920000                920000             3.0016226E-05         1.0000000E+30              1338       
 NEXT SEEDS:  F56C28       0       0       0       0       0   181CD    3039       0       0
     100000                900000                900000             3.0057607E-05         1.0000000E+30              1719       
 NEXT SEEDS: 133B55E       0       0       0       0       0   181CD    3039       0       0
     120000                880000                880000             3.0720091E-05         1.0000000E+30              2090       
 NEXT SEEDS: 170E495       0       0       0       0       0   181CD    3039       0       0
     140000                860000                860000             3.1362826E-05         1.0000000E+30              2433       
 NEXT SEEDS: 1AD8F1F       0       0       0       0       0   181CD    3039       0       0
     160000                840000                840000             3.1142223E-05         1.0000000E+30              2768       
 NEXT SEEDS: 1E954DB       0       0       0       0       0   181CD    3039       0       0
     180000                820000                820000             3.1064849E-05         1.0000000E+30              3105       
 NEXT SEEDS: 225DB92       0       0       0       0       0   181CD    3039       0       0
     200000                800000                800000             3.0837400E-05         1.0000000E+30              3453       
 NEXT SEEDS: 2622276       0       0       0       0       0   181CD    3039       0       0
     220000                780000                780000             3.0692116E-05         1.0000000E+30              3796       
 NEXT SEEDS: 29E2827       0       0       0       0       0   181CD    3039       0       0
     240000                760000                760000             3.0615701E-05         1.0000000E+30              4154       
 NEXT SEEDS: 2DBAD42       0       0       0       0       0   181CD    3039       0       0
     260000                740000                740000             3.0517767E-05         1.0000000E+30              4493       
 NEXT SEEDS: 3186884       0       0       0       0       0   181CD    3039       0       0
     280000                720000                720000             3.0451684E-05         1.0000000E+30              4820       
 NEXT SEEDS: 356FF04       0       0       0       0       0   181CD    3039       0       0
     300000                700000                700000             3.0409961E-05         1.0000000E+30              5131       
 NEXT SEEDS: 391EFED       0       0       0       0       0   181CD    3039       0       0
     320000                680000                680000             3.0375700E-05         1.0000000E+30              5474       
 NEXT SEEDS: 3CEF2B9       0       0       0       0       0   181CD    3039       0       0
     340000                660000                660000             3.0288395E-05         1.0000000E+30              5828       
 NEXT SEEDS: 40BCF6C       0       0       0       0       0   181CD    3039       0       0
     360000                640000                640000             3.0269455E-05         1.0000000E+30              6172       
 NEXT SEEDS: 44956A1       0       0       0       0       0   181CD    3039       0       0
     380000                620000                620000             3.0242349E-05         1.0000000E+30              6510       
 NEXT SEEDS: 485DBC2       0       0       0       0       0   181CD    3039       0       0
     400000                600000                600000             3.0220042E-05         1.0000000E+30              6830       
 NEXT SEEDS: 4C247FE       0       0       0       0       0   181CD    3039       0       0
     420000                580000                580000             3.0189063E-05         1.0000000E+30              7155       
 NEXT SEEDS: 4FE3797       0       0       0       0       0   181CD    3039       0       0
     440000                560000                560000             3.0173979E-05         1.0000000E+30              7495       
 NEXT SEEDS: 53AA949       0       0       0       0       0   181CD    3039       0       0
     460000                540000                540000             3.0137038E-05         1.0000000E+30              7840       
 NEXT SEEDS: 577DD08       0       0       0       0       0   181CD    3039       0       0
     480000                520000                520000             3.0134544E-05         1.0000000E+30              8195       
 NEXT SEEDS: 5B54F51       0       0       0       0       0   181CD    3039       0       0
     500000                500000                500000             3.0135125E-05         1.0000000E+30              8496       
 NEXT SEEDS: 5F1337C       0       0       0       0       0   181CD    3039       0       0
     520000                480000                480000             3.0095762E-05         1.0000000E+30              8814       
 NEXT SEEDS: 62CA6DC       0       0       0       0       0   181CD    3039       0       0
     540000                460000                460000             3.0079394E-05         1.0000000E+30              9135       
 NEXT SEEDS: 66922CE       0       0       0       0       0   181CD    3039       0       0
     560000                440000                440000             3.0074114E-05         1.0000000E+30              9511       
 NEXT SEEDS: 6A722A4       0       0       0       0       0   181CD    3039       0       0
     580000                420000                420000             3.0087843E-05         1.0000000E+30              9836       
 NEXT SEEDS: 6E4170E       0       0       0       0       0   181CD    3039       0       0
     600000                400000                400000             3.0093680E-05         1.0000000E+30             10192       
 NEXT SEEDS: 722C5ED       0       0       0       0       0   181CD    3039       0       0
     620000                380000                380000             3.0075434E-05         1.0000000E+30             10510       
 NEXT SEEDS: 75E3E34       0       0       0       0       0   181CD    3039       0       0
     640000                360000                360000             3.0033783E-05         1.0000000E+30             10850       
 NEXT SEEDS: 79AB846       0       0       0       0       0   181CD    3039       0       0
     660000                340000                340000             3.0031387E-05         1.0000000E+30             11203       
 NEXT SEEDS: 7D7D84A       0       0       0       0       0   181CD    3039       0       0
     680000                320000                320000             3.0033497E-05         1.0000000E+30             11533       
 NEXT SEEDS: 8145A50       0       0       0       0       0   181CD    3039       0       0
     700000                300000                300000             3.0007036E-05         1.0000000E+30             11847       
 NEXT SEEDS: 84FBE47       0       0       0       0       0   181CD    3039       0       0
     720000                280000                280000             2.9974557E-05         1.0000000E+30             12198       
 NEXT SEEDS: 88C439B       0       0       0       0       0   181CD    3039       0       0
     740000                260000                260000             2.9976307E-05         1.0000000E+30             12561       
 NEXT SEEDS: 8CA0A2B       0       0       0       0       0   181CD    3039       0       0
     760000                240000                240000             2.9988666E-05         1.0000000E+30             12903       
 NEXT SEEDS: 9099541       0       0       0       0       0   181CD    3039       0       0
     780000                220000                220000             3.0005483E-05         1.0000000E+30             13213       
 NEXT SEEDS: 944E610       0       0       0       0       0   181CD    3039       0       0
     800000                200000                200000             2.9995771E-05         1.0000000E+30             13554       
 NEXT SEEDS: 981A785       0       0       0       0       0   181CD    3039       0       0
     820000                180000                180000             3.0000973E-05         1.0000000E+30             13900       
 NEXT SEEDS: 9BF5311       0       0       0       0       0   181CD    3039       0       0
     840000                160000                160000             2.9987295E-05         1.0000000E+30             14232       
 NEXT SEEDS: 9FB05E4       0       0       0       0       0   181CD    3039       0       0
     860000                140000                140000             3.1062954E-05         1.0000000E+30             14569       
 NEXT SEEDS: A383394       0       0       0       0       0   181CD    3039       0       0
     880000                120000                120000             3.3539903E-05         1.0000000E+30             14925       
 NEXT SEEDS: A756412       0       0       0       0       0   181CD    3039       0       0
     900000                100000                100000             3.3480954E-05         1.0000000E+30             15271       
 NEXT SEEDS: AB34448       0       0       0       0       0   181CD    3039       0       0
     920000                 80000                 80000             3.3393898E-05         1.0000000E+30             15570       
 NEXT SEEDS: AEFF31D       0       0       0       0       0   181CD    3039       0       0
     940000                 60000                 60000             3.3331044E-05         1.0000000E+30             15906       
 NEXT SEEDS: B2CA058       0       0       0       0       0   181CD    3039       0       0
     960000                 40000                 40000             3.3287315E-05         1.0000000E+30             16241       
 NEXT SEEDS: B6A0F45       0       0       0       0       0   181CD    3039       0       0
     980000                 20000                 20000             3.3222697E-05         1.0000000E+30             16560       
 NEXT SEEDS: BA72754       0       0       0       0       0   181CD    3039       0       0
     999950                    50                    50             3.3178989E-05         1.0000000E+30             16914       
 NEXT SEEDS: BE7DCDD       0       0       0       0       0   181CD    3039       0       0
     999951                    49                    49             3.3179109E-05         1.0000000E+30             16914       
 NEXT SEEDS: BE7DD66       0       0       0       0       0   181CD    3039       0       0
     999952                    48                    48             3.3179179E-05         1.0000000E+30             16914       
 NEXT SEEDS: BE7DE00       0       0       0       0       0   181CD    3039       0       0
     999953                    47                    47             3.3179241E-05         1.0000000E+30             16914       
 NEXT SEEDS: BE7DE9B       0       0       0       0       0   181CD    3039       0       0
     999954                    46                    46             3.3179307E-05         1.0000000E+30             16914       
 NEXT SEEDS: BE7DF37       0       0       0       0       0   181CD    3039       0       0
     999955                    45                    45             3.3179361E-05         1.0000000E+30             16914       
 NEXT SEEDS: BE7DFBC       0       0       0       0       0   181CD    3039       0       0
     999956                    44                    44             3.3179405E-05         1.0000000E+30             16914       
 NEXT SEEDS: BE7DFEC       0       0       0       0       0   181CD    3039       0       0
     999957                    43                    43             3.3179463E-05         1.0000000E+30             16914       
 NEXT SEEDS: BE7E089       0       0       0       0       0   181CD    3039       0       0
     999958                    42                    42             3.3179517E-05         1.0000000E+30             16914       
 NEXT SEEDS: BE7E11D       0       0       0       0       0   181CD    3039       0       0
     999959                    41                    41             3.3179576E-05         1.0000000E+30             16914       
 NEXT SEEDS: BE7E1AF       0       0       0       0       0   181CD    3039       0       0
     999960                    40                    40             3.3179638E-05         1.0000000E+30             16914       
 NEXT SEEDS: BE7E26C       0       0       0       0       0   181CD    3039       0       0
     999961                    39                    39             3.3179693E-05         1.0000000E+30             16914       
 NEXT SEEDS: BE7E30B       0       0       0       0       0   181CD    3039       0       0
     999962                    38                    38             3.3179747E-05         1.0000000E+30             16914       
 NEXT SEEDS: BE7E39A       0       0       0       0       0   181CD    3039       0       0
     999963                    37                    37             3.3179802E-05         1.0000000E+30             16914       
 NEXT SEEDS: BE7E428       0       0       0       0       0   181CD    3039       0       0
     999964                    36                    36             3.3179864E-05         1.0000000E+30             16914       
 NEXT SEEDS: BE7E4DA       0       0       0       0       0   181CD    3039       0       0
     999965                    35                    35             3.3179922E-05         1.0000000E+30             16914       
 NEXT SEEDS: BE7E57D       0       0       0       0       0   181CD    3039       0       0
     999966                    34                    34             3.3179981E-05         1.0000000E+30             16914       
 NEXT SEEDS: BE7E615       0       0       0       0       0   181CD    3039       0       0
     999967                    33                    33             3.3180024E-05         1.0000000E+30             16914       
 NEXT SEEDS: BE7E64D       0       0       0       0       0   181CD    3039       0       0
     999968                    32                    32             3.3180078E-05         1.0000000E+30             16914       
 NEXT SEEDS: BE7E6E6       0       0       0       0       0   181CD    3039       0       0
     999969                    31                    31             3.3180141E-05         1.0000000E+30             16914       
 NEXT SEEDS: BE7E7AE       0       0       0       0       0   181CD    3039       0       0
     999970                    30                    30             3.3180203E-05         1.0000000E+30             16914       
 NEXT SEEDS: BE7E856       0       0       0       0       0   181CD    3039       0       0
     999971                    29                    29             3.3180284E-05         1.0000000E+30             16914       
 NEXT SEEDS: BE7E8E3       0       0       0       0       0   181CD    3039       0       0
     999972                    28                    28             3.3180354E-05         1.0000000E+30             16914       
 NEXT SEEDS: BE7E97D       0       0       0       0       0   181CD    3039       0       0
     999973                    27                    27             3.3180431E-05         1.0000000E+30             16914       
 NEXT SEEDS: BE7EA2B       0       0       0       0       0   181CD    3039       0       0
     999974                    26                    26             3.3180486E-05         1.0000000E+30             16914       
 NEXT SEEDS: BE7EABA       0       0       0       0       0   181CD    3039       0       0
     999975                    25                    25             3.3180544E-05         1.0000000E+30             16914       
 NEXT SEEDS: BE7EB49       0       0       0       0       0   181CD    3039       0       0
     999976                    24                    24             3.3180599E-05         1.0000000E+30             16914       
 NEXT SEEDS: BE7EBD1       0       0       0       0       0   181CD    3039       0       0
     999977                    23                    23             3.3180653E-05         1.0000000E+30             16914       
 NEXT SEEDS: BE7EC61       0       0       0       0       0   181CD    3039       0       0
     999978                    22                    22             3.3180708E-05         1.0000000E+30             16914       
 NEXT SEEDS: BE7ECEC       0       0       0       0       0   181CD    3039       0       0
     999979                    21                    21             3.3180778E-05         1.0000000E+30             16914       
 NEXT SEEDS: BE7ED7F       0       0       0       0       0   181CD    3039       0       0
     999980                    20                    20             3.3180844E-05         1.0000000E+30             16914       
 NEXT SEEDS: BE7EE29       0       0       0       0       0   181CD    3039       0       0
     999981                    19                    19             3.3180898E-05         1.0000000E+30             16914       
 NEXT SEEDS: BE7EEBB       0       0       0       0       0   181CD    3039       0       0
     999982                    18                    18             3.3180957E-05         1.0000000E+30             16914       
 NEXT SEEDS: BE7EF49       0       0       0       0       0   181CD    3039       0       0
     999983                    17                    17             3.3181015E-05         1.0000000E+30             16914       
 NEXT SEEDS: BE7EFF2       0       0       0       0       0   181CD    3039       0       0
     999984                    16                    16             3.3181073E-05         1.0000000E+30             16914       
 NEXT SEEDS: BE7F092       0       0       0       0       0   181CD    3039       0       0
     999985                    15                    15             3.3181124E-05         1.0000000E+30             16914       
 NEXT SEEDS: BE7F12E       0       0       0       0       0   181CD    3039       0       0
     999986                    14                    14             3.3181190E-05         1.0000000E+30             16914       
 NEXT SEEDS: BE7F1D3       0       0       0       0       0   181CD    3039       0       0
     999987                    13                    13             3.3181245E-05         1.0000000E+30             16914       
 NEXT SEEDS: BE7F266       0       0       0       0       0   181CD    3039       0       0
     999988                    12                    12             3.3181303E-05         1.0000000E+30             16914       
 NEXT SEEDS: BE7F308       0       0       0       0       0   181CD    3039       0       0
     999989                    11                    11             3.3181361E-05         1.0000000E+30             16914       
 NEXT SEEDS: BE7F3AF       0       0       0       0       0   181CD    3039       0       0
     999990                    10                    10             3.3181439E-05         1.0000000E+30             16914       
 NEXT SEEDS: BE7F43D       0       0       0       0       0   181CD    3039       0       0
     999991                     9                     9             3.3181509E-05         1.0000000E+30             16914       
 NEXT SEEDS: BE7F4C4       0       0       0       0       0   181CD    3039       0       0
     999992                     8                     8             3.3181590E-05         1.0000000E+30             16914       
 NEXT SEEDS: BE7F563       0       0       0       0       0   181CD    3039       0       0
     999993                     7                     7             3.3181671E-05         1.0000000E+30             16914       
 NEXT SEEDS: BE7F60D       0       0       0       0       0   181CD    3039       0       0
     999994                     6                     6             3.3181741E-05         1.0000000E+30             16914       
 NEXT SEEDS: BE7F6C7       0       0       0       0       0   181CD    3039       0       0
     999995                     5                     5             3.3181796E-05         1.0000000E+30             16914       
 NEXT SEEDS: BE7F74B       0       0       0       0       0   181CD    3039       0       0
     999996                     4                     4             3.3181850E-05         1.0000000E+30             16914       
 NEXT SEEDS: BE7F7DC       0       0       0       0       0   181CD    3039       0       0
     999997                     3                     3             3.3181901E-05         1.0000000E+30             16914       
 NEXT SEEDS: BE7F86C       0       0       0       0       0   181CD    3039       0       0
     999998                     2                     2             3.3181959E-05         1.0000000E+30             16914       
 NEXT SEEDS: BE7F91E       0       0       0       0       0   181CD    3039       0       0
     999999                     1                     1             3.3182014E-05         1.0000000E+30             16914       
 NEXT SEEDS: BE7F9A4       0       0       0       0       0   181CD    3039       0       0
    1000000                     0                     1             3.3182068E-05         1.0000000E+30             16914       
 NEXT SEEDS: BE7FA2B       0       0       0       0       0   181CD    3039       0       0
