1NUMBER OF BEAM       NUMBER OF BEAM        APPROXIMATE NUMBER    AVERAGE TIME USED     TIME LEFT (RESERVED   NUMBER OF STARS
 PARTICLES HANDLED    PARTICLES LEFT        OF BEAM PARTICLES     BY A BEAM PARTICLE     10000.0 SECONDS      CREATED
                                            THAT CAN STILL BE                           FOR PRINTOUT)
                                            HANDLED

 NEXT SEEDS:       0       0       0       0       0       0   181CD    3039       0       0
          1              16666665              16666665             4.6396255E-04         1.0000000E+30                 0       
 NEXT SEEDS:     570       0       0       0       0       0   181CD    3039       0       0
     300000              16366666              16366666             3.2744554E-04         1.0000000E+30             11721       
 NEXT SEEDS:1CFE3EE6       0       0       0       0       0   181CD    3039       0       0
     600000              16066666              16066666             3.2691132E-04         1.0000000E+30             23352       
 NEXT SEEDS:3A056842       0       0       0       0       0   181CD    3039       0       0
     900000              15766666              15766666             3.3189250E-04         1.0000000E+30             35082       
 NEXT SEEDS:1B62C8D4       1       0       0       0       0   181CD    3039       0       0
    1200000              15466666              15466666             3.3697467E-04         1.0000000E+30             46956       
 NEXT SEEDS:3874D3CB       1       0       0       0       0   181CD    3039       0       0
    1500000              15166666              15166666             3.3501123E-04         1.0000000E+30             58711       
 NEXT SEEDS:19D8DFB1       2       0       0       0       0   181CD    3039       0       0
    1800000              14866666              14866666             3.3963201E-04         1.0000000E+30             70485       
 NEXT SEEDS:36F46A09       2       0       0       0       0   181CD    3039       0       0
    2100000              14566666              14566666             3.4165366E-04         1.0000000E+30             82263       
 NEXT SEEDS:1870E9BE       3       0       0       0       0   181CD    3039       0       0
    2400000              14266666              14266666             3.4146644E-04         1.0000000E+30             93929       
 NEXT SEEDS:3573AD59       3       0       0       0       0   181CD    3039       0       0
    2700000              13966666              13966666             3.3706113E-04         1.0000000E+30            105591       
 NEXT SEEDS:16CA170B       4       0       0       0       0   181CD    3039       0       0
    3000000              13666666              13666666             3.3848890E-04         1.0000000E+30            117145       
 NEXT SEEDS:33AE78B1       4       0       0       0       0   181CD    3039       0       0
    3300000              13366666              13366666             3.3859803E-04         1.0000000E+30            128829       
 NEXT SEEDS:15028655       5       0       0       0       0   181CD    3039       0       0
    3600000              13066666              13066666             3.4002736E-04         1.0000000E+30            140649       
 NEXT SEEDS:31FE75B7       5       0       0       0       0   181CD    3039       0       0
    3900000              12766666              12766666             3.4128643E-04         1.0000000E+30            152229       
 NEXT SEEDS:1358F728       6       0       0       0       0   181CD    3039       0       0
    4200000              12466666              12466666             3.4361095E-04         1.0000000E+30            163937       
 NEXT SEEDS:3055400F       6       0       0       0       0   181CD    3039       0       0
    4500000              12166666              12166666             3.4551920E-04         1.0000000E+30            175793       
 NEXT SEEDS:11BBBA7C       7       0       0       0       0   181CD    3039       0       0
    4800000              11866666              11866666             3.4683748E-04         1.0000000E+30            187501       
 NEXT SEEDS:2EBA9F17       7       0       0       0       0   181CD    3039       0       0
    5100000              11566666              11566666             3.4725191E-04         1.0000000E+30            199144       
 NEXT SEEDS:101320AF       8       0       0       0       0   181CD    3039       0       0
    5400000              11266666              11266666             3.4762792E-04         1.0000000E+30            210766       
 NEXT SEEDS:2D0624D5       8       0       0       0       0   181CD    3039       0       0
    5700000              10966666              10966666             3.4796298E-04         1.0000000E+30            222259       
 NEXT SEEDS: E67782D       9       0       0       0       0   181CD    3039       0       0
    6000000              10666666              10666666             3.4602604E-04         1.0000000E+30            234010       
 NEXT SEEDS:2B913FAF       9       0       0       0       0   181CD    3039       0       0
    6300000              10366666              10366666             3.4557481E-04         1.0000000E+30            245711       
 NEXT SEEDS: CFEFA74       A       0       0       0       0   181CD    3039       0       0
    6600000              10066666              10066666             3.4635283E-04         1.0000000E+30            257430       
 NEXT SEEDS:29E89A36       A       0       0       0       0   181CD    3039       0       0
    6900000               9766666               9766666             3.4703662E-04         1.0000000E+30            269134       
 NEXT SEEDS: B5E311A       B       0       0       0       0   181CD    3039       0       0
    7200000               9466666               9466666             3.4685079E-04         1.0000000E+30            280780       
 NEXT SEEDS:2865FEA4       B       0       0       0       0   181CD    3039       0       0
    7500000               9166666               9166666             3.4477698E-04         1.0000000E+30            292459       
 NEXT SEEDS: 9D2EE58       C       0       0       0       0   181CD    3039       0       0
 COUSET, TXYZ:  0.999999999994200      0.933560764329732      0.358419167027219    
    7800000               8866666               8866666             3.4209691E-04         1.0000000E+30            304155       
 NEXT SEEDS:26CA032B       C       0       0       0       0   181CD    3039       0       0
    8100000               8566666               8566666             3.4166871E-04         1.0000000E+30            315795       
 NEXT SEEDS: 8397565       D       0       0       0       0   181CD    3039       0       0
    8400000               8266666               8266666             3.4107602E-04         1.0000000E+30            327606       
 NEXT SEEDS:25315A1F       D       0       0       0       0   181CD    3039       0       0
 COUSET, TXYZ:  0.999999999988379      0.290783359556944      0.956788920181215    
    8700000               7966666               7966666             3.3977887E-04         1.0000000E+30            339402       
 NEXT SEEDS: 697476F       E       0       0       0       0   181CD    3039       0       0
    9000000               7666666               7666666             3.3895074E-04         1.0000000E+30            351188       
 NEXT SEEDS:2389B2B5       E       0       0       0       0   181CD    3039       0       0
 COUSET, TXYZ:  0.999999999994527     -0.748446438277264      0.663195242005800    
    9300000               7366666               7366666             3.3908444E-04         1.0000000E+30            362682       
 NEXT SEEDS: 4E6B5FC       F       0       0       0       0   181CD    3039       0       0
 COUSET, TXYZ:  0.999999999927925     -0.949701431557712      0.313156814955512    
    9600000               7066666               7066666             3.3705594E-04         1.0000000E+30            374370       
 NEXT SEEDS:21F712C4       F       0       0       0       0   181CD    3039       0       0
    9900000               6766666               6766666             3.3533220E-04         1.0000000E+30            385988       
 NEXT SEEDS: 35454F7      10       0       0       0       0   181CD    3039       0       0
   10200000               6466666               6466666             3.3591923E-04         1.0000000E+30            397582       
 NEXT SEEDS:20524098      10       0       0       0       0   181CD    3039       0       0
   10500000               6166666               6166666             3.3651409E-04         1.0000000E+30            409367       
 NEXT SEEDS: 1BC1152      11       0       0       0       0   181CD    3039       0       0
   10800000               5866666               5866666             3.3657588E-04         1.0000000E+30            420949       
 NEXT SEEDS:1EA27295      11       0       0       0       0   181CD    3039       0       0
   11100000               5566666               5566666             3.3721525E-04         1.0000000E+30            432703       
 NEXT SEEDS:3B9A52F0      11       0       0       0       0   181CD    3039       0       0
   11400000               5266666               5266666             3.3632654E-04         1.0000000E+30            444279       
 NEXT SEEDS:1D02713F      12       0       0       0       0   181CD    3039       0       0
   11700000               4966666               4966666             3.3593856E-04         1.0000000E+30            456056       
 NEXT SEEDS:3A07DB2E      12       0       0       0       0   181CD    3039       0       0
   12000000               4666666               4666666             3.3510024E-04         1.0000000E+30            467720       
 NEXT SEEDS:1B5DFB67      13       0       0       0       0   181CD    3039       0       0
   12300000               4366666               4366666             3.3538248E-04         1.0000000E+30            479359       
 NEXT SEEDS:385358F2      13       0       0       0       0   181CD    3039       0       0
   12600000               4066666               4066666             3.3474443E-04         1.0000000E+30            491099       
 NEXT SEEDS:19B69F64      14       0       0       0       0   181CD    3039       0       0
   12900000               3766666               3766666             3.3473353E-04         1.0000000E+30            502736       
 NEXT SEEDS:36ADBFAC      14       0       0       0       0   181CD    3039       0       0
 COUSET, TXYZ:  0.999999999992307     -0.906755198537544     -0.421657455655363    
   13200000               3466666               3466666             3.3512799E-04         1.0000000E+30            514215       
 NEXT SEEDS:17FDA0DA      15       0       0       0       0   181CD    3039       0       0
   13500000               3166666               3166666             3.3584639E-04         1.0000000E+30            525911       
 NEXT SEEDS:34F76FB6      15       0       0       0       0   181CD    3039       0       0
   13800000               2866666               2866666             3.3565670E-04         1.0000000E+30            537384       
 NEXT SEEDS:1649DD4E      16       0       0       0       0   181CD    3039       0       0
 COUSET, TXYZ:   1.00000000000629     -0.627423280260634      0.778678385085631    
   14100000               2566666               2566666             3.3572802E-04         1.0000000E+30            548971       
 NEXT SEEDS:332D1970      16       0       0       0       0   181CD    3039       0       0
   14400000               2266666               2266666             3.3540463E-04         1.0000000E+30            560743       
 NEXT SEEDS:1497A84A      17       0       0       0       0   181CD    3039       0       0
   14700000               1966666               1966666             3.3560862E-04         1.0000000E+30            572480       
 NEXT SEEDS:31957C28      17       0       0       0       0   181CD    3039       0       0
   15000000               1666666               1666666             3.3539726E-04         1.0000000E+30            584076       
 NEXT SEEDS:12EE577E      18       0       0       0       0   181CD    3039       0       0
   15300000               1366666               1366666             3.3543409E-04         1.0000000E+30            595851       
 NEXT SEEDS:2FEEAA00      18       0       0       0       0   181CD    3039       0       0
   15600000               1066666               1066666             3.3605922E-04         1.0000000E+30            607453       
 NEXT SEEDS:11458AA6      19       0       0       0       0   181CD    3039       0       0
   15900000                766666                766666             3.3652141E-04         1.0000000E+30            619070       
 NEXT SEEDS:2E43394E      19       0       0       0       0   181CD    3039       0       0
 COUSET, TXYZ:  0.999999999989594      0.836557674341113     -0.547878871175168    
   16200000                466666                466666             3.3684884E-04         1.0000000E+30            630865       
 NEXT SEEDS: FB52D2A      1A       0       0       0       0   181CD    3039       0       0
   16500000                166666                166666             3.3724236E-04         1.0000000E+30            642495       
 NEXT SEEDS:2CB177A9      1A       0       0       0       0   181CD    3039       0       0
   16666616                    50                    50             3.3721233E-04         1.0000000E+30            648979       
 NEXT SEEDS: 12E623B      1B       0       0       0       0   181CD    3039       0       0
   16666617                    49                    49             3.3721234E-04         1.0000000E+30            648979       
 NEXT SEEDS: 12E66D3      1B       0       0       0       0   181CD    3039       0       0
   16666618                    48                    48             3.3721235E-04         1.0000000E+30            648979       
 NEXT SEEDS: 12E6B5A      1B       0       0       0       0   181CD    3039       0       0
   16666619                    47                    47             3.3721236E-04         1.0000000E+30            648979       
 NEXT SEEDS: 12E7170      1B       0       0       0       0   181CD    3039       0       0
   16666620                    46                    46             3.3721237E-04         1.0000000E+30            648979       
 NEXT SEEDS: 12E73F7      1B       0       0       0       0   181CD    3039       0       0
   16666621                    45                    45             3.3721238E-04         1.0000000E+30            648979       
 NEXT SEEDS: 12E7794      1B       0       0       0       0   181CD    3039       0       0
   16666622                    44                    44             3.3721239E-04         1.0000000E+30            648979       
 NEXT SEEDS: 12E7E15      1B       0       0       0       0   181CD    3039       0       0
   16666623                    43                    43             3.3721240E-04         1.0000000E+30            648979       
 NEXT SEEDS: 12E851C      1B       0       0       0       0   181CD    3039       0       0
   16666624                    42                    42             3.3721240E-04         1.0000000E+30            648979       
 NEXT SEEDS: 12E8698      1B       0       0       0       0   181CD    3039       0       0
   16666625                    41                    41             3.3721241E-04         1.0000000E+30            648979       
 NEXT SEEDS: 12E8A0E      1B       0       0       0       0   181CD    3039       0       0
   16666626                    40                    40             3.3721239E-04         1.0000000E+30            648979       
 NEXT SEEDS: 12E8CAE      1B       0       0       0       0   181CD    3039       0       0
   16666627                    39                    39             3.3721243E-04         1.0000000E+30            648979       
 NEXT SEEDS: 12E945F      1B       0       0       0       0   181CD    3039       0       0
   16666628                    38                    38             3.3721244E-04         1.0000000E+30            648979       
 NEXT SEEDS: 12E9BB5      1B       0       0       0       0   181CD    3039       0       0
   16666629                    37                    37             3.3721245E-04         1.0000000E+30            648979       
 NEXT SEEDS: 12EA2DE      1B       0       0       0       0   181CD    3039       0       0
   16666630                    36                    36             3.3721246E-04         1.0000000E+30            648979       
 NEXT SEEDS: 12EA6DE      1B       0       0       0       0   181CD    3039       0       0
   16666631                    35                    35             3.3721247E-04         1.0000000E+30            648979       
 NEXT SEEDS: 12EAF36      1B       0       0       0       0   181CD    3039       0       0
   16666632                    34                    34             3.3721245E-04         1.0000000E+30            648979       
 NEXT SEEDS: 12EB1F1      1B       0       0       0       0   181CD    3039       0       0
   16666633                    33                    33             3.3721243E-04         1.0000000E+30            648979       
 NEXT SEEDS: 12EB2F2      1B       0       0       0       0   181CD    3039       0       0
   16666634                    32                    32             3.3721241E-04         1.0000000E+30            648979       
 NEXT SEEDS: 12EB539      1B       0       0       0       0   181CD    3039       0       0
   16666635                    31                    31             3.3721239E-04         1.0000000E+30            648979       
 NEXT SEEDS: 12EBA01      1B       0       0       0       0   181CD    3039       0       0
   16666636                    30                    30             3.3721237E-04         1.0000000E+30            648979       
 NEXT SEEDS: 12EBFD5      1B       0       0       0       0   181CD    3039       0       0
   16666637                    29                    29             3.3721235E-04         1.0000000E+30            648979       
 NEXT SEEDS: 12ECC16      1B       0       0       0       0   181CD    3039       0       0
   16666638                    28                    28             3.3721233E-04         1.0000000E+30            648979       
 NEXT SEEDS: 12ED3B9      1B       0       0       0       0   181CD    3039       0       0
   16666639                    27                    27             3.3721231E-04         1.0000000E+30            648979       
 NEXT SEEDS: 12ED697      1B       0       0       0       0   181CD    3039       0       0
   16666640                    26                    26             3.3721234E-04         1.0000000E+30            648979       
 NEXT SEEDS: 12EE2E9      1B       0       0       0       0   181CD    3039       0       0
   16666641                    25                    25             3.3721235E-04         1.0000000E+30            648979       
 NEXT SEEDS: 12EE913      1B       0       0       0       0   181CD    3039       0       0
   16666642                    24                    24             3.3721236E-04         1.0000000E+30            648979       
 NEXT SEEDS: 12EEF3E      1B       0       0       0       0   181CD    3039       0       0
   16666643                    23                    23             3.3721237E-04         1.0000000E+30            648979       
 NEXT SEEDS: 12EF3A3      1B       0       0       0       0   181CD    3039       0       0
   16666644                    22                    22             3.3721238E-04         1.0000000E+30            648979       
 NEXT SEEDS: 12EF83D      1B       0       0       0       0   181CD    3039       0       0
   16666645                    21                    21             3.3721239E-04         1.0000000E+30            648979       
 NEXT SEEDS: 12EF9E9      1B       0       0       0       0   181CD    3039       0       0
   16666646                    20                    20             3.3721240E-04         1.0000000E+30            648979       
 NEXT SEEDS: 12EFF35      1B       0       0       0       0   181CD    3039       0       0
   16666647                    19                    19             3.3721241E-04         1.0000000E+30            648979       
 NEXT SEEDS: 12F0634      1B       0       0       0       0   181CD    3039       0       0
   16666648                    18                    18             3.3721242E-04         1.0000000E+30            648979       
 NEXT SEEDS: 12F0A58      1B       0       0       0       0   181CD    3039       0       0
   16666649                    17                    17             3.3721243E-04         1.0000000E+30            648979       
 NEXT SEEDS: 12F0F48      1B       0       0       0       0   181CD    3039       0       0
   16666650                    16                    16             3.3721244E-04         1.0000000E+30            648979       
 NEXT SEEDS: 12F184B      1B       0       0       0       0   181CD    3039       0       0
   16666651                    15                    15             3.3721244E-04         1.0000000E+30            648979       
 NEXT SEEDS: 12F1C81      1B       0       0       0       0   181CD    3039       0       0
   16666652                    14                    14             3.3721248E-04         1.0000000E+30            648979       
 NEXT SEEDS: 12F24C6      1B       0       0       0       0   181CD    3039       0       0
   16666653                    13                    13             3.3721246E-04         1.0000000E+30            648979       
 NEXT SEEDS: 12F28E4      1B       0       0       0       0   181CD    3039       0       0
   16666654                    12                    12             3.3721247E-04         1.0000000E+30            648979       
 NEXT SEEDS: 12F2EBC      1B       0       0       0       0   181CD    3039       0       0
   16666655                    11                    11             3.3721248E-04         1.0000000E+30            648979       
 NEXT SEEDS: 12F329D      1B       0       0       0       0   181CD    3039       0       0
   16666656                    10                    10             3.3721249E-04         1.0000000E+30            648979       
 NEXT SEEDS: 12F3683      1B       0       0       0       0   181CD    3039       0       0
   16666657                     9                     9             3.3721250E-04         1.0000000E+30            648979       
 NEXT SEEDS: 12F3A48      1B       0       0       0       0   181CD    3039       0       0
   16666658                     8                     8             3.3721251E-04         1.0000000E+30            648979       
 NEXT SEEDS: 12F3F2A      1B       0       0       0       0   181CD    3039       0       0
   16666659                     7                     7             3.3721252E-04         1.0000000E+30            648979       
 NEXT SEEDS: 12F4873      1B       0       0       0       0   181CD    3039       0       0
   16666660                     6                     6             3.3721256E-04         1.0000000E+30            648979       
 NEXT SEEDS: 12F51AB      1B       0       0       0       0   181CD    3039       0       0
   16666661                     5                     5             3.3721256E-04         1.0000000E+30            648979       
 NEXT SEEDS: 12F5BF9      1B       0       0       0       0   181CD    3039       0       0
   16666662                     4                     4             3.3721257E-04         1.0000000E+30            648979       
 NEXT SEEDS: 12F629E      1B       0       0       0       0   181CD    3039       0       0
   16666663                     3                     3             3.3721261E-04         1.0000000E+30            648979       
 NEXT SEEDS: 12F6EC4      1B       0       0       0       0   181CD    3039       0       0
   16666664                     2                     2             3.3721262E-04         1.0000000E+30            648979       
 NEXT SEEDS: 12F766D      1B       0       0       0       0   181CD    3039       0       0
   16666665                     1                     1             3.3721263E-04         1.0000000E+30            648979       
 NEXT SEEDS: 12F7D28      1B       0       0       0       0   181CD    3039       0       0
   16666666                     0                     1             3.3721264E-04         1.0000000E+30            648979       
 NEXT SEEDS: 12F80F8      1B       0       0       0       0   181CD    3039       0       0
