1NUMBER OF BEAM       NUMBER OF BEAM        APPROXIMATE NUMBER    AVERAGE TIME USED     TIME LEFT (RESERVED   NUMBER OF STARS
 PARTICLES HANDLED    PARTICLES LEFT        OF BEAM PARTICLES     BY A BEAM PARTICLE     10000.0 SECONDS      CREATED
                                            THAT CAN STILL BE                           FOR PRINTOUT)
                                            HANDLED

 NEXT SEEDS:       0       0       0       0       0       0   181CD    3039       0       0
          1              24999999              24999999             2.3221970E-04         1.0000000E+30                 0       
 NEXT SEEDS:     49C       0       0       0       0       0   181CD    3039       0       0
     500000              24500000              24500000             2.8322698E-04         1.0000000E+30             12766       
 NEXT SEEDS:223A5B34       0       0       0       0       0   181CD    3039       0       0
    1000000              24000000              24000000             2.9205336E-04         1.0000000E+30             25693       
 NEXT SEEDS: 8CAE7C8       1       0       0       0       0   181CD    3039       0       0
    1500000              23500000              23500000             2.9151244E-04         1.0000000E+30             38362       
 NEXT SEEDS:2AE8450A       1       0       0       0       0   181CD    3039       0       0
 COUSET, TXYZ:   1.00000000000589     -0.788914621758716     -0.614502823091220    
    2000000              23000000              23000000             2.9189615E-04         1.0000000E+30             51182       
 NEXT SEEDS:1180C8A6       2       0       0       0       0   181CD    3039       0       0
    2500000              22500000              22500000             2.9189280E-04         1.0000000E+30             63850       
 NEXT SEEDS:33928302       2       0       0       0       0   181CD    3039       0       0
    3000000              22000000              22000000             2.9153583E-04         1.0000000E+30             76648       
 NEXT SEEDS:1A302BE6       3       0       0       0       0   181CD    3039       0       0
    3500000              21500000              21500000             2.9216600E-04         1.0000000E+30             89400       
 NEXT SEEDS:  B8A78B       4       0       0       0       0   181CD    3039       0       0
    4000000              21000000              21000000             2.9163481E-04         1.0000000E+30            102146       
 NEXT SEEDS:22DF9D1A       4       0       0       0       0   181CD    3039       0       0
    4500000              20500000              20500000             2.9220436E-04         1.0000000E+30            114868       
 NEXT SEEDS: 973500D       5       0       0       0       0   181CD    3039       0       0
    5000000              20000000              20000000             2.9125619E-04         1.0000000E+30            127754       
 NEXT SEEDS:2BC859A7       5       0       0       0       0   181CD    3039       0       0
    5500000              19500000              19500000             2.9111729E-04         1.0000000E+30            140556       
 NEXT SEEDS:12545C44       6       0       0       0       0   181CD    3039       0       0
    6000000              19000000              19000000             2.9159563E-04         1.0000000E+30            153486       
 NEXT SEEDS:348889DE       6       0       0       0       0   181CD    3039       0       0
    6500000              18500000              18500000             2.9141713E-04         1.0000000E+30            166287       
 NEXT SEEDS:1B1A8399       7       0       0       0       0   181CD    3039       0       0
    7000000              18000000              18000000             2.9175788E-04         1.0000000E+30            179139       
 NEXT SEEDS: 1C13FF8       8       0       0       0       0   181CD    3039       0       0
    7500000              17500000              17500000             2.9161959E-04         1.0000000E+30            191848       
 NEXT SEEDS:23E971B6       8       0       0       0       0   181CD    3039       0       0
    8000000              17000000              17000000             2.9201364E-04         1.0000000E+30            204550       
 NEXT SEEDS: A8E0693       9       0       0       0       0   181CD    3039       0       0
    8500000              16500000              16500000             2.9234007E-04         1.0000000E+30            217315       
 NEXT SEEDS:2CB78712       9       0       0       0       0   181CD    3039       0       0
    9000000              16000000              16000000             2.9219775E-04         1.0000000E+30            230282       
 NEXT SEEDS:135EE5FB       A       0       0       0       0   181CD    3039       0       0
    9500000              15500000              15500000             2.9303250E-04         1.0000000E+30            243061       
 NEXT SEEDS:35A90DD2       A       0       0       0       0   181CD    3039       0       0
   10000000              15000000              15000000             2.9323283E-04         1.0000000E+30            255777       
 NEXT SEEDS:1C375C69       B       0       0       0       0   181CD    3039       0       0
   10500000              14500000              14500000             2.9309240E-04         1.0000000E+30            268537       
 NEXT SEEDS: 2C75C49       C       0       0       0       0   181CD    3039       0       0
   11000000              14000000              14000000             2.9323683E-04         1.0000000E+30            281429       
 NEXT SEEDS:2505C10C       C       0       0       0       0   181CD    3039       0       0
   11500000              13500000              13500000             2.9278133E-04         1.0000000E+30            294314       
 NEXT SEEDS: BA0F932       D       0       0       0       0   181CD    3039       0       0
   12000000              13000000              13000000             2.9292047E-04         1.0000000E+30            306914       
 NEXT SEEDS:2DB4DABB       D       0       0       0       0   181CD    3039       0       0
   12500000              12500000              12500000             2.9266021E-04         1.0000000E+30            319555       
 NEXT SEEDS:143A7ED2       E       0       0       0       0   181CD    3039       0       0
   13000000              12000000              12000000             2.9265330E-04         1.0000000E+30            332413       
 NEXT SEEDS:366C1D4D       E       0       0       0       0   181CD    3039       0       0
 COUSET, TXYZ:   1.00000000000512      0.620539508706729      0.784175183325921    
   13500000              11500000              11500000             2.9273166E-04         1.0000000E+30            345290       
 NEXT SEEDS:1D1A088E       F       0       0       0       0   181CD    3039       0       0
 COUSET, TXYZ:  0.999999999993287      0.712212895998414     -0.701963525234842    
 COUSET, TXYZ:  0.999999999989900     -0.992840444211594     -0.119448115588001    
   14000000              11000000              11000000             2.9246582E-04         1.0000000E+30            358120       
 NEXT SEEDS: 3B50942      10       0       0       0       0   181CD    3039       0       0
   14500000              10500000              10500000             2.9257627E-04         1.0000000E+30            371026       
 NEXT SEEDS:25EB3740      10       0       0       0       0   181CD    3039       0       0
   15000000              10000000              10000000             2.9244736E-04         1.0000000E+30            383747       
 NEXT SEEDS: C7B5B9E      11       0       0       0       0   181CD    3039       0       0
 COUSET, TXYZ:  0.999999999994425     -0.853494922771635      0.521101157926070    
   15500000               9500000               9500000             2.9238609E-04         1.0000000E+30            396680       
 NEXT SEEDS:2EB9B031      11       0       0       0       0   181CD    3039       0       0
   16000000               9000000               9000000             2.9229239E-04         1.0000000E+30            409463       
 NEXT SEEDS:15459002      12       0       0       0       0   181CD    3039       0       0
   16500000               8500000               8500000             2.9241143E-04         1.0000000E+30            422186       
 NEXT SEEDS:3764FFAB      12       0       0       0       0   181CD    3039       0       0
   17000000               8000000               8000000             2.9235185E-04         1.0000000E+30            435002       
 NEXT SEEDS:1DEA396C      13       0       0       0       0   181CD    3039       0       0
   17500000               7500000               7500000             2.9219634E-04         1.0000000E+30            447662       
 NEXT SEEDS: 468B425      14       0       0       0       0   181CD    3039       0       0
   18000000               7000000               7000000             2.9226741E-04         1.0000000E+30            460313       
 NEXT SEEDS:267E11B0      14       0       0       0       0   181CD    3039       0       0
 COUSET, TXYZ:  0.999999999976911      0.214447980260470      0.976735411314664    
   18500000               6500000               6500000             2.9222967E-04         1.0000000E+30            473272       
 NEXT SEEDS: D2B369C      15       0       0       0       0   181CD    3039       0       0
   19000000               6000000               6000000             2.9244629E-04         1.0000000E+30            486192       
 NEXT SEEDS:2F629885      15       0       0       0       0   181CD    3039       0       0
   19500000               5500000               5500000             2.9221752E-04         1.0000000E+30            498993       
 NEXT SEEDS:16170C46      16       0       0       0       0   181CD    3039       0       0
 COUSET, TXYZ:   1.00000000015882     -0.211133896166470      0.977457149038870    
   20000000               5000000               5000000             2.9230761E-04         1.0000000E+30            511865       
 NEXT SEEDS:3845FE69      16       0       0       0       0   181CD    3039       0       0
   20500000               4500000               4500000             2.9222418E-04         1.0000000E+30            524793       
 NEXT SEEDS:1ED83D3F      17       0       0       0       0   181CD    3039       0       0
   21000000               4000000               4000000             2.9230622E-04         1.0000000E+30            537882       
 NEXT SEEDS: 57FBF31      18       0       0       0       0   181CD    3039       0       0
   21500000               3500000               3500000             2.9219620E-04         1.0000000E+30            550726       
 NEXT SEEDS:27A66F49      18       0       0       0       0   181CD    3039       0       0
   22000000               3000000               3000000             2.9214557E-04         1.0000000E+30            563563       
 NEXT SEEDS: E3B0612      19       0       0       0       0   181CD    3039       0       0
   22500000               2500000               2500000             2.9206762E-04         1.0000000E+30            576593       
 NEXT SEEDS:30798B69      19       0       0       0       0   181CD    3039       0       0
   23000000               2000000               2000000             2.9228199E-04         1.0000000E+30            589500       
 NEXT SEEDS:171EC697      1A       0       0       0       0   181CD    3039       0       0
   23500000               1500000               1500000             2.9221567E-04         1.0000000E+30            602354       
 NEXT SEEDS:395D22BC      1A       0       0       0       0   181CD    3039       0       0
   24000000               1000000               1000000             2.9227897E-04         1.0000000E+30            615231       
 NEXT SEEDS:1FE5D256      1B       0       0       0       0   181CD    3039       0       0
   24500000                500000                500000             2.9222393E-04         1.0000000E+30            628176       
 NEXT SEEDS: 68588B3      1C       0       0       0       0   181CD    3039       0       0
   24999950                    50                    50             2.9224402E-04         1.0000000E+30            641119       
 NEXT SEEDS:28B86CFD      1C       0       0       0       0   181CD    3039       0       0
   24999951                    49                    49             2.9224405E-04         1.0000000E+30            641119       
 NEXT SEEDS:28B8709C      1C       0       0       0       0   181CD    3039       0       0
   24999952                    48                    48             2.9224407E-04         1.0000000E+30            641119       
 NEXT SEEDS:28B871DE      1C       0       0       0       0   181CD    3039       0       0
   24999953                    47                    47             2.9224414E-04         1.0000000E+30            641119       
 NEXT SEEDS:28B877B7      1C       0       0       0       0   181CD    3039       0       0
   24999954                    46                    46             2.9224419E-04         1.0000000E+30            641119       
 NEXT SEEDS:28B87C62      1C       0       0       0       0   181CD    3039       0       0
   24999955                    45                    45             2.9224424E-04         1.0000000E+30            641119       
 NEXT SEEDS:28B88012      1C       0       0       0       0   181CD    3039       0       0
   24999956                    44                    44             2.9224426E-04         1.0000000E+30            641119       
 NEXT SEEDS:28B8810F      1C       0       0       0       0   181CD    3039       0       0
   24999957                    43                    43             2.9224433E-04         1.0000000E+30            641119       
 NEXT SEEDS:28B88527      1C       0       0       0       0   181CD    3039       0       0
   24999958                    42                    42             2.9224467E-04         1.0000000E+30            641120       
 NEXT SEEDS:28B8A59C      1C       0       0       0       0   181CD    3039       0       0
   24999959                    41                    41             2.9224472E-04         1.0000000E+30            641120       
 NEXT SEEDS:28B8A857      1C       0       0       0       0   181CD    3039       0       0
   24999960                    40                    40             2.9224476E-04         1.0000000E+30            641120       
 NEXT SEEDS:28B8AA8C      1C       0       0       0       0   181CD    3039       0       0
   24999961                    39                    39             2.9224481E-04         1.0000000E+30            641120       
 NEXT SEEDS:28B8AD7D      1C       0       0       0       0   181CD    3039       0       0
   24999962                    38                    38             2.9224484E-04         1.0000000E+30            641120       
 NEXT SEEDS:28B8AE6A      1C       0       0       0       0   181CD    3039       0       0
   24999963                    37                    37             2.9224506E-04         1.0000000E+30            641121       
 NEXT SEEDS:28B8C64E      1C       0       0       0       0   181CD    3039       0       0
   24999964                    36                    36             2.9224511E-04         1.0000000E+30            641121       
 NEXT SEEDS:28B8C757      1C       0       0       0       0   181CD    3039       0       0
   24999965                    35                    35             2.9224541E-04         1.0000000E+30            641122       
 NEXT SEEDS:28B8EEFE      1C       0       0       0       0   181CD    3039       0       0
   24999966                    34                    34             2.9224545E-04         1.0000000E+30            641122       
 NEXT SEEDS:28B8F535      1C       0       0       0       0   181CD    3039       0       0
   24999967                    33                    33             2.9224546E-04         1.0000000E+30            641122       
 NEXT SEEDS:28B8F6D8      1C       0       0       0       0   181CD    3039       0       0
   24999968                    32                    32             2.9224549E-04         1.0000000E+30            641122       
 NEXT SEEDS:28B8FA7C      1C       0       0       0       0   181CD    3039       0       0
   24999969                    31                    31             2.9224552E-04         1.0000000E+30            641122       
 NEXT SEEDS:28B8FF9C      1C       0       0       0       0   181CD    3039       0       0
   24999970                    30                    30             2.9224556E-04         1.0000000E+30            641122       
 NEXT SEEDS:28B902B0      1C       0       0       0       0   181CD    3039       0       0
   24999971                    29                    29             2.9224559E-04         1.0000000E+30            641122       
 NEXT SEEDS:28B90724      1C       0       0       0       0   181CD    3039       0       0
   24999972                    28                    28             2.9224564E-04         1.0000000E+30            641122       
 NEXT SEEDS:28B90E14      1C       0       0       0       0   181CD    3039       0       0
   24999973                    27                    27             2.9224567E-04         1.0000000E+30            641122       
 NEXT SEEDS:28B91031      1C       0       0       0       0   181CD    3039       0       0
   24999974                    26                    26             2.9224567E-04         1.0000000E+30            641122       
 NEXT SEEDS:28B911DC      1C       0       0       0       0   181CD    3039       0       0
   24999975                    25                    25             2.9224570E-04         1.0000000E+30            641122       
 NEXT SEEDS:28B91530      1C       0       0       0       0   181CD    3039       0       0
   24999976                    24                    24             2.9224571E-04         1.0000000E+30            641122       
 NEXT SEEDS:28B916B4      1C       0       0       0       0   181CD    3039       0       0
   24999977                    23                    23             2.9224574E-04         1.0000000E+30            641122       
 NEXT SEEDS:28B91A23      1C       0       0       0       0   181CD    3039       0       0
   24999978                    22                    22             2.9224576E-04         1.0000000E+30            641122       
 NEXT SEEDS:28B91C9F      1C       0       0       0       0   181CD    3039       0       0
   24999979                    21                    21             2.9224577E-04         1.0000000E+30            641122       
 NEXT SEEDS:28B91F10      1C       0       0       0       0   181CD    3039       0       0
   24999980                    20                    20             2.9224582E-04         1.0000000E+30            641122       
 NEXT SEEDS:28B92579      1C       0       0       0       0   181CD    3039       0       0
   24999981                    19                    19             2.9224586E-04         1.0000000E+30            641122       
 NEXT SEEDS:28B9298C      1C       0       0       0       0   181CD    3039       0       0
   24999982                    18                    18             2.9224587E-04         1.0000000E+30            641122       
 NEXT SEEDS:28B92B3A      1C       0       0       0       0   181CD    3039       0       0
   24999983                    17                    17             2.9224588E-04         1.0000000E+30            641122       
 NEXT SEEDS:28B92E3E      1C       0       0       0       0   181CD    3039       0       0
   24999984                    16                    16             2.9224591E-04         1.0000000E+30            641122       
 NEXT SEEDS:28B92FD9      1C       0       0       0       0   181CD    3039       0       0
   24999985                    15                    15             2.9224595E-04         1.0000000E+30            641122       
 NEXT SEEDS:28B937AB      1C       0       0       0       0   181CD    3039       0       0
   24999986                    14                    14             2.9224600E-04         1.0000000E+30            641122       
 NEXT SEEDS:28B94186      1C       0       0       0       0   181CD    3039       0       0
   24999987                    13                    13             2.9224603E-04         1.0000000E+30            641122       
 NEXT SEEDS:28B94459      1C       0       0       0       0   181CD    3039       0       0
   24999988                    12                    12             2.9224604E-04         1.0000000E+30            641122       
 NEXT SEEDS:28B94605      1C       0       0       0       0   181CD    3039       0       0
   24999989                    11                    11             2.9224608E-04         1.0000000E+30            641122       
 NEXT SEEDS:28B94BEB      1C       0       0       0       0   181CD    3039       0       0
   24999990                    10                    10             2.9224613E-04         1.0000000E+30            641122       
 NEXT SEEDS:28B95585      1C       0       0       0       0   181CD    3039       0       0
   24999991                     9                     9             2.9224616E-04         1.0000000E+30            641122       
 NEXT SEEDS:28B9596B      1C       0       0       0       0   181CD    3039       0       0
   24999992                     8                     8             2.9224619E-04         1.0000000E+30            641122       
 NEXT SEEDS:28B95E23      1C       0       0       0       0   181CD    3039       0       0
   24999993                     7                     7             2.9224623E-04         1.0000000E+30            641122       
 NEXT SEEDS:28B96490      1C       0       0       0       0   181CD    3039       0       0
   24999994                     6                     6             2.9224628E-04         1.0000000E+30            641122       
 NEXT SEEDS:28B96DFC      1C       0       0       0       0   181CD    3039       0       0
   24999995                     5                     5             2.9224635E-04         1.0000000E+30            641122       
 NEXT SEEDS:28B97432      1C       0       0       0       0   181CD    3039       0       0
   24999996                     4                     4             2.9224641E-04         1.0000000E+30            641122       
 NEXT SEEDS:28B9794D      1C       0       0       0       0   181CD    3039       0       0
   24999997                     3                     3             2.9224644E-04         1.0000000E+30            641122       
 NEXT SEEDS:28B97A34      1C       0       0       0       0   181CD    3039       0       0
   24999998                     2                     2             2.9224651E-04         1.0000000E+30            641122       
 NEXT SEEDS:28B97FBD      1C       0       0       0       0   181CD    3039       0       0
   24999999                     1                     1             2.9224649E-04         1.0000000E+30            641122       
 NEXT SEEDS:28B98620      1C       0       0       0       0   181CD    3039       0       0
   25000000                     0                     1             2.9224648E-04         1.0000000E+30            641122       
 NEXT SEEDS:28B98B5E      1C       0       0       0       0   181CD    3039       0       0
