G4BL_DIR=C:\Program Files (x86)\MuonsInc\G4beamline
G4beamline Process ID 15368

*************************************************************
 g4beamline version: 3.04                        (Mar  2 2017)
                      Copyright : Tom Roberts, Muons, Inc.
                        License : Gnu Public License
                            WWW : http://g4beamline.muonsinc.com
*************************************************************
 Geant4 version Name: geant4-10-03    (9-December-2016)
                      Copyright : Geant4 Collaboration
                      Reference : NIM A 506 (2003), 250-303
                            WWW : http://cern.ch/geant4
*************************************************************

geometry                   nPoints=100 printGeometry=0 visual=0
                           tolerance=0.002
G4PhysListFactory::GetReferencePhysList <QGSP_BERT>  EMoption= 0
<<< Geant4 Physics List simulation engine: QGSP_BERT 4.0

<<< Reference Physics List QGSP_BERT is built

physics      QGSP_BERT     disable= inactivate= deactivate= doStochastics=1
                           fluct=1 minRangeCut=1 list=0 gammaToMuPair=0
                           spinTracking=0 synchrotronRadiation=0
                           synchrotronRadiationMuon=0 maxTime=1e+06
beam    RECTANGULAR particle=neutron nEvents=1000000 firstEvent=-1 lastEvent=2147483647 beamX=0.0 beamY=0.0 beamZ=-200.0 maxR=1000000.0 
		meanMomentum=43.3 weight=1.000000 
		beamHeight=700.0 beamWidth=700.0 sigmaXp=0.00000 sigmaYp=0.00000 
		sigmaP=0.0 sigmaT=0.000 meanXp=0.00000 meanYp=0.00000 meanT=0.000 
particlecolor              gamma=1,0,0 neutron=1,1,1 proton=0,1,0
box          Target        height=3000 width=3000 length=100 maxStep=100
                           material=CONCRETE color=0.7,0.7,0.3,0.5 kill=0
box          BeamVis       height=700 width=700 length=1 maxStep=100
                           material=Vacuum color=1,0,0 kill=0
virtualdetector Det0       radius=0 innerRadius=0 height=500 width=500
                           length=10 maxStep=100 material=Vacuum
                           color=1,1,1,0.9 noSingles=0 format=bltrackfile
                           filename= file= require= referenceParticle=0
                           coordinates=Centerline kill=0
place   BeamVis copies=1 x=0.0 y=0.0 z=-200.0 
place   Target  copies=1 x=0.0 y=0.0 z=350.0 
place   Det0    copies=1 x=0.0 y=0.0 z=495.0 

World size (before incrementing by 201.357 mm): 3000.0 H  3000.0 W  1000.0 L

PARAMETERS:
            Zcl=500
     deltaChord=3.0
deltaIntersection=0.1
   deltaOneStep=0.01
         epsMax=0.05
         epsMin=2.5e-7
 eventTimeLimit=30
    fieldVoxels=200,200,200
      histoFile=g4beamline
    histoUpdate=0
        maxStep=100.0
        minStep=0.01
 steppingFormat=N GLOBAL CL KE STEP VOL PROCESS
steppingVerbose=0
         viewer=none
 wallClockLimit=-1
  worldMaterial=Vacuum
     zTolerance=2.0
Checking overlaps for volume BeamVis ... OK! 
BLCMDbox::Construct BeamVis parent= relZ=-200.0 globZ=-200.0
	zmin=-200.5 zmax=-199.5
Checking overlaps for volume Target ... OK! 
BLCMDbox::Construct Target parent= relZ=350.0 globZ=350.0
	zmin=300.0 zmax=400.0
Checking overlaps for volume Det0 ... OK! 
BLCMDvirtualdetector::Construct Det0 parent= relZ=495.0 globZ=495.0
=======================================================================
======       Pre-compound/De-excitation Physics Parameters     ========
=======================================================================
Type of pre-compound inverse x-section              3
Type of de-excitation inverse x-section             3
Min excitation energy (keV)                         0.1
Level density (1/MeV)                               0.1
Time limit for long lived isomeres (ns)             1e+07
Correlated gamma emission flag                      0
=======================================================================
### Adding tracking cuts for neutron  TimeCut(ns)= 10000  KinEnergyCut(MeV)= 0

Geometry test nPoints=100 tolerance=0.002 mm:
Testing geometry for children of group 'World':
Total geometry errors = 0  0 seconds

================== Prepare Tracking Beam ==================
Stochastic processes are enabled.
================== Begin Tracking Beam ===============
Event 1 Completed  1 events  realTime=1 sec  1.0 ev/sec
Event 2 Completed  2 events  realTime=1 sec  2.0 ev/sec
Event 3 Completed  3 events  realTime=1 sec  3.0 ev/sec
Event 4 Completed  4 events  realTime=1 sec  4.0 ev/sec
Event 5 Completed  5 events  realTime=1 sec  5.0 ev/sec
Event 6 Completed  6 events  realTime=1 sec  6.0 ev/sec
Event 7 Completed  7 events  realTime=1 sec  7.0 ev/sec
Event 8 Completed  8 events  realTime=1 sec  8.0 ev/sec
Event 9 Completed  9 events  realTime=1 sec  9.0 ev/sec
Event 10 Completed  10 events  realTime=1 sec  10.0 ev/sec
Event 20 Completed  20 events  realTime=1 sec  20.0 ev/sec
Event 30 Completed  30 events  realTime=1 sec  30.0 ev/sec
Event 40 Completed  40 events  realTime=1 sec  40.0 ev/sec
Event 50 Completed  50 events  realTime=1 sec  50.0 ev/sec
Event 60 Completed  60 events  realTime=1 sec  60.0 ev/sec
Event 70 Completed  70 events  realTime=1 sec  70.0 ev/sec
Event 80 Completed  80 events  realTime=1 sec  80.0 ev/sec
Event 90 Completed  90 events  realTime=1 sec  90.0 ev/sec
Event 100 Completed  100 events  realTime=1 sec  100.0 ev/sec
Event 200 Completed  200 events  realTime=1 sec  200.0 ev/sec
Event 300 Completed  300 events  realTime=1 sec  300.0 ev/sec
Event 400 Completed  400 events  realTime=1 sec  400.0 ev/sec
Event 500 Completed  500 events  realTime=1 sec  500.0 ev/sec
Event 600 Completed  600 events  realTime=1 sec  600.0 ev/sec
Event 700 Completed  700 events  realTime=1 sec  700.0 ev/sec
Event 800 Completed  800 events  realTime=1 sec  800.0 ev/sec
Event 900 Completed  900 events  realTime=1 sec  900.0 ev/sec
Event 1000 Completed  1000 events  realTime=1 sec  1000.0 ev/sec
Event 2000 Completed  2000 events  realTime=1 sec  2000.0 ev/sec
Event 3000 Completed  3000 events  realTime=1 sec  3000.0 ev/sec
Event 4000 Completed  4000 events  realTime=1 sec  4000.0 ev/sec
Event 5000 Completed  5000 events  realTime=2 sec  2500.0 ev/sec
Event 6000 Completed  6000 events  realTime=2 sec  3000.0 ev/sec
Event 7000 Completed  7000 events  realTime=2 sec  3500.0 ev/sec
Event 8000 Completed  8000 events  realTime=2 sec  4000.0 ev/sec
Event 9000 Completed  9000 events  realTime=2 sec  4500.0 ev/sec
Event 10000 Completed  10000 events  realTime=3 sec  3333.3 ev/sec
Event 11000 Completed  11000 events  realTime=3 sec  3666.7 ev/sec
Event 12000 Completed  12000 events  realTime=3 sec  4000.0 ev/sec
Event 13000 Completed  13000 events  realTime=3 sec  4333.3 ev/sec
Event 14000 Completed  14000 events  realTime=3 sec  4666.7 ev/sec
Event 15000 Completed  15000 events  realTime=4 sec  3750.0 ev/sec
Event 16000 Completed  16000 events  realTime=4 sec  4000.0 ev/sec
Event 17000 Completed  17000 events  realTime=4 sec  4250.0 ev/sec
Event 18000 Completed  18000 events  realTime=4 sec  4500.0 ev/sec
Event 19000 Completed  19000 events  realTime=4 sec  4750.0 ev/sec
Event 20000 Completed  20000 events  realTime=5 sec  4000.0 ev/sec
Event 21000 Completed  21000 events  realTime=5 sec  4200.0 ev/sec
Event 22000 Completed  22000 events  realTime=5 sec  4400.0 ev/sec
Event 23000 Completed  23000 events  realTime=5 sec  4600.0 ev/sec
Event 24000 Completed  24000 events  realTime=5 sec  4800.0 ev/sec
Event 25000 Completed  25000 events  realTime=6 sec  4166.7 ev/sec
Event 26000 Completed  26000 events  realTime=6 sec  4333.3 ev/sec
Event 27000 Completed  27000 events  realTime=6 sec  4500.0 ev/sec
Event 28000 Completed  28000 events  realTime=6 sec  4666.7 ev/sec
Event 29000 Completed  29000 events  realTime=6 sec  4833.3 ev/sec
Event 30000 Completed  30000 events  realTime=7 sec  4285.7 ev/sec
Event 31000 Completed  31000 events  realTime=7 sec  4428.6 ev/sec
Event 32000 Completed  32000 events  realTime=7 sec  4571.4 ev/sec
Event 33000 Completed  33000 events  realTime=7 sec  4714.3 ev/sec
Event 34000 Completed  34000 events  realTime=8 sec  4250.0 ev/sec
Event 35000 Completed  35000 events  realTime=8 sec  4375.0 ev/sec
Event 36000 Completed  36000 events  realTime=8 sec  4500.0 ev/sec
Event 37000 Completed  37000 events  realTime=8 sec  4625.0 ev/sec
Event 38000 Completed  38000 events  realTime=8 sec  4750.0 ev/sec
Event 39000 Completed  39000 events  realTime=9 sec  4333.3 ev/sec
Event 40000 Completed  40000 events  realTime=9 sec  4444.4 ev/sec
Event 41000 Completed  41000 events  realTime=9 sec  4555.6 ev/sec
Event 42000 Completed  42000 events  realTime=9 sec  4666.7 ev/sec
Event 43000 Completed  43000 events  realTime=9 sec  4777.8 ev/sec
Event 44000 Completed  44000 events  realTime=10 sec  4400.0 ev/sec
Event 45000 Completed  45000 events  realTime=10 sec  4500.0 ev/sec
Event 46000 Completed  46000 events  realTime=10 sec  4600.0 ev/sec
Event 47000 Completed  47000 events  realTime=10 sec  4700.0 ev/sec
Event 48000 Completed  48000 events  realTime=10 sec  4800.0 ev/sec
Event 49000 Completed  49000 events  realTime=11 sec  4454.5 ev/sec
Event 50000 Completed  50000 events  realTime=11 sec  4545.5 ev/sec
Event 51000 Completed  51000 events  realTime=11 sec  4636.4 ev/sec
Event 52000 Completed  52000 events  realTime=11 sec  4727.3 ev/sec
Event 53000 Completed  53000 events  realTime=11 sec  4818.2 ev/sec
Event 54000 Completed  54000 events  realTime=12 sec  4500.0 ev/sec
Event 55000 Completed  55000 events  realTime=12 sec  4583.3 ev/sec
Event 56000 Completed  56000 events  realTime=12 sec  4666.7 ev/sec
Event 57000 Completed  57000 events  realTime=12 sec  4750.0 ev/sec
Event 58000 Completed  58000 events  realTime=12 sec  4833.3 ev/sec
Event 59000 Completed  59000 events  realTime=13 sec  4538.5 ev/sec
Event 60000 Completed  60000 events  realTime=13 sec  4615.4 ev/sec
Event 61000 Completed  61000 events  realTime=13 sec  4692.3 ev/sec
Event 62000 Completed  62000 events  realTime=13 sec  4769.2 ev/sec
Event 63000 Completed  63000 events  realTime=13 sec  4846.2 ev/sec
Event 64000 Completed  64000 events  realTime=14 sec  4571.4 ev/sec
Event 65000 Completed  65000 events  realTime=14 sec  4642.9 ev/sec
Event 66000 Completed  66000 events  realTime=14 sec  4714.3 ev/sec
Event 67000 Completed  67000 events  realTime=14 sec  4785.7 ev/sec
Event 68000 Completed  68000 events  realTime=14 sec  4857.1 ev/sec
Event 69000 Completed  69000 events  realTime=15 sec  4600.0 ev/sec
Event 70000 Completed  70000 events  realTime=15 sec  4666.7 ev/sec
Event 71000 Completed  71000 events  realTime=15 sec  4733.3 ev/sec
Event 72000 Completed  72000 events  realTime=15 sec  4800.0 ev/sec
Event 73000 Completed  73000 events  realTime=16 sec  4562.5 ev/sec
Event 74000 Completed  74000 events  realTime=16 sec  4625.0 ev/sec
Event 75000 Completed  75000 events  realTime=16 sec  4687.5 ev/sec
Event 76000 Completed  76000 events  realTime=16 sec  4750.0 ev/sec
Event 77000 Completed  77000 events  realTime=16 sec  4812.5 ev/sec
Event 78000 Completed  78000 events  realTime=17 sec  4588.2 ev/sec
Event 79000 Completed  79000 events  realTime=17 sec  4647.1 ev/sec
Event 80000 Completed  80000 events  realTime=17 sec  4705.9 ev/sec
Event 81000 Completed  81000 events  realTime=17 sec  4764.7 ev/sec
Event 82000 Completed  82000 events  realTime=17 sec  4823.5 ev/sec
Event 83000 Completed  83000 events  realTime=18 sec  4611.1 ev/sec
Event 84000 Completed  84000 events  realTime=18 sec  4666.7 ev/sec
Event 85000 Completed  85000 events  realTime=18 sec  4722.2 ev/sec
Event 86000 Completed  86000 events  realTime=18 sec  4777.8 ev/sec
Event 87000 Completed  87000 events  realTime=18 sec  4833.3 ev/sec
Event 88000 Completed  88000 events  realTime=19 sec  4631.6 ev/sec
Event 89000 Completed  89000 events  realTime=19 sec  4684.2 ev/sec
Event 90000 Completed  90000 events  realTime=19 sec  4736.8 ev/sec
Event 91000 Completed  91000 events  realTime=19 sec  4789.5 ev/sec
Event 92000 Completed  92000 events  realTime=19 sec  4842.1 ev/sec
Event 93000 Completed  93000 events  realTime=20 sec  4650.0 ev/sec
Event 94000 Completed  94000 events  realTime=20 sec  4700.0 ev/sec
Event 95000 Completed  95000 events  realTime=20 sec  4750.0 ev/sec
Event 96000 Completed  96000 events  realTime=20 sec  4800.0 ev/sec
Event 97000 Completed  97000 events  realTime=20 sec  4850.0 ev/sec
Event 98000 Completed  98000 events  realTime=21 sec  4666.7 ev/sec
Event 99000 Completed  99000 events  realTime=21 sec  4714.3 ev/sec
Event 100000 Completed  100000 events  realTime=21 sec  4761.9 ev/sec
Event 101000 Completed  101000 events  realTime=21 sec  4809.5 ev/sec
Event 102000 Completed  102000 events  realTime=21 sec  4857.1 ev/sec
Event 103000 Completed  103000 events  realTime=22 sec  4681.8 ev/sec
Event 104000 Completed  104000 events  realTime=22 sec  4727.3 ev/sec
Event 105000 Completed  105000 events  realTime=22 sec  4772.7 ev/sec
Event 106000 Completed  106000 events  realTime=22 sec  4818.2 ev/sec
Event 107000 Completed  107000 events  realTime=22 sec  4863.6 ev/sec
Event 108000 Completed  108000 events  realTime=23 sec  4695.7 ev/sec
Event 109000 Completed  109000 events  realTime=23 sec  4739.1 ev/sec
Event 110000 Completed  110000 events  realTime=23 sec  4782.6 ev/sec
Event 111000 Completed  111000 events  realTime=23 sec  4826.1 ev/sec
Event 112000 Completed  112000 events  realTime=23 sec  4869.6 ev/sec
Event 113000 Completed  113000 events  realTime=24 sec  4708.3 ev/sec
Event 114000 Completed  114000 events  realTime=24 sec  4750.0 ev/sec
Event 115000 Completed  115000 events  realTime=24 sec  4791.7 ev/sec
Event 116000 Completed  116000 events  realTime=24 sec  4833.3 ev/sec
Event 117000 Completed  117000 events  realTime=24 sec  4875.0 ev/sec
Event 118000 Completed  118000 events  realTime=25 sec  4720.0 ev/sec
Event 119000 Completed  119000 events  realTime=25 sec  4760.0 ev/sec
Event 120000 Completed  120000 events  realTime=25 sec  4800.0 ev/sec
Event 121000 Completed  121000 events  realTime=25 sec  4840.0 ev/sec
Event 122000 Completed  122000 events  realTime=25 sec  4880.0 ev/sec
Event 123000 Completed  123000 events  realTime=26 sec  4730.8 ev/sec
Event 124000 Completed  124000 events  realTime=26 sec  4769.2 ev/sec
Event 125000 Completed  125000 events  realTime=26 sec  4807.7 ev/sec
Event 126000 Completed  126000 events  realTime=26 sec  4846.2 ev/sec
Event 127000 Completed  127000 events  realTime=27 sec  4703.7 ev/sec
Event 128000 Completed  128000 events  realTime=27 sec  4740.7 ev/sec
Event 129000 Completed  129000 events  realTime=27 sec  4777.8 ev/sec
Event 130000 Completed  130000 events  realTime=27 sec  4814.8 ev/sec
Event 131000 Completed  131000 events  realTime=27 sec  4851.9 ev/sec
Event 132000 Completed  132000 events  realTime=28 sec  4714.3 ev/sec
Event 133000 Completed  133000 events  realTime=28 sec  4750.0 ev/sec
Event 134000 Completed  134000 events  realTime=28 sec  4785.7 ev/sec
Event 135000 Completed  135000 events  realTime=28 sec  4821.4 ev/sec
Event 136000 Completed  136000 events  realTime=28 sec  4857.1 ev/sec
Event 137000 Completed  137000 events  realTime=29 sec  4724.1 ev/sec
Event 138000 Completed  138000 events  realTime=29 sec  4758.6 ev/sec
Event 139000 Completed  139000 events  realTime=29 sec  4793.1 ev/sec
Event 140000 Completed  140000 events  realTime=29 sec  4827.6 ev/sec
Event 141000 Completed  141000 events  realTime=29 sec  4862.1 ev/sec
Event 142000 Completed  142000 events  realTime=30 sec  4733.3 ev/sec
Event 143000 Completed  143000 events  realTime=30 sec  4766.7 ev/sec
Event 144000 Completed  144000 events  realTime=30 sec  4800.0 ev/sec
Event 145000 Completed  145000 events  realTime=30 sec  4833.3 ev/sec
Event 146000 Completed  146000 events  realTime=30 sec  4866.7 ev/sec
Event 147000 Completed  147000 events  realTime=31 sec  4741.9 ev/sec
Event 148000 Completed  148000 events  realTime=31 sec  4774.2 ev/sec
Event 149000 Completed  149000 events  realTime=31 sec  4806.5 ev/sec
Event 150000 Completed  150000 events  realTime=31 sec  4838.7 ev/sec
Event 151000 Completed  151000 events  realTime=31 sec  4871.0 ev/sec
Event 152000 Completed  152000 events  realTime=32 sec  4750.0 ev/sec
Event 153000 Completed  153000 events  realTime=32 sec  4781.3 ev/sec
Event 154000 Completed  154000 events  realTime=32 sec  4812.5 ev/sec
Event 155000 Completed  155000 events  realTime=32 sec  4843.8 ev/sec
Event 156000 Completed  156000 events  realTime=32 sec  4875.0 ev/sec
Event 157000 Completed  157000 events  realTime=33 sec  4757.6 ev/sec
Event 158000 Completed  158000 events  realTime=33 sec  4787.9 ev/sec
Event 159000 Completed  159000 events  realTime=33 sec  4818.2 ev/sec
Event 160000 Completed  160000 events  realTime=33 sec  4848.5 ev/sec
Event 161000 Completed  161000 events  realTime=33 sec  4878.8 ev/sec
Event 162000 Completed  162000 events  realTime=34 sec  4764.7 ev/sec
Event 163000 Completed  163000 events  realTime=34 sec  4794.1 ev/sec
Event 164000 Completed  164000 events  realTime=34 sec  4823.5 ev/sec
Event 165000 Completed  165000 events  realTime=34 sec  4852.9 ev/sec
Event 166000 Completed  166000 events  realTime=34 sec  4882.4 ev/sec
Event 167000 Completed  167000 events  realTime=35 sec  4771.4 ev/sec
Event 168000 Completed  168000 events  realTime=35 sec  4800.0 ev/sec
Event 169000 Completed  169000 events  realTime=35 sec  4828.6 ev/sec
Event 170000 Completed  170000 events  realTime=35 sec  4857.1 ev/sec
Event 171000 Completed  171000 events  realTime=35 sec  4885.7 ev/sec
Event 172000 Completed  172000 events  realTime=36 sec  4777.8 ev/sec
Event 173000 Completed  173000 events  realTime=36 sec  4805.6 ev/sec
Event 174000 Completed  174000 events  realTime=36 sec  4833.3 ev/sec
Event 175000 Completed  175000 events  realTime=36 sec  4861.1 ev/sec
Event 176000 Completed  176000 events  realTime=36 sec  4888.9 ev/sec
Event 177000 Completed  177000 events  realTime=37 sec  4783.8 ev/sec
Event 178000 Completed  178000 events  realTime=37 sec  4810.8 ev/sec
Event 179000 Completed  179000 events  realTime=37 sec  4837.8 ev/sec
Event 180000 Completed  180000 events  realTime=37 sec  4864.9 ev/sec
Event 181000 Completed  181000 events  realTime=38 sec  4763.2 ev/sec
Event 182000 Completed  182000 events  realTime=38 sec  4789.5 ev/sec
Event 183000 Completed  183000 events  realTime=38 sec  4815.8 ev/sec
Event 184000 Completed  184000 events  realTime=38 sec  4842.1 ev/sec
Event 185000 Completed  185000 events  realTime=38 sec  4868.4 ev/sec
Event 186000 Completed  186000 events  realTime=39 sec  4769.2 ev/sec
Event 187000 Completed  187000 events  realTime=39 sec  4794.9 ev/sec
Event 188000 Completed  188000 events  realTime=39 sec  4820.5 ev/sec
Event 189000 Completed  189000 events  realTime=39 sec  4846.2 ev/sec
Event 190000 Completed  190000 events  realTime=39 sec  4871.8 ev/sec
Event 191000 Completed  191000 events  realTime=40 sec  4775.0 ev/sec
Event 192000 Completed  192000 events  realTime=40 sec  4800.0 ev/sec
Event 193000 Completed  193000 events  realTime=40 sec  4825.0 ev/sec
Event 194000 Completed  194000 events  realTime=40 sec  4850.0 ev/sec
Event 195000 Completed  195000 events  realTime=40 sec  4875.0 ev/sec
Event 196000 Completed  196000 events  realTime=41 sec  4780.5 ev/sec
Event 197000 Completed  197000 events  realTime=41 sec  4804.9 ev/sec
Event 198000 Completed  198000 events  realTime=41 sec  4829.3 ev/sec
Event 199000 Completed  199000 events  realTime=41 sec  4853.7 ev/sec
Event 200000 Completed  200000 events  realTime=41 sec  4878.0 ev/sec
Event 201000 Completed  201000 events  realTime=42 sec  4785.7 ev/sec
Event 202000 Completed  202000 events  realTime=42 sec  4809.5 ev/sec
Event 203000 Completed  203000 events  realTime=42 sec  4833.3 ev/sec
Event 204000 Completed  204000 events  realTime=42 sec  4857.1 ev/sec
Event 205000 Completed  205000 events  realTime=42 sec  4881.0 ev/sec
Event 206000 Completed  206000 events  realTime=43 sec  4790.7 ev/sec
Event 207000 Completed  207000 events  realTime=43 sec  4814.0 ev/sec
Event 208000 Completed  208000 events  realTime=43 sec  4837.2 ev/sec
Event 209000 Completed  209000 events  realTime=43 sec  4860.5 ev/sec
Event 210000 Completed  210000 events  realTime=43 sec  4883.7 ev/sec
Event 211000 Completed  211000 events  realTime=44 sec  4795.5 ev/sec
Event 212000 Completed  212000 events  realTime=44 sec  4818.2 ev/sec
Event 213000 Completed  213000 events  realTime=44 sec  4840.9 ev/sec
Event 214000 Completed  214000 events  realTime=44 sec  4863.6 ev/sec
Event 215000 Completed  215000 events  realTime=44 sec  4886.4 ev/sec
Event 216000 Completed  216000 events  realTime=45 sec  4800.0 ev/sec
Event 217000 Completed  217000 events  realTime=45 sec  4822.2 ev/sec
Event 218000 Completed  218000 events  realTime=45 sec  4844.4 ev/sec
Event 219000 Completed  219000 events  realTime=45 sec  4866.7 ev/sec
Event 220000 Completed  220000 events  realTime=45 sec  4888.9 ev/sec
Event 221000 Completed  221000 events  realTime=46 sec  4804.3 ev/sec
Event 222000 Completed  222000 events  realTime=46 sec  4826.1 ev/sec
Event 223000 Completed  223000 events  realTime=46 sec  4847.8 ev/sec
Event 224000 Completed  224000 events  realTime=46 sec  4869.6 ev/sec
Event 225000 Completed  225000 events  realTime=46 sec  4891.3 ev/sec
Event 226000 Completed  226000 events  realTime=47 sec  4808.5 ev/sec
Event 227000 Completed  227000 events  realTime=47 sec  4829.8 ev/sec
Event 228000 Completed  228000 events  realTime=47 sec  4851.1 ev/sec
Event 229000 Completed  229000 events  realTime=47 sec  4872.3 ev/sec
Event 230000 Completed  230000 events  realTime=47 sec  4893.6 ev/sec
Event 231000 Completed  231000 events  realTime=48 sec  4812.5 ev/sec
Event 232000 Completed  232000 events  realTime=48 sec  4833.3 ev/sec
Event 233000 Completed  233000 events  realTime=48 sec  4854.2 ev/sec
Event 234000 Completed  234000 events  realTime=48 sec  4875.0 ev/sec
Event 235000 Completed  235000 events  realTime=48 sec  4895.8 ev/sec
Event 236000 Completed  236000 events  realTime=49 sec  4816.3 ev/sec
Event 237000 Completed  237000 events  realTime=49 sec  4836.7 ev/sec
Event 238000 Completed  238000 events  realTime=49 sec  4857.1 ev/sec
Event 239000 Completed  239000 events  realTime=49 sec  4877.6 ev/sec
Event 240000 Completed  240000 events  realTime=49 sec  4898.0 ev/sec
Event 241000 Completed  241000 events  realTime=50 sec  4820.0 ev/sec
Event 242000 Completed  242000 events  realTime=50 sec  4840.0 ev/sec
Event 243000 Completed  243000 events  realTime=50 sec  4860.0 ev/sec
Event 244000 Completed  244000 events  realTime=50 sec  4880.0 ev/sec
Event 245000 Completed  245000 events  realTime=50 sec  4900.0 ev/sec
Event 246000 Completed  246000 events  realTime=51 sec  4823.5 ev/sec
Event 247000 Completed  247000 events  realTime=51 sec  4843.1 ev/sec
Event 248000 Completed  248000 events  realTime=51 sec  4862.7 ev/sec
Event 249000 Completed  249000 events  realTime=51 sec  4882.4 ev/sec
Event 250000 Completed  250000 events  realTime=52 sec  4807.7 ev/sec
Event 251000 Completed  251000 events  realTime=52 sec  4826.9 ev/sec
Event 252000 Completed  252000 events  realTime=52 sec  4846.2 ev/sec
Event 253000 Completed  253000 events  realTime=52 sec  4865.4 ev/sec
Event 254000 Completed  254000 events  realTime=52 sec  4884.6 ev/sec
Event 255000 Completed  255000 events  realTime=53 sec  4811.3 ev/sec
Event 256000 Completed  256000 events  realTime=53 sec  4830.2 ev/sec
Event 257000 Completed  257000 events  realTime=53 sec  4849.1 ev/sec
Event 258000 Completed  258000 events  realTime=53 sec  4867.9 ev/sec
Event 259000 Completed  259000 events  realTime=53 sec  4886.8 ev/sec
Event 260000 Completed  260000 events  realTime=54 sec  4814.8 ev/sec
Event 261000 Completed  261000 events  realTime=54 sec  4833.3 ev/sec
Event 262000 Completed  262000 events  realTime=54 sec  4851.9 ev/sec
Event 263000 Completed  263000 events  realTime=54 sec  4870.4 ev/sec
Event 264000 Completed  264000 events  realTime=54 sec  4888.9 ev/sec
Event 265000 Completed  265000 events  realTime=55 sec  4818.2 ev/sec
Event 266000 Completed  266000 events  realTime=55 sec  4836.4 ev/sec
Event 267000 Completed  267000 events  realTime=55 sec  4854.5 ev/sec
Event 268000 Completed  268000 events  realTime=55 sec  4872.7 ev/sec
Event 269000 Completed  269000 events  realTime=55 sec  4890.9 ev/sec
Event 270000 Completed  270000 events  realTime=56 sec  4821.4 ev/sec
Event 271000 Completed  271000 events  realTime=56 sec  4839.3 ev/sec
Event 272000 Completed  272000 events  realTime=56 sec  4857.1 ev/sec
Event 273000 Completed  273000 events  realTime=56 sec  4875.0 ev/sec
Event 274000 Completed  274000 events  realTime=57 sec  4807.0 ev/sec
Event 275000 Completed  275000 events  realTime=57 sec  4824.6 ev/sec
Event 276000 Completed  276000 events  realTime=57 sec  4842.1 ev/sec
Event 277000 Completed  277000 events  realTime=57 sec  4859.6 ev/sec
Event 278000 Completed  278000 events  realTime=58 sec  4793.1 ev/sec
Event 279000 Completed  279000 events  realTime=58 sec  4810.3 ev/sec
Event 280000 Completed  280000 events  realTime=58 sec  4827.6 ev/sec
Event 281000 Completed  281000 events  realTime=58 sec  4844.8 ev/sec
Event 282000 Completed  282000 events  realTime=58 sec  4862.1 ev/sec
Event 283000 Completed  283000 events  realTime=59 sec  4796.6 ev/sec
Event 284000 Completed  284000 events  realTime=59 sec  4813.6 ev/sec
Event 285000 Completed  285000 events  realTime=59 sec  4830.5 ev/sec
Event 286000 Completed  286000 events  realTime=59 sec  4847.5 ev/sec
Event 287000 Completed  287000 events  realTime=59 sec  4864.4 ev/sec
Event 288000 Completed  288000 events  realTime=60 sec  4800.0 ev/sec
Event 289000 Completed  289000 events  realTime=60 sec  4816.7 ev/sec
Event 290000 Completed  290000 events  realTime=60 sec  4833.3 ev/sec
Event 291000 Completed  291000 events  realTime=60 sec  4850.0 ev/sec
Event 292000 Completed  292000 events  realTime=60 sec  4866.7 ev/sec
Event 293000 Completed  293000 events  realTime=61 sec  4803.3 ev/sec
Event 294000 Completed  294000 events  realTime=61 sec  4819.7 ev/sec
Event 295000 Completed  295000 events  realTime=61 sec  4836.1 ev/sec
Event 296000 Completed  296000 events  realTime=61 sec  4852.5 ev/sec
Event 297000 Completed  297000 events  realTime=61 sec  4868.9 ev/sec
Event 298000 Completed  298000 events  realTime=62 sec  4806.5 ev/sec
Event 299000 Completed  299000 events  realTime=62 sec  4822.6 ev/sec
Event 300000 Completed  300000 events  realTime=62 sec  4838.7 ev/sec
Event 301000 Completed  301000 events  realTime=62 sec  4854.8 ev/sec
Event 302000 Completed  302000 events  realTime=62 sec  4871.0 ev/sec
Event 303000 Completed  303000 events  realTime=63 sec  4809.5 ev/sec
Event 304000 Completed  304000 events  realTime=63 sec  4825.4 ev/sec
Event 305000 Completed  305000 events  realTime=63 sec  4841.3 ev/sec
Event 306000 Completed  306000 events  realTime=63 sec  4857.1 ev/sec
Event 307000 Completed  307000 events  realTime=63 sec  4873.0 ev/sec
Event 308000 Completed  308000 events  realTime=64 sec  4812.5 ev/sec
Event 309000 Completed  309000 events  realTime=64 sec  4828.1 ev/sec
Event 310000 Completed  310000 events  realTime=64 sec  4843.8 ev/sec
Event 311000 Completed  311000 events  realTime=64 sec  4859.4 ev/sec
Event 312000 Completed  312000 events  realTime=64 sec  4875.0 ev/sec
Event 313000 Completed  313000 events  realTime=65 sec  4815.4 ev/sec
Event 314000 Completed  314000 events  realTime=65 sec  4830.8 ev/sec
Event 315000 Completed  315000 events  realTime=65 sec  4846.2 ev/sec
Event 316000 Completed  316000 events  realTime=65 sec  4861.5 ev/sec
Event 317000 Completed  317000 events  realTime=65 sec  4876.9 ev/sec
Event 318000 Completed  318000 events  realTime=66 sec  4818.2 ev/sec
Event 319000 Completed  319000 events  realTime=66 sec  4833.3 ev/sec
Event 320000 Completed  320000 events  realTime=66 sec  4848.5 ev/sec
Event 321000 Completed  321000 events  realTime=66 sec  4863.6 ev/sec
Event 322000 Completed  322000 events  realTime=66 sec  4878.8 ev/sec
Event 323000 Completed  323000 events  realTime=67 sec  4820.9 ev/sec
Event 324000 Completed  324000 events  realTime=67 sec  4835.8 ev/sec
Event 325000 Completed  325000 events  realTime=67 sec  4850.7 ev/sec
Event 326000 Completed  326000 events  realTime=67 sec  4865.7 ev/sec
Event 327000 Completed  327000 events  realTime=68 sec  4808.8 ev/sec
Event 328000 Completed  328000 events  realTime=68 sec  4823.5 ev/sec
Event 329000 Completed  329000 events  realTime=68 sec  4838.2 ev/sec
Event 330000 Completed  330000 events  realTime=68 sec  4852.9 ev/sec
Event 331000 Completed  331000 events  realTime=68 sec  4867.6 ev/sec
Event 332000 Completed  332000 events  realTime=69 sec  4811.6 ev/sec
Event 333000 Completed  333000 events  realTime=69 sec  4826.1 ev/sec
Event 334000 Completed  334000 events  realTime=69 sec  4840.6 ev/sec
Event 335000 Completed  335000 events  realTime=69 sec  4855.1 ev/sec
Event 336000 Completed  336000 events  realTime=69 sec  4869.6 ev/sec
Event 337000 Completed  337000 events  realTime=70 sec  4814.3 ev/sec
Event 338000 Completed  338000 events  realTime=70 sec  4828.6 ev/sec
Event 339000 Completed  339000 events  realTime=70 sec  4842.9 ev/sec
Event 340000 Completed  340000 events  realTime=70 sec  4857.1 ev/sec
Event 341000 Completed  341000 events  realTime=70 sec  4871.4 ev/sec
Event 342000 Completed  342000 events  realTime=71 sec  4816.9 ev/sec
Event 343000 Completed  343000 events  realTime=71 sec  4831.0 ev/sec
Event 344000 Completed  344000 events  realTime=71 sec  4845.1 ev/sec
Event 345000 Completed  345000 events  realTime=71 sec  4859.2 ev/sec
Event 346000 Completed  346000 events  realTime=71 sec  4873.2 ev/sec
Event 347000 Completed  347000 events  realTime=72 sec  4819.4 ev/sec
Event 348000 Completed  348000 events  realTime=72 sec  4833.3 ev/sec
Event 349000 Completed  349000 events  realTime=72 sec  4847.2 ev/sec
Event 350000 Completed  350000 events  realTime=72 sec  4861.1 ev/sec
Event 351000 Completed  351000 events  realTime=72 sec  4875.0 ev/sec
Event 352000 Completed  352000 events  realTime=73 sec  4821.9 ev/sec
Event 353000 Completed  353000 events  realTime=73 sec  4835.6 ev/sec
Event 354000 Completed  354000 events  realTime=73 sec  4849.3 ev/sec
Event 355000 Completed  355000 events  realTime=73 sec  4863.0 ev/sec
Event 356000 Completed  356000 events  realTime=73 sec  4876.7 ev/sec
Event 357000 Completed  357000 events  realTime=74 sec  4824.3 ev/sec
Event 358000 Completed  358000 events  realTime=74 sec  4837.8 ev/sec
Event 359000 Completed  359000 events  realTime=74 sec  4851.4 ev/sec
Event 360000 Completed  360000 events  realTime=74 sec  4864.9 ev/sec
Event 361000 Completed  361000 events  realTime=74 sec  4878.4 ev/sec
Event 362000 Completed  362000 events  realTime=75 sec  4826.7 ev/sec
Event 363000 Completed  363000 events  realTime=75 sec  4840.0 ev/sec
Event 364000 Completed  364000 events  realTime=75 sec  4853.3 ev/sec
Event 365000 Completed  365000 events  realTime=75 sec  4866.7 ev/sec
Event 366000 Completed  366000 events  realTime=75 sec  4880.0 ev/sec
Event 367000 Completed  367000 events  realTime=76 sec  4828.9 ev/sec
Event 368000 Completed  368000 events  realTime=76 sec  4842.1 ev/sec
Event 369000 Completed  369000 events  realTime=76 sec  4855.3 ev/sec
Event 370000 Completed  370000 events  realTime=76 sec  4868.4 ev/sec
Event 371000 Completed  371000 events  realTime=76 sec  4881.6 ev/sec
Event 372000 Completed  372000 events  realTime=77 sec  4831.2 ev/sec
Event 373000 Completed  373000 events  realTime=77 sec  4844.2 ev/sec
Event 374000 Completed  374000 events  realTime=77 sec  4857.1 ev/sec
Event 375000 Completed  375000 events  realTime=77 sec  4870.1 ev/sec
Event 376000 Completed  376000 events  realTime=77 sec  4883.1 ev/sec
Event 377000 Completed  377000 events  realTime=78 sec  4833.3 ev/sec
Event 378000 Completed  378000 events  realTime=78 sec  4846.2 ev/sec
Event 379000 Completed  379000 events  realTime=78 sec  4859.0 ev/sec
Event 380000 Completed  380000 events  realTime=78 sec  4871.8 ev/sec
Event 381000 Completed  381000 events  realTime=78 sec  4884.6 ev/sec
Event 382000 Completed  382000 events  realTime=79 sec  4835.4 ev/sec
Event 383000 Completed  383000 events  realTime=79 sec  4848.1 ev/sec
Event 384000 Completed  384000 events  realTime=79 sec  4860.8 ev/sec
Event 385000 Completed  385000 events  realTime=79 sec  4873.4 ev/sec
Event 386000 Completed  386000 events  realTime=79 sec  4886.1 ev/sec
Event 387000 Completed  387000 events  realTime=80 sec  4837.5 ev/sec
Event 388000 Completed  388000 events  realTime=80 sec  4850.0 ev/sec
Event 389000 Completed  389000 events  realTime=80 sec  4862.5 ev/sec
Event 390000 Completed  390000 events  realTime=80 sec  4875.0 ev/sec
Event 391000 Completed  391000 events  realTime=80 sec  4887.5 ev/sec
Event 392000 Completed  392000 events  realTime=81 sec  4839.5 ev/sec
Event 393000 Completed  393000 events  realTime=81 sec  4851.9 ev/sec
Event 394000 Completed  394000 events  realTime=81 sec  4864.2 ev/sec
Event 395000 Completed  395000 events  realTime=81 sec  4876.5 ev/sec
Event 396000 Completed  396000 events  realTime=82 sec  4829.3 ev/sec
Event 397000 Completed  397000 events  realTime=82 sec  4841.5 ev/sec
Event 398000 Completed  398000 events  realTime=82 sec  4853.7 ev/sec
Event 399000 Completed  399000 events  realTime=82 sec  4865.9 ev/sec
Event 400000 Completed  400000 events  realTime=82 sec  4878.0 ev/sec
Event 401000 Completed  401000 events  realTime=83 sec  4831.3 ev/sec
Event 402000 Completed  402000 events  realTime=83 sec  4843.4 ev/sec
Event 403000 Completed  403000 events  realTime=83 sec  4855.4 ev/sec
Event 404000 Completed  404000 events  realTime=83 sec  4867.5 ev/sec
Event 405000 Completed  405000 events  realTime=83 sec  4879.5 ev/sec
Event 406000 Completed  406000 events  realTime=84 sec  4833.3 ev/sec
Event 407000 Completed  407000 events  realTime=84 sec  4845.2 ev/sec
Event 408000 Completed  408000 events  realTime=84 sec  4857.1 ev/sec
Event 409000 Completed  409000 events  realTime=84 sec  4869.0 ev/sec
Event 410000 Completed  410000 events  realTime=84 sec  4881.0 ev/sec
Event 411000 Completed  411000 events  realTime=85 sec  4835.3 ev/sec
Event 412000 Completed  412000 events  realTime=85 sec  4847.1 ev/sec
Event 413000 Completed  413000 events  realTime=85 sec  4858.8 ev/sec
Event 414000 Completed  414000 events  realTime=85 sec  4870.6 ev/sec
Event 415000 Completed  415000 events  realTime=85 sec  4882.4 ev/sec
Event 416000 Completed  416000 events  realTime=86 sec  4837.2 ev/sec
Event 417000 Completed  417000 events  realTime=86 sec  4848.8 ev/sec
Event 418000 Completed  418000 events  realTime=86 sec  4860.5 ev/sec
Event 419000 Completed  419000 events  realTime=86 sec  4872.1 ev/sec
Event 420000 Completed  420000 events  realTime=86 sec  4883.7 ev/sec
Event 421000 Completed  421000 events  realTime=87 sec  4839.1 ev/sec
Event 422000 Completed  422000 events  realTime=87 sec  4850.6 ev/sec
Event 423000 Completed  423000 events  realTime=87 sec  4862.1 ev/sec
Event 424000 Completed  424000 events  realTime=87 sec  4873.6 ev/sec
Event 425000 Completed  425000 events  realTime=87 sec  4885.1 ev/sec
Event 426000 Completed  426000 events  realTime=88 sec  4840.9 ev/sec
Event 427000 Completed  427000 events  realTime=88 sec  4852.3 ev/sec
Event 428000 Completed  428000 events  realTime=88 sec  4863.6 ev/sec
Event 429000 Completed  429000 events  realTime=88 sec  4875.0 ev/sec
Event 430000 Completed  430000 events  realTime=88 sec  4886.4 ev/sec
Event 431000 Completed  431000 events  realTime=89 sec  4842.7 ev/sec
Event 432000 Completed  432000 events  realTime=89 sec  4853.9 ev/sec
Event 433000 Completed  433000 events  realTime=89 sec  4865.2 ev/sec
Event 434000 Completed  434000 events  realTime=89 sec  4876.4 ev/sec
Event 435000 Completed  435000 events  realTime=89 sec  4887.6 ev/sec
Event 436000 Completed  436000 events  realTime=90 sec  4844.4 ev/sec
Event 437000 Completed  437000 events  realTime=90 sec  4855.6 ev/sec
Event 438000 Completed  438000 events  realTime=90 sec  4866.7 ev/sec
Event 439000 Completed  439000 events  realTime=90 sec  4877.8 ev/sec
Event 440000 Completed  440000 events  realTime=90 sec  4888.9 ev/sec
Event 441000 Completed  441000 events  realTime=91 sec  4846.2 ev/sec
Event 442000 Completed  442000 events  realTime=91 sec  4857.1 ev/sec
Event 443000 Completed  443000 events  realTime=91 sec  4868.1 ev/sec
Event 444000 Completed  444000 events  realTime=91 sec  4879.1 ev/sec
Event 445000 Completed  445000 events  realTime=91 sec  4890.1 ev/sec
Event 446000 Completed  446000 events  realTime=92 sec  4847.8 ev/sec
Event 447000 Completed  447000 events  realTime=92 sec  4858.7 ev/sec
Event 448000 Completed  448000 events  realTime=92 sec  4869.6 ev/sec
Event 449000 Completed  449000 events  realTime=92 sec  4880.4 ev/sec
Event 450000 Completed  450000 events  realTime=92 sec  4891.3 ev/sec
Event 451000 Completed  451000 events  realTime=93 sec  4849.5 ev/sec
Event 452000 Completed  452000 events  realTime=93 sec  4860.2 ev/sec
Event 453000 Completed  453000 events  realTime=93 sec  4871.0 ev/sec
Event 454000 Completed  454000 events  realTime=93 sec  4881.7 ev/sec
Event 455000 Completed  455000 events  realTime=93 sec  4892.5 ev/sec
Event 456000 Completed  456000 events  realTime=94 sec  4851.1 ev/sec
Event 457000 Completed  457000 events  realTime=94 sec  4861.7 ev/sec
Event 458000 Completed  458000 events  realTime=94 sec  4872.3 ev/sec
Event 459000 Completed  459000 events  realTime=94 sec  4883.0 ev/sec
Event 460000 Completed  460000 events  realTime=94 sec  4893.6 ev/sec
Event 461000 Completed  461000 events  realTime=95 sec  4852.6 ev/sec
Event 462000 Completed  462000 events  realTime=95 sec  4863.2 ev/sec
Event 463000 Completed  463000 events  realTime=95 sec  4873.7 ev/sec
Event 464000 Completed  464000 events  realTime=95 sec  4884.2 ev/sec
Event 465000 Completed  465000 events  realTime=95 sec  4894.7 ev/sec
Event 466000 Completed  466000 events  realTime=96 sec  4854.2 ev/sec
Event 467000 Completed  467000 events  realTime=96 sec  4864.6 ev/sec
Event 468000 Completed  468000 events  realTime=96 sec  4875.0 ev/sec
Event 469000 Completed  469000 events  realTime=96 sec  4885.4 ev/sec
Event 470000 Completed  470000 events  realTime=96 sec  4895.8 ev/sec
Event 471000 Completed  471000 events  realTime=97 sec  4855.7 ev/sec
Event 472000 Completed  472000 events  realTime=97 sec  4866.0 ev/sec
Event 473000 Completed  473000 events  realTime=97 sec  4876.3 ev/sec
Event 474000 Completed  474000 events  realTime=97 sec  4886.6 ev/sec
Event 475000 Completed  475000 events  realTime=97 sec  4896.9 ev/sec
Event 476000 Completed  476000 events  realTime=98 sec  4857.1 ev/sec
Event 477000 Completed  477000 events  realTime=98 sec  4867.3 ev/sec
Event 478000 Completed  478000 events  realTime=98 sec  4877.6 ev/sec
Event 479000 Completed  479000 events  realTime=98 sec  4887.8 ev/sec
Event 480000 Completed  480000 events  realTime=98 sec  4898.0 ev/sec
Event 481000 Completed  481000 events  realTime=99 sec  4858.6 ev/sec
Event 482000 Completed  482000 events  realTime=99 sec  4868.7 ev/sec
Event 483000 Completed  483000 events  realTime=99 sec  4878.8 ev/sec
Event 484000 Completed  484000 events  realTime=99 sec  4888.9 ev/sec
Event 485000 Completed  485000 events  realTime=99 sec  4899.0 ev/sec
Event 486000 Completed  486000 events  realTime=100 sec  4860.0 ev/sec
Event 487000 Completed  487000 events  realTime=100 sec  4870.0 ev/sec
Event 488000 Completed  488000 events  realTime=100 sec  4880.0 ev/sec
Event 489000 Completed  489000 events  realTime=100 sec  4890.0 ev/sec
Event 490000 Completed  490000 events  realTime=100 sec  4900.0 ev/sec
Event 491000 Completed  491000 events  realTime=101 sec  4861.4 ev/sec
Event 492000 Completed  492000 events  realTime=101 sec  4871.3 ev/sec
Event 493000 Completed  493000 events  realTime=101 sec  4881.2 ev/sec
Event 494000 Completed  494000 events  realTime=101 sec  4891.1 ev/sec
Event 495000 Completed  495000 events  realTime=102 sec  4852.9 ev/sec
Event 496000 Completed  496000 events  realTime=102 sec  4862.7 ev/sec
Event 497000 Completed  497000 events  realTime=102 sec  4872.5 ev/sec
Event 498000 Completed  498000 events  realTime=102 sec  4882.4 ev/sec
Event 499000 Completed  499000 events  realTime=102 sec  4892.2 ev/sec
Event 500000 Completed  500000 events  realTime=103 sec  4854.4 ev/sec
Event 501000 Completed  501000 events  realTime=103 sec  4864.1 ev/sec
Event 502000 Completed  502000 events  realTime=103 sec  4873.8 ev/sec
Event 503000 Completed  503000 events  realTime=103 sec  4883.5 ev/sec
Event 504000 Completed  504000 events  realTime=103 sec  4893.2 ev/sec
Event 505000 Completed  505000 events  realTime=104 sec  4855.8 ev/sec
Event 506000 Completed  506000 events  realTime=104 sec  4865.4 ev/sec
Event 507000 Completed  507000 events  realTime=104 sec  4875.0 ev/sec
Event 508000 Completed  508000 events  realTime=104 sec  4884.6 ev/sec
Event 509000 Completed  509000 events  realTime=104 sec  4894.2 ev/sec
Event 510000 Completed  510000 events  realTime=105 sec  4857.1 ev/sec
Event 511000 Completed  511000 events  realTime=105 sec  4866.7 ev/sec
Event 512000 Completed  512000 events  realTime=105 sec  4876.2 ev/sec
Event 513000 Completed  513000 events  realTime=105 sec  4885.7 ev/sec
Event 514000 Completed  514000 events  realTime=105 sec  4895.2 ev/sec
Event 515000 Completed  515000 events  realTime=106 sec  4858.5 ev/sec
Event 516000 Completed  516000 events  realTime=106 sec  4867.9 ev/sec
Event 517000 Completed  517000 events  realTime=106 sec  4877.4 ev/sec
Event 518000 Completed  518000 events  realTime=106 sec  4886.8 ev/sec
Event 519000 Completed  519000 events  realTime=106 sec  4896.2 ev/sec
Event 520000 Completed  520000 events  realTime=107 sec  4859.8 ev/sec
Event 521000 Completed  521000 events  realTime=107 sec  4869.2 ev/sec
Event 522000 Completed  522000 events  realTime=107 sec  4878.5 ev/sec
Event 523000 Completed  523000 events  realTime=107 sec  4887.9 ev/sec
Event 524000 Completed  524000 events  realTime=107 sec  4897.2 ev/sec
Event 525000 Completed  525000 events  realTime=108 sec  4861.1 ev/sec
Event 526000 Completed  526000 events  realTime=108 sec  4870.4 ev/sec
Event 527000 Completed  527000 events  realTime=108 sec  4879.6 ev/sec
Event 528000 Completed  528000 events  realTime=108 sec  4888.9 ev/sec
Event 529000 Completed  529000 events  realTime=108 sec  4898.1 ev/sec
Event 530000 Completed  530000 events  realTime=109 sec  4862.4 ev/sec
Event 531000 Completed  531000 events  realTime=109 sec  4871.6 ev/sec
Event 532000 Completed  532000 events  realTime=109 sec  4880.7 ev/sec
Event 533000 Completed  533000 events  realTime=109 sec  4889.9 ev/sec
Event 534000 Completed  534000 events  realTime=109 sec  4899.1 ev/sec
Event 535000 Completed  535000 events  realTime=110 sec  4863.6 ev/sec
Event 536000 Completed  536000 events  realTime=110 sec  4872.7 ev/sec
Event 537000 Completed  537000 events  realTime=110 sec  4881.8 ev/sec
Event 538000 Completed  538000 events  realTime=110 sec  4890.9 ev/sec
Event 539000 Completed  539000 events  realTime=110 sec  4900.0 ev/sec
Event 540000 Completed  540000 events  realTime=111 sec  4864.9 ev/sec
Event 541000 Completed  541000 events  realTime=111 sec  4873.9 ev/sec
Event 542000 Completed  542000 events  realTime=111 sec  4882.9 ev/sec
Event 543000 Completed  543000 events  realTime=111 sec  4891.9 ev/sec
Event 544000 Completed  544000 events  realTime=111 sec  4900.9 ev/sec
Event 545000 Completed  545000 events  realTime=112 sec  4866.1 ev/sec
Event 546000 Completed  546000 events  realTime=112 sec  4875.0 ev/sec
Event 547000 Completed  547000 events  realTime=112 sec  4883.9 ev/sec
Event 548000 Completed  548000 events  realTime=112 sec  4892.9 ev/sec
Event 549000 Completed  549000 events  realTime=112 sec  4901.8 ev/sec
Event 550000 Completed  550000 events  realTime=113 sec  4867.3 ev/sec
Event 551000 Completed  551000 events  realTime=113 sec  4876.1 ev/sec
Event 552000 Completed  552000 events  realTime=113 sec  4885.0 ev/sec
Event 553000 Completed  553000 events  realTime=113 sec  4893.8 ev/sec
Event 554000 Completed  554000 events  realTime=113 sec  4902.7 ev/sec
Event 555000 Completed  555000 events  realTime=114 sec  4868.4 ev/sec
Event 556000 Completed  556000 events  realTime=114 sec  4877.2 ev/sec
Event 557000 Completed  557000 events  realTime=114 sec  4886.0 ev/sec
Event 558000 Completed  558000 events  realTime=114 sec  4894.7 ev/sec
Event 559000 Completed  559000 events  realTime=114 sec  4903.5 ev/sec
Event 560000 Completed  560000 events  realTime=115 sec  4869.6 ev/sec
Event 561000 Completed  561000 events  realTime=115 sec  4878.3 ev/sec
Event 562000 Completed  562000 events  realTime=115 sec  4887.0 ev/sec
Event 563000 Completed  563000 events  realTime=115 sec  4895.7 ev/sec
Event 564000 Completed  564000 events  realTime=115 sec  4904.3 ev/sec
Event 565000 Completed  565000 events  realTime=116 sec  4870.7 ev/sec
Event 566000 Completed  566000 events  realTime=116 sec  4879.3 ev/sec
Event 567000 Completed  567000 events  realTime=116 sec  4887.9 ev/sec
Event 568000 Completed  568000 events  realTime=116 sec  4896.6 ev/sec
Event 569000 Completed  569000 events  realTime=116 sec  4905.2 ev/sec
Event 570000 Completed  570000 events  realTime=117 sec  4871.8 ev/sec
Event 571000 Completed  571000 events  realTime=117 sec  4880.3 ev/sec
Event 572000 Completed  572000 events  realTime=117 sec  4888.9 ev/sec
Event 573000 Completed  573000 events  realTime=117 sec  4897.4 ev/sec
Event 574000 Completed  574000 events  realTime=117 sec  4906.0 ev/sec
Event 575000 Completed  575000 events  realTime=118 sec  4872.9 ev/sec
Event 576000 Completed  576000 events  realTime=118 sec  4881.4 ev/sec
Event 577000 Completed  577000 events  realTime=118 sec  4889.8 ev/sec
Event 578000 Completed  578000 events  realTime=118 sec  4898.3 ev/sec
Event 579000 Completed  579000 events  realTime=118 sec  4906.8 ev/sec
Event 580000 Completed  580000 events  realTime=119 sec  4873.9 ev/sec
Event 581000 Completed  581000 events  realTime=119 sec  4882.4 ev/sec
Event 582000 Completed  582000 events  realTime=119 sec  4890.8 ev/sec
Event 583000 Completed  583000 events  realTime=119 sec  4899.2 ev/sec
Event 584000 Completed  584000 events  realTime=120 sec  4866.7 ev/sec
Event 585000 Completed  585000 events  realTime=120 sec  4875.0 ev/sec
Event 586000 Completed  586000 events  realTime=120 sec  4883.3 ev/sec
Event 587000 Completed  587000 events  realTime=120 sec  4891.7 ev/sec
Event 588000 Completed  588000 events  realTime=120 sec  4900.0 ev/sec
Event 589000 Completed  589000 events  realTime=121 sec  4867.8 ev/sec
Event 590000 Completed  590000 events  realTime=121 sec  4876.0 ev/sec
Event 591000 Completed  591000 events  realTime=121 sec  4884.3 ev/sec
Event 592000 Completed  592000 events  realTime=121 sec  4892.6 ev/sec
Event 593000 Completed  593000 events  realTime=121 sec  4900.8 ev/sec
Event 594000 Completed  594000 events  realTime=122 sec  4868.9 ev/sec
Event 595000 Completed  595000 events  realTime=122 sec  4877.0 ev/sec
Event 596000 Completed  596000 events  realTime=122 sec  4885.2 ev/sec
Event 597000 Completed  597000 events  realTime=122 sec  4893.4 ev/sec
Event 598000 Completed  598000 events  realTime=122 sec  4901.6 ev/sec
Event 599000 Completed  599000 events  realTime=123 sec  4869.9 ev/sec
Event 600000 Completed  600000 events  realTime=123 sec  4878.0 ev/sec
Event 601000 Completed  601000 events  realTime=123 sec  4886.2 ev/sec
Event 602000 Completed  602000 events  realTime=123 sec  4894.3 ev/sec
Event 603000 Completed  603000 events  realTime=123 sec  4902.4 ev/sec
Event 604000 Completed  604000 events  realTime=124 sec  4871.0 ev/sec
Event 605000 Completed  605000 events  realTime=124 sec  4879.0 ev/sec
Event 606000 Completed  606000 events  realTime=124 sec  4887.1 ev/sec
Event 607000 Completed  607000 events  realTime=124 sec  4895.2 ev/sec
Event 608000 Completed  608000 events  realTime=124 sec  4903.2 ev/sec
Event 609000 Completed  609000 events  realTime=125 sec  4872.0 ev/sec
Event 610000 Completed  610000 events  realTime=125 sec  4880.0 ev/sec
Event 611000 Completed  611000 events  realTime=125 sec  4888.0 ev/sec
Event 612000 Completed  612000 events  realTime=125 sec  4896.0 ev/sec
Event 613000 Completed  613000 events  realTime=125 sec  4904.0 ev/sec
Event 614000 Completed  614000 events  realTime=126 sec  4873.0 ev/sec
Event 615000 Completed  615000 events  realTime=126 sec  4881.0 ev/sec
Event 616000 Completed  616000 events  realTime=126 sec  4888.9 ev/sec
Event 617000 Completed  617000 events  realTime=126 sec  4896.8 ev/sec
Event 618000 Completed  618000 events  realTime=126 sec  4904.8 ev/sec
Event 619000 Completed  619000 events  realTime=127 sec  4874.0 ev/sec
Event 620000 Completed  620000 events  realTime=127 sec  4881.9 ev/sec
Event 621000 Completed  621000 events  realTime=127 sec  4889.8 ev/sec
Event 622000 Completed  622000 events  realTime=127 sec  4897.6 ev/sec
Event 623000 Completed  623000 events  realTime=127 sec  4905.5 ev/sec
Event 624000 Completed  624000 events  realTime=128 sec  4875.0 ev/sec
Event 625000 Completed  625000 events  realTime=128 sec  4882.8 ev/sec
Event 626000 Completed  626000 events  realTime=128 sec  4890.6 ev/sec
Event 627000 Completed  627000 events  realTime=128 sec  4898.4 ev/sec
Event 628000 Completed  628000 events  realTime=128 sec  4906.3 ev/sec
Event 629000 Completed  629000 events  realTime=129 sec  4876.0 ev/sec
Event 630000 Completed  630000 events  realTime=129 sec  4883.7 ev/sec
Event 631000 Completed  631000 events  realTime=129 sec  4891.5 ev/sec
Event 632000 Completed  632000 events  realTime=129 sec  4899.2 ev/sec
Event 633000 Completed  633000 events  realTime=129 sec  4907.0 ev/sec
Event 634000 Completed  634000 events  realTime=130 sec  4876.9 ev/sec
Event 635000 Completed  635000 events  realTime=130 sec  4884.6 ev/sec
Event 636000 Completed  636000 events  realTime=130 sec  4892.3 ev/sec
Event 637000 Completed  637000 events  realTime=130 sec  4900.0 ev/sec
Event 638000 Completed  638000 events  realTime=130 sec  4907.7 ev/sec
Event 639000 Completed  639000 events  realTime=131 sec  4877.9 ev/sec
Event 640000 Completed  640000 events  realTime=131 sec  4885.5 ev/sec
Event 641000 Completed  641000 events  realTime=131 sec  4893.1 ev/sec
Event 642000 Completed  642000 events  realTime=131 sec  4900.8 ev/sec
Event 643000 Completed  643000 events  realTime=132 sec  4871.2 ev/sec
Event 644000 Completed  644000 events  realTime=132 sec  4878.8 ev/sec
Event 645000 Completed  645000 events  realTime=132 sec  4886.4 ev/sec
Event 646000 Completed  646000 events  realTime=132 sec  4893.9 ev/sec
Event 647000 Completed  647000 events  realTime=132 sec  4901.5 ev/sec
Event 648000 Completed  648000 events  realTime=133 sec  4872.2 ev/sec
Event 649000 Completed  649000 events  realTime=133 sec  4879.7 ev/sec
Event 650000 Completed  650000 events  realTime=133 sec  4887.2 ev/sec
Event 651000 Completed  651000 events  realTime=133 sec  4894.7 ev/sec
Event 652000 Completed  652000 events  realTime=133 sec  4902.3 ev/sec
Event 653000 Completed  653000 events  realTime=134 sec  4873.1 ev/sec
Event 654000 Completed  654000 events  realTime=134 sec  4880.6 ev/sec
Event 655000 Completed  655000 events  realTime=134 sec  4888.1 ev/sec
Event 656000 Completed  656000 events  realTime=134 sec  4895.5 ev/sec
Event 657000 Completed  657000 events  realTime=134 sec  4903.0 ev/sec
Event 658000 Completed  658000 events  realTime=135 sec  4874.1 ev/sec
Event 659000 Completed  659000 events  realTime=135 sec  4881.5 ev/sec
Event 660000 Completed  660000 events  realTime=135 sec  4888.9 ev/sec
Event 661000 Completed  661000 events  realTime=135 sec  4896.3 ev/sec
Event 662000 Completed  662000 events  realTime=135 sec  4903.7 ev/sec
Event 663000 Completed  663000 events  realTime=136 sec  4875.0 ev/sec
Event 664000 Completed  664000 events  realTime=136 sec  4882.4 ev/sec
Event 665000 Completed  665000 events  realTime=136 sec  4889.7 ev/sec
Event 666000 Completed  666000 events  realTime=136 sec  4897.1 ev/sec
Event 667000 Completed  667000 events  realTime=136 sec  4904.4 ev/sec
Event 668000 Completed  668000 events  realTime=137 sec  4875.9 ev/sec
Event 669000 Completed  669000 events  realTime=137 sec  4883.2 ev/sec
Event 670000 Completed  670000 events  realTime=137 sec  4890.5 ev/sec
Event 671000 Completed  671000 events  realTime=137 sec  4897.8 ev/sec
Event 672000 Completed  672000 events  realTime=137 sec  4905.1 ev/sec
Event 673000 Completed  673000 events  realTime=138 sec  4876.8 ev/sec
Event 674000 Completed  674000 events  realTime=138 sec  4884.1 ev/sec
Event 675000 Completed  675000 events  realTime=138 sec  4891.3 ev/sec
Event 676000 Completed  676000 events  realTime=138 sec  4898.6 ev/sec
Event 677000 Completed  677000 events  realTime=138 sec  4905.8 ev/sec
Event 678000 Completed  678000 events  realTime=139 sec  4877.7 ev/sec
Event 679000 Completed  679000 events  realTime=139 sec  4884.9 ev/sec
Event 680000 Completed  680000 events  realTime=139 sec  4892.1 ev/sec
Event 681000 Completed  681000 events  realTime=139 sec  4899.3 ev/sec
Event 682000 Completed  682000 events  realTime=139 sec  4906.5 ev/sec
Event 683000 Completed  683000 events  realTime=140 sec  4878.6 ev/sec
Event 684000 Completed  684000 events  realTime=140 sec  4885.7 ev/sec
Event 685000 Completed  685000 events  realTime=140 sec  4892.9 ev/sec
Event 686000 Completed  686000 events  realTime=140 sec  4900.0 ev/sec
Event 687000 Completed  687000 events  realTime=140 sec  4907.1 ev/sec
Event 688000 Completed  688000 events  realTime=141 sec  4879.4 ev/sec
Event 689000 Completed  689000 events  realTime=141 sec  4886.5 ev/sec
Event 690000 Completed  690000 events  realTime=141 sec  4893.6 ev/sec
Event 691000 Completed  691000 events  realTime=141 sec  4900.7 ev/sec
Event 692000 Completed  692000 events  realTime=141 sec  4907.8 ev/sec
Event 693000 Completed  693000 events  realTime=142 sec  4880.3 ev/sec
Event 694000 Completed  694000 events  realTime=142 sec  4887.3 ev/sec
Event 695000 Completed  695000 events  realTime=142 sec  4894.4 ev/sec
Event 696000 Completed  696000 events  realTime=142 sec  4901.4 ev/sec
Event 697000 Completed  697000 events  realTime=142 sec  4908.5 ev/sec
Event 698000 Completed  698000 events  realTime=143 sec  4881.1 ev/sec
Event 699000 Completed  699000 events  realTime=143 sec  4888.1 ev/sec
Event 700000 Completed  700000 events  realTime=143 sec  4895.1 ev/sec
Event 701000 Completed  701000 events  realTime=143 sec  4902.1 ev/sec
Event 702000 Completed  702000 events  realTime=143 sec  4909.1 ev/sec
Event 703000 Completed  703000 events  realTime=144 sec  4881.9 ev/sec
Event 704000 Completed  704000 events  realTime=144 sec  4888.9 ev/sec
Event 705000 Completed  705000 events  realTime=144 sec  4895.8 ev/sec
Event 706000 Completed  706000 events  realTime=144 sec  4902.8 ev/sec
Event 707000 Completed  707000 events  realTime=144 sec  4909.7 ev/sec
Event 708000 Completed  708000 events  realTime=145 sec  4882.8 ev/sec
Event 709000 Completed  709000 events  realTime=145 sec  4889.7 ev/sec
Event 710000 Completed  710000 events  realTime=145 sec  4896.6 ev/sec
Event 711000 Completed  711000 events  realTime=145 sec  4903.4 ev/sec
Event 712000 Completed  712000 events  realTime=145 sec  4910.3 ev/sec
Event 713000 Completed  713000 events  realTime=146 sec  4883.6 ev/sec
Event 714000 Completed  714000 events  realTime=146 sec  4890.4 ev/sec
Event 715000 Completed  715000 events  realTime=146 sec  4897.3 ev/sec
Event 716000 Completed  716000 events  realTime=146 sec  4904.1 ev/sec
Event 717000 Completed  717000 events  realTime=147 sec  4877.6 ev/sec
Event 718000 Completed  718000 events  realTime=147 sec  4884.4 ev/sec
Event 719000 Completed  719000 events  realTime=147 sec  4891.2 ev/sec
Event 720000 Completed  720000 events  realTime=147 sec  4898.0 ev/sec
Event 721000 Completed  721000 events  realTime=147 sec  4904.8 ev/sec
Event 722000 Completed  722000 events  realTime=148 sec  4878.4 ev/sec
Event 723000 Completed  723000 events  realTime=148 sec  4885.1 ev/sec
Event 724000 Completed  724000 events  realTime=148 sec  4891.9 ev/sec
Event 725000 Completed  725000 events  realTime=148 sec  4898.6 ev/sec
Event 726000 Completed  726000 events  realTime=148 sec  4905.4 ev/sec
Event 727000 Completed  727000 events  realTime=149 sec  4879.2 ev/sec
Event 728000 Completed  728000 events  realTime=149 sec  4885.9 ev/sec
Event 729000 Completed  729000 events  realTime=149 sec  4892.6 ev/sec
Event 730000 Completed  730000 events  realTime=149 sec  4899.3 ev/sec
Event 731000 Completed  731000 events  realTime=149 sec  4906.0 ev/sec
Event 732000 Completed  732000 events  realTime=150 sec  4880.0 ev/sec
Event 733000 Completed  733000 events  realTime=150 sec  4886.7 ev/sec
Event 734000 Completed  734000 events  realTime=150 sec  4893.3 ev/sec
Event 735000 Completed  735000 events  realTime=150 sec  4900.0 ev/sec
Event 736000 Completed  736000 events  realTime=150 sec  4906.7 ev/sec
Event 737000 Completed  737000 events  realTime=151 sec  4880.8 ev/sec
Event 738000 Completed  738000 events  realTime=151 sec  4887.4 ev/sec
Event 739000 Completed  739000 events  realTime=151 sec  4894.0 ev/sec
Event 740000 Completed  740000 events  realTime=151 sec  4900.7 ev/sec
Event 741000 Completed  741000 events  realTime=151 sec  4907.3 ev/sec
Event 742000 Completed  742000 events  realTime=152 sec  4881.6 ev/sec
Event 743000 Completed  743000 events  realTime=152 sec  4888.2 ev/sec
Event 744000 Completed  744000 events  realTime=152 sec  4894.7 ev/sec
Event 745000 Completed  745000 events  realTime=152 sec  4901.3 ev/sec
Event 746000 Completed  746000 events  realTime=152 sec  4907.9 ev/sec
Event 747000 Completed  747000 events  realTime=153 sec  4882.4 ev/sec
Event 748000 Completed  748000 events  realTime=153 sec  4888.9 ev/sec
Event 749000 Completed  749000 events  realTime=153 sec  4895.4 ev/sec
Event 750000 Completed  750000 events  realTime=153 sec  4902.0 ev/sec
Event 751000 Completed  751000 events  realTime=153 sec  4908.5 ev/sec
Event 752000 Completed  752000 events  realTime=154 sec  4883.1 ev/sec
Event 753000 Completed  753000 events  realTime=154 sec  4889.6 ev/sec
Event 754000 Completed  754000 events  realTime=154 sec  4896.1 ev/sec
Event 755000 Completed  755000 events  realTime=154 sec  4902.6 ev/sec
Event 756000 Completed  756000 events  realTime=154 sec  4909.1 ev/sec
Event 757000 Completed  757000 events  realTime=155 sec  4883.9 ev/sec
Event 758000 Completed  758000 events  realTime=155 sec  4890.3 ev/sec
Event 759000 Completed  759000 events  realTime=155 sec  4896.8 ev/sec
Event 760000 Completed  760000 events  realTime=155 sec  4903.2 ev/sec
Event 761000 Completed  761000 events  realTime=155 sec  4909.7 ev/sec
Event 762000 Completed  762000 events  realTime=156 sec  4884.6 ev/sec
Event 763000 Completed  763000 events  realTime=156 sec  4891.0 ev/sec
Event 764000 Completed  764000 events  realTime=156 sec  4897.4 ev/sec
Event 765000 Completed  765000 events  realTime=156 sec  4903.8 ev/sec
Event 766000 Completed  766000 events  realTime=156 sec  4910.3 ev/sec
Event 767000 Completed  767000 events  realTime=157 sec  4885.4 ev/sec
Event 768000 Completed  768000 events  realTime=157 sec  4891.7 ev/sec
Event 769000 Completed  769000 events  realTime=157 sec  4898.1 ev/sec
Event 770000 Completed  770000 events  realTime=157 sec  4904.5 ev/sec
Event 771000 Completed  771000 events  realTime=157 sec  4910.8 ev/sec
Event 772000 Completed  772000 events  realTime=158 sec  4886.1 ev/sec
Event 773000 Completed  773000 events  realTime=158 sec  4892.4 ev/sec
Event 774000 Completed  774000 events  realTime=158 sec  4898.7 ev/sec
Event 775000 Completed  775000 events  realTime=158 sec  4905.1 ev/sec
Event 776000 Completed  776000 events  realTime=159 sec  4880.5 ev/sec
Event 777000 Completed  777000 events  realTime=159 sec  4886.8 ev/sec
Event 778000 Completed  778000 events  realTime=159 sec  4893.1 ev/sec
Event 779000 Completed  779000 events  realTime=160 sec  4868.8 ev/sec
Event 780000 Completed  780000 events  realTime=160 sec  4875.0 ev/sec
Event 781000 Completed  781000 events  realTime=160 sec  4881.3 ev/sec
Event 782000 Completed  782000 events  realTime=160 sec  4887.5 ev/sec
Event 783000 Completed  783000 events  realTime=160 sec  4893.8 ev/sec
Event 784000 Completed  784000 events  realTime=161 sec  4869.6 ev/sec
Event 785000 Completed  785000 events  realTime=161 sec  4875.8 ev/sec
Event 786000 Completed  786000 events  realTime=161 sec  4882.0 ev/sec
Event 787000 Completed  787000 events  realTime=161 sec  4888.2 ev/sec
Event 788000 Completed  788000 events  realTime=162 sec  4864.2 ev/sec
Event 789000 Completed  789000 events  realTime=162 sec  4870.4 ev/sec
Event 790000 Completed  790000 events  realTime=162 sec  4876.5 ev/sec
Event 791000 Completed  791000 events  realTime=162 sec  4882.7 ev/sec
Event 792000 Completed  792000 events  realTime=162 sec  4888.9 ev/sec
Event 793000 Completed  793000 events  realTime=163 sec  4865.0 ev/sec
Event 794000 Completed  794000 events  realTime=163 sec  4871.2 ev/sec
Event 795000 Completed  795000 events  realTime=163 sec  4877.3 ev/sec
Event 796000 Completed  796000 events  realTime=163 sec  4883.4 ev/sec
Event 797000 Completed  797000 events  realTime=163 sec  4889.6 ev/sec
Event 798000 Completed  798000 events  realTime=164 sec  4865.9 ev/sec
Event 799000 Completed  799000 events  realTime=168 sec  4756.0 ev/sec
Event 800000 Completed  800000 events  realTime=168 sec  4761.9 ev/sec
Event 801000 Completed  801000 events  realTime=169 sec  4739.6 ev/sec
Event 802000 Completed  802000 events  realTime=169 sec  4745.6 ev/sec
Event 803000 Completed  803000 events  realTime=170 sec  4723.5 ev/sec
Event 804000 Completed  804000 events  realTime=170 sec  4729.4 ev/sec
Event 805000 Completed  805000 events  realTime=171 sec  4707.6 ev/sec
Event 806000 Completed  806000 events  realTime=172 sec  4686.0 ev/sec
Event 807000 Completed  807000 events  realTime=173 sec  4664.7 ev/sec
Event 808000 Completed  808000 events  realTime=173 sec  4670.5 ev/sec
Event 809000 Completed  809000 events  realTime=174 sec  4649.4 ev/sec
Event 810000 Completed  810000 events  realTime=174 sec  4655.2 ev/sec
Event 811000 Completed  811000 events  realTime=174 sec  4660.9 ev/sec
Event 812000 Completed  812000 events  realTime=174 sec  4666.7 ev/sec
Event 813000 Completed  813000 events  realTime=175 sec  4645.7 ev/sec
Event 814000 Completed  814000 events  realTime=175 sec  4651.4 ev/sec
Event 815000 Completed  815000 events  realTime=175 sec  4657.1 ev/sec
Event 816000 Completed  816000 events  realTime=175 sec  4662.9 ev/sec
Event 817000 Completed  817000 events  realTime=176 sec  4642.0 ev/sec
Event 818000 Completed  818000 events  realTime=176 sec  4647.7 ev/sec
Event 819000 Completed  819000 events  realTime=176 sec  4653.4 ev/sec
Event 820000 Completed  820000 events  realTime=177 sec  4632.8 ev/sec
Event 821000 Completed  821000 events  realTime=177 sec  4638.4 ev/sec
Event 822000 Completed  822000 events  realTime=177 sec  4644.1 ev/sec
Event 823000 Completed  823000 events  realTime=179 sec  4597.8 ev/sec
Event 824000 Completed  824000 events  realTime=180 sec  4577.8 ev/sec
Event 825000 Completed  825000 events  realTime=180 sec  4583.3 ev/sec
Event 826000 Completed  826000 events  realTime=181 sec  4563.5 ev/sec
Event 827000 Completed  827000 events  realTime=182 sec  4544.0 ev/sec
Event 828000 Completed  828000 events  realTime=182 sec  4549.5 ev/sec
Event 829000 Completed  829000 events  realTime=182 sec  4554.9 ev/sec
Event 830000 Completed  830000 events  realTime=182 sec  4560.4 ev/sec
Event 831000 Completed  831000 events  realTime=183 sec  4541.0 ev/sec
Event 832000 Completed  832000 events  realTime=183 sec  4546.4 ev/sec
Event 833000 Completed  833000 events  realTime=183 sec  4551.9 ev/sec
Event 834000 Completed  834000 events  realTime=184 sec  4532.6 ev/sec
Event 835000 Completed  835000 events  realTime=184 sec  4538.0 ev/sec
Event 836000 Completed  836000 events  realTime=184 sec  4543.5 ev/sec
Event 837000 Completed  837000 events  realTime=184 sec  4548.9 ev/sec
Event 838000 Completed  838000 events  realTime=185 sec  4529.7 ev/sec
Event 839000 Completed  839000 events  realTime=185 sec  4535.1 ev/sec
Event 840000 Completed  840000 events  realTime=185 sec  4540.5 ev/sec
Event 841000 Completed  841000 events  realTime=185 sec  4545.9 ev/sec
Event 842000 Completed  842000 events  realTime=185 sec  4551.4 ev/sec
Event 843000 Completed  843000 events  realTime=186 sec  4532.3 ev/sec
Event 844000 Completed  844000 events  realTime=186 sec  4537.6 ev/sec
Event 845000 Completed  845000 events  realTime=186 sec  4543.0 ev/sec
Event 846000 Completed  846000 events  realTime=187 sec  4524.1 ev/sec
Event 847000 Completed  847000 events  realTime=187 sec  4529.4 ev/sec
Event 848000 Completed  848000 events  realTime=187 sec  4534.8 ev/sec
Event 849000 Completed  849000 events  realTime=187 sec  4540.1 ev/sec
Event 850000 Completed  850000 events  realTime=187 sec  4545.5 ev/sec
Event 851000 Completed  851000 events  realTime=188 sec  4526.6 ev/sec
Event 852000 Completed  852000 events  realTime=188 sec  4531.9 ev/sec
Event 853000 Completed  853000 events  realTime=188 sec  4537.2 ev/sec
Event 854000 Completed  854000 events  realTime=188 sec  4542.6 ev/sec
Event 855000 Completed  855000 events  realTime=189 sec  4523.8 ev/sec
Event 856000 Completed  856000 events  realTime=189 sec  4529.1 ev/sec
Event 857000 Completed  857000 events  realTime=189 sec  4534.4 ev/sec
Event 858000 Completed  858000 events  realTime=189 sec  4539.7 ev/sec
Event 859000 Completed  859000 events  realTime=190 sec  4521.1 ev/sec
Event 860000 Completed  860000 events  realTime=190 sec  4526.3 ev/sec
Event 861000 Completed  861000 events  realTime=191 sec  4507.9 ev/sec
Event 862000 Completed  862000 events  realTime=191 sec  4513.1 ev/sec
Event 863000 Completed  863000 events  realTime=191 sec  4518.3 ev/sec
Event 864000 Completed  864000 events  realTime=192 sec  4500.0 ev/sec
Event 865000 Completed  865000 events  realTime=192 sec  4505.2 ev/sec
Event 866000 Completed  866000 events  realTime=192 sec  4510.4 ev/sec
Event 867000 Completed  867000 events  realTime=192 sec  4515.6 ev/sec
Event 868000 Completed  868000 events  realTime=192 sec  4520.8 ev/sec
Event 869000 Completed  869000 events  realTime=193 sec  4502.6 ev/sec
Event 870000 Completed  870000 events  realTime=193 sec  4507.8 ev/sec
Event 871000 Completed  871000 events  realTime=193 sec  4513.0 ev/sec
Event 872000 Completed  872000 events  realTime=194 sec  4494.8 ev/sec
Event 873000 Completed  873000 events  realTime=194 sec  4500.0 ev/sec
Event 874000 Completed  874000 events  realTime=194 sec  4505.2 ev/sec
Event 875000 Completed  875000 events  realTime=194 sec  4510.3 ev/sec
Event 876000 Completed  876000 events  realTime=195 sec  4492.3 ev/sec
Event 877000 Completed  877000 events  realTime=195 sec  4497.4 ev/sec
Event 878000 Completed  878000 events  realTime=195 sec  4502.6 ev/sec
Event 879000 Completed  879000 events  realTime=195 sec  4507.7 ev/sec
Event 880000 Completed  880000 events  realTime=196 sec  4489.8 ev/sec
Event 881000 Completed  881000 events  realTime=196 sec  4494.9 ev/sec
Event 882000 Completed  882000 events  realTime=196 sec  4500.0 ev/sec
Event 883000 Completed  883000 events  realTime=196 sec  4505.1 ev/sec
Event 884000 Completed  884000 events  realTime=196 sec  4510.2 ev/sec
Event 885000 Completed  885000 events  realTime=197 sec  4492.4 ev/sec
Event 886000 Completed  886000 events  realTime=197 sec  4497.5 ev/sec
Event 887000 Completed  887000 events  realTime=197 sec  4502.5 ev/sec
Event 888000 Completed  888000 events  realTime=198 sec  4484.8 ev/sec
Event 889000 Completed  889000 events  realTime=198 sec  4489.9 ev/sec
Event 890000 Completed  890000 events  realTime=198 sec  4494.9 ev/sec
Event 891000 Completed  891000 events  realTime=199 sec  4477.4 ev/sec
Event 892000 Completed  892000 events  realTime=199 sec  4482.4 ev/sec
Event 893000 Completed  893000 events  realTime=200 sec  4465.0 ev/sec
Event 894000 Completed  894000 events  realTime=200 sec  4470.0 ev/sec
Event 895000 Completed  895000 events  realTime=201 sec  4452.7 ev/sec
Event 896000 Completed  896000 events  realTime=201 sec  4457.7 ev/sec
Event 897000 Completed  897000 events  realTime=202 sec  4440.6 ev/sec
Event 898000 Completed  898000 events  realTime=202 sec  4445.5 ev/sec
Event 899000 Completed  899000 events  realTime=203 sec  4428.6 ev/sec
Event 900000 Completed  900000 events  realTime=204 sec  4411.8 ev/sec
Event 901000 Completed  901000 events  realTime=204 sec  4416.7 ev/sec
Event 902000 Completed  902000 events  realTime=204 sec  4421.6 ev/sec
Event 903000 Completed  903000 events  realTime=204 sec  4426.5 ev/sec
Event 904000 Completed  904000 events  realTime=205 sec  4409.8 ev/sec
Event 905000 Completed  905000 events  realTime=205 sec  4414.6 ev/sec
Event 906000 Completed  906000 events  realTime=205 sec  4419.5 ev/sec
Event 907000 Completed  907000 events  realTime=206 sec  4402.9 ev/sec
Event 908000 Completed  908000 events  realTime=206 sec  4407.8 ev/sec
Event 909000 Completed  909000 events  realTime=206 sec  4412.6 ev/sec
Event 910000 Completed  910000 events  realTime=208 sec  4375.0 ev/sec
Event 911000 Completed  911000 events  realTime=208 sec  4379.8 ev/sec
Event 912000 Completed  912000 events  realTime=208 sec  4384.6 ev/sec
Event 913000 Completed  913000 events  realTime=208 sec  4389.4 ev/sec
Event 914000 Completed  914000 events  realTime=209 sec  4373.2 ev/sec
Event 915000 Completed  915000 events  realTime=209 sec  4378.0 ev/sec
Event 916000 Completed  916000 events  realTime=210 sec  4361.9 ev/sec
Event 917000 Completed  917000 events  realTime=210 sec  4366.7 ev/sec
Event 918000 Completed  918000 events  realTime=211 sec  4350.7 ev/sec
Event 919000 Completed  919000 events  realTime=212 sec  4334.9 ev/sec
Event 920000 Completed  920000 events  realTime=212 sec  4339.6 ev/sec
Event 921000 Completed  921000 events  realTime=213 sec  4323.9 ev/sec
Event 922000 Completed  922000 events  realTime=214 sec  4308.4 ev/sec
Event 923000 Completed  923000 events  realTime=214 sec  4313.1 ev/sec
Event 924000 Completed  924000 events  realTime=214 sec  4317.8 ev/sec
Event 925000 Completed  925000 events  realTime=214 sec  4322.4 ev/sec
Event 926000 Completed  926000 events  realTime=215 sec  4307.0 ev/sec
Event 927000 Completed  927000 events  realTime=215 sec  4311.6 ev/sec
Event 928000 Completed  928000 events  realTime=215 sec  4316.3 ev/sec
Event 929000 Completed  929000 events  realTime=215 sec  4320.9 ev/sec
Event 930000 Completed  930000 events  realTime=216 sec  4305.6 ev/sec
Event 931000 Completed  931000 events  realTime=216 sec  4310.2 ev/sec
Event 932000 Completed  932000 events  realTime=216 sec  4314.8 ev/sec
Event 933000 Completed  933000 events  realTime=216 sec  4319.4 ev/sec
Event 934000 Completed  934000 events  realTime=217 sec  4304.1 ev/sec
Event 935000 Completed  935000 events  realTime=217 sec  4308.8 ev/sec
Event 936000 Completed  936000 events  realTime=217 sec  4313.4 ev/sec
Event 937000 Completed  937000 events  realTime=217 sec  4318.0 ev/sec
Event 938000 Completed  938000 events  realTime=218 sec  4302.8 ev/sec
Event 939000 Completed  939000 events  realTime=218 sec  4307.3 ev/sec
Event 940000 Completed  940000 events  realTime=218 sec  4311.9 ev/sec
Event 941000 Completed  941000 events  realTime=219 sec  4296.8 ev/sec
Event 942000 Completed  942000 events  realTime=219 sec  4301.4 ev/sec
Event 943000 Completed  943000 events  realTime=219 sec  4305.9 ev/sec
Event 944000 Completed  944000 events  realTime=219 sec  4310.5 ev/sec
Event 945000 Completed  945000 events  realTime=219 sec  4315.1 ev/sec
Event 946000 Completed  946000 events  realTime=220 sec  4300.0 ev/sec
Event 947000 Completed  947000 events  realTime=220 sec  4304.5 ev/sec
Event 948000 Completed  948000 events  realTime=220 sec  4309.1 ev/sec
Event 949000 Completed  949000 events  realTime=220 sec  4313.6 ev/sec
Event 950000 Completed  950000 events  realTime=221 sec  4298.6 ev/sec
Event 951000 Completed  951000 events  realTime=221 sec  4303.2 ev/sec
Event 952000 Completed  952000 events  realTime=221 sec  4307.7 ev/sec
Event 953000 Completed  953000 events  realTime=221 sec  4312.2 ev/sec
Event 954000 Completed  954000 events  realTime=222 sec  4297.3 ev/sec
Event 955000 Completed  955000 events  realTime=222 sec  4301.8 ev/sec
Event 956000 Completed  956000 events  realTime=222 sec  4306.3 ev/sec
Event 957000 Completed  957000 events  realTime=223 sec  4291.5 ev/sec
Event 958000 Completed  958000 events  realTime=223 sec  4296.0 ev/sec
Event 959000 Completed  959000 events  realTime=223 sec  4300.4 ev/sec
Event 960000 Completed  960000 events  realTime=223 sec  4304.9 ev/sec
Event 961000 Completed  961000 events  realTime=223 sec  4309.4 ev/sec
Event 962000 Completed  962000 events  realTime=224 sec  4294.6 ev/sec
Event 963000 Completed  963000 events  realTime=224 sec  4299.1 ev/sec
Event 964000 Completed  964000 events  realTime=224 sec  4303.6 ev/sec
Event 965000 Completed  965000 events  realTime=225 sec  4288.9 ev/sec
Event 966000 Completed  966000 events  realTime=225 sec  4293.3 ev/sec
Event 967000 Completed  967000 events  realTime=225 sec  4297.8 ev/sec
Event 968000 Completed  968000 events  realTime=225 sec  4302.2 ev/sec
Event 969000 Completed  969000 events  realTime=226 sec  4287.6 ev/sec
Event 970000 Completed  970000 events  realTime=226 sec  4292.0 ev/sec
Event 971000 Completed  971000 events  realTime=226 sec  4296.5 ev/sec
Event 972000 Completed  972000 events  realTime=226 sec  4300.9 ev/sec
Event 973000 Completed  973000 events  realTime=226 sec  4305.3 ev/sec
Event 974000 Completed  974000 events  realTime=227 sec  4290.7 ev/sec
Event 975000 Completed  975000 events  realTime=227 sec  4295.2 ev/sec
Event 976000 Completed  976000 events  realTime=227 sec  4299.6 ev/sec
Event 977000 Completed  977000 events  realTime=227 sec  4304.0 ev/sec
Event 978000 Completed  978000 events  realTime=227 sec  4308.4 ev/sec
Event 979000 Completed  979000 events  realTime=228 sec  4293.9 ev/sec
Event 980000 Completed  980000 events  realTime=228 sec  4298.2 ev/sec
Event 981000 Completed  981000 events  realTime=228 sec  4302.6 ev/sec
Event 982000 Completed  982000 events  realTime=228 sec  4307.0 ev/sec
Event 983000 Completed  983000 events  realTime=228 sec  4311.4 ev/sec
Event 984000 Completed  984000 events  realTime=229 sec  4296.9 ev/sec
Event 985000 Completed  985000 events  realTime=229 sec  4301.3 ev/sec
Event 986000 Completed  986000 events  realTime=229 sec  4305.7 ev/sec
Event 987000 Completed  987000 events  realTime=229 sec  4310.0 ev/sec
Event 988000 Completed  988000 events  realTime=229 sec  4314.4 ev/sec
Event 989000 Completed  989000 events  realTime=230 sec  4300.0 ev/sec
Event 990000 Completed  990000 events  realTime=230 sec  4304.3 ev/sec
Event 991000 Completed  991000 events  realTime=230 sec  4308.7 ev/sec
Event 992000 Completed  992000 events  realTime=230 sec  4313.0 ev/sec
Event 993000 Completed  993000 events  realTime=230 sec  4317.4 ev/sec
Event 994000 Completed  994000 events  realTime=231 sec  4303.0 ev/sec
Event 995000 Completed  995000 events  realTime=231 sec  4307.4 ev/sec
Event 996000 Completed  996000 events  realTime=231 sec  4311.7 ev/sec
Event 997000 Completed  997000 events  realTime=231 sec  4316.0 ev/sec
Event 998000 Completed  998000 events  realTime=232 sec  4301.7 ev/sec
Event 999000 Completed  999000 events  realTime=232 sec  4306.0 ev/sec
Event 1000000 Completed  1000000 events  realTime=232 sec  4310.3 ev/sec
Run complete  1000000 Events  232 seconds
NTuple Det0              178261 entries

Exceptions: 0 Fatal, 0 Events Aborted, 0 Stuck Tracks (stopped), 0 Warnings
g4beamline: simulation complete
Error: cannot open file "iostream"  (tmpfile)(2)
*** Interpreter error recovered ***
