1NUMBER OF BEAM       NUMBER OF BEAM        APPROXIMATE NUMBER    AVERAGE TIME USED     TIME LEFT (RESERVED   NUMBER OF STARS
 PARTICLES HANDLED    PARTICLES LEFT        OF BEAM PARTICLES     BY A BEAM PARTICLE     10000.0 SECONDS      CREATED
                                            THAT CAN STILL BE                           FOR PRINTOUT)
                                            HANDLED

 NEXT SEEDS:       0       0       0       0       0       0   181CD    3039       0       0
          1               9999999               9999999             1.7108917E-03         1.0000000E+30                 0       
 NEXT SEEDS:     513       0       0       0       0       0   181CD    3039       0       0
     200000               9800000               9800000             5.8675929E-04         1.0000000E+30              9132       
 NEXT SEEDS:118291A4       0       0       0       0       0   181CD    3039       0       0
     400000               9600000               9600000             5.2873904E-04         1.0000000E+30             18138       
 NEXT SEEDS:22F47A54       0       0       0       0       0   181CD    3039       0       0
     600000               9400000               9400000             5.2785601E-04         1.0000000E+30             27195       
 NEXT SEEDS:3469391D       0       0       0       0       0   181CD    3039       0       0
     800000               9200000               9200000             4.9897478E-04         1.0000000E+30             36400       
 NEXT SEEDS: A535B5E       1       0       0       0       0   181CD    3039       0       0
    1000000               9000000               9000000             5.1592256E-04         1.0000000E+30             45525       
 NEXT SEEDS:1BCCB028       1       0       0       0       0   181CD    3039       0       0
    1200000               8800000               8800000             5.0101218E-04         1.0000000E+30             54636       
 NEXT SEEDS:2D46DA09       1       0       0       0       0   181CD    3039       0       0
    1400000               8600000               8600000             4.8373157E-04         1.0000000E+30             63534       
 NEXT SEEDS: 3074A30       2       0       0       0       0   181CD    3039       0       0
    1600000               8400000               8400000             4.6942452E-04         1.0000000E+30             72579       
 NEXT SEEDS:147BCFE8       2       0       0       0       0   181CD    3039       0       0
    1800000               8200000               8200000             4.6480931E-04         1.0000000E+30             81611       
 NEXT SEEDS:26066A22       2       0       0       0       0   181CD    3039       0       0
    2000000               8000000               8000000             4.7956333E-04         1.0000000E+30             90940       
 NEXT SEEDS:379399A1       2       0       0       0       0   181CD    3039       0       0
    2200000               7800000               7800000             4.6703145E-04         1.0000000E+30            100027       
 NEXT SEEDS: D84C05E       3       0       0       0       0   181CD    3039       0       0
    2400000               7600000               7600000             4.5549706E-04         1.0000000E+30            109171       
 NEXT SEEDS:1F004E27       3       0       0       0       0   181CD    3039       0       0
    2600000               7400000               7400000             4.4880801E-04         1.0000000E+30            118327       
 NEXT SEEDS:307DA17C       3       0       0       0       0   181CD    3039       0       0
    2800000               7200000               7200000             4.4155607E-04         1.0000000E+30            127349       
 NEXT SEEDS: 6514472       4       0       0       0       0   181CD    3039       0       0
    3000000               7000000               7000000             4.3479910E-04         1.0000000E+30            136178       
 NEXT SEEDS:17B027FB       4       0       0       0       0   181CD    3039       0       0
    3200000               6800000               6800000             4.2921233E-04         1.0000000E+30            145099       
 NEXT SEEDS:29117437       4       0       0       0       0   181CD    3039       0       0
    3400000               6600000               6600000             4.2416334E-04         1.0000000E+30            154141       
 NEXT SEEDS:3A835904       4       0       0       0       0   181CD    3039       0       0
    3600000               6400000               6400000             4.2061600E-04         1.0000000E+30            163103       
 NEXT SEEDS:104E7550       5       0       0       0       0   181CD    3039       0       0
    3800000               6200000               6200000             4.1566800E-04         1.0000000E+30            172066       
 NEXT SEEDS:21B5D776       5       0       0       0       0   181CD    3039       0       0
    4000000               6000000               6000000             4.1287264E-04         1.0000000E+30            181149       
 NEXT SEEDS:3339D2A6       5       0       0       0       0   181CD    3039       0       0
    4200000               5800000               5800000             4.0989373E-04         1.0000000E+30            190294       
 NEXT SEEDS: 9264AC8       6       0       0       0       0   181CD    3039       0       0
    4400000               5600000               5600000             4.0764744E-04         1.0000000E+30            199339       
 NEXT SEEDS:1A951B1A       6       0       0       0       0   181CD    3039       0       0
    4600000               5400000               5400000             4.0558924E-04         1.0000000E+30            208451       
 NEXT SEEDS:2C0C5EB9       6       0       0       0       0   181CD    3039       0       0
    4800000               5200000               5200000             4.0223482E-04         1.0000000E+30            217531       
 NEXT SEEDS: 1EA1813       7       0       0       0       0   181CD    3039       0       0
    5000000               5000000               5000000             4.0042560E-04         1.0000000E+30            226551       
 NEXT SEEDS:136166DC       7       0       0       0       0   181CD    3039       0       0
 COUSET, TXYZ:  0.999999999981412     -0.421001279102731      0.907060043743902    
    5200000               4800000               4800000             3.9825122E-04         1.0000000E+30            235452       
 NEXT SEEDS:24CA1531       7       0       0       0       0   181CD    3039       0       0
    5400000               4600000               4600000             3.9595239E-04         1.0000000E+30            244500       
 NEXT SEEDS:3631150A       7       0       0       0       0   181CD    3039       0       0
    5600000               4400000               4400000             3.9400056E-04         1.0000000E+30            253397       
 NEXT SEEDS: BF284C7       8       0       0       0       0   181CD    3039       0       0
    5800000               4200000               4200000             3.9234936E-04         1.0000000E+30            262713       
 NEXT SEEDS:1D7A4C10       8       0       0       0       0   181CD    3039       0       0
    6000000               4000000               4000000             3.9068613E-04         1.0000000E+30            271786       
 NEXT SEEDS:2EF65136       8       0       0       0       0   181CD    3039       0       0
    6200000               3800000               3800000             3.8951390E-04         1.0000000E+30            280863       
 NEXT SEEDS: 4D5CDF1       9       0       0       0       0   181CD    3039       0       0
    6400000               3600000               3600000             3.8822274E-04         1.0000000E+30            289831       
 NEXT SEEDS:16407ECC       9       0       0       0       0   181CD    3039       0       0
    6600000               3400000               3400000             3.8686328E-04         1.0000000E+30            298938       
 NEXT SEEDS:27CE7F99       9       0       0       0       0   181CD    3039       0       0
    6800000               3200000               3200000             3.8564641E-04         1.0000000E+30            308176       
 NEXT SEEDS:394C760F       9       0       0       0       0   181CD    3039       0       0
    7000000               3000000               3000000             3.8514569E-04         1.0000000E+30            317360       
 NEXT SEEDS: F2BA3A7       A       0       0       0       0   181CD    3039       0       0
    7200000               2800000               2800000             3.8426335E-04         1.0000000E+30            326466       
 NEXT SEEDS:209C2308       A       0       0       0       0   181CD    3039       0       0
    7400000               2600000               2600000             3.8309736E-04         1.0000000E+30            335483       
 NEXT SEEDS:320AF690       A       0       0       0       0   181CD    3039       0       0
    7600000               2400000               2400000             3.8200932E-04         1.0000000E+30            344606       
 NEXT SEEDS: 7E7F6E9       B       0       0       0       0   181CD    3039       0       0
    7800000               2200000               2200000             3.8054973E-04         1.0000000E+30            353858       
 NEXT SEEDS:196F78EC       B       0       0       0       0   181CD    3039       0       0
    8000000               2000000               2000000             3.7974977E-04         1.0000000E+30            363021       
 NEXT SEEDS:2AF2FAD1       B       0       0       0       0   181CD    3039       0       0
    8200000               1800000               1800000             3.7901493E-04         1.0000000E+30            372025       
 NEXT SEEDS:  D1CE07       C       0       0       0       0   181CD    3039       0       0
    8400000               1600000               1600000             3.7820851E-04         1.0000000E+30            380931       
 NEXT SEEDS:123F109C       C       0       0       0       0   181CD    3039       0       0
    8600000               1400000               1400000             3.7740545E-04         1.0000000E+30            389890       
 NEXT SEEDS:23A1577A       C       0       0       0       0   181CD    3039       0       0
    8800000               1200000               1200000             3.7678071E-04         1.0000000E+30            398990       
 NEXT SEEDS:3510D37B       C       0       0       0       0   181CD    3039       0       0
    9000000               1000000               1000000             3.7663271E-04         1.0000000E+30            408019       
 NEXT SEEDS: AEE977A       D       0       0       0       0   181CD    3039       0       0
    9200000                800000                800000             3.7559834E-04         1.0000000E+30            417221       
 NEXT SEEDS:1C72059B       D       0       0       0       0   181CD    3039       0       0
    9400000                600000                600000             3.7525163E-04         1.0000000E+30            426204       
 NEXT SEEDS:2DD76FA3       D       0       0       0       0   181CD    3039       0       0
    9600000                400000                400000             3.7479150E-04         1.0000000E+30            435283       
 NEXT SEEDS: 3B2068B       E       0       0       0       0   181CD    3039       0       0
    9800000                200000                200000             3.7432523E-04         1.0000000E+30            444438       
 NEXT SEEDS:152E5001       E       0       0       0       0   181CD    3039       0       0
    9999950                    50                    50             3.7366220E-04         1.0000000E+30            453549       
 NEXT SEEDS:26A518FF       E       0       0       0       0   181CD    3039       0       0
    9999951                    49                    49             3.7366219E-04         1.0000000E+30            453549       
 NEXT SEEDS:26A51C8A       E       0       0       0       0   181CD    3039       0       0
    9999952                    48                    48             3.7366218E-04         1.0000000E+30            453549       
 NEXT SEEDS:26A5213C       E       0       0       0       0   181CD    3039       0       0
    9999953                    47                    47             3.7366216E-04         1.0000000E+30            453549       
 NEXT SEEDS:26A5259A       E       0       0       0       0   181CD    3039       0       0
    9999954                    46                    46             3.7366215E-04         1.0000000E+30            453549       
 NEXT SEEDS:26A529AA       E       0       0       0       0   181CD    3039       0       0
    9999955                    45                    45             3.7366214E-04         1.0000000E+30            453549       
 NEXT SEEDS:26A53027       E       0       0       0       0   181CD    3039       0       0
    9999956                    44                    44             3.7366213E-04         1.0000000E+30            453549       
 NEXT SEEDS:26A53765       E       0       0       0       0   181CD    3039       0       0
    9999957                    43                    43             3.7366211E-04         1.0000000E+30            453549       
 NEXT SEEDS:26A53C17       E       0       0       0       0   181CD    3039       0       0
    9999958                    42                    42             3.7366207E-04         1.0000000E+30            453549       
 NEXT SEEDS:26A5401D       E       0       0       0       0   181CD    3039       0       0
    9999959                    41                    41             3.7366206E-04         1.0000000E+30            453549       
 NEXT SEEDS:26A54477       E       0       0       0       0   181CD    3039       0       0
    9999960                    40                    40             3.7366205E-04         1.0000000E+30            453549       
 NEXT SEEDS:26A54976       E       0       0       0       0   181CD    3039       0       0
    9999961                    39                    39             3.7366204E-04         1.0000000E+30            453549       
 NEXT SEEDS:26A55067       E       0       0       0       0   181CD    3039       0       0
    9999962                    38                    38             3.7366202E-04         1.0000000E+30            453549       
 NEXT SEEDS:26A55517       E       0       0       0       0   181CD    3039       0       0
    9999963                    37                    37             3.7366201E-04         1.0000000E+30            453549       
 NEXT SEEDS:26A5565B       E       0       0       0       0   181CD    3039       0       0
    9999964                    36                    36             3.7366200E-04         1.0000000E+30            453549       
 NEXT SEEDS:26A55D7D       E       0       0       0       0   181CD    3039       0       0
    9999965                    35                    35             3.7366198E-04         1.0000000E+30            453549       
 NEXT SEEDS:26A561CE       E       0       0       0       0   181CD    3039       0       0
    9999966                    34                    34             3.7366197E-04         1.0000000E+30            453549       
 NEXT SEEDS:26A56757       E       0       0       0       0   181CD    3039       0       0
    9999967                    33                    33             3.7366196E-04         1.0000000E+30            453549       
 NEXT SEEDS:26A56CF3       E       0       0       0       0   181CD    3039       0       0
    9999968                    32                    32             3.7366202E-04         1.0000000E+30            453550       
 NEXT SEEDS:26A57FCF       E       0       0       0       0   181CD    3039       0       0
    9999969                    31                    31             3.7366201E-04         1.0000000E+30            453550       
 NEXT SEEDS:26A58500       E       0       0       0       0   181CD    3039       0       0
    9999970                    30                    30             3.7366199E-04         1.0000000E+30            453550       
 NEXT SEEDS:26A5882F       E       0       0       0       0   181CD    3039       0       0
    9999971                    29                    29             3.7366198E-04         1.0000000E+30            453550       
 NEXT SEEDS:26A58F0F       E       0       0       0       0   181CD    3039       0       0
    9999972                    28                    28             3.7366197E-04         1.0000000E+30            453550       
 NEXT SEEDS:26A593AD       E       0       0       0       0   181CD    3039       0       0
    9999973                    27                    27             3.7366195E-04         1.0000000E+30            453550       
 NEXT SEEDS:26A596E7       E       0       0       0       0   181CD    3039       0       0
    9999974                    26                    26             3.7366192E-04         1.0000000E+30            453550       
 NEXT SEEDS:26A59B10       E       0       0       0       0   181CD    3039       0       0
    9999975                    25                    25             3.7366190E-04         1.0000000E+30            453550       
 NEXT SEEDS:26A59CDA       E       0       0       0       0   181CD    3039       0       0
    9999976                    24                    24             3.7366189E-04         1.0000000E+30            453550       
 NEXT SEEDS:26A5A16E       E       0       0       0       0   181CD    3039       0       0
    9999977                    23                    23             3.7366202E-04         1.0000000E+30            453551       
 NEXT SEEDS:26A5D4B5       E       0       0       0       0   181CD    3039       0       0
    9999978                    22                    22             3.7366201E-04         1.0000000E+30            453551       
 NEXT SEEDS:26A5D871       E       0       0       0       0   181CD    3039       0       0
    9999979                    21                    21             3.7366200E-04         1.0000000E+30            453551       
 NEXT SEEDS:26A5DB04       E       0       0       0       0   181CD    3039       0       0
    9999980                    20                    20             3.7366213E-04         1.0000000E+30            453552       
 NEXT SEEDS:26A61261       E       0       0       0       0   181CD    3039       0       0
    9999981                    19                    19             3.7366212E-04         1.0000000E+30            453552       
 NEXT SEEDS:26A616DD       E       0       0       0       0   181CD    3039       0       0
    9999982                    18                    18             3.7366211E-04         1.0000000E+30            453552       
 NEXT SEEDS:26A61C17       E       0       0       0       0   181CD    3039       0       0
    9999983                    17                    17             3.7366209E-04         1.0000000E+30            453552       
 NEXT SEEDS:26A6205E       E       0       0       0       0   181CD    3039       0       0
    9999984                    16                    16             3.7366208E-04         1.0000000E+30            453552       
 NEXT SEEDS:26A62657       E       0       0       0       0   181CD    3039       0       0
    9999985                    15                    15             3.7366207E-04         1.0000000E+30            453552       
 NEXT SEEDS:26A62C01       E       0       0       0       0   181CD    3039       0       0
    9999986                    14                    14             3.7366205E-04         1.0000000E+30            453552       
 NEXT SEEDS:26A62F70       E       0       0       0       0   181CD    3039       0       0
    9999987                    13                    13             3.7366204E-04         1.0000000E+30            453552       
 NEXT SEEDS:26A633DE       E       0       0       0       0   181CD    3039       0       0
    9999988                    12                    12             3.7366220E-04         1.0000000E+30            453553       
 NEXT SEEDS:26A6787E       E       0       0       0       0   181CD    3039       0       0
    9999989                    11                    11             3.7366219E-04         1.0000000E+30            453553       
 NEXT SEEDS:26A67E73       E       0       0       0       0   181CD    3039       0       0
    9999990                    10                    10             3.7366217E-04         1.0000000E+30            453553       
 NEXT SEEDS:26A6837F       E       0       0       0       0   181CD    3039       0       0
    9999991                     9                     9             3.7366216E-04         1.0000000E+30            453553       
 NEXT SEEDS:26A6891E       E       0       0       0       0   181CD    3039       0       0
    9999992                     8                     8             3.7366215E-04         1.0000000E+30            453553       
 NEXT SEEDS:26A68D4D       E       0       0       0       0   181CD    3039       0       0
    9999993                     7                     7             3.7366213E-04         1.0000000E+30            453553       
 NEXT SEEDS:26A692DC       E       0       0       0       0   181CD    3039       0       0
    9999994                     6                     6             3.7366212E-04         1.0000000E+30            453553       
 NEXT SEEDS:26A696B6       E       0       0       0       0   181CD    3039       0       0
    9999995                     5                     5             3.7366211E-04         1.0000000E+30            453553       
 NEXT SEEDS:26A69A44       E       0       0       0       0   181CD    3039       0       0
    9999996                     4                     4             3.7366210E-04         1.0000000E+30            453553       
 NEXT SEEDS:26A69D8A       E       0       0       0       0   181CD    3039       0       0
    9999997                     3                     3             3.7366216E-04         1.0000000E+30            453554       
 NEXT SEEDS:26A6C036       E       0       0       0       0   181CD    3039       0       0
    9999998                     2                     2             3.7366214E-04         1.0000000E+30            453554       
 NEXT SEEDS:26A6C4CD       E       0       0       0       0   181CD    3039       0       0
    9999999                     1                     1             3.7366213E-04         1.0000000E+30            453554       
 NEXT SEEDS:26A6CAA3       E       0       0       0       0   181CD    3039       0       0
   10000000                     0                     1             3.7366212E-04         1.0000000E+30            453554       
 NEXT SEEDS:26A6CDBA       E       0       0       0       0   181CD    3039       0       0
