1NUMBER OF BEAM       NUMBER OF BEAM        APPROXIMATE NUMBER    AVERAGE TIME USED     TIME LEFT (RESERVED   NUMBER OF STARS
 PARTICLES HANDLED    PARTICLES LEFT        OF BEAM PARTICLES     BY A BEAM PARTICLE     10000.0 SECONDS      CREATED
                                            THAT CAN STILL BE                           FOR PRINTOUT)
                                            HANDLED

 NEXT SEEDS:       0       0       0       0       0       0   181CD    3039       0       0
          1               9999999               9999999             1.6999245E-04         1.0000000E+30                 0       
 NEXT SEEDS:     144       0       0       0       0       0   181CD    3039       0       0
     200000               9800000               9800000             1.8694282E-04         1.0000000E+30              5272       
 NEXT SEEDS: DA059EA       0       0       0       0       0   181CD    3039       0       0
     400000               9600000               9600000             1.8656208E-04         1.0000000E+30             10524       
 NEXT SEEDS:1B423FC1       0       0       0       0       0   181CD    3039       0       0
     600000               9400000               9400000             1.8604054E-04         1.0000000E+30             15775       
 NEXT SEEDS:28F52031       0       0       0       0       0   181CD    3039       0       0
     800000               9200000               9200000             1.8565112E-04         1.0000000E+30             20859       
 NEXT SEEDS:369F4824       0       0       0       0       0   181CD    3039       0       0
    1000000               9000000               9000000             1.8640133E-04         1.0000000E+30             26152       
 NEXT SEEDS: 8A64E31       1       0       0       0       0   181CD    3039       0       0
    1200000               8800000               8800000             1.8566995E-04         1.0000000E+30             31308       
 NEXT SEEDS:16340052       1       0       0       0       0   181CD    3039       0       0
    1400000               8600000               8600000             1.8573824E-04         1.0000000E+30             36545       
 NEXT SEEDS:23CC74C0       1       0       0       0       0   181CD    3039       0       0
    1600000               8400000               8400000             1.8540178E-04         1.0000000E+30             41657       
 NEXT SEEDS:315A3E6A       1       0       0       0       0   181CD    3039       0       0
    1800000               8200000               8200000             1.8523754E-04         1.0000000E+30             46808       
 NEXT SEEDS: 3590C9E       2       0       0       0       0   181CD    3039       0       0
    2000000               8000000               8000000             1.8520477E-04         1.0000000E+30             52046       
 NEXT SEEDS:10EBAE9E       2       0       0       0       0   181CD    3039       0       0
    2200000               7800000               7800000             1.8511863E-04         1.0000000E+30             57241       
 NEXT SEEDS:1E8A0D1E       2       0       0       0       0   181CD    3039       0       0
    2400000               7600000               7600000             1.8490327E-04         1.0000000E+30             62230       
 NEXT SEEDS:2C102C56       2       0       0       0       0   181CD    3039       0       0
    2600000               7400000               7400000             1.8481120E-04         1.0000000E+30             67342       
 NEXT SEEDS:3998A574       2       0       0       0       0   181CD    3039       0       0
    2800000               7200000               7200000             1.8469919E-04         1.0000000E+30             72511       
 NEXT SEEDS: B94BCCF       3       0       0       0       0   181CD    3039       0       0
    3000000               7000000               7000000             1.8462684E-04         1.0000000E+30             77705       
 NEXT SEEDS:1935D159       3       0       0       0       0   181CD    3039       0       0
    3200000               6800000               6800000             1.8450043E-04         1.0000000E+30             82826       
 NEXT SEEDS:26C063E4       3       0       0       0       0   181CD    3039       0       0
    3400000               6600000               6600000             1.8433497E-04         1.0000000E+30             87982       
 NEXT SEEDS:344DB8E6       3       0       0       0       0   181CD    3039       0       0
    3600000               6400000               6400000             1.8486040E-04         1.0000000E+30             93106       
 NEXT SEEDS: 6498567       4       0       0       0       0   181CD    3039       0       0
    3800000               6200000               6200000             1.8471566E-04         1.0000000E+30             98245       
 NEXT SEEDS:13EB073D       4       0       0       0       0   181CD    3039       0       0
    4000000               6000000               6000000             1.8439762E-04         1.0000000E+30            103544       
 NEXT SEEDS:218FD537       4       0       0       0       0   181CD    3039       0       0
    4200000               5800000               5800000             1.8415454E-04         1.0000000E+30            108641       
 NEXT SEEDS:2F1DEDAD       4       0       0       0       0   181CD    3039       0       0
 COUSET, TXYZ:  0.999999999983704     -0.878986000347821      0.476847576443405    
    4400000               5600000               5600000             1.8382855E-04         1.0000000E+30            113744       
 NEXT SEEDS: 114D3A1       5       0       0       0       0   181CD    3039       0       0
    4600000               5400000               5400000             1.8355282E-04         1.0000000E+30            118969       
 NEXT SEEDS: EB11ED2       5       0       0       0       0   181CD    3039       0       0
    4800000               5200000               5200000             1.8337595E-04         1.0000000E+30            124053       
 NEXT SEEDS:1C41765B       5       0       0       0       0   181CD    3039       0       0
    5000000               5000000               5000000             1.8317859E-04         1.0000000E+30            129259       
 NEXT SEEDS:29DDC815       5       0       0       0       0   181CD    3039       0       0
    5200000               4800000               4800000             1.8304358E-04         1.0000000E+30            134392       
 NEXT SEEDS:376CF919       5       0       0       0       0   181CD    3039       0       0
    5400000               4600000               4600000             1.8286499E-04         1.0000000E+30            139573       
 NEXT SEEDS: 962DF04       6       0       0       0       0   181CD    3039       0       0
    5600000               4400000               4400000             1.8282038E-04         1.0000000E+30            144780       
 NEXT SEEDS:16FBC1B0       6       0       0       0       0   181CD    3039       0       0
    5800000               4200000               4200000             1.8267906E-04         1.0000000E+30            149889       
 NEXT SEEDS:24907C22       6       0       0       0       0   181CD    3039       0       0
    6000000               4000000               4000000             1.8250805E-04         1.0000000E+30            155030       
 NEXT SEEDS:32208439       6       0       0       0       0   181CD    3039       0       0
    6200000               3800000               3800000             1.8242776E-04         1.0000000E+30            160124       
 NEXT SEEDS: 40BD2FF       7       0       0       0       0   181CD    3039       0       0
    6400000               3600000               3600000             1.8232864E-04         1.0000000E+30            165309       
 NEXT SEEDS:11A35A17       7       0       0       0       0   181CD    3039       0       0
    6600000               3400000               3400000             1.8228365E-04         1.0000000E+30            170492       
 NEXT SEEDS:1F317B28       7       0       0       0       0   181CD    3039       0       0
    6800000               3200000               3200000             1.8215804E-04         1.0000000E+30            175679       
 NEXT SEEDS:2CBAAB81       7       0       0       0       0   181CD    3039       0       0
    7000000               3000000               3000000             1.8210335E-04         1.0000000E+30            180830       
 NEXT SEEDS:3A560D55       7       0       0       0       0   181CD    3039       0       0
    7200000               2800000               2800000             1.8204723E-04         1.0000000E+30            185921       
 NEXT SEEDS: C5DA696       8       0       0       0       0   181CD    3039       0       0
    7400000               2600000               2600000             1.8190510E-04         1.0000000E+30            191090       
 NEXT SEEDS:19FBB3D1       8       0       0       0       0   181CD    3039       0       0
    7600000               2400000               2400000             1.8186777E-04         1.0000000E+30            196343       
 NEXT SEEDS:27A93067       8       0       0       0       0   181CD    3039       0       0
    7800000               2200000               2200000             1.8179908E-04         1.0000000E+30            201381       
 NEXT SEEDS:353B8BB0       8       0       0       0       0   181CD    3039       0       0
    8000000               2000000               2000000             1.8173637E-04         1.0000000E+30            206477       
 NEXT SEEDS: 74106E8       9       0       0       0       0   181CD    3039       0       0
    8200000               1800000               1800000             1.8168043E-04         1.0000000E+30            211806       
 NEXT SEEDS:14E80A80       9       0       0       0       0   181CD    3039       0       0
    8400000               1600000               1600000             1.8165797E-04         1.0000000E+30            216858       
 NEXT SEEDS:2289A2B6       9       0       0       0       0   181CD    3039       0       0
    8600000               1400000               1400000             1.8158496E-04         1.0000000E+30            221916       
 NEXT SEEDS:300ED073       9       0       0       0       0   181CD    3039       0       0
    8800000               1200000               1200000             1.8152625E-04         1.0000000E+30            226928       
 NEXT SEEDS: 1FCF252       A       0       0       0       0   181CD    3039       0       0
    9000000               1000000               1000000             1.8144554E-04         1.0000000E+30            231979       
 NEXT SEEDS: F917EE2       A       0       0       0       0   181CD    3039       0       0
    9200000                800000                800000             1.8135990E-04         1.0000000E+30            237200       
 NEXT SEEDS:1D2A4129       A       0       0       0       0   181CD    3039       0       0
    9400000                600000                600000             1.8134472E-04         1.0000000E+30            242247       
 NEXT SEEDS:2AB68896       A       0       0       0       0   181CD    3039       0       0
    9600000                400000                400000             1.8127216E-04         1.0000000E+30            247374       
 NEXT SEEDS:38593AC9       A       0       0       0       0   181CD    3039       0       0
    9800000                200000                200000             1.8124879E-04         1.0000000E+30            252458       
 NEXT SEEDS: A50E229       B       0       0       0       0   181CD    3039       0       0
    9999950                    50                    50             1.8126453E-04         1.0000000E+30            257601       
 NEXT SEEDS:17DD3DD7       B       0       0       0       0   181CD    3039       0       0
    9999951                    49                    49             1.8126453E-04         1.0000000E+30            257601       
 NEXT SEEDS:17DD4245       B       0       0       0       0   181CD    3039       0       0
    9999952                    48                    48             1.8126455E-04         1.0000000E+30            257601       
 NEXT SEEDS:17DD4737       B       0       0       0       0   181CD    3039       0       0
    9999953                    47                    47             1.8126454E-04         1.0000000E+30            257601       
 NEXT SEEDS:17DD4914       B       0       0       0       0   181CD    3039       0       0
    9999954                    46                    46             1.8126456E-04         1.0000000E+30            257601       
 NEXT SEEDS:17DD4EED       B       0       0       0       0   181CD    3039       0       0
    9999955                    45                    45             1.8126457E-04         1.0000000E+30            257601       
 NEXT SEEDS:17DD519F       B       0       0       0       0   181CD    3039       0       0
    9999956                    44                    44             1.8126458E-04         1.0000000E+30            257601       
 NEXT SEEDS:17DD56AD       B       0       0       0       0   181CD    3039       0       0
    9999957                    43                    43             1.8126458E-04         1.0000000E+30            257601       
 NEXT SEEDS:17DD5B08       B       0       0       0       0   181CD    3039       0       0
    9999958                    42                    42             1.8126459E-04         1.0000000E+30            257601       
 NEXT SEEDS:17DD5DC3       B       0       0       0       0   181CD    3039       0       0
    9999959                    41                    41             1.8126458E-04         1.0000000E+30            257601       
 NEXT SEEDS:17DD5EE5       B       0       0       0       0   181CD    3039       0       0
    9999960                    40                    40             1.8126458E-04         1.0000000E+30            257601       
 NEXT SEEDS:17DD61CE       B       0       0       0       0   181CD    3039       0       0
    9999961                    39                    39             1.8126458E-04         1.0000000E+30            257601       
 NEXT SEEDS:17DD6436       B       0       0       0       0   181CD    3039       0       0
    9999962                    38                    38             1.8126459E-04         1.0000000E+30            257601       
 NEXT SEEDS:17DD6693       B       0       0       0       0   181CD    3039       0       0
    9999963                    37                    37             1.8126459E-04         1.0000000E+30            257601       
 NEXT SEEDS:17DD69C8       B       0       0       0       0   181CD    3039       0       0
    9999964                    36                    36             1.8126460E-04         1.0000000E+30            257601       
 NEXT SEEDS:17DD6FED       B       0       0       0       0   181CD    3039       0       0
    9999965                    35                    35             1.8126461E-04         1.0000000E+30            257601       
 NEXT SEEDS:17DD73A0       B       0       0       0       0   181CD    3039       0       0
    9999966                    34                    34             1.8126460E-04         1.0000000E+30            257601       
 NEXT SEEDS:17DD75D2       B       0       0       0       0   181CD    3039       0       0
    9999967                    33                    33             1.8126461E-04         1.0000000E+30            257601       
 NEXT SEEDS:17DD78E5       B       0       0       0       0   181CD    3039       0       0
    9999968                    32                    32             1.8126460E-04         1.0000000E+30            257601       
 NEXT SEEDS:17DD7A2B       B       0       0       0       0   181CD    3039       0       0
    9999969                    31                    31             1.8126462E-04         1.0000000E+30            257601       
 NEXT SEEDS:17DD859E       B       0       0       0       0   181CD    3039       0       0
    9999970                    30                    30             1.8126461E-04         1.0000000E+30            257601       
 NEXT SEEDS:17DD867E       B       0       0       0       0   181CD    3039       0       0
    9999971                    29                    29             1.8126462E-04         1.0000000E+30            257601       
 NEXT SEEDS:17DD897C       B       0       0       0       0   181CD    3039       0       0
    9999972                    28                    28             1.8126461E-04         1.0000000E+30            257601       
 NEXT SEEDS:17DD8B84       B       0       0       0       0   181CD    3039       0       0
    9999973                    27                    27             1.8126462E-04         1.0000000E+30            257601       
 NEXT SEEDS:17DD90FE       B       0       0       0       0   181CD    3039       0       0
    9999974                    26                    26             1.8126463E-04         1.0000000E+30            257601       
 NEXT SEEDS:17DD9431       B       0       0       0       0   181CD    3039       0       0
    9999975                    25                    25             1.8126462E-04         1.0000000E+30            257601       
 NEXT SEEDS:17DD9665       B       0       0       0       0   181CD    3039       0       0
    9999976                    24                    24             1.8126463E-04         1.0000000E+30            257601       
 NEXT SEEDS:17DD9AF1       B       0       0       0       0   181CD    3039       0       0
    9999977                    23                    23             1.8126463E-04         1.0000000E+30            257601       
 NEXT SEEDS:17DD9D6E       B       0       0       0       0   181CD    3039       0       0
    9999978                    22                    22             1.8126464E-04         1.0000000E+30            257601       
 NEXT SEEDS:17DDA0EB       B       0       0       0       0   181CD    3039       0       0
    9999979                    21                    21             1.8126465E-04         1.0000000E+30            257601       
 NEXT SEEDS:17DDA4D3       B       0       0       0       0   181CD    3039       0       0
    9999980                    20                    20             1.8126464E-04         1.0000000E+30            257601       
 NEXT SEEDS:17DDA680       B       0       0       0       0   181CD    3039       0       0
    9999981                    19                    19             1.8126465E-04         1.0000000E+30            257601       
 NEXT SEEDS:17DDAA6F       B       0       0       0       0   181CD    3039       0       0
    9999982                    18                    18             1.8126464E-04         1.0000000E+30            257601       
 NEXT SEEDS:17DDACC9       B       0       0       0       0   181CD    3039       0       0
    9999983                    17                    17             1.8126464E-04         1.0000000E+30            257601       
 NEXT SEEDS:17DDAF76       B       0       0       0       0   181CD    3039       0       0
    9999984                    16                    16             1.8126464E-04         1.0000000E+30            257601       
 NEXT SEEDS:17DDB3D8       B       0       0       0       0   181CD    3039       0       0
    9999985                    15                    15             1.8126465E-04         1.0000000E+30            257601       
 NEXT SEEDS:17DDB6E8       B       0       0       0       0   181CD    3039       0       0
    9999986                    14                    14             1.8126464E-04         1.0000000E+30            257601       
 NEXT SEEDS:17DDBA05       B       0       0       0       0   181CD    3039       0       0
    9999987                    13                    13             1.8126466E-04         1.0000000E+30            257601       
 NEXT SEEDS:17DDC420       B       0       0       0       0   181CD    3039       0       0
    9999988                    12                    12             1.8126468E-04         1.0000000E+30            257601       
 NEXT SEEDS:17DDCA3A       B       0       0       0       0   181CD    3039       0       0
    9999989                    11                    11             1.8126467E-04         1.0000000E+30            257601       
 NEXT SEEDS:17DDCDEC       B       0       0       0       0   181CD    3039       0       0
    9999990                    10                    10             1.8126468E-04         1.0000000E+30            257601       
 NEXT SEEDS:17DDD0B5       B       0       0       0       0   181CD    3039       0       0
    9999991                     9                     9             1.8126469E-04         1.0000000E+30            257601       
 NEXT SEEDS:17DDD584       B       0       0       0       0   181CD    3039       0       0
    9999992                     8                     8             1.8126469E-04         1.0000000E+30            257601       
 NEXT SEEDS:17DDD806       B       0       0       0       0   181CD    3039       0       0
    9999993                     7                     7             1.8126469E-04         1.0000000E+30            257601       
 NEXT SEEDS:17DDD9EF       B       0       0       0       0   181CD    3039       0       0
    9999994                     6                     6             1.8126469E-04         1.0000000E+30            257601       
 NEXT SEEDS:17DDDF25       B       0       0       0       0   181CD    3039       0       0
    9999995                     5                     5             1.8126470E-04         1.0000000E+30            257601       
 NEXT SEEDS:17DDE56E       B       0       0       0       0   181CD    3039       0       0
    9999996                     4                     4             1.8126470E-04         1.0000000E+30            257601       
 NEXT SEEDS:17DDE9D5       B       0       0       0       0   181CD    3039       0       0
    9999997                     3                     3             1.8126471E-04         1.0000000E+30            257601       
 NEXT SEEDS:17DDEBF5       B       0       0       0       0   181CD    3039       0       0
    9999998                     2                     2             1.8126471E-04         1.0000000E+30            257601       
 NEXT SEEDS:17DDEEBE       B       0       0       0       0   181CD    3039       0       0
    9999999                     1                     1             1.8126474E-04         1.0000000E+30            257601       
 NEXT SEEDS:17DDF9F6       B       0       0       0       0   181CD    3039       0       0
   10000000                     0                     1             1.8126473E-04         1.0000000E+30            257601       
 NEXT SEEDS:17DDFC85       B       0       0       0       0   181CD    3039       0       0
