1NUMBER OF BEAM       NUMBER OF BEAM        APPROXIMATE NUMBER    AVERAGE TIME USED     TIME LEFT (RESERVED   NUMBER OF STARS
 PARTICLES HANDLED    PARTICLES LEFT        OF BEAM PARTICLES     BY A BEAM PARTICLE     10000.0 SECONDS      CREATED
                                            THAT CAN STILL BE                           FOR PRINTOUT)
                                            HANDLED

 NEXT SEEDS:       0       0       0       0       0       0   181CD    3039       0       0
          1              16666665              16666665             5.4407120E-04         1.0000000E+30                 0       
 NEXT SEEDS:     76B       0       0       0       0       0   181CD    3039       0       0
 COUSET, TXYZ:   1.00000000000910      0.255746230845771      0.966743950292107    
     300000              16366666              16366666             3.7650825E-04         1.0000000E+30             11669       
 NEXT SEEDS:1DCF1AD4       0       0       0       0       0   181CD    3039       0       0
     600000              16066666              16066666             3.8018282E-04         1.0000000E+30             23495       
 NEXT SEEDS:   8CFA9       1       0       0       0       0   181CD    3039       0       0
 COUSET, TXYZ:   1.00000000008448     -0.205400741470604      0.978677952940741    
     900000              15766666              15766666             3.5117172E-04         1.0000000E+30             35098       
 NEXT SEEDS:1DC1E0E0       1       0       0       0       0   181CD    3039       0       0
 COUSET, TXYZ:   1.00000000000712     -1.244321970282612E-02  0.999922580151916    
    1200000              15466666              15466666             3.2538830E-04         1.0000000E+30             46977       
 NEXT SEEDS:   D14BB       2       0       0       0       0   181CD    3039       0       0
    1500000              15166666              15166666             3.3454627E-04         1.0000000E+30             58819       
 NEXT SEEDS:1DE95020       2       0       0       0       0   181CD    3039       0       0
    1800000              14866666              14866666             3.4282317E-04         1.0000000E+30             70555       
 NEXT SEEDS:  1E000F       3       0       0       0       0   181CD    3039       0       0
    2100000              14566666              14566666             3.4083699E-04         1.0000000E+30             82264       
 NEXT SEEDS:1DECD8BC       3       0       0       0       0   181CD    3039       0       0
    2400000              14266666              14266666             3.2913828E-04         1.0000000E+30             94005       
 NEXT SEEDS:  150635       4       0       0       0       0   181CD    3039       0       0
    2700000              13966666              13966666             3.2011515E-04         1.0000000E+30            105782       
 NEXT SEEDS:1DDE7C9F       4       0       0       0       0   181CD    3039       0       0
    3000000              13666666              13666666             3.1280718E-04         1.0000000E+30            117615       
 NEXT SEEDS:3B9A762B       4       0       0       0       0   181CD    3039       0       0
    3300000              13366666              13366666             3.0684938E-04         1.0000000E+30            129439       
 NEXT SEEDS:1DCCF3AC       5       0       0       0       0   181CD    3039       0       0
    3600000              13066666              13066666             3.0190555E-04         1.0000000E+30            141239       
 NEXT SEEDS:   378FD       6       0       0       0       0   181CD    3039       0       0
    3900000              12766666              12766666             2.9779816E-04         1.0000000E+30            153179       
 NEXT SEEDS:1DE21F0C       6       0       0       0       0   181CD    3039       0       0
    4200000              12466666              12466666             2.9444463E-04         1.0000000E+30            164862       
 NEXT SEEDS:   CE341       7       0       0       0       0   181CD    3039       0       0
    4500000              12166666              12166666             2.9170426E-04         1.0000000E+30            176529       
 NEXT SEEDS:1DD97975       7       0       0       0       0   181CD    3039       0       0
    4800000              11866666              11866666             2.8896385E-04         1.0000000E+30            188347       
 NEXT SEEDS:  1082A2       8       0       0       0       0   181CD    3039       0       0
 COUSET, TXYZ:   1.00000000000713      0.365667476440390      0.930745559585417    
 COUSET, TXYZ:  0.999999999994091     -7.197698460591406E-02  0.997406293180077    
    5100000              11566666              11566666             2.8653112E-04         1.0000000E+30            200167       
 NEXT SEEDS:1DDC6FEA       8       0       0       0       0   181CD    3039       0       0
    5400000              11266666              11266666             2.8438677E-04         1.0000000E+30            211935       
 NEXT SEEDS:  18AB59       9       0       0       0       0   181CD    3039       0       0
    5700000              10966666              10966666             2.8242992E-04         1.0000000E+30            223659       
 NEXT SEEDS:1DD508A8       9       0       0       0       0   181CD    3039       0       0
    6000000              10666666              10666666             2.8611991E-04         1.0000000E+30            235392       
 NEXT SEEDS:  1A8167       A       0       0       0       0   181CD    3039       0       0
    6300000              10366666              10366666             2.8784152E-04         1.0000000E+30            247261       
 NEXT SEEDS:1DE37654       A       0       0       0       0   181CD    3039       0       0
    6600000              10066666              10066666             2.8601357E-04         1.0000000E+30            259078       
 NEXT SEEDS:  2572C5       B       0       0       0       0   181CD    3039       0       0
    6900000               9766666               9766666             2.8433816E-04         1.0000000E+30            270702       
 NEXT SEEDS:1DF930EB       B       0       0       0       0   181CD    3039       0       0
    7200000               9466666               9466666             2.8280811E-04         1.0000000E+30            282537       
 NEXT SEEDS:  22BC3D       C       0       0       0       0   181CD    3039       0       0
    7500000               9166666               9166666             2.8597308E-04         1.0000000E+30            294279       
 NEXT SEEDS:1DEE465D       C       0       0       0       0   181CD    3039       0       0
    7800000               8866666               8866666             2.8709998E-04         1.0000000E+30            306111       
 NEXT SEEDS:  24CD34       D       0       0       0       0   181CD    3039       0       0
    8100000               8566666               8566666             2.8606804E-04         1.0000000E+30            317910       
 NEXT SEEDS:1E0052E8       D       0       0       0       0   181CD    3039       0       0
    8400000               8266666               8266666             2.8547505E-04         1.0000000E+30            329730       
 NEXT SEEDS:  487472       E       0       0       0       0   181CD    3039       0       0
    8700000               7966666               7966666             2.8420320E-04         1.0000000E+30            341757       
 NEXT SEEDS:1E347E07       E       0       0       0       0   181CD    3039       0       0
    9000000               7666666               7666666             2.8299503E-04         1.0000000E+30            353634       
 NEXT SEEDS:  7306E8       F       0       0       0       0   181CD    3039       0       0
    9300000               7366666               7366666             2.8219010E-04         1.0000000E+30            365303       
 NEXT SEEDS:1E304852       F       0       0       0       0   181CD    3039       0       0
    9600000               7066666               7066666             2.8112844E-04         1.0000000E+30            377314       
 NEXT SEEDS:  7342A9      10       0       0       0       0   181CD    3039       0       0
    9900000               6766666               6766666             2.8248604E-04         1.0000000E+30            389207       
 NEXT SEEDS:1E429680      10       0       0       0       0   181CD    3039       0       0
   10200000               6466666               6466666             2.8546959E-04         1.0000000E+30            400978       
 NEXT SEEDS:  6B11F4      11       0       0       0       0   181CD    3039       0       0
   10500000               6166666               6166666             2.8829655E-04         1.0000000E+30            412694       
 NEXT SEEDS:1E33DDCC      11       0       0       0       0   181CD    3039       0       0
   10800000               5866666               5866666             2.9075980E-04         1.0000000E+30            424593       
 NEXT SEEDS:  69C79C      12       0       0       0       0   181CD    3039       0       0
   11100000               5566666               5566666             2.8967309E-04         1.0000000E+30            436226       
 NEXT SEEDS:1E26A91E      12       0       0       0       0   181CD    3039       0       0
   11400000               5266666               5266666             2.8856689E-04         1.0000000E+30            447891       
 NEXT SEEDS:  592000      13       0       0       0       0   181CD    3039       0       0
   11700000               4966666               4966666             2.8750993E-04         1.0000000E+30            459737       
 NEXT SEEDS:1E208924      13       0       0       0       0   181CD    3039       0       0
   12000000               4666666               4666666             2.8652451E-04         1.0000000E+30            471617       
 NEXT SEEDS:  642037      14       0       0       0       0   181CD    3039       0       0
   12300000               4366666               4366666             2.8557720E-04         1.0000000E+30            483533       
 NEXT SEEDS:1E36C518      14       0       0       0       0   181CD    3039       0       0
   12600000               4066666               4066666             2.8469347E-04         1.0000000E+30            495486       
 NEXT SEEDS:  7DEE27      15       0       0       0       0   181CD    3039       0       0
   12900000               3766666               3766666             2.8382619E-04         1.0000000E+30            507308       
 NEXT SEEDS:1E431AE9      15       0       0       0       0   181CD    3039       0       0
   13200000               3466666               3466666             2.8299111E-04         1.0000000E+30            519169       
 NEXT SEEDS:  658170      16       0       0       0       0   181CD    3039       0       0
   13500000               3166666               3166666             2.8220896E-04         1.0000000E+30            530842       
 NEXT SEEDS:1E2D82E8      16       0       0       0       0   181CD    3039       0       0
   13800000               2866666               2866666             2.8144423E-04         1.0000000E+30            542436       
 NEXT SEEDS:  48B326      17       0       0       0       0   181CD    3039       0       0
   14100000               2566666               2566666             2.8071852E-04         1.0000000E+30            554155       
 NEXT SEEDS:1E18EC0F      17       0       0       0       0   181CD    3039       0       0
   14400000               2266666               2266666             2.8090140E-04         1.0000000E+30            565998       
 NEXT SEEDS:  38AB48      18       0       0       0       0   181CD    3039       0       0
   14700000               1966666               1966666             2.8022102E-04         1.0000000E+30            577827       
 NEXT SEEDS:1E0A51CB      18       0       0       0       0   181CD    3039       0       0
   15000000               1666666               1666666             2.7956107E-04         1.0000000E+30            589640       
 NEXT SEEDS:  324C52      19       0       0       0       0   181CD    3039       0       0
   15300000               1366666               1366666             2.7894707E-04         1.0000000E+30            601495       
 NEXT SEEDS:1E0BECF7      19       0       0       0       0   181CD    3039       0       0
   15600000               1066666               1066666             2.7834044E-04         1.0000000E+30            613207       
 NEXT SEEDS:  35BA9A      1A       0       0       0       0   181CD    3039       0       0
   15900000                766666                766666             2.7775661E-04         1.0000000E+30            625037       
 NEXT SEEDS:1DF30C2D      1A       0       0       0       0   181CD    3039       0       0
   16200000                466666                466666             2.7719377E-04         1.0000000E+30            636868       
 NEXT SEEDS:  20AC56      1B       0       0       0       0   181CD    3039       0       0
   16500000                166666                166666             2.7665740E-04         1.0000000E+30            648678       
 NEXT SEEDS:1DDEE163      1B       0       0       0       0   181CD    3039       0       0
   16666616                    50                    50             2.7637183E-04         1.0000000E+30            655238       
 NEXT SEEDS:2E6DD214      1B       0       0       0       0   181CD    3039       0       0
   16666617                    49                    49             2.7637184E-04         1.0000000E+30            655238       
 NEXT SEEDS:2E6DD55D      1B       0       0       0       0   181CD    3039       0       0
   16666618                    48                    48             2.7637182E-04         1.0000000E+30            655238       
 NEXT SEEDS:2E6DD856      1B       0       0       0       0   181CD    3039       0       0
   16666619                    47                    47             2.7637183E-04         1.0000000E+30            655238       
 NEXT SEEDS:2E6DDCE5      1B       0       0       0       0   181CD    3039       0       0
   16666620                    46                    46             2.7637185E-04         1.0000000E+30            655238       
 NEXT SEEDS:2E6DE4F9      1B       0       0       0       0   181CD    3039       0       0
   16666621                    45                    45             2.7637183E-04         1.0000000E+30            655238       
 NEXT SEEDS:2E6DEAFD      1B       0       0       0       0   181CD    3039       0       0
   16666622                    44                    44             2.7637184E-04         1.0000000E+30            655238       
 NEXT SEEDS:2E6DF018      1B       0       0       0       0   181CD    3039       0       0
   16666623                    43                    43             2.7637183E-04         1.0000000E+30            655238       
 NEXT SEEDS:2E6DF30E      1B       0       0       0       0   181CD    3039       0       0
   16666624                    42                    42             2.7637184E-04         1.0000000E+30            655238       
 NEXT SEEDS:2E6DF7C2      1B       0       0       0       0   181CD    3039       0       0
   16666625                    41                    41             2.7637185E-04         1.0000000E+30            655238       
 NEXT SEEDS:2E6DFCB6      1B       0       0       0       0   181CD    3039       0       0
   16666626                    40                    40             2.7637184E-04         1.0000000E+30            655238       
 NEXT SEEDS:2E6E0205      1B       0       0       0       0   181CD    3039       0       0
   16666627                    39                    39             2.7637185E-04         1.0000000E+30            655238       
 NEXT SEEDS:2E6E075A      1B       0       0       0       0   181CD    3039       0       0
   16666628                    38                    38             2.7637183E-04         1.0000000E+30            655238       
 NEXT SEEDS:2E6E0D15      1B       0       0       0       0   181CD    3039       0       0
   16666629                    37                    37             2.7637184E-04         1.0000000E+30            655238       
 NEXT SEEDS:2E6E10BF      1B       0       0       0       0   181CD    3039       0       0
   16666630                    36                    36             2.7637183E-04         1.0000000E+30            655238       
 NEXT SEEDS:2E6E14C2      1B       0       0       0       0   181CD    3039       0       0
   16666631                    35                    35             2.7637184E-04         1.0000000E+30            655238       
 NEXT SEEDS:2E6E1759      1B       0       0       0       0   181CD    3039       0       0
   16666632                    34                    34             2.7637182E-04         1.0000000E+30            655238       
 NEXT SEEDS:2E6E1D0E      1B       0       0       0       0   181CD    3039       0       0
   16666633                    33                    33             2.7637184E-04         1.0000000E+30            655238       
 NEXT SEEDS:2E6E24D9      1B       0       0       0       0   181CD    3039       0       0
   16666634                    32                    32             2.7637185E-04         1.0000000E+30            655238       
 NEXT SEEDS:2E6E2B93      1B       0       0       0       0   181CD    3039       0       0
   16666635                    31                    31             2.7637186E-04         1.0000000E+30            655238       
 NEXT SEEDS:2E6E332C      1B       0       0       0       0   181CD    3039       0       0
   16666636                    30                    30             2.7637185E-04         1.0000000E+30            655238       
 NEXT SEEDS:2E6E384D      1B       0       0       0       0   181CD    3039       0       0
   16666637                    29                    29             2.7637186E-04         1.0000000E+30            655238       
 NEXT SEEDS:2E6E3A81      1B       0       0       0       0   181CD    3039       0       0
   16666638                    28                    28             2.7637184E-04         1.0000000E+30            655238       
 NEXT SEEDS:2E6E4162      1B       0       0       0       0   181CD    3039       0       0
   16666639                    27                    27             2.7637185E-04         1.0000000E+30            655238       
 NEXT SEEDS:2E6E4763      1B       0       0       0       0   181CD    3039       0       0
   16666640                    26                    26             2.7637187E-04         1.0000000E+30            655238       
 NEXT SEEDS:2E6E4F68      1B       0       0       0       0   181CD    3039       0       0
   16666641                    25                    25             2.7637188E-04         1.0000000E+30            655238       
 NEXT SEEDS:2E6E5A11      1B       0       0       0       0   181CD    3039       0       0
   16666642                    24                    24             2.7637189E-04         1.0000000E+30            655238       
 NEXT SEEDS:2E6E5FF9      1B       0       0       0       0   181CD    3039       0       0
   16666643                    23                    23             2.7637188E-04         1.0000000E+30            655238       
 NEXT SEEDS:2E6E62CC      1B       0       0       0       0   181CD    3039       0       0
   16666644                    22                    22             2.7637189E-04         1.0000000E+30            655238       
 NEXT SEEDS:2E6E67A1      1B       0       0       0       0   181CD    3039       0       0
   16666645                    21                    21             2.7637187E-04         1.0000000E+30            655238       
 NEXT SEEDS:2E6E6C3C      1B       0       0       0       0   181CD    3039       0       0
   16666646                    20                    20             2.7637188E-04         1.0000000E+30            655238       
 NEXT SEEDS:2E6E7417      1B       0       0       0       0   181CD    3039       0       0
   16666647                    19                    19             2.7637187E-04         1.0000000E+30            655238       
 NEXT SEEDS:2E6E786F      1B       0       0       0       0   181CD    3039       0       0
   16666648                    18                    18             2.7637188E-04         1.0000000E+30            655238       
 NEXT SEEDS:2E6E8225      1B       0       0       0       0   181CD    3039       0       0
   16666649                    17                    17             2.7637189E-04         1.0000000E+30            655238       
 NEXT SEEDS:2E6E86BE      1B       0       0       0       0   181CD    3039       0       0
   16666650                    16                    16             2.7637188E-04         1.0000000E+30            655238       
 NEXT SEEDS:2E6E8C3F      1B       0       0       0       0   181CD    3039       0       0
   16666651                    15                    15             2.7637189E-04         1.0000000E+30            655238       
 NEXT SEEDS:2E6E9245      1B       0       0       0       0   181CD    3039       0       0
   16666652                    14                    14             2.7637190E-04         1.0000000E+30            655238       
 NEXT SEEDS:2E6E956E      1B       0       0       0       0   181CD    3039       0       0
   16666653                    13                    13             2.7637189E-04         1.0000000E+30            655238       
 NEXT SEEDS:2E6E9E65      1B       0       0       0       0   181CD    3039       0       0
   16666654                    12                    12             2.7637190E-04         1.0000000E+30            655238       
 NEXT SEEDS:2E6EA3BA      1B       0       0       0       0   181CD    3039       0       0
   16666655                    11                    11             2.7637188E-04         1.0000000E+30            655238       
 NEXT SEEDS:2E6EA679      1B       0       0       0       0   181CD    3039       0       0
   16666656                    10                    10             2.7637198E-04         1.0000000E+30            655239       
 NEXT SEEDS:2E6ECB34      1B       0       0       0       0   181CD    3039       0       0
   16666657                     9                     9             2.7637197E-04         1.0000000E+30            655239       
 NEXT SEEDS:2E6ED273      1B       0       0       0       0   181CD    3039       0       0
   16666658                     8                     8             2.7637198E-04         1.0000000E+30            655239       
 NEXT SEEDS:2E6ED6CE      1B       0       0       0       0   181CD    3039       0       0
   16666659                     7                     7             2.7637199E-04         1.0000000E+30            655239       
 NEXT SEEDS:2E6EDAA0      1B       0       0       0       0   181CD    3039       0       0
   16666660                     6                     6             2.7637197E-04         1.0000000E+30            655239       
 NEXT SEEDS:2E6EDDA3      1B       0       0       0       0   181CD    3039       0       0
   16666661                     5                     5             2.7637196E-04         1.0000000E+30            655239       
 NEXT SEEDS:2E6EE188      1B       0       0       0       0   181CD    3039       0       0
   16666662                     4                     4             2.7637197E-04         1.0000000E+30            655239       
 NEXT SEEDS:2E6EE3F7      1B       0       0       0       0   181CD    3039       0       0
   16666663                     3                     3             2.7637195E-04         1.0000000E+30            655239       
 NEXT SEEDS:2E6EE7CC      1B       0       0       0       0   181CD    3039       0       0
   16666664                     2                     2             2.7637197E-04         1.0000000E+30            655239       
 NEXT SEEDS:2E6EEB0F      1B       0       0       0       0   181CD    3039       0       0
   16666665                     1                     1             2.7637195E-04         1.0000000E+30            655239       
 NEXT SEEDS:2E6EEEB1      1B       0       0       0       0   181CD    3039       0       0
   16666666                     0                     1             2.7637196E-04         1.0000000E+30            655239       
 NEXT SEEDS:2E6EF668      1B       0       0       0       0   181CD    3039       0       0
