1NUMBER OF BEAM       NUMBER OF BEAM        APPROXIMATE NUMBER    AVERAGE TIME USED     TIME LEFT (RESERVED   NUMBER OF STARS
 PARTICLES HANDLED    PARTICLES LEFT        OF BEAM PARTICLES     BY A BEAM PARTICLE     10000.0 SECONDS      CREATED
                                            THAT CAN STILL BE                           FOR PRINTOUT)
                                            HANDLED

 NEXT SEEDS:       0       0       0       0       0       0   181CD    3039       0       0
          1              19999999              19999999             1.3229847E-03         1.0000000E+30                 0       
 NEXT SEEDS:     C8B       0       0       0       0       0   181CD    3039       0       0
     400000              19600000              19600000             1.3272488E-03         1.0000000E+30             27685       
 NEXT SEEDS:19E0393B       1       0       0       0       0   181CD    3039       0       0
     800000              19200000              19200000             1.4198339E-03         1.0000000E+30             55703       
 NEXT SEEDS:33E822EB       2       0       0       0       0   181CD    3039       0       0
    1200000              18800000              18800000             1.4707013E-03         1.0000000E+30             83541       
 NEXT SEEDS:124C571B       4       0       0       0       0   181CD    3039       0       0
    1600000              18400000              18400000             1.4965244E-03         1.0000000E+30            111414       
 NEXT SEEDS:2C451DD0       5       0       0       0       0   181CD    3039       0       0
    2000000              18000000              18000000             1.5116619E-03         1.0000000E+30            138987       
 NEXT SEEDS: A92C7AC       7       0       0       0       0   181CD    3039       0       0
    2400000              17600000              17600000             1.5259503E-03         1.0000000E+30            166860       
 NEXT SEEDS:24925838       8       0       0       0       0   181CD    3039       0       0
    2800000              17200000              17200000             1.5375966E-03         1.0000000E+30            194546       
 NEXT SEEDS: 2F1A273       A       0       0       0       0   181CD    3039       0       0
    3200000              16800000              16800000             1.5477864E-03         1.0000000E+30            222039       
 NEXT SEEDS:1CD64D0A       B       0       0       0       0   181CD    3039       0       0
    3600000              16400000              16400000             1.5573475E-03         1.0000000E+30            249907       
 NEXT SEEDS:36DDFC96       C       0       0       0       0   181CD    3039       0       0
    4000000              16000000              16000000             1.5661386E-03         1.0000000E+30            277368       
 NEXT SEEDS:1523B9F2       E       0       0       0       0   181CD    3039       0       0
    4400000              15600000              15600000             1.5721572E-03         1.0000000E+30            304978       
 NEXT SEEDS:2F0925CF       F       0       0       0       0   181CD    3039       0       0
    4800000              15200000              15200000             1.5785671E-03         1.0000000E+30            332578       
 NEXT SEEDS: D4F2676      11       0       0       0       0   181CD    3039       0       0
    5200000              14800000              14800000             1.5815981E-03         1.0000000E+30            360260       
 NEXT SEEDS:2729B4D4      12       0       0       0       0   181CD    3039       0       0
    5600000              14400000              14400000             1.5840966E-03         1.0000000E+30            387855       
 NEXT SEEDS: 58FD9CE      14       0       0       0       0   181CD    3039       0       0
    6000000              14000000              14000000             1.5835645E-03         1.0000000E+30            415631       
 NEXT SEEDS:1F72334E      15       0       0       0       0   181CD    3039       0       0
    6400000              13600000              13600000             1.5854134E-03         1.0000000E+30            443425       
 NEXT SEEDS:396BA58A      16       0       0       0       0   181CD    3039       0       0
    6800000              13200000              13200000             1.5860086E-03         1.0000000E+30            470887       
 NEXT SEEDS:17BC9FD6      18       0       0       0       0   181CD    3039       0       0
    7200000              12800000              12800000             1.5871006E-03         1.0000000E+30            498238       
 NEXT SEEDS:319031A3      19       0       0       0       0   181CD    3039       0       0
    7600000              12400000              12400000             1.5912960E-03         1.0000000E+30            525870       
 NEXT SEEDS: FDBD43F      1B       0       0       0       0   181CD    3039       0       0
 COUSET, TXYZ:  0.999999999974621     -0.861284899920639      0.508122348571619    
    8000000              12000000              12000000             1.5972144E-03         1.0000000E+30            553392       
 NEXT SEEDS:29CB4D8D      1C       0       0       0       0   181CD    3039       0       0
    8400000              11600000              11600000             1.6030023E-03         1.0000000E+30            580894       
 NEXT SEEDS: 82AA24D      1E       0       0       0       0   181CD    3039       0       0
    8800000              11200000              11200000             1.6069266E-03         1.0000000E+30            608395       
 NEXT SEEDS:21E624AE      1F       0       0       0       0   181CD    3039       0       0
    9200000              10800000              10800000             1.6021145E-03         1.0000000E+30            636152       
 NEXT SEEDS:  3DFBC7      21       0       0       0       0   181CD    3039       0       0
    9600000              10400000              10400000             1.6001595E-03         1.0000000E+30            663655       
 NEXT SEEDS:19FEE7D0      22       0       0       0       0   181CD    3039       0       0
   10000000              10000000              10000000             1.6023473E-03         1.0000000E+30            691373       
 NEXT SEEDS:33E77DB3      23       0       0       0       0   181CD    3039       0       0
   10400000               9600000               9600000             1.6062489E-03         1.0000000E+30            719063       
 NEXT SEEDS:123BEC90      25       0       0       0       0   181CD    3039       0       0
 COUSET, TXYZ:   1.00000000000708      0.568592831675357      0.822619104921328    
 COUSET, TXYZ:   1.00000000001115     -0.966324526257836      0.257326465749000    
   10800000               9200000               9200000             1.6099297E-03         1.0000000E+30            746665       
 NEXT SEEDS:2C32C573      26       0       0       0       0   181CD    3039       0       0
   11200000               8800000               8800000             1.6131086E-03         1.0000000E+30            774195       
 NEXT SEEDS: A67C85A      28       0       0       0       0   181CD    3039       0       0
   11600000               8400000               8400000             1.6157358E-03         1.0000000E+30            802170       
 NEXT SEEDS:246E8D16      29       0       0       0       0   181CD    3039       0       0
   12000000               8000000               8000000             1.6192923E-03         1.0000000E+30            830140       
 NEXT SEEDS: 2EB32B2      2B       0       0       0       0   181CD    3039       0       0
   12400000               7600000               7600000             1.6243065E-03         1.0000000E+30            857687       
 NEXT SEEDS:1CC80168      2C       0       0       0       0   181CD    3039       0       0
   12800000               7200000               7200000             1.6294872E-03         1.0000000E+30            885058       
 NEXT SEEDS:369084C2      2D       0       0       0       0   181CD    3039       0       0
   13200000               6800000               6800000             1.6335238E-03         1.0000000E+30            912547       
 NEXT SEEDS:14EEFFD7      2F       0       0       0       0   181CD    3039       0       0
   13600000               6400000               6400000             1.6374690E-03         1.0000000E+30            940098       
 NEXT SEEDS:2EE18512      30       0       0       0       0   181CD    3039       0       0
   14000000               6000000               6000000             1.6404857E-03         1.0000000E+30            967784       
 NEXT SEEDS: D38A04C      32       0       0       0       0   181CD    3039       0       0
   14400000               5600000               5600000             1.6433131E-03         1.0000000E+30            995507       
 NEXT SEEDS:272B50E3      33       0       0       0       0   181CD    3039       0       0
   14800000               5200000               5200000             1.6458252E-03         1.0000000E+30           1023119       
 NEXT SEEDS: 576550D      35       0       0       0       0   181CD    3039       0       0
   15200000               4800000               4800000             1.6487778E-03         1.0000000E+30           1050890       
 NEXT SEEDS:1F7D660D      36       0       0       0       0   181CD    3039       0       0
   15600000               4400000               4400000             1.6510019E-03         1.0000000E+30           1078540       
 NEXT SEEDS:3964B811      37       0       0       0       0   181CD    3039       0       0
   16000000               4000000               4000000             1.6506801E-03         1.0000000E+30           1106368       
 NEXT SEEDS:17D164CB      39       0       0       0       0   181CD    3039       0       0
   16400000               3600000               3600000             1.6498295E-03         1.0000000E+30           1134062       
 NEXT SEEDS:31B2915B      3A       0       0       0       0   181CD    3039       0       0
 COUSET, TXYZ:   1.00000000001676     -0.611657510532918      0.791122676860034    
   16800000               3200000               3200000             1.6493021E-03         1.0000000E+30           1161824       
 NEXT SEEDS:101BF2D0      3C       0       0       0       0   181CD    3039       0       0
   17200000               2800000               2800000             1.6490221E-03         1.0000000E+30           1189440       
 NEXT SEEDS:2A1AD70F      3D       0       0       0       0   181CD    3039       0       0
   17600000               2400000               2400000             1.6480480E-03         1.0000000E+30           1217019       
 NEXT SEEDS: 857714C      3F       0       0       0       0   181CD    3039       0       0
   18000000               2000000               2000000             1.6471468E-03         1.0000000E+30           1244590       
 NEXT SEEDS:2234FBFE      40       0       0       0       0   181CD    3039       0       0
   18400000               1600000               1600000             1.6464181E-03         1.0000000E+30           1272532       
 NEXT SEEDS:  AA1C61      42       0       0       0       0   181CD    3039       0       0
   18800000               1200000               1200000             1.6452334E-03         1.0000000E+30           1300146       
 NEXT SEEDS:1A835BE8      43       0       0       0       0   181CD    3039       0       0
   19200000                800000                800000             1.6440906E-03         1.0000000E+30           1327933       
 NEXT SEEDS:34947515      44       0       0       0       0   181CD    3039       0       0
   19600000                400000                400000             1.6431831E-03         1.0000000E+30           1355605       
 NEXT SEEDS:12ECD138      46       0       0       0       0   181CD    3039       0       0
   19999950                    50                    50             1.6420192E-03         1.0000000E+30           1383007       
 NEXT SEEDS:2CC9C916      47       0       0       0       0   181CD    3039       0       0
   19999951                    49                    49             1.6420193E-03         1.0000000E+30           1383007       
 NEXT SEEDS:2CC9D586      47       0       0       0       0   181CD    3039       0       0
   19999952                    48                    48             1.6420192E-03         1.0000000E+30           1383007       
 NEXT SEEDS:2CC9E08D      47       0       0       0       0   181CD    3039       0       0
   19999953                    47                    47             1.6420191E-03         1.0000000E+30           1383007       
 NEXT SEEDS:2CC9ECF7      47       0       0       0       0   181CD    3039       0       0
   19999954                    46                    46             1.6420190E-03         1.0000000E+30           1383007       
 NEXT SEEDS:2CC9FABB      47       0       0       0       0   181CD    3039       0       0
   19999955                    45                    45             1.6420189E-03         1.0000000E+30           1383007       
 NEXT SEEDS:2CCA06CB      47       0       0       0       0   181CD    3039       0       0
   19999956                    44                    44             1.6420191E-03         1.0000000E+30           1383007       
 NEXT SEEDS:2CCA12DF      47       0       0       0       0   181CD    3039       0       0
   19999957                    43                    43             1.6420190E-03         1.0000000E+30           1383007       
 NEXT SEEDS:2CCA1E72      47       0       0       0       0   181CD    3039       0       0
   19999958                    42                    42             1.6420189E-03         1.0000000E+30           1383008       
 NEXT SEEDS:2CCA35A5      47       0       0       0       0   181CD    3039       0       0
   19999959                    41                    41             1.6420188E-03         1.0000000E+30           1383008       
 NEXT SEEDS:2CCA4207      47       0       0       0       0   181CD    3039       0       0
   19999960                    40                    40             1.6420189E-03         1.0000000E+30           1383008       
 NEXT SEEDS:2CCA4ECF      47       0       0       0       0   181CD    3039       0       0
   19999961                    39                    39             1.6420188E-03         1.0000000E+30           1383008       
 NEXT SEEDS:2CCA59F2      47       0       0       0       0   181CD    3039       0       0
   19999962                    38                    38             1.6420188E-03         1.0000000E+30           1383008       
 NEXT SEEDS:2CCA66E6      47       0       0       0       0   181CD    3039       0       0
   19999963                    37                    37             1.6420187E-03         1.0000000E+30           1383008       
 NEXT SEEDS:2CCA730F      47       0       0       0       0   181CD    3039       0       0
   19999964                    36                    36             1.6420188E-03         1.0000000E+30           1383008       
 NEXT SEEDS:2CCA7FFD      47       0       0       0       0   181CD    3039       0       0
   19999965                    35                    35             1.6420187E-03         1.0000000E+30           1383009       
 NEXT SEEDS:2CCA9B78      47       0       0       0       0   181CD    3039       0       0
   19999966                    34                    34             1.6420186E-03         1.0000000E+30           1383009       
 NEXT SEEDS:2CCAAC1E      47       0       0       0       0   181CD    3039       0       0
   19999967                    33                    33             1.6420185E-03         1.0000000E+30           1383009       
 NEXT SEEDS:2CCAB789      47       0       0       0       0   181CD    3039       0       0
   19999968                    32                    32             1.6420187E-03         1.0000000E+30           1383010       
 NEXT SEEDS:2CCAC595      47       0       0       0       0   181CD    3039       0       0
   19999969                    31                    31             1.6420186E-03         1.0000000E+30           1383010       
 NEXT SEEDS:2CCAD348      47       0       0       0       0   181CD    3039       0       0
   19999970                    30                    30             1.6420185E-03         1.0000000E+30           1383010       
 NEXT SEEDS:2CCADF5E      47       0       0       0       0   181CD    3039       0       0
   19999971                    29                    29             1.6420184E-03         1.0000000E+30           1383010       
 NEXT SEEDS:2CCAEB3B      47       0       0       0       0   181CD    3039       0       0
   19999972                    28                    28             1.6420183E-03         1.0000000E+30           1383010       
 NEXT SEEDS:2CCAF760      47       0       0       0       0   181CD    3039       0       0
   19999973                    27                    27             1.6420184E-03         1.0000000E+30           1383010       
 NEXT SEEDS:2CCB039E      47       0       0       0       0   181CD    3039       0       0
   19999974                    26                    26             1.6420184E-03         1.0000000E+30           1383010       
 NEXT SEEDS:2CCB0FCE      47       0       0       0       0   181CD    3039       0       0
   19999975                    25                    25             1.6420183E-03         1.0000000E+30           1383010       
 NEXT SEEDS:2CCB1D4F      47       0       0       0       0   181CD    3039       0       0
   19999976                    24                    24             1.6420182E-03         1.0000000E+30           1383011       
 NEXT SEEDS:2CCB30E6      47       0       0       0       0   181CD    3039       0       0
   19999977                    23                    23             1.6420183E-03         1.0000000E+30           1383011       
 NEXT SEEDS:2CCB3C6F      47       0       0       0       0   181CD    3039       0       0
   19999978                    22                    22             1.6420182E-03         1.0000000E+30           1383011       
 NEXT SEEDS:2CCB49C5      47       0       0       0       0   181CD    3039       0       0
   19999979                    21                    21             1.6420181E-03         1.0000000E+30           1383011       
 NEXT SEEDS:2CCB5749      47       0       0       0       0   181CD    3039       0       0
   19999980                    20                    20             1.6420181E-03         1.0000000E+30           1383011       
 NEXT SEEDS:2CCB6210      47       0       0       0       0   181CD    3039       0       0
   19999981                    19                    19             1.6420182E-03         1.0000000E+30           1383011       
 NEXT SEEDS:2CCB7017      47       0       0       0       0   181CD    3039       0       0
   19999982                    18                    18             1.6420181E-03         1.0000000E+30           1383011       
 NEXT SEEDS:2CCB7D0B      47       0       0       0       0   181CD    3039       0       0
   19999983                    17                    17             1.6420180E-03         1.0000000E+30           1383011       
 NEXT SEEDS:2CCB89DC      47       0       0       0       0   181CD    3039       0       0
   19999984                    16                    16             1.6420179E-03         1.0000000E+30           1383011       
 NEXT SEEDS:2CCB9547      47       0       0       0       0   181CD    3039       0       0
   19999985                    15                    15             1.6420178E-03         1.0000000E+30           1383011       
 NEXT SEEDS:2CCBA1B9      47       0       0       0       0   181CD    3039       0       0
   19999986                    14                    14             1.6420180E-03         1.0000000E+30           1383011       
 NEXT SEEDS:2CCBAE18      47       0       0       0       0   181CD    3039       0       0
   19999987                    13                    13             1.6420179E-03         1.0000000E+30           1383012       
 NEXT SEEDS:2CCBC307      47       0       0       0       0   181CD    3039       0       0
   19999988                    12                    12             1.6420178E-03         1.0000000E+30           1383012       
 NEXT SEEDS:2CCBCF70      47       0       0       0       0   181CD    3039       0       0
   19999989                    11                    11             1.6420179E-03         1.0000000E+30           1383013       
 NEXT SEEDS:2CCC00BF      47       0       0       0       0   181CD    3039       0       0
   19999990                    10                    10             1.6420178E-03         1.0000000E+30           1383013       
 NEXT SEEDS:2CCC0B9C      47       0       0       0       0   181CD    3039       0       0
   19999991                     9                     9             1.6420177E-03         1.0000000E+30           1383014       
 NEXT SEEDS:2CCC18E3      47       0       0       0       0   181CD    3039       0       0
   19999992                     8                     8             1.6420177E-03         1.0000000E+30           1383014       
 NEXT SEEDS:2CCC2515      47       0       0       0       0   181CD    3039       0       0
   19999993                     7                     7             1.6420178E-03         1.0000000E+30           1383014       
 NEXT SEEDS:2CCC30FD      47       0       0       0       0   181CD    3039       0       0
   19999994                     6                     6             1.6420177E-03         1.0000000E+30           1383014       
 NEXT SEEDS:2CCC3E9C      47       0       0       0       0   181CD    3039       0       0
   19999995                     5                     5             1.6420176E-03         1.0000000E+30           1383014       
 NEXT SEEDS:2CCC4912      47       0       0       0       0   181CD    3039       0       0
   19999996                     4                     4             1.6420175E-03         1.0000000E+30           1383014       
 NEXT SEEDS:2CCC5528      47       0       0       0       0   181CD    3039       0       0
   19999997                     3                     3             1.6420175E-03         1.0000000E+30           1383014       
 NEXT SEEDS:2CCC613C      47       0       0       0       0   181CD    3039       0       0
   19999998                     2                     2             1.6420176E-03         1.0000000E+30           1383014       
 NEXT SEEDS:2CCC6D5B      47       0       0       0       0   181CD    3039       0       0
   19999999                     1                     1             1.6420175E-03         1.0000000E+30           1383014       
 NEXT SEEDS:2CCC79B9      47       0       0       0       0   181CD    3039       0       0
   20000000                     0                     1             1.6420174E-03         1.0000000E+30           1383014       
 NEXT SEEDS:2CCC867D      47       0       0       0       0   181CD    3039       0       0
