1NUMBER OF BEAM       NUMBER OF BEAM        APPROXIMATE NUMBER    AVERAGE TIME USED     TIME LEFT (RESERVED   NUMBER OF STARS
 PARTICLES HANDLED    PARTICLES LEFT        OF BEAM PARTICLES     BY A BEAM PARTICLE     10000.0 SECONDS      CREATED
                                            THAT CAN STILL BE                           FOR PRINTOUT)
                                            HANDLED

 NEXT SEEDS:       0       0       0       0       0       0   181CD    3039       0       0
          1              25999999              25999999             5.6290627E-04         1.0000000E+30                 0       
 NEXT SEEDS:     8C4       0       0       0       0       0   181CD    3039       0       0
     500000              25500000              25500000             4.6533305E-04         1.0000000E+30              2830       
 NEXT SEEDS: 71A18C7       1       0       0       0       0   181CD    3039       0       0
    1000000              25000000              25000000             4.7988648E-04         1.0000000E+30              5616       
 NEXT SEEDS: E35EBCD       2       0       0       0       0   181CD    3039       0       0
    1500000              24500000              24500000             5.6793860E-04         1.0000000E+30              8596       
 NEXT SEEDS:1552FF71       3       0       0       0       0   181CD    3039       0       0
    2000000              24000000              24000000             5.9403910E-04         1.0000000E+30             11462       
 NEXT SEEDS:1C739FBD       4       0       0       0       0   181CD    3039       0       0
    2500000              23500000              23500000             5.7736883E-04         1.0000000E+30             14298       
 NEXT SEEDS:238ED138       5       0       0       0       0   181CD    3039       0       0
    3000000              23000000              23000000             5.6327582E-04         1.0000000E+30             17273       
 NEXT SEEDS:2AAB4845       6       0       0       0       0   181CD    3039       0       0
    3500000              22500000              22500000             5.4680317E-04         1.0000000E+30             20085       
 NEXT SEEDS:31C8158A       7       0       0       0       0   181CD    3039       0       0
    4000000              22000000              22000000             5.3444921E-04         1.0000000E+30             22967       
 NEXT SEEDS:38E35C28       8       0       0       0       0   181CD    3039       0       0
    4500000              21500000              21500000             5.2559976E-04         1.0000000E+30             25915       
 NEXT SEEDS: 466E7AE       A       0       0       0       0   181CD    3039       0       0
    5000000              21000000              21000000             5.1782680E-04         1.0000000E+30             28761       
 NEXT SEEDS: B898DF2       B       0       0       0       0   181CD    3039       0       0
    5500000              20500000              20500000             5.1143096E-04         1.0000000E+30             31700       
 NEXT SEEDS:12A7ECCB       C       0       0       0       0   181CD    3039       0       0
    6000000              20000000              20000000             5.0614660E-04         1.0000000E+30             34486       
 NEXT SEEDS:19C54425       D       0       0       0       0   181CD    3039       0       0
    6500000              19500000              19500000             5.0163348E-04         1.0000000E+30             37320       
 NEXT SEEDS:20DF9509       E       0       0       0       0   181CD    3039       0       0
    7000000              19000000              19000000             4.9777905E-04         1.0000000E+30             40278       
 NEXT SEEDS:27FB5A89       F       0       0       0       0   181CD    3039       0       0
    7500000              18500000              18500000             4.9445292E-04         1.0000000E+30             43155       
 NEXT SEEDS:2F17BC66      10       0       0       0       0   181CD    3039       0       0
    8000000              18000000              18000000             4.9152578E-04         1.0000000E+30             46003       
 NEXT SEEDS:3638618C      11       0       0       0       0   181CD    3039       0       0
    8500000              17500000              17500000             4.8899772E-04         1.0000000E+30             49001       
 NEXT SEEDS: 1BD273C      13       0       0       0       0   181CD    3039       0       0
    9000000              17000000              17000000             4.8685055E-04         1.0000000E+30             51835       
 NEXT SEEDS: 8D79248      14       0       0       0       0   181CD    3039       0       0
    9500000              16500000              16500000             4.8492544E-04         1.0000000E+30             54705       
 NEXT SEEDS: FF4621A      15       0       0       0       0   181CD    3039       0       0
   10000000              16000000              16000000             4.8307497E-04         1.0000000E+30             57704       
 NEXT SEEDS:17160D30      16       0       0       0       0   181CD    3039       0       0
   10500000              15500000              15500000             4.8139246E-04         1.0000000E+30             60577       
 NEXT SEEDS:1E369EB3      17       0       0       0       0   181CD    3039       0       0
   11000000              15000000              15000000             4.7986499E-04         1.0000000E+30             63409       
 NEXT SEEDS:255536A8      18       0       0       0       0   181CD    3039       0       0
   11500000              14500000              14500000             4.7845955E-04         1.0000000E+30             66290       
 NEXT SEEDS:2C778EA8      19       0       0       0       0   181CD    3039       0       0
   12000000              14000000              14000000             4.7716331E-04         1.0000000E+30             69249       
 NEXT SEEDS:3397EF7C      1A       0       0       0       0   181CD    3039       0       0
   12500000              13500000              13500000             4.7599205E-04         1.0000000E+30             72167       
 NEXT SEEDS:3AB86EAF      1B       0       0       0       0   181CD    3039       0       0
   13000000              13000000              13000000             4.7489394E-04         1.0000000E+30             75021       
 NEXT SEEDS: 6392B75      1D       0       0       0       0   181CD    3039       0       0
   13500000              12500000              12500000             4.7397795E-04         1.0000000E+30             77911       
 NEXT SEEDS: D532031      1E       0       0       0       0   181CD    3039       0       0
   14000000              12000000              12000000             4.7316551E-04         1.0000000E+30             80798       
 NEXT SEEDS:14770998      1F       0       0       0       0   181CD    3039       0       0
   14500000              11500000              11500000             4.7230709E-04         1.0000000E+30             83578       
 NEXT SEEDS:1B8F27F6      20       0       0       0       0   181CD    3039       0       0
   15000000              11000000              11000000             4.7151538E-04         1.0000000E+30             86587       
 NEXT SEEDS:22AF11C3      21       0       0       0       0   181CD    3039       0       0
   15500000              10500000              10500000             4.7074374E-04         1.0000000E+30             89467       
 NEXT SEEDS:29C9C3DC      22       0       0       0       0   181CD    3039       0       0
   16000000              10000000              10000000             4.7003645E-04         1.0000000E+30             92358       
 NEXT SEEDS:30E5E936      23       0       0       0       0   181CD    3039       0       0
   16500000               9500000               9500000             4.6935764E-04         1.0000000E+30             95141       
 NEXT SEEDS:3805B2FE      24       0       0       0       0   181CD    3039       0       0
   17000000               9000000               9000000             4.6874088E-04         1.0000000E+30             98049       
 NEXT SEEDS: 387BEA5      26       0       0       0       0   181CD    3039       0       0
   17500000               8500000               8500000             4.6816324E-04         1.0000000E+30            100950       
 NEXT SEEDS: AA46AF5      27       0       0       0       0   181CD    3039       0       0
   18000000               8000000               8000000             4.6767682E-04         1.0000000E+30            103858       
 NEXT SEEDS:11C45374      28       0       0       0       0   181CD    3039       0       0
   18500000               7500000               7500000             4.6720736E-04         1.0000000E+30            106730       
 NEXT SEEDS:18DCEDFB      29       0       0       0       0   181CD    3039       0       0
   19000000               7000000               7000000             4.6668479E-04         1.0000000E+30            109667       
 NEXT SEEDS:1FFA01A9      2A       0       0       0       0   181CD    3039       0       0
   19500000               6500000               6500000             4.6620313E-04         1.0000000E+30            112464       
 NEXT SEEDS:2711FBE1      2B       0       0       0       0   181CD    3039       0       0
   20000000               6000000               6000000             4.6574981E-04         1.0000000E+30            115343       
 NEXT SEEDS:2E2EC473      2C       0       0       0       0   181CD    3039       0       0
   20500000               5500000               5500000             4.6531103E-04         1.0000000E+30            118253       
 NEXT SEEDS:35503622      2D       0       0       0       0   181CD    3039       0       0
   21000000               5000000               5000000             4.6491830E-04         1.0000000E+30            121098       
 NEXT SEEDS:  CFE017      2F       0       0       0       0   181CD    3039       0       0
   21500000               4500000               4500000             4.6450264E-04         1.0000000E+30            124029       
 NEXT SEEDS: 7EBB31C      30       0       0       0       0   181CD    3039       0       0
   22000000               4000000               4000000             4.6413513E-04         1.0000000E+30            126919       
 NEXT SEEDS: F094EA2      31       0       0       0       0   181CD    3039       0       0
   22500000               3500000               3500000             4.6388625E-04         1.0000000E+30            129819       
 NEXT SEEDS:16246056      32       0       0       0       0   181CD    3039       0       0
   23000000               3000000               3000000             4.6354259E-04         1.0000000E+30            132708       
 NEXT SEEDS:1D3A350B      33       0       0       0       0   181CD    3039       0       0
   23500000               2500000               2500000             4.6319715E-04         1.0000000E+30            135596       
 NEXT SEEDS:24588993      34       0       0       0       0   181CD    3039       0       0
   24000000               2000000               2000000             4.6287623E-04         1.0000000E+30            138530       
 NEXT SEEDS:2B74E8F7      35       0       0       0       0   181CD    3039       0       0
   24500000               1500000               1500000             4.6256394E-04         1.0000000E+30            141442       
 NEXT SEEDS:328D4C43      36       0       0       0       0   181CD    3039       0       0
   25000000               1000000               1000000             4.6227270E-04         1.0000000E+30            144375       
 NEXT SEEDS:39A720FA      37       0       0       0       0   181CD    3039       0       0
   25500000                500000                500000             4.6198304E-04         1.0000000E+30            147261       
 NEXT SEEDS: 5292B32      39       0       0       0       0   181CD    3039       0       0
   25999950                    50                    50             4.6170714E-04         1.0000000E+30            150063       
 NEXT SEEDS: C422C31      3A       0       0       0       0   181CD    3039       0       0
   25999951                    49                    49             4.6170712E-04         1.0000000E+30            150063       
 NEXT SEEDS: C4234ED      3A       0       0       0       0   181CD    3039       0       0
   25999952                    48                    48             4.6170714E-04         1.0000000E+30            150063       
 NEXT SEEDS: C423D05      3A       0       0       0       0   181CD    3039       0       0
   25999953                    47                    47             4.6170712E-04         1.0000000E+30            150063       
 NEXT SEEDS: C424AA7      3A       0       0       0       0   181CD    3039       0       0
   25999954                    46                    46             4.6170714E-04         1.0000000E+30            150063       
 NEXT SEEDS: C4253DF      3A       0       0       0       0   181CD    3039       0       0
   25999955                    45                    45             4.6170712E-04         1.0000000E+30            150063       
 NEXT SEEDS: C425C2E      3A       0       0       0       0   181CD    3039       0       0
   25999956                    44                    44             4.6170714E-04         1.0000000E+30            150063       
 NEXT SEEDS: C42649E      3A       0       0       0       0   181CD    3039       0       0
   25999957                    43                    43             4.6170713E-04         1.0000000E+30            150063       
 NEXT SEEDS: C426D36      3A       0       0       0       0   181CD    3039       0       0
   25999958                    42                    42             4.6170711E-04         1.0000000E+30            150063       
 NEXT SEEDS: C427572      3A       0       0       0       0   181CD    3039       0       0
   25999959                    41                    41             4.6170713E-04         1.0000000E+30            150063       
 NEXT SEEDS: C427E1C      3A       0       0       0       0   181CD    3039       0       0
   25999960                    40                    40             4.6170711E-04         1.0000000E+30            150063       
 NEXT SEEDS: C42867B      3A       0       0       0       0   181CD    3039       0       0
   25999961                    39                    39             4.6170709E-04         1.0000000E+30            150063       
 NEXT SEEDS: C428F16      3A       0       0       0       0   181CD    3039       0       0
   25999962                    38                    38             4.6170711E-04         1.0000000E+30            150063       
 NEXT SEEDS: C42977C      3A       0       0       0       0   181CD    3039       0       0
   25999963                    37                    37             4.6170709E-04         1.0000000E+30            150063       
 NEXT SEEDS: C42A027      3A       0       0       0       0   181CD    3039       0       0
   25999964                    36                    36             4.6170711E-04         1.0000000E+30            150063       
 NEXT SEEDS: C42A82A      3A       0       0       0       0   181CD    3039       0       0
   25999965                    35                    35             4.6170710E-04         1.0000000E+30            150063       
 NEXT SEEDS: C42B0B1      3A       0       0       0       0   181CD    3039       0       0
   25999966                    34                    34             4.6170708E-04         1.0000000E+30            150063       
 NEXT SEEDS: C42B962      3A       0       0       0       0   181CD    3039       0       0
   25999967                    33                    33             4.6170710E-04         1.0000000E+30            150063       
 NEXT SEEDS: C42C19D      3A       0       0       0       0   181CD    3039       0       0
   25999968                    32                    32             4.6170708E-04         1.0000000E+30            150063       
 NEXT SEEDS: C42C9DC      3A       0       0       0       0   181CD    3039       0       0
   25999969                    31                    31             4.6170706E-04         1.0000000E+30            150063       
 NEXT SEEDS: C42D25B      3A       0       0       0       0   181CD    3039       0       0
   25999970                    30                    30             4.6170708E-04         1.0000000E+30            150063       
 NEXT SEEDS: C42DA60      3A       0       0       0       0   181CD    3039       0       0
   25999971                    29                    29             4.6170707E-04         1.0000000E+30            150063       
 NEXT SEEDS: C42E26D      3A       0       0       0       0   181CD    3039       0       0
   25999972                    28                    28             4.6170709E-04         1.0000000E+30            150063       
 NEXT SEEDS: C42EA97      3A       0       0       0       0   181CD    3039       0       0
   25999973                    27                    27             4.6170707E-04         1.0000000E+30            150063       
 NEXT SEEDS: C42F2CD      3A       0       0       0       0   181CD    3039       0       0
   25999974                    26                    26             4.6170705E-04         1.0000000E+30            150063       
 NEXT SEEDS: C42FB8F      3A       0       0       0       0   181CD    3039       0       0
   25999975                    25                    25             4.6170707E-04         1.0000000E+30            150063       
 NEXT SEEDS: C430445      3A       0       0       0       0   181CD    3039       0       0
   25999976                    24                    24             4.6170705E-04         1.0000000E+30            150063       
 NEXT SEEDS: C430CDC      3A       0       0       0       0   181CD    3039       0       0
   25999977                    23                    23             4.6170703E-04         1.0000000E+30            150063       
 NEXT SEEDS: C431566      3A       0       0       0       0   181CD    3039       0       0
   25999978                    22                    22             4.6170705E-04         1.0000000E+30            150063       
 NEXT SEEDS: C431E62      3A       0       0       0       0   181CD    3039       0       0
   25999979                    21                    21             4.6170704E-04         1.0000000E+30            150063       
 NEXT SEEDS: C4326C8      3A       0       0       0       0   181CD    3039       0       0
   25999980                    20                    20             4.6170702E-04         1.0000000E+30            150063       
 NEXT SEEDS: C432ED4      3A       0       0       0       0   181CD    3039       0       0
   25999981                    19                    19             4.6170704E-04         1.0000000E+30            150063       
 NEXT SEEDS: C43374C      3A       0       0       0       0   181CD    3039       0       0
   25999982                    18                    18             4.6170702E-04         1.0000000E+30            150063       
 NEXT SEEDS: C433FC7      3A       0       0       0       0   181CD    3039       0       0
   25999983                    17                    17             4.6170704E-04         1.0000000E+30            150063       
 NEXT SEEDS: C4348BF      3A       0       0       0       0   181CD    3039       0       0
   25999984                    16                    16             4.6170702E-04         1.0000000E+30            150063       
 NEXT SEEDS: C435151      3A       0       0       0       0   181CD    3039       0       0
   25999985                    15                    15             4.6170700E-04         1.0000000E+30            150063       
 NEXT SEEDS: C4359BF      3A       0       0       0       0   181CD    3039       0       0
   25999986                    14                    14             4.6170702E-04         1.0000000E+30            150063       
 NEXT SEEDS: C436701      3A       0       0       0       0   181CD    3039       0       0
   25999987                    13                    13             4.6170701E-04         1.0000000E+30            150063       
 NEXT SEEDS: C436FCE      3A       0       0       0       0   181CD    3039       0       0
   25999988                    12                    12             4.6170703E-04         1.0000000E+30            150063       
 NEXT SEEDS: C43784D      3A       0       0       0       0   181CD    3039       0       0
   25999989                    11                    11             4.6170701E-04         1.0000000E+30            150063       
 NEXT SEEDS: C4380E2      3A       0       0       0       0   181CD    3039       0       0
   25999990                    10                    10             4.6170699E-04         1.0000000E+30            150063       
 NEXT SEEDS: C4389C2      3A       0       0       0       0   181CD    3039       0       0
   25999991                     9                     9             4.6170701E-04         1.0000000E+30            150063       
 NEXT SEEDS: C43923A      3A       0       0       0       0   181CD    3039       0       0
   25999992                     8                     8             4.6170699E-04         1.0000000E+30            150063       
 NEXT SEEDS: C439BA7      3A       0       0       0       0   181CD    3039       0       0
   25999993                     7                     7             4.6170698E-04         1.0000000E+30            150063       
 NEXT SEEDS: C43A494      3A       0       0       0       0   181CD    3039       0       0
   25999994                     6                     6             4.6170699E-04         1.0000000E+30            150063       
 NEXT SEEDS: C43AD06      3A       0       0       0       0   181CD    3039       0       0
   25999995                     5                     5             4.6170698E-04         1.0000000E+30            150063       
 NEXT SEEDS: C43B587      3A       0       0       0       0   181CD    3039       0       0
   25999996                     4                     4             4.6170700E-04         1.0000000E+30            150063       
 NEXT SEEDS: C43BD81      3A       0       0       0       0   181CD    3039       0       0
   25999997                     3                     3             4.6170698E-04         1.0000000E+30            150063       
 NEXT SEEDS: C43C638      3A       0       0       0       0   181CD    3039       0       0
   25999998                     2                     2             4.6170696E-04         1.0000000E+30            150063       
 NEXT SEEDS: C43CE5F      3A       0       0       0       0   181CD    3039       0       0
   25999999                     1                     1             4.6170698E-04         1.0000000E+30            150063       
 NEXT SEEDS: C43D764      3A       0       0       0       0   181CD    3039       0       0
   26000000                     0                     1             4.6170696E-04         1.0000000E+30            150063       
 NEXT SEEDS: C43DFD5      3A       0       0       0       0   181CD    3039       0       0
