1NUMBER OF BEAM       NUMBER OF BEAM        APPROXIMATE NUMBER    AVERAGE TIME USED     TIME LEFT (RESERVED   NUMBER OF STARS
 PARTICLES HANDLED    PARTICLES LEFT        OF BEAM PARTICLES     BY A BEAM PARTICLE     10000.0 SECONDS      CREATED
                                            THAT CAN STILL BE                           FOR PRINTOUT)
                                            HANDLED

 NEXT SEEDS:       0       0       0       0       0       0   181CD    3039       0       0
          1               9999999               9999999             0.0000000E+00         1.0000000E+30                 0       
 NEXT SEEDS:     2F6       0       0       0       0       0   181CD    3039       0       0
     200000               9800000               9800000             2.0327045E-04         1.0000000E+30              2593       
 NEXT SEEDS: 77E1247       0       0       0       0       0   181CD    3039       0       0
     400000               9600000               9600000             1.9828147E-04         1.0000000E+30              5170       
 NEXT SEEDS: EFAFFAD       0       0       0       0       0   181CD    3039       0       0
     600000               9400000               9400000             1.9313556E-04         1.0000000E+30              7733       
 NEXT SEEDS:167FCEAA       0       0       0       0       0   181CD    3039       0       0
     800000               9200000               9200000             1.9063758E-04         1.0000000E+30             10338       
 NEXT SEEDS:1DF9885F       0       0       0       0       0   181CD    3039       0       0
    1000000               9000000               9000000             1.8888697E-04         1.0000000E+30             12906       
 NEXT SEEDS:256F154B       0       0       0       0       0   181CD    3039       0       0
    1200000               8800000               8800000             1.8911638E-04         1.0000000E+30             15557       
 NEXT SEEDS:2CEB45A3       0       0       0       0       0   181CD    3039       0       0
    1400000               8600000               8600000             1.9170107E-04         1.0000000E+30             18249       
 NEXT SEEDS:34781812       0       0       0       0       0   181CD    3039       0       0
    1600000               8400000               8400000             1.9142179E-04         1.0000000E+30             20855       
 NEXT SEEDS:  5557C9       1       0       0       0       0   181CD    3039       0       0
    1800000               8200000               8200000             1.9037504E-04         1.0000000E+30             23424       
 NEXT SEEDS: 7D1C4F6       1       0       0       0       0   181CD    3039       0       0
    2000000               8000000               8000000             1.8956305E-04         1.0000000E+30             26062       
 NEXT SEEDS: F571428       1       0       0       0       0   181CD    3039       0       0
    2200000               7800000               7800000             1.8890486E-04         1.0000000E+30             28667       
 NEXT SEEDS:16E1FE80       1       0       0       0       0   181CD    3039       0       0
    2400000               7600000               7600000             1.8936143E-04         1.0000000E+30             31298       
 NEXT SEEDS:1E6A3E7D       1       0       0       0       0   181CD    3039       0       0
    2600000               7400000               7400000             1.9046955E-04         1.0000000E+30             33850       
 NEXT SEEDS:25D92104       1       0       0       0       0   181CD    3039       0       0
    2800000               7200000               7200000             1.8990784E-04         1.0000000E+30             36394       
 NEXT SEEDS:2D5340B6       1       0       0       0       0   181CD    3039       0       0
    3000000               7000000               7000000             1.8948946E-04         1.0000000E+30             39025       
 NEXT SEEDS:34D33B15       1       0       0       0       0   181CD    3039       0       0
    3200000               6800000               6800000             1.8950853E-04         1.0000000E+30             41567       
 NEXT SEEDS:  B0C90B       2       0       0       0       0   181CD    3039       0       0
    3400000               6600000               6600000             1.8919258E-04         1.0000000E+30             44206       
 NEXT SEEDS: 83ADC57       2       0       0       0       0   181CD    3039       0       0
    3600000               6400000               6400000             1.8988639E-04         1.0000000E+30             46747       
 NEXT SEEDS: FB10BC5       2       0       0       0       0   181CD    3039       0       0
    3800000               6200000               6200000             1.9011005E-04         1.0000000E+30             49395       
 NEXT SEEDS:1731AF5F       2       0       0       0       0   181CD    3039       0       0
    4000000               6000000               6000000             1.8970791E-04         1.0000000E+30             52035       
 NEXT SEEDS:1EA95B51       2       0       0       0       0   181CD    3039       0       0
    4200000               5800000               5800000             1.8932401E-04         1.0000000E+30             54623       
 NEXT SEEDS:261E9BB6       2       0       0       0       0   181CD    3039       0       0
    4400000               5600000               5600000             1.8900092E-04         1.0000000E+30             57142       
 NEXT SEEDS:2D963A88       2       0       0       0       0   181CD    3039       0       0
    4600000               5400000               5400000             1.8928496E-04         1.0000000E+30             59884       
 NEXT SEEDS:351C50FA       2       0       0       0       0   181CD    3039       0       0
    4800000               5200000               5200000             1.9013458E-04         1.0000000E+30             62457       
 NEXT SEEDS: 10553E6       3       0       0       0       0   181CD    3039       0       0
    5000000               5000000               5000000             1.8986621E-04         1.0000000E+30             65036       
 NEXT SEEDS: 87E174A       3       0       0       0       0   181CD    3039       0       0
    5200000               4800000               4800000             1.8960478E-04         1.0000000E+30             67686       
 NEXT SEEDS:1003AE14       3       0       0       0       0   181CD    3039       0       0
    5400000               4600000               4600000             1.8934215E-04         1.0000000E+30             70338       
 NEXT SEEDS:178035FA       3       0       0       0       0   181CD    3039       0       0
    5600000               4400000               4400000             1.8909465E-04         1.0000000E+30             72979       
 NEXT SEEDS:1F011F7C       3       0       0       0       0   181CD    3039       0       0
    5800000               4200000               4200000             1.8937582E-04         1.0000000E+30             75623       
 NEXT SEEDS:26854F62       3       0       0       0       0   181CD    3039       0       0
 COUSET, TXYZ:  0.999999999989751      0.560363783129975      0.828246600074981    
    6000000               4000000               4000000             1.8972727E-04         1.0000000E+30             78304       
 NEXT SEEDS:2E0A15AD       3       0       0       0       0   181CD    3039       0       0
    6200000               3800000               3800000             1.8951095E-04         1.0000000E+30             80911       
 NEXT SEEDS:358F0495       3       0       0       0       0   181CD    3039       0       0
    6400000               3600000               3600000             1.8951569E-04         1.0000000E+30             83493       
 NEXT SEEDS: 167D560       4       0       0       0       0   181CD    3039       0       0
    6600000               3400000               3400000             1.8931472E-04         1.0000000E+30             86020       
 NEXT SEEDS: 8E27D4E       4       0       0       0       0   181CD    3039       0       0
    6800000               3200000               3200000             1.8911461E-04         1.0000000E+30             88599       
 NEXT SEEDS:10585E33       4       0       0       0       0   181CD    3039       0       0
    7000000               3000000               3000000             1.8960903E-04         1.0000000E+30             91301       
 NEXT SEEDS:17D9C52D       4       0       0       0       0   181CD    3039       0       0
    7200000               2800000               2800000             1.8966559E-04         1.0000000E+30             93983       
 NEXT SEEDS:1F5C212F       4       0       0       0       0   181CD    3039       0       0
    7400000               2600000               2600000             1.8946987E-04         1.0000000E+30             96575       
 NEXT SEEDS:26E12521       4       0       0       0       0   181CD    3039       0       0
    7600000               2400000               2400000             1.8930715E-04         1.0000000E+30             99178       
 NEXT SEEDS:2E750BBC       4       0       0       0       0   181CD    3039       0       0
    7800000               2200000               2200000             1.8916134E-04         1.0000000E+30            101821       
 NEXT SEEDS:35F8D5CE       4       0       0       0       0   181CD    3039       0       0
    8000000               2000000               2000000             1.8940599E-04         1.0000000E+30            104444       
 NEXT SEEDS: 1D7D2DC       5       0       0       0       0   181CD    3039       0       0
    8200000               1800000               1800000             1.8978423E-04         1.0000000E+30            107059       
 NEXT SEEDS: 9528843       5       0       0       0       0   181CD    3039       0       0
    8400000               1600000               1600000             1.8963103E-04         1.0000000E+30            109642       
 NEXT SEEDS:10CA5DC2       5       0       0       0       0   181CD    3039       0       0
    8600000               1400000               1400000             1.8946952E-04         1.0000000E+30            112228       
 NEXT SEEDS:18402EEA       5       0       0       0       0   181CD    3039       0       0
    8800000               1200000               1200000             1.8931109E-04         1.0000000E+30            114878       
 NEXT SEEDS:1FC32746       5       0       0       0       0   181CD    3039       0       0
    9000000               1000000               1000000             1.8916463E-04         1.0000000E+30            117399       
 NEXT SEEDS:273919B3       5       0       0       0       0   181CD    3039       0       0
    9200000                800000                800000             1.8958834E-04         1.0000000E+30            120036       
 NEXT SEEDS:2EB6CCB8       5       0       0       0       0   181CD    3039       0       0
 COUSET, TXYZ:   1.00000000024206     -0.375405067244224      0.926860850382346    
    9400000                600000                600000             1.8956809E-04         1.0000000E+30            122670       
 NEXT SEEDS:3634D152       5       0       0       0       0   181CD    3039       0       0
    9600000                400000                400000             1.8989827E-04         1.0000000E+30            125204       
 NEXT SEEDS: 214F5C9       6       0       0       0       0   181CD    3039       0       0
    9800000                200000                200000             1.8974680E-04         1.0000000E+30            127821       
 NEXT SEEDS: 9941149       6       0       0       0       0   181CD    3039       0       0
    9999950                    50                    50             1.8962061E-04         1.0000000E+30            130475       
 NEXT SEEDS:1119D1F4       6       0       0       0       0   181CD    3039       0       0
    9999951                    49                    49             1.8962062E-04         1.0000000E+30            130475       
 NEXT SEEDS:1119D554       6       0       0       0       0   181CD    3039       0       0
    9999952                    48                    48             1.8962062E-04         1.0000000E+30            130475       
 NEXT SEEDS:1119DA99       6       0       0       0       0   181CD    3039       0       0
    9999953                    47                    47             1.8962062E-04         1.0000000E+30            130475       
 NEXT SEEDS:1119DCE2       6       0       0       0       0   181CD    3039       0       0
    9999954                    46                    46             1.8962061E-04         1.0000000E+30            130475       
 NEXT SEEDS:1119DD68       6       0       0       0       0   181CD    3039       0       0
    9999955                    45                    45             1.8962062E-04         1.0000000E+30            130475       
 NEXT SEEDS:1119DE9B       6       0       0       0       0   181CD    3039       0       0
    9999956                    44                    44             1.8962061E-04         1.0000000E+30            130475       
 NEXT SEEDS:1119E0AF       6       0       0       0       0   181CD    3039       0       0
    9999957                    43                    43             1.8962060E-04         1.0000000E+30            130475       
 NEXT SEEDS:1119E218       6       0       0       0       0   181CD    3039       0       0
    9999958                    42                    42             1.8962058E-04         1.0000000E+30            130475       
 NEXT SEEDS:1119E4BD       6       0       0       0       0   181CD    3039       0       0
    9999959                    41                    41             1.8962056E-04         1.0000000E+30            130475       
 NEXT SEEDS:1119E64B       6       0       0       0       0   181CD    3039       0       0
    9999960                    40                    40             1.8962055E-04         1.0000000E+30            130475       
 NEXT SEEDS:1119E817       6       0       0       0       0   181CD    3039       0       0
    9999961                    39                    39             1.8962053E-04         1.0000000E+30            130475       
 NEXT SEEDS:1119E9FE       6       0       0       0       0   181CD    3039       0       0
    9999962                    38                    38             1.8962051E-04         1.0000000E+30            130475       
 NEXT SEEDS:1119EA9F       6       0       0       0       0   181CD    3039       0       0
    9999963                    37                    37             1.8962049E-04         1.0000000E+30            130475       
 NEXT SEEDS:1119ED24       6       0       0       0       0   181CD    3039       0       0
    9999964                    36                    36             1.8962047E-04         1.0000000E+30            130475       
 NEXT SEEDS:1119EEF1       6       0       0       0       0   181CD    3039       0       0
    9999965                    35                    35             1.8962045E-04         1.0000000E+30            130475       
 NEXT SEEDS:1119F427       6       0       0       0       0   181CD    3039       0       0
    9999966                    34                    34             1.8962043E-04         1.0000000E+30            130475       
 NEXT SEEDS:1119F5CF       6       0       0       0       0   181CD    3039       0       0
    9999967                    33                    33             1.8962041E-04         1.0000000E+30            130475       
 NEXT SEEDS:1119F60E       6       0       0       0       0   181CD    3039       0       0
    9999968                    32                    32             1.8962039E-04         1.0000000E+30            130475       
 NEXT SEEDS:1119F743       6       0       0       0       0   181CD    3039       0       0
    9999969                    31                    31             1.8962037E-04         1.0000000E+30            130475       
 NEXT SEEDS:1119F9F4       6       0       0       0       0   181CD    3039       0       0
    9999970                    30                    30             1.8962036E-04         1.0000000E+30            130475       
 NEXT SEEDS:1119FD6F       6       0       0       0       0   181CD    3039       0       0
    9999971                    29                    29             1.8962034E-04         1.0000000E+30            130475       
 NEXT SEEDS:1119FFDF       6       0       0       0       0   181CD    3039       0       0
    9999972                    28                    28             1.8962032E-04         1.0000000E+30            130475       
 NEXT SEEDS:111A0110       6       0       0       0       0   181CD    3039       0       0
    9999973                    27                    27             1.8962030E-04         1.0000000E+30            130475       
 NEXT SEEDS:111A056B       6       0       0       0       0   181CD    3039       0       0
    9999974                    26                    26             1.8962028E-04         1.0000000E+30            130475       
 NEXT SEEDS:111A0640       6       0       0       0       0   181CD    3039       0       0
    9999975                    25                    25             1.8962026E-04         1.0000000E+30            130475       
 NEXT SEEDS:111A0981       6       0       0       0       0   181CD    3039       0       0
    9999976                    24                    24             1.8962024E-04         1.0000000E+30            130475       
 NEXT SEEDS:111A0C21       6       0       0       0       0   181CD    3039       0       0
    9999977                    23                    23             1.8962022E-04         1.0000000E+30            130475       
 NEXT SEEDS:111A0F71       6       0       0       0       0   181CD    3039       0       0
    9999978                    22                    22             1.8962020E-04         1.0000000E+30            130475       
 NEXT SEEDS:111A1024       6       0       0       0       0   181CD    3039       0       0
    9999979                    21                    21             1.8962019E-04         1.0000000E+30            130475       
 NEXT SEEDS:111A10E3       6       0       0       0       0   181CD    3039       0       0
    9999980                    20                    20             1.8962017E-04         1.0000000E+30            130475       
 NEXT SEEDS:111A1247       6       0       0       0       0   181CD    3039       0       0
    9999981                    19                    19             1.8962015E-04         1.0000000E+30            130475       
 NEXT SEEDS:111A134E       6       0       0       0       0   181CD    3039       0       0
    9999982                    18                    18             1.8962013E-04         1.0000000E+30            130475       
 NEXT SEEDS:111A1732       6       0       0       0       0   181CD    3039       0       0
    9999983                    17                    17             1.8962011E-04         1.0000000E+30            130475       
 NEXT SEEDS:111A179F       6       0       0       0       0   181CD    3039       0       0
    9999984                    16                    16             1.8962009E-04         1.0000000E+30            130475       
 NEXT SEEDS:111A1A4E       6       0       0       0       0   181CD    3039       0       0
    9999985                    15                    15             1.8962007E-04         1.0000000E+30            130475       
 NEXT SEEDS:111A1C9A       6       0       0       0       0   181CD    3039       0       0
    9999986                    14                    14             1.8962005E-04         1.0000000E+30            130475       
 NEXT SEEDS:111A1E08       6       0       0       0       0   181CD    3039       0       0
    9999987                    13                    13             1.8962003E-04         1.0000000E+30            130475       
 NEXT SEEDS:111A20E5       6       0       0       0       0   181CD    3039       0       0
    9999988                    12                    12             1.8962003E-04         1.0000000E+30            130475       
 NEXT SEEDS:111A22FF       6       0       0       0       0   181CD    3039       0       0
    9999989                    11                    11             1.8962003E-04         1.0000000E+30            130475       
 NEXT SEEDS:111A244E       6       0       0       0       0   181CD    3039       0       0
    9999990                    10                    10             1.8962005E-04         1.0000000E+30            130475       
 NEXT SEEDS:111A2829       6       0       0       0       0   181CD    3039       0       0
    9999991                     9                     9             1.8962008E-04         1.0000000E+30            130475       
 NEXT SEEDS:111A2B85       6       0       0       0       0   181CD    3039       0       0
    9999992                     8                     8             1.8962009E-04         1.0000000E+30            130475       
 NEXT SEEDS:111A2DB1       6       0       0       0       0   181CD    3039       0       0
    9999993                     7                     7             1.8962009E-04         1.0000000E+30            130475       
 NEXT SEEDS:111A2F02       6       0       0       0       0   181CD    3039       0       0
    9999994                     6                     6             1.8962008E-04         1.0000000E+30            130475       
 NEXT SEEDS:111A304F       6       0       0       0       0   181CD    3039       0       0
    9999995                     5                     5             1.8962010E-04         1.0000000E+30            130475       
 NEXT SEEDS:111A331C       6       0       0       0       0   181CD    3039       0       0
    9999996                     4                     4             1.8962011E-04         1.0000000E+30            130475       
 NEXT SEEDS:111A34E0       6       0       0       0       0   181CD    3039       0       0
    9999997                     3                     3             1.8962010E-04         1.0000000E+30            130475       
 NEXT SEEDS:111A3555       6       0       0       0       0   181CD    3039       0       0
    9999998                     2                     2             1.8962011E-04         1.0000000E+30            130475       
 NEXT SEEDS:111A368B       6       0       0       0       0   181CD    3039       0       0
    9999999                     1                     1             1.8962012E-04         1.0000000E+30            130475       
 NEXT SEEDS:111A3986       6       0       0       0       0   181CD    3039       0       0
   10000000                     0                     1             1.8962013E-04         1.0000000E+30            130475       
 NEXT SEEDS:111A3DB1       6       0       0       0       0   181CD    3039       0       0
