1NUMBER OF BEAM       NUMBER OF BEAM        APPROXIMATE NUMBER    AVERAGE TIME USED     TIME LEFT (RESERVED   NUMBER OF STARS
 PARTICLES HANDLED    PARTICLES LEFT        OF BEAM PARTICLES     BY A BEAM PARTICLE     10000.0 SECONDS      CREATED
                                            THAT CAN STILL BE                           FOR PRINTOUT)
                                            HANDLED

 NEXT SEEDS:       0       0       0       0       0       0   181CD    3039       0       0
          1              26999999              26999999             5.3215027E-04         1.0000000E+30                 0       
 NEXT SEEDS:     808       0       0       0       0       0   181CD    3039       0       0
     500000              26500000              26500000             3.8767352E-04         1.0000000E+30               313       
 NEXT SEEDS:3A3AACE3       0       0       0       0       0   181CD    3039       0       0
    1000000              26000000              26000000             3.9066432E-04         1.0000000E+30               617       
 NEXT SEEDS:38E1267D       1       0       0       0       0   181CD    3039       0       0
    1500000              25500000              25500000             3.8940288E-04         1.0000000E+30               944       
 NEXT SEEDS:3781259F       2       0       0       0       0   181CD    3039       0       0
    2000000              25000000              25000000             3.9058976E-04         1.0000000E+30              1276       
 NEXT SEEDS:3622096C       3       0       0       0       0   181CD    3039       0       0
    2500000              24500000              24500000             3.9003773E-04         1.0000000E+30              1611       
 NEXT SEEDS:34C87711       4       0       0       0       0   181CD    3039       0       0
    3000000              24000000              24000000             3.9075686E-04         1.0000000E+30              1927       
 NEXT SEEDS:336E7BF4       5       0       0       0       0   181CD    3039       0       0
    3500000              23500000              23500000             3.9022798E-04         1.0000000E+30              2270       
 NEXT SEEDS:321197D8       6       0       0       0       0   181CD    3039       0       0
    4000000              23000000              23000000             3.9066494E-04         1.0000000E+30              2579       
 NEXT SEEDS:30B64615       7       0       0       0       0   181CD    3039       0       0
    4500000              22500000              22500000             3.9029366E-04         1.0000000E+30              2870       
 NEXT SEEDS:2F59269A       8       0       0       0       0   181CD    3039       0       0
    5000000              22000000              22000000             3.9057475E-04         1.0000000E+30              3162       
 NEXT SEEDS:2DFC91DC       9       0       0       0       0   181CD    3039       0       0
    5500000              21500000              21500000             3.9028857E-04         1.0000000E+30              3487       
 NEXT SEEDS:2CA115A9       A       0       0       0       0   181CD    3039       0       0
    6000000              21000000              21000000             3.9024515E-04         1.0000000E+30              3819       
 NEXT SEEDS:2B44AA1C       B       0       0       0       0   181CD    3039       0       0
    6500000              20500000              20500000             3.9026205E-04         1.0000000E+30              4102       
 NEXT SEEDS:29EA6D90       C       0       0       0       0   181CD    3039       0       0
    7000000              20000000              20000000             3.9025338E-04         1.0000000E+30              4399       
 NEXT SEEDS:289060B4       D       0       0       0       0   181CD    3039       0       0
    7500000              19500000              19500000             3.9035654E-04         1.0000000E+30              4727       
 NEXT SEEDS:27381FE5       E       0       0       0       0   181CD    3039       0       0
    8000000              19000000              19000000             3.9023544E-04         1.0000000E+30              5072       
 NEXT SEEDS:25DC60E6       F       0       0       0       0   181CD    3039       0       0
    8500000              18500000              18500000             3.9035940E-04         1.0000000E+30              5395       
 NEXT SEEDS:24806FDD      10       0       0       0       0   181CD    3039       0       0
    9000000              18000000              18000000             3.9020884E-04         1.0000000E+30              5715       
 NEXT SEEDS:23225672      11       0       0       0       0   181CD    3039       0       0
    9500000              17500000              17500000             3.9018575E-04         1.0000000E+30              6044       
 NEXT SEEDS:21C7B12C      12       0       0       0       0   181CD    3039       0       0
   10000000              17000000              17000000             3.9040239E-04         1.0000000E+30              6326       
 NEXT SEEDS:207030F7      13       0       0       0       0   181CD    3039       0       0
   10500000              16500000              16500000             3.9025213E-04         1.0000000E+30              6636       
 NEXT SEEDS:1F14B2FA      14       0       0       0       0   181CD    3039       0       0
   11000000              16000000              16000000             3.9020037E-04         1.0000000E+30              6957       
 NEXT SEEDS:1DBBB85C      15       0       0       0       0   181CD    3039       0       0
   11500000              15500000              15500000             3.9037313E-04         1.0000000E+30              7265       
 NEXT SEEDS:1C629F49      16       0       0       0       0   181CD    3039       0       0
   12000000              15000000              15000000             3.9023730E-04         1.0000000E+30              7581       
 NEXT SEEDS:1B071234      17       0       0       0       0   181CD    3039       0       0
   12500000              14500000              14500000             3.9036714E-04         1.0000000E+30              7921       
 NEXT SEEDS:19ACE165      18       0       0       0       0   181CD    3039       0       0
   13000000              14000000              14000000             3.9025477E-04         1.0000000E+30              8225       
 NEXT SEEDS:185212C1      19       0       0       0       0   181CD    3039       0       0
   13500000              13500000              13500000             3.9038136E-04         1.0000000E+30              8527       
 NEXT SEEDS:16F6B5C8      1A       0       0       0       0   181CD    3039       0       0
   14000000              13000000              13000000             3.9026866E-04         1.0000000E+30              8845       
 NEXT SEEDS:159E7129      1B       0       0       0       0   181CD    3039       0       0
   14500000              12500000              12500000             3.9038523E-04         1.0000000E+30              9151       
 NEXT SEEDS:144485E7      1C       0       0       0       0   181CD    3039       0       0
   15000000              12000000              12000000             3.9028167E-04         1.0000000E+30              9489       
 NEXT SEEDS:12EBCCFB      1D       0       0       0       0   181CD    3039       0       0
   15500000              11500000              11500000             3.9041693E-04         1.0000000E+30              9806       
 NEXT SEEDS:118F84BD      1E       0       0       0       0   181CD    3039       0       0
   16000000              11000000              11000000             3.9031231E-04         1.0000000E+30             10107       
 NEXT SEEDS:1032B7DA      1F       0       0       0       0   181CD    3039       0       0
   16500000              10500000              10500000             3.9041252E-04         1.0000000E+30             10442       
 NEXT SEEDS: ED924CB      20       0       0       0       0   181CD    3039       0       0
   17000000              10000000              10000000             3.9033042E-04         1.0000000E+30             10767       
 NEXT SEEDS: D7AE36C      21       0       0       0       0   181CD    3039       0       0
   17500000               9500000               9500000             3.9044963E-04         1.0000000E+30             11103       
 NEXT SEEDS: C20BDF4      22       0       0       0       0   181CD    3039       0       0
   18000000               9000000               9000000             3.9036515E-04         1.0000000E+30             11388       
 NEXT SEEDS: AC26A05      23       0       0       0       0   181CD    3039       0       0
   18500000               8500000               8500000             3.9044085E-04         1.0000000E+30             11681       
 NEXT SEEDS: 9630E1C      24       0       0       0       0   181CD    3039       0       0
   19000000               8000000               8000000             3.9036988E-04         1.0000000E+30             12018       
 NEXT SEEDS: 8074F58      25       0       0       0       0   181CD    3039       0       0
   19500000               7500000               7500000             3.9045826E-04         1.0000000E+30             12350       
 NEXT SEEDS: 6A78FEF      26       0       0       0       0   181CD    3039       0       0
   20000000               7000000               7000000             3.9037602E-04         1.0000000E+30             12642       
 NEXT SEEDS: 54C2B9E      27       0       0       0       0   181CD    3039       0       0
   20500000               6500000               6500000             3.9045534E-04         1.0000000E+30             12991       
 NEXT SEEDS: 3F1A517      28       0       0       0       0   181CD    3039       0       0
   21000000               6000000               6000000             3.9039127E-04         1.0000000E+30             13303       
 NEXT SEEDS: 29668CC      29       0       0       0       0   181CD    3039       0       0
   21500000               5500000               5500000             3.9047056E-04         1.0000000E+30             13615       
 NEXT SEEDS: 13C4C1E      2A       0       0       0       0   181CD    3039       0       0
   22000000               5000000               5000000             3.9040545E-04         1.0000000E+30             13946       
 NEXT SEEDS:3B796324      2A       0       0       0       0   181CD    3039       0       0
   22500000               4500000               4500000             3.9047873E-04         1.0000000E+30             14288       
 NEXT SEEDS:3A1CB889      2B       0       0       0       0   181CD    3039       0       0
   23000000               4000000               4000000             3.9042884E-04         1.0000000E+30             14613       
 NEXT SEEDS:38BF1EC8      2C       0       0       0       0   181CD    3039       0       0
   23500000               3500000               3500000             3.9049750E-04         1.0000000E+30             14918       
 NEXT SEEDS:3763AAB5      2D       0       0       0       0   181CD    3039       0       0
   24000000               3000000               3000000             3.9043310E-04         1.0000000E+30             15240       
 NEXT SEEDS:3605DA46      2E       0       0       0       0   181CD    3039       0       0
   24500000               2500000               2500000             3.9049729E-04         1.0000000E+30             15547       
 NEXT SEEDS:34A731DE      2F       0       0       0       0   181CD    3039       0       0
   25000000               2000000               2000000             3.9043785E-04         1.0000000E+30             15887       
 NEXT SEEDS:334C0604      30       0       0       0       0   181CD    3039       0       0
   25500000               1500000               1500000             3.9050651E-04         1.0000000E+30             16185       
 NEXT SEEDS:31F48580      31       0       0       0       0   181CD    3039       0       0
   26000000               1000000               1000000             3.9044216E-04         1.0000000E+30             16516       
 NEXT SEEDS:309A5B2F      32       0       0       0       0   181CD    3039       0       0
   26500000                500000                500000             3.9049528E-04         1.0000000E+30             16832       
 NEXT SEEDS:2F3E2AA4      33       0       0       0       0   181CD    3039       0       0
   26999950                    50                    50             3.9043623E-04         1.0000000E+30             17151       
 NEXT SEEDS:2DE1F43F      34       0       0       0       0   181CD    3039       0       0
   26999951                    49                    49             3.9043625E-04         1.0000000E+30             17151       
 NEXT SEEDS:2DE1FAA8      34       0       0       0       0   181CD    3039       0       0
   26999952                    48                    48             3.9043628E-04         1.0000000E+30             17151       
 NEXT SEEDS:2DE201EF      34       0       0       0       0   181CD    3039       0       0
   26999953                    47                    47             3.9043626E-04         1.0000000E+30             17151       
 NEXT SEEDS:2DE209C1      34       0       0       0       0   181CD    3039       0       0
   26999954                    46                    46             3.9043628E-04         1.0000000E+30             17151       
 NEXT SEEDS:2DE21157      34       0       0       0       0   181CD    3039       0       0
   26999955                    45                    45             3.9043627E-04         1.0000000E+30             17151       
 NEXT SEEDS:2DE218D2      34       0       0       0       0   181CD    3039       0       0
   26999956                    44                    44             3.9043629E-04         1.0000000E+30             17151       
 NEXT SEEDS:2DE220C4      34       0       0       0       0   181CD    3039       0       0
   26999957                    43                    43             3.9043628E-04         1.0000000E+30             17151       
 NEXT SEEDS:2DE2276E      34       0       0       0       0   181CD    3039       0       0
   26999958                    42                    42             3.9043630E-04         1.0000000E+30             17151       
 NEXT SEEDS:2DE22EE5      34       0       0       0       0   181CD    3039       0       0
   26999959                    41                    41             3.9043632E-04         1.0000000E+30             17151       
 NEXT SEEDS:2DE236AD      34       0       0       0       0   181CD    3039       0       0
   26999960                    40                    40             3.9043630E-04         1.0000000E+30             17151       
 NEXT SEEDS:2DE23EB7      34       0       0       0       0   181CD    3039       0       0
   26999961                    39                    39             3.9043633E-04         1.0000000E+30             17151       
 NEXT SEEDS:2DE24680      34       0       0       0       0   181CD    3039       0       0
   26999962                    38                    38             3.9043631E-04         1.0000000E+30             17151       
 NEXT SEEDS:2DE24E8C      34       0       0       0       0   181CD    3039       0       0
   26999963                    37                    37             3.9043633E-04         1.0000000E+30             17151       
 NEXT SEEDS:2DE2556C      34       0       0       0       0   181CD    3039       0       0
   26999964                    36                    36             3.9043632E-04         1.0000000E+30             17151       
 NEXT SEEDS:2DE25D46      34       0       0       0       0   181CD    3039       0       0
   26999965                    35                    35             3.9043634E-04         1.0000000E+30             17151       
 NEXT SEEDS:2DE264FA      34       0       0       0       0   181CD    3039       0       0
   26999966                    34                    34             3.9043636E-04         1.0000000E+30             17151       
 NEXT SEEDS:2DE26C48      34       0       0       0       0   181CD    3039       0       0
   26999967                    33                    33             3.9043635E-04         1.0000000E+30             17151       
 NEXT SEEDS:2DE273BA      34       0       0       0       0   181CD    3039       0       0
   26999968                    32                    32             3.9043637E-04         1.0000000E+30             17151       
 NEXT SEEDS:2DE27B06      34       0       0       0       0   181CD    3039       0       0
   26999969                    31                    31             3.9043636E-04         1.0000000E+30             17151       
 NEXT SEEDS:2DE28201      34       0       0       0       0   181CD    3039       0       0
   26999970                    30                    30             3.9043638E-04         1.0000000E+30             17151       
 NEXT SEEDS:2DE28930      34       0       0       0       0   181CD    3039       0       0
   26999971                    29                    29             3.9043636E-04         1.0000000E+30             17151       
 NEXT SEEDS:2DE290B3      34       0       0       0       0   181CD    3039       0       0
   26999972                    28                    28             3.9043638E-04         1.0000000E+30             17151       
 NEXT SEEDS:2DE29819      34       0       0       0       0   181CD    3039       0       0
   26999973                    27                    27             3.9043641E-04         1.0000000E+30             17151       
 NEXT SEEDS:2DE29ECB      34       0       0       0       0   181CD    3039       0       0
   26999974                    26                    26             3.9043639E-04         1.0000000E+30             17151       
 NEXT SEEDS:2DE2AB1A      34       0       0       0       0   181CD    3039       0       0
   26999975                    25                    25             3.9043641E-04         1.0000000E+30             17151       
 NEXT SEEDS:2DE2B2F1      34       0       0       0       0   181CD    3039       0       0
   26999976                    24                    24             3.9043640E-04         1.0000000E+30             17151       
 NEXT SEEDS:2DE2BA1E      34       0       0       0       0   181CD    3039       0       0
   26999977                    23                    23             3.9043642E-04         1.0000000E+30             17151       
 NEXT SEEDS:2DE2C173      34       0       0       0       0   181CD    3039       0       0
   26999978                    22                    22             3.9043641E-04         1.0000000E+30             17151       
 NEXT SEEDS:2DE2C8EE      34       0       0       0       0   181CD    3039       0       0
   26999979                    21                    21             3.9043643E-04         1.0000000E+30             17151       
 NEXT SEEDS:2DE2CFF3      34       0       0       0       0   181CD    3039       0       0
   26999980                    20                    20             3.9043641E-04         1.0000000E+30             17151       
 NEXT SEEDS:2DE2D74B      34       0       0       0       0   181CD    3039       0       0
   26999981                    19                    19             3.9043643E-04         1.0000000E+30             17151       
 NEXT SEEDS:2DE2DF5F      34       0       0       0       0   181CD    3039       0       0
   26999982                    18                    18             3.9043646E-04         1.0000000E+30             17151       
 NEXT SEEDS:2DE2E6F7      34       0       0       0       0   181CD    3039       0       0
   26999983                    17                    17             3.9043644E-04         1.0000000E+30             17151       
 NEXT SEEDS:2DE2EEBF      34       0       0       0       0   181CD    3039       0       0
   26999984                    16                    16             3.9043646E-04         1.0000000E+30             17151       
 NEXT SEEDS:2DE2F668      34       0       0       0       0   181CD    3039       0       0
   26999985                    15                    15             3.9043645E-04         1.0000000E+30             17151       
 NEXT SEEDS:2DE2FD9E      34       0       0       0       0   181CD    3039       0       0
   26999986                    14                    14             3.9043647E-04         1.0000000E+30             17151       
 NEXT SEEDS:2DE304A9      34       0       0       0       0   181CD    3039       0       0
   26999987                    13                    13             3.9043646E-04         1.0000000E+30             17151       
 NEXT SEEDS:2DE30C9B      34       0       0       0       0   181CD    3039       0       0
   26999988                    12                    12             3.9043648E-04         1.0000000E+30             17151       
 NEXT SEEDS:2DE31438      34       0       0       0       0   181CD    3039       0       0
   26999989                    11                    11             3.9043650E-04         1.0000000E+30             17151       
 NEXT SEEDS:2DE31C0B      34       0       0       0       0   181CD    3039       0       0
   26999990                    10                    10             3.9043649E-04         1.0000000E+30             17151       
 NEXT SEEDS:2DE3236B      34       0       0       0       0   181CD    3039       0       0
   26999991                     9                     9             3.9043651E-04         1.0000000E+30             17151       
 NEXT SEEDS:2DE32AA0      34       0       0       0       0   181CD    3039       0       0
   26999992                     8                     8             3.9043649E-04         1.0000000E+30             17151       
 NEXT SEEDS:2DE33240      34       0       0       0       0   181CD    3039       0       0
   26999993                     7                     7             3.9043651E-04         1.0000000E+30             17151       
 NEXT SEEDS:2DE33A2B      34       0       0       0       0   181CD    3039       0       0
   26999994                     6                     6             3.9043654E-04         1.0000000E+30             17151       
 NEXT SEEDS:2DE34150      34       0       0       0       0   181CD    3039       0       0
   26999995                     5                     5             3.9043652E-04         1.0000000E+30             17151       
 NEXT SEEDS:2DE348A5      34       0       0       0       0   181CD    3039       0       0
   26999996                     4                     4             3.9043654E-04         1.0000000E+30             17151       
 NEXT SEEDS:2DE3508D      34       0       0       0       0   181CD    3039       0       0
   26999997                     3                     3             3.9043653E-04         1.0000000E+30             17151       
 NEXT SEEDS:2DE35815      34       0       0       0       0   181CD    3039       0       0
   26999998                     2                     2             3.9043651E-04         1.0000000E+30             17151       
 NEXT SEEDS:2DE35F05      34       0       0       0       0   181CD    3039       0       0
   26999999                     1                     1             3.9043650E-04         1.0000000E+30             17151       
 NEXT SEEDS:2DE366B1      34       0       0       0       0   181CD    3039       0       0
   27000000                     0                     1             3.9043649E-04         1.0000000E+30             17151       
 NEXT SEEDS:2DE36E03      34       0       0       0       0   181CD    3039       0       0
