1NUMBER OF BEAM       NUMBER OF BEAM        APPROXIMATE NUMBER    AVERAGE TIME USED     TIME LEFT (RESERVED   NUMBER OF STARS
 PARTICLES HANDLED    PARTICLES LEFT        OF BEAM PARTICLES     BY A BEAM PARTICLE     10000.0 SECONDS      CREATED
                                            THAT CAN STILL BE                           FOR PRINTOUT)
                                            HANDLED

 NEXT SEEDS:       0       0       0       0       0       0   181CD    3039       0       0
          1              49999999              49999999             2.2125244E-04         1.0000000E+30                 0       
 NEXT SEEDS:     190       0       0       0       0       0   181CD    3039       0       0
    1000000              49000000              49000000             2.5058775E-04         1.0000000E+30             14507       
 NEXT SEEDS:208660E7       0       0       0       0       0   181CD    3039       0       0
    2000000              48000000              48000000             2.4203605E-04         1.0000000E+30             29081       
 NEXT SEEDS: 57314A5       1       0       0       0       0   181CD    3039       0       0
    3000000              47000000              47000000             2.3012414E-04         1.0000000E+30             43741       
 NEXT SEEDS:260DD4D0       1       0       0       0       0   181CD    3039       0       0
    4000000              46000000              46000000             2.3518261E-04         1.0000000E+30             58265       
 NEXT SEEDS: AFDA9B6       2       0       0       0       0   181CD    3039       0       0
    5000000              45000000              45000000             2.3568754E-04         1.0000000E+30             72665       
 NEXT SEEDS:2B7EAFE8       2       0       0       0       0   181CD    3039       0       0
    6000000              44000000              44000000             2.3581817E-04         1.0000000E+30             87114       
 NEXT SEEDS:108657A0       3       0       0       0       0   181CD    3039       0       0
    7000000              43000000              43000000             2.4067105E-04         1.0000000E+30            101660       
 NEXT SEEDS:311B2393       3       0       0       0       0   181CD    3039       0       0
    8000000              42000000              42000000             2.4197383E-04         1.0000000E+30            116260       
 NEXT SEEDS:16124230       4       0       0       0       0   181CD    3039       0       0
    9000000              41000000              41000000             2.3704234E-04         1.0000000E+30            130785       
 NEXT SEEDS:36B45AC6       4       0       0       0       0   181CD    3039       0       0
   10000000              40000000              40000000             2.2804421E-04         1.0000000E+30            145150       
 NEXT SEEDS:1BA16AE7       5       0       0       0       0   181CD    3039       0       0
   11000000              39000000              39000000             2.2089642E-04         1.0000000E+30            159736       
 NEXT SEEDS:  930B7E       6       0       0       0       0   181CD    3039       0       0
   12000000              38000000              38000000             2.1507772E-04         1.0000000E+30            174408       
 NEXT SEEDS:212F3EFF       6       0       0       0       0   181CD    3039       0       0
   13000000              37000000              37000000             2.1009352E-04         1.0000000E+30            188951       
 NEXT SEEDS: 62325AA       7       0       0       0       0   181CD    3039       0       0
   14000000              36000000              36000000             2.0557012E-04         1.0000000E+30            203445       
 NEXT SEEDS:26AFFC8F       7       0       0       0       0   181CD    3039       0       0
   15000000              35000000              35000000             2.0209611E-04         1.0000000E+30            217826       
 NEXT SEEDS: B92F919       8       0       0       0       0   181CD    3039       0       0
   16000000              34000000              34000000             1.9864155E-04         1.0000000E+30            232268       
 NEXT SEEDS:2C1F883D       8       0       0       0       0   181CD    3039       0       0
   17000000              33000000              33000000             1.9559419E-04         1.0000000E+30            247081       
 NEXT SEEDS:11353954       9       0       0       0       0   181CD    3039       0       0
   18000000              32000000              32000000             1.9137882E-04         1.0000000E+30            261740       
 NEXT SEEDS:31D03354       9       0       0       0       0   181CD    3039       0       0
   19000000              31000000              31000000             1.8759543E-04         1.0000000E+30            276065       
 NEXT SEEDS:16D9F50B       A       0       0       0       0   181CD    3039       0       0
 COUSET, TXYZ:  0.999999999990065     -0.661189831254040      0.750218639482107    
 COUSET, TXYZ:  0.999999999993620     -5.832810493478098E-02  0.998297466771282    
   20000000              30000000              30000000             1.8436324E-04         1.0000000E+30            290775       
 NEXT SEEDS:377BAC3B       A       0       0       0       0   181CD    3039       0       0
   21000000              29000000              29000000             1.8128095E-04         1.0000000E+30            305314       
 NEXT SEEDS:1C8091E3       B       0       0       0       0   181CD    3039       0       0
   22000000              28000000              28000000             1.7846632E-04         1.0000000E+30            319843       
 NEXT SEEDS: 16FB783       C       0       0       0       0   181CD    3039       0       0
   23000000              27000000              27000000             1.7605576E-04         1.0000000E+30            334545       
 NEXT SEEDS:220A5BF1       C       0       0       0       0   181CD    3039       0       0
 COUSET, TXYZ:  0.999999999983335      8.283647989075806E-02  0.996563152823732    
   24000000              26000000              26000000             1.7369308E-04         1.0000000E+30            348869       
 NEXT SEEDS: 6F0AC67       D       0       0       0       0   181CD    3039       0       0
   25000000              25000000              25000000             1.7152817E-04         1.0000000E+30            363411       
 NEXT SEEDS:2787D077       D       0       0       0       0   181CD    3039       0       0
   26000000              24000000              24000000             1.6964704E-04         1.0000000E+30            378157       
 NEXT SEEDS: C918FCA       E       0       0       0       0   181CD    3039       0       0
   27000000              23000000              23000000             1.6779929E-04         1.0000000E+30            392718       
 NEXT SEEDS:2D203B28       E       0       0       0       0   181CD    3039       0       0
   28000000              22000000              22000000             1.6606798E-04         1.0000000E+30            407386       
 NEXT SEEDS:1226E4BC       F       0       0       0       0   181CD    3039       0       0
   29000000              21000000              21000000             1.6457066E-04         1.0000000E+30            421947       
 NEXT SEEDS:32B8A029       F       0       0       0       0   181CD    3039       0       0
   30000000              20000000              20000000             1.6308039E-04         1.0000000E+30            436568       
 NEXT SEEDS:17CC4B5E      10       0       0       0       0   181CD    3039       0       0
   31000000              19000000              19000000             1.6167018E-04         1.0000000E+30            450968       
 NEXT SEEDS:3854EA9D      10       0       0       0       0   181CD    3039       0       0
   32000000              18000000              18000000             1.6045789E-04         1.0000000E+30            465377       
 NEXT SEEDS:1D4F7CF0      11       0       0       0       0   181CD    3039       0       0
   33000000              17000000              17000000             1.5922689E-04         1.0000000E+30            479934       
 NEXT SEEDS: 25127C7      12       0       0       0       0   181CD    3039       0       0
   34000000              16000000              16000000             1.5804964E-04         1.0000000E+30            494572       
 NEXT SEEDS:22E3431B      12       0       0       0       0   181CD    3039       0       0
   35000000              15000000              15000000             1.5703812E-04         1.0000000E+30            509220       
 NEXT SEEDS: 7DEF3DA      13       0       0       0       0   181CD    3039       0       0
   36000000              14000000              14000000             1.5599948E-04         1.0000000E+30            523930       
 NEXT SEEDS:28836216      13       0       0       0       0   181CD    3039       0       0
   37000000              13000000              13000000             1.5500633E-04         1.0000000E+30            538447       
 NEXT SEEDS: D8A28B8      14       0       0       0       0   181CD    3039       0       0
 COUSET, TXYZ:   1.00000000004621     -0.223600644766934      0.974680846098981    
   38000000              12000000              12000000             1.5412100E-04         1.0000000E+30            552819       
 NEXT SEEDS:2E1EAD31      14       0       0       0       0   181CD    3039       0       0
   39000000              11000000              11000000             1.5326077E-04         1.0000000E+30            567338       
 NEXT SEEDS:1315B03F      15       0       0       0       0   181CD    3039       0       0
 COUSET, TXYZ:   1.00000000000551     -1.858638763747556E-02  0.999827258182941    
   40000000              10000000              10000000             1.5242176E-04         1.0000000E+30            581942       
 NEXT SEEDS:33D28235      15       0       0       0       0   181CD    3039       0       0
   41000000               9000000               9000000             1.5170824E-04         1.0000000E+30            596523       
 NEXT SEEDS:18CD44A4      16       0       0       0       0   181CD    3039       0       0
   42000000               8000000               8000000             1.5093780E-04         1.0000000E+30            611014       
 NEXT SEEDS:39584325      16       0       0       0       0   181CD    3039       0       0
   43000000               7000000               7000000             1.5020429E-04         1.0000000E+30            625526       
 NEXT SEEDS:1E6D2F6A      17       0       0       0       0   181CD    3039       0       0
   44000000               6000000               6000000             1.4955494E-04         1.0000000E+30            640069       
 NEXT SEEDS: 36B08EA      18       0       0       0       0   181CD    3039       0       0
   45000000               5000000               5000000             1.4890607E-04         1.0000000E+30            654365       
 NEXT SEEDS:23E9FB94      18       0       0       0       0   181CD    3039       0       0
   46000000               4000000               4000000             1.4826692E-04         1.0000000E+30            668881       
 NEXT SEEDS: 8E41707      19       0       0       0       0   181CD    3039       0       0
   47000000               3000000               3000000             1.4766331E-04         1.0000000E+30            683325       
 NEXT SEEDS:2970A2FE      19       0       0       0       0   181CD    3039       0       0
   48000000               2000000               2000000             1.4712996E-04         1.0000000E+30            697846       
 NEXT SEEDS: E5C0AD6      1A       0       0       0       0   181CD    3039       0       0
   49000000               1000000               1000000             1.4656270E-04         1.0000000E+30            712445       
 NEXT SEEDS:2EF2C39B      1A       0       0       0       0   181CD    3039       0       0
   49999950                    50                    50             1.4603152E-04         1.0000000E+30            726863       
 NEXT SEEDS:13DFF6D3      1B       0       0       0       0   181CD    3039       0       0
   49999951                    49                    49             1.4603154E-04         1.0000000E+30            726863       
 NEXT SEEDS:13DFF9FA      1B       0       0       0       0   181CD    3039       0       0
   49999952                    48                    48             1.4603155E-04         1.0000000E+30            726863       
 NEXT SEEDS:13DFFBC5      1B       0       0       0       0   181CD    3039       0       0
   49999953                    47                    47             1.4603157E-04         1.0000000E+30            726863       
 NEXT SEEDS:13DFFD48      1B       0       0       0       0   181CD    3039       0       0
   49999954                    46                    46             1.4603157E-04         1.0000000E+30            726863       
 NEXT SEEDS:13DFFE9E      1B       0       0       0       0   181CD    3039       0       0
   49999955                    45                    45             1.4603160E-04         1.0000000E+30            726863       
 NEXT SEEDS:13E001A1      1B       0       0       0       0   181CD    3039       0       0
   49999956                    44                    44             1.4603161E-04         1.0000000E+30            726863       
 NEXT SEEDS:13E0026C      1B       0       0       0       0   181CD    3039       0       0
   49999957                    43                    43             1.4603161E-04         1.0000000E+30            726863       
 NEXT SEEDS:13E00371      1B       0       0       0       0   181CD    3039       0       0
   49999958                    42                    42             1.4603163E-04         1.0000000E+30            726863       
 NEXT SEEDS:13E00478      1B       0       0       0       0   181CD    3039       0       0
   49999959                    41                    41             1.4603164E-04         1.0000000E+30            726863       
 NEXT SEEDS:13E00613      1B       0       0       0       0   181CD    3039       0       0
   49999960                    40                    40             1.4603165E-04         1.0000000E+30            726863       
 NEXT SEEDS:13E007B0      1B       0       0       0       0   181CD    3039       0       0
   49999961                    39                    39             1.4603166E-04         1.0000000E+30            726863       
 NEXT SEEDS:13E0097E      1B       0       0       0       0   181CD    3039       0       0
   49999962                    38                    38             1.4603169E-04         1.0000000E+30            726863       
 NEXT SEEDS:13E00F85      1B       0       0       0       0   181CD    3039       0       0
   49999963                    37                    37             1.4603169E-04         1.0000000E+30            726863       
 NEXT SEEDS:13E012D2      1B       0       0       0       0   181CD    3039       0       0
   49999964                    36                    36             1.4603171E-04         1.0000000E+30            726863       
 NEXT SEEDS:13E013EF      1B       0       0       0       0   181CD    3039       0       0
   49999965                    35                    35             1.4603172E-04         1.0000000E+30            726863       
 NEXT SEEDS:13E016B1      1B       0       0       0       0   181CD    3039       0       0
   49999966                    34                    34             1.4603172E-04         1.0000000E+30            726863       
 NEXT SEEDS:13E01736      1B       0       0       0       0   181CD    3039       0       0
   49999967                    33                    33             1.4603174E-04         1.0000000E+30            726863       
 NEXT SEEDS:13E01903      1B       0       0       0       0   181CD    3039       0       0
   49999968                    32                    32             1.4603175E-04         1.0000000E+30            726863       
 NEXT SEEDS:13E01AC5      1B       0       0       0       0   181CD    3039       0       0
   49999969                    31                    31             1.4603176E-04         1.0000000E+30            726863       
 NEXT SEEDS:13E01BBF      1B       0       0       0       0   181CD    3039       0       0
   49999970                    30                    30             1.4603177E-04         1.0000000E+30            726863       
 NEXT SEEDS:13E01CEE      1B       0       0       0       0   181CD    3039       0       0
   49999971                    29                    29             1.4603178E-04         1.0000000E+30            726863       
 NEXT SEEDS:13E01DCE      1B       0       0       0       0   181CD    3039       0       0
   49999972                    28                    28             1.4603179E-04         1.0000000E+30            726863       
 NEXT SEEDS:13E01EF1      1B       0       0       0       0   181CD    3039       0       0
   49999973                    27                    27             1.4603180E-04         1.0000000E+30            726863       
 NEXT SEEDS:13E021A1      1B       0       0       0       0   181CD    3039       0       0
   49999974                    26                    26             1.4603182E-04         1.0000000E+30            726863       
 NEXT SEEDS:13E0244A      1B       0       0       0       0   181CD    3039       0       0
   49999975                    25                    25             1.4603183E-04         1.0000000E+30            726863       
 NEXT SEEDS:13E0264A      1B       0       0       0       0   181CD    3039       0       0
   49999976                    24                    24             1.4603184E-04         1.0000000E+30            726863       
 NEXT SEEDS:13E027C2      1B       0       0       0       0   181CD    3039       0       0
   49999977                    23                    23             1.4603186E-04         1.0000000E+30            726863       
 NEXT SEEDS:13E02AAB      1B       0       0       0       0   181CD    3039       0       0
   49999978                    22                    22             1.4603188E-04         1.0000000E+30            726863       
 NEXT SEEDS:13E02BA9      1B       0       0       0       0   181CD    3039       0       0
   49999979                    21                    21             1.4603188E-04         1.0000000E+30            726863       
 NEXT SEEDS:13E02E32      1B       0       0       0       0   181CD    3039       0       0
   49999980                    20                    20             1.4603189E-04         1.0000000E+30            726863       
 NEXT SEEDS:13E02FCD      1B       0       0       0       0   181CD    3039       0       0
   49999981                    19                    19             1.4603193E-04         1.0000000E+30            726864       
 NEXT SEEDS:13E03B5F      1B       0       0       0       0   181CD    3039       0       0
   49999982                    18                    18             1.4603195E-04         1.0000000E+30            726864       
 NEXT SEEDS:13E03D03      1B       0       0       0       0   181CD    3039       0       0
   49999983                    17                    17             1.4603197E-04         1.0000000E+30            726864       
 NEXT SEEDS:13E03F02      1B       0       0       0       0   181CD    3039       0       0
   49999984                    16                    16             1.4603198E-04         1.0000000E+30            726864       
 NEXT SEEDS:13E040DA      1B       0       0       0       0   181CD    3039       0       0
   49999985                    15                    15             1.4603198E-04         1.0000000E+30            726864       
 NEXT SEEDS:13E0427D      1B       0       0       0       0   181CD    3039       0       0
   49999986                    14                    14             1.4603200E-04         1.0000000E+30            726864       
 NEXT SEEDS:13E04403      1B       0       0       0       0   181CD    3039       0       0
   49999987                    13                    13             1.4603201E-04         1.0000000E+30            726864       
 NEXT SEEDS:13E045D3      1B       0       0       0       0   181CD    3039       0       0
   49999988                    12                    12             1.4603202E-04         1.0000000E+30            726864       
 NEXT SEEDS:13E0479A      1B       0       0       0       0   181CD    3039       0       0
   49999989                    11                    11             1.4603203E-04         1.0000000E+30            726864       
 NEXT SEEDS:13E04833      1B       0       0       0       0   181CD    3039       0       0
   49999990                    10                    10             1.4603204E-04         1.0000000E+30            726864       
 NEXT SEEDS:13E0495D      1B       0       0       0       0   181CD    3039       0       0
   49999991                     9                     9             1.4603204E-04         1.0000000E+30            726864       
 NEXT SEEDS:13E04A11      1B       0       0       0       0   181CD    3039       0       0
   49999992                     8                     8             1.4603206E-04         1.0000000E+30            726864       
 NEXT SEEDS:13E04B9C      1B       0       0       0       0   181CD    3039       0       0
   49999993                     7                     7             1.4603207E-04         1.0000000E+30            726864       
 NEXT SEEDS:13E04C7D      1B       0       0       0       0   181CD    3039       0       0
   49999994                     6                     6             1.4603208E-04         1.0000000E+30            726864       
 NEXT SEEDS:13E04FB0      1B       0       0       0       0   181CD    3039       0       0
   49999995                     5                     5             1.4603209E-04         1.0000000E+30            726864       
 NEXT SEEDS:13E052B7      1B       0       0       0       0   181CD    3039       0       0
   49999996                     4                     4             1.4603211E-04         1.0000000E+30            726864       
 NEXT SEEDS:13E0552D      1B       0       0       0       0   181CD    3039       0       0
   49999997                     3                     3             1.4603211E-04         1.0000000E+30            726864       
 NEXT SEEDS:13E05671      1B       0       0       0       0   181CD    3039       0       0
   49999998                     2                     2             1.4603214E-04         1.0000000E+30            726864       
 NEXT SEEDS:13E059E3      1B       0       0       0       0   181CD    3039       0       0
   49999999                     1                     1             1.4603216E-04         1.0000000E+30            726864       
 NEXT SEEDS:13E05BA7      1B       0       0       0       0   181CD    3039       0       0
   50000000                     0                     1             1.4603217E-04         1.0000000E+30            726864       
 NEXT SEEDS:13E05D90      1B       0       0       0       0   181CD    3039       0       0
