1NUMBER OF BEAM       NUMBER OF BEAM        APPROXIMATE NUMBER    AVERAGE TIME USED     TIME LEFT (RESERVED   NUMBER OF STARS
 PARTICLES HANDLED    PARTICLES LEFT        OF BEAM PARTICLES     BY A BEAM PARTICLE     10000.0 SECONDS      CREATED
                                            THAT CAN STILL BE                           FOR PRINTOUT)
                                            HANDLED

 NEXT SEEDS:       0       0       0       0       0       0   181CD    3039       0       0
          1                999999                999999             2.5510788E-04         1.0000000E+30                 0       
 NEXT SEEDS:     127       0       0       0       0       0   181CD    3039       0       0
      20000                980000                980000             6.9708514E-05         1.0000000E+30               335       
 NEXT SEEDS:  954E63       0       0       0       0       0   181CD    3039       0       0
      40000                960000                960000             1.0111598E-04         1.0000000E+30               626       
 NEXT SEEDS: 124933E       0       0       0       0       0   181CD    3039       0       0
      60000                940000                940000             1.2247921E-04         1.0000000E+30               954       
 NEXT SEEDS: 1B84958       0       0       0       0       0   181CD    3039       0       0
      80000                920000                920000             1.0985714E-04         1.0000000E+30              1292       
 NEXT SEEDS: 24D8C1C       0       0       0       0       0   181CD    3039       0       0
     100000                900000                900000             1.0228069E-04         1.0000000E+30              1637       
 NEXT SEEDS: 2E25E95       0       0       0       0       0   181CD    3039       0       0
     120000                880000                880000             1.2467989E-04         1.0000000E+30              1979       
 NEXT SEEDS: 37D202B       0       0       0       0       0   181CD    3039       0       0
     140000                860000                860000             1.1810652E-04         1.0000000E+30              2289       
 NEXT SEEDS: 40FC382       0       0       0       0       0   181CD    3039       0       0
     160000                840000                840000             1.1236593E-04         1.0000000E+30              2589       
 NEXT SEEDS: 49EBBFB       0       0       0       0       0   181CD    3039       0       0
     180000                820000                820000             1.2611232E-04         1.0000000E+30              2932       
 NEXT SEEDS: 533D229       0       0       0       0       0   181CD    3039       0       0
     200000                800000                800000             1.2176965E-04         1.0000000E+30              3282       
 NEXT SEEDS: 5C92EA9       0       0       0       0       0   181CD    3039       0       0
     220000                780000                780000             1.1848671E-04         1.0000000E+30              3626       
 NEXT SEEDS: 65F657D       0       0       0       0       0   181CD    3039       0       0
     240000                760000                760000             1.2874932E-04         1.0000000E+30              3998       
 NEXT SEEDS: 6F6AD8A       0       0       0       0       0   181CD    3039       0       0
     260000                740000                740000             1.2490744E-04         1.0000000E+30              4356       
 NEXT SEEDS: 78B0B09       0       0       0       0       0   181CD    3039       0       0
     280000                720000                720000             1.2482469E-04         1.0000000E+30              4723       
 NEXT SEEDS: 8243808       0       0       0       0       0   181CD    3039       0       0
     300000                700000                700000             1.2958937E-04         1.0000000E+30              5054       
 NEXT SEEDS: 8BA8675       0       0       0       0       0   181CD    3039       0       0
     320000                680000                680000             1.2620001E-04         1.0000000E+30              5440       
 NEXT SEEDS: 952BE49       0       0       0       0       0   181CD    3039       0       0
     340000                660000                660000             1.2394729E-04         1.0000000E+30              5771       
 NEXT SEEDS: 9E77282       0       0       0       0       0   181CD    3039       0       0
     360000                640000                640000             1.2931323E-04         1.0000000E+30              6120       
 NEXT SEEDS: A7FC5B5       0       0       0       0       0   181CD    3039       0       0
     380000                620000                620000             1.2644578E-04         1.0000000E+30              6457       
 NEXT SEEDS: B13EDBE       0       0       0       0       0   181CD    3039       0       0
     400000                600000                600000             1.2376271E-04         1.0000000E+30              6776       
 NEXT SEEDS: BA697BF       0       0       0       0       0   181CD    3039       0       0
     420000                580000                580000             1.2901079E-04         1.0000000E+30              7114       
 NEXT SEEDS: C3B7841       0       0       0       0       0   181CD    3039       0       0
     440000                560000                560000             1.2639777E-04         1.0000000E+30              7469       
 NEXT SEEDS: CD0CD45       0       0       0       0       0   181CD    3039       0       0
     460000                540000                540000             1.2399574E-04         1.0000000E+30              7790       
 NEXT SEEDS: D639F58       0       0       0       0       0   181CD    3039       0       0
     480000                520000                520000             1.2854843E-04         1.0000000E+30              8110       
 NEXT SEEDS: DF61A4F       0       0       0       0       0   181CD    3039       0       0
     500000                500000                500000             1.2621555E-04         1.0000000E+30              8425       
 NEXT SEEDS: E855D52       0       0       0       0       0   181CD    3039       0       0
     520000                480000                480000             1.2418012E-04         1.0000000E+30              8758       
 NEXT SEEDS: F1BD718       0       0       0       0       0   181CD    3039       0       0
     540000                460000                460000             1.2689355E-04         1.0000000E+30              9064       
 NEXT SEEDS: FACF4AE       0       0       0       0       0   181CD    3039       0       0
     560000                440000                440000             1.2619547E-04         1.0000000E+30              9411       
 NEXT SEEDS:1042C5FE       0       0       0       0       0   181CD    3039       0       0
     580000                420000                420000             1.2437664E-04         1.0000000E+30              9778       
 NEXT SEEDS:10DBE1DD       0       0       0       0       0   181CD    3039       0       0
     600000                400000                400000             1.2459527E-04         1.0000000E+30             10125       
 NEXT SEEDS:116FC742       0       0       0       0       0   181CD    3039       0       0
     620000                380000                380000             1.2615494E-04         1.0000000E+30             10434       
 NEXT SEEDS:1200E0C7       0       0       0       0       0   181CD    3039       0       0
     640000                360000                360000             1.2445495E-04         1.0000000E+30             10762       
 NEXT SEEDS:1294FFB7       0       0       0       0       0   181CD    3039       0       0
     660000                340000                340000             1.2282820E-04         1.0000000E+30             11096       
 NEXT SEEDS:13287168       0       0       0       0       0   181CD    3039       0       0
     680000                320000                320000             1.2603732E-04         1.0000000E+30             11433       
 NEXT SEEDS:13BD0347       0       0       0       0       0   181CD    3039       0       0
     700000                300000                300000             1.2450175E-04         1.0000000E+30             11759       
 NEXT SEEDS:144FF8F5       0       0       0       0       0   181CD    3039       0       0
     720000                280000                280000             1.2306254E-04         1.0000000E+30             12097       
 NEXT SEEDS:14E789F6       0       0       0       0       0   181CD    3039       0       0
     740000                260000                260000             1.2608715E-04         1.0000000E+30             12436       
 NEXT SEEDS:157CDF93       0       0       0       0       0   181CD    3039       0       0
     760000                240000                240000             1.2463606E-04         1.0000000E+30             12771       
 NEXT SEEDS:1611C53A       0       0       0       0       0   181CD    3039       0       0
     780000                220000                220000             1.2331147E-04         1.0000000E+30             13117       
 NEXT SEEDS:16A8A7FE       0       0       0       0       0   181CD    3039       0       0
     800000                200000                200000             1.2560277E-04         1.0000000E+30             13447       
 NEXT SEEDS:173BF4E7       0       0       0       0       0   181CD    3039       0       0
     820000                180000                180000             1.2471072E-04         1.0000000E+30             13749       
 NEXT SEEDS:17CC78F5       0       0       0       0       0   181CD    3039       0       0
     840000                160000                160000             1.2346089E-04         1.0000000E+30             14093       
 NEXT SEEDS:186183B6       0       0       0       0       0   181CD    3039       0       0
     860000                140000                140000             1.2385025E-04         1.0000000E+30             14440       
 NEXT SEEDS:18F5F8A0       0       0       0       0       0   181CD    3039       0       0
     880000                120000                120000             1.2483990E-04         1.0000000E+30             14794       
 NEXT SEEDS:198BF935       0       0       0       0       0   181CD    3039       0       0
     900000                100000                100000             1.2364319E-04         1.0000000E+30             15114       
 NEXT SEEDS:1A1F1F00       0       0       0       0       0   181CD    3039       0       0
     920000                 80000                 80000             1.2252186E-04         1.0000000E+30             15456       
 NEXT SEEDS:1AB371FC       0       0       0       0       0   181CD    3039       0       0
     940000                 60000                 60000             1.2485869E-04         1.0000000E+30             15768       
 NEXT SEEDS:1B462D27       0       0       0       0       0   181CD    3039       0       0
     960000                 40000                 40000             1.2374752E-04         1.0000000E+30             16091       
 NEXT SEEDS:1BD94370       0       0       0       0       0   181CD    3039       0       0
     980000                 20000                 20000             1.2270994E-04         1.0000000E+30             16408       
 NEXT SEEDS:1C6D4EC8       0       0       0       0       0   181CD    3039       0       0
     999950                    50                    50             1.2492080E-04         1.0000000E+30             16753       
 NEXT SEEDS:1D00E13E       0       0       0       0       0   181CD    3039       0       0
     999951                    49                    49             1.2492093E-04         1.0000000E+30             16753       
 NEXT SEEDS:1D00E261       0       0       0       0       0   181CD    3039       0       0
     999952                    48                    48             1.2492104E-04         1.0000000E+30             16753       
 NEXT SEEDS:1D00E3A7       0       0       0       0       0   181CD    3039       0       0
     999953                    47                    47             1.2492111E-04         1.0000000E+30             16753       
 NEXT SEEDS:1D00E44C       0       0       0       0       0   181CD    3039       0       0
     999954                    46                    46             1.2492120E-04         1.0000000E+30             16753       
 NEXT SEEDS:1D00E53B       0       0       0       0       0   181CD    3039       0       0
     999955                    45                    45             1.2492135E-04         1.0000000E+30             16753       
 NEXT SEEDS:1D00E7E3       0       0       0       0       0   181CD    3039       0       0
     999956                    44                    44             1.2492144E-04         1.0000000E+30             16753       
 NEXT SEEDS:1D00E908       0       0       0       0       0   181CD    3039       0       0
     999957                    43                    43             1.2492151E-04         1.0000000E+30             16753       
 NEXT SEEDS:1D00E9E7       0       0       0       0       0   181CD    3039       0       0
     999958                    42                    42             1.2492158E-04         1.0000000E+30             16753       
 NEXT SEEDS:1D00EAA1       0       0       0       0       0   181CD    3039       0       0
     999959                    41                    41             1.2492166E-04         1.0000000E+30             16753       
 NEXT SEEDS:1D00EBCB       0       0       0       0       0   181CD    3039       0       0
     999960                    40                    40             1.2492171E-04         1.0000000E+30             16753       
 NEXT SEEDS:1D00ECC6       0       0       0       0       0   181CD    3039       0       0
     999961                    39                    39             1.2492177E-04         1.0000000E+30             16753       
 NEXT SEEDS:1D00EDB3       0       0       0       0       0   181CD    3039       0       0
     999962                    38                    38             1.2492183E-04         1.0000000E+30             16753       
 NEXT SEEDS:1D00EE7C       0       0       0       0       0   181CD    3039       0       0
     999963                    37                    37             1.2492195E-04         1.0000000E+30             16753       
 NEXT SEEDS:1D00F01E       0       0       0       0       0   181CD    3039       0       0
     999964                    36                    36             1.2492205E-04         1.0000000E+30             16753       
 NEXT SEEDS:1D00F183       0       0       0       0       0   181CD    3039       0       0
     999965                    35                    35             1.2492210E-04         1.0000000E+30             16753       
 NEXT SEEDS:1D00F252       0       0       0       0       0   181CD    3039       0       0
     999966                    34                    34             1.2492220E-04         1.0000000E+30             16753       
 NEXT SEEDS:1D00F38E       0       0       0       0       0   181CD    3039       0       0
     999967                    33                    33             1.2492238E-04         1.0000000E+30             16753       
 NEXT SEEDS:1D00F4DE       0       0       0       0       0   181CD    3039       0       0
     999968                    32                    32             1.2492279E-04         1.0000000E+30             16753       
 NEXT SEEDS:1D00F6CC       0       0       0       0       0   181CD    3039       0       0
     999969                    31                    31             1.2492306E-04         1.0000000E+30             16753       
 NEXT SEEDS:1D00F7E6       0       0       0       0       0   181CD    3039       0       0
     999970                    30                    30             1.2492327E-04         1.0000000E+30             16753       
 NEXT SEEDS:1D00F954       0       0       0       0       0   181CD    3039       0       0
     999971                    29                    29             1.2492344E-04         1.0000000E+30             16753       
 NEXT SEEDS:1D00FAAE       0       0       0       0       0   181CD    3039       0       0
     999972                    28                    28             1.2492365E-04         1.0000000E+30             16753       
 NEXT SEEDS:1D00FD16       0       0       0       0       0   181CD    3039       0       0
     999973                    27                    27             1.2492374E-04         1.0000000E+30             16753       
 NEXT SEEDS:1D00FDC2       0       0       0       0       0   181CD    3039       0       0
     999974                    26                    26             1.2492383E-04         1.0000000E+30             16753       
 NEXT SEEDS:1D00FED3       0       0       0       0       0   181CD    3039       0       0
     999975                    25                    25             1.2492390E-04         1.0000000E+30             16753       
 NEXT SEEDS:1D00FFAD       0       0       0       0       0   181CD    3039       0       0
     999976                    24                    24             1.2492402E-04         1.0000000E+30             16753       
 NEXT SEEDS:1D0100E0       0       0       0       0       0   181CD    3039       0       0
     999977                    23                    23             1.2492414E-04         1.0000000E+30             16753       
 NEXT SEEDS:1D01022D       0       0       0       0       0   181CD    3039       0       0
     999978                    22                    22             1.2492424E-04         1.0000000E+30             16753       
 NEXT SEEDS:1D010373       0       0       0       0       0   181CD    3039       0       0
     999979                    21                    21             1.2492435E-04         1.0000000E+30             16753       
 NEXT SEEDS:1D0104E1       0       0       0       0       0   181CD    3039       0       0
     999980                    20                    20             1.2492442E-04         1.0000000E+30             16753       
 NEXT SEEDS:1D0105A8       0       0       0       0       0   181CD    3039       0       0
     999981                    19                    19             1.2492451E-04         1.0000000E+30             16753       
 NEXT SEEDS:1D010710       0       0       0       0       0   181CD    3039       0       0
     999982                    18                    18             1.2492454E-04         1.0000000E+30             16753       
 NEXT SEEDS:1D0107BF       0       0       0       0       0   181CD    3039       0       0
     999983                    17                    17             1.2492458E-04         1.0000000E+30             16753       
 NEXT SEEDS:1D0108A3       0       0       0       0       0   181CD    3039       0       0
     999984                    16                    16             1.2492456E-04         1.0000000E+30             16753       
 NEXT SEEDS:1D01098C       0       0       0       0       0   181CD    3039       0       0
     999985                    15                    15             1.2492457E-04         1.0000000E+30             16753       
 NEXT SEEDS:1D010AF7       0       0       0       0       0   181CD    3039       0       0
     999986                    14                    14             1.2492462E-04         1.0000000E+30             16753       
 NEXT SEEDS:1D010C9E       0       0       0       0       0   181CD    3039       0       0
     999987                    13                    13             1.2492464E-04         1.0000000E+30             16753       
 NEXT SEEDS:1D010E68       0       0       0       0       0   181CD    3039       0       0
     999988                    12                    12             1.2492534E-04         1.0000000E+30             16754       
 NEXT SEEDS:1D01244C       0       0       0       0       0   181CD    3039       0       0
     999989                    11                    11             1.2492539E-04         1.0000000E+30             16754       
 NEXT SEEDS:1D01254D       0       0       0       0       0   181CD    3039       0       0
     999990                    10                    10             1.2492540E-04         1.0000000E+30             16754       
 NEXT SEEDS:1D0126BE       0       0       0       0       0   181CD    3039       0       0
     999991                     9                     9             1.2492544E-04         1.0000000E+30             16754       
 NEXT SEEDS:1D0128DA       0       0       0       0       0   181CD    3039       0       0
     999992                     8                     8             1.2492545E-04         1.0000000E+30             16754       
 NEXT SEEDS:1D012A35       0       0       0       0       0   181CD    3039       0       0
     999993                     7                     7             1.2492544E-04         1.0000000E+30             16754       
 NEXT SEEDS:1D012B7E       0       0       0       0       0   181CD    3039       0       0
     999994                     6                     6             1.2492546E-04         1.0000000E+30             16754       
 NEXT SEEDS:1D012D37       0       0       0       0       0   181CD    3039       0       0
     999995                     5                     5             1.2492548E-04         1.0000000E+30             16754       
 NEXT SEEDS:1D012F15       0       0       0       0       0   181CD    3039       0       0
     999996                     4                     4             1.2492549E-04         1.0000000E+30             16754       
 NEXT SEEDS:1D01313A       0       0       0       0       0   181CD    3039       0       0
     999997                     3                     3             1.2492549E-04         1.0000000E+30             16754       
 NEXT SEEDS:1D013244       0       0       0       0       0   181CD    3039       0       0
     999998                     2                     2             1.2492547E-04         1.0000000E+30             16754       
 NEXT SEEDS:1D01331D       0       0       0       0       0   181CD    3039       0       0
     999999                     1                     1             1.2492546E-04         1.0000000E+30             16754       
 NEXT SEEDS:1D013460       0       0       0       0       0   181CD    3039       0       0
    1000000                     0                     1             1.2492548E-04         1.0000000E+30             16754       
 NEXT SEEDS:1D013642       0       0       0       0       0   181CD    3039       0       0
