1NUMBER OF BEAM       NUMBER OF BEAM        APPROXIMATE NUMBER    AVERAGE TIME USED     TIME LEFT (RESERVED   NUMBER OF STARS
 PARTICLES HANDLED    PARTICLES LEFT        OF BEAM PARTICLES     BY A BEAM PARTICLE     10000.0 SECONDS      CREATED
                                            THAT CAN STILL BE                           FOR PRINTOUT)
                                            HANDLED

 NEXT SEEDS:       0       0       0       0       0       0   181CD    3039       0       0
          1               9999999               9999999             4.3630600E-04         1.0000000E+30                 0       
 NEXT SEEDS:     A01       0       0       0       0       0   181CD    3039       0       0
     200000               9800000               9800000             6.1106048E-04         1.0000000E+30             13335       
 NEXT SEEDS:1FC0B651       0       0       0       0       0   181CD    3039       0       0
     400000               9600000               9600000             6.1033634E-04         1.0000000E+30             26463       
 NEXT SEEDS: 3E72ABB       1       0       0       0       0   181CD    3039       0       0
     600000               9400000               9400000             6.0843208E-04         1.0000000E+30             39518       
 NEXT SEEDS:23877985       1       0       0       0       0   181CD    3039       0       0
     800000               9200000               9200000             6.0764654E-04         1.0000000E+30             52677       
 NEXT SEEDS: 7936897       2       0       0       0       0   181CD    3039       0       0
    1000000               9000000               9000000             6.0725761E-04         1.0000000E+30             65783       
 NEXT SEEDS:274575C1       2       0       0       0       0   181CD    3039       0       0
    1200000               8800000               8800000             6.0684289E-04         1.0000000E+30             78754       
 NEXT SEEDS: B5B1135       3       0       0       0       0   181CD    3039       0       0
    1400000               8600000               8600000             6.0683096E-04         1.0000000E+30             91805       
 NEXT SEEDS:2B12A1D6       3       0       0       0       0   181CD    3039       0       0
    1600000               8400000               8400000             6.0671302E-04         1.0000000E+30            105002       
 NEXT SEEDS: F29EC07       4       0       0       0       0   181CD    3039       0       0
    1800000               8200000               8200000             6.0262423E-04         1.0000000E+30            118193       
 NEXT SEEDS:2EE0157C       4       0       0       0       0   181CD    3039       0       0
    2000000               8000000               8000000             5.9694610E-04         1.0000000E+30            131135       
 NEXT SEEDS:12E9F36A       5       0       0       0       0   181CD    3039       0       0
    2200000               7800000               7800000             5.9769203E-04         1.0000000E+30            144413       
 NEXT SEEDS:32B40166       5       0       0       0       0   181CD    3039       0       0
    2400000               7600000               7600000             5.9819295E-04         1.0000000E+30            157610       
 NEXT SEEDS:16BF4FC9       6       0       0       0       0   181CD    3039       0       0
    2600000               7400000               7400000             5.9881986E-04         1.0000000E+30            170611       
 NEXT SEEDS:3662EB95       6       0       0       0       0   181CD    3039       0       0
    2800000               7200000               7200000             5.9618185E-04         1.0000000E+30            183768       
 NEXT SEEDS:1A9122B8       7       0       0       0       0   181CD    3039       0       0
    3000000               7000000               7000000             5.9043713E-04         1.0000000E+30            197151       
 NEXT SEEDS:3A56C63F       7       0       0       0       0   181CD    3039       0       0
    3200000               6800000               6800000             5.9062534E-04         1.0000000E+30            210247       
 NEXT SEEDS:1E85FB6A       8       0       0       0       0   181CD    3039       0       0
    3400000               6600000               6600000             5.9070786E-04         1.0000000E+30            223421       
 NEXT SEEDS: 2B8F311       9       0       0       0       0   181CD    3039       0       0
    3600000               6400000               6400000             5.8535953E-04         1.0000000E+30            236706       
 NEXT SEEDS:2281E3BE       9       0       0       0       0   181CD    3039       0       0
    3800000               6200000               6200000             5.8490571E-04         1.0000000E+30            249806       
 NEXT SEEDS: 69858D5       A       0       0       0       0   181CD    3039       0       0
