1NUMBER OF BEAM       NUMBER OF BEAM        APPROXIMATE NUMBER    AVERAGE TIME USED     TIME LEFT (RESERVED   NUMBER OF STARS
 PARTICLES HANDLED    PARTICLES LEFT        OF BEAM PARTICLES     BY A BEAM PARTICLE     10000.0 SECONDS      CREATED
                                            THAT CAN STILL BE                           FOR PRINTOUT)
                                            HANDLED

 NEXT SEEDS:       0       0       0       0       0       0   181CD    3039       0       0
          1               9999999               9999999             2.4175644E-04         1.0000000E+30                 0       
 NEXT SEEDS:     44C       0       0       0       0       0   181CD    3039       0       0
     200000               9800000               9800000             1.2659032E-04         1.0000000E+30              2642       
 NEXT SEEDS: 78B56B1       0       0       0       0       0   181CD    3039       0       0
     400000               9600000               9600000             1.2822441E-04         1.0000000E+30              5254       
 NEXT SEEDS: F1B4C59       0       0       0       0       0   181CD    3039       0       0
     600000               9400000               9400000             1.3162314E-04         1.0000000E+30              7741       
 NEXT SEEDS:1695C1AF       0       0       0       0       0   181CD    3039       0       0
     800000               9200000               9200000             1.3034877E-04         1.0000000E+30             10453       
 NEXT SEEDS:1E208D83       0       0       0       0       0   181CD    3039       0       0
    1000000               9000000               9000000             1.3040924E-04         1.0000000E+30             13108       
 NEXT SEEDS:25BF1B15       0       0       0       0       0   181CD    3039       0       0
    1200000               8800000               8800000             1.3172915E-04         1.0000000E+30             15794       
 NEXT SEEDS:2D45C27F       0       0       0       0       0   181CD    3039       0       0
    1400000               8600000               8600000             1.3103329E-04         1.0000000E+30             18414       
 NEXT SEEDS:34D60D6B       0       0       0       0       0   181CD    3039       0       0
    1600000               8400000               8400000             1.3103180E-04         1.0000000E+30             20988       
 NEXT SEEDS:  C56A36       1       0       0       0       0   181CD    3039       0       0
    1800000               8200000               8200000             1.3176122E-04         1.0000000E+30             23479       
 NEXT SEEDS: 840F4F6       1       0       0       0       0   181CD    3039       0       0
    2000000               8000000               8000000             1.3120809E-04         1.0000000E+30             26055       
 NEXT SEEDS: FCA8279       1       0       0       0       0   181CD    3039       0       0
    2200000               7800000               7800000             1.3105822E-04         1.0000000E+30             28679       
 NEXT SEEDS:17557E66       1       0       0       0       0   181CD    3039       0       0
    2400000               7600000               7600000             1.3167410E-04         1.0000000E+30             31173       
 NEXT SEEDS:1ED51EB1       1       0       0       0       0   181CD    3039       0       0
    2600000               7400000               7400000             1.3124795E-04         1.0000000E+30             33749       
 NEXT SEEDS:2651E36A       1       0       0       0       0   181CD    3039       0       0
    2800000               7200000               7200000             1.3101297E-04         1.0000000E+30             36347       
 NEXT SEEDS:2DD9459A       1       0       0       0       0   181CD    3039       0       0
    3000000               7000000               7000000             1.3163487E-04         1.0000000E+30             39002       
 NEXT SEEDS:355CF372       1       0       0       0       0   181CD    3039       0       0
    3200000               6800000               6800000             1.3130395E-04         1.0000000E+30             41572       
 NEXT SEEDS: 1511C20       2       0       0       0       0   181CD    3039       0       0
    3400000               6600000               6600000             1.3122786E-04         1.0000000E+30             44239       
 NEXT SEEDS: 8E2777E       2       0       0       0       0   181CD    3039       0       0
    3600000               6400000               6400000             1.3168668E-04         1.0000000E+30             46791       
 NEXT SEEDS:106F55FF       2       0       0       0       0   181CD    3039       0       0
    3800000               6200000               6200000             1.3140551E-04         1.0000000E+30             49421       
 NEXT SEEDS:17F58A5F       2       0       0       0       0   181CD    3039       0       0
    4000000               6000000               6000000             1.3137943E-04         1.0000000E+30             52028       
 NEXT SEEDS:1F7FE38E       2       0       0       0       0   181CD    3039       0       0
    4200000               5800000               5800000             1.3169156E-04         1.0000000E+30             54615       
 NEXT SEEDS:270707DA       2       0       0       0       0   181CD    3039       0       0
    4400000               5600000               5600000             1.3144368E-04         1.0000000E+30             57256       
 NEXT SEEDS:2E90EF49       2       0       0       0       0   181CD    3039       0       0
    4600000               5400000               5400000             1.3145395E-04         1.0000000E+30             59820       
 NEXT SEEDS:361CFC45       2       0       0       0       0   181CD    3039       0       0
    4800000               5200000               5200000             1.3167827E-04         1.0000000E+30             62403       
 NEXT SEEDS: 2118914       3       0       0       0       0   181CD    3039       0       0
    5000000               5000000               5000000             1.3147294E-04         1.0000000E+30             65126       
 NEXT SEEDS: 9A17EB0       3       0       0       0       0   181CD    3039       0       0
    5200000               4800000               4800000             1.3159169E-04         1.0000000E+30             67874       
 NEXT SEEDS:112D100E       3       0       0       0       0   181CD    3039       0       0
    5400000               4600000               4600000             1.3168075E-04         1.0000000E+30             70505       
 NEXT SEEDS:18C3C701       3       0       0       0       0   181CD    3039       0       0
    5600000               4400000               4400000             1.3149180E-04         1.0000000E+30             73058       
 NEXT SEEDS:20457930       3       0       0       0       0   181CD    3039       0       0
    5800000               4200000               4200000             1.3156374E-04         1.0000000E+30             75643       
 NEXT SEEDS:27C8A557       3       0       0       0       0   181CD    3039       0       0
    6000000               4000000               4000000             1.3163865E-04         1.0000000E+30             78212       
 NEXT SEEDS:2F44E2DC       3       0       0       0       0   181CD    3039       0       0
    6200000               3800000               3800000             1.3147318E-04         1.0000000E+30             80853       
 NEXT SEEDS:36CE3C6F       3       0       0       0       0   181CD    3039       0       0
    6400000               3600000               3600000             1.3152067E-04         1.0000000E+30             83464       
 NEXT SEEDS: 2BA3774       4       0       0       0       0   181CD    3039       0       0
    6600000               3400000               3400000             1.3163872E-04         1.0000000E+30             86092       
 NEXT SEEDS: A42AEDA       4       0       0       0       0   181CD    3039       0       0
    6800000               3200000               3200000             1.3148539E-04         1.0000000E+30             88701       
 NEXT SEEDS:11CCB1D4       4       0       0       0       0   181CD    3039       0       0
    7000000               3000000               3000000             1.3158478E-04         1.0000000E+30             91307       
 NEXT SEEDS:19550B41       4       0       0       0       0   181CD    3039       0       0
    7200000               2800000               2800000             1.3164111E-04         1.0000000E+30             93941       
 NEXT SEEDS:20DBB408       4       0       0       0       0   181CD    3039       0       0
    7400000               2600000               2600000             1.3149226E-04         1.0000000E+30             96481       
 NEXT SEEDS:286151A1       4       0       0       0       0   181CD    3039       0       0
    7600000               2400000               2400000             1.3154828E-04         1.0000000E+30             99026       
 NEXT SEEDS:2FEA90AC       4       0       0       0       0   181CD    3039       0       0
    7800000               2200000               2200000             1.3161767E-04         1.0000000E+30            101593       
 NEXT SEEDS:376B777C       4       0       0       0       0   181CD    3039       0       0
    8000000               2000000               2000000             1.3146996E-04         1.0000000E+30            104090       
 NEXT SEEDS: 34B5D21       5       0       0       0       0   181CD    3039       0       0
    8200000               1800000               1800000             1.3147235E-04         1.0000000E+30            106657       
 NEXT SEEDS: ACB27A0       5       0       0       0       0   181CD    3039       0       0
    8400000               1600000               1600000             1.3158660E-04         1.0000000E+30            109178       
 NEXT SEEDS:1249DCFA       5       0       0       0       0   181CD    3039       0       0
    8600000               1400000               1400000             1.3144944E-04         1.0000000E+30            111733       
 NEXT SEEDS:19CE3973       5       0       0       0       0   181CD    3039       0       0
    8800000               1200000               1200000             1.3140166E-04         1.0000000E+30            114354       
 NEXT SEEDS:214E4838       5       0       0       0       0   181CD    3039       0       0
    9000000               1000000               1000000             1.3157587E-04         1.0000000E+30            116895       
 NEXT SEEDS:28D2016F       5       0       0       0       0   181CD    3039       0       0
    9200000                800000                800000             1.3146187E-04         1.0000000E+30            119524       
 NEXT SEEDS:305BE882       5       0       0       0       0   181CD    3039       0       0
    9400000                600000                600000             1.3141934E-04         1.0000000E+30            122054       
 NEXT SEEDS:37D9440C       5       0       0       0       0   181CD    3039       0       0
    9600000                400000                400000             1.3158141E-04         1.0000000E+30            124682       
 NEXT SEEDS: 3CD1999       6       0       0       0       0   181CD    3039       0       0
    9800000                200000                200000             1.3147234E-04         1.0000000E+30            127271       
 NEXT SEEDS: B53CFFC       6       0       0       0       0   181CD    3039       0       0
    9999950                    50                    50             1.3144309E-04         1.0000000E+30            129887       
 NEXT SEEDS:12DC9A77       6       0       0       0       0   181CD    3039       0       0
    9999951                    49                    49             1.3144308E-04         1.0000000E+30            129887       
 NEXT SEEDS:12DCA0A2       6       0       0       0       0   181CD    3039       0       0
    9999952                    48                    48             1.3144306E-04         1.0000000E+30            129887       
 NEXT SEEDS:12DCA2D4       6       0       0       0       0   181CD    3039       0       0
    9999953                    47                    47             1.3144305E-04         1.0000000E+30            129887       
 NEXT SEEDS:12DCA4B8       6       0       0       0       0   181CD    3039       0       0
    9999954                    46                    46             1.3144304E-04         1.0000000E+30            129887       
 NEXT SEEDS:12DCA65A       6       0       0       0       0   181CD    3039       0       0
    9999955                    45                    45             1.3144304E-04         1.0000000E+30            129887       
 NEXT SEEDS:12DCA857       6       0       0       0       0   181CD    3039       0       0
    9999956                    44                    44             1.3144302E-04         1.0000000E+30            129887       
 NEXT SEEDS:12DCA948       6       0       0       0       0   181CD    3039       0       0
    9999957                    43                    43             1.3144301E-04         1.0000000E+30            129887       
 NEXT SEEDS:12DCAC65       6       0       0       0       0   181CD    3039       0       0
    9999958                    42                    42             1.3144300E-04         1.0000000E+30            129887       
 NEXT SEEDS:12DCAF8D       6       0       0       0       0   181CD    3039       0       0
    9999959                    41                    41             1.3144298E-04         1.0000000E+30            129887       
 NEXT SEEDS:12DCB212       6       0       0       0       0   181CD    3039       0       0
    9999960                    40                    40             1.3144297E-04         1.0000000E+30            129887       
 NEXT SEEDS:12DCB40F       6       0       0       0       0   181CD    3039       0       0
    9999961                    39                    39             1.3144301E-04         1.0000000E+30            129887       
 NEXT SEEDS:12DCB722       6       0       0       0       0   181CD    3039       0       0
    9999962                    38                    38             1.3144305E-04         1.0000000E+30            129887       
 NEXT SEEDS:12DCB8FD       6       0       0       0       0   181CD    3039       0       0
    9999963                    37                    37             1.3144313E-04         1.0000000E+30            129887       
 NEXT SEEDS:12DCBC39       6       0       0       0       0   181CD    3039       0       0
    9999964                    36                    36             1.3144319E-04         1.0000000E+30            129887       
 NEXT SEEDS:12DCBE93       6       0       0       0       0   181CD    3039       0       0
    9999965                    35                    35             1.3144322E-04         1.0000000E+30            129887       
 NEXT SEEDS:12DCBF5A       6       0       0       0       0   181CD    3039       0       0
    9999966                    34                    34             1.3144326E-04         1.0000000E+30            129887       
 NEXT SEEDS:12DCC00A       6       0       0       0       0   181CD    3039       0       0
    9999967                    33                    33             1.3144331E-04         1.0000000E+30            129887       
 NEXT SEEDS:12DCC0E1       6       0       0       0       0   181CD    3039       0       0
    9999968                    32                    32             1.3144334E-04         1.0000000E+30            129887       
 NEXT SEEDS:12DCC1D4       6       0       0       0       0   181CD    3039       0       0
    9999969                    31                    31             1.3144340E-04         1.0000000E+30            129887       
 NEXT SEEDS:12DCC412       6       0       0       0       0   181CD    3039       0       0
    9999970                    30                    30             1.3144347E-04         1.0000000E+30            129887       
 NEXT SEEDS:12DCC750       6       0       0       0       0   181CD    3039       0       0
    9999971                    29                    29             1.3144351E-04         1.0000000E+30            129887       
 NEXT SEEDS:12DCC868       6       0       0       0       0   181CD    3039       0       0
    9999972                    28                    28             1.3144358E-04         1.0000000E+30            129887       
 NEXT SEEDS:12DCCC7A       6       0       0       0       0   181CD    3039       0       0
    9999973                    27                    27             1.3144365E-04         1.0000000E+30            129887       
 NEXT SEEDS:12DCCF09       6       0       0       0       0   181CD    3039       0       0
    9999974                    26                    26             1.3144370E-04         1.0000000E+30            129887       
 NEXT SEEDS:12DCD099       6       0       0       0       0   181CD    3039       0       0
    9999975                    25                    25             1.3144377E-04         1.0000000E+30            129887       
 NEXT SEEDS:12DCD44D       6       0       0       0       0   181CD    3039       0       0
    9999976                    24                    24             1.3144382E-04         1.0000000E+30            129887       
 NEXT SEEDS:12DCD657       6       0       0       0       0   181CD    3039       0       0
    9999977                    23                    23             1.3144387E-04         1.0000000E+30            129887       
 NEXT SEEDS:12DCD7A3       6       0       0       0       0   181CD    3039       0       0
    9999978                    22                    22             1.3144397E-04         1.0000000E+30            129887       
 NEXT SEEDS:12DCDACA       6       0       0       0       0   181CD    3039       0       0
    9999979                    21                    21             1.3144403E-04         1.0000000E+30            129887       
 NEXT SEEDS:12DCDBCA       6       0       0       0       0   181CD    3039       0       0
    9999980                    20                    20             1.3144410E-04         1.0000000E+30            129887       
 NEXT SEEDS:12DCDE18       6       0       0       0       0   181CD    3039       0       0
    9999981                    19                    19             1.3144415E-04         1.0000000E+30            129887       
 NEXT SEEDS:12DCDED6       6       0       0       0       0   181CD    3039       0       0
    9999982                    18                    18             1.3144424E-04         1.0000000E+30            129887       
 NEXT SEEDS:12DCE14D       6       0       0       0       0   181CD    3039       0       0
    9999983                    17                    17             1.3144432E-04         1.0000000E+30            129887       
 NEXT SEEDS:12DCE203       6       0       0       0       0   181CD    3039       0       0
    9999984                    16                    16             1.3144441E-04         1.0000000E+30            129887       
 NEXT SEEDS:12DCE5B8       6       0       0       0       0   181CD    3039       0       0
    9999985                    15                    15             1.3144449E-04         1.0000000E+30            129887       
 NEXT SEEDS:12DCE9C6       6       0       0       0       0   181CD    3039       0       0
    9999986                    14                    14             1.3144459E-04         1.0000000E+30            129887       
 NEXT SEEDS:12DCEDCE       6       0       0       0       0   181CD    3039       0       0
    9999987                    13                    13             1.3144465E-04         1.0000000E+30            129887       
 NEXT SEEDS:12DCEF1B       6       0       0       0       0   181CD    3039       0       0
    9999988                    12                    12             1.3144469E-04         1.0000000E+30            129887       
 NEXT SEEDS:12DCEFA9       6       0       0       0       0   181CD    3039       0       0
    9999989                    11                    11             1.3144471E-04         1.0000000E+30            129887       
 NEXT SEEDS:12DCF040       6       0       0       0       0   181CD    3039       0       0
    9999990                    10                    10             1.3144477E-04         1.0000000E+30            129887       
 NEXT SEEDS:12DCF2E1       6       0       0       0       0   181CD    3039       0       0
    9999991                     9                     9             1.3144482E-04         1.0000000E+30            129887       
 NEXT SEEDS:12DCF490       6       0       0       0       0   181CD    3039       0       0
    9999992                     8                     8             1.3144488E-04         1.0000000E+30            129887       
 NEXT SEEDS:12DCF71F       6       0       0       0       0   181CD    3039       0       0
    9999993                     7                     7             1.3144495E-04         1.0000000E+30            129887       
 NEXT SEEDS:12DCFA39       6       0       0       0       0   181CD    3039       0       0
    9999994                     6                     6             1.3144500E-04         1.0000000E+30            129887       
 NEXT SEEDS:12DCFB8E       6       0       0       0       0   181CD    3039       0       0
    9999995                     5                     5             1.3144509E-04         1.0000000E+30            129887       
 NEXT SEEDS:12DCFFA2       6       0       0       0       0   181CD    3039       0       0
    9999996                     4                     4             1.3144513E-04         1.0000000E+30            129887       
 NEXT SEEDS:12DD01C2       6       0       0       0       0   181CD    3039       0       0
    9999997                     3                     3             1.3144522E-04         1.0000000E+30            129887       
 NEXT SEEDS:12DD067D       6       0       0       0       0   181CD    3039       0       0
    9999998                     2                     2             1.3144529E-04         1.0000000E+30            129887       
 NEXT SEEDS:12DD0979       6       0       0       0       0   181CD    3039       0       0
    9999999                     1                     1             1.3144534E-04         1.0000000E+30            129887       
 NEXT SEEDS:12DD0A87       6       0       0       0       0   181CD    3039       0       0
   10000000                     0                     1             1.3144539E-04         1.0000000E+30            129887       
 NEXT SEEDS:12DD0C2F       6       0       0       0       0   181CD    3039       0       0
