1NUMBER OF BEAM       NUMBER OF BEAM        APPROXIMATE NUMBER    AVERAGE TIME USED     TIME LEFT (RESERVED   NUMBER OF STARS
 PARTICLES HANDLED    PARTICLES LEFT        OF BEAM PARTICLES     BY A BEAM PARTICLE     10000.0 SECONDS      CREATED
                                            THAT CAN STILL BE                           FOR PRINTOUT)
                                            HANDLED

 NEXT SEEDS:       0       0       0       0       0       0   181CD    3039       0       0
          1               9999999               9999999             2.4080276E-04         1.0000000E+30                 0       
 NEXT SEEDS:     2A0       0       0       0       0       0   181CD    3039       0       0
     200000               9800000               9800000             3.5143808E-04         1.0000000E+30              6024       
 NEXT SEEDS: C4E61B9       0       0       0       0       0   181CD    3039       0       0
     400000               9600000               9600000             3.5707761E-04         1.0000000E+30             11953       
 NEXT SEEDS:1899D09C       0       0       0       0       0   181CD    3039       0       0
     600000               9400000               9400000             3.4845955E-04         1.0000000E+30             17958       
 NEXT SEEDS:24D99DA5       0       0       0       0       0   181CD    3039       0       0
     800000               9200000               9200000             3.3278733E-04         1.0000000E+30             23944       
 NEXT SEEDS:3119F330       0       0       0       0       0   181CD    3039       0       0
    1000000               9000000               9000000             3.2421271E-04         1.0000000E+30             30026       
 NEXT SEEDS: 1C6E3BF       1       0       0       0       0   181CD    3039       0       0
    1200000               8800000               8800000             3.1732496E-04         1.0000000E+30             35989       
 NEXT SEEDS: E012F72       1       0       0       0       0   181CD    3039       0       0
    1400000               8600000               8600000             3.0176505E-04         1.0000000E+30             41784       
 NEXT SEEDS:1A2B236E       1       0       0       0       0   181CD    3039       0       0
    1600000               8400000               8400000             2.9226242E-04         1.0000000E+30             47692       
 NEXT SEEDS:265F9AF5       1       0       0       0       0   181CD    3039       0       0
    1800000               8200000               8200000             2.9015354E-04         1.0000000E+30             53615       
 NEXT SEEDS:32A019DD       1       0       0       0       0   181CD    3039       0       0
    2000000               8000000               8000000             2.9771930E-04         1.0000000E+30             59580       
 NEXT SEEDS: 349160C       2       0       0       0       0   181CD    3039       0       0
    2200000               7800000               7800000             2.9996921E-04         1.0000000E+30             65640       
 NEXT SEEDS: F99018F       2       0       0       0       0   181CD    3039       0       0
    2400000               7600000               7600000             2.9644234E-04         1.0000000E+30             71505       
 NEXT SEEDS:1BC6A280       2       0       0       0       0   181CD    3039       0       0
    2600000               7400000               7400000             2.9183793E-04         1.0000000E+30             77406       
 NEXT SEEDS:2800AA6A       2       0       0       0       0   181CD    3039       0       0
    2800000               7200000               7200000             2.8861278E-04         1.0000000E+30             83206       
 NEXT SEEDS:34304D59       2       0       0       0       0   181CD    3039       0       0
    3000000               7000000               7000000             2.8921519E-04         1.0000000E+30             88938       
 NEXT SEEDS: 4C475AD       3       0       0       0       0   181CD    3039       0       0
    3200000               6800000               6800000             2.9832518E-04         1.0000000E+30             94788       
 NEXT SEEDS:10F88CFC       3       0       0       0       0   181CD    3039       0       0
    3400000               6600000               6600000             2.9753081E-04         1.0000000E+30            100717       
 NEXT SEEDS:1D370BD4       3       0       0       0       0   181CD    3039       0       0
    3600000               6400000               6400000             3.0037516E-04         1.0000000E+30            106631       
 NEXT SEEDS:2981F7E4       3       0       0       0       0   181CD    3039       0       0
    3800000               6200000               6200000             3.0523344E-04         1.0000000E+30            112552       
 NEXT SEEDS:35C03BF4       3       0       0       0       0   181CD    3039       0       0
    4000000               6000000               6000000             3.1015985E-04         1.0000000E+30            118678       
 NEXT SEEDS: 66FFD06       4       0       0       0       0   181CD    3039       0       0
    4200000               5800000               5800000             3.1017032E-04         1.0000000E+30            124601       
 NEXT SEEDS:12B2394B       4       0       0       0       0   181CD    3039       0       0
    4400000               5600000               5600000             3.1290730E-04         1.0000000E+30            130601       
 NEXT SEEDS:1EEBBA5C       4       0       0       0       0   181CD    3039       0       0
    4600000               5400000               5400000             3.1694275E-04         1.0000000E+30            136698       
 NEXT SEEDS:2B447A95       4       0       0       0       0   181CD    3039       0       0
    4800000               5200000               5200000             3.2026360E-04         1.0000000E+30            142595       
 NEXT SEEDS:377CD356       4       0       0       0       0   181CD    3039       0       0
    5000000               5000000               5000000             3.2432344E-04         1.0000000E+30            148600       
 NEXT SEEDS: 8213222       5       0       0       0       0   181CD    3039       0       0
    5200000               4800000               4800000             3.2940876E-04         1.0000000E+30            154594       
 NEXT SEEDS:146182E9       5       0       0       0       0   181CD    3039       0       0
    5400000               4600000               4600000             3.3262363E-04         1.0000000E+30            160584       
 NEXT SEEDS:20A70621       5       0       0       0       0   181CD    3039       0       0
    5600000               4400000               4400000             3.3562252E-04         1.0000000E+30            166779       
 NEXT SEEDS:2CF8842E       5       0       0       0       0   181CD    3039       0       0
    5800000               4200000               4200000             3.3862778E-04         1.0000000E+30            172664       
 NEXT SEEDS:393DC8B0       5       0       0       0       0   181CD    3039       0       0
    6000000               4000000               4000000             3.4144006E-04         1.0000000E+30            178598       
 NEXT SEEDS: 9DD1134       6       0       0       0       0   181CD    3039       0       0
    6200000               3800000               3800000             3.4608162E-04         1.0000000E+30            184611       
 NEXT SEEDS:1629CB90       6       0       0       0       0   181CD    3039       0       0
    6400000               3600000               3600000             3.4424160E-04         1.0000000E+30            190637       
 NEXT SEEDS:2273E493       6       0       0       0       0   181CD    3039       0       0
    6600000               3400000               3400000             3.4274969E-04         1.0000000E+30            196492       
 NEXT SEEDS:2EB5C21C       6       0       0       0       0   181CD    3039       0       0
    6800000               3200000               3200000             3.4036905E-04         1.0000000E+30            202465       
 NEXT SEEDS:3B0349DA       6       0       0       0       0   181CD    3039       0       0
    7000000               3000000               3000000             3.3802026E-04         1.0000000E+30            208446       
 NEXT SEEDS: BBE395C       7       0       0       0       0   181CD    3039       0       0
    7200000               2800000               2800000             3.3571889E-04         1.0000000E+30            214435       
 NEXT SEEDS:17FE8CA8       7       0       0       0       0   181CD    3039       0       0
    7400000               2600000               2600000             3.3394086E-04         1.0000000E+30            220419       
 NEXT SEEDS:2443EF0A       7       0       0       0       0   181CD    3039       0       0
 COUSET, TXYZ:  0.999999999985055      0.886747266911264      0.462254566873613    
    7600000               2400000               2400000             3.3238114E-04         1.0000000E+30            226431       
 NEXT SEEDS:308CE8AF       7       0       0       0       0   181CD    3039       0       0
    7800000               2200000               2200000             3.3461247E-04         1.0000000E+30            232291       
 NEXT SEEDS: 12E9B2A       8       0       0       0       0   181CD    3039       0       0
    8000000               2000000               2000000             3.3720432E-04         1.0000000E+30            238296       
 NEXT SEEDS: D790786       8       0       0       0       0   181CD    3039       0       0
 COUSET, TXYZ:  0.999999999982347     -0.998714602234235      5.068671668996706E-02
    8200000               1800000               1800000             3.3730263E-04         1.0000000E+30            244262       
 NEXT SEEDS:19C1349C       8       0       0       0       0   181CD    3039       0       0
    8400000               1600000               1600000             3.3575364E-04         1.0000000E+30            250200       
 NEXT SEEDS:260156BF       8       0       0       0       0   181CD    3039       0       0
    8600000               1400000               1400000             3.3602338E-04         1.0000000E+30            256139       
 NEXT SEEDS:323D0642       8       0       0       0       0   181CD    3039       0       0
    8800000               1200000               1200000             3.3918415E-04         1.0000000E+30            262159       
 NEXT SEEDS: 2FB4264       9       0       0       0       0   181CD    3039       0       0
    9000000               1000000               1000000             3.3890636E-04         1.0000000E+30            268084       
 NEXT SEEDS: F356EB7       9       0       0       0       0   181CD    3039       0       0
    9200000                800000                800000             3.3797369E-04         1.0000000E+30            274072       
 NEXT SEEDS:1B7F9F33       9       0       0       0       0   181CD    3039       0       0
    9400000                600000                600000             3.4096041E-04         1.0000000E+30            280025       
 NEXT SEEDS:27BF0DB6       9       0       0       0       0   181CD    3039       0       0
    9600000                400000                400000             3.4267949E-04         1.0000000E+30            286089       
 NEXT SEEDS:340945D1       9       0       0       0       0   181CD    3039       0       0
    9800000                200000                200000             3.4069799E-04         1.0000000E+30            292029       
 NEXT SEEDS: 4AE089A       A       0       0       0       0   181CD    3039       0       0
    9999950                    50                    50             3.3936295E-04         1.0000000E+30            297860       
 NEXT SEEDS:10E87B1D       A       0       0       0       0   181CD    3039       0       0
    9999951                    49                    49             3.3936302E-04         1.0000000E+30            297860       
 NEXT SEEDS:10E87C27       A       0       0       0       0   181CD    3039       0       0
    9999952                    48                    48             3.3936306E-04         1.0000000E+30            297860       
 NEXT SEEDS:10E87E21       A       0       0       0       0   181CD    3039       0       0
    9999953                    47                    47             3.3936312E-04         1.0000000E+30            297860       
 NEXT SEEDS:10E881B4       A       0       0       0       0   181CD    3039       0       0
    9999954                    46                    46             3.3936348E-04         1.0000000E+30            297861       
 NEXT SEEDS:10E8C5D5       A       0       0       0       0   181CD    3039       0       0
    9999955                    45                    45             3.3936354E-04         1.0000000E+30            297861       
 NEXT SEEDS:10E8C7BD       A       0       0       0       0   181CD    3039       0       0
    9999956                    44                    44             3.3936358E-04         1.0000000E+30            297861       
 NEXT SEEDS:10E8CB59       A       0       0       0       0   181CD    3039       0       0
    9999957                    43                    43             3.3936440E-04         1.0000000E+30            297862       
 NEXT SEEDS:10E9021E       A       0       0       0       0   181CD    3039       0       0
    9999958                    42                    42             3.3936444E-04         1.0000000E+30            297862       
 NEXT SEEDS:10E9048F       A       0       0       0       0   181CD    3039       0       0
    9999959                    41                    41             3.3936450E-04         1.0000000E+30            297862       
 NEXT SEEDS:10E907BA       A       0       0       0       0   181CD    3039       0       0
    9999960                    40                    40             3.3936457E-04         1.0000000E+30            297862       
 NEXT SEEDS:10E90C3A       A       0       0       0       0   181CD    3039       0       0
    9999961                    39                    39             3.3936461E-04         1.0000000E+30            297862       
 NEXT SEEDS:10E90DF7       A       0       0       0       0   181CD    3039       0       0
    9999962                    38                    38             3.3936464E-04         1.0000000E+30            297862       
 NEXT SEEDS:10E9112C       A       0       0       0       0   181CD    3039       0       0
    9999963                    37                    37             3.3936466E-04         1.0000000E+30            297862       
 NEXT SEEDS:10E9123F       A       0       0       0       0   181CD    3039       0       0
    9999964                    36                    36             3.3936470E-04         1.0000000E+30            297862       
 NEXT SEEDS:10E914E7       A       0       0       0       0   181CD    3039       0       0
    9999965                    35                    35             3.3936479E-04         1.0000000E+30            297862       
 NEXT SEEDS:10E918B7       A       0       0       0       0   181CD    3039       0       0
    9999966                    34                    34             3.3936485E-04         1.0000000E+30            297862       
 NEXT SEEDS:10E91D5B       A       0       0       0       0   181CD    3039       0       0
    9999967                    33                    33             3.3936489E-04         1.0000000E+30            297862       
 NEXT SEEDS:10E91F61       A       0       0       0       0   181CD    3039       0       0
    9999968                    32                    32             3.3936493E-04         1.0000000E+30            297862       
 NEXT SEEDS:10E92219       A       0       0       0       0   181CD    3039       0       0
    9999969                    31                    31             3.3936497E-04         1.0000000E+30            297862       
 NEXT SEEDS:10E9240F       A       0       0       0       0   181CD    3039       0       0
    9999970                    30                    30             3.3936493E-04         1.0000000E+30            297862       
 NEXT SEEDS:10E926B4       A       0       0       0       0   181CD    3039       0       0
    9999971                    29                    29             3.3936490E-04         1.0000000E+30            297862       
 NEXT SEEDS:10E92C9C       A       0       0       0       0   181CD    3039       0       0
    9999972                    28                    28             3.3936487E-04         1.0000000E+30            297862       
 NEXT SEEDS:10E92E61       A       0       0       0       0   181CD    3039       0       0
    9999973                    27                    27             3.3936483E-04         1.0000000E+30            297862       
 NEXT SEEDS:10E93144       A       0       0       0       0   181CD    3039       0       0
    9999974                    26                    26             3.3936490E-04         1.0000000E+30            297862       
 NEXT SEEDS:10E93518       A       0       0       0       0   181CD    3039       0       0
    9999975                    25                    25             3.3936498E-04         1.0000000E+30            297862       
 NEXT SEEDS:10E93A63       A       0       0       0       0   181CD    3039       0       0
    9999976                    24                    24             3.3936502E-04         1.0000000E+30            297862       
 NEXT SEEDS:10E93D08       A       0       0       0       0   181CD    3039       0       0
    9999977                    23                    23             3.3936504E-04         1.0000000E+30            297862       
 NEXT SEEDS:10E93DFF       A       0       0       0       0   181CD    3039       0       0
    9999978                    22                    22             3.3936500E-04         1.0000000E+30            297862       
 NEXT SEEDS:10E94070       A       0       0       0       0   181CD    3039       0       0
    9999979                    21                    21             3.3936497E-04         1.0000000E+30            297862       
 NEXT SEEDS:10E944A0       A       0       0       0       0   181CD    3039       0       0
    9999980                    20                    20             3.3936494E-04         1.0000000E+30            297862       
 NEXT SEEDS:10E945A3       A       0       0       0       0   181CD    3039       0       0
    9999981                    19                    19             3.3936490E-04         1.0000000E+30            297862       
 NEXT SEEDS:10E949E1       A       0       0       0       0   181CD    3039       0       0
    9999982                    18                    18             3.3936487E-04         1.0000000E+30            297862       
 NEXT SEEDS:10E94D62       A       0       0       0       0   181CD    3039       0       0
    9999983                    17                    17             3.3936493E-04         1.0000000E+30            297862       
 NEXT SEEDS:10E9507B       A       0       0       0       0   181CD    3039       0       0
    9999984                    16                    16             3.3936495E-04         1.0000000E+30            297862       
 NEXT SEEDS:10E9521E       A       0       0       0       0   181CD    3039       0       0
    9999985                    15                    15             3.3936501E-04         1.0000000E+30            297862       
 NEXT SEEDS:10E9562D       A       0       0       0       0   181CD    3039       0       0
    9999986                    14                    14             3.3936508E-04         1.0000000E+30            297862       
 NEXT SEEDS:10E95A1A       A       0       0       0       0   181CD    3039       0       0
    9999987                    13                    13             3.3936511E-04         1.0000000E+30            297862       
 NEXT SEEDS:10E95CC4       A       0       0       0       0   181CD    3039       0       0
    9999988                    12                    12             3.3936518E-04         1.0000000E+30            297862       
 NEXT SEEDS:10E9609B       A       0       0       0       0   181CD    3039       0       0
    9999989                    11                    11             3.3936524E-04         1.0000000E+30            297862       
 NEXT SEEDS:10E96407       A       0       0       0       0   181CD    3039       0       0
    9999990                    10                    10             3.3936533E-04         1.0000000E+30            297862       
 NEXT SEEDS:10E96959       A       0       0       0       0   181CD    3039       0       0
    9999991                     9                     9             3.3936539E-04         1.0000000E+30            297862       
 NEXT SEEDS:10E96C5F       A       0       0       0       0   181CD    3039       0       0
    9999992                     8                     8             3.3936546E-04         1.0000000E+30            297862       
 NEXT SEEDS:10E97104       A       0       0       0       0   181CD    3039       0       0
    9999993                     7                     7             3.3936550E-04         1.0000000E+30            297862       
 NEXT SEEDS:10E972AC       A       0       0       0       0   181CD    3039       0       0
    9999994                     6                     6             3.3936554E-04         1.0000000E+30            297862       
 NEXT SEEDS:10E97488       A       0       0       0       0   181CD    3039       0       0
    9999995                     5                     5             3.3936558E-04         1.0000000E+30            297862       
 NEXT SEEDS:10E978B1       A       0       0       0       0   181CD    3039       0       0
    9999996                     4                     4             3.3936564E-04         1.0000000E+30            297862       
 NEXT SEEDS:10E97D05       A       0       0       0       0   181CD    3039       0       0
    9999997                     3                     3             3.3936561E-04         1.0000000E+30            297862       
 NEXT SEEDS:10E98047       A       0       0       0       0   181CD    3039       0       0
    9999998                     2                     2             3.3936557E-04         1.0000000E+30            297862       
 NEXT SEEDS:10E98252       A       0       0       0       0   181CD    3039       0       0
    9999999                     1                     1             3.3936554E-04         1.0000000E+30            297862       
 NEXT SEEDS:10E98728       A       0       0       0       0   181CD    3039       0       0
   10000000                     0                     1             3.3936550E-04         1.0000000E+30            297862       
 NEXT SEEDS:10E989D7       A       0       0       0       0   181CD    3039       0       0
