1NUMBER OF BEAM       NUMBER OF BEAM        APPROXIMATE NUMBER    AVERAGE TIME USED     TIME LEFT (RESERVED   NUMBER OF STARS
 PARTICLES HANDLED    PARTICLES LEFT        OF BEAM PARTICLES     BY A BEAM PARTICLE     10000.0 SECONDS      CREATED
                                            THAT CAN STILL BE                           FOR PRINTOUT)
                                            HANDLED

 NEXT SEEDS:       0       0       0       0       0       0   181CD    3039       0       0
          1               9999999               9999999             2.0928383E-03         1.0000000E+30                 0       
 NEXT SEEDS:     6A0       0       0       0       0       0   181CD    3039       0       0
     200000               9800000               9800000             3.5275462E-04         1.0000000E+30              5267       
 NEXT SEEDS: D90E143       0       0       0       0       0   181CD    3039       0       0
     400000               9600000               9600000             3.5087846E-04         1.0000000E+30             10643       
 NEXT SEEDS:1B42B76E       0       0       0       0       0   181CD    3039       0       0
     600000               9400000               9400000             3.3206460E-04         1.0000000E+30             16031       
 NEXT SEEDS:28E6C674       0       0       0       0       0   181CD    3039       0       0
     800000               9200000               9200000             3.2826178E-04         1.0000000E+30             21112       
 NEXT SEEDS:366CDA64       0       0       0       0       0   181CD    3039       0       0
    1000000               9000000               9000000             3.2517699E-04         1.0000000E+30             26496       
 NEXT SEEDS: 873D11F       1       0       0       0       0   181CD    3039       0       0
    1200000               8800000               8800000             3.1921900E-04         1.0000000E+30             31655       
 NEXT SEEDS:15F81728       1       0       0       0       0   181CD    3039       0       0
    1400000               8600000               8600000             3.2288613E-04         1.0000000E+30             36988       
 NEXT SEEDS:239F6081       1       0       0       0       0   181CD    3039       0       0
    1600000               8400000               8400000             3.1661088E-04         1.0000000E+30             42234       
 NEXT SEEDS:3138B51C       1       0       0       0       0   181CD    3039       0       0
    1800000               8200000               8200000             3.1080483E-04         1.0000000E+30             47527       
 NEXT SEEDS: 341B654       2       0       0       0       0   181CD    3039       0       0
    2000000               8000000               8000000             3.0761799E-04         1.0000000E+30             52920       
 NEXT SEEDS:10D327CB       2       0       0       0       0   181CD    3039       0       0
    2200000               7800000               7800000             3.0653341E-04         1.0000000E+30             58167       
 NEXT SEEDS:1E6F42E1       2       0       0       0       0   181CD    3039       0       0
    2400000               7600000               7600000             3.0478544E-04         1.0000000E+30             63382       
 NEXT SEEDS:2BF9E0E8       2       0       0       0       0   181CD    3039       0       0
    2600000               7400000               7400000             3.0579771E-04         1.0000000E+30             68768       
 NEXT SEEDS:3992D97E       2       0       0       0       0   181CD    3039       0       0
    2800000               7200000               7200000             3.0562756E-04         1.0000000E+30             74016       
 NEXT SEEDS: B9C7C7B       3       0       0       0       0   181CD    3039       0       0
    3000000               7000000               7000000             3.0604247E-04         1.0000000E+30             79217       
 NEXT SEEDS:19327031       3       0       0       0       0   181CD    3039       0       0
    3200000               6800000               6800000             3.0539313E-04         1.0000000E+30             84620       
 NEXT SEEDS:26D9F5E3       3       0       0       0       0   181CD    3039       0       0
    3400000               6600000               6600000             3.0835981E-04         1.0000000E+30             89977       
 NEXT SEEDS:347968BB       3       0       0       0       0   181CD    3039       0       0
    3600000               6400000               6400000             3.0946951E-04         1.0000000E+30             95340       
 NEXT SEEDS: 67486E1       4       0       0       0       0   181CD    3039       0       0
    3800000               6200000               6200000             3.1032719E-04         1.0000000E+30            100646       
 NEXT SEEDS:1413D9EA       4       0       0       0       0   181CD    3039       0       0
    4000000               6000000               6000000             3.1216468E-04         1.0000000E+30            106026       
 NEXT SEEDS:21BE699D       4       0       0       0       0   181CD    3039       0       0
    4200000               5800000               5800000             3.1373076E-04         1.0000000E+30            111351       
 NEXT SEEDS:2F5D315E       4       0       0       0       0   181CD    3039       0       0
    4400000               5600000               5600000             3.1382472E-04         1.0000000E+30            116634       
 NEXT SEEDS: 1546E64       5       0       0       0       0   181CD    3039       0       0
    4600000               5400000               5400000             3.1490580E-04         1.0000000E+30            121931       
 NEXT SEEDS: EE9DFA0       5       0       0       0       0   181CD    3039       0       0
    4800000               5200000               5200000             3.1538625E-04         1.0000000E+30            127196       
 NEXT SEEDS:1C74DAC1       5       0       0       0       0   181CD    3039       0       0
    5000000               5000000               5000000             3.2579490E-04         1.0000000E+30            132436       
 NEXT SEEDS:2A0760A4       5       0       0       0       0   181CD    3039       0       0
    5200000               4800000               4800000             3.3382008E-04         1.0000000E+30            137778       
 NEXT SEEDS:37A93199       5       0       0       0       0   181CD    3039       0       0
    5400000               4600000               4600000             3.4308847E-04         1.0000000E+30            142949       
 NEXT SEEDS: 9966546       6       0       0       0       0   181CD    3039       0       0
    5600000               4400000               4400000             3.5179442E-04         1.0000000E+30            148212       
 NEXT SEEDS:172DF16E       6       0       0       0       0   181CD    3039       0       0
    5800000               4200000               4200000             3.5984249E-04         1.0000000E+30            153604       
 NEXT SEEDS:24D26DCF       6       0       0       0       0   181CD    3039       0       0
    6000000               4000000               4000000             3.6388859E-04         1.0000000E+30            158988       
 NEXT SEEDS:32728E49       6       0       0       0       0   181CD    3039       0       0
    6200000               3800000               3800000             3.6371468E-04         1.0000000E+30            164303       
 NEXT SEEDS: 47B5404       7       0       0       0       0   181CD    3039       0       0
    6400000               3600000               3600000             3.6305149E-04         1.0000000E+30            169607       
 NEXT SEEDS:12193B29       7       0       0       0       0   181CD    3039       0       0
    6600000               3400000               3400000             3.6192609E-04         1.0000000E+30            174838       
 NEXT SEEDS:1FAD0768       7       0       0       0       0   181CD    3039       0       0
    6800000               3200000               3200000             3.6135057E-04         1.0000000E+30            180032       
 NEXT SEEDS:2D442AFD       7       0       0       0       0   181CD    3039       0       0
    7000000               3000000               3000000             3.6100161E-04         1.0000000E+30            185344       
 NEXT SEEDS:3ADC91B6       7       0       0       0       0   181CD    3039       0       0
    7200000               2800000               2800000             3.6090576E-04         1.0000000E+30            190715       
 NEXT SEEDS: CE01DC0       8       0       0       0       0   181CD    3039       0       0
    7400000               2600000               2600000             3.6039386E-04         1.0000000E+30            196029       
 NEXT SEEDS:1A7B0CDF       8       0       0       0       0   181CD    3039       0       0
 COUSET, TXYZ:   1.00000000003064     -0.908825549613796      0.417176366097666    
    7600000               2400000               2400000             3.5991372E-04         1.0000000E+30            201419       
 NEXT SEEDS:2819F6B2       8       0       0       0       0   181CD    3039       0       0
    7800000               2200000               2200000             3.5924655E-04         1.0000000E+30            206821       
 NEXT SEEDS:35BC389E       8       0       0       0       0   181CD    3039       0       0
    8000000               2000000               2000000             3.5896717E-04         1.0000000E+30            212112       
 NEXT SEEDS: 7BD2890       9       0       0       0       0   181CD    3039       0       0
    8200000               1800000               1800000             3.5841330E-04         1.0000000E+30            217380       
 NEXT SEEDS:155D80C6       9       0       0       0       0   181CD    3039       0       0
    8400000               1600000               1600000             3.5802281E-04         1.0000000E+30            222688       
 NEXT SEEDS:22F28952       9       0       0       0       0   181CD    3039       0       0
    8600000               1400000               1400000             3.6059184E-04         1.0000000E+30            227991       
 NEXT SEEDS:3081FD45       9       0       0       0       0   181CD    3039       0       0
    8800000               1200000               1200000             3.6361345E-04         1.0000000E+30            233201       
 NEXT SEEDS: 28A5805       A       0       0       0       0   181CD    3039       0       0
    9000000               1000000               1000000             3.6691588E-04         1.0000000E+30            238501       
 NEXT SEEDS:1027FDE4       A       0       0       0       0   181CD    3039       0       0
    9200000                800000                800000             3.6926034E-04         1.0000000E+30            243879       
 NEXT SEEDS:1DC38C9E       A       0       0       0       0   181CD    3039       0       0
 COUSET, TXYZ:   1.00000000001470      9.809556398701883E-03  0.999951885158809    
    9400000                600000                600000             3.6776295E-04         1.0000000E+30            249221       
 NEXT SEEDS:2B62A888       A       0       0       0       0   181CD    3039       0       0
    9600000                400000                400000             3.6625486E-04         1.0000000E+30            254382       
 NEXT SEEDS:39079B18       A       0       0       0       0   181CD    3039       0       0
    9800000                200000                200000             3.6478336E-04         1.0000000E+30            259619       
 NEXT SEEDS: AF7D7B5       B       0       0       0       0   181CD    3039       0       0
    9999950                    50                    50             3.6404660E-04         1.0000000E+30            264952       
 NEXT SEEDS:1897DE60       B       0       0       0       0   181CD    3039       0       0
    9999951                    49                    49             3.6404659E-04         1.0000000E+30            264952       
 NEXT SEEDS:1897E084       B       0       0       0       0   181CD    3039       0       0
    9999952                    48                    48             3.6404657E-04         1.0000000E+30            264952       
 NEXT SEEDS:1897E35E       B       0       0       0       0   181CD    3039       0       0
    9999953                    47                    47             3.6404656E-04         1.0000000E+30            264952       
 NEXT SEEDS:1897E811       B       0       0       0       0   181CD    3039       0       0
    9999954                    46                    46             3.6404653E-04         1.0000000E+30            264952       
 NEXT SEEDS:1897ECA3       B       0       0       0       0   181CD    3039       0       0
    9999955                    45                    45             3.6404651E-04         1.0000000E+30            264952       
 NEXT SEEDS:1897F143       B       0       0       0       0   181CD    3039       0       0
    9999956                    44                    44             3.6404650E-04         1.0000000E+30            264952       
 NEXT SEEDS:1897F4E9       B       0       0       0       0   181CD    3039       0       0
    9999957                    43                    43             3.6404649E-04         1.0000000E+30            264952       
 NEXT SEEDS:1897F90D       B       0       0       0       0   181CD    3039       0       0
    9999958                    42                    42             3.6404648E-04         1.0000000E+30            264952       
 NEXT SEEDS:189800E7       B       0       0       0       0   181CD    3039       0       0
    9999959                    41                    41             3.6404647E-04         1.0000000E+30            264952       
 NEXT SEEDS:189804F6       B       0       0       0       0   181CD    3039       0       0
    9999960                    40                    40             3.6404645E-04         1.0000000E+30            264952       
 NEXT SEEDS:1898092D       B       0       0       0       0   181CD    3039       0       0
    9999961                    39                    39             3.6404644E-04         1.0000000E+30            264952       
 NEXT SEEDS:18980D6C       B       0       0       0       0   181CD    3039       0       0
    9999962                    38                    38             3.6404660E-04         1.0000000E+30            264953       
 NEXT SEEDS:18984C3D       B       0       0       0       0   181CD    3039       0       0
    9999963                    37                    37             3.6404659E-04         1.0000000E+30            264953       
 NEXT SEEDS:18984FD9       B       0       0       0       0   181CD    3039       0       0
    9999964                    36                    36             3.6404655E-04         1.0000000E+30            264953       
 NEXT SEEDS:18985136       B       0       0       0       0   181CD    3039       0       0
    9999965                    35                    35             3.6404654E-04         1.0000000E+30            264953       
 NEXT SEEDS:18985455       B       0       0       0       0   181CD    3039       0       0
    9999966                    34                    34             3.6404653E-04         1.0000000E+30            264953       
 NEXT SEEDS:18985A4D       B       0       0       0       0   181CD    3039       0       0
    9999967                    33                    33             3.6404652E-04         1.0000000E+30            264953       
 NEXT SEEDS:18985E52       B       0       0       0       0   181CD    3039       0       0
    9999968                    32                    32             3.6404648E-04         1.0000000E+30            264953       
 NEXT SEEDS:18986019       B       0       0       0       0   181CD    3039       0       0
    9999969                    31                    31             3.6404647E-04         1.0000000E+30            264953       
 NEXT SEEDS:18986591       B       0       0       0       0   181CD    3039       0       0
    9999970                    30                    30             3.6404646E-04         1.0000000E+30            264953       
 NEXT SEEDS:189867CA       B       0       0       0       0   181CD    3039       0       0
    9999971                    29                    29             3.6404642E-04         1.0000000E+30            264953       
 NEXT SEEDS:18986BCB       B       0       0       0       0   181CD    3039       0       0
    9999972                    28                    28             3.6404641E-04         1.0000000E+30            264953       
 NEXT SEEDS:18986CAC       B       0       0       0       0   181CD    3039       0       0
    9999973                    27                    27             3.6404640E-04         1.0000000E+30            264953       
 NEXT SEEDS:1898708F       B       0       0       0       0   181CD    3039       0       0
    9999974                    26                    26             3.6404636E-04         1.0000000E+30            264953       
 NEXT SEEDS:18987482       B       0       0       0       0   181CD    3039       0       0
    9999975                    25                    25             3.6404635E-04         1.0000000E+30            264953       
 NEXT SEEDS:18987889       B       0       0       0       0   181CD    3039       0       0
    9999976                    24                    24             3.6404633E-04         1.0000000E+30            264953       
 NEXT SEEDS:18987E9C       B       0       0       0       0   181CD    3039       0       0
    9999977                    23                    23             3.6404632E-04         1.0000000E+30            264953       
 NEXT SEEDS:189880F0       B       0       0       0       0   181CD    3039       0       0
    9999978                    22                    22             3.6404629E-04         1.0000000E+30            264953       
 NEXT SEEDS:18988306       B       0       0       0       0   181CD    3039       0       0
    9999979                    21                    21             3.6404627E-04         1.0000000E+30            264953       
 NEXT SEEDS:18988737       B       0       0       0       0   181CD    3039       0       0
    9999980                    20                    20             3.6404626E-04         1.0000000E+30            264953       
 NEXT SEEDS:18988843       B       0       0       0       0   181CD    3039       0       0
    9999981                    19                    19             3.6404625E-04         1.0000000E+30            264953       
 NEXT SEEDS:18988C80       B       0       0       0       0   181CD    3039       0       0
    9999982                    18                    18             3.6404621E-04         1.0000000E+30            264953       
 NEXT SEEDS:189890DF       B       0       0       0       0   181CD    3039       0       0
    9999983                    17                    17             3.6404620E-04         1.0000000E+30            264953       
 NEXT SEEDS:1898938C       B       0       0       0       0   181CD    3039       0       0
    9999984                    16                    16             3.6404619E-04         1.0000000E+30            264953       
 NEXT SEEDS:189895B8       B       0       0       0       0   181CD    3039       0       0
    9999985                    15                    15             3.6404618E-04         1.0000000E+30            264953       
 NEXT SEEDS:18989983       B       0       0       0       0   181CD    3039       0       0
    9999986                    14                    14             3.6404614E-04         1.0000000E+30            264953       
 NEXT SEEDS:18989D05       B       0       0       0       0   181CD    3039       0       0
    9999987                    13                    13             3.6404613E-04         1.0000000E+30            264953       
 NEXT SEEDS:1898A2D4       B       0       0       0       0   181CD    3039       0       0
    9999988                    12                    12             3.6404612E-04         1.0000000E+30            264953       
 NEXT SEEDS:1898A5ED       B       0       0       0       0   181CD    3039       0       0
    9999989                    11                    11             3.6404611E-04         1.0000000E+30            264953       
 NEXT SEEDS:1898A7AC       B       0       0       0       0   181CD    3039       0       0
    9999990                    10                    10             3.6404607E-04         1.0000000E+30            264953       
 NEXT SEEDS:1898AC15       B       0       0       0       0   181CD    3039       0       0
    9999991                     9                     9             3.6404606E-04         1.0000000E+30            264953       
 NEXT SEEDS:1898AF54       B       0       0       0       0   181CD    3039       0       0
    9999992                     8                     8             3.6404605E-04         1.0000000E+30            264953       
 NEXT SEEDS:1898B27B       B       0       0       0       0   181CD    3039       0       0
    9999993                     7                     7             3.6404601E-04         1.0000000E+30            264953       
 NEXT SEEDS:1898B42E       B       0       0       0       0   181CD    3039       0       0
    9999994                     6                     6             3.6404600E-04         1.0000000E+30            264953       
 NEXT SEEDS:1898B840       B       0       0       0       0   181CD    3039       0       0
    9999995                     5                     5             3.6404598E-04         1.0000000E+30            264953       
 NEXT SEEDS:1898B9C9       B       0       0       0       0   181CD    3039       0       0
    9999996                     4                     4             3.6404595E-04         1.0000000E+30            264953       
 NEXT SEEDS:1898BE94       B       0       0       0       0   181CD    3039       0       0
    9999997                     3                     3             3.6404594E-04         1.0000000E+30            264953       
 NEXT SEEDS:1898C26C       B       0       0       0       0   181CD    3039       0       0
    9999998                     2                     2             3.6404592E-04         1.0000000E+30            264953       
 NEXT SEEDS:1898C72E       B       0       0       0       0   181CD    3039       0       0
    9999999                     1                     1             3.6404591E-04         1.0000000E+30            264953       
 NEXT SEEDS:1898C837       B       0       0       0       0   181CD    3039       0       0
   10000000                     0                     1             3.6404588E-04         1.0000000E+30            264953       
 NEXT SEEDS:1898CAE8       B       0       0       0       0   181CD    3039       0       0
