1NUMBER OF BEAM       NUMBER OF BEAM        APPROXIMATE NUMBER    AVERAGE TIME USED     TIME LEFT (RESERVED   NUMBER OF STARS
 PARTICLES HANDLED    PARTICLES LEFT        OF BEAM PARTICLES     BY A BEAM PARTICLE     10000.0 SECONDS      CREATED
                                            THAT CAN STILL BE                           FOR PRINTOUT)
                                            HANDLED

 NEXT SEEDS:       0       0       0       0       0       0   181CD    3039       0       0
          1               9999999               9999999             1.7690659E-04         1.0000000E+30                 0       
 NEXT SEEDS:      A3       0       0       0       0       0   181CD    3039       0       0
     200000               9800000               9800000             8.8401498E-05         1.0000000E+30              2504       
 NEXT SEEDS: 7629847       0       0       0       0       0   181CD    3039       0       0
     400000               9600000               9600000             1.2411333E-04         1.0000000E+30              5104       
 NEXT SEEDS: EC7EECF       0       0       0       0       0   181CD    3039       0       0
     600000               9400000               9400000             1.3948254E-04         1.0000000E+30              7659       
 NEXT SEEDS:16304133       0       0       0       0       0   181CD    3039       0       0
     800000               9200000               9200000             1.4549429E-04         1.0000000E+30             10192       
 NEXT SEEDS:1D9898D8       0       0       0       0       0   181CD    3039       0       0
    1000000               9000000               9000000             1.4581416E-04         1.0000000E+30             12758       
 NEXT SEEDS:2501A877       0       0       0       0       0   181CD    3039       0       0
    1200000               8800000               8800000             1.4606934E-04         1.0000000E+30             15302       
 NEXT SEEDS:2C6D61F2       0       0       0       0       0   181CD    3039       0       0
    1400000               8600000               8600000             1.4462801E-04         1.0000000E+30             17990       
 NEXT SEEDS:33E76EDF       0       0       0       0       0   181CD    3039       0       0
    1600000               8400000               8400000             1.4471104E-04         1.0000000E+30             20559       
 NEXT SEEDS:3B4E157C       0       0       0       0       0   181CD    3039       0       0
    1800000               8200000               8200000             1.4534297E-04         1.0000000E+30             23108       
 NEXT SEEDS: 7213B0C       1       0       0       0       0   181CD    3039       0       0
    2000000               8000000               8000000             1.4376068E-04         1.0000000E+30             25622       
 NEXT SEEDS: E8E7F6D       1       0       0       0       0   181CD    3039       0       0
    2200000               7800000               7800000             1.4412099E-04         1.0000000E+30             28095       
 NEXT SEEDS:15F3F023       1       0       0       0       0   181CD    3039       0       0
    2400000               7600000               7600000             1.4300011E-04         1.0000000E+30             30542       
 NEXT SEEDS:1D50E92B       1       0       0       0       0   181CD    3039       0       0
    2600000               7400000               7400000             1.4324930E-04         1.0000000E+30             33126       
 NEXT SEEDS:24BDBD01       1       0       0       0       0   181CD    3039       0       0
    2800000               7200000               7200000             1.4233579E-04         1.0000000E+30             35695       
 NEXT SEEDS:2C29A70A       1       0       0       0       0   181CD    3039       0       0
    3000000               7000000               7000000             1.4279347E-04         1.0000000E+30             38290       
 NEXT SEEDS:3399F8FC       1       0       0       0       0   181CD    3039       0       0
    3200000               6800000               6800000             1.4365170E-04         1.0000000E+30             40859       
 NEXT SEEDS:3AFFD73E       1       0       0       0       0   181CD    3039       0       0
    3400000               6600000               6600000             1.4411491E-04         1.0000000E+30             43436       
 NEXT SEEDS: 6DC8C63       2       0       0       0       0   181CD    3039       0       0
    3600000               6400000               6400000             1.4470629E-04         1.0000000E+30             45974       
 NEXT SEEDS: E43672C       2       0       0       0       0   181CD    3039       0       0
    3800000               6200000               6200000             1.4412254E-04         1.0000000E+30             48451       
 NEXT SEEDS:15B29673       2       0       0       0       0   181CD    3039       0       0
    4000000               6000000               6000000             1.4426325E-04         1.0000000E+30             50911       
 NEXT SEEDS:1D118528       2       0       0       0       0   181CD    3039       0       0
    4200000               5800000               5800000             1.4365697E-04         1.0000000E+30             53513       
 NEXT SEEDS:24823B45       2       0       0       0       0   181CD    3039       0       0
    4400000               5600000               5600000             1.4383437E-04         1.0000000E+30             56078       
 NEXT SEEDS:2BEE8166       2       0       0       0       0   181CD    3039       0       0
    4600000               5400000               5400000             1.4346449E-04         1.0000000E+30             58578       
 NEXT SEEDS:3360EBB2       2       0       0       0       0   181CD    3039       0       0
    4800000               5200000               5200000             1.4342430E-04         1.0000000E+30             61141       
 NEXT SEEDS:3AD03800       2       0       0       0       0   181CD    3039       0       0
    5000000               5000000               5000000             1.4357709E-04         1.0000000E+30             63632       
 NEXT SEEDS: 698E6AF       3       0       0       0       0   181CD    3039       0       0
    5200000               4800000               4800000             1.4309264E-04         1.0000000E+30             66173       
 NEXT SEEDS: E1A8426       3       0       0       0       0   181CD    3039       0       0
    5400000               4600000               4600000             1.4325662E-04         1.0000000E+30             68775       
 NEXT SEEDS:158A4E16       3       0       0       0       0   181CD    3039       0       0
    5600000               4400000               4400000             1.4287476E-04         1.0000000E+30             71349       
 NEXT SEEDS:1CF89559       3       0       0       0       0   181CD    3039       0       0
    5800000               4200000               4200000             1.4304488E-04         1.0000000E+30             73872       
 NEXT SEEDS:245E7E8E       3       0       0       0       0   181CD    3039       0       0
    6000000               4000000               4000000             1.4304411E-04         1.0000000E+30             76403       
 NEXT SEEDS:2BC0CC82       3       0       0       0       0   181CD    3039       0       0
    6200000               3800000               3800000             1.4288009E-04         1.0000000E+30             78908       
 NEXT SEEDS:33272799       3       0       0       0       0   181CD    3039       0       0
    6400000               3600000               3600000             1.4334937E-04         1.0000000E+30             81430       
 NEXT SEEDS:3A88BA05       3       0       0       0       0   181CD    3039       0       0
    6600000               3400000               3400000             1.4367311E-04         1.0000000E+30             84012       
 NEXT SEEDS: 65D422B       4       0       0       0       0   181CD    3039       0       0
    6800000               3200000               3200000             1.4405573E-04         1.0000000E+30             86531       
 NEXT SEEDS: DBD0B35       4       0       0       0       0   181CD    3039       0       0
    7000000               3000000               3000000             1.4430755E-04         1.0000000E+30             88968       
 NEXT SEEDS:1520E054       4       0       0       0       0   181CD    3039       0       0
    7200000               2800000               2800000             1.4451063E-04         1.0000000E+30             91505       
 NEXT SEEDS:1C88D70F       4       0       0       0       0   181CD    3039       0       0
    7400000               2600000               2600000             1.4434281E-04         1.0000000E+30             94076       
 NEXT SEEDS:23EEF45F       4       0       0       0       0   181CD    3039       0       0
    7600000               2400000               2400000             1.4460122E-04         1.0000000E+30             96608       
 NEXT SEEDS:2B6BBBCB       4       0       0       0       0   181CD    3039       0       0
    7800000               2200000               2200000             1.4478050E-04         1.0000000E+30             99154       
 NEXT SEEDS:32D5D57E       4       0       0       0       0   181CD    3039       0       0
    8000000               2000000               2000000             1.4539007E-04         1.0000000E+30            101728       
 NEXT SEEDS:3A429330       4       0       0       0       0   181CD    3039       0       0
    8200000               1800000               1800000             1.4525851E-04         1.0000000E+30            104277       
 NEXT SEEDS: 6174B6C       5       0       0       0       0   181CD    3039       0       0
    8400000               1600000               1600000             1.4660692E-04         1.0000000E+30            106749       
 NEXT SEEDS: D7B6A3E       5       0       0       0       0   181CD    3039       0       0
    8600000               1400000               1400000             1.4718694E-04         1.0000000E+30            109312       
 NEXT SEEDS:14E05CF7       5       0       0       0       0   181CD    3039       0       0
    8800000               1200000               1200000             1.4834333E-04         1.0000000E+30            111894       
 NEXT SEEDS:1C501584       5       0       0       0       0   181CD    3039       0       0
    9000000               1000000               1000000             1.4829837E-04         1.0000000E+30            114397       
 NEXT SEEDS:23CBF49E       5       0       0       0       0   181CD    3039       0       0
    9200000                800000                800000             1.4890732E-04         1.0000000E+30            116975       
 NEXT SEEDS:2B3BD219       5       0       0       0       0   181CD    3039       0       0
    9400000                600000                600000             1.5019413E-04         1.0000000E+30            119524       
 NEXT SEEDS:32ABA8AB       5       0       0       0       0   181CD    3039       0       0
    9600000                400000                400000             1.5182636E-04         1.0000000E+30            122077       
 NEXT SEEDS:3A19F192       5       0       0       0       0   181CD    3039       0       0
    9800000                200000                200000             1.5210127E-04         1.0000000E+30            124569       
 NEXT SEEDS: 5E820F6       6       0       0       0       0   181CD    3039       0       0
    9999950                    50                    50             1.5290067E-04         1.0000000E+30            127150       
 NEXT SEEDS: D55162A       6       0       0       0       0   181CD    3039       0       0
    9999951                    49                    49             1.5290068E-04         1.0000000E+30            127150       
 NEXT SEEDS: D551739       6       0       0       0       0   181CD    3039       0       0
    9999952                    48                    48             1.5290069E-04         1.0000000E+30            127150       
 NEXT SEEDS: D5519BD       6       0       0       0       0   181CD    3039       0       0
    9999953                    47                    47             1.5290070E-04         1.0000000E+30            127150       
 NEXT SEEDS: D551A72       6       0       0       0       0   181CD    3039       0       0
    9999954                    46                    46             1.5290072E-04         1.0000000E+30            127150       
 NEXT SEEDS: D551E2B       6       0       0       0       0   181CD    3039       0       0
    9999955                    45                    45             1.5290073E-04         1.0000000E+30            127150       
 NEXT SEEDS: D551F09       6       0       0       0       0   181CD    3039       0       0
    9999956                    44                    44             1.5290091E-04         1.0000000E+30            127151       
 NEXT SEEDS: D553F81       6       0       0       0       0   181CD    3039       0       0
    9999957                    43                    43             1.5290093E-04         1.0000000E+30            127151       
 NEXT SEEDS: D554113       6       0       0       0       0   181CD    3039       0       0
    9999958                    42                    42             1.5290093E-04         1.0000000E+30            127151       
 NEXT SEEDS: D554222       6       0       0       0       0   181CD    3039       0       0
    9999959                    41                    41             1.5290095E-04         1.0000000E+30            127151       
 NEXT SEEDS: D5544BD       6       0       0       0       0   181CD    3039       0       0
    9999960                    40                    40             1.5290096E-04         1.0000000E+30            127151       
 NEXT SEEDS: D5547AF       6       0       0       0       0   181CD    3039       0       0
    9999961                    39                    39             1.5290098E-04         1.0000000E+30            127151       
 NEXT SEEDS: D554B3F       6       0       0       0       0   181CD    3039       0       0
    9999962                    38                    38             1.5290099E-04         1.0000000E+30            127151       
 NEXT SEEDS: D554D6F       6       0       0       0       0   181CD    3039       0       0
    9999963                    37                    37             1.5290100E-04         1.0000000E+30            127151       
 NEXT SEEDS: D554FB8       6       0       0       0       0   181CD    3039       0       0
    9999964                    36                    36             1.5290102E-04         1.0000000E+30            127151       
 NEXT SEEDS: D5552E6       6       0       0       0       0   181CD    3039       0       0
    9999965                    35                    35             1.5290103E-04         1.0000000E+30            127151       
 NEXT SEEDS: D5553D3       6       0       0       0       0   181CD    3039       0       0
    9999966                    34                    34             1.5290104E-04         1.0000000E+30            127151       
 NEXT SEEDS: D555661       6       0       0       0       0   181CD    3039       0       0
    9999967                    33                    33             1.5290105E-04         1.0000000E+30            127151       
 NEXT SEEDS: D555807       6       0       0       0       0   181CD    3039       0       0
    9999968                    32                    32             1.5290107E-04         1.0000000E+30            127151       
 NEXT SEEDS: D555A2A       6       0       0       0       0   181CD    3039       0       0
    9999969                    31                    31             1.5290108E-04         1.0000000E+30            127151       
 NEXT SEEDS: D555D06       6       0       0       0       0   181CD    3039       0       0
    9999970                    30                    30             1.5290110E-04         1.0000000E+30            127151       
 NEXT SEEDS: D5561AC       6       0       0       0       0   181CD    3039       0       0
    9999971                    29                    29             1.5290111E-04         1.0000000E+30            127151       
 NEXT SEEDS: D556292       6       0       0       0       0   181CD    3039       0       0
    9999972                    28                    28             1.5290112E-04         1.0000000E+30            127151       
 NEXT SEEDS: D5563F6       6       0       0       0       0   181CD    3039       0       0
    9999973                    27                    27             1.5290114E-04         1.0000000E+30            127151       
 NEXT SEEDS: D5565E2       6       0       0       0       0   181CD    3039       0       0
    9999974                    26                    26             1.5290115E-04         1.0000000E+30            127151       
 NEXT SEEDS: D556754       6       0       0       0       0   181CD    3039       0       0
    9999975                    25                    25             1.5290117E-04         1.0000000E+30            127151       
 NEXT SEEDS: D556BCC       6       0       0       0       0   181CD    3039       0       0
    9999976                    24                    24             1.5290118E-04         1.0000000E+30            127151       
 NEXT SEEDS: D556EB4       6       0       0       0       0   181CD    3039       0       0
    9999977                    23                    23             1.5290121E-04         1.0000000E+30            127151       
 NEXT SEEDS: D5574DE       6       0       0       0       0   181CD    3039       0       0
    9999978                    22                    22             1.5290122E-04         1.0000000E+30            127151       
 NEXT SEEDS: D557759       6       0       0       0       0   181CD    3039       0       0
    9999979                    21                    21             1.5290124E-04         1.0000000E+30            127151       
 NEXT SEEDS: D557BDE       6       0       0       0       0   181CD    3039       0       0
    9999980                    20                    20             1.5290125E-04         1.0000000E+30            127151       
 NEXT SEEDS: D557CD3       6       0       0       0       0   181CD    3039       0       0
    9999981                    19                    19             1.5290126E-04         1.0000000E+30            127151       
 NEXT SEEDS: D557DE1       6       0       0       0       0   181CD    3039       0       0
    9999982                    18                    18             1.5290126E-04         1.0000000E+30            127151       
 NEXT SEEDS: D557F19       6       0       0       0       0   181CD    3039       0       0
    9999983                    17                    17             1.5290128E-04         1.0000000E+30            127151       
 NEXT SEEDS: D5581E6       6       0       0       0       0   181CD    3039       0       0
    9999984                    16                    16             1.5290129E-04         1.0000000E+30            127151       
 NEXT SEEDS: D5584B8       6       0       0       0       0   181CD    3039       0       0
    9999985                    15                    15             1.5290130E-04         1.0000000E+30            127151       
 NEXT SEEDS: D558680       6       0       0       0       0   181CD    3039       0       0
    9999986                    14                    14             1.5290132E-04         1.0000000E+30            127151       
 NEXT SEEDS: D5588E9       6       0       0       0       0   181CD    3039       0       0
    9999987                    13                    13             1.5290133E-04         1.0000000E+30            127151       
 NEXT SEEDS: D558C6B       6       0       0       0       0   181CD    3039       0       0
    9999988                    12                    12             1.5290135E-04         1.0000000E+30            127151       
 NEXT SEEDS: D558FC3       6       0       0       0       0   181CD    3039       0       0
    9999989                    11                    11             1.5290137E-04         1.0000000E+30            127151       
 NEXT SEEDS: D55927B       6       0       0       0       0   181CD    3039       0       0
    9999990                    10                    10             1.5290139E-04         1.0000000E+30            127151       
 NEXT SEEDS: D5595C7       6       0       0       0       0   181CD    3039       0       0
    9999991                     9                     9             1.5290141E-04         1.0000000E+30            127151       
 NEXT SEEDS: D559A26       6       0       0       0       0   181CD    3039       0       0
    9999992                     8                     8             1.5290144E-04         1.0000000E+30            127151       
 NEXT SEEDS: D55A033       6       0       0       0       0   181CD    3039       0       0
    9999993                     7                     7             1.5290144E-04         1.0000000E+30            127151       
 NEXT SEEDS: D55A17E       6       0       0       0       0   181CD    3039       0       0
    9999994                     6                     6             1.5290145E-04         1.0000000E+30            127151       
 NEXT SEEDS: D55A243       6       0       0       0       0   181CD    3039       0       0
    9999995                     5                     5             1.5290146E-04         1.0000000E+30            127151       
 NEXT SEEDS: D55A386       6       0       0       0       0   181CD    3039       0       0
    9999996                     4                     4             1.5290148E-04         1.0000000E+30            127151       
 NEXT SEEDS: D55A835       6       0       0       0       0   181CD    3039       0       0
    9999997                     3                     3             1.5290148E-04         1.0000000E+30            127151       
 NEXT SEEDS: D55A903       6       0       0       0       0   181CD    3039       0       0
    9999998                     2                     2             1.5290149E-04         1.0000000E+30            127151       
 NEXT SEEDS: D55A995       6       0       0       0       0   181CD    3039       0       0
    9999999                     1                     1             1.5290149E-04         1.0000000E+30            127151       
 NEXT SEEDS: D55AA46       6       0       0       0       0   181CD    3039       0       0
   10000000                     0                     1             1.5290151E-04         1.0000000E+30            127151       
 NEXT SEEDS: D55AEA5       6       0       0       0       0   181CD    3039       0       0
