1NUMBER OF BEAM       NUMBER OF BEAM        APPROXIMATE NUMBER    AVERAGE TIME USED     TIME LEFT (RESERVED   NUMBER OF STARS
 PARTICLES HANDLED    PARTICLES LEFT        OF BEAM PARTICLES     BY A BEAM PARTICLE     10000.0 SECONDS      CREATED
                                            THAT CAN STILL BE                           FOR PRINTOUT)
                                            HANDLED

 NEXT SEEDS:       0       0       0       0       0       0   181CD    3039       0       0
          1               9999999               9999999             2.4700165E-04         1.0000000E+30                 0       
 NEXT SEEDS:     2A0       0       0       0       0       0   181CD    3039       0       0
     200000               9800000               9800000             2.6686205E-04         1.0000000E+30              6024       
 NEXT SEEDS: C4E61B9       0       0       0       0       0   181CD    3039       0       0
     400000               9600000               9600000             3.6330435E-04         1.0000000E+30             11953       
 NEXT SEEDS:1899D09C       0       0       0       0       0   181CD    3039       0       0
     600000               9400000               9400000             3.9556477E-04         1.0000000E+30             17958       
 NEXT SEEDS:24D99DA5       0       0       0       0       0   181CD    3039       0       0
     800000               9200000               9200000             3.9764829E-04         1.0000000E+30             23944       
 NEXT SEEDS:3119F330       0       0       0       0       0   181CD    3039       0       0
    1000000               9000000               9000000             4.2344257E-04         1.0000000E+30             30026       
 NEXT SEEDS: 1C6E3BF       1       0       0       0       0   181CD    3039       0       0
    1200000               8800000               8800000             4.4516513E-04         1.0000000E+30             35989       
 NEXT SEEDS: E012F72       1       0       0       0       0   181CD    3039       0       0
    1400000               8600000               8600000             4.5553875E-04         1.0000000E+30             41784       
 NEXT SEEDS:1A2B236E       1       0       0       0       0   181CD    3039       0       0
    1600000               8400000               8400000             4.7130728E-04         1.0000000E+30             47692       
 NEXT SEEDS:265F9AF5       1       0       0       0       0   181CD    3039       0       0
    1800000               8200000               8200000             4.6504308E-04         1.0000000E+30             53615       
 NEXT SEEDS:32A019DD       1       0       0       0       0   181CD    3039       0       0
    2000000               8000000               8000000             4.6299736E-04         1.0000000E+30             59580       
 NEXT SEEDS: 349160C       2       0       0       0       0   181CD    3039       0       0
    2200000               7800000               7800000             4.7235775E-04         1.0000000E+30             65640       
 NEXT SEEDS: F99018F       2       0       0       0       0   181CD    3039       0       0
    2400000               7600000               7600000             4.7411480E-04         1.0000000E+30             71505       
 NEXT SEEDS:1BC6A280       2       0       0       0       0   181CD    3039       0       0
    2600000               7400000               7400000             4.7817760E-04         1.0000000E+30             77406       
 NEXT SEEDS:2800AA6A       2       0       0       0       0   181CD    3039       0       0
    2800000               7200000               7200000             4.7916501E-04         1.0000000E+30             83206       
 NEXT SEEDS:34304D59       2       0       0       0       0   181CD    3039       0       0
    3000000               7000000               7000000             4.8692319E-04         1.0000000E+30             88938       
 NEXT SEEDS: 4C475AD       3       0       0       0       0   181CD    3039       0       0
    3200000               6800000               6800000             4.8961808E-04         1.0000000E+30             94788       
 NEXT SEEDS:10F88CFC       3       0       0       0       0   181CD    3039       0       0
    3400000               6600000               6600000             4.9100702E-04         1.0000000E+30            100717       
 NEXT SEEDS:1D370BD4       3       0       0       0       0   181CD    3039       0       0
    3600000               6400000               6400000             4.9065214E-04         1.0000000E+30            106631       
 NEXT SEEDS:2981F7E4       3       0       0       0       0   181CD    3039       0       0
    3800000               6200000               6200000             4.8747791E-04         1.0000000E+30            112552       
 NEXT SEEDS:35C03BF4       3       0       0       0       0   181CD    3039       0       0
    4000000               6000000               6000000             4.9149595E-04         1.0000000E+30            118678       
 NEXT SEEDS: 66FFD06       4       0       0       0       0   181CD    3039       0       0
    4200000               5800000               5800000             4.9597160E-04         1.0000000E+30            124601       
 NEXT SEEDS:12B2394B       4       0       0       0       0   181CD    3039       0       0
    4400000               5600000               5600000             4.9943418E-04         1.0000000E+30            130601       
 NEXT SEEDS:1EEBBA5C       4       0       0       0       0   181CD    3039       0       0
    4600000               5400000               5400000             4.9836997E-04         1.0000000E+30            136698       
 NEXT SEEDS:2B447A95       4       0       0       0       0   181CD    3039       0       0
    4800000               5200000               5200000             4.9506677E-04         1.0000000E+30            142595       
 NEXT SEEDS:377CD356       4       0       0       0       0   181CD    3039       0       0
    5000000               5000000               5000000             4.9482469E-04         1.0000000E+30            148600       
 NEXT SEEDS: 8213222       5       0       0       0       0   181CD    3039       0       0
    5200000               4800000               4800000             4.9343124E-04         1.0000000E+30            154594       
 NEXT SEEDS:146182E9       5       0       0       0       0   181CD    3039       0       0
    5400000               4600000               4600000             4.9454118E-04         1.0000000E+30            160584       
 NEXT SEEDS:20A70621       5       0       0       0       0   181CD    3039       0       0
    5600000               4400000               4400000             4.9780189E-04         1.0000000E+30            166779       
 NEXT SEEDS:2CF8842E       5       0       0       0       0   181CD    3039       0       0
    5800000               4200000               4200000             5.0102778E-04         1.0000000E+30            172664       
 NEXT SEEDS:393DC8B0       5       0       0       0       0   181CD    3039       0       0
    6000000               4000000               4000000             5.0378636E-04         1.0000000E+30            178598       
 NEXT SEEDS: 9DD1134       6       0       0       0       0   181CD    3039       0       0
    6200000               3800000               3800000             5.0415317E-04         1.0000000E+30            184611       
 NEXT SEEDS:1629CB90       6       0       0       0       0   181CD    3039       0       0
    6400000               3600000               3600000             5.0366400E-04         1.0000000E+30            190637       
 NEXT SEEDS:2273E493       6       0       0       0       0   181CD    3039       0       0
    6600000               3400000               3400000             5.0417616E-04         1.0000000E+30            196492       
 NEXT SEEDS:2EB5C21C       6       0       0       0       0   181CD    3039       0       0
    6800000               3200000               3200000             5.0272600E-04         1.0000000E+30            202465       
 NEXT SEEDS:3B0349DA       6       0       0       0       0   181CD    3039       0       0
    7000000               3000000               3000000             5.0108118E-04         1.0000000E+30            208446       
 NEXT SEEDS: BBE395C       7       0       0       0       0   181CD    3039       0       0
    7200000               2800000               2800000             4.9948882E-04         1.0000000E+30            214435       
 NEXT SEEDS:17FE8CA8       7       0       0       0       0   181CD    3039       0       0
    7400000               2600000               2600000             4.9758343E-04         1.0000000E+30            220419       
 NEXT SEEDS:2443EF0A       7       0       0       0       0   181CD    3039       0       0
 COUSET, TXYZ:  0.999999999985055      0.886747266911264      0.462254566873613    
    7600000               2400000               2400000             4.9642712E-04         1.0000000E+30            226431       
 NEXT SEEDS:308CE8AF       7       0       0       0       0   181CD    3039       0       0
    7800000               2200000               2200000             4.9819078E-04         1.0000000E+30            232291       
 NEXT SEEDS: 12E9B2A       8       0       0       0       0   181CD    3039       0       0
    8000000               2000000               2000000             4.9836065E-04         1.0000000E+30            238296       
 NEXT SEEDS: D790786       8       0       0       0       0   181CD    3039       0       0
 COUSET, TXYZ:  0.999999999982347     -0.998714602234235      5.068671668996706E-02
    8200000               1800000               1800000             5.0065843E-04         1.0000000E+30            244262       
 NEXT SEEDS:19C1349C       8       0       0       0       0   181CD    3039       0       0
    8400000               1600000               1600000             5.0216810E-04         1.0000000E+30            250200       
 NEXT SEEDS:260156BF       8       0       0       0       0   181CD    3039       0       0
    8600000               1400000               1400000             5.0447143E-04         1.0000000E+30            256139       
 NEXT SEEDS:323D0642       8       0       0       0       0   181CD    3039       0       0
    8800000               1200000               1200000             5.0603784E-04         1.0000000E+30            262159       
 NEXT SEEDS: 2FB4264       9       0       0       0       0   181CD    3039       0       0
    9000000               1000000               1000000             5.0797533E-04         1.0000000E+30            268084       
 NEXT SEEDS: F356EB7       9       0       0       0       0   181CD    3039       0       0
    9200000                800000                800000             5.1009667E-04         1.0000000E+30            274072       
 NEXT SEEDS:1B7F9F33       9       0       0       0       0   181CD    3039       0       0
    9400000                600000                600000             5.0831836E-04         1.0000000E+30            280025       
 NEXT SEEDS:27BF0DB6       9       0       0       0       0   181CD    3039       0       0
    9600000                400000                400000             5.1033245E-04         1.0000000E+30            286089       
 NEXT SEEDS:340945D1       9       0       0       0       0   181CD    3039       0       0
    9800000                200000                200000             5.0855550E-04         1.0000000E+30            292029       
 NEXT SEEDS: 4AE089A       A       0       0       0       0   181CD    3039       0       0
    9999950                    50                    50             5.0938103E-04         1.0000000E+30            297860       
 NEXT SEEDS:10E87B1D       A       0       0       0       0   181CD    3039       0       0
    9999951                    49                    49             5.0938113E-04         1.0000000E+30            297860       
 NEXT SEEDS:10E87C27       A       0       0       0       0   181CD    3039       0       0
    9999952                    48                    48             5.0938117E-04         1.0000000E+30            297860       
 NEXT SEEDS:10E87E21       A       0       0       0       0   181CD    3039       0       0
    9999953                    47                    47             5.0938132E-04         1.0000000E+30            297860       
 NEXT SEEDS:10E881B4       A       0       0       0       0   181CD    3039       0       0
    9999954                    46                    46             5.0938263E-04         1.0000000E+30            297861       
 NEXT SEEDS:10E8C5D5       A       0       0       0       0   181CD    3039       0       0
    9999955                    45                    45             5.0938273E-04         1.0000000E+30            297861       
 NEXT SEEDS:10E8C7BD       A       0       0       0       0   181CD    3039       0       0
    9999956                    44                    44             5.0938282E-04         1.0000000E+30            297861       
 NEXT SEEDS:10E8CB59       A       0       0       0       0   181CD    3039       0       0
    9999957                    43                    43             5.0938419E-04         1.0000000E+30            297862       
 NEXT SEEDS:10E9021E       A       0       0       0       0   181CD    3039       0       0
    9999958                    42                    42             5.0938428E-04         1.0000000E+30            297862       
 NEXT SEEDS:10E9048F       A       0       0       0       0   181CD    3039       0       0
    9999959                    41                    41             5.0938438E-04         1.0000000E+30            297862       
 NEXT SEEDS:10E907BA       A       0       0       0       0   181CD    3039       0       0
    9999960                    40                    40             5.0938448E-04         1.0000000E+30            297862       
 NEXT SEEDS:10E90C3A       A       0       0       0       0   181CD    3039       0       0
    9999961                    39                    39             5.0938457E-04         1.0000000E+30            297862       
 NEXT SEEDS:10E90DF7       A       0       0       0       0   181CD    3039       0       0
    9999962                    38                    38             5.0938467E-04         1.0000000E+30            297862       
 NEXT SEEDS:10E9112C       A       0       0       0       0   181CD    3039       0       0
    9999963                    37                    37             5.0938471E-04         1.0000000E+30            297862       
 NEXT SEEDS:10E9123F       A       0       0       0       0   181CD    3039       0       0
    9999964                    36                    36             5.0938481E-04         1.0000000E+30            297862       
 NEXT SEEDS:10E914E7       A       0       0       0       0   181CD    3039       0       0
    9999965                    35                    35             5.0938490E-04         1.0000000E+30            297862       
 NEXT SEEDS:10E918B7       A       0       0       0       0   181CD    3039       0       0
    9999966                    34                    34             5.0938505E-04         1.0000000E+30            297862       
 NEXT SEEDS:10E91D5B       A       0       0       0       0   181CD    3039       0       0
    9999967                    33                    33             5.0938510E-04         1.0000000E+30            297862       
 NEXT SEEDS:10E91F61       A       0       0       0       0   181CD    3039       0       0
    9999968                    32                    32             5.0938519E-04         1.0000000E+30            297862       
 NEXT SEEDS:10E92219       A       0       0       0       0   181CD    3039       0       0
    9999969                    31                    31             5.0938529E-04         1.0000000E+30            297862       
 NEXT SEEDS:10E9240F       A       0       0       0       0   181CD    3039       0       0
    9999970                    30                    30             5.0938538E-04         1.0000000E+30            297862       
 NEXT SEEDS:10E926B4       A       0       0       0       0   181CD    3039       0       0
    9999971                    29                    29             5.0938553E-04         1.0000000E+30            297862       
 NEXT SEEDS:10E92C9C       A       0       0       0       0   181CD    3039       0       0
    9999972                    28                    28             5.0938557E-04         1.0000000E+30            297862       
 NEXT SEEDS:10E92E61       A       0       0       0       0   181CD    3039       0       0
    9999973                    27                    27             5.0938567E-04         1.0000000E+30            297862       
 NEXT SEEDS:10E93144       A       0       0       0       0   181CD    3039       0       0
    9999974                    26                    26             5.0938581E-04         1.0000000E+30            297862       
 NEXT SEEDS:10E93518       A       0       0       0       0   181CD    3039       0       0
    9999975                    25                    25             5.0938596E-04         1.0000000E+30            297862       
 NEXT SEEDS:10E93A63       A       0       0       0       0   181CD    3039       0       0
    9999976                    24                    24             5.0938605E-04         1.0000000E+30            297862       
 NEXT SEEDS:10E93D08       A       0       0       0       0   181CD    3039       0       0
    9999977                    23                    23             5.0938610E-04         1.0000000E+30            297862       
 NEXT SEEDS:10E93DFF       A       0       0       0       0   181CD    3039       0       0
    9999978                    22                    22             5.0938615E-04         1.0000000E+30            297862       
 NEXT SEEDS:10E94070       A       0       0       0       0   181CD    3039       0       0
    9999979                    21                    21             5.0938629E-04         1.0000000E+30            297862       
 NEXT SEEDS:10E944A0       A       0       0       0       0   181CD    3039       0       0
    9999980                    20                    20             5.0938634E-04         1.0000000E+30            297862       
 NEXT SEEDS:10E945A3       A       0       0       0       0   181CD    3039       0       0
    9999981                    19                    19             5.0938643E-04         1.0000000E+30            297862       
 NEXT SEEDS:10E949E1       A       0       0       0       0   181CD    3039       0       0
    9999982                    18                    18             5.0938653E-04         1.0000000E+30            297862       
 NEXT SEEDS:10E94D62       A       0       0       0       0   181CD    3039       0       0
    9999983                    17                    17             5.0938648E-04         1.0000000E+30            297862       
 NEXT SEEDS:10E9507B       A       0       0       0       0   181CD    3039       0       0
    9999984                    16                    16             5.0938643E-04         1.0000000E+30            297862       
 NEXT SEEDS:10E9521E       A       0       0       0       0   181CD    3039       0       0
    9999985                    15                    15             5.0938642E-04         1.0000000E+30            297862       
 NEXT SEEDS:10E9562D       A       0       0       0       0   181CD    3039       0       0
    9999986                    14                    14             5.0938637E-04         1.0000000E+30            297862       
 NEXT SEEDS:10E95A1A       A       0       0       0       0   181CD    3039       0       0
    9999987                    13                    13             5.0938632E-04         1.0000000E+30            297862       
 NEXT SEEDS:10E95CC4       A       0       0       0       0   181CD    3039       0       0
    9999988                    12                    12             5.0938632E-04         1.0000000E+30            297862       
 NEXT SEEDS:10E9609B       A       0       0       0       0   181CD    3039       0       0
    9999989                    11                    11             5.0938646E-04         1.0000000E+30            297862       
 NEXT SEEDS:10E96407       A       0       0       0       0   181CD    3039       0       0
    9999990                    10                    10             5.0938656E-04         1.0000000E+30            297862       
 NEXT SEEDS:10E96959       A       0       0       0       0   181CD    3039       0       0
    9999991                     9                     9             5.0938670E-04         1.0000000E+30            297862       
 NEXT SEEDS:10E96C5F       A       0       0       0       0   181CD    3039       0       0
    9999992                     8                     8             5.0938680E-04         1.0000000E+30            297862       
 NEXT SEEDS:10E97104       A       0       0       0       0   181CD    3039       0       0
    9999993                     7                     7             5.0938690E-04         1.0000000E+30            297862       
 NEXT SEEDS:10E972AC       A       0       0       0       0   181CD    3039       0       0
    9999994                     6                     6             5.0938694E-04         1.0000000E+30            297862       
 NEXT SEEDS:10E97488       A       0       0       0       0   181CD    3039       0       0
    9999995                     5                     5             5.0938709E-04         1.0000000E+30            297862       
 NEXT SEEDS:10E978B1       A       0       0       0       0   181CD    3039       0       0
    9999996                     4                     4             5.0938718E-04         1.0000000E+30            297862       
 NEXT SEEDS:10E97D05       A       0       0       0       0   181CD    3039       0       0
    9999997                     3                     3             5.0938728E-04         1.0000000E+30            297862       
 NEXT SEEDS:10E98047       A       0       0       0       0   181CD    3039       0       0
    9999998                     2                     2             5.0938737E-04         1.0000000E+30            297862       
 NEXT SEEDS:10E98252       A       0       0       0       0   181CD    3039       0       0
    9999999                     1                     1             5.0938752E-04         1.0000000E+30            297862       
 NEXT SEEDS:10E98728       A       0       0       0       0   181CD    3039       0       0
   10000000                     0                     1             5.0938761E-04         1.0000000E+30            297862       
 NEXT SEEDS:10E989D7       A       0       0       0       0   181CD    3039       0       0
