1NUMBER OF BEAM       NUMBER OF BEAM        APPROXIMATE NUMBER    AVERAGE TIME USED     TIME LEFT (RESERVED   NUMBER OF STARS
 PARTICLES HANDLED    PARTICLES LEFT        OF BEAM PARTICLES     BY A BEAM PARTICLE     10000.0 SECONDS      CREATED
                                            THAT CAN STILL BE                           FOR PRINTOUT)
                                            HANDLED

 NEXT SEEDS:       0       0       0       0       0       0   181CD    3039       0       0
          1               2999999               2999999             3.0179024E-03         1.0000000E+30                 1       
 NEXT SEEDS:    3527       0       0       0       0       0   181CD    3039       0       0
      60000               2940000               2940000             5.0004880E-03         1.0000000E+30             21906       
 NEXT SEEDS:37025714       0       0       0       0       0   181CD    3039       0       0
     120000               2880000               2880000             5.2632780E-03         1.0000000E+30             43778       
 NEXT SEEDS:328394A9       1       0       0       0       0   181CD    3039       0       0
     180000               2820000               2820000             5.3951344E-03         1.0000000E+30             65667       
 NEXT SEEDS:2DFCC42B       2       0       0       0       0   181CD    3039       0       0
     240000               2760000               2760000             5.4821204E-03         1.0000000E+30             87478       
 NEXT SEEDS:2979990D       3       0       0       0       0   181CD    3039       0       0
     300000               2700000               2700000             5.5581573E-03         1.0000000E+30            109211       
 NEXT SEEDS:250FF30E       4       0       0       0       0   181CD    3039       0       0
     360000               2640000               2640000             5.6098139E-03         1.0000000E+30            131287       
 NEXT SEEDS:20AFDB89       5       0       0       0       0   181CD    3039       0       0
     420000               2580000               2580000             5.6484053E-03         1.0000000E+30            153146       
 NEXT SEEDS:1C3B1135       6       0       0       0       0   181CD    3039       0       0
     480000               2520000               2520000             5.6772352E-03         1.0000000E+30            175238       
 NEXT SEEDS:17CC4A7E       7       0       0       0       0   181CD    3039       0       0
     540000               2460000               2460000             5.6982149E-03         1.0000000E+30            197074       
 NEXT SEEDS:1313548F       8       0       0       0       0   181CD    3039       0       0
     600000               2400000               2400000             5.7236408E-03         1.0000000E+30            219147       
 NEXT SEEDS: E74D64D       9       0       0       0       0   181CD    3039       0       0
     660000               2340000               2340000             5.7411605E-03         1.0000000E+30            241060       
 NEXT SEEDS: 9D6F944       A       0       0       0       0   181CD    3039       0       0
     720000               2280000               2280000             5.7698055E-03         1.0000000E+30            263027       
 NEXT SEEDS: 55505DB       B       0       0       0       0   181CD    3039       0       0
     780000               2220000               2220000             5.7909276E-03         1.0000000E+30            285367       
 NEXT SEEDS:  DE58C4       C       0       0       0       0   181CD    3039       0       0
     840000               2160000               2160000             5.8027625E-03         1.0000000E+30            307431       
 NEXT SEEDS:3807BC46       C       0       0       0       0   181CD    3039       0       0
 COUSET, TXYZ:   1.00000000000586      0.157932041652420      0.987449983660545    
     900000               2100000               2100000             5.8220255E-03         1.0000000E+30            329236       
 NEXT SEEDS:335A9FCC       D       0       0       0       0   181CD    3039       0       0
 COUSET, TXYZ:   1.00000000000719      0.419965073737907      0.907540267346134    
     960000               2040000               2040000             5.8394609E-03         1.0000000E+30            351040       
 NEXT SEEDS:2ECC011F       E       0       0       0       0   181CD    3039       0       0
    1020000               1980000               1980000             5.8527470E-03         1.0000000E+30            372939       
 NEXT SEEDS:2A1E2047       F       0       0       0       0   181CD    3039       0       0
    1080000               1920000               1920000             5.8762543E-03         1.0000000E+30            394908       
 NEXT SEEDS:2583DC1B      10       0       0       0       0   181CD    3039       0       0
    1140000               1860000               1860000             5.8868547E-03         1.0000000E+30            416722       
 NEXT SEEDS:2135FDC1      11       0       0       0       0   181CD    3039       0       0
    1200000               1800000               1800000             5.8953200E-03         1.0000000E+30            438430       
 NEXT SEEDS:1CD73448      12       0       0       0       0   181CD    3039       0       0
    1260000               1740000               1740000             5.9051391E-03         1.0000000E+30            460470       
 NEXT SEEDS:18676E0C      13       0       0       0       0   181CD    3039       0       0
    1320000               1680000               1680000             5.9128689E-03         1.0000000E+30            482445       
 NEXT SEEDS:13E4EA46      14       0       0       0       0   181CD    3039       0       0
    1380000               1620000               1620000             5.9218044E-03         1.0000000E+30            504376       
 NEXT SEEDS: F749EA0      15       0       0       0       0   181CD    3039       0       0
    1440000               1560000               1560000             5.9236862E-03         1.0000000E+30            526361       
 NEXT SEEDS: AE2885D      16       0       0       0       0   181CD    3039       0       0
    1500000               1500000               1500000             5.9251254E-03         1.0000000E+30            548616       
 NEXT SEEDS: 62E165B      17       0       0       0       0   181CD    3039       0       0
    1560000               1440000               1440000             5.9243913E-03         1.0000000E+30            570269       
 NEXT SEEDS: 1A70C61      18       0       0       0       0   181CD    3039       0       0
    1620000               1380000               1380000             5.9273429E-03         1.0000000E+30            592293       
 NEXT SEEDS:38C18E85      18       0       0       0       0   181CD    3039       0       0
 COUSET, TXYZ:  0.999999999985918      0.333645929349780      0.942698463879176    
    1680000               1320000               1320000             5.9299297E-03         1.0000000E+30            614189       
 NEXT SEEDS:345445B5      19       0       0       0       0   181CD    3039       0       0
    1740000               1260000               1260000             5.9285278E-03         1.0000000E+30            636316       
 NEXT SEEDS:30169931      1A       0       0       0       0   181CD    3039       0       0
 COUSET, TXYZ:   1.00000000002126     -0.877092188149371     -0.480322072707332    
    1800000               1200000               1200000             5.9303617E-03         1.0000000E+30            658287       
 NEXT SEEDS:2B7790FA      1B       0       0       0       0   181CD    3039       0       0
    1860000               1140000               1140000             5.9277925E-03         1.0000000E+30            680490       
 NEXT SEEDS:26BC8344      1C       0       0       0       0   181CD    3039       0       0
    1920000               1080000               1080000             5.9344806E-03         1.0000000E+30            702349       
 NEXT SEEDS:224A2E32      1D       0       0       0       0   181CD    3039       0       0
    1980000               1020000               1020000             5.9362244E-03         1.0000000E+30            724053       
 NEXT SEEDS:1DD42F64      1E       0       0       0       0   181CD    3039       0       0
    2040000                960000                960000             5.9521985E-03         1.0000000E+30            745824       
 NEXT SEEDS:19667FCF      1F       0       0       0       0   181CD    3039       0       0
    2100000                900000                900000             5.9665126E-03         1.0000000E+30            767780       
 NEXT SEEDS:14F09C9A      20       0       0       0       0   181CD    3039       0       0
    2160000                840000                840000             5.9766143E-03         1.0000000E+30            789624       
 NEXT SEEDS:10724279      21       0       0       0       0   181CD    3039       0       0
 COUSET, TXYZ:   1.00000000002865      0.972600133900541     -0.232484364192406    
    2220000                780000                780000             5.9885433E-03         1.0000000E+30            811932       
 NEXT SEEDS: C3929C9      22       0       0       0       0   181CD    3039       0       0
    2280000                720000                720000             5.9967716E-03         1.0000000E+30            834049       
 NEXT SEEDS: 7AEFB83      23       0       0       0       0   181CD    3039       0       0
    2340000                660000                660000             6.0085402E-03         1.0000000E+30            856241       
 NEXT SEEDS: 2F81C26      24       0       0       0       0   181CD    3039       0       0
 COUSET, TXYZ:  0.999999999968643      7.231036868400812E-03  0.999973855679784    
    2400000                600000                600000             5.9989745E-03         1.0000000E+30            877877       
 NEXT SEEDS:39EC122F      24       0       0       0       0   181CD    3039       0       0
    2460000                540000                540000             5.9889203E-03         1.0000000E+30            899822       
 NEXT SEEDS:3551420E      25       0       0       0       0   181CD    3039       0       0
    2520000                480000                480000             5.9845706E-03         1.0000000E+30            921512       
 NEXT SEEDS:30D20B96      26       0       0       0       0   181CD    3039       0       0
 COUSET, TXYZ:   1.00000000002433     -0.349762046766414      0.936838572375430    
    2580000                420000                420000             5.9826345E-03         1.0000000E+30            943539       
 NEXT SEEDS:2C2CFCC0      27       0       0       0       0   181CD    3039       0       0
    2640000                360000                360000             5.9856322E-03         1.0000000E+30            965688       
 NEXT SEEDS:27CFE2AE      28       0       0       0       0   181CD    3039       0       0
    2700000                300000                300000             5.9935314E-03         1.0000000E+30            987779       
 NEXT SEEDS:236B903A      29       0       0       0       0   181CD    3039       0       0
    2760000                240000                240000             6.0021897E-03         1.0000000E+30           1009969       
 NEXT SEEDS:1F0D2785      2A       0       0       0       0   181CD    3039       0       0
    2820000                180000                180000             6.0100117E-03         1.0000000E+30           1031895       
 NEXT SEEDS:1A7D0BC2      2B       0       0       0       0   181CD    3039       0       0
 COUSET, TXYZ:  0.999999999989675      0.969626821142356     -0.244589099717710    
    2880000                120000                120000             6.0158816E-03         1.0000000E+30           1054039       
 NEXT SEEDS:15DB137E      2C       0       0       0       0   181CD    3039       0       0
    2940000                 60000                 60000             6.0235254E-03         1.0000000E+30           1076126       
 NEXT SEEDS:1156C8CF      2D       0       0       0       0   181CD    3039       0       0
    2999950                    50                    50             6.0310102E-03         1.0000000E+30           1098195       
 NEXT SEEDS: CD6154C      2E       0       0       0       0   181CD    3039       0       0
    2999951                    49                    49             6.0310095E-03         1.0000000E+30           1098195       
 NEXT SEEDS: CD64E8A      2E       0       0       0       0   181CD    3039       0       0
    2999952                    48                    48             6.0310082E-03         1.0000000E+30           1098195       
 NEXT SEEDS: CD67C7C      2E       0       0       0       0   181CD    3039       0       0
    2999953                    47                    47             6.0310081E-03         1.0000000E+30           1098196       
 NEXT SEEDS: CD6EA17      2E       0       0       0       0   181CD    3039       0       0
    2999954                    46                    46             6.0310068E-03         1.0000000E+30           1098196       
 NEXT SEEDS: CD71E16      2E       0       0       0       0   181CD    3039       0       0
    2999955                    45                    45             6.0310060E-03         1.0000000E+30           1098197       
 NEXT SEEDS: CD75E66      2E       0       0       0       0   181CD    3039       0       0
    2999956                    44                    44             6.0310053E-03         1.0000000E+30           1098197       
 NEXT SEEDS: CD79C93      2E       0       0       0       0   181CD    3039       0       0
    2999957                    43                    43             6.0310040E-03         1.0000000E+30           1098197       
 NEXT SEEDS: CD7D1B4      2E       0       0       0       0   181CD    3039       0       0
    2999958                    42                    42             6.0310033E-03         1.0000000E+30           1098197       
 NEXT SEEDS: CD7FBEE      2E       0       0       0       0   181CD    3039       0       0
    2999959                    41                    41             6.0310019E-03         1.0000000E+30           1098197       
 NEXT SEEDS: CD83BC8      2E       0       0       0       0   181CD    3039       0       0
    2999960                    40                    40             6.0310012E-03         1.0000000E+30           1098198       
 NEXT SEEDS: CD8840F      2E       0       0       0       0   181CD    3039       0       0
    2999961                    39                    39             6.0309998E-03         1.0000000E+30           1098198       
 NEXT SEEDS: CD8B5ED      2E       0       0       0       0   181CD    3039       0       0
    2999962                    38                    38             6.0309991E-03         1.0000000E+30           1098199       
 NEXT SEEDS: CD8F02E      2E       0       0       0       0   181CD    3039       0       0
    2999963                    37                    37             6.0309984E-03         1.0000000E+30           1098200       
 NEXT SEEDS: CD929CA      2E       0       0       0       0   181CD    3039       0       0
    2999964                    36                    36             6.0309971E-03         1.0000000E+30           1098201       
 NEXT SEEDS: CD96F33      2E       0       0       0       0   181CD    3039       0       0
    2999965                    35                    35             6.0309964E-03         1.0000000E+30           1098201       
 NEXT SEEDS: CD9A884      2E       0       0       0       0   181CD    3039       0       0
    2999966                    34                    34             6.0309950E-03         1.0000000E+30           1098202       
 NEXT SEEDS: CD9E938      2E       0       0       0       0   181CD    3039       0       0
    2999967                    33                    33             6.0309943E-03         1.0000000E+30           1098202       
 NEXT SEEDS: CDA23F9      2E       0       0       0       0   181CD    3039       0       0
    2999968                    32                    32             6.0309929E-03         1.0000000E+30           1098202       
 NEXT SEEDS: CDA56D0      2E       0       0       0       0   181CD    3039       0       0
    2999969                    31                    31             6.0309922E-03         1.0000000E+30           1098202       
 NEXT SEEDS: CDA9146      2E       0       0       0       0   181CD    3039       0       0
    2999970                    30                    30             6.0309909E-03         1.0000000E+30           1098202       
 NEXT SEEDS: CDACFA2      2E       0       0       0       0   181CD    3039       0       0
    2999971                    29                    29             6.0309902E-03         1.0000000E+30           1098203       
 NEXT SEEDS: CDB05C0      2E       0       0       0       0   181CD    3039       0       0
    2999972                    28                    28             6.0309888E-03         1.0000000E+30           1098203       
 NEXT SEEDS: CDB3759      2E       0       0       0       0   181CD    3039       0       0
    2999973                    27                    27             6.0309874E-03         1.0000000E+30           1098203       
 NEXT SEEDS: CDB63BC      2E       0       0       0       0   181CD    3039       0       0
    2999974                    26                    26             6.0309867E-03         1.0000000E+30           1098204       
 NEXT SEEDS: CDBAE46      2E       0       0       0       0   181CD    3039       0       0
    2999975                    25                    25             6.0309854E-03         1.0000000E+30           1098205       
 NEXT SEEDS: CDBD8BD      2E       0       0       0       0   181CD    3039       0       0
    2999976                    24                    24             6.0309847E-03         1.0000000E+30           1098206       
 NEXT SEEDS: CDC13EC      2E       0       0       0       0   181CD    3039       0       0
    2999977                    23                    23             6.0309833E-03         1.0000000E+30           1098206       
 NEXT SEEDS: CDC4B52      2E       0       0       0       0   181CD    3039       0       0
    2999978                    22                    22             6.0309826E-03         1.0000000E+30           1098206       
 NEXT SEEDS: CDC8698      2E       0       0       0       0   181CD    3039       0       0
    2999979                    21                    21             6.0309819E-03         1.0000000E+30           1098207       
 NEXT SEEDS: CDCDFC5      2E       0       0       0       0   181CD    3039       0       0
    2999980                    20                    20             6.0309805E-03         1.0000000E+30           1098208       
 NEXT SEEDS: CDD1607      2E       0       0       0       0   181CD    3039       0       0
    2999981                    19                    19             6.0309798E-03         1.0000000E+30           1098208       
 NEXT SEEDS: CDD50F7      2E       0       0       0       0   181CD    3039       0       0
    2999982                    18                    18             6.0309785E-03         1.0000000E+30           1098208       
 NEXT SEEDS: CDD8A29      2E       0       0       0       0   181CD    3039       0       0
    2999983                    17                    17             6.0309778E-03         1.0000000E+30           1098208       
 NEXT SEEDS: CDDC058      2E       0       0       0       0   181CD    3039       0       0
    2999984                    16                    16             6.0309764E-03         1.0000000E+30           1098208       
 NEXT SEEDS: CDDF96B      2E       0       0       0       0   181CD    3039       0       0
    2999985                    15                    15             6.0309750E-03         1.0000000E+30           1098208       
 NEXT SEEDS: CDE3327      2E       0       0       0       0   181CD    3039       0       0
    2999986                    14                    14             6.0309743E-03         1.0000000E+30           1098208       
 NEXT SEEDS: CDE610A      2E       0       0       0       0   181CD    3039       0       0
    2999987                    13                    13             6.0309736E-03         1.0000000E+30           1098208       
 NEXT SEEDS: CDE98BE      2E       0       0       0       0   181CD    3039       0       0
    2999988                    12                    12             6.0309723E-03         1.0000000E+30           1098208       
 NEXT SEEDS: CDEC4A9      2E       0       0       0       0   181CD    3039       0       0
    2999989                    11                    11             6.0309716E-03         1.0000000E+30           1098208       
 NEXT SEEDS: CDF058E      2E       0       0       0       0   181CD    3039       0       0
    2999990                    10                    10             6.0309708E-03         1.0000000E+30           1098208       
 NEXT SEEDS: CDF47E9      2E       0       0       0       0   181CD    3039       0       0
    2999991                     9                     9             6.0309695E-03         1.0000000E+30           1098208       
 NEXT SEEDS: CDF7F5C      2E       0       0       0       0   181CD    3039       0       0
    2999992                     8                     8             6.0309688E-03         1.0000000E+30           1098208       
 NEXT SEEDS: CDFBA66      2E       0       0       0       0   181CD    3039       0       0
    2999993                     7                     7             6.0309674E-03         1.0000000E+30           1098208       
 NEXT SEEDS: CDFF40A      2E       0       0       0       0   181CD    3039       0       0
    2999994                     6                     6             6.0309667E-03         1.0000000E+30           1098209       
 NEXT SEEDS: CE045C4      2E       0       0       0       0   181CD    3039       0       0
    2999995                     5                     5             6.0309660E-03         1.0000000E+30           1098209       
 NEXT SEEDS: CE0833A      2E       0       0       0       0   181CD    3039       0       0
    2999996                     4                     4             6.0309640E-03         1.0000000E+30           1098210       
 NEXT SEEDS: CE0999C      2E       0       0       0       0   181CD    3039       0       0
    2999997                     3                     3             6.0309633E-03         1.0000000E+30           1098210       
 NEXT SEEDS: CE0C6AE      2E       0       0       0       0   181CD    3039       0       0
    2999998                     2                     2             6.0309626E-03         1.0000000E+30           1098211       
 NEXT SEEDS: CE11DDE      2E       0       0       0       0   181CD    3039       0       0
    2999999                     1                     1             6.0309612E-03         1.0000000E+30           1098211       
 NEXT SEEDS: CE15DA9      2E       0       0       0       0   181CD    3039       0       0
    3000000                     0                     1             6.0309605E-03         1.0000000E+30           1098211       
 NEXT SEEDS: CE198ED      2E       0       0       0       0   181CD    3039       0       0
