1NUMBER OF BEAM       NUMBER OF BEAM        APPROXIMATE NUMBER    AVERAGE TIME USED     TIME LEFT (RESERVED   NUMBER OF STARS
 PARTICLES HANDLED    PARTICLES LEFT        OF BEAM PARTICLES     BY A BEAM PARTICLE     10000.0 SECONDS      CREATED
                                            THAT CAN STILL BE                           FOR PRINTOUT)
                                            HANDLED

 NEXT SEEDS:       0       0       0       0       0       0   181CD    3039       0       0
          1               7999999               7999999             2.1948814E-03         1.0000000E+30                 0       
 NEXT SEEDS:    2A4F       0       0       0       0       0   181CD    3039       0       0
     100000               7900000               7900000             4.4996707E-03         1.0000000E+30             26623       
 NEXT SEEDS: 802EE7E       1       0       0       0       0   181CD    3039       0       0
     200000               7800000               7800000             4.4632562E-03         1.0000000E+30             53356       
 NEXT SEEDS:1002B6FB       2       0       0       0       0   181CD    3039       0       0
     300000               7700000               7700000             4.4598161E-03         1.0000000E+30             80054       
 NEXT SEEDS:17FB51B0       3       0       0       0       0   181CD    3039       0       0
     400000               7600000               7600000             4.4679748E-03         1.0000000E+30            106730       
 NEXT SEEDS:20134844       4       0       0       0       0   181CD    3039       0       0
     500000               7500000               7500000             4.4607112E-03         1.0000000E+30            133436       
 NEXT SEEDS:280483CD       5       0       0       0       0   181CD    3039       0       0
     600000               7400000               7400000             4.4684141E-03         1.0000000E+30            160059       
 NEXT SEEDS:300B6ACF       6       0       0       0       0   181CD    3039       0       0
     700000               7300000               7300000             4.4728639E-03         1.0000000E+30            186432       
 NEXT SEEDS:38089872       7       0       0       0       0   181CD    3039       0       0
     800000               7200000               7200000             4.4626143E-03         1.0000000E+30            212974       
 NEXT SEEDS: 4747330       9       0       0       0       0   181CD    3039       0       0
     900000               7100000               7100000             4.4603080E-03         1.0000000E+30            239712       
 NEXT SEEDS: CA993B4       A       0       0       0       0   181CD    3039       0       0
    1000000               7000000               7000000             4.4623212E-03         1.0000000E+30            266304       
 NEXT SEEDS:14BEC0E9       B       0       0       0       0   181CD    3039       0       0
    1100000               6900000               6900000             4.4587383E-03         1.0000000E+30            292809       
 NEXT SEEDS:1CC97950       C       0       0       0       0   181CD    3039       0       0
 COUSET, TXYZ:  0.999999999992582     -0.999542288682703      3.025248948612859E-02
    1200000               6800000               6800000             4.4499995E-03         1.0000000E+30            319332       
 NEXT SEEDS:252FDFDC       D       0       0       0       0   181CD    3039       0       0
    1300000               6700000               6700000             4.4442258E-03         1.0000000E+30            345793       
 NEXT SEEDS:2CF1FBA8       E       0       0       0       0   181CD    3039       0       0
    1400000               6600000               6600000             4.4435225E-03         1.0000000E+30            372348       
 NEXT SEEDS:34CFB627       F       0       0       0       0   181CD    3039       0       0
    1500000               6500000               6500000             4.4413635E-03         1.0000000E+30            399034       
 NEXT SEEDS: 139633A      11       0       0       0       0   181CD    3039       0       0
    1600000               6400000               6400000             4.4382214E-03         1.0000000E+30            425746       
 NEXT SEEDS: 9230A95      12       0       0       0       0   181CD    3039       0       0
    1700000               6300000               6300000             4.4310354E-03         1.0000000E+30            452590       
 NEXT SEEDS:11029719      13       0       0       0       0   181CD    3039       0       0
    1800000               6200000               6200000             4.4264756E-03         1.0000000E+30            479013       
 NEXT SEEDS:18C7258C      14       0       0       0       0   181CD    3039       0       0
 COUSET, TXYZ:  0.999999999992257     -0.144414382253421      0.989517299587469    
    1900000               6100000               6100000             4.4230414E-03         1.0000000E+30            505773       
 NEXT SEEDS:20CC0219      15       0       0       0       0   181CD    3039       0       0
    2000000               6000000               6000000             4.4178259E-03         1.0000000E+30            532442       
 NEXT SEEDS:28E9D7AA      16       0       0       0       0   181CD    3039       0       0
    2100000               5900000               5900000             4.4172114E-03         1.0000000E+30            559041       
 NEXT SEEDS:311D62B8      17       0       0       0       0   181CD    3039       0       0
    2200000               5800000               5800000             4.4164535E-03         1.0000000E+30            585703       
 NEXT SEEDS:3907200F      18       0       0       0       0   181CD    3039       0       0
    2300000               5700000               5700000             4.4093055E-03         1.0000000E+30            612204       
 NEXT SEEDS: 572227C      1A       0       0       0       0   181CD    3039       0       0
    2400000               5600000               5600000             4.4071360E-03         1.0000000E+30            638872       
 NEXT SEEDS: D6A6144      1B       0       0       0       0   181CD    3039       0       0
    2500000               5500000               5500000             4.4056466E-03         1.0000000E+30            665484       
 NEXT SEEDS:1579227E      1C       0       0       0       0   181CD    3039       0       0
    2600000               5400000               5400000             4.4027950E-03         1.0000000E+30            692056       
 NEXT SEEDS:1D2BF4B6      1D       0       0       0       0   181CD    3039       0       0
  *** Eveneu: no downsc. group selected, cusngl, rsngl, igpr ***  0.999999940       1.00000000             226
    2700000               5300000               5300000             4.4003539E-03         1.0000000E+30            718866       
 NEXT SEEDS:2509DD7F      1E       0       0       0       0   181CD    3039       0       0
    2800000               5200000               5200000             4.3983818E-03         1.0000000E+30            745576       
 NEXT SEEDS:2D12FAF9      1F       0       0       0       0   181CD    3039       0       0
    2900000               5100000               5100000             4.3964539E-03         1.0000000E+30            772150       
 NEXT SEEDS:350B2F7F      20       0       0       0       0   181CD    3039       0       0
    3000000               5000000               5000000             4.3959471E-03         1.0000000E+30            798672       
 NEXT SEEDS: 18219FA      22       0       0       0       0   181CD    3039       0       0
    3100000               4900000               4900000             4.3948448E-03         1.0000000E+30            825162       
 NEXT SEEDS: 9485685      23       0       0       0       0   181CD    3039       0       0
    3200000               4800000               4800000             4.3940559E-03         1.0000000E+30            851827       
 NEXT SEEDS:1130187D      24       0       0       0       0   181CD    3039       0       0
    3300000               4700000               4700000             4.3948323E-03         1.0000000E+30            878294       
 NEXT SEEDS:19386CB8      25       0       0       0       0   181CD    3039       0       0
 COUSET, TXYZ:   1.00000000000789     -0.135790801857044      0.990737532420568    
 COUSET, TXYZ:   1.00000000001231      6.978419297356084E-02  0.997562111567823    
    3400000               4600000               4600000             4.3932208E-03         1.0000000E+30            904916       
 NEXT SEEDS:215E169B      26       0       0       0       0   181CD    3039       0       0
    3500000               4500000               4500000             4.3917830E-03         1.0000000E+30            931522       
 NEXT SEEDS:292E8EAE      27       0       0       0       0   181CD    3039       0       0
 COUSET, TXYZ:  0.999999999994895     -0.129993795440206      0.991514807321020    
    3600000               4400000               4400000             4.3934981E-03         1.0000000E+30            958274       
 NEXT SEEDS:3122DDE8      28       0       0       0       0   181CD    3039       0       0
    3700000               4300000               4300000             4.3936224E-03         1.0000000E+30            984701       
 NEXT SEEDS:391317C8      29       0       0       0       0   181CD    3039       0       0
    3800000               4200000               4200000             4.3945740E-03         1.0000000E+30           1010965       
 NEXT SEEDS: 53AFDAA      2B       0       0       0       0   181CD    3039       0       0
    3900000               4100000               4100000             4.3958650E-03         1.0000000E+30           1037661       
 NEXT SEEDS: D535AE6      2C       0       0       0       0   181CD    3039       0       0
    4000000               4000000               4000000             4.3978893E-03         1.0000000E+30           1064390       
 NEXT SEEDS:151DA6CE      2D       0       0       0       0   181CD    3039       0       0
    4100000               3900000               3900000             4.4004746E-03         1.0000000E+30           1090952       
 NEXT SEEDS:1CECE8C5      2E       0       0       0       0   181CD    3039       0       0
 COUSET, TXYZ:   1.00000000000667     -0.997298822462707     -7.345106349021355E-02
    4200000               3800000               3800000             4.4015314E-03         1.0000000E+30           1117391       
 NEXT SEEDS:24F52AAE      2F       0       0       0       0   181CD    3039       0       0
    4300000               3700000               3700000             4.4038427E-03         1.0000000E+30           1144052       
 NEXT SEEDS:2CEE0CB9      30       0       0       0       0   181CD    3039       0       0
    4400000               3600000               3600000             4.4061032E-03         1.0000000E+30           1171123       
 NEXT SEEDS:34E0A596      31       0       0       0       0   181CD    3039       0       0
    4500000               3500000               3500000             4.4078547E-03         1.0000000E+30           1197895       
 NEXT SEEDS: 13C54D0      33       0       0       0       0   181CD    3039       0       0
    4600000               3400000               3400000             4.4092868E-03         1.0000000E+30           1224573       
 NEXT SEEDS: 94D17B1      34       0       0       0       0   181CD    3039       0       0
    4700000               3300000               3300000             4.4100616E-03         1.0000000E+30           1251192       
 NEXT SEEDS:112D68A1      35       0       0       0       0   181CD    3039       0       0
    4800000               3200000               3200000             4.4107716E-03         1.0000000E+30           1277765       
 NEXT SEEDS:19148F64      36       0       0       0       0   181CD    3039       0       0
    4900000               3100000               3100000             4.4111094E-03         1.0000000E+30           1304322       
 NEXT SEEDS:2118E89D      37       0       0       0       0   181CD    3039       0       0
    5000000               3000000               3000000             4.4113098E-03         1.0000000E+30           1330974       
 NEXT SEEDS:29114E4F      38       0       0       0       0   181CD    3039       0       0
    5100000               2900000               2900000             4.4113768E-03         1.0000000E+30           1357783       
 NEXT SEEDS:30FF67C8      39       0       0       0       0   181CD    3039       0       0
    5200000               2800000               2800000             4.4127544E-03         1.0000000E+30           1384776       
 NEXT SEEDS:38E6CC68      3A       0       0       0       0   181CD    3039       0       0
    5300000               2700000               2700000             4.4133863E-03         1.0000000E+30           1411163       
 NEXT SEEDS: 564C2CE      3C       0       0       0       0   181CD    3039       0       0
    5400000               2600000               2600000             4.4133851E-03         1.0000000E+30           1437536       
 NEXT SEEDS: D249D43      3D       0       0       0       0   181CD    3039       0       0
    5500000               2500000               2500000             4.4139592E-03         1.0000000E+30           1464263       
 NEXT SEEDS:15484850      3E       0       0       0       0   181CD    3039       0       0
    5600000               2400000               2400000             4.4144612E-03         1.0000000E+30           1490960       
 NEXT SEEDS:1D4E3C4D      3F       0       0       0       0   181CD    3039       0       0
 COUSET, TXYZ:  0.999999999993770      0.259962528701128      0.965618705110280    
    5700000               2300000               2300000             4.4150124E-03         1.0000000E+30           1517696       
 NEXT SEEDS:254DE14B      40       0       0       0       0   181CD    3039       0       0
    5800000               2200000               2200000             4.4152210E-03         1.0000000E+30           1544497       
 NEXT SEEDS:2D507C8B      41       0       0       0       0   181CD    3039       0       0
    5900000               2100000               2100000             4.4154645E-03         1.0000000E+30           1571314       
 NEXT SEEDS:356479F9      42       0       0       0       0   181CD    3039       0       0
    6000000               2000000               2000000             4.4153982E-03         1.0000000E+30           1597848       
 NEXT SEEDS: 1BC0E11      44       0       0       0       0   181CD    3039       0       0
    6100000               1900000               1900000             4.4152847E-03         1.0000000E+30           1624661       
 NEXT SEEDS: 9CA959C      45       0       0       0       0   181CD    3039       0       0
 COUSET, TXYZ:  0.999999999990592     -0.936330625869146      0.351119579403766    
    6200000               1800000               1800000             4.4154534E-03         1.0000000E+30           1651228       
 NEXT SEEDS:11C4030E      46       0       0       0       0   181CD    3039       0       0
 COUSET, TXYZ:  0.999999999991879      0.538508328567724      0.842620187300870    
    6300000               1700000               1700000             4.4164426E-03         1.0000000E+30           1677924       
 NEXT SEEDS:19C56180      47       0       0       0       0   181CD    3039       0       0
 COUSET, TXYZ:  0.999999999982750      0.915964716519734     -0.401258816795873    
    6400000               1600000               1600000             4.4166050E-03         1.0000000E+30           1704755       
 NEXT SEEDS:21B74296      48       0       0       0       0   181CD    3039       0       0
    6500000               1500000               1500000             4.4168513E-03         1.0000000E+30           1731622       
 NEXT SEEDS:29A906AE      49       0       0       0       0   181CD    3039       0       0
    6600000               1400000               1400000             4.4168274E-03         1.0000000E+30           1758173       
 NEXT SEEDS:31B4F82D      4A       0       0       0       0   181CD    3039       0       0
    6700000               1300000               1300000             4.4182804E-03         1.0000000E+30           1785012       
 NEXT SEEDS:3997A3E0      4B       0       0       0       0   181CD    3039       0       0
    6800000               1200000               1200000             4.4186866E-03         1.0000000E+30           1811494       
 NEXT SEEDS: 5EE5255      4D       0       0       0       0   181CD    3039       0       0
    6900000               1100000               1100000             4.4181211E-03         1.0000000E+30           1838140       
 NEXT SEEDS: DF1CFC6      4E       0       0       0       0   181CD    3039       0       0
    7000000               1000000               1000000             4.4177408E-03         1.0000000E+30           1864882       
 NEXT SEEDS:16026603      4F       0       0       0       0   181CD    3039       0       0
    7100000                900000                900000             4.4176566E-03         1.0000000E+30           1891598       
 NEXT SEEDS:1E0F2641      50       0       0       0       0   181CD    3039       0       0
    7200000                800000                800000             4.4180594E-03         1.0000000E+30           1918301       
 NEXT SEEDS:25EAEF57      51       0       0       0       0   181CD    3039       0       0
    7300000                700000                700000             4.4192386E-03         1.0000000E+30           1945143       
 NEXT SEEDS:2E1A0845      52       0       0       0       0   181CD    3039       0       0
    7400000                600000                600000             4.4214886E-03         1.0000000E+30           1971902       
 NEXT SEEDS:363A479B      53       0       0       0       0   181CD    3039       0       0
    7500000                500000                500000             4.4230902E-03         1.0000000E+30           1998410       
 NEXT SEEDS: 2B8E4C8      55       0       0       0       0   181CD    3039       0       0
 COUSET, TXYZ:  0.999999999949855     -0.753358813343727      0.657609685343093    
    7600000                400000                400000             4.4240178E-03         1.0000000E+30           2025119       
 NEXT SEEDS: AD39756      56       0       0       0       0   181CD    3039       0       0
    7700000                300000                300000             4.4249016E-03         1.0000000E+30           2051730       
 NEXT SEEDS:12B5F271      57       0       0       0       0   181CD    3039       0       0
    7800000                200000                200000             4.4251328E-03         1.0000000E+30           2078431       
 NEXT SEEDS:1AAE3908      58       0       0       0       0   181CD    3039       0       0
    7900000                100000                100000             4.4255553E-03         1.0000000E+30           2104876       
 NEXT SEEDS:22A6EF5E      59       0       0       0       0   181CD    3039       0       0
 COUSET, TXYZ:   1.00000000001266     -0.409208626056876      0.912440847609291    
 COUSET, TXYZ:  0.999999999994906     -0.388901159413485      0.921279484302489    
    7999950                    50                    50             4.4261219E-03         1.0000000E+30           2131285       
 NEXT SEEDS:2AA0F633      5A       0       0       0       0   181CD    3039       0       0
    7999951                    49                    49             4.4261219E-03         1.0000000E+30           2131286       
 NEXT SEEDS:2AA12E4D      5A       0       0       0       0   181CD    3039       0       0
    7999952                    48                    48             4.4261213E-03         1.0000000E+30           2131286       
 NEXT SEEDS:2AA14F3D      5A       0       0       0       0   181CD    3039       0       0
    7999953                    47                    47             4.4261213E-03         1.0000000E+30           2131287       
 NEXT SEEDS:2AA18601      5A       0       0       0       0   181CD    3039       0       0
    7999954                    46                    46             4.4261207E-03         1.0000000E+30           2131287       
 NEXT SEEDS:2AA1AD58      5A       0       0       0       0   181CD    3039       0       0
    7999955                    45                    45             4.4261206E-03         1.0000000E+30           2131287       
 NEXT SEEDS:2AA1CDC0      5A       0       0       0       0   181CD    3039       0       0
    7999956                    44                    44             4.4261201E-03         1.0000000E+30           2131287       
 NEXT SEEDS:2AA1F79E      5A       0       0       0       0   181CD    3039       0       0
    7999957                    43                    43             4.4261200E-03         1.0000000E+30           2131288       
 NEXT SEEDS:2AA23118      5A       0       0       0       0   181CD    3039       0       0
    7999958                    42                    42             4.4261200E-03         1.0000000E+30           2131288       
 NEXT SEEDS:2AA26316      5A       0       0       0       0   181CD    3039       0       0
    7999959                    41                    41             4.4261194E-03         1.0000000E+30           2131288       
 NEXT SEEDS:2AA2877B      5A       0       0       0       0   181CD    3039       0       0
    7999960                    40                    40             4.4261193E-03         1.0000000E+30           2131288       
 NEXT SEEDS:2AA2B204      5A       0       0       0       0   181CD    3039       0       0
    7999961                    39                    39             4.4261188E-03         1.0000000E+30           2131288       
 NEXT SEEDS:2AA2DBF1      5A       0       0       0       0   181CD    3039       0       0
    7999962                    38                    38             4.4261187E-03         1.0000000E+30           2131288       
 NEXT SEEDS:2AA30597      5A       0       0       0       0   181CD    3039       0       0
    7999963                    37                    37             4.4261187E-03         1.0000000E+30           2131288       
 NEXT SEEDS:2AA32FC6      5A       0       0       0       0   181CD    3039       0       0
    7999964                    36                    36             4.4261181E-03         1.0000000E+30           2131288       
 NEXT SEEDS:2AA35BCC      5A       0       0       0       0   181CD    3039       0       0
    7999965                    35                    35             4.4261180E-03         1.0000000E+30           2131289       
 NEXT SEEDS:2AA39622      5A       0       0       0       0   181CD    3039       0       0
    7999966                    34                    34             4.4261175E-03         1.0000000E+30           2131289       
 NEXT SEEDS:2AA3BF22      5A       0       0       0       0   181CD    3039       0       0
    7999967                    33                    33             4.4261174E-03         1.0000000E+30           2131290       
 NEXT SEEDS:2AA3EA51      5A       0       0       0       0   181CD    3039       0       0
    7999968                    32                    32             4.4261169E-03         1.0000000E+30           2131290       
 NEXT SEEDS:2AA4148B      5A       0       0       0       0   181CD    3039       0       0
    7999969                    31                    31             4.4261163E-03         1.0000000E+30           2131290       
 NEXT SEEDS:2AA43E66      5A       0       0       0       0   181CD    3039       0       0
    7999970                    30                    30             4.4261163E-03         1.0000000E+30           2131290       
 NEXT SEEDS:2AA464F3      5A       0       0       0       0   181CD    3039       0       0
    7999971                    29                    29             4.4261157E-03         1.0000000E+30           2131290       
 NEXT SEEDS:2AA48CA9      5A       0       0       0       0   181CD    3039       0       0
    7999972                    28                    28             4.4261156E-03         1.0000000E+30           2131291       
 NEXT SEEDS:2AA4CDA9      5A       0       0       0       0   181CD    3039       0       0
    7999973                    27                    27             4.4261156E-03         1.0000000E+30           2131291       
 NEXT SEEDS:2AA4F6BF      5A       0       0       0       0   181CD    3039       0       0
    7999974                    26                    26             4.4261150E-03         1.0000000E+30           2131292       
 NEXT SEEDS:2AA52DF3      5A       0       0       0       0   181CD    3039       0       0
    7999975                    25                    25             4.4261150E-03         1.0000000E+30           2131292       
 NEXT SEEDS:2AA55275      5A       0       0       0       0   181CD    3039       0       0
    7999976                    24                    24             4.4261149E-03         1.0000000E+30           2131293       
 NEXT SEEDS:2AA586D6      5A       0       0       0       0   181CD    3039       0       0
    7999977                    23                    23             4.4261143E-03         1.0000000E+30           2131293       
 NEXT SEEDS:2AA5ACF6      5A       0       0       0       0   181CD    3039       0       0
    7999978                    22                    22             4.4261143E-03         1.0000000E+30           2131294       
 NEXT SEEDS:2AA5D4E6      5A       0       0       0       0   181CD    3039       0       0
    7999979                    21                    21             4.4261137E-03         1.0000000E+30           2131295       
 NEXT SEEDS:2AA60B66      5A       0       0       0       0   181CD    3039       0       0
    7999980                    20                    20             4.4261136E-03         1.0000000E+30           2131295       
 NEXT SEEDS:2AA62971      5A       0       0       0       0   181CD    3039       0       0
    7999981                    19                    19             4.4261131E-03         1.0000000E+30           2131295       
 NEXT SEEDS:2AA6534B      5A       0       0       0       0   181CD    3039       0       0
    7999982                    18                    18             4.4261130E-03         1.0000000E+30           2131295       
 NEXT SEEDS:2AA6819B      5A       0       0       0       0   181CD    3039       0       0
    7999983                    17                    17             4.4261130E-03         1.0000000E+30           2131295       
 NEXT SEEDS:2AA6AC7D      5A       0       0       0       0   181CD    3039       0       0
    7999984                    16                    16             4.4261124E-03         1.0000000E+30           2131295       
 NEXT SEEDS:2AA6D27F      5A       0       0       0       0   181CD    3039       0       0
    7999985                    15                    15             4.4261123E-03         1.0000000E+30           2131295       
 NEXT SEEDS:2AA6F8B7      5A       0       0       0       0   181CD    3039       0       0
    7999986                    14                    14             4.4261118E-03         1.0000000E+30           2131295       
 NEXT SEEDS:2AA72390      5A       0       0       0       0   181CD    3039       0       0
    7999987                    13                    13             4.4261117E-03         1.0000000E+30           2131296       
 NEXT SEEDS:2AA75A59      5A       0       0       0       0   181CD    3039       0       0
    7999988                    12                    12             4.4261117E-03         1.0000000E+30           2131297       
 NEXT SEEDS:2AA79115      5A       0       0       0       0   181CD    3039       0       0
    7999989                    11                    11             4.4261111E-03         1.0000000E+30           2131297       
 NEXT SEEDS:2AA7BA03      5A       0       0       0       0   181CD    3039       0       0
    7999990                    10                    10             4.4261110E-03         1.0000000E+30           2131297       
 NEXT SEEDS:2AA7E0BC      5A       0       0       0       0   181CD    3039       0       0
    7999991                     9                     9             4.4261105E-03         1.0000000E+30           2131297       
 NEXT SEEDS:2AA8090B      5A       0       0       0       0   181CD    3039       0       0
    7999992                     8                     8             4.4261104E-03         1.0000000E+30           2131297       
 NEXT SEEDS:2AA82D9D      5A       0       0       0       0   181CD    3039       0       0
    7999993                     7                     7             4.4261099E-03         1.0000000E+30           2131297       
 NEXT SEEDS:2AA84C69      5A       0       0       0       0   181CD    3039       0       0
    7999994                     6                     6             4.4261098E-03         1.0000000E+30           2131297       
 NEXT SEEDS:2AA874B0      5A       0       0       0       0   181CD    3039       0       0
    7999995                     5                     5             4.4261093E-03         1.0000000E+30           2131297       
 NEXT SEEDS:2AA8A8C1      5A       0       0       0       0   181CD    3039       0       0
    7999996                     4                     4             4.4261092E-03         1.0000000E+30           2131298       
 NEXT SEEDS:2AA8EB04      5A       0       0       0       0   181CD    3039       0       0
    7999997                     3                     3             4.4261091E-03         1.0000000E+30           2131298       
 NEXT SEEDS:2AA91370      5A       0       0       0       0   181CD    3039       0       0
    7999998                     2                     2             4.4261086E-03         1.0000000E+30           2131298       
 NEXT SEEDS:2AA93B92      5A       0       0       0       0   181CD    3039       0       0
    7999999                     1                     1             4.4261085E-03         1.0000000E+30           2131298       
 NEXT SEEDS:2AA96239      5A       0       0       0       0   181CD    3039       0       0
    8000000                     0                     1             4.4261084E-03         1.0000000E+30           2131300       
 NEXT SEEDS:2AA9B343      5A       0       0       0       0   181CD    3039       0       0
