1NUMBER OF BEAM       NUMBER OF BEAM        APPROXIMATE NUMBER    AVERAGE TIME USED     TIME LEFT (RESERVED   NUMBER OF STARS
 PARTICLES HANDLED    PARTICLES LEFT        OF BEAM PARTICLES     BY A BEAM PARTICLE     10000.0 SECONDS      CREATED
                                            THAT CAN STILL BE                           FOR PRINTOUT)
                                            HANDLED

 NEXT SEEDS:       0       0       0       0       0       0   181CD    3039       0       0
          1               9999999               9999999             3.6907196E-04         1.0000000E+30                 0       
 NEXT SEEDS:     A01       0       0       0       0       0   181CD    3039       0       0
     200000               9800000               9800000             4.8099160E-04         1.0000000E+30             13335       
 NEXT SEEDS:1FC0B651       0       0       0       0       0   181CD    3039       0       0
     400000               9600000               9600000             4.8182694E-04         1.0000000E+30             26463       
 NEXT SEEDS: 3E72ABB       1       0       0       0       0   181CD    3039       0       0
     600000               9400000               9400000             4.8440262E-04         1.0000000E+30             39518       
 NEXT SEEDS:23877985       1       0       0       0       0   181CD    3039       0       0
     800000               9200000               9200000             4.8456452E-04         1.0000000E+30             52677       
 NEXT SEEDS: 7936897       2       0       0       0       0   181CD    3039       0       0
    1000000               9000000               9000000             4.8417505E-04         1.0000000E+30             65783       
 NEXT SEEDS:274575C1       2       0       0       0       0   181CD    3039       0       0
    1200000               8800000               8800000             4.8363414E-04         1.0000000E+30             78754       
 NEXT SEEDS: B5B1135       3       0       0       0       0   181CD    3039       0       0
    1400000               8600000               8600000             4.8379704E-04         1.0000000E+30             91805       
 NEXT SEEDS:2B12A1D6       3       0       0       0       0   181CD    3039       0       0
    1600000               8400000               8400000             4.8353859E-04         1.0000000E+30            105002       
 NEXT SEEDS: F29EC07       4       0       0       0       0   181CD    3039       0       0
    1800000               8200000               8200000             4.8349501E-04         1.0000000E+30            118193       
 NEXT SEEDS:2EE0157C       4       0       0       0       0   181CD    3039       0       0
    2000000               8000000               8000000             4.8423425E-04         1.0000000E+30            131135       
 NEXT SEEDS:12E9F36A       5       0       0       0       0   181CD    3039       0       0
    2200000               7800000               7800000             4.8445507E-04         1.0000000E+30            144413       
 NEXT SEEDS:32B40166       5       0       0       0       0   181CD    3039       0       0
    2400000               7600000               7600000             4.8411316E-04         1.0000000E+30            157610       
 NEXT SEEDS:16BF4FC9       6       0       0       0       0   181CD    3039       0       0
    2600000               7400000               7400000             4.8388658E-04         1.0000000E+30            170611       
 NEXT SEEDS:3662EB95       6       0       0       0       0   181CD    3039       0       0
    2800000               7200000               7200000             4.8365156E-04         1.0000000E+30            183768       
 NEXT SEEDS:1A9122B8       7       0       0       0       0   181CD    3039       0       0
    3000000               7000000               7000000             4.8359823E-04         1.0000000E+30            197151       
 NEXT SEEDS:3A56C63F       7       0       0       0       0   181CD    3039       0       0
    3200000               6800000               6800000             4.8359993E-04         1.0000000E+30            210247       
 NEXT SEEDS:1E85FB6A       8       0       0       0       0   181CD    3039       0       0
    3400000               6600000               6600000             4.8377984E-04         1.0000000E+30            223421       
 NEXT SEEDS: 2B8F311       9       0       0       0       0   181CD    3039       0       0
    3600000               6400000               6400000             4.8422258E-04         1.0000000E+30            236706       
 NEXT SEEDS:2281E3BE       9       0       0       0       0   181CD    3039       0       0
    3800000               6200000               6200000             4.8404679E-04         1.0000000E+30            249806       
 NEXT SEEDS: 69858D5       A       0       0       0       0   181CD    3039       0       0
    4000000               6000000               6000000             4.8397601E-04         1.0000000E+30            262866       
 NEXT SEEDS:26429AE8       A       0       0       0       0   181CD    3039       0       0
    4200000               5800000               5800000             4.8385042E-04         1.0000000E+30            276014       
 NEXT SEEDS: A633836       B       0       0       0       0   181CD    3039       0       0
    4400000               5600000               5600000             4.8374029E-04         1.0000000E+30            289193       
 NEXT SEEDS:2A26C0D0       B       0       0       0       0   181CD    3039       0       0
    4600000               5400000               5400000             4.8368944E-04         1.0000000E+30            302414       
 NEXT SEEDS: E439C40       C       0       0       0       0   181CD    3039       0       0
    4800000               5200000               5200000             4.8383850E-04         1.0000000E+30            315475       
 NEXT SEEDS:2DF29592       C       0       0       0       0   181CD    3039       0       0
    5000000               5000000               5000000             4.8412974E-04         1.0000000E+30            328462       
 NEXT SEEDS:11F009B2       D       0       0       0       0   181CD    3039       0       0
    5200000               4800000               4800000             4.8406715E-04         1.0000000E+30            341473       
 NEXT SEEDS:3198BA0A       D       0       0       0       0   181CD    3039       0       0
    5400000               4600000               4600000             4.8411657E-04         1.0000000E+30            354529       
 NEXT SEEDS:15B6A055       E       0       0       0       0   181CD    3039       0       0
    5600000               4400000               4400000             4.8405714E-04         1.0000000E+30            367741       
 NEXT SEEDS:359CBF02       E       0       0       0       0   181CD    3039       0       0
    5800000               4200000               4200000             4.8399524E-04         1.0000000E+30            381103       
 NEXT SEEDS:19E2F4D6       F       0       0       0       0   181CD    3039       0       0
    6000000               4000000               4000000             4.8391056E-04         1.0000000E+30            393979       
 NEXT SEEDS:39798BB3       F       0       0       0       0   181CD    3039       0       0
    6200000               3800000               3800000             4.8394035E-04         1.0000000E+30            407112       
 NEXT SEEDS:1D9C75C9      10       0       0       0       0   181CD    3039       0       0
    6400000               3600000               3600000             4.8391121E-04         1.0000000E+30            419897       
 NEXT SEEDS: 19A55F9      11       0       0       0       0   181CD    3039       0       0
    6600000               3400000               3400000             4.8399107E-04         1.0000000E+30            433099       
 NEXT SEEDS:216EA4C1      11       0       0       0       0   181CD    3039       0       0
    6800000               3200000               3200000             4.8401037E-04         1.0000000E+30            446270       
 NEXT SEEDS: 5AA0EE6      12       0       0       0       0   181CD    3039       0       0
    7000000               3000000               3000000             4.8399243E-04         1.0000000E+30            459358       
 NEXT SEEDS:255BF7FE      12       0       0       0       0   181CD    3039       0       0
    7200000               2800000               2800000             4.8389896E-04         1.0000000E+30            472223       
 NEXT SEEDS: 94CAEBF      13       0       0       0       0   181CD    3039       0       0
    7400000               2600000               2600000             4.8388655E-04         1.0000000E+30            485259       
 NEXT SEEDS:28EEC719      13       0       0       0       0   181CD    3039       0       0
    7600000               2400000               2400000             4.8427050E-04         1.0000000E+30            498562       
 NEXT SEEDS: D32B4A6      14       0       0       0       0   181CD    3039       0       0
    7800000               2200000               2200000             4.8422908E-04         1.0000000E+30            511764       
 NEXT SEEDS:2CFF00E2      14       0       0       0       0   181CD    3039       0       0
    8000000               2000000               2000000             4.8421707E-04         1.0000000E+30            525001       
 NEXT SEEDS:110ADD7B      15       0       0       0       0   181CD    3039       0       0
    8200000               1800000               1800000             4.8417769E-04         1.0000000E+30            538119       
 NEXT SEEDS:30B50BE4      15       0       0       0       0   181CD    3039       0       0
    8400000               1600000               1600000             4.8419346E-04         1.0000000E+30            551115       
 NEXT SEEDS:14C5D574      16       0       0       0       0   181CD    3039       0       0
    8600000               1400000               1400000             4.8453412E-04         1.0000000E+30            564441       
 NEXT SEEDS:34998DB3      16       0       0       0       0   181CD    3039       0       0
    8800000               1200000               1200000             4.8446314E-04         1.0000000E+30            577487       
 NEXT SEEDS:18BDEF66      17       0       0       0       0   181CD    3039       0       0
    9000000               1000000               1000000             4.8435815E-04         1.0000000E+30            590590       
 NEXT SEEDS:38732C85      17       0       0       0       0   181CD    3039       0       0
    9200000                800000                800000             4.8430072E-04         1.0000000E+30            603438       
 NEXT SEEDS:1C8C5542      18       0       0       0       0   181CD    3039       0       0
    9400000                600000                600000             4.8426942E-04         1.0000000E+30            616425       
 NEXT SEEDS:  A57E4D      19       0       0       0       0   181CD    3039       0       0
    9600000                400000                400000             4.8421700E-04         1.0000000E+30            629686       
 NEXT SEEDS:2060EC2F      19       0       0       0       0   181CD    3039       0       0
    9800000                200000                200000             4.8424239E-04         1.0000000E+30            642858       
 NEXT SEEDS: 47A6D62      1A       0       0       0       0   181CD    3039       0       0
    9999950                    50                    50             4.8445733E-04         1.0000000E+30            656128       
 NEXT SEEDS:24573F66      1A       0       0       0       0   181CD    3039       0       0
    9999951                    49                    49             4.8445733E-04         1.0000000E+30            656128       
 NEXT SEEDS:2457444C      1A       0       0       0       0   181CD    3039       0       0
    9999952                    48                    48             4.8445728E-04         1.0000000E+30            656128       
 NEXT SEEDS:2457479D      1A       0       0       0       0   181CD    3039       0       0
    9999953                    47                    47             4.8445728E-04         1.0000000E+30            656128       
 NEXT SEEDS:24574E7B      1A       0       0       0       0   181CD    3039       0       0
    9999954                    46                    46             4.8445723E-04         1.0000000E+30            656128       
 NEXT SEEDS:24575711      1A       0       0       0       0   181CD    3039       0       0
    9999955                    45                    45             4.8445723E-04         1.0000000E+30            656128       
 NEXT SEEDS:2457627E      1A       0       0       0       0   181CD    3039       0       0
    9999956                    44                    44             4.8445723E-04         1.0000000E+30            656128       
 NEXT SEEDS:24576C56      1A       0       0       0       0   181CD    3039       0       0
    9999957                    43                    43             4.8445719E-04         1.0000000E+30            656128       
 NEXT SEEDS:2457707D      1A       0       0       0       0   181CD    3039       0       0
    9999958                    42                    42             4.8445719E-04         1.0000000E+30            656128       
 NEXT SEEDS:2457778C      1A       0       0       0       0   181CD    3039       0       0
    9999959                    41                    41             4.8445714E-04         1.0000000E+30            656128       
 NEXT SEEDS:24577E1A      1A       0       0       0       0   181CD    3039       0       0
    9999960                    40                    40             4.8445719E-04         1.0000000E+30            656129       
 NEXT SEEDS:24579545      1A       0       0       0       0   181CD    3039       0       0
    9999961                    39                    39             4.8445719E-04         1.0000000E+30            656129       
 NEXT SEEDS:24579CE2      1A       0       0       0       0   181CD    3039       0       0
    9999962                    38                    38             4.8445714E-04         1.0000000E+30            656129       
 NEXT SEEDS:2457A662      1A       0       0       0       0   181CD    3039       0       0
    9999963                    37                    37             4.8445714E-04         1.0000000E+30            656129       
 NEXT SEEDS:2457AFAF      1A       0       0       0       0   181CD    3039       0       0
    9999964                    36                    36             4.8445709E-04         1.0000000E+30            656129       
 NEXT SEEDS:2457B2BF      1A       0       0       0       0   181CD    3039       0       0
    9999965                    35                    35             4.8445709E-04         1.0000000E+30            656129       
 NEXT SEEDS:2457BA37      1A       0       0       0       0   181CD    3039       0       0
    9999966                    34                    34             4.8445704E-04         1.0000000E+30            656129       
 NEXT SEEDS:2457C0B3      1A       0       0       0       0   181CD    3039       0       0
    9999967                    33                    33             4.8445704E-04         1.0000000E+30            656129       
 NEXT SEEDS:2457C735      1A       0       0       0       0   181CD    3039       0       0
    9999968                    32                    32             4.8445699E-04         1.0000000E+30            656129       
 NEXT SEEDS:2457CE88      1A       0       0       0       0   181CD    3039       0       0
    9999969                    31                    31             4.8445700E-04         1.0000000E+30            656129       
 NEXT SEEDS:2457D5F4      1A       0       0       0       0   181CD    3039       0       0
    9999970                    30                    30             4.8445700E-04         1.0000000E+30            656129       
 NEXT SEEDS:2457E03A      1A       0       0       0       0   181CD    3039       0       0
    9999971                    29                    29             4.8445695E-04         1.0000000E+30            656129       
 NEXT SEEDS:2457EAD7      1A       0       0       0       0   181CD    3039       0       0
    9999972                    28                    28             4.8445695E-04         1.0000000E+30            656129       
 NEXT SEEDS:2457F034      1A       0       0       0       0   181CD    3039       0       0
    9999973                    27                    27             4.8445695E-04         1.0000000E+30            656129       
 NEXT SEEDS:2457FD8D      1A       0       0       0       0   181CD    3039       0       0
    9999974                    26                    26             4.8445690E-04         1.0000000E+30            656129       
 NEXT SEEDS:2458069D      1A       0       0       0       0   181CD    3039       0       0
    9999975                    25                    25             4.8445690E-04         1.0000000E+30            656129       
 NEXT SEEDS:2458159F      1A       0       0       0       0   181CD    3039       0       0
    9999976                    24                    24             4.8445690E-04         1.0000000E+30            656129       
 NEXT SEEDS:24582045      1A       0       0       0       0   181CD    3039       0       0
    9999977                    23                    23             4.8445690E-04         1.0000000E+30            656129       
 NEXT SEEDS:245828B5      1A       0       0       0       0   181CD    3039       0       0
    9999978                    22                    22             4.8445685E-04         1.0000000E+30            656129       
 NEXT SEEDS:2458332E      1A       0       0       0       0   181CD    3039       0       0
    9999979                    21                    21             4.8445685E-04         1.0000000E+30            656129       
 NEXT SEEDS:245837E7      1A       0       0       0       0   181CD    3039       0       0
    9999980                    20                    20             4.8445685E-04         1.0000000E+30            656129       
 NEXT SEEDS:2458415F      1A       0       0       0       0   181CD    3039       0       0
    9999981                    19                    19             4.8445685E-04         1.0000000E+30            656130       
 NEXT SEEDS:24585534      1A       0       0       0       0   181CD    3039       0       0
    9999982                    18                    18             4.8445685E-04         1.0000000E+30            656130       
 NEXT SEEDS:24585B46      1A       0       0       0       0   181CD    3039       0       0
    9999983                    17                    17             4.8445681E-04         1.0000000E+30            656130       
 NEXT SEEDS:24586105      1A       0       0       0       0   181CD    3039       0       0
    9999984                    16                    16             4.8445681E-04         1.0000000E+30            656130       
 NEXT SEEDS:24586ADA      1A       0       0       0       0   181CD    3039       0       0
    9999985                    15                    15             4.8445676E-04         1.0000000E+30            656130       
 NEXT SEEDS:2458742D      1A       0       0       0       0   181CD    3039       0       0
    9999986                    14                    14             4.8445676E-04         1.0000000E+30            656130       
 NEXT SEEDS:24588684      1A       0       0       0       0   181CD    3039       0       0
    9999987                    13                    13             4.8445676E-04         1.0000000E+30            656130       
 NEXT SEEDS:245895CA      1A       0       0       0       0   181CD    3039       0       0
    9999988                    12                    12             4.8445676E-04         1.0000000E+30            656130       
 NEXT SEEDS:24589E79      1A       0       0       0       0   181CD    3039       0       0
    9999989                    11                    11             4.8445676E-04         1.0000000E+30            656130       
 NEXT SEEDS:2458AC2D      1A       0       0       0       0   181CD    3039       0       0
    9999990                    10                    10             4.8445671E-04         1.0000000E+30            656130       
 NEXT SEEDS:2458B4BC      1A       0       0       0       0   181CD    3039       0       0
    9999991                     9                     9             4.8445671E-04         1.0000000E+30            656130       
 NEXT SEEDS:2458BFC7      1A       0       0       0       0   181CD    3039       0       0
    9999992                     8                     8             4.8445671E-04         1.0000000E+30            656130       
 NEXT SEEDS:2458C6B1      1A       0       0       0       0   181CD    3039       0       0
    9999993                     7                     7             4.8445671E-04         1.0000000E+30            656130       
 NEXT SEEDS:2458D22A      1A       0       0       0       0   181CD    3039       0       0
    9999994                     6                     6             4.8445671E-04         1.0000000E+30            656131       
 NEXT SEEDS:2458E30C      1A       0       0       0       0   181CD    3039       0       0
    9999995                     5                     5             4.8445666E-04         1.0000000E+30            656131       
 NEXT SEEDS:2458EF71      1A       0       0       0       0   181CD    3039       0       0
    9999996                     4                     4             4.8445666E-04         1.0000000E+30            656131       
 NEXT SEEDS:2458FAEB      1A       0       0       0       0   181CD    3039       0       0
    9999997                     3                     3             4.8445666E-04         1.0000000E+30            656131       
 NEXT SEEDS:245905FF      1A       0       0       0       0   181CD    3039       0       0
    9999998                     2                     2             4.8445676E-04         1.0000000E+30            656132       
 NEXT SEEDS:24593978      1A       0       0       0       0   181CD    3039       0       0
    9999999                     1                     1             4.8445676E-04         1.0000000E+30            656132       
 NEXT SEEDS:245945D9      1A       0       0       0       0   181CD    3039       0       0
   10000000                     0                     1             4.8445676E-04         1.0000000E+30            656132       
 NEXT SEEDS:24595104      1A       0       0       0       0   181CD    3039       0       0
