1NUMBER OF BEAM       NUMBER OF BEAM        APPROXIMATE NUMBER    AVERAGE TIME USED     TIME LEFT (RESERVED   NUMBER OF STARS
 PARTICLES HANDLED    PARTICLES LEFT        OF BEAM PARTICLES     BY A BEAM PARTICLE     10000.0 SECONDS      CREATED
                                            THAT CAN STILL BE                           FOR PRINTOUT)
                                            HANDLED

 NEXT SEEDS:       0       0       0       0       0       0   181CD    3039       0       0
          1              49999999              49999999             2.2292137E-04         1.0000000E+30                 0       
 NEXT SEEDS:     336       0       0       0       0       0   181CD    3039       0       0
    1000000              49000000              49000000             9.8252348E-05         1.0000000E+30             14286       
 NEXT SEEDS:2407E70C       0       0       0       0       0   181CD    3039       0       0
    2000000              48000000              48000000             9.8063480E-05         1.0000000E+30             28391       
 NEXT SEEDS: C593BF8       1       0       0       0       0   181CD    3039       0       0
    3000000              47000000              47000000             9.7918062E-05         1.0000000E+30             42162       
 NEXT SEEDS:3035496E       1       0       0       0       0   181CD    3039       0       0
    4000000              46000000              46000000             9.7891748E-05         1.0000000E+30             56130       
 NEXT SEEDS:1882443B       2       0       0       0       0   181CD    3039       0       0
    5000000              45000000              45000000             9.7878236E-05         1.0000000E+30             70103       
 NEXT SEEDS:  CAF880       3       0       0       0       0   181CD    3039       0       0
    6000000              44000000              44000000             9.7979946E-05         1.0000000E+30             84090       
 NEXT SEEDS:24C669B0       3       0       0       0       0   181CD    3039       0       0
    7000000              43000000              43000000             9.7955781E-05         1.0000000E+30             98190       
 NEXT SEEDS: D2F58D0       4       0       0       0       0   181CD    3039       0       0
    8000000              42000000              42000000             9.7905248E-05         1.0000000E+30            111917       
 NEXT SEEDS:31053658       4       0       0       0       0   181CD    3039       0       0
    9000000              41000000              41000000             9.7904091E-05         1.0000000E+30            126013       
 NEXT SEEDS:197CBB79       5       0       0       0       0   181CD    3039       0       0
   10000000              40000000              40000000             9.7875168E-05         1.0000000E+30            139902       
 NEXT SEEDS: 1D47DB8       6       0       0       0       0   181CD    3039       0       0
   11000000              39000000              39000000             9.7860139E-05         1.0000000E+30            153918       
 NEXT SEEDS:25C80D72       6       0       0       0       0   181CD    3039       0       0
   12000000              38000000              38000000             9.7854022E-05         1.0000000E+30            167982       
 NEXT SEEDS: E148CB3       7       0       0       0       0   181CD    3039       0       0
   13000000              37000000              37000000             9.7835494E-05         1.0000000E+30            181962       
 NEXT SEEDS:31F2EAE8       7       0       0       0       0   181CD    3039       0       0
   14000000              36000000              36000000             9.7829850E-05         1.0000000E+30            195930       
 NEXT SEEDS:1A544228       8       0       0       0       0   181CD    3039       0       0
 COUSET, TXYZ:  0.999999999992291     -0.857641215187714      0.514248525516529    
   15000000              35000000              35000000             9.7857054E-05         1.0000000E+30            209963       
 NEXT SEEDS: 2BF00C5       9       0       0       0       0   181CD    3039       0       0
   16000000              34000000              34000000             9.7872946E-05         1.0000000E+30            224137       
 NEXT SEEDS:26D46EAD       9       0       0       0       0   181CD    3039       0       0
   17000000              33000000              33000000             9.7881116E-05         1.0000000E+30            238170       
 NEXT SEEDS: F423803       A       0       0       0       0   181CD    3039       0       0
   18000000              32000000              32000000             9.7880112E-05         1.0000000E+30            252205       
 NEXT SEEDS:333414E9       A       0       0       0       0   181CD    3039       0       0
 COUSET, TXYZ:   1.00000000000907     -0.953509061315914      0.301364347603660    
   19000000              31000000              31000000             9.7885522E-05         1.0000000E+30            266286       
 NEXT SEEDS:1BA31704       B       0       0       0       0   181CD    3039       0       0
   20000000              30000000              30000000             9.7867125E-05         1.0000000E+30            280174       
 NEXT SEEDS: 3ED4EFB       C       0       0       0       0   181CD    3039       0       0
 COUSET, TXYZ:  0.999999999993416      6.488724944452515E-02  0.997892601859717    
   21000000              29000000              29000000             9.7882811E-05         1.0000000E+30            294415       
 NEXT SEEDS:280179F0       C       0       0       0       0   181CD    3039       0       0
   22000000              28000000              28000000             9.7875088E-05         1.0000000E+30            308353       
 NEXT SEEDS:104BB64B       D       0       0       0       0   181CD    3039       0       0
   23000000              27000000              27000000             9.7880328E-05         1.0000000E+30            322468       
 NEXT SEEDS:34553645       D       0       0       0       0   181CD    3039       0       0
   24000000              26000000              26000000             9.7900552E-05         1.0000000E+30            336504       
 NEXT SEEDS:1CBBA276       E       0       0       0       0   181CD    3039       0       0
   25000000              25000000              25000000             9.7903397E-05         1.0000000E+30            350605       
 NEXT SEEDS: 511E5E4       F       0       0       0       0   181CD    3039       0       0
   26000000              24000000              24000000             9.7906174E-05         1.0000000E+30            364660       
 NEXT SEEDS:29082B4E       F       0       0       0       0   181CD    3039       0       0
   27000000              23000000              23000000             9.7911069E-05         1.0000000E+30            378544       
 NEXT SEEDS:115CC206      10       0       0       0       0   181CD    3039       0       0
 COUSET, TXYZ:   1.00000000011965     -0.459571133802806      0.888140964720412    
   28000000              22000000              22000000             9.7918700E-05         1.0000000E+30            392628       
 NEXT SEEDS:3559C3A6      10       0       0       0       0   181CD    3039       0       0
   29000000              21000000              21000000             9.7925393E-05         1.0000000E+30            406705       
 NEXT SEEDS:1DBDEDB6      11       0       0       0       0   181CD    3039       0       0
   30000000              20000000              20000000             9.7925658E-05         1.0000000E+30            420574       
 NEXT SEEDS: 611FB82      12       0       0       0       0   181CD    3039       0       0
   31000000              19000000              19000000             9.7926426E-05         1.0000000E+30            434527       
 NEXT SEEDS:2A056197      12       0       0       0       0   181CD    3039       0       0
   32000000              18000000              18000000             9.7934112E-05         1.0000000E+30            448716       
 NEXT SEEDS:127060F7      13       0       0       0       0   181CD    3039       0       0
   33000000              17000000              17000000             9.7933475E-05         1.0000000E+30            462618       
 NEXT SEEDS:365FD014      13       0       0       0       0   181CD    3039       0       0
 COUSET, TXYZ:   1.00000000000584     -0.869221389878564      0.494423073277594    
   34000000              16000000              16000000             9.7937765E-05         1.0000000E+30            476630       
 NEXT SEEDS:1EBD887C      14       0       0       0       0   181CD    3039       0       0
   35000000              15000000              15000000             9.7937046E-05         1.0000000E+30            490759       
 NEXT SEEDS: 71D872F      15       0       0       0       0   181CD    3039       0       0
   36000000              14000000              14000000             9.7937018E-05         1.0000000E+30            504779       
 NEXT SEEDS:2B172C20      15       0       0       0       0   181CD    3039       0       0
   37000000              13000000              13000000             9.7931099E-05         1.0000000E+30            518703       
 NEXT SEEDS:13551793      16       0       0       0       0   181CD    3039       0       0
   38000000              12000000              12000000             9.7944721E-05         1.0000000E+30            532861       
 NEXT SEEDS:37765BED      16       0       0       0       0   181CD    3039       0       0
   39000000              11000000              11000000             9.7940811E-05         1.0000000E+30            546634       
 NEXT SEEDS:1FC26D02      17       0       0       0       0   181CD    3039       0       0
   40000000              10000000              10000000             9.7945611E-05         1.0000000E+30            560859       
 NEXT SEEDS: 82A20A1      18       0       0       0       0   181CD    3039       0       0
   41000000               9000000               9000000             9.7952166E-05         1.0000000E+30            575040       
 NEXT SEEDS:2C2A189E      18       0       0       0       0   181CD    3039       0       0
   42000000               8000000               8000000             9.7966901E-05         1.0000000E+30            589067       
 NEXT SEEDS:148DB59C      19       0       0       0       0   181CD    3039       0       0
   43000000               7000000               7000000             9.7960187E-05         1.0000000E+30            602739       
 NEXT SEEDS:3863CF93      19       0       0       0       0   181CD    3039       0       0
   44000000               6000000               6000000             9.7970603E-05         1.0000000E+30            617053       
 NEXT SEEDS:20E37A70      1A       0       0       0       0   181CD    3039       0       0
   45000000               5000000               5000000             9.7972363E-05         1.0000000E+30            630920       
 NEXT SEEDS: 92C4B72      1B       0       0       0       0   181CD    3039       0       0
   46000000               4000000               4000000             9.7975978E-05         1.0000000E+30            644960       
 NEXT SEEDS:2D256652      1B       0       0       0       0   181CD    3039       0       0
   47000000               3000000               3000000             9.7981434E-05         1.0000000E+30            659123       
 NEXT SEEDS:159575C8      1C       0       0       0       0   181CD    3039       0       0
   48000000               2000000               2000000             9.7985331E-05         1.0000000E+30            673140       
 NEXT SEEDS:39970A03      1C       0       0       0       0   181CD    3039       0       0
   49000000               1000000               1000000             9.7985391E-05         1.0000000E+30            687062       
 NEXT SEEDS:21ED9FA7      1D       0       0       0       0   181CD    3039       0       0
   49999950                    50                    50             9.7993662E-05         1.0000000E+30            701113       
 NEXT SEEDS: A5F3AC2      1E       0       0       0       0   181CD    3039       0       0
   49999951                    49                    49             9.7993660E-05         1.0000000E+30            701113       
 NEXT SEEDS: A5F3C66      1E       0       0       0       0   181CD    3039       0       0
   49999952                    48                    48             9.7993668E-05         1.0000000E+30            701113       
 NEXT SEEDS: A5F3E8D      1E       0       0       0       0   181CD    3039       0       0
   49999953                    47                    47             9.7993666E-05         1.0000000E+30            701113       
 NEXT SEEDS: A5F4084      1E       0       0       0       0   181CD    3039       0       0
   49999954                    46                    46             9.7993674E-05         1.0000000E+30            701113       
 NEXT SEEDS: A5F42E5      1E       0       0       0       0   181CD    3039       0       0
   49999955                    45                    45             9.7993672E-05         1.0000000E+30            701113       
 NEXT SEEDS: A5F44AC      1E       0       0       0       0   181CD    3039       0       0
   49999956                    44                    44             9.7993670E-05         1.0000000E+30            701113       
 NEXT SEEDS: A5F45C9      1E       0       0       0       0   181CD    3039       0       0
   49999957                    43                    43             9.7993668E-05         1.0000000E+30            701113       
 NEXT SEEDS: A5F4691      1E       0       0       0       0   181CD    3039       0       0
   49999958                    42                    42             9.7993676E-05         1.0000000E+30            701113       
 NEXT SEEDS: A5F47AF      1E       0       0       0       0   181CD    3039       0       0
   49999959                    41                    41             9.7993674E-05         1.0000000E+30            701113       
 NEXT SEEDS: A5F4A5B      1E       0       0       0       0   181CD    3039       0       0
   49999960                    40                    40             9.7993681E-05         1.0000000E+30            701113       
 NEXT SEEDS: A5F4C7A      1E       0       0       0       0   181CD    3039       0       0
   49999961                    39                    39             9.7993679E-05         1.0000000E+30            701113       
 NEXT SEEDS: A5F4DA7      1E       0       0       0       0   181CD    3039       0       0
   49999962                    38                    38             9.7993678E-05         1.0000000E+30            701113       
 NEXT SEEDS: A5F4F9E      1E       0       0       0       0   181CD    3039       0       0
   49999963                    37                    37             9.7993676E-05         1.0000000E+30            701113       
 NEXT SEEDS: A5F5084      1E       0       0       0       0   181CD    3039       0       0
   49999964                    36                    36             9.7993683E-05         1.0000000E+30            701113       
 NEXT SEEDS: A5F5144      1E       0       0       0       0   181CD    3039       0       0
   49999965                    35                    35             9.7993681E-05         1.0000000E+30            701113       
 NEXT SEEDS: A5F5255      1E       0       0       0       0   181CD    3039       0       0
   49999966                    34                    34             9.7993679E-05         1.0000000E+30            701113       
 NEXT SEEDS: A5F53E5      1E       0       0       0       0   181CD    3039       0       0
   49999967                    33                    33             9.7993687E-05         1.0000000E+30            701113       
 NEXT SEEDS: A5F55CB      1E       0       0       0       0   181CD    3039       0       0
   49999968                    32                    32             9.7993685E-05         1.0000000E+30            701113       
 NEXT SEEDS: A5F581A      1E       0       0       0       0   181CD    3039       0       0
   49999969                    31                    31             9.7993683E-05         1.0000000E+30            701113       
 NEXT SEEDS: A5F5B90      1E       0       0       0       0   181CD    3039       0       0
   49999970                    30                    30             9.7993691E-05         1.0000000E+30            701113       
 NEXT SEEDS: A5F6053      1E       0       0       0       0   181CD    3039       0       0
   49999971                    29                    29             9.7993689E-05         1.0000000E+30            701113       
 NEXT SEEDS: A5F617C      1E       0       0       0       0   181CD    3039       0       0
   49999972                    28                    28             9.7993697E-05         1.0000000E+30            701113       
 NEXT SEEDS: A5F64CA      1E       0       0       0       0   181CD    3039       0       0
   49999973                    27                    27             9.7993695E-05         1.0000000E+30            701113       
 NEXT SEEDS: A5F6664      1E       0       0       0       0   181CD    3039       0       0
   49999974                    26                    26             9.7993703E-05         1.0000000E+30            701113       
 NEXT SEEDS: A5F68D7      1E       0       0       0       0   181CD    3039       0       0
   49999975                    25                    25             9.7993701E-05         1.0000000E+30            701113       
 NEXT SEEDS: A5F697F      1E       0       0       0       0   181CD    3039       0       0
   49999976                    24                    24             9.7993699E-05         1.0000000E+30            701113       
 NEXT SEEDS: A5F6AEB      1E       0       0       0       0   181CD    3039       0       0
   49999977                    23                    23             9.7993697E-05         1.0000000E+30            701113       
 NEXT SEEDS: A5F6C13      1E       0       0       0       0   181CD    3039       0       0
   49999978                    22                    22             9.7993705E-05         1.0000000E+30            701113       
 NEXT SEEDS: A5F707A      1E       0       0       0       0   181CD    3039       0       0
   49999979                    21                    21             9.7993703E-05         1.0000000E+30            701113       
 NEXT SEEDS: A5F72B3      1E       0       0       0       0   181CD    3039       0       0
   49999980                    20                    20             9.7993711E-05         1.0000000E+30            701113       
 NEXT SEEDS: A5F74B0      1E       0       0       0       0   181CD    3039       0       0
   49999981                    19                    19             9.7993709E-05         1.0000000E+30            701113       
 NEXT SEEDS: A5F787E      1E       0       0       0       0   181CD    3039       0       0
   49999982                    18                    18             9.7993707E-05         1.0000000E+30            701113       
 NEXT SEEDS: A5F7A7B      1E       0       0       0       0   181CD    3039       0       0
   49999983                    17                    17             9.7993714E-05         1.0000000E+30            701113       
 NEXT SEEDS: A5F7BFB      1E       0       0       0       0   181CD    3039       0       0
   49999984                    16                    16             9.7993713E-05         1.0000000E+30            701113       
 NEXT SEEDS: A5F7E1D      1E       0       0       0       0   181CD    3039       0       0
   49999985                    15                    15             9.7993711E-05         1.0000000E+30            701113       
 NEXT SEEDS: A5F7EAE      1E       0       0       0       0   181CD    3039       0       0
   49999986                    14                    14             9.7993718E-05         1.0000000E+30            701113       
 NEXT SEEDS: A5F81BA      1E       0       0       0       0   181CD    3039       0       0
   49999987                    13                    13             9.7993716E-05         1.0000000E+30            701113       
 NEXT SEEDS: A5F833A      1E       0       0       0       0   181CD    3039       0       0
   49999988                    12                    12             9.7993714E-05         1.0000000E+30            701113       
 NEXT SEEDS: A5F8520      1E       0       0       0       0   181CD    3039       0       0
   49999989                    11                    11             9.7993722E-05         1.0000000E+30            701113       
 NEXT SEEDS: A5F85E4      1E       0       0       0       0   181CD    3039       0       0
   49999990                    10                    10             9.7993720E-05         1.0000000E+30            701113       
 NEXT SEEDS: A5F8808      1E       0       0       0       0   181CD    3039       0       0
   49999991                     9                     9             9.7993718E-05         1.0000000E+30            701113       
 NEXT SEEDS: A5F88EF      1E       0       0       0       0   181CD    3039       0       0
   49999992                     8                     8             9.7993726E-05         1.0000000E+30            701113       
 NEXT SEEDS: A5F8AF8      1E       0       0       0       0   181CD    3039       0       0
   49999993                     7                     7             9.7993724E-05         1.0000000E+30            701113       
 NEXT SEEDS: A5F8DFE      1E       0       0       0       0   181CD    3039       0       0
   49999994                     6                     6             9.7993732E-05         1.0000000E+30            701113       
 NEXT SEEDS: A5F9259      1E       0       0       0       0   181CD    3039       0       0
   49999995                     5                     5             9.7993730E-05         1.0000000E+30            701113       
 NEXT SEEDS: A5F9480      1E       0       0       0       0   181CD    3039       0       0
   49999996                     4                     4             9.7993728E-05         1.0000000E+30            701113       
 NEXT SEEDS: A5F9629      1E       0       0       0       0   181CD    3039       0       0
   49999997                     3                     3             9.7993736E-05         1.0000000E+30            701113       
 NEXT SEEDS: A5F9903      1E       0       0       0       0   181CD    3039       0       0
   49999998                     2                     2             9.7993734E-05         1.0000000E+30            701113       
 NEXT SEEDS: A5F9A3E      1E       0       0       0       0   181CD    3039       0       0
   49999999                     1                     1             9.7993732E-05         1.0000000E+30            701113       
 NEXT SEEDS: A5F9B46      1E       0       0       0       0   181CD    3039       0       0
   50000000                     0                     1             9.7993740E-05         1.0000000E+30            701113       
 NEXT SEEDS: A5F9DCA      1E       0       0       0       0   181CD    3039       0       0
