1NUMBER OF BEAM       NUMBER OF BEAM        APPROXIMATE NUMBER    AVERAGE TIME USED     TIME LEFT (RESERVED   NUMBER OF STARS
 PARTICLES HANDLED    PARTICLES LEFT        OF BEAM PARTICLES     BY A BEAM PARTICLE     10000.0 SECONDS      CREATED
                                            THAT CAN STILL BE                           FOR PRINTOUT)
                                            HANDLED

 NEXT SEEDS:       0       0       0       0       0       0   181CD    3039       0       0
          1               9999999               9999999             2.3794174E-04         1.0000000E+30                 0       
 NEXT SEEDS:     572       0       0       0       0       0   181CD    3039       0       0
     200000               9800000               9800000             2.3460175E-04         1.0000000E+30              5321       
 NEXT SEEDS: CE6D596       0       0       0       0       0   181CD    3039       0       0
     400000               9600000               9600000             2.2655698E-04         1.0000000E+30             10630       
 NEXT SEEDS:19C9A7E7       0       0       0       0       0   181CD    3039       0       0
     600000               9400000               9400000             2.2392720E-04         1.0000000E+30             15791       
 NEXT SEEDS:26A84A32       0       0       0       0       0   181CD    3039       0       0
     800000               9200000               9200000             2.2274745E-04         1.0000000E+30             21125       
 NEXT SEEDS:3391B3FF       0       0       0       0       0   181CD    3039       0       0
    1000000               9000000               9000000             2.2179669E-04         1.0000000E+30             26290       
 NEXT SEEDS: 4CE1E81       1       0       0       0       0   181CD    3039       0       0
    1200000               8800000               8800000             2.2169676E-04         1.0000000E+30             31498       
 NEXT SEEDS:11B786C2       1       0       0       0       0   181CD    3039       0       0
    1400000               8600000               8600000             2.2124190E-04         1.0000000E+30             36824       
 NEXT SEEDS:1E9CEB62       1       0       0       0       0   181CD    3039       0       0
    1600000               8400000               8400000             2.2292407E-04         1.0000000E+30             42040       
 NEXT SEEDS:2B812ED9       1       0       0       0       0   181CD    3039       0       0
    1800000               8200000               8200000             2.2249673E-04         1.0000000E+30             47291       
 NEXT SEEDS:38730B2A       1       0       0       0       0   181CD    3039       0       0
    2000000               8000000               8000000             2.2051574E-04         1.0000000E+30             52442       
 NEXT SEEDS: 9B4D929       2       0       0       0       0   181CD    3039       0       0
    2200000               7800000               7800000             2.2041812E-04         1.0000000E+30             57755       
 NEXT SEEDS:169B4CD4       2       0       0       0       0   181CD    3039       0       0
    2400000               7600000               7600000             2.2025980E-04         1.0000000E+30             62995       
 NEXT SEEDS:2383BC27       2       0       0       0       0   181CD    3039       0       0
    2600000               7400000               7400000             2.2012957E-04         1.0000000E+30             68172       
 NEXT SEEDS:306397EC       2       0       0       0       0   181CD    3039       0       0
    2800000               7200000               7200000             2.2002391E-04         1.0000000E+30             73392       
 NEXT SEEDS: 1AD95F5       3       0       0       0       0   181CD    3039       0       0
    3000000               7000000               7000000             2.1992079E-04         1.0000000E+30             78663       
 NEXT SEEDS: E8DD349       3       0       0       0       0   181CD    3039       0       0
    3200000               6800000               6800000             2.2082750E-04         1.0000000E+30             83894       
 NEXT SEEDS:1B6752B5       3       0       0       0       0   181CD    3039       0       0
    3400000               6600000               6600000             2.2069463E-04         1.0000000E+30             88977       
 NEXT SEEDS:2847F649       3       0       0       0       0   181CD    3039       0       0
    3600000               6400000               6400000             2.2062506E-04         1.0000000E+30             94279       
 NEXT SEEDS:3532C1C4       3       0       0       0       0   181CD    3039       0       0
    3800000               6200000               6200000             2.2054040E-04         1.0000000E+30             99485       
 NEXT SEEDS: 673ACFC       4       0       0       0       0   181CD    3039       0       0
    4000000               6000000               6000000             2.2045085E-04         1.0000000E+30            104797       
 NEXT SEEDS:135C5736       4       0       0       0       0   181CD    3039       0       0
    4200000               5800000               5800000             2.2037747E-04         1.0000000E+30            109978       
 NEXT SEEDS:203E8F13       4       0       0       0       0   181CD    3039       0       0
    4400000               5600000               5600000             2.2027718E-04         1.0000000E+30            115071       
 NEXT SEEDS:2D295C38       4       0       0       0       0   181CD    3039       0       0
    4600000               5400000               5400000             2.2022856E-04         1.0000000E+30            120360       
 NEXT SEEDS:3A1D0633       4       0       0       0       0   181CD    3039       0       0
    4800000               5200000               5200000             2.2018028E-04         1.0000000E+30            125624       
 NEXT SEEDS: B605E14       5       0       0       0       0   181CD    3039       0       0
    5000000               5000000               5000000             2.2076088E-04         1.0000000E+30            130833       
 NEXT SEEDS:18485DDC       5       0       0       0       0   181CD    3039       0       0
    5200000               4800000               4800000             2.2068894E-04         1.0000000E+30            136089       
 NEXT SEEDS:2529F13C       5       0       0       0       0   181CD    3039       0       0
    5400000               4600000               4600000             2.2003393E-04         1.0000000E+30            141407       
 NEXT SEEDS:320DEB6B       5       0       0       0       0   181CD    3039       0       0
    5600000               4400000               4400000             2.2055596E-04         1.0000000E+30            146611       
 NEXT SEEDS: 35ED914       6       0       0       0       0   181CD    3039       0       0
    5800000               4200000               4200000             2.2051111E-04         1.0000000E+30            151971       
 NEXT SEEDS:1062F0EB       6       0       0       0       0   181CD    3039       0       0
    6000000               4000000               4000000             2.2046036E-04         1.0000000E+30            157302       
 NEXT SEEDS:1D5233AD       6       0       0       0       0   181CD    3039       0       0
    6200000               3800000               3800000             2.2040797E-04         1.0000000E+30            162626       
 NEXT SEEDS:2A373909       6       0       0       0       0   181CD    3039       0       0
    6400000               3600000               3600000             2.2083721E-04         1.0000000E+30            167853       
 NEXT SEEDS:37159D64       6       0       0       0       0   181CD    3039       0       0
    6600000               3400000               3400000             2.2077919E-04         1.0000000E+30            173064       
 NEXT SEEDS: 8615F18       7       0       0       0       0   181CD    3039       0       0
    6800000               3200000               3200000             2.2072323E-04         1.0000000E+30            178367       
 NEXT SEEDS:15456515       7       0       0       0       0   181CD    3039       0       0
    7000000               3000000               3000000             2.2019983E-04         1.0000000E+30            183549       
 NEXT SEEDS:221C3C28       7       0       0       0       0   181CD    3039       0       0
    7200000               2800000               2800000             2.2059377E-04         1.0000000E+30            188808       
 NEXT SEEDS:2EFB4A9E       7       0       0       0       0   181CD    3039       0       0
    7400000               2600000               2600000             2.2013510E-04         1.0000000E+30            194095       
 NEXT SEEDS:  50CB14       8       0       0       0       0   181CD    3039       0       0
    7600000               2400000               2400000             2.2010946E-04         1.0000000E+30            199374       
 NEXT SEEDS: D3C196D       8       0       0       0       0   181CD    3039       0       0
    7800000               2200000               2200000             2.2007102E-04         1.0000000E+30            204552       
 NEXT SEEDS:1A1BC0D8       8       0       0       0       0   181CD    3039       0       0
    8000000               2000000               2000000             2.2044220E-04         1.0000000E+30            209765       
 NEXT SEEDS:2707E1D4       8       0       0       0       0   181CD    3039       0       0
    8200000               1800000               1800000             2.2041005E-04         1.0000000E+30            215070       
 NEXT SEEDS:33F9BA13       8       0       0       0       0   181CD    3039       0       0
    8400000               1600000               1600000             2.2038238E-04         1.0000000E+30            220315       
 NEXT SEEDS: 54DCD14       9       0       0       0       0   181CD    3039       0       0
    8600000               1400000               1400000             2.2016878E-04         1.0000000E+30            225642       
 NEXT SEEDS:12364B9F       9       0       0       0       0   181CD    3039       0       0
    8800000               1200000               1200000             2.2032465E-04         1.0000000E+30            230894       
 NEXT SEEDS:1F23C17C       9       0       0       0       0   181CD    3039       0       0
    9000000               1000000               1000000             2.2030399E-04         1.0000000E+30            236284       
 NEXT SEEDS:2C18993E       9       0       0       0       0   181CD    3039       0       0
    9200000                800000                800000             2.2030194E-04         1.0000000E+30            241545       
 NEXT SEEDS:3900C1AE       9       0       0       0       0   181CD    3039       0       0
    9400000                600000                600000             2.2031071E-04         1.0000000E+30            246868       
 NEXT SEEDS: A4E0A50       A       0       0       0       0   181CD    3039       0       0
    9600000                400000                400000             2.2038510E-04         1.0000000E+30            252133       
 NEXT SEEDS:17377949       A       0       0       0       0   181CD    3039       0       0
    9800000                200000                200000             2.2038743E-04         1.0000000E+30            257414       
 NEXT SEEDS:241A611B       A       0       0       0       0   181CD    3039       0       0
    9999950                    50                    50             2.2039895E-04         1.0000000E+30            262774       
 NEXT SEEDS:3101157B       A       0       0       0       0   181CD    3039       0       0
    9999951                    49                    49             2.2039908E-04         1.0000000E+30            262774       
 NEXT SEEDS:31011C66       A       0       0       0       0   181CD    3039       0       0
    9999952                    48                    48             2.2039915E-04         1.0000000E+30            262774       
 NEXT SEEDS:31012167       A       0       0       0       0   181CD    3039       0       0
    9999953                    47                    47             2.2039913E-04         1.0000000E+30            262774       
 NEXT SEEDS:310125D9       A       0       0       0       0   181CD    3039       0       0
    9999954                    46                    46             2.2039911E-04         1.0000000E+30            262774       
 NEXT SEEDS:31012799       A       0       0       0       0   181CD    3039       0       0
    9999955                    45                    45             2.2039909E-04         1.0000000E+30            262774       
 NEXT SEEDS:31012DE3       A       0       0       0       0   181CD    3039       0       0
    9999956                    44                    44             2.2039906E-04         1.0000000E+30            262774       
 NEXT SEEDS:31013101       A       0       0       0       0   181CD    3039       0       0
    9999957                    43                    43             2.2039909E-04         1.0000000E+30            262774       
 NEXT SEEDS:310132AE       A       0       0       0       0   181CD    3039       0       0
    9999958                    42                    42             2.2039919E-04         1.0000000E+30            262774       
 NEXT SEEDS:31013903       A       0       0       0       0   181CD    3039       0       0
    9999959                    41                    41             2.2039924E-04         1.0000000E+30            262774       
 NEXT SEEDS:31013B25       A       0       0       0       0   181CD    3039       0       0
    9999960                    40                    40             2.2039934E-04         1.0000000E+30            262774       
 NEXT SEEDS:310142C9       A       0       0       0       0   181CD    3039       0       0
    9999961                    39                    39             2.2039942E-04         1.0000000E+30            262774       
 NEXT SEEDS:310146F6       A       0       0       0       0   181CD    3039       0       0
    9999962                    38                    38             2.2039954E-04         1.0000000E+30            262774       
 NEXT SEEDS:31014F00       A       0       0       0       0   181CD    3039       0       0
    9999963                    37                    37             2.2039964E-04         1.0000000E+30            262774       
 NEXT SEEDS:310153DD       A       0       0       0       0   181CD    3039       0       0
    9999964                    36                    36             2.2039969E-04         1.0000000E+30            262774       
 NEXT SEEDS:3101579F       A       0       0       0       0   181CD    3039       0       0
    9999965                    35                    35             2.2039974E-04         1.0000000E+30            262774       
 NEXT SEEDS:31015989       A       0       0       0       0   181CD    3039       0       0
    9999966                    34                    34             2.2039980E-04         1.0000000E+30            262774       
 NEXT SEEDS:31015B2C       A       0       0       0       0   181CD    3039       0       0
    9999967                    33                    33             2.2039982E-04         1.0000000E+30            262774       
 NEXT SEEDS:31015D66       A       0       0       0       0   181CD    3039       0       0
    9999968                    32                    32             2.2039990E-04         1.0000000E+30            262774       
 NEXT SEEDS:3101609C       A       0       0       0       0   181CD    3039       0       0
    9999969                    31                    31             2.2039995E-04         1.0000000E+30            262774       
 NEXT SEEDS:3101647D       A       0       0       0       0   181CD    3039       0       0
    9999970                    30                    30             2.2040005E-04         1.0000000E+30            262774       
 NEXT SEEDS:31016A2F       A       0       0       0       0   181CD    3039       0       0
    9999971                    29                    29             2.2040010E-04         1.0000000E+30            262774       
 NEXT SEEDS:31016D39       A       0       0       0       0   181CD    3039       0       0
    9999972                    28                    28             2.2040013E-04         1.0000000E+30            262774       
 NEXT SEEDS:31016DD0       A       0       0       0       0   181CD    3039       0       0
    9999973                    27                    27             2.2040015E-04         1.0000000E+30            262774       
 NEXT SEEDS:31016EC1       A       0       0       0       0   181CD    3039       0       0
    9999974                    26                    26             2.2040023E-04         1.0000000E+30            262774       
 NEXT SEEDS:310173DA       A       0       0       0       0   181CD    3039       0       0
    9999975                    25                    25             2.2040030E-04         1.0000000E+30            262774       
 NEXT SEEDS:3101782D       A       0       0       0       0   181CD    3039       0       0
    9999976                    24                    24             2.2040043E-04         1.0000000E+30            262774       
 NEXT SEEDS:3101800E       A       0       0       0       0   181CD    3039       0       0
    9999977                    23                    23             2.2040051E-04         1.0000000E+30            262774       
 NEXT SEEDS:3101853C       A       0       0       0       0   181CD    3039       0       0
    9999978                    22                    22             2.2040056E-04         1.0000000E+30            262774       
 NEXT SEEDS:3101883B       A       0       0       0       0   181CD    3039       0       0
    9999979                    21                    21             2.2040063E-04         1.0000000E+30            262774       
 NEXT SEEDS:31018B08       A       0       0       0       0   181CD    3039       0       0
    9999980                    20                    20             2.2040068E-04         1.0000000E+30            262774       
 NEXT SEEDS:31018CD9       A       0       0       0       0   181CD    3039       0       0
    9999981                    19                    19             2.2040073E-04         1.0000000E+30            262774       
 NEXT SEEDS:31018FF3       A       0       0       0       0   181CD    3039       0       0
    9999982                    18                    18             2.2040079E-04         1.0000000E+30            262774       
 NEXT SEEDS:31019409       A       0       0       0       0   181CD    3039       0       0
    9999983                    17                    17             2.2040086E-04         1.0000000E+30            262774       
 NEXT SEEDS:3101975E       A       0       0       0       0   181CD    3039       0       0
    9999984                    16                    16             2.2040089E-04         1.0000000E+30            262774       
 NEXT SEEDS:310198AA       A       0       0       0       0   181CD    3039       0       0
    9999985                    15                    15             2.2040096E-04         1.0000000E+30            262774       
 NEXT SEEDS:31019CAF       A       0       0       0       0   181CD    3039       0       0
    9999986                    14                    14             2.2040101E-04         1.0000000E+30            262774       
 NEXT SEEDS:31019F0B       A       0       0       0       0   181CD    3039       0       0
    9999987                    13                    13             2.2040111E-04         1.0000000E+30            262774       
 NEXT SEEDS:3101A59C       A       0       0       0       0   181CD    3039       0       0
    9999988                    12                    12             2.2040114E-04         1.0000000E+30            262774       
 NEXT SEEDS:3101A73F       A       0       0       0       0   181CD    3039       0       0
    9999989                    11                    11             2.2040122E-04         1.0000000E+30            262774       
 NEXT SEEDS:3101AACE       A       0       0       0       0   181CD    3039       0       0
    9999990                    10                    10             2.2040124E-04         1.0000000E+30            262774       
 NEXT SEEDS:3101ABD4       A       0       0       0       0   181CD    3039       0       0
    9999991                     9                     9             2.2040130E-04         1.0000000E+30            262774       
 NEXT SEEDS:3101AE81       A       0       0       0       0   181CD    3039       0       0
    9999992                     8                     8             2.2040135E-04         1.0000000E+30            262774       
 NEXT SEEDS:3101B1D3       A       0       0       0       0   181CD    3039       0       0
    9999993                     7                     7             2.2040140E-04         1.0000000E+30            262774       
 NEXT SEEDS:3101B3DE       A       0       0       0       0   181CD    3039       0       0
    9999994                     6                     6             2.2040145E-04         1.0000000E+30            262774       
 NEXT SEEDS:3101B581       A       0       0       0       0   181CD    3039       0       0
    9999995                     5                     5             2.2040150E-04         1.0000000E+30            262774       
 NEXT SEEDS:3101B89F       A       0       0       0       0   181CD    3039       0       0
    9999996                     4                     4             2.2040160E-04         1.0000000E+30            262774       
 NEXT SEEDS:3101BF4C       A       0       0       0       0   181CD    3039       0       0
    9999997                     3                     3             2.2040165E-04         1.0000000E+30            262774       
 NEXT SEEDS:3101C253       A       0       0       0       0   181CD    3039       0       0
    9999998                     2                     2             2.2040173E-04         1.0000000E+30            262774       
 NEXT SEEDS:3101C6CE       A       0       0       0       0   181CD    3039       0       0
    9999999                     1                     1             2.2040180E-04         1.0000000E+30            262774       
 NEXT SEEDS:3101CB02       A       0       0       0       0   181CD    3039       0       0
   10000000                     0                     1             2.2040188E-04         1.0000000E+30            262774       
 NEXT SEEDS:3101CF50       A       0       0       0       0   181CD    3039       0       0
