1NUMBER OF BEAM       NUMBER OF BEAM        APPROXIMATE NUMBER    AVERAGE TIME USED     TIME LEFT (RESERVED   NUMBER OF STARS
 PARTICLES HANDLED    PARTICLES LEFT        OF BEAM PARTICLES     BY A BEAM PARTICLE     10000.0 SECONDS      CREATED
                                            THAT CAN STILL BE                           FOR PRINTOUT)
                                            HANDLED

 NEXT SEEDS:       0       0       0       0       0       0   181CD    3039       0       0
          1              16666665              16666665             1.9969940E-03         1.0000000E+30                 1       
 NEXT SEEDS:    15B5       0       0       0       0       0   181CD    3039       0       0
     300000              16366666              16366666             3.3997847E-04         1.0000000E+30             14246       
 NEXT SEEDS:185FFA17       0       0       0       0       0   181CD    3039       0       0
     600000              16066666              16066666             3.3978229E-04         1.0000000E+30             28379       
 NEXT SEEDS:30B614F4       0       0       0       0       0   181CD    3039       0       0
     900000              15766666              15766666             3.3998047E-04         1.0000000E+30             42702       
 NEXT SEEDS: D91F13B       1       0       0       0       0   181CD    3039       0       0
    1200000              15466666              15466666             3.4122859E-04         1.0000000E+30             57009       
 NEXT SEEDS:2607D33C       1       0       0       0       0   181CD    3039       0       0
    1500000              15166666              15166666             3.4111328E-04         1.0000000E+30             71126       
 NEXT SEEDS: 2C8B5E1       2       0       0       0       0   181CD    3039       0       0
    1800000              14866666              14866666             3.4114238E-04         1.0000000E+30             85366       
 NEXT SEEDS:1B2D17C4       2       0       0       0       0   181CD    3039       0       0
    2100000              14566666              14566666             3.4122620E-04         1.0000000E+30             99787       
 NEXT SEEDS:33A6F308       2       0       0       0       0   181CD    3039       0       0
    2400000              14266666              14266666             3.4124980E-04         1.0000000E+30            114036       
 NEXT SEEDS:10735702       3       0       0       0       0   181CD    3039       0       0
    2700000              13966666              13966666             3.4114364E-04         1.0000000E+30            128172       
 NEXT SEEDS:28C51F69       3       0       0       0       0   181CD    3039       0       0
    3000000              13666666              13666666             3.4132365E-04         1.0000000E+30            142622       
 NEXT SEEDS: 5A40F4A       4       0       0       0       0   181CD    3039       0       0
    3300000              13366666              13366666             3.4133186E-04         1.0000000E+30            156742       
 NEXT SEEDS:1E077045       4       0       0       0       0   181CD    3039       0       0
    3600000              13066666              13066666             3.4133162E-04         1.0000000E+30            171063       
 NEXT SEEDS:367302F2       4       0       0       0       0   181CD    3039       0       0
    3900000              12766666              12766666             3.4131489E-04         1.0000000E+30            185432       
 NEXT SEEDS:133DA76C       5       0       0       0       0   181CD    3039       0       0
    4200000              12466666              12466666             3.4143340E-04         1.0000000E+30            199909       
 NEXT SEEDS:2BBAB4DC       5       0       0       0       0   181CD    3039       0       0
 COUSET, TXYZ:   1.00000000002413     -0.517754423418665      0.855529284758081    
    4500000              12166666              12166666             3.4147133E-04         1.0000000E+30            214277       
 NEXT SEEDS: 88F583E       6       0       0       0       0   181CD    3039       0       0
    4800000              11866666              11866666             3.4145531E-04         1.0000000E+30            228571       
 NEXT SEEDS:20F3BE90       6       0       0       0       0   181CD    3039       0       0
    5100000              11566666              11566666             3.4141726E-04         1.0000000E+30            242749       
 NEXT SEEDS:3948B154       6       0       0       0       0   181CD    3039       0       0
    5400000              11266666              11266666             3.4135064E-04         1.0000000E+30            256776       
 NEXT SEEDS:15FA7432       7       0       0       0       0   181CD    3039       0       0
    5700000              10966666              10966666             3.4126724E-04         1.0000000E+30            270838       
 NEXT SEEDS:2E4409B8       7       0       0       0       0   181CD    3039       0       0
    6000000              10666666              10666666             3.4119680E-04         1.0000000E+30            284892       
 NEXT SEEDS: AF52508       8       0       0       0       0   181CD    3039       0       0
    6300000              10366666              10366666             3.4117104E-04         1.0000000E+30            299160       
 NEXT SEEDS:234D470F       8       0       0       0       0   181CD    3039       0       0
    6600000              10066666              10066666             3.4140253E-04         1.0000000E+30            313607       
 NEXT SEEDS:  2BBAFD       9       0       0       0       0   181CD    3039       0       0
    6900000               9766666               9766666             3.4166718E-04         1.0000000E+30            327743       
 NEXT SEEDS:188AE36F       9       0       0       0       0   181CD    3039       0       0
    7200000               9466666               9466666             3.4168059E-04         1.0000000E+30            342109       
 NEXT SEEDS:30F3F5E8       9       0       0       0       0   181CD    3039       0       0
    7500000               9166666               9166666             3.4165259E-04         1.0000000E+30            356310       
 NEXT SEEDS: DBC3DDA       A       0       0       0       0   181CD    3039       0       0
    7800000               8866666               8866666             3.4167354E-04         1.0000000E+30            370645       
 NEXT SEEDS:26359C15       A       0       0       0       0   181CD    3039       0       0
    8100000               8566666               8566666             3.4164194E-04         1.0000000E+30            384878       
 NEXT SEEDS: 2EFE542       B       0       0       0       0   181CD    3039       0       0
    8400000               8266666               8266666             3.4169351E-04         1.0000000E+30            399295       
 NEXT SEEDS:1B81F13A       B       0       0       0       0   181CD    3039       0       0
    8700000               7966666               7966666             3.4165136E-04         1.0000000E+30            413524       
 NEXT SEEDS:33D5A249       B       0       0       0       0   181CD    3039       0       0
    9000000               7666666               7666666             3.4162162E-04         1.0000000E+30            427804       
 NEXT SEEDS:108FC624       C       0       0       0       0   181CD    3039       0       0
    9300000               7366666               7366666             3.4159927E-04         1.0000000E+30            442131       
 NEXT SEEDS:28ECAE7E       C       0       0       0       0   181CD    3039       0       0
    9600000               7066666               7066666             3.4164811E-04         1.0000000E+30            456750       
 NEXT SEEDS: 5E02988       D       0       0       0       0   181CD    3039       0       0
    9900000               6766666               6766666             3.4164998E-04         1.0000000E+30            471149       
 NEXT SEEDS:1E4CAC7C       D       0       0       0       0   181CD    3039       0       0
   10200000               6466666               6466666             3.4174179E-04         1.0000000E+30            485469       
 NEXT SEEDS:36B9C2C0       D       0       0       0       0   181CD    3039       0       0
   10500000               6166666               6166666             3.4172609E-04         1.0000000E+30            499625       
 NEXT SEEDS:13810FBB       E       0       0       0       0   181CD    3039       0       0
   10800000               5866666               5866666             3.4170047E-04         1.0000000E+30            513853       
 NEXT SEEDS:2BDF11A6       E       0       0       0       0   181CD    3039       0       0
   11100000               5566666               5566666             3.4169290E-04         1.0000000E+30            528145       
 NEXT SEEDS: 8AA7071       F       0       0       0       0   181CD    3039       0       0
   11400000               5266666               5266666             3.4166738E-04         1.0000000E+30            542213       
 NEXT SEEDS:21022FC3       F       0       0       0       0   181CD    3039       0       0
   11700000               4966666               4966666             3.4167169E-04         1.0000000E+30            556482       
 NEXT SEEDS:3973F8F3       F       0       0       0       0   181CD    3039       0       0
   12000000               4666666               4666666             3.4165689E-04         1.0000000E+30            570683       
 NEXT SEEDS:16387EC8      10       0       0       0       0   181CD    3039       0       0
   12300000               4366666               4366666             3.4167075E-04         1.0000000E+30            585120       
 NEXT SEEDS:2EADAEB5      10       0       0       0       0   181CD    3039       0       0
   12600000               4066666               4066666             3.4168150E-04         1.0000000E+30            599370       
 NEXT SEEDS: B88711A      11       0       0       0       0   181CD    3039       0       0
   12900000               3766666               3766666             3.4164822E-04         1.0000000E+30            613602       
 NEXT SEEDS:23D694DA      11       0       0       0       0   181CD    3039       0       0
   13200000               3466666               3466666             3.4165759E-04         1.0000000E+30            628014       
 NEXT SEEDS:  AEA308      12       0       0       0       0   181CD    3039       0       0
   13500000               3166666               3166666             3.4168576E-04         1.0000000E+30            642435       
 NEXT SEEDS:192ACA94      12       0       0       0       0   181CD    3039       0       0
 COUSET, TXYZ:   1.00000000000592     -0.645455393057760      0.763797967779764    
   13800000               2866666               2866666             3.4168870E-04         1.0000000E+30            656769       
 NEXT SEEDS:31975790      12       0       0       0       0   181CD    3039       0       0
   14100000               2566666               2566666             3.4168345E-04         1.0000000E+30            671009       
 NEXT SEEDS: E5D16B2      13       0       0       0       0   181CD    3039       0       0
   14400000               2266666               2266666             3.4167100E-04         1.0000000E+30            685206       
 NEXT SEEDS:26B6BB77      13       0       0       0       0   181CD    3039       0       0
   14700000               1966666               1966666             3.4170041E-04         1.0000000E+30            699682       
 NEXT SEEDS: 3A6B473      14       0       0       0       0   181CD    3039       0       0
   15000000               1666666               1666666             3.4170621E-04         1.0000000E+30            714079       
 NEXT SEEDS:1C1791C4      14       0       0       0       0   181CD    3039       0       0
   15300000               1366666               1366666             3.4170585E-04         1.0000000E+30            728480       
 NEXT SEEDS:348FC5C2      14       0       0       0       0   181CD    3039       0       0
   15600000               1066666               1066666             3.4171104E-04         1.0000000E+30            742972       
 NEXT SEEDS:11707B21      15       0       0       0       0   181CD    3039       0       0
   15900000                766666                766666             3.4168192E-04         1.0000000E+30            757142       
 NEXT SEEDS:29B8334C      15       0       0       0       0   181CD    3039       0       0
   16200000                466666                466666             3.4166410E-04         1.0000000E+30            771455       
 NEXT SEEDS: 67A860D      16       0       0       0       0   181CD    3039       0       0
   16500000                166666                166666             3.4162819E-04         1.0000000E+30            785553       
 NEXT SEEDS:1EBD260B      16       0       0       0       0   181CD    3039       0       0
   16666616                    50                    50             3.4162712E-04         1.0000000E+30            793508       
 NEXT SEEDS:2C52EB1E      16       0       0       0       0   181CD    3039       0       0
   16666617                    49                    49             3.4162712E-04         1.0000000E+30            793508       
 NEXT SEEDS:2C52EEB3      16       0       0       0       0   181CD    3039       0       0
   16666618                    48                    48             3.4162728E-04         1.0000000E+30            793509       
 NEXT SEEDS:2C53206A      16       0       0       0       0   181CD    3039       0       0
   16666619                    47                    47             3.4162729E-04         1.0000000E+30            793509       
 NEXT SEEDS:2C53242D      16       0       0       0       0   181CD    3039       0       0
   16666620                    46                    46             3.4162727E-04         1.0000000E+30            793509       
 NEXT SEEDS:2C5326D2      16       0       0       0       0   181CD    3039       0       0
   16666621                    45                    45             3.4162728E-04         1.0000000E+30            793509       
 NEXT SEEDS:2C5329FF      16       0       0       0       0   181CD    3039       0       0
   16666622                    44                    44             3.4162729E-04         1.0000000E+30            793509       
 NEXT SEEDS:2C532D82      16       0       0       0       0   181CD    3039       0       0
   16666623                    43                    43             3.4162729E-04         1.0000000E+30            793509       
 NEXT SEEDS:2C532FE5      16       0       0       0       0   181CD    3039       0       0
   16666624                    42                    42             3.4162727E-04         1.0000000E+30            793509       
 NEXT SEEDS:2C53330F      16       0       0       0       0   181CD    3039       0       0
   16666625                    41                    41             3.4162728E-04         1.0000000E+30            793509       
 NEXT SEEDS:2C533793      16       0       0       0       0   181CD    3039       0       0
   16666626                    40                    40             3.4162729E-04         1.0000000E+30            793509       
 NEXT SEEDS:2C533CBF      16       0       0       0       0   181CD    3039       0       0
   16666627                    39                    39             3.4162745E-04         1.0000000E+30            793510       
 NEXT SEEDS:2C5367B5      16       0       0       0       0   181CD    3039       0       0
   16666628                    38                    38             3.4162746E-04         1.0000000E+30            793510       
 NEXT SEEDS:2C536C8D      16       0       0       0       0   181CD    3039       0       0
   16666629                    37                    37             3.4162746E-04         1.0000000E+30            793510       
 NEXT SEEDS:2C536E80      16       0       0       0       0   181CD    3039       0       0
   16666630                    36                    36             3.4162747E-04         1.0000000E+30            793510       
 NEXT SEEDS:2C537275      16       0       0       0       0   181CD    3039       0       0
   16666631                    35                    35             3.4162748E-04         1.0000000E+30            793510       
 NEXT SEEDS:2C53745C      16       0       0       0       0   181CD    3039       0       0
   16666632                    34                    34             3.4162746E-04         1.0000000E+30            793510       
 NEXT SEEDS:2C53776D      16       0       0       0       0   181CD    3039       0       0
   16666633                    33                    33             3.4162747E-04         1.0000000E+30            793510       
 NEXT SEEDS:2C537C29      16       0       0       0       0   181CD    3039       0       0
   16666634                    32                    32             3.4162748E-04         1.0000000E+30            793510       
 NEXT SEEDS:2C53801D      16       0       0       0       0   181CD    3039       0       0
   16666635                    31                    31             3.4162749E-04         1.0000000E+30            793510       
 NEXT SEEDS:2C538441      16       0       0       0       0   181CD    3039       0       0
   16666636                    30                    30             3.4162758E-04         1.0000000E+30            793511       
 NEXT SEEDS:2C539F52      16       0       0       0       0   181CD    3039       0       0
   16666637                    29                    29             3.4162759E-04         1.0000000E+30            793511       
 NEXT SEEDS:2C53A269      16       0       0       0       0   181CD    3039       0       0
   16666638                    28                    28             3.4162757E-04         1.0000000E+30            793511       
 NEXT SEEDS:2C53A512      16       0       0       0       0   181CD    3039       0       0
   16666639                    27                    27             3.4162758E-04         1.0000000E+30            793511       
 NEXT SEEDS:2C53A88F      16       0       0       0       0   181CD    3039       0       0
   16666640                    26                    26             3.4162759E-04         1.0000000E+30            793511       
 NEXT SEEDS:2C53AC80      16       0       0       0       0   181CD    3039       0       0
   16666641                    25                    25             3.4162760E-04         1.0000000E+30            793511       
 NEXT SEEDS:2C53B1D9      16       0       0       0       0   181CD    3039       0       0
   16666642                    24                    24             3.4162761E-04         1.0000000E+30            793511       
 NEXT SEEDS:2C53B84A      16       0       0       0       0   181CD    3039       0       0
   16666643                    23                    23             3.4162762E-04         1.0000000E+30            793511       
 NEXT SEEDS:2C53BD7B      16       0       0       0       0   181CD    3039       0       0
   16666644                    22                    22             3.4162763E-04         1.0000000E+30            793511       
 NEXT SEEDS:2C53C02A      16       0       0       0       0   181CD    3039       0       0
   16666645                    21                    21             3.4162763E-04         1.0000000E+30            793511       
 NEXT SEEDS:2C53C4AB      16       0       0       0       0   181CD    3039       0       0
   16666646                    20                    20             3.4162764E-04         1.0000000E+30            793511       
 NEXT SEEDS:2C53C82E      16       0       0       0       0   181CD    3039       0       0
   16666647                    19                    19             3.4162765E-04         1.0000000E+30            793511       
 NEXT SEEDS:2C53CCA7      16       0       0       0       0   181CD    3039       0       0
   16666648                    18                    18             3.4162766E-04         1.0000000E+30            793511       
 NEXT SEEDS:2C53D158      16       0       0       0       0   181CD    3039       0       0
   16666649                    17                    17             3.4162767E-04         1.0000000E+30            793511       
 NEXT SEEDS:2C53D5E5      16       0       0       0       0   181CD    3039       0       0
   16666650                    16                    16             3.4162765E-04         1.0000000E+30            793511       
 NEXT SEEDS:2C53D902      16       0       0       0       0   181CD    3039       0       0
   16666651                    15                    15             3.4162766E-04         1.0000000E+30            793511       
 NEXT SEEDS:2C53DD31      16       0       0       0       0   181CD    3039       0       0
   16666652                    14                    14             3.4162767E-04         1.0000000E+30            793511       
 NEXT SEEDS:2C53E129      16       0       0       0       0   181CD    3039       0       0
   16666653                    13                    13             3.4162768E-04         1.0000000E+30            793511       
 NEXT SEEDS:2C53E6A3      16       0       0       0       0   181CD    3039       0       0
   16666654                    12                    12             3.4162768E-04         1.0000000E+30            793511       
 NEXT SEEDS:2C53EA3A      16       0       0       0       0   181CD    3039       0       0
   16666655                    11                    11             3.4162769E-04         1.0000000E+30            793511       
 NEXT SEEDS:2C53EF26      16       0       0       0       0   181CD    3039       0       0
   16666656                    10                    10             3.4162770E-04         1.0000000E+30            793511       
 NEXT SEEDS:2C53F3F8      16       0       0       0       0   181CD    3039       0       0
   16666657                     9                     9             3.4162786E-04         1.0000000E+30            793512       
 NEXT SEEDS:2C542092      16       0       0       0       0   181CD    3039       0       0
   16666658                     8                     8             3.4162801E-04         1.0000000E+30            793513       
 NEXT SEEDS:2C54517A      16       0       0       0       0   181CD    3039       0       0
   16666659                     7                     7             3.4162802E-04         1.0000000E+30            793513       
 NEXT SEEDS:2C5453B3      16       0       0       0       0   181CD    3039       0       0
   16666660                     6                     6             3.4162803E-04         1.0000000E+30            793513       
 NEXT SEEDS:2C54560F      16       0       0       0       0   181CD    3039       0       0
   16666661                     5                     5             3.4162804E-04         1.0000000E+30            793513       
 NEXT SEEDS:2C5459AD      16       0       0       0       0   181CD    3039       0       0
   16666662                     4                     4             3.4162805E-04         1.0000000E+30            793513       
 NEXT SEEDS:2C545F50      16       0       0       0       0   181CD    3039       0       0
   16666663                     3                     3             3.4162806E-04         1.0000000E+30            793513       
 NEXT SEEDS:2C546359      16       0       0       0       0   181CD    3039       0       0
   16666664                     2                     2             3.4162807E-04         1.0000000E+30            793513       
 NEXT SEEDS:2C546869      16       0       0       0       0   181CD    3039       0       0
   16666665                     1                     1             3.4162807E-04         1.0000000E+30            793513       
 NEXT SEEDS:2C546E8C      16       0       0       0       0   181CD    3039       0       0
   16666666                     0                     1             3.4162808E-04         1.0000000E+30            793513       
 NEXT SEEDS:2C5474C5      16       0       0       0       0   181CD    3039       0       0
