1NUMBER OF BEAM       NUMBER OF BEAM        APPROXIMATE NUMBER    AVERAGE TIME USED     TIME LEFT (RESERVED   NUMBER OF STARS
 PARTICLES HANDLED    PARTICLES LEFT        OF BEAM PARTICLES     BY A BEAM PARTICLE     10000.0 SECONDS      CREATED
                                            THAT CAN STILL BE                           FOR PRINTOUT)
                                            HANDLED

 NEXT SEEDS:       0       0       0       0       0       0   181CD    3039       0       0
          1              24999999              24999999             1.3103485E-03         1.0000000E+30                 0       
 NEXT SEEDS:     287       0       0       0       0       0   181CD    3039       0       0
     500000              24500000              24500000             2.5274034E-04         1.0000000E+30             16386       
 NEXT SEEDS:1B08113C       0       0       0       0       0   181CD    3039       0       0
    1000000              24000000              24000000             2.5387919E-04         1.0000000E+30             32812       
 NEXT SEEDS:3619E85C       0       0       0       0       0   181CD    3039       0       0
    1500000              23500000              23500000             2.5684605E-04         1.0000000E+30             49146       
 NEXT SEEDS:15850877       1       0       0       0       0   181CD    3039       0       0
    2000000              23000000              23000000             2.5666762E-04         1.0000000E+30             65460       
 NEXT SEEDS:30878C97       1       0       0       0       0   181CD    3039       0       0
    2500000              22500000              22500000             2.5584855E-04         1.0000000E+30             81741       
 NEXT SEEDS: FE594C8       2       0       0       0       0   181CD    3039       0       0
    3000000              22000000              22000000             2.5482452E-04         1.0000000E+30             97991       
 NEXT SEEDS:2AE0FB18       2       0       0       0       0   181CD    3039       0       0
    3500000              21500000              21500000             2.5531898E-04         1.0000000E+30            114074       
 NEXT SEEDS: A2D5950       3       0       0       0       0   181CD    3039       0       0
    4000000              21000000              21000000             2.5646882E-04         1.0000000E+30            130481       
 NEXT SEEDS:253BF555       3       0       0       0       0   181CD    3039       0       0
    4500000              20500000              20500000             2.5939318E-04         1.0000000E+30            146898       
 NEXT SEEDS: 4BAF1D7       4       0       0       0       0   181CD    3039       0       0
    5000000              20000000              20000000             2.5901937E-04         1.0000000E+30            162894       
 NEXT SEEDS:1FA3B2AA       4       0       0       0       0   181CD    3039       0       0
    5500000              19500000              19500000             2.5867497E-04         1.0000000E+30            179356       
 NEXT SEEDS:3AB84D91       4       0       0       0       0   181CD    3039       0       0
    6000000              19000000              19000000             2.5843024E-04         1.0000000E+30            195613       
 NEXT SEEDS:1A092EE8       5       0       0       0       0   181CD    3039       0       0
    6500000              18500000              18500000             2.5861845E-04         1.0000000E+30            211724       
 NEXT SEEDS:34FE0DCB       5       0       0       0       0   181CD    3039       0       0
    7000000              18000000              18000000             2.5899031E-04         1.0000000E+30            227928       
 NEXT SEEDS:146A16DB       6       0       0       0       0   181CD    3039       0       0
    7500000              17500000              17500000             2.5876382E-04         1.0000000E+30            244403       
 NEXT SEEDS:2F81AD12       6       0       0       0       0   181CD    3039       0       0
    8000000              17000000              17000000             2.5892594E-04         1.0000000E+30            260693       
 NEXT SEEDS: EEA7D30       7       0       0       0       0   181CD    3039       0       0
 COUSET, TXYZ:   1.00000000000514     -0.666195593369971      0.745777065472457    
    8500000              16500000              16500000             2.5866901E-04         1.0000000E+30            276989       
 NEXT SEEDS:29F0C98D       7       0       0       0       0   181CD    3039       0       0
    9000000              16000000              16000000             2.5916206E-04         1.0000000E+30            293445       
 NEXT SEEDS: 9831ECF       8       0       0       0       0   181CD    3039       0       0
    9500000              15500000              15500000             2.5869624E-04         1.0000000E+30            309623       
 NEXT SEEDS:247B287B       8       0       0       0       0   181CD    3039       0       0
   10000000              15000000              15000000             2.5885662E-04         1.0000000E+30            326094       
 NEXT SEEDS: 3FCF35A       9       0       0       0       0   181CD    3039       0       0
   10500000              14500000              14500000             2.5899547E-04         1.0000000E+30            342338       
 NEXT SEEDS:1EF608B9       9       0       0       0       0   181CD    3039       0       0
   11000000              14000000              14000000             2.5912021E-04         1.0000000E+30            358763       
 NEXT SEEDS:3A06BD87       9       0       0       0       0   181CD    3039       0       0
   11500000              13500000              13500000             2.5868884E-04         1.0000000E+30            375331       
 NEXT SEEDS:198753FB       A       0       0       0       0   181CD    3039       0       0
   12000000              13000000              13000000             2.5905976E-04         1.0000000E+30            391710       
 NEXT SEEDS:3496D3AA       A       0       0       0       0   181CD    3039       0       0
   12500000              12500000              12500000             2.5932928E-04         1.0000000E+30            408067       
 NEXT SEEDS:14038C5E       B       0       0       0       0   181CD    3039       0       0
   13000000              12000000              12000000             2.5925783E-04         1.0000000E+30            424257       
 NEXT SEEDS:2EFB7F2F       B       0       0       0       0   181CD    3039       0       0
 COUSET, TXYZ:  0.999999999993018     -0.740141035407116      0.672451669410165    
   13500000              11500000              11500000             2.5939403E-04         1.0000000E+30            440759       
 NEXT SEEDS: E80C157       C       0       0       0       0   181CD    3039       0       0
   14000000              11000000              11000000             2.5925858E-04         1.0000000E+30            457056       
 NEXT SEEDS:297E7211       C       0       0       0       0   181CD    3039       0       0
   14500000              10500000              10500000             2.5934097E-04         1.0000000E+30            473397       
 NEXT SEEDS: 8E862FC       D       0       0       0       0   181CD    3039       0       0
   15000000              10000000              10000000             2.5936782E-04         1.0000000E+30            489693       
 NEXT SEEDS:23E91333       D       0       0       0       0   181CD    3039       0       0
   15500000               9500000               9500000             2.5973806E-04         1.0000000E+30            505999       
 NEXT SEEDS: 36558F6       E       0       0       0       0   181CD    3039       0       0
   16000000               9000000               9000000             2.5959127E-04         1.0000000E+30            522433       
 NEXT SEEDS:1E795234       E       0       0       0       0   181CD    3039       0       0
   16500000               8500000               8500000             2.5944554E-04         1.0000000E+30            538733       
 NEXT SEEDS:39864222       E       0       0       0       0   181CD    3039       0       0
   17000000               8000000               8000000             2.5953704E-04         1.0000000E+30            555193       
 NEXT SEEDS:1900B191       F       0       0       0       0   181CD    3039       0       0
   17500000               7500000               7500000             2.5972158E-04         1.0000000E+30            571463       
 NEXT SEEDS:340C32D5       F       0       0       0       0   181CD    3039       0       0
   18000000               7000000               7000000             2.5985909E-04         1.0000000E+30            587615       
 NEXT SEEDS:13649D19      10       0       0       0       0   181CD    3039       0       0
   18500000               6500000               6500000             2.5990328E-04         1.0000000E+30            603804       
 NEXT SEEDS:2E4A7F4E      10       0       0       0       0   181CD    3039       0       0
   19000000               6000000               6000000             2.5981236E-04         1.0000000E+30            620219       
 NEXT SEEDS: DBB02E7      11       0       0       0       0   181CD    3039       0       0
   19500000               5500000               5500000             2.5970131E-04         1.0000000E+30            636494       
 NEXT SEEDS:28B4972D      11       0       0       0       0   181CD    3039       0       0
   20000000               5000000               5000000             2.5974457E-04         1.0000000E+30            652765       
 NEXT SEEDS: 8208B27      12       0       0       0       0   181CD    3039       0       0
   20500000               4500000               4500000             2.5985663E-04         1.0000000E+30            669030       
 NEXT SEEDS:231C1A96      12       0       0       0       0   181CD    3039       0       0
   21000000               4000000               4000000             2.5984697E-04         1.0000000E+30            685406       
 NEXT SEEDS: 2942D70      13       0       0       0       0   181CD    3039       0       0
   21500000               3500000               3500000             2.5991539E-04         1.0000000E+30            702050       
 NEXT SEEDS:1DD338D3      13       0       0       0       0   181CD    3039       0       0
   22000000               3000000               3000000             2.5993649E-04         1.0000000E+30            718084       
 NEXT SEEDS:38B5FDDE      13       0       0       0       0   181CD    3039       0       0
   22500000               2500000               2500000             2.5999077E-04         1.0000000E+30            734484       
 NEXT SEEDS:182F4323      14       0       0       0       0   181CD    3039       0       0
   23000000               2000000               2000000             2.6002640E-04         1.0000000E+30            750705       
 NEXT SEEDS:332C09E9      14       0       0       0       0   181CD    3039       0       0
   23500000               1500000               1500000             2.6000828E-04         1.0000000E+30            767083       
 NEXT SEEDS:12A2F301      15       0       0       0       0   181CD    3039       0       0
   24000000               1000000               1000000             2.6016808E-04         1.0000000E+30            783431       
 NEXT SEEDS:2DB714AD      15       0       0       0       0   181CD    3039       0       0
   24500000                500000                500000             2.6029858E-04         1.0000000E+30            799676       
 NEXT SEEDS: D22E6D0      16       0       0       0       0   181CD    3039       0       0
   24999950                    50                    50             2.6028782E-04         1.0000000E+30            815824       
 NEXT SEEDS:281DAA56      16       0       0       0       0   181CD    3039       0       0
   24999951                    49                    49             2.6028787E-04         1.0000000E+30            815824       
 NEXT SEEDS:281DAB96      16       0       0       0       0   181CD    3039       0       0
   24999952                    48                    48             2.6028791E-04         1.0000000E+30            815824       
 NEXT SEEDS:281DAE47      16       0       0       0       0   181CD    3039       0       0
   24999953                    47                    47             2.6028796E-04         1.0000000E+30            815824       
 NEXT SEEDS:281DB071      16       0       0       0       0   181CD    3039       0       0
   24999954                    46                    46             2.6028803E-04         1.0000000E+30            815824       
 NEXT SEEDS:281DB3E4      16       0       0       0       0   181CD    3039       0       0
   24999955                    45                    45             2.6028808E-04         1.0000000E+30            815824       
 NEXT SEEDS:281DB742      16       0       0       0       0   181CD    3039       0       0
   24999956                    44                    44             2.6028811E-04         1.0000000E+30            815824       
 NEXT SEEDS:281DB89A      16       0       0       0       0   181CD    3039       0       0
   24999957                    43                    43             2.6028813E-04         1.0000000E+30            815824       
 NEXT SEEDS:281DBB16      16       0       0       0       0   181CD    3039       0       0
   24999958                    42                    42             2.6028816E-04         1.0000000E+30            815824       
 NEXT SEEDS:281DBE62      16       0       0       0       0   181CD    3039       0       0
   24999959                    41                    41             2.6028817E-04         1.0000000E+30            815824       
 NEXT SEEDS:281DBFAE      16       0       0       0       0   181CD    3039       0       0
   24999960                    40                    40             2.6028820E-04         1.0000000E+30            815824       
 NEXT SEEDS:281DC1F0      16       0       0       0       0   181CD    3039       0       0
   24999961                    39                    39             2.6028823E-04         1.0000000E+30            815824       
 NEXT SEEDS:281DC452      16       0       0       0       0   181CD    3039       0       0
   24999962                    38                    38             2.6028826E-04         1.0000000E+30            815824       
 NEXT SEEDS:281DC6D1      16       0       0       0       0   181CD    3039       0       0
   24999963                    37                    37             2.6028831E-04         1.0000000E+30            815824       
 NEXT SEEDS:281DC87F      16       0       0       0       0   181CD    3039       0       0
   24999964                    36                    36             2.6028834E-04         1.0000000E+30            815824       
 NEXT SEEDS:281DCA45      16       0       0       0       0   181CD    3039       0       0
   24999965                    35                    35             2.6028832E-04         1.0000000E+30            815824       
 NEXT SEEDS:281DCC2A      16       0       0       0       0   181CD    3039       0       0
   24999966                    34                    34             2.6028831E-04         1.0000000E+30            815824       
 NEXT SEEDS:281DCEEC      16       0       0       0       0   181CD    3039       0       0
   24999967                    33                    33             2.6028830E-04         1.0000000E+30            815824       
 NEXT SEEDS:281DD0B0      16       0       0       0       0   181CD    3039       0       0
   24999968                    32                    32             2.6028835E-04         1.0000000E+30            815824       
 NEXT SEEDS:281DD2B1      16       0       0       0       0   181CD    3039       0       0
   24999969                    31                    31             2.6028840E-04         1.0000000E+30            815824       
 NEXT SEEDS:281DD525      16       0       0       0       0   181CD    3039       0       0
   24999970                    30                    30             2.6028847E-04         1.0000000E+30            815824       
 NEXT SEEDS:281DD8F0      16       0       0       0       0   181CD    3039       0       0
   24999971                    29                    29             2.6028850E-04         1.0000000E+30            815824       
 NEXT SEEDS:281DDAE6      16       0       0       0       0   181CD    3039       0       0
   24999972                    28                    28             2.6028854E-04         1.0000000E+30            815824       
 NEXT SEEDS:281DDDB8      16       0       0       0       0   181CD    3039       0       0
   24999973                    27                    27             2.6028873E-04         1.0000000E+30            815825       
 NEXT SEEDS:281DFC24      16       0       0       0       0   181CD    3039       0       0
   24999974                    26                    26             2.6028876E-04         1.0000000E+30            815825       
 NEXT SEEDS:281DFD0E      16       0       0       0       0   181CD    3039       0       0
   24999975                    25                    25             2.6028879E-04         1.0000000E+30            815825       
 NEXT SEEDS:281DFF13      16       0       0       0       0   181CD    3039       0       0
   24999976                    24                    24             2.6028884E-04         1.0000000E+30            815826       
 NEXT SEEDS:281E02D2      16       0       0       0       0   181CD    3039       0       0
   24999977                    23                    23             2.6028886E-04         1.0000000E+30            815826       
 NEXT SEEDS:281E060D      16       0       0       0       0   181CD    3039       0       0
   24999978                    22                    22             2.6028891E-04         1.0000000E+30            815826       
 NEXT SEEDS:281E0BE3      16       0       0       0       0   181CD    3039       0       0
   24999979                    21                    21             2.6028892E-04         1.0000000E+30            815826       
 NEXT SEEDS:281E0D31      16       0       0       0       0   181CD    3039       0       0
   24999980                    20                    20             2.6028895E-04         1.0000000E+30            815826       
 NEXT SEEDS:281E1036      16       0       0       0       0   181CD    3039       0       0
   24999981                    19                    19             2.6028896E-04         1.0000000E+30            815826       
 NEXT SEEDS:281E11F6      16       0       0       0       0   181CD    3039       0       0
   24999982                    18                    18             2.6028899E-04         1.0000000E+30            815826       
 NEXT SEEDS:281E1412      16       0       0       0       0   181CD    3039       0       0
   24999983                    17                    17             2.6028902E-04         1.0000000E+30            815826       
 NEXT SEEDS:281E1719      16       0       0       0       0   181CD    3039       0       0
   24999984                    16                    16             2.6028905E-04         1.0000000E+30            815826       
 NEXT SEEDS:281E1C15      16       0       0       0       0   181CD    3039       0       0
   24999985                    15                    15             2.6028907E-04         1.0000000E+30            815826       
 NEXT SEEDS:281E1E50      16       0       0       0       0   181CD    3039       0       0
   24999986                    14                    14             2.6028908E-04         1.0000000E+30            815826       
 NEXT SEEDS:281E1F95      16       0       0       0       0   181CD    3039       0       0
   24999987                    13                    13             2.6028907E-04         1.0000000E+30            815826       
 NEXT SEEDS:281E2242      16       0       0       0       0   181CD    3039       0       0
   24999988                    12                    12             2.6028906E-04         1.0000000E+30            815826       
 NEXT SEEDS:281E24A4      16       0       0       0       0   181CD    3039       0       0
   24999989                    11                    11             2.6028905E-04         1.0000000E+30            815826       
 NEXT SEEDS:281E2772      16       0       0       0       0   181CD    3039       0       0
   24999990                    10                    10             2.6028906E-04         1.0000000E+30            815826       
 NEXT SEEDS:281E29BB      16       0       0       0       0   181CD    3039       0       0
   24999991                     9                     9             2.6028911E-04         1.0000000E+30            815826       
 NEXT SEEDS:281E2B7A      16       0       0       0       0   181CD    3039       0       0
   24999992                     8                     8             2.6028912E-04         1.0000000E+30            815826       
 NEXT SEEDS:281E2C28      16       0       0       0       0   181CD    3039       0       0
   24999993                     7                     7             2.6028917E-04         1.0000000E+30            815826       
 NEXT SEEDS:281E2E50      16       0       0       0       0   181CD    3039       0       0
   24999994                     6                     6             2.6028916E-04         1.0000000E+30            815826       
 NEXT SEEDS:281E3082      16       0       0       0       0   181CD    3039       0       0
   24999995                     5                     5             2.6028915E-04         1.0000000E+30            815826       
 NEXT SEEDS:281E32C4      16       0       0       0       0   181CD    3039       0       0
   24999996                     4                     4             2.6028913E-04         1.0000000E+30            815826       
 NEXT SEEDS:281E33D1      16       0       0       0       0   181CD    3039       0       0
   24999997                     3                     3             2.6028918E-04         1.0000000E+30            815826       
 NEXT SEEDS:281E368A      16       0       0       0       0   181CD    3039       0       0
   24999998                     2                     2             2.6028921E-04         1.0000000E+30            815826       
 NEXT SEEDS:281E381D      16       0       0       0       0   181CD    3039       0       0
   24999999                     1                     1             2.6028926E-04         1.0000000E+30            815826       
 NEXT SEEDS:281E3ABD      16       0       0       0       0   181CD    3039       0       0
   25000000                     0                     1             2.6028931E-04         1.0000000E+30            815826       
 NEXT SEEDS:281E3C82      16       0       0       0       0   181CD    3039       0       0
