1NUMBER OF BEAM       NUMBER OF BEAM        APPROXIMATE NUMBER    AVERAGE TIME USED     TIME LEFT (RESERVED   NUMBER OF STARS
 PARTICLES HANDLED    PARTICLES LEFT        OF BEAM PARTICLES     BY A BEAM PARTICLE     10000.0 SECONDS      CREATED
                                            THAT CAN STILL BE                           FOR PRINTOUT)
                                            HANDLED

 NEXT SEEDS:       0       0       0       0       0       0   181CD    3039       0       0
          1              49999999              49999999             1.9097328E-04         1.0000000E+30                 0       
 NEXT SEEDS:     247       0       0       0       0       0   181CD    3039       0       0
    1000000              49000000              49000000             1.5005266E-04         1.0000000E+30             16701       
 NEXT SEEDS:1D0E7E06       0       0       0       0       0   181CD    3039       0       0
    2000000              48000000              48000000             1.5149207E-04         1.0000000E+30             33265       
 NEXT SEEDS:39FB2C37       0       0       0       0       0   181CD    3039       0       0
    3000000              47000000              47000000             1.5096521E-04         1.0000000E+30             49957       
 NEXT SEEDS:1B71AB67       1       0       0       0       0   181CD    3039       0       0
    4000000              46000000              46000000             1.5075891E-04         1.0000000E+30             66500       
 NEXT SEEDS:3861628F       1       0       0       0       0   181CD    3039       0       0
    5000000              45000000              45000000             1.5067919E-04         1.0000000E+30             83139       
 NEXT SEEDS:19C9BF81       2       0       0       0       0   181CD    3039       0       0
    6000000              44000000              44000000             1.5139480E-04         1.0000000E+30             99903       
 NEXT SEEDS:36DB3561       2       0       0       0       0   181CD    3039       0       0
    7000000              43000000              43000000             1.5182667E-04         1.0000000E+30            116605       
 NEXT SEEDS:1850967B       3       0       0       0       0   181CD    3039       0       0
    8000000              42000000              42000000             1.5161796E-04         1.0000000E+30            133347       
 NEXT SEEDS:355B5179       3       0       0       0       0   181CD    3039       0       0
    9000000              41000000              41000000             1.5145720E-04         1.0000000E+30            149908       
 NEXT SEEDS:16A0CB04       4       0       0       0       0   181CD    3039       0       0
   10000000              40000000              40000000             1.5100400E-04         1.0000000E+30            166641       
 NEXT SEEDS:339DE13F       4       0       0       0       0   181CD    3039       0       0
   11000000              39000000              39000000             1.5125891E-04         1.0000000E+30            183365       
 NEXT SEEDS:15012BD0       5       0       0       0       0   181CD    3039       0       0
   12000000              38000000              38000000             1.5154398E-04         1.0000000E+30            200016       
 NEXT SEEDS:31FCEE0D       5       0       0       0       0   181CD    3039       0       0
   13000000              37000000              37000000             1.5142968E-04         1.0000000E+30            216689       
 NEXT SEEDS:13592BC5       6       0       0       0       0   181CD    3039       0       0
   14000000              36000000              36000000             1.5158353E-04         1.0000000E+30            233460       
 NEXT SEEDS:3059B6DF       6       0       0       0       0   181CD    3039       0       0
   15000000              35000000              35000000             1.5175602E-04         1.0000000E+30            250263       
 NEXT SEEDS:11C820E4       7       0       0       0       0   181CD    3039       0       0
   16000000              34000000              34000000             1.5161978E-04         1.0000000E+30            266888       
 NEXT SEEDS:2EB940AD       7       0       0       0       0   181CD    3039       0       0
   17000000              33000000              33000000             1.5171646E-04         1.0000000E+30            283696       
 NEXT SEEDS:102A38D6       8       0       0       0       0   181CD    3039       0       0
   18000000              32000000              32000000             1.5163512E-04         1.0000000E+30            300434       
 NEXT SEEDS:2D2813D1       8       0       0       0       0   181CD    3039       0       0
   19000000              31000000              31000000             1.5156940E-04         1.0000000E+30            317362       
 NEXT SEEDS: EAD4969       9       0       0       0       0   181CD    3039       0       0
   20000000              30000000              30000000             1.5165538E-04         1.0000000E+30            334115       
 NEXT SEEDS:2BAF7154       9       0       0       0       0   181CD    3039       0       0
   21000000              29000000              29000000             1.5162088E-04         1.0000000E+30            350790       
 NEXT SEEDS: D0FC6F1       A       0       0       0       0   181CD    3039       0       0
   22000000              28000000              28000000             1.5163717E-04         1.0000000E+30            367508       
 NEXT SEEDS:2A187121       A       0       0       0       0   181CD    3039       0       0
   23000000              27000000              27000000             1.5166150E-04         1.0000000E+30            384049       
 NEXT SEEDS: B5E06D4       B       0       0       0       0   181CD    3039       0       0
   24000000              26000000              26000000             1.5159623E-04         1.0000000E+30            400722       
 NEXT SEEDS:285D2B14       B       0       0       0       0   181CD    3039       0       0
   25000000              25000000              25000000             1.5164877E-04         1.0000000E+30            417301       
 NEXT SEEDS: 9B320BB       C       0       0       0       0   181CD    3039       0       0
   26000000              24000000              24000000             1.5160275E-04         1.0000000E+30            433943       
 NEXT SEEDS:26ACCEEB       C       0       0       0       0   181CD    3039       0       0
   27000000              23000000              23000000             1.5165578E-04         1.0000000E+30            450764       
 NEXT SEEDS: 81A857C       D       0       0       0       0   181CD    3039       0       0
   28000000              22000000              22000000             1.5167069E-04         1.0000000E+30            467341       
 NEXT SEEDS:250D89E8       D       0       0       0       0   181CD    3039       0       0
   29000000              21000000              21000000             1.5158269E-04         1.0000000E+30            484291       
 NEXT SEEDS: 697E305       E       0       0       0       0   181CD    3039       0       0
   30000000              20000000              20000000             1.5176216E-04         1.0000000E+30            501217       
 NEXT SEEDS:23BB0800       E       0       0       0       0   181CD    3039       0       0
   31000000              19000000              19000000             1.5169600E-04         1.0000000E+30            518078       
 NEXT SEEDS: 54380EE       F       0       0       0       0   181CD    3039       0       0
   32000000              18000000              18000000             1.5185481E-04         1.0000000E+30            534904       
 NEXT SEEDS:2251D3CF       F       0       0       0       0   181CD    3039       0       0
   33000000              17000000              17000000             1.5199299E-04         1.0000000E+30            551785       
 NEXT SEEDS: 3BFA46D      10       0       0       0       0   181CD    3039       0       0
   34000000              16000000              16000000             1.5206471E-04         1.0000000E+30            568674       
 NEXT SEEDS:20D3DB0C      10       0       0       0       0   181CD    3039       0       0
   35000000              15000000              15000000             1.5200349E-04         1.0000000E+30            585423       
 NEXT SEEDS: 2385D8D      11       0       0       0       0   181CD    3039       0       0
   36000000              14000000              14000000             1.5194115E-04         1.0000000E+30            602166       
 NEXT SEEDS:1F408BE0      11       0       0       0       0   181CD    3039       0       0
   37000000              13000000              13000000             1.5198787E-04         1.0000000E+30            618967       
 NEXT SEEDS:  B06641      12       0       0       0       0   181CD    3039       0       0
   38000000              12000000              12000000             1.5192313E-04         1.0000000E+30            635728       
 NEXT SEEDS:1DAFE01E      12       0       0       0       0   181CD    3039       0       0
   39000000              11000000              11000000             1.5195500E-04         1.0000000E+30            652558       
 NEXT SEEDS:3AB5AF96      12       0       0       0       0   181CD    3039       0       0
   40000000              10000000              10000000             1.5196662E-04         1.0000000E+30            669136       
 NEXT SEEDS:1C101E2D      13       0       0       0       0   181CD    3039       0       0
   41000000               9000000               9000000             1.5202059E-04         1.0000000E+30            685860       
 NEXT SEEDS:3911669C      13       0       0       0       0   181CD    3039       0       0
 COUSET, TXYZ:   1.00000000000622     -0.974453129725851      0.224590957030607    
   42000000               8000000               8000000             1.5204408E-04         1.0000000E+30            702340       
 NEXT SEEDS:1A51606F      14       0       0       0       0   181CD    3039       0       0
   43000000               7000000               7000000             1.5207929E-04         1.0000000E+30            719186       
 NEXT SEEDS:3765090A      14       0       0       0       0   181CD    3039       0       0
 COUSET, TXYZ:  0.999999999992252     -0.171464284802409      0.985190336443523    
   44000000               6000000               6000000             1.5211029E-04         1.0000000E+30            735906       
 NEXT SEEDS:18BB1161      15       0       0       0       0   181CD    3039       0       0
   45000000               5000000               5000000             1.5205954E-04         1.0000000E+30            752472       
 NEXT SEEDS:35AE1D9F      15       0       0       0       0   181CD    3039       0       0
   46000000               4000000               4000000             1.5214683E-04         1.0000000E+30            769195       
 NEXT SEEDS:17123353      16       0       0       0       0   181CD    3039       0       0
   47000000               3000000               3000000             1.5208846E-04         1.0000000E+30            785788       
 NEXT SEEDS:33F65574      16       0       0       0       0   181CD    3039       0       0
   48000000               2000000               2000000             1.5204896E-04         1.0000000E+30            802485       
 NEXT SEEDS:155FF96C      17       0       0       0       0   181CD    3039       0       0
   49000000               1000000               1000000             1.5205327E-04         1.0000000E+30            819035       
 NEXT SEEDS:32536654      17       0       0       0       0   181CD    3039       0       0
   49999950                    50                    50             1.5192920E-04         1.0000000E+30            835848       
 NEXT SEEDS:13BD594C      18       0       0       0       0   181CD    3039       0       0
   49999951                    49                    49             1.5192921E-04         1.0000000E+30            835848       
 NEXT SEEDS:13BD5AB3      18       0       0       0       0   181CD    3039       0       0
   49999952                    48                    48             1.5192923E-04         1.0000000E+30            835848       
 NEXT SEEDS:13BD5C59      18       0       0       0       0   181CD    3039       0       0
   49999953                    47                    47             1.5192924E-04         1.0000000E+30            835848       
 NEXT SEEDS:13BD5DB0      18       0       0       0       0   181CD    3039       0       0
   49999954                    46                    46             1.5192926E-04         1.0000000E+30            835848       
 NEXT SEEDS:13BD5F27      18       0       0       0       0   181CD    3039       0       0
   49999955                    45                    45             1.5192928E-04         1.0000000E+30            835848       
 NEXT SEEDS:13BD602D      18       0       0       0       0   181CD    3039       0       0
   49999956                    44                    44             1.5192928E-04         1.0000000E+30            835848       
 NEXT SEEDS:13BD6110      18       0       0       0       0   181CD    3039       0       0
   49999957                    43                    43             1.5192929E-04         1.0000000E+30            835848       
 NEXT SEEDS:13BD6240      18       0       0       0       0   181CD    3039       0       0
   49999958                    42                    42             1.5192931E-04         1.0000000E+30            835848       
 NEXT SEEDS:13BD6399      18       0       0       0       0   181CD    3039       0       0
   49999959                    41                    41             1.5192931E-04         1.0000000E+30            835848       
 NEXT SEEDS:13BD6482      18       0       0       0       0   181CD    3039       0       0
   49999960                    40                    40             1.5192932E-04         1.0000000E+30            835848       
 NEXT SEEDS:13BD6548      18       0       0       0       0   181CD    3039       0       0
   49999961                    39                    39             1.5192933E-04         1.0000000E+30            835848       
 NEXT SEEDS:13BD6707      18       0       0       0       0   181CD    3039       0       0
   49999962                    38                    38             1.5192934E-04         1.0000000E+30            835848       
 NEXT SEEDS:13BD68BF      18       0       0       0       0   181CD    3039       0       0
   49999963                    37                    37             1.5192935E-04         1.0000000E+30            835848       
 NEXT SEEDS:13BD6A8D      18       0       0       0       0   181CD    3039       0       0
   49999964                    36                    36             1.5192936E-04         1.0000000E+30            835848       
 NEXT SEEDS:13BD6B68      18       0       0       0       0   181CD    3039       0       0
   49999965                    35                    35             1.5192936E-04         1.0000000E+30            835848       
 NEXT SEEDS:13BD6C3B      18       0       0       0       0   181CD    3039       0       0
   49999966                    34                    34             1.5192938E-04         1.0000000E+30            835848       
 NEXT SEEDS:13BD6CFD      18       0       0       0       0   181CD    3039       0       0
   49999967                    33                    33             1.5192940E-04         1.0000000E+30            835848       
 NEXT SEEDS:13BD6DC8      18       0       0       0       0   181CD    3039       0       0
   49999968                    32                    32             1.5192941E-04         1.0000000E+30            835848       
 NEXT SEEDS:13BD6F19      18       0       0       0       0   181CD    3039       0       0
   49999969                    31                    31             1.5192943E-04         1.0000000E+30            835848       
 NEXT SEEDS:13BD6FFE      18       0       0       0       0   181CD    3039       0       0
   49999970                    30                    30             1.5192945E-04         1.0000000E+30            835848       
 NEXT SEEDS:13BD71DC      18       0       0       0       0   181CD    3039       0       0
   49999971                    29                    29             1.5192944E-04         1.0000000E+30            835848       
 NEXT SEEDS:13BD7382      18       0       0       0       0   181CD    3039       0       0
   49999972                    28                    28             1.5192944E-04         1.0000000E+30            835848       
 NEXT SEEDS:13BD7595      18       0       0       0       0   181CD    3039       0       0
   49999973                    27                    27             1.5192944E-04         1.0000000E+30            835848       
 NEXT SEEDS:13BD7778      18       0       0       0       0   181CD    3039       0       0
   49999974                    26                    26             1.5192946E-04         1.0000000E+30            835848       
 NEXT SEEDS:13BD7A10      18       0       0       0       0   181CD    3039       0       0
   49999975                    25                    25             1.5192948E-04         1.0000000E+30            835848       
 NEXT SEEDS:13BD7BB9      18       0       0       0       0   181CD    3039       0       0
   49999976                    24                    24             1.5192951E-04         1.0000000E+30            835848       
 NEXT SEEDS:13BD7E68      18       0       0       0       0   181CD    3039       0       0
   49999977                    23                    23             1.5192952E-04         1.0000000E+30            835848       
 NEXT SEEDS:13BD800B      18       0       0       0       0   181CD    3039       0       0
   49999978                    22                    22             1.5192955E-04         1.0000000E+30            835848       
 NEXT SEEDS:13BD8148      18       0       0       0       0   181CD    3039       0       0
   49999979                    21                    21             1.5192956E-04         1.0000000E+30            835848       
 NEXT SEEDS:13BD82F5      18       0       0       0       0   181CD    3039       0       0
   49999980                    20                    20             1.5192957E-04         1.0000000E+30            835848       
 NEXT SEEDS:13BD8547      18       0       0       0       0   181CD    3039       0       0
   49999981                    19                    19             1.5192958E-04         1.0000000E+30            835848       
 NEXT SEEDS:13BD85FD      18       0       0       0       0   181CD    3039       0       0
   49999982                    18                    18             1.5192959E-04         1.0000000E+30            835848       
 NEXT SEEDS:13BD8830      18       0       0       0       0   181CD    3039       0       0
   49999983                    17                    17             1.5192960E-04         1.0000000E+30            835848       
 NEXT SEEDS:13BD89CA      18       0       0       0       0   181CD    3039       0       0
   49999984                    16                    16             1.5192961E-04         1.0000000E+30            835848       
 NEXT SEEDS:13BD8AD1      18       0       0       0       0   181CD    3039       0       0
   49999985                    15                    15             1.5192962E-04         1.0000000E+30            835848       
 NEXT SEEDS:13BD8C5A      18       0       0       0       0   181CD    3039       0       0
   49999986                    14                    14             1.5192963E-04         1.0000000E+30            835848       
 NEXT SEEDS:13BD8DD3      18       0       0       0       0   181CD    3039       0       0
   49999987                    13                    13             1.5192964E-04         1.0000000E+30            835848       
 NEXT SEEDS:13BD8EFB      18       0       0       0       0   181CD    3039       0       0
   49999988                    12                    12             1.5192964E-04         1.0000000E+30            835848       
 NEXT SEEDS:13BD903C      18       0       0       0       0   181CD    3039       0       0
   49999989                    11                    11             1.5192966E-04         1.0000000E+30            835848       
 NEXT SEEDS:13BD9295      18       0       0       0       0   181CD    3039       0       0
   49999990                    10                    10             1.5192967E-04         1.0000000E+30            835848       
 NEXT SEEDS:13BD9410      18       0       0       0       0   181CD    3039       0       0
   49999991                     9                     9             1.5192968E-04         1.0000000E+30            835848       
 NEXT SEEDS:13BD959E      18       0       0       0       0   181CD    3039       0       0
   49999992                     8                     8             1.5192969E-04         1.0000000E+30            835848       
 NEXT SEEDS:13BD96A8      18       0       0       0       0   181CD    3039       0       0
   49999993                     7                     7             1.5192983E-04         1.0000000E+30            835849       
 NEXT SEEDS:13BDC425      18       0       0       0       0   181CD    3039       0       0
   49999994                     6                     6             1.5192984E-04         1.0000000E+30            835849       
 NEXT SEEDS:13BDC4D7      18       0       0       0       0   181CD    3039       0       0
   49999995                     5                     5             1.5192985E-04         1.0000000E+30            835849       
 NEXT SEEDS:13BDC5F5      18       0       0       0       0   181CD    3039       0       0
   49999996                     4                     4             1.5192986E-04         1.0000000E+30            835849       
 NEXT SEEDS:13BDC770      18       0       0       0       0   181CD    3039       0       0
   49999997                     3                     3             1.5192988E-04         1.0000000E+30            835849       
 NEXT SEEDS:13BDC849      18       0       0       0       0   181CD    3039       0       0
   49999998                     2                     2             1.5192991E-04         1.0000000E+30            835849       
 NEXT SEEDS:13BDCA2C      18       0       0       0       0   181CD    3039       0       0
   49999999                     1                     1             1.5192992E-04         1.0000000E+30            835849       
 NEXT SEEDS:13BDCBC7      18       0       0       0       0   181CD    3039       0       0
   50000000                     0                     1             1.5192994E-04         1.0000000E+30            835849       
 NEXT SEEDS:13BDCCC1      18       0       0       0       0   181CD    3039       0       0
