1NUMBER OF BEAM       NUMBER OF BEAM        APPROXIMATE NUMBER    AVERAGE TIME USED     TIME LEFT (RESERVED   NUMBER OF STARS
 PARTICLES HANDLED    PARTICLES LEFT        OF BEAM PARTICLES     BY A BEAM PARTICLE     10000.0 SECONDS      CREATED
                                            THAT CAN STILL BE                           FOR PRINTOUT)
                                            HANDLED

 NEXT SEEDS:       0       0       0       0       0       0   181CD    3039       0       0
          1               9999999               9999999             8.7881088E-04         1.0000000E+30                 0       
 NEXT SEEDS:     DCB       0       0       0       0       0   181CD    3039       0       0
 COUSET, TXYZ:  0.999999999992417     -0.664420080201056      0.747359322555393    
     200000               9800000               9800000             8.3887087E-04         1.0000000E+30             16127       
 NEXT SEEDS:1C9ABF3C       0       0       0       0       0   181CD    3039       0       0
     400000               9600000               9600000             8.1081357E-04         1.0000000E+30             32051       
 NEXT SEEDS:390F32F4       0       0       0       0       0   181CD    3039       0       0
     600000               9400000               9400000             8.0030744E-04         1.0000000E+30             47967       
 NEXT SEEDS:19D84270       1       0       0       0       0   181CD    3039       0       0
     800000               9200000               9200000             7.9312289E-04         1.0000000E+30             63707       
 NEXT SEEDS:363CCDD6       1       0       0       0       0   181CD    3039       0       0
    1000000               9000000               9000000             7.9874263E-04         1.0000000E+30             79538       
 NEXT SEEDS:1712A6D0       2       0       0       0       0   181CD    3039       0       0
    1200000               8800000               8800000             8.0244671E-04         1.0000000E+30             95397       
 NEXT SEEDS:33843419       2       0       0       0       0   181CD    3039       0       0
    1400000               8600000               8600000             7.9360715E-04         1.0000000E+30            111442       
 NEXT SEEDS:146C878F       3       0       0       0       0   181CD    3039       0       0
    1600000               8400000               8400000             7.6775579E-04         1.0000000E+30            127456       
 NEXT SEEDS:30F475A7       3       0       0       0       0   181CD    3039       0       0
    1800000               8200000               8200000             7.4449149E-04         1.0000000E+30            143366       
 NEXT SEEDS:11BE8145       4       0       0       0       0   181CD    3039       0       0
    2000000               8000000               8000000             7.2782108E-04         1.0000000E+30            159275       
 NEXT SEEDS:2E35870E       4       0       0       0       0   181CD    3039       0       0
    2200000               7800000               7800000             7.1947452E-04         1.0000000E+30            175237       
 NEXT SEEDS: F05EB81       5       0       0       0       0   181CD    3039       0       0
    2400000               7600000               7600000             7.2769962E-04         1.0000000E+30            191170       
 NEXT SEEDS:2B6EE876       5       0       0       0       0   181CD    3039       0       0
    2600000               7400000               7400000             7.3504750E-04         1.0000000E+30            207145       
 NEXT SEEDS: C508649       6       0       0       0       0   181CD    3039       0       0
    2800000               7200000               7200000             7.4169885E-04         1.0000000E+30            223009       
 NEXT SEEDS:28C1D0BC       6       0       0       0       0   181CD    3039       0       0
    3000000               7000000               7000000             7.4554662E-04         1.0000000E+30            238834       
 NEXT SEEDS: 99898AB       7       0       0       0       0   181CD    3039       0       0
    3200000               6800000               6800000             7.4339347E-04         1.0000000E+30            254389       
 NEXT SEEDS:25E3D725       7       0       0       0       0   181CD    3039       0       0
    3400000               6600000               6600000             7.3776237E-04         1.0000000E+30            270348       
 NEXT SEEDS: 6BDA09C       8       0       0       0       0   181CD    3039       0       0
    3600000               6400000               6400000             7.4063326E-04         1.0000000E+30            286316       
 NEXT SEEDS:233BB9B3       8       0       0       0       0   181CD    3039       0       0
    3800000               6200000               6200000             7.4334793E-04         1.0000000E+30            302305       
 NEXT SEEDS: 41B4589       9       0       0       0       0   181CD    3039       0       0
    4000000               6000000               6000000             7.4711284E-04         1.0000000E+30            318277       
 NEXT SEEDS:209ABAB5       9       0       0       0       0   181CD    3039       0       0
    4200000               5800000               5800000             7.5110013E-04         1.0000000E+30            334154       
 NEXT SEEDS: 175FE78       A       0       0       0       0   181CD    3039       0       0
    4400000               5600000               5600000             7.5416653E-04         1.0000000E+30            350124       
 NEXT SEEDS:1DFB16AC       A       0       0       0       0   181CD    3039       0       0
    4600000               5400000               5400000             7.5572206E-04         1.0000000E+30            366229       
 NEXT SEEDS:3A82C1B0       A       0       0       0       0   181CD    3039       0       0
    4800000               5200000               5200000             7.5867985E-04         1.0000000E+30            382106       
 NEXT SEEDS:1B6680C5       B       0       0       0       0   181CD    3039       0       0
    5000000               5000000               5000000             7.6142309E-04         1.0000000E+30            397884       
 NEXT SEEDS:37D34FB4       B       0       0       0       0   181CD    3039       0       0
    5200000               4800000               4800000             7.6348768E-04         1.0000000E+30            413805       
 NEXT SEEDS:18B2A96D       C       0       0       0       0   181CD    3039       0       0
    5400000               4600000               4600000             7.6613922E-04         1.0000000E+30            429891       
 NEXT SEEDS:3530CBBB       C       0       0       0       0   181CD    3039       0       0
    5600000               4400000               4400000             7.6857473E-04         1.0000000E+30            445750       
 NEXT SEEDS:1605E484       D       0       0       0       0   181CD    3039       0       0
    5800000               4200000               4200000             7.6718370E-04         1.0000000E+30            461547       
 NEXT SEEDS:327BBEDE       D       0       0       0       0   181CD    3039       0       0
    6000000               4000000               4000000             7.6898811E-04         1.0000000E+30            477638       
 NEXT SEEDS:13709F4E       E       0       0       0       0   181CD    3039       0       0
    6200000               3800000               3800000             7.6957960E-04         1.0000000E+30            493590       
 NEXT SEEDS:2FED9CE0       E       0       0       0       0   181CD    3039       0       0
    6400000               3600000               3600000             7.6519355E-04         1.0000000E+30            509645       
 NEXT SEEDS:10DE222E       F       0       0       0       0   181CD    3039       0       0
    6600000               3400000               3400000             7.6242231E-04         1.0000000E+30            525618       
 NEXT SEEDS:2D5F48AE       F       0       0       0       0   181CD    3039       0       0
    6800000               3200000               3200000             7.6300529E-04         1.0000000E+30            541622       
 NEXT SEEDS: E48ABE5      10       0       0       0       0   181CD    3039       0       0
    7000000               3000000               3000000             7.5849441E-04         1.0000000E+30            557201       
 NEXT SEEDS:2A948BD8      10       0       0       0       0   181CD    3039       0       0
    7200000               2800000               2800000             7.5803982E-04         1.0000000E+30            572920       
 NEXT SEEDS: B68A4EB      11       0       0       0       0   181CD    3039       0       0
    7400000               2600000               2600000             7.6015380E-04         1.0000000E+30            588802       
 NEXT SEEDS:27EB4571      11       0       0       0       0   181CD    3039       0       0
    7600000               2400000               2400000             7.6304803E-04         1.0000000E+30            604657       
 NEXT SEEDS: 8C4AD8E      12       0       0       0       0   181CD    3039       0       0
 COUSET, TXYZ:   1.00000000001088     -0.567163633746768      0.823605131465871    
    7800000               2200000               2200000             7.6651855E-04         1.0000000E+30            620504       
 NEXT SEEDS:254633AB      12       0       0       0       0   181CD    3039       0       0
    8000000               2000000               2000000             7.7096557E-04         1.0000000E+30            636362       
 NEXT SEEDS: 629D3CA      13       0       0       0       0   181CD    3039       0       0
    8200000               1800000               1800000             7.7543177E-04         1.0000000E+30            652263       
 NEXT SEEDS:229CAB0A      13       0       0       0       0   181CD    3039       0       0
    8400000               1600000               1600000             7.7894810E-04         1.0000000E+30            668098       
 NEXT SEEDS: 363A48F      14       0       0       0       0   181CD    3039       0       0
    8600000               1400000               1400000             7.8234193E-04         1.0000000E+30            683965       
 NEXT SEEDS:1FD95FB5      14       0       0       0       0   181CD    3039       0       0
    8800000               1200000               1200000             7.8605940E-04         1.0000000E+30            699770       
 NEXT SEEDS:  AC19ED      15       0       0       0       0   181CD    3039       0       0
    9000000               1000000               1000000             7.9340478E-04         1.0000000E+30            715864       
 NEXT SEEDS:1D3751D0      15       0       0       0       0   181CD    3039       0       0
    9200000                800000                800000             8.0329473E-04         1.0000000E+30            731826       
 NEXT SEEDS:39AB6912      15       0       0       0       0   181CD    3039       0       0
    9400000                600000                600000             8.1239829E-04         1.0000000E+30            747544       
 NEXT SEEDS:1A738F80      16       0       0       0       0   181CD    3039       0       0
    9600000                400000                400000             8.1965428E-04         1.0000000E+30            763282       
 NEXT SEEDS:36CAFDEF      16       0       0       0       0   181CD    3039       0       0
    9800000                200000                200000             8.2340227E-04         1.0000000E+30            779110       
 NEXT SEEDS:1797899D      17       0       0       0       0   181CD    3039       0       0
    9999950                    50                    50             8.2049507E-04         1.0000000E+30            794999       
 NEXT SEEDS:340A9C7E      17       0       0       0       0   181CD    3039       0       0
    9999951                    49                    49             8.2049508E-04         1.0000000E+30            794999       
 NEXT SEEDS:340AA089      17       0       0       0       0   181CD    3039       0       0
    9999952                    48                    48             8.2049500E-04         1.0000000E+30            794999       
 NEXT SEEDS:340AA58F      17       0       0       0       0   181CD    3039       0       0
    9999953                    47                    47             8.2049501E-04         1.0000000E+30            794999       
 NEXT SEEDS:340AAAA4      17       0       0       0       0   181CD    3039       0       0
    9999954                    46                    46             8.2049493E-04         1.0000000E+30            794999       
 NEXT SEEDS:340AB0C2      17       0       0       0       0   181CD    3039       0       0
    9999955                    45                    45             8.2049495E-04         1.0000000E+30            794999       
 NEXT SEEDS:340AB7D5      17       0       0       0       0   181CD    3039       0       0
    9999956                    44                    44             8.2049487E-04         1.0000000E+30            794999       
 NEXT SEEDS:340AC032      17       0       0       0       0   181CD    3039       0       0
    9999957                    43                    43             8.2049488E-04         1.0000000E+30            794999       
 NEXT SEEDS:340AC77C      17       0       0       0       0   181CD    3039       0       0
    9999958                    42                    42             8.2049490E-04         1.0000000E+30            794999       
 NEXT SEEDS:340AD04D      17       0       0       0       0   181CD    3039       0       0
    9999959                    41                    41             8.2049481E-04         1.0000000E+30            794999       
 NEXT SEEDS:340AD782      17       0       0       0       0   181CD    3039       0       0
    9999960                    40                    40             8.2049483E-04         1.0000000E+30            794999       
 NEXT SEEDS:340ADFB7      17       0       0       0       0   181CD    3039       0       0
    9999961                    39                    39             8.2049475E-04         1.0000000E+30            794999       
 NEXT SEEDS:340AE7AA      17       0       0       0       0   181CD    3039       0       0
    9999962                    38                    38             8.2049476E-04         1.0000000E+30            794999       
 NEXT SEEDS:340AF0F1      17       0       0       0       0   181CD    3039       0       0
    9999963                    37                    37             8.2049478E-04         1.0000000E+30            794999       
 NEXT SEEDS:340AFCEA      17       0       0       0       0   181CD    3039       0       0
    9999964                    36                    36             8.2049470E-04         1.0000000E+30            794999       
 NEXT SEEDS:340B03E7      17       0       0       0       0   181CD    3039       0       0
    9999965                    35                    35             8.2049471E-04         1.0000000E+30            794999       
 NEXT SEEDS:340B09C5      17       0       0       0       0   181CD    3039       0       0
    9999966                    34                    34             8.2049463E-04         1.0000000E+30            794999       
 NEXT SEEDS:340B0F94      17       0       0       0       0   181CD    3039       0       0
    9999967                    33                    33             8.2049465E-04         1.0000000E+30            795000       
 NEXT SEEDS:340B26B2      17       0       0       0       0   181CD    3039       0       0
    9999968                    32                    32             8.2049466E-04         1.0000000E+30            795000       
 NEXT SEEDS:340B2B94      17       0       0       0       0   181CD    3039       0       0
    9999969                    31                    31             8.2049458E-04         1.0000000E+30            795000       
 NEXT SEEDS:340B3272      17       0       0       0       0   181CD    3039       0       0
    9999970                    30                    30             8.2049460E-04         1.0000000E+30            795000       
 NEXT SEEDS:340B3BB8      17       0       0       0       0   181CD    3039       0       0
    9999971                    29                    29             8.2049471E-04         1.0000000E+30            795001       
 NEXT SEEDS:340B6A27      17       0       0       0       0   181CD    3039       0       0
    9999972                    28                    28             8.2049463E-04         1.0000000E+30            795001       
 NEXT SEEDS:340B6DF6      17       0       0       0       0   181CD    3039       0       0
    9999973                    27                    27             8.2049464E-04         1.0000000E+30            795001       
 NEXT SEEDS:340B728A      17       0       0       0       0   181CD    3039       0       0
    9999974                    26                    26             8.2049456E-04         1.0000000E+30            795001       
 NEXT SEEDS:340B793C      17       0       0       0       0   181CD    3039       0       0
    9999975                    25                    25             8.2049458E-04         1.0000000E+30            795001       
 NEXT SEEDS:340B8007      17       0       0       0       0   181CD    3039       0       0
    9999976                    24                    24             8.2049449E-04         1.0000000E+30            795001       
 NEXT SEEDS:340B897B      17       0       0       0       0   181CD    3039       0       0
    9999977                    23                    23             8.2049451E-04         1.0000000E+30            795001       
 NEXT SEEDS:340B9286      17       0       0       0       0   181CD    3039       0       0
    9999978                    22                    22             8.2049453E-04         1.0000000E+30            795001       
 NEXT SEEDS:340B9978      17       0       0       0       0   181CD    3039       0       0
    9999979                    21                    21             8.2049444E-04         1.0000000E+30            795001       
 NEXT SEEDS:340BA069      17       0       0       0       0   181CD    3039       0       0
    9999980                    20                    20             8.2049446E-04         1.0000000E+30            795001       
 NEXT SEEDS:340BA7DF      17       0       0       0       0   181CD    3039       0       0
    9999981                    19                    19             8.2049438E-04         1.0000000E+30            795001       
 NEXT SEEDS:340BADF1      17       0       0       0       0   181CD    3039       0       0
    9999982                    18                    18             8.2049439E-04         1.0000000E+30            795001       
 NEXT SEEDS:340BB663      17       0       0       0       0   181CD    3039       0       0
    9999983                    17                    17             8.2049431E-04         1.0000000E+30            795001       
 NEXT SEEDS:340BBA53      17       0       0       0       0   181CD    3039       0       0
    9999984                    16                    16             8.2049423E-04         1.0000000E+30            795001       
 NEXT SEEDS:340BBE44      17       0       0       0       0   181CD    3039       0       0
    9999985                    15                    15             8.2049424E-04         1.0000000E+30            795001       
 NEXT SEEDS:340BC833      17       0       0       0       0   181CD    3039       0       0
    9999986                    14                    14             8.2049426E-04         1.0000000E+30            795001       
 NEXT SEEDS:340BCE5A      17       0       0       0       0   181CD    3039       0       0
    9999987                    13                    13             8.2049418E-04         1.0000000E+30            795001       
 NEXT SEEDS:340BD892      17       0       0       0       0   181CD    3039       0       0
    9999988                    12                    12             8.2049419E-04         1.0000000E+30            795001       
 NEXT SEEDS:340BDE0A      17       0       0       0       0   181CD    3039       0       0
    9999989                    11                    11             8.2049411E-04         1.0000000E+30            795001       
 NEXT SEEDS:340BE475      17       0       0       0       0   181CD    3039       0       0
    9999990                    10                    10             8.2049413E-04         1.0000000E+30            795001       
 NEXT SEEDS:340BEBF6      17       0       0       0       0   181CD    3039       0       0
    9999991                     9                     9             8.2049414E-04         1.0000000E+30            795001       
 NEXT SEEDS:340BFC80      17       0       0       0       0   181CD    3039       0       0
    9999992                     8                     8             8.2049406E-04         1.0000000E+30            795001       
 NEXT SEEDS:340C008D      17       0       0       0       0   181CD    3039       0       0
    9999993                     7                     7             8.2049408E-04         1.0000000E+30            795001       
 NEXT SEEDS:340C04E2      17       0       0       0       0   181CD    3039       0       0
    9999994                     6                     6             8.2049399E-04         1.0000000E+30            795001       
 NEXT SEEDS:340C095F      17       0       0       0       0   181CD    3039       0       0
    9999995                     5                     5             8.2049391E-04         1.0000000E+30            795001       
 NEXT SEEDS:340C0F89      17       0       0       0       0   181CD    3039       0       0
    9999996                     4                     4             8.2049393E-04         1.0000000E+30            795001       
 NEXT SEEDS:340C1399      17       0       0       0       0   181CD    3039       0       0
    9999997                     3                     3             8.2049385E-04         1.0000000E+30            795001       
 NEXT SEEDS:340C1A5B      17       0       0       0       0   181CD    3039       0       0
    9999998                     2                     2             8.2049386E-04         1.0000000E+30            795001       
 NEXT SEEDS:340C241F      17       0       0       0       0   181CD    3039       0       0
    9999999                     1                     1             8.2049407E-04         1.0000000E+30            795002       
 NEXT SEEDS:340C5634      17       0       0       0       0   181CD    3039       0       0
   10000000                     0                     1             8.2049399E-04         1.0000000E+30            795002       
 NEXT SEEDS:340C5E33      17       0       0       0       0   181CD    3039       0       0
