1NUMBER OF BEAM       NUMBER OF BEAM        APPROXIMATE NUMBER    AVERAGE TIME USED     TIME LEFT (RESERVED   NUMBER OF STARS
 PARTICLES HANDLED    PARTICLES LEFT        OF BEAM PARTICLES     BY A BEAM PARTICLE     10000.0 SECONDS      CREATED
                                            THAT CAN STILL BE                           FOR PRINTOUT)
                                            HANDLED

 NEXT SEEDS:       0       0       0       0       0       0   181CD    3039       0       0
          1              49999999              49999999             1.1768341E-03         1.0000000E+30                 0       
 NEXT SEEDS:     1D3       0       0       0       0       0   181CD    3039       0       0
    1000000              49000000              49000000             1.6871069E-04         1.0000000E+30             16807       
 NEXT SEEDS:18D80D6E       0       0       0       0       0   181CD    3039       0       0
    2000000              48000000              48000000             1.7447489E-04         1.0000000E+30             33395       
 NEXT SEEDS:31C0316C       0       0       0       0       0   181CD    3039       0       0
    3000000              47000000              47000000             1.7800488E-04         1.0000000E+30             50088       
 NEXT SEEDS: EF74925       1       0       0       0       0   181CD    3039       0       0
    4000000              46000000              46000000             1.7918353E-04         1.0000000E+30             66994       
 NEXT SEEDS:27D95466       1       0       0       0       0   181CD    3039       0       0
    5000000              45000000              45000000             1.7895439E-04         1.0000000E+30             83638       
 NEXT SEEDS: 50F18BA       2       0       0       0       0   181CD    3039       0       0
    6000000              44000000              44000000             1.7957120E-04         1.0000000E+30            100181       
 NEXT SEEDS:1DCE6115       2       0       0       0       0   181CD    3039       0       0
    7000000              43000000              43000000             1.7999534E-04         1.0000000E+30            116633       
 NEXT SEEDS:368D59D9       2       0       0       0       0   181CD    3039       0       0
    8000000              42000000              42000000             1.8070538E-04         1.0000000E+30            133465       
 NEXT SEEDS:13CC869F       3       0       0       0       0   181CD    3039       0       0
    9000000              41000000              41000000             1.7683470E-04         1.0000000E+30            150110       
 NEXT SEEDS:2C9FE365       3       0       0       0       0   181CD    3039       0       0
   10000000              40000000              40000000             1.7711253E-04         1.0000000E+30            166868       
 NEXT SEEDS: 9D7CE7D       4       0       0       0       0   181CD    3039       0       0
   11000000              39000000              39000000             1.8014788E-04         1.0000000E+30            183598       
 NEXT SEEDS:22AD19BA       4       0       0       0       0   181CD    3039       0       0
   12000000              38000000              38000000             1.7766229E-04         1.0000000E+30            200384       
 NEXT SEEDS:3B8AC5F7       4       0       0       0       0   181CD    3039       0       0
   13000000              37000000              37000000             1.7806798E-04         1.0000000E+30            217168       
 NEXT SEEDS:18CA78C0       5       0       0       0       0   181CD    3039       0       0
   14000000              36000000              36000000             1.8135685E-04         1.0000000E+30            234177       
 NEXT SEEDS:31AC0528       5       0       0       0       0   181CD    3039       0       0
   15000000              35000000              35000000             1.8430986E-04         1.0000000E+30            250741       
 NEXT SEEDS: EDBDA70       6       0       0       0       0   181CD    3039       0       0
 COUSET, TXYZ:  0.999999999988967     -0.512453316305521      0.858715085802857    
   16000000              34000000              34000000             1.8540675E-04         1.0000000E+30            267708       
 NEXT SEEDS:27BAE6F7       6       0       0       0       0   181CD    3039       0       0
   17000000              33000000              33000000             1.8715756E-04         1.0000000E+30            284553       
 NEXT SEEDS: 4F7665D       7       0       0       0       0   181CD    3039       0       0
   18000000              32000000              32000000             1.8689952E-04         1.0000000E+30            301373       
 NEXT SEEDS:1DDFBFA9       7       0       0       0       0   181CD    3039       0       0
   19000000              31000000              31000000             1.8662046E-04         1.0000000E+30            318157       
 NEXT SEEDS:36AF6954       7       0       0       0       0   181CD    3039       0       0
   20000000              30000000              30000000             1.8662185E-04         1.0000000E+30            334900       
 NEXT SEEDS:13F86919       8       0       0       0       0   181CD    3039       0       0
   21000000              29000000              29000000             1.8438928E-04         1.0000000E+30            351601       
 NEXT SEEDS:2CC67675       8       0       0       0       0   181CD    3039       0       0
   22000000              28000000              28000000             1.8521728E-04         1.0000000E+30            368211       
 NEXT SEEDS: 9F3AE1D       9       0       0       0       0   181CD    3039       0       0
   23000000              27000000              27000000             1.8476707E-04         1.0000000E+30            384783       
 NEXT SEEDS:22C0F5E8       9       0       0       0       0   181CD    3039       0       0
   24000000              26000000              26000000             1.8475692E-04         1.0000000E+30            401339       
 NEXT SEEDS:3B867534       9       0       0       0       0   181CD    3039       0       0
   25000000              25000000              25000000             1.8450336E-04         1.0000000E+30            418253       
 NEXT SEEDS:18CA67F7       A       0       0       0       0   181CD    3039       0       0
   26000000              24000000              24000000             1.8361247E-04         1.0000000E+30            435119       
 NEXT SEEDS:31AB75D8       A       0       0       0       0   181CD    3039       0       0
   27000000              23000000              23000000             1.8375099E-04         1.0000000E+30            452015       
 NEXT SEEDS: EF07814       B       0       0       0       0   181CD    3039       0       0
   28000000              22000000              22000000             1.8467339E-04         1.0000000E+30            468674       
 NEXT SEEDS:27BCBD80       B       0       0       0       0   181CD    3039       0       0
   29000000              21000000              21000000             1.8403324E-04         1.0000000E+30            485331       
 NEXT SEEDS: 4F083CF       C       0       0       0       0   181CD    3039       0       0
   30000000              20000000              20000000             1.8400225E-04         1.0000000E+30            502324       
 NEXT SEEDS:1DDF149E       C       0       0       0       0   181CD    3039       0       0
   31000000              19000000              19000000             1.8350420E-04         1.0000000E+30            519038       
 NEXT SEEDS:36AF1F3C       C       0       0       0       0   181CD    3039       0       0
   32000000              18000000              18000000             1.8373874E-04         1.0000000E+30            535806       
 NEXT SEEDS:13F2379A       D       0       0       0       0   181CD    3039       0       0
   33000000              17000000              17000000             1.8485940E-04         1.0000000E+30            552591       
 NEXT SEEDS:2CC097C5       D       0       0       0       0   181CD    3039       0       0
   34000000              16000000              16000000             1.8535520E-04         1.0000000E+30            569284       
 NEXT SEEDS: A068C2E       E       0       0       0       0   181CD    3039       0       0
   35000000              15000000              15000000             1.8584429E-04         1.0000000E+30            585836       
 NEXT SEEDS:22D1BF56       E       0       0       0       0   181CD    3039       0       0
   36000000              14000000              14000000             1.8635653E-04         1.0000000E+30            602609       
 NEXT SEEDS:   F5A34       F       0       0       0       0   181CD    3039       0       0
   37000000              13000000              13000000             1.8677804E-04         1.0000000E+30            619295       
 NEXT SEEDS:18E61146       F       0       0       0       0   181CD    3039       0       0
   38000000              12000000              12000000             1.8716022E-04         1.0000000E+30            636040       
 NEXT SEEDS:31BA6B6C       F       0       0       0       0   181CD    3039       0       0
   39000000              11000000              11000000             1.8623886E-04         1.0000000E+30            652645       
 NEXT SEEDS: EE2A23E      10       0       0       0       0   181CD    3039       0       0
   40000000              10000000              10000000             1.8622852E-04         1.0000000E+30            669208       
 NEXT SEEDS:27B90CFF      10       0       0       0       0   181CD    3039       0       0
   41000000               9000000               9000000             1.8649602E-04         1.0000000E+30            685920       
 NEXT SEEDS: 4EE8FF2      11       0       0       0       0   181CD    3039       0       0
   42000000               8000000               8000000             1.8660831E-04         1.0000000E+30            702780       
 NEXT SEEDS:1DCFCE93      11       0       0       0       0   181CD    3039       0       0
   43000000               7000000               7000000             1.8614476E-04         1.0000000E+30            719580       
 NEXT SEEDS:36A5C894      11       0       0       0       0   181CD    3039       0       0
   44000000               6000000               6000000             1.8639046E-04         1.0000000E+30            736349       
 NEXT SEEDS:13DFFD46      12       0       0       0       0   181CD    3039       0       0
   45000000               5000000               5000000             1.8708224E-04         1.0000000E+30            753231       
 NEXT SEEDS:2CBE4E4C      12       0       0       0       0   181CD    3039       0       0
   46000000               4000000               4000000             1.8646889E-04         1.0000000E+30            769971       
 NEXT SEEDS: 9F3FF39      13       0       0       0       0   181CD    3039       0       0
   47000000               3000000               3000000             1.8619769E-04         1.0000000E+30            786930       
 NEXT SEEDS:22DEBBFE      13       0       0       0       0   181CD    3039       0       0
   48000000               2000000               2000000             1.8575801E-04         1.0000000E+30            803356       
 NEXT SEEDS:    37CA      14       0       0       0       0   181CD    3039       0       0
   49000000               1000000               1000000             1.8574893E-04         1.0000000E+30            820282       
 NEXT SEEDS:18E46A77      14       0       0       0       0   181CD    3039       0       0
   49999950                    50                    50             1.8532465E-04         1.0000000E+30            837272       
 NEXT SEEDS:31C25AE9      14       0       0       0       0   181CD    3039       0       0
   49999951                    49                    49             1.8532464E-04         1.0000000E+30            837272       
 NEXT SEEDS:31C25BCD      14       0       0       0       0   181CD    3039       0       0
   49999952                    48                    48             1.8532464E-04         1.0000000E+30            837272       
 NEXT SEEDS:31C25D72      14       0       0       0       0   181CD    3039       0       0
   49999953                    47                    47             1.8532466E-04         1.0000000E+30            837272       
 NEXT SEEDS:31C25E6C      14       0       0       0       0   181CD    3039       0       0
   49999954                    46                    46             1.8532465E-04         1.0000000E+30            837272       
 NEXT SEEDS:31C25F0D      14       0       0       0       0   181CD    3039       0       0
   49999955                    45                    45             1.8532465E-04         1.0000000E+30            837272       
 NEXT SEEDS:31C260D4      14       0       0       0       0   181CD    3039       0       0
   49999956                    44                    44             1.8532465E-04         1.0000000E+30            837272       
 NEXT SEEDS:31C26225      14       0       0       0       0   181CD    3039       0       0
   49999957                    43                    43             1.8532466E-04         1.0000000E+30            837272       
 NEXT SEEDS:31C26267      14       0       0       0       0   181CD    3039       0       0
   49999958                    42                    42             1.8532466E-04         1.0000000E+30            837272       
 NEXT SEEDS:31C2633B      14       0       0       0       0   181CD    3039       0       0
   49999959                    41                    41             1.8532465E-04         1.0000000E+30            837272       
 NEXT SEEDS:31C265A5      14       0       0       0       0   181CD    3039       0       0
   49999960                    40                    40             1.8532465E-04         1.0000000E+30            837272       
 NEXT SEEDS:31C26685      14       0       0       0       0   181CD    3039       0       0
   49999961                    39                    39             1.8532465E-04         1.0000000E+30            837272       
 NEXT SEEDS:31C268B9      14       0       0       0       0   181CD    3039       0       0
   49999962                    38                    38             1.8532466E-04         1.0000000E+30            837272       
 NEXT SEEDS:31C269FC      14       0       0       0       0   181CD    3039       0       0
   49999963                    37                    37             1.8532466E-04         1.0000000E+30            837272       
 NEXT SEEDS:31C26C18      14       0       0       0       0   181CD    3039       0       0
   49999964                    36                    36             1.8532465E-04         1.0000000E+30            837272       
 NEXT SEEDS:31C26EC2      14       0       0       0       0   181CD    3039       0       0
   49999965                    35                    35             1.8532467E-04         1.0000000E+30            837272       
 NEXT SEEDS:31C27010      14       0       0       0       0   181CD    3039       0       0
   49999966                    34                    34             1.8532467E-04         1.0000000E+30            837272       
 NEXT SEEDS:31C2714F      14       0       0       0       0   181CD    3039       0       0
   49999967                    33                    33             1.8532466E-04         1.0000000E+30            837272       
 NEXT SEEDS:31C27372      14       0       0       0       0   181CD    3039       0       0
   49999968                    32                    32             1.8532466E-04         1.0000000E+30            837272       
 NEXT SEEDS:31C27545      14       0       0       0       0   181CD    3039       0       0
   49999969                    31                    31             1.8532468E-04         1.0000000E+30            837272       
 NEXT SEEDS:31C27608      14       0       0       0       0   181CD    3039       0       0
   49999970                    30                    30             1.8532467E-04         1.0000000E+30            837272       
 NEXT SEEDS:31C277D4      14       0       0       0       0   181CD    3039       0       0
   49999971                    29                    29             1.8532467E-04         1.0000000E+30            837272       
 NEXT SEEDS:31C2793C      14       0       0       0       0   181CD    3039       0       0
   49999972                    28                    28             1.8532466E-04         1.0000000E+30            837272       
 NEXT SEEDS:31C27A68      14       0       0       0       0   181CD    3039       0       0
   49999973                    27                    27             1.8532468E-04         1.0000000E+30            837272       
 NEXT SEEDS:31C27C20      14       0       0       0       0   181CD    3039       0       0
   49999974                    26                    26             1.8532468E-04         1.0000000E+30            837272       
 NEXT SEEDS:31C27DED      14       0       0       0       0   181CD    3039       0       0
   49999975                    25                    25             1.8532467E-04         1.0000000E+30            837272       
 NEXT SEEDS:31C27F4C      14       0       0       0       0   181CD    3039       0       0
   49999976                    24                    24             1.8532467E-04         1.0000000E+30            837272       
 NEXT SEEDS:31C28150      14       0       0       0       0   181CD    3039       0       0
   49999977                    23                    23             1.8532468E-04         1.0000000E+30            837272       
 NEXT SEEDS:31C28276      14       0       0       0       0   181CD    3039       0       0
   49999978                    22                    22             1.8532468E-04         1.0000000E+30            837272       
 NEXT SEEDS:31C28389      14       0       0       0       0   181CD    3039       0       0
   49999979                    21                    21             1.8532468E-04         1.0000000E+30            837272       
 NEXT SEEDS:31C2848A      14       0       0       0       0   181CD    3039       0       0
   49999980                    20                    20             1.8532467E-04         1.0000000E+30            837272       
 NEXT SEEDS:31C2863D      14       0       0       0       0   181CD    3039       0       0
   49999981                    19                    19             1.8532467E-04         1.0000000E+30            837272       
 NEXT SEEDS:31C2879F      14       0       0       0       0   181CD    3039       0       0
   49999982                    18                    18             1.8532467E-04         1.0000000E+30            837272       
 NEXT SEEDS:31C28853      14       0       0       0       0   181CD    3039       0       0
   49999983                    17                    17             1.8532466E-04         1.0000000E+30            837272       
 NEXT SEEDS:31C289A0      14       0       0       0       0   181CD    3039       0       0
   49999984                    16                    16             1.8532466E-04         1.0000000E+30            837272       
 NEXT SEEDS:31C289EC      14       0       0       0       0   181CD    3039       0       0
   49999985                    15                    15             1.8532465E-04         1.0000000E+30            837272       
 NEXT SEEDS:31C28C0B      14       0       0       0       0   181CD    3039       0       0
   49999986                    14                    14             1.8532465E-04         1.0000000E+30            837272       
 NEXT SEEDS:31C28D43      14       0       0       0       0   181CD    3039       0       0
   49999987                    13                    13             1.8532465E-04         1.0000000E+30            837272       
 NEXT SEEDS:31C28E26      14       0       0       0       0   181CD    3039       0       0
   49999988                    12                    12             1.8532464E-04         1.0000000E+30            837272       
 NEXT SEEDS:31C2900B      14       0       0       0       0   181CD    3039       0       0
   49999989                    11                    11             1.8532464E-04         1.0000000E+30            837272       
 NEXT SEEDS:31C29166      14       0       0       0       0   181CD    3039       0       0
   49999990                    10                    10             1.8532464E-04         1.0000000E+30            837272       
 NEXT SEEDS:31C2928F      14       0       0       0       0   181CD    3039       0       0
   49999991                     9                     9             1.8532463E-04         1.0000000E+30            837272       
 NEXT SEEDS:31C293F1      14       0       0       0       0   181CD    3039       0       0
   49999992                     8                     8             1.8532463E-04         1.0000000E+30            837272       
 NEXT SEEDS:31C2953F      14       0       0       0       0   181CD    3039       0       0
   49999993                     7                     7             1.8532463E-04         1.0000000E+30            837272       
 NEXT SEEDS:31C29634      14       0       0       0       0   181CD    3039       0       0
   49999994                     6                     6             1.8532462E-04         1.0000000E+30            837272       
 NEXT SEEDS:31C2972C      14       0       0       0       0   181CD    3039       0       0
   49999995                     5                     5             1.8532462E-04         1.0000000E+30            837272       
 NEXT SEEDS:31C298B6      14       0       0       0       0   181CD    3039       0       0
   49999996                     4                     4             1.8532461E-04         1.0000000E+30            837272       
 NEXT SEEDS:31C29A10      14       0       0       0       0   181CD    3039       0       0
   49999997                     3                     3             1.8532463E-04         1.0000000E+30            837273       
 NEXT SEEDS:31C2B3DF      14       0       0       0       0   181CD    3039       0       0
   49999998                     2                     2             1.8532465E-04         1.0000000E+30            837273       
 NEXT SEEDS:31C2B47F      14       0       0       0       0   181CD    3039       0       0
   49999999                     1                     1             1.8532464E-04         1.0000000E+30            837273       
 NEXT SEEDS:31C2B59C      14       0       0       0       0   181CD    3039       0       0
   50000000                     0                     1             1.8532464E-04         1.0000000E+30            837273       
 NEXT SEEDS:31C2B792      14       0       0       0       0   181CD    3039       0       0
