1NUMBER OF BEAM       NUMBER OF BEAM        APPROXIMATE NUMBER    AVERAGE TIME USED     TIME LEFT (RESERVED   NUMBER OF STARS
 PARTICLES HANDLED    PARTICLES LEFT        OF BEAM PARTICLES     BY A BEAM PARTICLE     10000.0 SECONDS      CREATED
                                            THAT CAN STILL BE                           FOR PRINTOUT)
                                            HANDLED

 NEXT SEEDS:       0       0       0       0       0       0   181CD    3039       0       0
          1                999999                999999             3.4546852E-03         1.0000000E+30                 1       
 NEXT SEEDS:    38A1       0       0       0       0       0   181CD    3039       0       0
      20000                980000                980000             2.4973366E-03         1.0000000E+30              2818       
 NEXT SEEDS: 76C4D82       0       0       0       0       0   181CD    3039       0       0
      40000                960000                960000             2.4194511E-03         1.0000000E+30              5700       
 NEXT SEEDS: ED69D44       0       0       0       0       0   181CD    3039       0       0
      60000                940000                940000             2.3932050E-03         1.0000000E+30              8592       
 NEXT SEEDS:16487E05       0       0       0       0       0   181CD    3039       0       0
      80000                920000                920000             2.3793295E-03         1.0000000E+30             11416       
 NEXT SEEDS:1DB24D60       0       0       0       0       0   181CD    3039       0       0
     100000                900000                900000             2.4025797E-03         1.0000000E+30             14277       
 NEXT SEEDS:251CEC62       0       0       0       0       0   181CD    3039       0       0
     120000                880000                880000             2.3903124E-03         1.0000000E+30             17059       
 NEXT SEEDS:2C8482CE       0       0       0       0       0   181CD    3039       0       0
     140000                860000                860000             2.3843733E-03         1.0000000E+30             19922       
 NEXT SEEDS:33EF2FEA       0       0       0       0       0   181CD    3039       0       0
     160000                840000                840000             2.3796776E-03         1.0000000E+30             22836       
 NEXT SEEDS:3B613CBD       0       0       0       0       0   181CD    3039       0       0
     180000                820000                820000             2.3925051E-03         1.0000000E+30             25654       
 NEXT SEEDS: 729ABD0       1       0       0       0       0   181CD    3039       0       0
     200000                800000                800000             2.3714015E-03         1.0000000E+30             28498       
 NEXT SEEDS: E910217       1       0       0       0       0   181CD    3039       0       0
     220000                780000                780000             2.3831475E-03         1.0000000E+30             31376       
 NEXT SEEDS:15F69985       1       0       0       0       0   181CD    3039       0       0
 COUSET, TXYZ:   1.00000000009662      0.801679825895344      0.597753675811074    
     240000                760000                760000             2.3926665E-03         1.0000000E+30             34307       
 NEXT SEEDS:1D5D4E30       1       0       0       0       0   181CD    3039       0       0
     260000                740000                740000             2.3769605E-03         1.0000000E+30             37197       
 NEXT SEEDS:24C14BD1       1       0       0       0       0   181CD    3039       0       0
     280000                720000                720000             2.3853281E-03         1.0000000E+30             39971       
 NEXT SEEDS:2C24A9CD       1       0       0       0       0   181CD    3039       0       0
     300000                700000                700000             2.3908672E-03         1.0000000E+30             42877       
 NEXT SEEDS:338A83F8       1       0       0       0       0   181CD    3039       0       0
     320000                680000                680000             2.3802526E-03         1.0000000E+30             45701       
 NEXT SEEDS:3AF9705F       1       0       0       0       0   181CD    3039       0       0
     340000                660000                660000             2.3875938E-03         1.0000000E+30             48565       
 NEXT SEEDS: 6CF4E74       2       0       0       0       0   181CD    3039       0       0
     360000                640000                640000             2.3940537E-03         1.0000000E+30             51510       
 NEXT SEEDS: E4171A6       2       0       0       0       0   181CD    3039       0       0
     380000                620000                620000             2.3829655E-03         1.0000000E+30             54421       
 NEXT SEEDS:15AE63B5       2       0       0       0       0   181CD    3039       0       0
     400000                600000                600000             2.3887705E-03         1.0000000E+30             57260       
 NEXT SEEDS:1D17F490       2       0       0       0       0   181CD    3039       0       0
     420000                580000                580000             2.3858855E-03         1.0000000E+30             60115       
 NEXT SEEDS:247CD36B       2       0       0       0       0   181CD    3039       0       0
     440000                560000                560000             2.3836081E-03         1.0000000E+30             63068       
 NEXT SEEDS:2BFE8459       2       0       0       0       0   181CD    3039       0       0
     460000                540000                540000             2.3757493E-03         1.0000000E+30             65937       
 NEXT SEEDS:336BCC6C       2       0       0       0       0   181CD    3039       0       0
     480000                520000                520000             2.3671424E-03         1.0000000E+30             68893       
 NEXT SEEDS:3AD220A7       2       0       0       0       0   181CD    3039       0       0
     500000                500000                500000             2.3591301E-03         1.0000000E+30             71793       
 NEXT SEEDS: 6A60D15       3       0       0       0       0   181CD    3039       0       0
     520000                480000                480000             2.3517183E-03         1.0000000E+30             74530       
 NEXT SEEDS: E0AC6B0       3       0       0       0       0   181CD    3039       0       0
     540000                460000                460000             2.3447697E-03         1.0000000E+30             77395       
 NEXT SEEDS:157240D8       3       0       0       0       0   181CD    3039       0       0
     560000                440000                440000             2.3385391E-03         1.0000000E+30             80303       
 NEXT SEEDS:1CDC7FB4       3       0       0       0       0   181CD    3039       0       0
     580000                420000                420000             2.3326070E-03         1.0000000E+30             83147       
 NEXT SEEDS:24425FF2       3       0       0       0       0   181CD    3039       0       0
     600000                400000                400000             2.3278615E-03         1.0000000E+30             86023       
 NEXT SEEDS:2BB540FE       3       0       0       0       0   181CD    3039       0       0
     620000                380000                380000             2.3231577E-03         1.0000000E+30             88914       
 NEXT SEEDS:3320ABE9       3       0       0       0       0   181CD    3039       0       0
     640000                360000                360000             2.3148746E-03         1.0000000E+30             91826       
 NEXT SEEDS:3A893D32       3       0       0       0       0   181CD    3039       0       0
     660000                340000                340000             2.3149756E-03         1.0000000E+30             94736       
 NEXT SEEDS: 670FEA7       4       0       0       0       0   181CD    3039       0       0
     680000                320000                320000             2.3109105E-03         1.0000000E+30             97631       
 NEXT SEEDS: DE882DC       4       0       0       0       0   181CD    3039       0       0
     700000                300000                300000             2.3072363E-03         1.0000000E+30            100459       
 NEXT SEEDS:154E718C       4       0       0       0       0   181CD    3039       0       0
     720000                280000                280000             2.3039425E-03         1.0000000E+30            103317       
 NEXT SEEDS:1CBD6FCE       4       0       0       0       0   181CD    3039       0       0
     740000                260000                260000             2.3048547E-03         1.0000000E+30            106183       
 NEXT SEEDS:241F9C1C       4       0       0       0       0   181CD    3039       0       0
     760000                240000                240000             2.3015941E-03         1.0000000E+30            109012       
 NEXT SEEDS:2B887F72       4       0       0       0       0   181CD    3039       0       0
     780000                220000                220000             2.2989174E-03         1.0000000E+30            111979       
 NEXT SEEDS:330C6CDD       4       0       0       0       0   181CD    3039       0       0
     800000                200000                200000             2.2961184E-03         1.0000000E+30            114849       
 NEXT SEEDS:3A7461C4       4       0       0       0       0   181CD    3039       0       0
     820000                180000                180000             2.2956117E-03         1.0000000E+30            117739       
 NEXT SEEDS: 64951E7       5       0       0       0       0   181CD    3039       0       0
     840000                160000                160000             2.2919093E-03         1.0000000E+30            120672       
 NEXT SEEDS: DBB0352       5       0       0       0       0   181CD    3039       0       0
     860000                140000                140000             2.2882034E-03         1.0000000E+30            123443       
 NEXT SEEDS:151B348D       5       0       0       0       0   181CD    3039       0       0
     880000                120000                120000             2.2857373E-03         1.0000000E+30            126366       
 NEXT SEEDS:1C8578BC       5       0       0       0       0   181CD    3039       0       0
     900000                100000                100000             2.2865771E-03         1.0000000E+30            129248       
 NEXT SEEDS:23EEE02C       5       0       0       0       0   181CD    3039       0       0
     920000                 80000                 80000             2.2840990E-03         1.0000000E+30            132069       
 NEXT SEEDS:2B57E987       5       0       0       0       0   181CD    3039       0       0
     940000                 60000                 60000             2.2818053E-03         1.0000000E+30            134925       
 NEXT SEEDS:32CD0C61       5       0       0       0       0   181CD    3039       0       0
     960000                 40000                 40000             2.2828529E-03         1.0000000E+30            137824       
 NEXT SEEDS:3A37F44B       5       0       0       0       0   181CD    3039       0       0
     980000                 20000                 20000             2.2805166E-03         1.0000000E+30            140719       
 NEXT SEEDS: 6070DE5       6       0       0       0       0   181CD    3039       0       0
     999950                    50                    50             2.2775301E-03         1.0000000E+30            143606       
 NEXT SEEDS: D6808E3       6       0       0       0       0   181CD    3039       0       0
     999951                    49                    49             2.2775334E-03         1.0000000E+30            143606       
 NEXT SEEDS: D681C23       6       0       0       0       0   181CD    3039       0       0
     999952                    48                    48             2.2775378E-03         1.0000000E+30            143606       
 NEXT SEEDS: D683463       6       0       0       0       0   181CD    3039       0       0
     999953                    47                    47             2.2775413E-03         1.0000000E+30            143606       
 NEXT SEEDS: D6849DC       6       0       0       0       0   181CD    3039       0       0
     999954                    46                    46             2.2775442E-03         1.0000000E+30            143606       
 NEXT SEEDS: D685BBD       6       0       0       0       0   181CD    3039       0       0
     999955                    45                    45             2.2775478E-03         1.0000000E+30            143606       
 NEXT SEEDS: D687046       6       0       0       0       0   181CD    3039       0       0
     999956                    44                    44             2.2775509E-03         1.0000000E+30            143606       
 NEXT SEEDS: D688335       6       0       0       0       0   181CD    3039       0       0
     999957                    43                    43             2.2775510E-03         1.0000000E+30            143606       
 NEXT SEEDS: D689B2B       6       0       0       0       0   181CD    3039       0       0
     999958                    42                    42             2.2775553E-03         1.0000000E+30            143606       
 NEXT SEEDS: D68B394       6       0       0       0       0   181CD    3039       0       0
     999959                    41                    41             2.2775582E-03         1.0000000E+30            143606       
 NEXT SEEDS: D68C51D       6       0       0       0       0   181CD    3039       0       0
     999960                    40                    40             2.2775630E-03         1.0000000E+30            143606       
 NEXT SEEDS: D68DF36       6       0       0       0       0   181CD    3039       0       0
     999961                    39                    39             2.2775661E-03         1.0000000E+30            143606       
 NEXT SEEDS: D68F1DF       6       0       0       0       0   181CD    3039       0       0
     999962                    38                    38             2.2775694E-03         1.0000000E+30            143606       
 NEXT SEEDS: D69065C       6       0       0       0       0   181CD    3039       0       0
     999963                    37                    37             2.2775735E-03         1.0000000E+30            143606       
 NEXT SEEDS: D691E21       6       0       0       0       0   181CD    3039       0       0
     999964                    36                    36             2.2775815E-03         1.0000000E+30            143607       
 NEXT SEEDS: D694687       6       0       0       0       0   181CD    3039       0       0
     999965                    35                    35             2.2775858E-03         1.0000000E+30            143607       
 NEXT SEEDS: D696004       6       0       0       0       0   181CD    3039       0       0
     999966                    34                    34             2.2775899E-03         1.0000000E+30            143607       
 NEXT SEEDS: D69775F       6       0       0       0       0   181CD    3039       0       0
     999967                    33                    33             2.2775932E-03         1.0000000E+30            143607       
 NEXT SEEDS: D698B46       6       0       0       0       0   181CD    3039       0       0
     999968                    32                    32             2.2775965E-03         1.0000000E+30            143607       
 NEXT SEEDS: D699EB8       6       0       0       0       0   181CD    3039       0       0
     999969                    31                    31             2.2775996E-03         1.0000000E+30            143607       
 NEXT SEEDS: D69B1CE       6       0       0       0       0   181CD    3039       0       0
     999970                    30                    30             2.2776037E-03         1.0000000E+30            143607       
 NEXT SEEDS: D69C7DB       6       0       0       0       0   181CD    3039       0       0
     999971                    29                    29             2.2776073E-03         1.0000000E+30            143607       
 NEXT SEEDS: D69DCE7       6       0       0       0       0   181CD    3039       0       0
     999972                    28                    28             2.2776116E-03         1.0000000E+30            143607       
 NEXT SEEDS: D69F2A6       6       0       0       0       0   181CD    3039       0       0
     999973                    27                    27             2.2776159E-03         1.0000000E+30            143607       
 NEXT SEEDS: D6A0B5E       6       0       0       0       0   181CD    3039       0       0
     999974                    26                    26             2.2776200E-03         1.0000000E+30            143607       
 NEXT SEEDS: D6A22AC       6       0       0       0       0   181CD    3039       0       0
     999975                    25                    25             2.2776236E-03         1.0000000E+30            143607       
 NEXT SEEDS: D6A377B       6       0       0       0       0   181CD    3039       0       0
     999976                    24                    24             2.2776267E-03         1.0000000E+30            143607       
 NEXT SEEDS: D6A4A49       6       0       0       0       0   181CD    3039       0       0
     999977                    23                    23             2.2776288E-03         1.0000000E+30            143607       
 NEXT SEEDS: D6A6A09       6       0       0       0       0   181CD    3039       0       0
     999978                    22                    22             2.2776331E-03         1.0000000E+30            143607       
 NEXT SEEDS: D6A85E1       6       0       0       0       0   181CD    3039       0       0
     999979                    21                    21             2.2776359E-03         1.0000000E+30            143607       
 NEXT SEEDS: D6A9818       6       0       0       0       0   181CD    3039       0       0
     999980                    20                    20             2.2776407E-03         1.0000000E+30            143607       
 NEXT SEEDS: D6AB254       6       0       0       0       0   181CD    3039       0       0
     999981                    19                    19             2.2776441E-03         1.0000000E+30            143607       
 NEXT SEEDS: D6AC659       6       0       0       0       0   181CD    3039       0       0
     999982                    18                    18             2.2776467E-03         1.0000000E+30            143607       
 NEXT SEEDS: D6AD678       6       0       0       0       0   181CD    3039       0       0
     999983                    17                    17             2.2776508E-03         1.0000000E+30            143607       
 NEXT SEEDS: D6AED46       6       0       0       0       0   181CD    3039       0       0
     999984                    16                    16             2.2776543E-03         1.0000000E+30            143607       
 NEXT SEEDS: D6B0342       6       0       0       0       0   181CD    3039       0       0
     999985                    15                    15             2.2776579E-03         1.0000000E+30            143607       
 NEXT SEEDS: D6B1822       6       0       0       0       0   181CD    3039       0       0
     999986                    14                    14             2.2776576E-03         1.0000000E+30            143607       
 NEXT SEEDS: D6B2D83       6       0       0       0       0   181CD    3039       0       0
     999987                    13                    13             2.2776612E-03         1.0000000E+30            143607       
 NEXT SEEDS: D6B43C4       6       0       0       0       0   181CD    3039       0       0
     999988                    12                    12             2.2776638E-03         1.0000000E+30            143607       
 NEXT SEEDS: D6B52D9       6       0       0       0       0   181CD    3039       0       0
     999989                    11                    11             2.2776678E-03         1.0000000E+30            143607       
 NEXT SEEDS: D6B6ADF       6       0       0       0       0   181CD    3039       0       0
     999990                    10                    10             2.2776724E-03         1.0000000E+30            143607       
 NEXT SEEDS: D6B8364       6       0       0       0       0   181CD    3039       0       0
     999991                     9                     9             2.2776762E-03         1.0000000E+30            143607       
 NEXT SEEDS: D6B99BC       6       0       0       0       0   181CD    3039       0       0
     999992                     8                     8             2.2776761E-03         1.0000000E+30            143607       
 NEXT SEEDS: D6BB0D8       6       0       0       0       0   181CD    3039       0       0
     999993                     7                     7             2.2776805E-03         1.0000000E+30            143607       
 NEXT SEEDS: D6BC87B       6       0       0       0       0   181CD    3039       0       0
     999994                     6                     6             2.2776858E-03         1.0000000E+30            143607       
 NEXT SEEDS: D6BE4C3       6       0       0       0       0   181CD    3039       0       0
     999995                     5                     5             2.2776886E-03         1.0000000E+30            143607       
 NEXT SEEDS: D6BF743       6       0       0       0       0   181CD    3039       0       0
     999996                     4                     4             2.2776927E-03         1.0000000E+30            143607       
 NEXT SEEDS: D6C0D49       6       0       0       0       0   181CD    3039       0       0
     999997                     3                     3             2.2776955E-03         1.0000000E+30            143607       
 NEXT SEEDS: D6C1FDE       6       0       0       0       0   181CD    3039       0       0
     999998                     2                     2             2.2776991E-03         1.0000000E+30            143607       
 NEXT SEEDS: D6C344E       6       0       0       0       0   181CD    3039       0       0
     999999                     1                     1             2.2777024E-03         1.0000000E+30            143607       
 NEXT SEEDS: D6C481D       6       0       0       0       0   181CD    3039       0       0
    1000000                     0                     1             2.2777060E-03         1.0000000E+30            143607       
 NEXT SEEDS: D6C5CC7       6       0       0       0       0   181CD    3039       0       0
