1NUMBER OF BEAM       NUMBER OF BEAM        APPROXIMATE NUMBER    AVERAGE TIME USED     TIME LEFT (RESERVED   NUMBER OF STARS
 PARTICLES HANDLED    PARTICLES LEFT        OF BEAM PARTICLES     BY A BEAM PARTICLE     10000.0 SECONDS      CREATED
                                            THAT CAN STILL BE                           FOR PRINTOUT)
                                            HANDLED

 NEXT SEEDS:       0       0       0       0       0       0   181CD    3039       0       0
          1              16666665              16666665             4.3702126E-04         1.0000000E+30                 0       
 NEXT SEEDS:     3CC       0       0       0       0       0   181CD    3039       0       0
     300000              16366666              16366666             3.0788309E-04         1.0000000E+30             16887       
 NEXT SEEDS:15D2036A       0       0       0       0       0   181CD    3039       0       0
     600000              16066666              16066666             3.1711109E-04         1.0000000E+30             33832       
 NEXT SEEDS:2BC8029D       0       0       0       0       0   181CD    3039       0       0
     900000              15766666              15766666             3.2116537E-04         1.0000000E+30             50818       
 NEXT SEEDS: 61189B7       1       0       0       0       0   181CD    3039       0       0
    1200000              15466666              15466666             3.1451144E-04         1.0000000E+30             67414       
 NEXT SEEDS:1BD28E5A       1       0       0       0       0   181CD    3039       0       0
    1500000              15166666              15166666             3.1509451E-04         1.0000000E+30             84145       
 NEXT SEEDS:31AF8838       1       0       0       0       0   181CD    3039       0       0
    1800000              14866666              14866666             3.1771023E-04         1.0000000E+30            100920       
 NEXT SEEDS: BE529E0       2       0       0       0       0   181CD    3039       0       0
    2100000              14566666              14566666             3.1855481E-04         1.0000000E+30            117977       
 NEXT SEEDS:21DC42B9       2       0       0       0       0   181CD    3039       0       0
    2400000              14266666              14266666             3.1556915E-04         1.0000000E+30            134741       
 NEXT SEEDS:37B0792D       2       0       0       0       0   181CD    3039       0       0
    2700000              13966666              13966666             3.1654026E-04         1.0000000E+30            151518       
 NEXT SEEDS:11E5792C       3       0       0       0       0   181CD    3039       0       0
    3000000              13666666              13666666             3.1724827E-04         1.0000000E+30            168481       
 NEXT SEEDS:27DAFE9E       3       0       0       0       0   181CD    3039       0       0
    3300000              13366666              13366666             3.1783264E-04         1.0000000E+30            185414       
 NEXT SEEDS: 22DE84B       4       0       0       0       0   181CD    3039       0       0
    3600000              13066666              13066666             3.1839117E-04         1.0000000E+30            202363       
 NEXT SEEDS:18144F5B       4       0       0       0       0   181CD    3039       0       0
    3900000              12766666              12766666             3.1817744E-04         1.0000000E+30            219254       
 NEXT SEEDS:2DE7621A       4       0       0       0       0   181CD    3039       0       0
    4200000              12466666              12466666             3.1567117E-04         1.0000000E+30            236117       
 NEXT SEEDS: 83072D2       5       0       0       0       0   181CD    3039       0       0
    4500000              12166666              12166666             3.1518871E-04         1.0000000E+30            252837       
 NEXT SEEDS:1E01365E       5       0       0       0       0   181CD    3039       0       0
    4800000              11866666              11866666             3.1411284E-04         1.0000000E+30            269699       
 NEXT SEEDS:33ECBD5E       5       0       0       0       0   181CD    3039       0       0
    5100000              11566666              11566666             3.1237526E-04         1.0000000E+30            286512       
 NEXT SEEDS: E296897       6       0       0       0       0   181CD    3039       0       0
    5400000              11266666              11266666             3.1310724E-04         1.0000000E+30            303405       
 NEXT SEEDS:2400BB20       6       0       0       0       0   181CD    3039       0       0
    5700000              10966666              10966666             3.1208178E-04         1.0000000E+30            320265       
 NEXT SEEDS:39DFECF7       6       0       0       0       0   181CD    3039       0       0
    6000000              10666666              10666666             3.1112265E-04         1.0000000E+30            337123       
 NEXT SEEDS:142C0E75       7       0       0       0       0   181CD    3039       0       0
    6300000              10366666              10366666             3.1027920E-04         1.0000000E+30            353852       
 NEXT SEEDS:29FD3DBB       7       0       0       0       0   181CD    3039       0       0
    6600000              10066666              10066666             3.0889509E-04         1.0000000E+30            370775       
 NEXT SEEDS: 4408314       8       0       0       0       0   181CD    3039       0       0
    6900000               9766666               9766666             3.0929412E-04         1.0000000E+30            387704       
 NEXT SEEDS:1A1E3E54       8       0       0       0       0   181CD    3039       0       0
    7200000               9466666               9466666             3.0831256E-04         1.0000000E+30            404598       
 NEXT SEEDS:30008628       8       0       0       0       0   181CD    3039       0       0
    7500000               9166666               9166666             3.0795873E-04         1.0000000E+30            421187       
 NEXT SEEDS: A1C3527       9       0       0       0       0   181CD    3039       0       0
    7800000               8866666               8866666             3.0759882E-04         1.0000000E+30            437853       
 NEXT SEEDS:1FD0FA42       9       0       0       0       0   181CD    3039       0       0
    8100000               8566666               8566666             3.0807838E-04         1.0000000E+30            454669       
 NEXT SEEDS:359AC415       9       0       0       0       0   181CD    3039       0       0
    8400000               8266666               8266666             3.0689245E-04         1.0000000E+30            471388       
 NEXT SEEDS: FC62950       A       0       0       0       0   181CD    3039       0       0
    8700000               7966666               7966666             3.0406377E-04         1.0000000E+30            488254       
 NEXT SEEDS:259F0198       A       0       0       0       0   181CD    3039       0       0
    9000000               7666666               7666666             3.0177648E-04         1.0000000E+30            505061       
 NEXT SEEDS:3B6FC5C7       A       0       0       0       0   181CD    3039       0       0
    9300000               7366666               7366666             3.0130117E-04         1.0000000E+30            521747       
 NEXT SEEDS:159A1BC6       B       0       0       0       0   181CD    3039       0       0
    9600000               7066666               7066666             3.0023548E-04         1.0000000E+30            538407       
 NEXT SEEDS:2B6C1529       B       0       0       0       0   181CD    3039       0       0
    9900000               6766666               6766666             2.9933153E-04         1.0000000E+30            555493       
 NEXT SEEDS: 5BA64BD       C       0       0       0       0   181CD    3039       0       0
   10200000               6466666               6466666             2.9796430E-04         1.0000000E+30            572426       
 NEXT SEEDS:1B9841C5       C       0       0       0       0   181CD    3039       0       0
   10500000               6166666               6166666             2.9718186E-04         1.0000000E+30            589073       
 NEXT SEEDS:3160C38E       C       0       0       0       0   181CD    3039       0       0
   10800000               5866666               5866666             2.9672294E-04         1.0000000E+30            606071       
 NEXT SEEDS: BB2D36A       D       0       0       0       0   181CD    3039       0       0
   11100000               5566666               5566666             2.9594947E-04         1.0000000E+30            622871       
 NEXT SEEDS:2185BDF0       D       0       0       0       0   181CD    3039       0       0
   11400000               5266666               5266666             2.9548068E-04         1.0000000E+30            639663       
 NEXT SEEDS:37644626       D       0       0       0       0   181CD    3039       0       0
   11700000               4966666               4966666             2.9601411E-04         1.0000000E+30            656610       
 NEXT SEEDS:11A29186       E       0       0       0       0   181CD    3039       0       0
   12000000               4666666               4666666             2.9536375E-04         1.0000000E+30            673589       
 NEXT SEEDS:2777DB18       E       0       0       0       0   181CD    3039       0       0
 COUSET, TXYZ:   1.00000000002603     -0.196765234297968      0.980450632425581    
   12300000               4366666               4366666             2.9420504E-04         1.0000000E+30            690332       
 NEXT SEEDS: 1B7319B       F       0       0       0       0   181CD    3039       0       0
   12600000               4066666               4066666             2.9388370E-04         1.0000000E+30            707370       
 NEXT SEEDS:17AB61C9       F       0       0       0       0   181CD    3039       0       0
   12900000               3766666               3766666             2.9404523E-04         1.0000000E+30            724382       
 NEXT SEEDS:2D9D64A6       F       0       0       0       0   181CD    3039       0       0
   13200000               3466666               3466666             2.9462246E-04         1.0000000E+30            741386       
 NEXT SEEDS: 7E92D36      10       0       0       0       0   181CD    3039       0       0
   13500000               3166666               3166666             2.9478672E-04         1.0000000E+30            758452       
 NEXT SEEDS:1DE22DD7      10       0       0       0       0   181CD    3039       0       0
   13800000               2866666               2866666             2.9538863E-04         1.0000000E+30            775213       
 NEXT SEEDS:33B9636E      10       0       0       0       0   181CD    3039       0       0
   14100000               2566666               2566666             2.9554144E-04         1.0000000E+30            792098       
 NEXT SEEDS: DFE1D44      11       0       0       0       0   181CD    3039       0       0
   14400000               2266666               2266666             2.9485423E-04         1.0000000E+30            808934       
 NEXT SEEDS:23DB484B      11       0       0       0       0   181CD    3039       0       0
   14700000               1966666               1966666             2.9417763E-04         1.0000000E+30            825798       
 NEXT SEEDS:39B3EB80      11       0       0       0       0   181CD    3039       0       0
   15000000               1666666               1666666             2.9445948E-04         1.0000000E+30            842920       
 NEXT SEEDS:1417EC52      12       0       0       0       0   181CD    3039       0       0
   15300000               1366666               1366666             2.9321388E-04         1.0000000E+30            859875       
 NEXT SEEDS:29FAB3B7      12       0       0       0       0   181CD    3039       0       0
   15600000               1066666               1066666             2.9284574E-04         1.0000000E+30            876930       
 NEXT SEEDS: 460F6B6      13       0       0       0       0   181CD    3039       0       0
   15900000                766666                766666             2.9219933E-04         1.0000000E+30            893511       
 NEXT SEEDS:1A127D3E      13       0       0       0       0   181CD    3039       0       0
   16200000                466666                466666             2.9228905E-04         1.0000000E+30            910387       
 NEXT SEEDS:2FF02701      13       0       0       0       0   181CD    3039       0       0
   16500000                166666                166666             2.9170967E-04         1.0000000E+30            927228       
 NEXT SEEDS: A27D7EB      14       0       0       0       0   181CD    3039       0       0
   16666616                    50                    50             2.9128817E-04         1.0000000E+30            936635       
 NEXT SEEDS:1650322E      14       0       0       0       0   181CD    3039       0       0
   16666617                    49                    49             2.9128830E-04         1.0000000E+30            936636       
 NEXT SEEDS:165056A1      14       0       0       0       0   181CD    3039       0       0
   16666618                    48                    48             2.9128832E-04         1.0000000E+30            936636       
 NEXT SEEDS:1650599A      14       0       0       0       0   181CD    3039       0       0
   16666619                    47                    47             2.9128830E-04         1.0000000E+30            936636       
 NEXT SEEDS:16505CBC      14       0       0       0       0   181CD    3039       0       0
   16666620                    46                    46             2.9128831E-04         1.0000000E+30            936636       
 NEXT SEEDS:16505F6D      14       0       0       0       0   181CD    3039       0       0
   16666621                    45                    45             2.9128832E-04         1.0000000E+30            936636       
 NEXT SEEDS:165061F9      14       0       0       0       0   181CD    3039       0       0
   16666622                    44                    44             2.9128833E-04         1.0000000E+30            936636       
 NEXT SEEDS:16506550      14       0       0       0       0   181CD    3039       0       0
   16666623                    43                    43             2.9128835E-04         1.0000000E+30            936636       
 NEXT SEEDS:1650683D      14       0       0       0       0   181CD    3039       0       0
   16666624                    42                    42             2.9128833E-04         1.0000000E+30            936636       
 NEXT SEEDS:16506B7A      14       0       0       0       0   181CD    3039       0       0
   16666625                    41                    41             2.9128834E-04         1.0000000E+30            936636       
 NEXT SEEDS:16506DFF      14       0       0       0       0   181CD    3039       0       0
   16666626                    40                    40             2.9128835E-04         1.0000000E+30            936636       
 NEXT SEEDS:1650719F      14       0       0       0       0   181CD    3039       0       0
   16666627                    39                    39             2.9128836E-04         1.0000000E+30            936636       
 NEXT SEEDS:16507457      14       0       0       0       0   181CD    3039       0       0
   16666628                    38                    38             2.9128838E-04         1.0000000E+30            936636       
 NEXT SEEDS:16507788      14       0       0       0       0   181CD    3039       0       0
   16666629                    37                    37             2.9128839E-04         1.0000000E+30            936636       
 NEXT SEEDS:16507AB2      14       0       0       0       0   181CD    3039       0       0
   16666630                    36                    36             2.9128837E-04         1.0000000E+30            936636       
 NEXT SEEDS:16507D3D      14       0       0       0       0   181CD    3039       0       0
   16666631                    35                    35             2.9128838E-04         1.0000000E+30            936636       
 NEXT SEEDS:16507FD4      14       0       0       0       0   181CD    3039       0       0
   16666632                    34                    34             2.9128839E-04         1.0000000E+30            936636       
 NEXT SEEDS:1650828D      14       0       0       0       0   181CD    3039       0       0
   16666633                    33                    33             2.9128840E-04         1.0000000E+30            936636       
 NEXT SEEDS:165084D6      14       0       0       0       0   181CD    3039       0       0
   16666634                    32                    32             2.9128839E-04         1.0000000E+30            936636       
 NEXT SEEDS:1650879B      14       0       0       0       0   181CD    3039       0       0
   16666635                    31                    31             2.9128840E-04         1.0000000E+30            936636       
 NEXT SEEDS:16508BA3      14       0       0       0       0   181CD    3039       0       0
   16666636                    30                    30             2.9128853E-04         1.0000000E+30            936637       
 NEXT SEEDS:1650AE96      14       0       0       0       0   181CD    3039       0       0
   16666637                    29                    29             2.9128854E-04         1.0000000E+30            936637       
 NEXT SEEDS:1650B083      14       0       0       0       0   181CD    3039       0       0
   16666638                    28                    28             2.9128855E-04         1.0000000E+30            936637       
 NEXT SEEDS:1650B2F5      14       0       0       0       0   181CD    3039       0       0
   16666639                    27                    27             2.9128853E-04         1.0000000E+30            936637       
 NEXT SEEDS:1650B590      14       0       0       0       0   181CD    3039       0       0
   16666640                    26                    26             2.9128855E-04         1.0000000E+30            936637       
 NEXT SEEDS:1650B852      14       0       0       0       0   181CD    3039       0       0
   16666641                    25                    25             2.9128856E-04         1.0000000E+30            936637       
 NEXT SEEDS:1650BC0C      14       0       0       0       0   181CD    3039       0       0
   16666642                    24                    24             2.9128857E-04         1.0000000E+30            936637       
 NEXT SEEDS:1650BF33      14       0       0       0       0   181CD    3039       0       0
   16666643                    23                    23             2.9128858E-04         1.0000000E+30            936637       
 NEXT SEEDS:1650C27A      14       0       0       0       0   181CD    3039       0       0
   16666644                    22                    22             2.9128859E-04         1.0000000E+30            936637       
 NEXT SEEDS:1650C5B2      14       0       0       0       0   181CD    3039       0       0
   16666645                    21                    21             2.9128858E-04         1.0000000E+30            936637       
 NEXT SEEDS:1650C87F      14       0       0       0       0   181CD    3039       0       0
   16666646                    20                    20             2.9128859E-04         1.0000000E+30            936637       
 NEXT SEEDS:1650CB7F      14       0       0       0       0   181CD    3039       0       0
   16666647                    19                    19             2.9128860E-04         1.0000000E+30            936637       
 NEXT SEEDS:1650CEC7      14       0       0       0       0   181CD    3039       0       0
   16666648                    18                    18             2.9128864E-04         1.0000000E+30            936637       
 NEXT SEEDS:1650DA69      14       0       0       0       0   181CD    3039       0       0
   16666649                    17                    17             2.9128865E-04         1.0000000E+30            936637       
 NEXT SEEDS:1650DD5E      14       0       0       0       0   181CD    3039       0       0
   16666650                    16                    16             2.9128866E-04         1.0000000E+30            936637       
 NEXT SEEDS:1650E056      14       0       0       0       0   181CD    3039       0       0
   16666651                    15                    15             2.9128865E-04         1.0000000E+30            936637       
 NEXT SEEDS:1650E1FF      14       0       0       0       0   181CD    3039       0       0
   16666652                    14                    14             2.9128883E-04         1.0000000E+30            936638       
 NEXT SEEDS:16511542      14       0       0       0       0   181CD    3039       0       0
   16666653                    13                    13             2.9128882E-04         1.0000000E+30            936638       
 NEXT SEEDS:165117E8      14       0       0       0       0   181CD    3039       0       0
   16666654                    12                    12             2.9128883E-04         1.0000000E+30            936638       
 NEXT SEEDS:16511A51      14       0       0       0       0   181CD    3039       0       0
   16666655                    11                    11             2.9128884E-04         1.0000000E+30            936638       
 NEXT SEEDS:16511D31      14       0       0       0       0   181CD    3039       0       0
   16666656                    10                    10             2.9128885E-04         1.0000000E+30            936638       
 NEXT SEEDS:165121A7      14       0       0       0       0   181CD    3039       0       0
   16666657                     9                     9             2.9128886E-04         1.0000000E+30            936638       
 NEXT SEEDS:1651241F      14       0       0       0       0   181CD    3039       0       0
   16666658                     8                     8             2.9128888E-04         1.0000000E+30            936638       
 NEXT SEEDS:165126A9      14       0       0       0       0   181CD    3039       0       0
   16666659                     7                     7             2.9128892E-04         1.0000000E+30            936638       
 NEXT SEEDS:165132BE      14       0       0       0       0   181CD    3039       0       0
   16666660                     6                     6             2.9128890E-04         1.0000000E+30            936638       
 NEXT SEEDS:1651357E      14       0       0       0       0   181CD    3039       0       0
   16666661                     5                     5             2.9128891E-04         1.0000000E+30            936638       
 NEXT SEEDS:16513815      14       0       0       0       0   181CD    3039       0       0
   16666662                     4                     4             2.9128892E-04         1.0000000E+30            936638       
 NEXT SEEDS:16513B30      14       0       0       0       0   181CD    3039       0       0
   16666663                     3                     3             2.9128891E-04         1.0000000E+30            936638       
 NEXT SEEDS:16513D48      14       0       0       0       0   181CD    3039       0       0
   16666664                     2                     2             2.9128889E-04         1.0000000E+30            936638       
 NEXT SEEDS:16514012      14       0       0       0       0   181CD    3039       0       0
   16666665                     1                     1             2.9128887E-04         1.0000000E+30            936638       
 NEXT SEEDS:165143BA      14       0       0       0       0   181CD    3039       0       0
   16666666                     0                     1             2.9128885E-04         1.0000000E+30            936638       
 NEXT SEEDS:165146BD      14       0       0       0       0   181CD    3039       0       0
