1NUMBER OF BEAM       NUMBER OF BEAM        APPROXIMATE NUMBER    AVERAGE TIME USED     TIME LEFT (RESERVED   NUMBER OF STARS
 PARTICLES HANDLED    PARTICLES LEFT        OF BEAM PARTICLES     BY A BEAM PARTICLE     10000.0 SECONDS      CREATED
                                            THAT CAN STILL BE                           FOR PRINTOUT)
                                            HANDLED

 NEXT SEEDS:       0       0       0       0       0       0   181CD    3039       0       0
          1               9999999               9999999             7.2097778E-04         1.0000000E+30                 0       
 NEXT SEEDS:     BF4       0       0       0       0       0   181CD    3039       0       0
     200000               9800000               9800000             1.0025352E-03         1.0000000E+30             16152       
 NEXT SEEDS:2CCB86E6       0       0       0       0       0   181CD    3039       0       0
     400000               9600000               9600000             1.0016747E-03         1.0000000E+30             32494       
 NEXT SEEDS:1DF93926       1       0       0       0       0   181CD    3039       0       0
     600000               9400000               9400000             1.0040384E-03         1.0000000E+30             48894       
 NEXT SEEDS: F456901       2       0       0       0       0   181CD    3039       0       0
     800000               9200000               9200000             1.0059235E-03         1.0000000E+30             65420       
 NEXT SEEDS:  873F16       3       0       0       0       0   181CD    3039       0       0
    1000000               9000000               9000000             1.0035101E-03         1.0000000E+30             81895       
 NEXT SEEDS:2D6A7C2F       3       0       0       0       0   181CD    3039       0       0
    1200000               8800000               8800000             1.0016094E-03         1.0000000E+30             98294       
 NEXT SEEDS:1EA803BB       4       0       0       0       0   181CD    3039       0       0
    1400000               8600000               8600000             1.0021763E-03         1.0000000E+30            114646       
 NEXT SEEDS: FE8FA8C       5       0       0       0       0   181CD    3039       0       0
    1600000               8400000               8400000             1.0001308E-03         1.0000000E+30            130916       
 NEXT SEEDS: 12843DB       6       0       0       0       0   181CD    3039       0       0
 COUSET, TXYZ:   1.00000000001145      0.529891284630115      0.848065579124598    
 COUSET, TXYZ:   1.00000000001741      3.040630784279656E-02  0.999537621342085    
    1800000               8200000               8200000             9.9802470E-04         1.0000000E+30            147182       
 NEXT SEEDS:2DF13001       6       0       0       0       0   181CD    3039       0       0
    2000000               8000000               8000000             9.9788776E-04         1.0000000E+30            163568       
 NEXT SEEDS:1F33CCF1       7       0       0       0       0   181CD    3039       0       0
    2200000               7800000               7800000             9.9735169E-04         1.0000000E+30            179912       
 NEXT SEEDS:106D2B55       8       0       0       0       0   181CD    3039       0       0
    2400000               7600000               7600000             9.9845871E-04         1.0000000E+30            196275       
 NEXT SEEDS: 1B10EE4       9       0       0       0       0   181CD    3039       0       0
    2600000               7400000               7400000             9.9934491E-04         1.0000000E+30            212419       
 NEXT SEEDS:2E7789B4       9       0       0       0       0   181CD    3039       0       0
    2800000               7200000               7200000             9.9912175E-04         1.0000000E+30            228680       
 NEXT SEEDS:1FB26309       A       0       0       0       0   181CD    3039       0       0
    3000000               7000000               7000000             9.9877617E-04         1.0000000E+30            244913       
 NEXT SEEDS:10DA05E5       B       0       0       0       0   181CD    3039       0       0
    3200000               6800000               6800000             9.9775090E-04         1.0000000E+30            261099       
 NEXT SEEDS: 1FD38BB       C       0       0       0       0   181CD    3039       0       0
    3400000               6600000               6600000             9.9585496E-04         1.0000000E+30            277367       
 NEXT SEEDS:2ED11380       C       0       0       0       0   181CD    3039       0       0
    3600000               6400000               6400000             9.9648149E-04         1.0000000E+30            293548       
 NEXT SEEDS:1FFE3338       D       0       0       0       0   181CD    3039       0       0
    3800000               6200000               6200000             9.9747099E-04         1.0000000E+30            310036       
 NEXT SEEDS:114E64ED       E       0       0       0       0   181CD    3039       0       0
    4000000               6000000               6000000             9.9645560E-04         1.0000000E+30            326328       
 NEXT SEEDS: 289B02C       F       0       0       0       0   181CD    3039       0       0
    4200000               5800000               5800000             9.9620678E-04         1.0000000E+30            342536       
 NEXT SEEDS:2F6178FD       F       0       0       0       0   181CD    3039       0       0
    4400000               5600000               5600000             9.9610976E-04         1.0000000E+30            358914       
 NEXT SEEDS:209D1A67      10       0       0       0       0   181CD    3039       0       0
    4600000               5400000               5400000             9.9603020E-04         1.0000000E+30            375288       
 NEXT SEEDS:11DD16F6      11       0       0       0       0   181CD    3039       0       0
    4800000               5200000               5200000             9.9607954E-04         1.0000000E+30            391409       
 NEXT SEEDS: 31A836F      12       0       0       0       0   181CD    3039       0       0
    5000000               5000000               5000000             9.9536663E-04         1.0000000E+30            407860       
 NEXT SEEDS:2FEF6BBC      12       0       0       0       0   181CD    3039       0       0
    5200000               4800000               4800000             9.9590137E-04         1.0000000E+30            424185       
 NEXT SEEDS:212BB19D      13       0       0       0       0   181CD    3039       0       0
    5400000               4600000               4600000             9.9518901E-04         1.0000000E+30            440549       
 NEXT SEEDS:126FC897      14       0       0       0       0   181CD    3039       0       0
    5600000               4400000               4400000             9.9523745E-04         1.0000000E+30            456720       
 NEXT SEEDS: 395C75B      15       0       0       0       0   181CD    3039       0       0
    5800000               4200000               4200000             9.9458515E-04         1.0000000E+30            473052       
 NEXT SEEDS:30636BD7      15       0       0       0       0   181CD    3039       0       0
    6000000               4000000               4000000             9.9463690E-04         1.0000000E+30            489408       
 NEXT SEEDS:21A94EFA      16       0       0       0       0   181CD    3039       0       0
    6200000               3800000               3800000             9.9481644E-04         1.0000000E+30            505918       
 NEXT SEEDS:12F90ED4      17       0       0       0       0   181CD    3039       0       0
    6400000               3600000               3600000             9.9377894E-04         1.0000000E+30            522197       
 NEXT SEEDS: 430DD4D      18       0       0       0       0   181CD    3039       0       0
    6600000               3400000               3400000             9.9370940E-04         1.0000000E+30            538579       
 NEXT SEEDS:31041146      18       0       0       0       0   181CD    3039       0       0
    6800000               3200000               3200000             9.9332644E-04         1.0000000E+30            555117       
 NEXT SEEDS:22508518      19       0       0       0       0   181CD    3039       0       0
    7000000               3000000               3000000             9.9310437E-04         1.0000000E+30            571494       
 NEXT SEEDS:13968CFE      1A       0       0       0       0   181CD    3039       0       0
    7200000               2800000               2800000             9.9292923E-04         1.0000000E+30            587685       
 NEXT SEEDS: 4BFD509      1B       0       0       0       0   181CD    3039       0       0
    7400000               2600000               2600000             9.9290074E-04         1.0000000E+30            604137       
 NEXT SEEDS:31950703      1B       0       0       0       0   181CD    3039       0       0
    7600000               2400000               2400000             9.9227123E-04         1.0000000E+30            620242       
 NEXT SEEDS:22C559AE      1C       0       0       0       0   181CD    3039       0       0
    7800000               2200000               2200000             9.9203114E-04         1.0000000E+30            636476       
 NEXT SEEDS:13F82C02      1D       0       0       0       0   181CD    3039       0       0
    8000000               2000000               2000000             9.9128456E-04         1.0000000E+30            652879       
 NEXT SEEDS: 53D751F      1E       0       0       0       0   181CD    3039       0       0
    8200000               1800000               1800000             9.9118844E-04         1.0000000E+30            668933       
 NEXT SEEDS:31FE871D      1E       0       0       0       0   181CD    3039       0       0
    8400000               1600000               1600000             9.9072197E-04         1.0000000E+30            685095       
 NEXT SEEDS:23394361      1F       0       0       0       0   181CD    3039       0       0
    8600000               1400000               1400000             9.9076957E-04         1.0000000E+30            701565       
 NEXT SEEDS:1476E865      20       0       0       0       0   181CD    3039       0       0
    8800000               1200000               1200000             9.9077605E-04         1.0000000E+30            717945       
 NEXT SEEDS: 5B9E08C      21       0       0       0       0   181CD    3039       0       0
    9000000               1000000               1000000             9.9083932E-04         1.0000000E+30            734146       
 NEXT SEEDS:3288005B      21       0       0       0       0   181CD    3039       0       0
    9200000                800000                800000             9.9089070E-04         1.0000000E+30            750175       
 NEXT SEEDS:23A7E932      22       0       0       0       0   181CD    3039       0       0
    9400000                600000                600000             9.9097419E-04         1.0000000E+30            766429       
 NEXT SEEDS:14DCFCBD      23       0       0       0       0   181CD    3039       0       0
    9600000                400000                400000             9.9100343E-04         1.0000000E+30            782758       
 NEXT SEEDS: 610EA40      24       0       0       0       0   181CD    3039       0       0
    9800000                200000                200000             9.9068191E-04         1.0000000E+30            799003       
 NEXT SEEDS:32DBF40A      24       0       0       0       0   181CD    3039       0       0
    9999950                    50                    50             9.9068885E-04         1.0000000E+30            815313       
 NEXT SEEDS:24181BBB      25       0       0       0       0   181CD    3039       0       0
    9999951                    49                    49             9.9068895E-04         1.0000000E+30            815314       
 NEXT SEEDS:24183DDB      25       0       0       0       0   181CD    3039       0       0
    9999952                    48                    48             9.9068895E-04         1.0000000E+30            815314       
 NEXT SEEDS:24184AEC      25       0       0       0       0   181CD    3039       0       0
    9999953                    47                    47             9.9068895E-04         1.0000000E+30            815314       
 NEXT SEEDS:2418566D      25       0       0       0       0   181CD    3039       0       0
    9999954                    46                    46             9.9068895E-04         1.0000000E+30            815314       
 NEXT SEEDS:2418624F      25       0       0       0       0   181CD    3039       0       0
    9999955                    45                    45             9.9068894E-04         1.0000000E+30            815314       
 NEXT SEEDS:24186E6D      25       0       0       0       0   181CD    3039       0       0
    9999956                    44                    44             9.9068894E-04         1.0000000E+30            815314       
 NEXT SEEDS:24187B58      25       0       0       0       0   181CD    3039       0       0
    9999957                    43                    43             9.9068884E-04         1.0000000E+30            815314       
 NEXT SEEDS:2418877A      25       0       0       0       0   181CD    3039       0       0
    9999958                    42                    42             9.9068894E-04         1.0000000E+30            815315       
 NEXT SEEDS:24189DD0      25       0       0       0       0   181CD    3039       0       0
    9999959                    41                    41             9.9068894E-04         1.0000000E+30            815316       
 NEXT SEEDS:2418B627      25       0       0       0       0   181CD    3039       0       0
    9999960                    40                    40             9.9068894E-04         1.0000000E+30            815316       
 NEXT SEEDS:2418C2DD      25       0       0       0       0   181CD    3039       0       0
    9999961                    39                    39             9.9068894E-04         1.0000000E+30            815316       
 NEXT SEEDS:2418CF8A      25       0       0       0       0   181CD    3039       0       0
    9999962                    38                    38             9.9068893E-04         1.0000000E+30            815316       
 NEXT SEEDS:2418DDD7      25       0       0       0       0   181CD    3039       0       0
    9999963                    37                    37             9.9068893E-04         1.0000000E+30            815316       
 NEXT SEEDS:2418EB6F      25       0       0       0       0   181CD    3039       0       0
    9999964                    36                    36             9.9068893E-04         1.0000000E+30            815316       
 NEXT SEEDS:2418F87B      25       0       0       0       0   181CD    3039       0       0
    9999965                    35                    35             9.9068893E-04         1.0000000E+30            815316       
 NEXT SEEDS:2419041F      25       0       0       0       0   181CD    3039       0       0
    9999966                    34                    34             9.9068883E-04         1.0000000E+30            815316       
 NEXT SEEDS:241910F3      25       0       0       0       0   181CD    3039       0       0
    9999967                    33                    33             9.9068883E-04         1.0000000E+30            815316       
 NEXT SEEDS:24191D9E      25       0       0       0       0   181CD    3039       0       0
    9999968                    32                    32             9.9068883E-04         1.0000000E+30            815316       
 NEXT SEEDS:24192AA9      25       0       0       0       0   181CD    3039       0       0
    9999969                    31                    31             9.9068883E-04         1.0000000E+30            815316       
 NEXT SEEDS:24193784      25       0       0       0       0   181CD    3039       0       0
    9999970                    30                    30             9.9068882E-04         1.0000000E+30            815316       
 NEXT SEEDS:24194517      25       0       0       0       0   181CD    3039       0       0
    9999971                    29                    29             9.9068882E-04         1.0000000E+30            815316       
 NEXT SEEDS:24195228      25       0       0       0       0   181CD    3039       0       0
    9999972                    28                    28             9.9068882E-04         1.0000000E+30            815316       
 NEXT SEEDS:24195F13      25       0       0       0       0   181CD    3039       0       0
    9999973                    27                    27             9.9068882E-04         1.0000000E+30            815316       
 NEXT SEEDS:24196C3F      25       0       0       0       0   181CD    3039       0       0
    9999974                    26                    26             9.9068882E-04         1.0000000E+30            815316       
 NEXT SEEDS:24197A0B      25       0       0       0       0   181CD    3039       0       0
    9999975                    25                    25             9.9068872E-04         1.0000000E+30            815316       
 NEXT SEEDS:241986B7      25       0       0       0       0   181CD    3039       0       0
    9999976                    24                    24             9.9068872E-04         1.0000000E+30            815316       
 NEXT SEEDS:241993ED      25       0       0       0       0   181CD    3039       0       0
    9999977                    23                    23             9.9068872E-04         1.0000000E+30            815316       
 NEXT SEEDS:2419A068      25       0       0       0       0   181CD    3039       0       0
    9999978                    22                    22             9.9068872E-04         1.0000000E+30            815316       
 NEXT SEEDS:2419AC9A      25       0       0       0       0   181CD    3039       0       0
    9999979                    21                    21             9.9068871E-04         1.0000000E+30            815316       
 NEXT SEEDS:2419B8D0      25       0       0       0       0   181CD    3039       0       0
    9999980                    20                    20             9.9068871E-04         1.0000000E+30            815317       
 NEXT SEEDS:2419C431      25       0       0       0       0   181CD    3039       0       0
    9999981                    19                    19             9.9068861E-04         1.0000000E+30            815317       
 NEXT SEEDS:2419D035      25       0       0       0       0   181CD    3039       0       0
    9999982                    18                    18             9.9068861E-04         1.0000000E+30            815317       
 NEXT SEEDS:2419DE0D      25       0       0       0       0   181CD    3039       0       0
    9999983                    17                    17             9.9068861E-04         1.0000000E+30            815317       
 NEXT SEEDS:2419EA50      25       0       0       0       0   181CD    3039       0       0
    9999984                    16                    16             9.9068861E-04         1.0000000E+30            815317       
 NEXT SEEDS:2419F641      25       0       0       0       0   181CD    3039       0       0
    9999985                    15                    15             9.9068861E-04         1.0000000E+30            815317       
 NEXT SEEDS:241A03B5      25       0       0       0       0   181CD    3039       0       0
    9999986                    14                    14             9.9068861E-04         1.0000000E+30            815317       
 NEXT SEEDS:241A1186      25       0       0       0       0   181CD    3039       0       0
    9999987                    13                    13             9.9068861E-04         1.0000000E+30            815317       
 NEXT SEEDS:241A1E32      25       0       0       0       0   181CD    3039       0       0
    9999988                    12                    12             9.9068860E-04         1.0000000E+30            815317       
 NEXT SEEDS:241A2BB1      25       0       0       0       0   181CD    3039       0       0
    9999989                    11                    11             9.9068851E-04         1.0000000E+30            815317       
 NEXT SEEDS:241A3818      25       0       0       0       0   181CD    3039       0       0
    9999990                    10                    10             9.9068850E-04         1.0000000E+30            815317       
 NEXT SEEDS:241A44F0      25       0       0       0       0   181CD    3039       0       0
    9999991                     9                     9             9.9068850E-04         1.0000000E+30            815317       
 NEXT SEEDS:241A5104      25       0       0       0       0   181CD    3039       0       0
    9999992                     8                     8             9.9068850E-04         1.0000000E+30            815317       
 NEXT SEEDS:241A5CAC      25       0       0       0       0   181CD    3039       0       0
    9999993                     7                     7             9.9068850E-04         1.0000000E+30            815317       
 NEXT SEEDS:241A6919      25       0       0       0       0   181CD    3039       0       0
    9999994                     6                     6             9.9068850E-04         1.0000000E+30            815317       
 NEXT SEEDS:241A75B8      25       0       0       0       0   181CD    3039       0       0
    9999995                     5                     5             9.9068850E-04         1.0000000E+30            815317       
 NEXT SEEDS:241A8213      25       0       0       0       0   181CD    3039       0       0
    9999996                     4                     4             9.9068840E-04         1.0000000E+30            815317       
 NEXT SEEDS:241A8DBB      25       0       0       0       0   181CD    3039       0       0
    9999997                     3                     3             9.9068849E-04         1.0000000E+30            815318       
 NEXT SEEDS:241AA120      25       0       0       0       0   181CD    3039       0       0
    9999998                     2                     2             9.9068839E-04         1.0000000E+30            815318       
 NEXT SEEDS:241AAC76      25       0       0       0       0   181CD    3039       0       0
    9999999                     1                     1             9.9068839E-04         1.0000000E+30            815318       
 NEXT SEEDS:241AB8C1      25       0       0       0       0   181CD    3039       0       0
   10000000                     0                     1             9.9068839E-04         1.0000000E+30            815318       
 NEXT SEEDS:241AC4C0      25       0       0       0       0   181CD    3039       0       0
