1NUMBER OF BEAM       NUMBER OF BEAM        APPROXIMATE NUMBER    AVERAGE TIME USED     TIME LEFT (RESERVED   NUMBER OF STARS
 PARTICLES HANDLED    PARTICLES LEFT        OF BEAM PARTICLES     BY A BEAM PARTICLE     10000.0 SECONDS      CREATED
                                            THAT CAN STILL BE                           FOR PRINTOUT)
                                            HANDLED

 NEXT SEEDS:       0       0       0       0       0       0   181CD    3039       0       0
          1              49999999              49999999             1.6403198E-04         1.0000000E+30                 0       
 NEXT SEEDS:     18F       0       0       0       0       0   181CD    3039       0       0
    1000000              49000000              49000000             1.1676961E-04         1.0000000E+30             12599       
 NEXT SEEDS:23D54126       0       0       0       0       0   181CD    3039       0       0
    2000000              48000000              48000000             1.1406126E-04         1.0000000E+30             25330       
 NEXT SEEDS: C29BAC5       1       0       0       0       0   181CD    3039       0       0
    3000000              47000000              47000000             1.1447158E-04         1.0000000E+30             38218       
 NEXT SEEDS:3030FCA1       1       0       0       0       0   181CD    3039       0       0
    4000000              46000000              46000000             1.2251754E-04         1.0000000E+30             51163       
 NEXT SEEDS:18955322       2       0       0       0       0   181CD    3039       0       0
    5000000              45000000              45000000             1.2787044E-04         1.0000000E+30             63915       
 NEXT SEEDS: 1018D5F       3       0       0       0       0   181CD    3039       0       0
    6000000              44000000              44000000             1.3140256E-04         1.0000000E+30             76580       
 NEXT SEEDS:24F956E7       3       0       0       0       0   181CD    3039       0       0
    7000000              43000000              43000000             1.3392480E-04         1.0000000E+30             89348       
 NEXT SEEDS: D55EBDC       4       0       0       0       0   181CD    3039       0       0
    8000000              42000000              42000000             1.3580415E-04         1.0000000E+30            102077       
 NEXT SEEDS:313A618B       4       0       0       0       0   181CD    3039       0       0
    9000000              41000000              41000000             1.3723082E-04         1.0000000E+30            114698       
 NEXT SEEDS:197A8511       5       0       0       0       0   181CD    3039       0       0
   10000000              40000000              40000000             1.3843056E-04         1.0000000E+30            127565       
 NEXT SEEDS: 1E324F7       6       0       0       0       0   181CD    3039       0       0
   11000000              39000000              39000000             1.3935904E-04         1.0000000E+30            140408       
 NEXT SEEDS:25B96DBC       6       0       0       0       0   181CD    3039       0       0
   12000000              38000000              38000000             1.4020465E-04         1.0000000E+30            153124       
 NEXT SEEDS: E102DCE       7       0       0       0       0   181CD    3039       0       0
   13000000              37000000              37000000             1.4085708E-04         1.0000000E+30            165600       
 NEXT SEEDS:31F29BEE       7       0       0       0       0   181CD    3039       0       0
 COUSET, TXYZ:  0.999999999990904     -0.589024313941636      0.808115312048592    
   14000000              36000000              36000000             1.4143181E-04         1.0000000E+30            178130       
 NEXT SEEDS:1A2BE724       8       0       0       0       0   181CD    3039       0       0
   15000000              35000000              35000000             1.4198611E-04         1.0000000E+30            190850       
 NEXT SEEDS: 2709725       9       0       0       0       0   181CD    3039       0       0
   16000000              34000000              34000000             1.4265084E-04         1.0000000E+30            203707       
 NEXT SEEDS:2666C766       9       0       0       0       0   181CD    3039       0       0
   17000000              33000000              33000000             1.4330204E-04         1.0000000E+30            216594       
 NEXT SEEDS: EBB811A       A       0       0       0       0   181CD    3039       0       0
   18000000              32000000              32000000             1.4380818E-04         1.0000000E+30            229193       
 NEXT SEEDS:328D4C0C       A       0       0       0       0   181CD    3039       0       0
   19000000              31000000              31000000             1.4428155E-04         1.0000000E+30            241906       
 NEXT SEEDS:1ABF610B       B       0       0       0       0   181CD    3039       0       0
   20000000              30000000              30000000             1.4472637E-04         1.0000000E+30            254573       
 NEXT SEEDS: 30DABA4       C       0       0       0       0   181CD    3039       0       0
 COUSET, TXYZ:   1.00000000001308      0.234884400697587      0.972023311621229    
   21000000              29000000              29000000             1.4514516E-04         1.0000000E+30            267346       
 NEXT SEEDS:26F38491       C       0       0       0       0   181CD    3039       0       0
   22000000              28000000              28000000             1.4534097E-04         1.0000000E+30            280233       
 NEXT SEEDS: F317742       D       0       0       0       0   181CD    3039       0       0
   23000000              27000000              27000000             1.4552171E-04         1.0000000E+30            293014       
 NEXT SEEDS:3311623D       D       0       0       0       0   181CD    3039       0       0
   24000000              26000000              26000000             1.4566157E-04         1.0000000E+30            305801       
 NEXT SEEDS:1B5E4425       E       0       0       0       0   181CD    3039       0       0
   25000000              25000000              25000000             1.4580336E-04         1.0000000E+30            318600       
 NEXT SEEDS: 3B8C2FF       F       0       0       0       0   181CD    3039       0       0
 COUSET, TXYZ:  0.999999999987515      0.138630947669098      0.990344112075897    
   26000000              24000000              24000000             1.4591713E-04         1.0000000E+30            331435       
 NEXT SEEDS:27972B54       F       0       0       0       0   181CD    3039       0       0
   27000000              23000000              23000000             1.4601884E-04         1.0000000E+30            344162       
 NEXT SEEDS: FD47C80      10       0       0       0       0   181CD    3039       0       0
   28000000              22000000              22000000             1.4611566E-04         1.0000000E+30            356841       
 NEXT SEEDS:33A8ED81      10       0       0       0       0   181CD    3039       0       0
   29000000              21000000              21000000             1.4618878E-04         1.0000000E+30            369402       
 NEXT SEEDS:1BDDD3A8      11       0       0       0       0   181CD    3039       0       0
   30000000              20000000              20000000             1.4627095E-04         1.0000000E+30            382018       
 NEXT SEEDS: 417FF55      12       0       0       0       0   181CD    3039       0       0
   31000000              19000000              19000000             1.4635468E-04         1.0000000E+30            394866       
 NEXT SEEDS:28004532      12       0       0       0       0   181CD    3039       0       0
   32000000              18000000              18000000             1.4643427E-04         1.0000000E+30            407640       
 NEXT SEEDS:104C9D87      13       0       0       0       0   181CD    3039       0       0
   33000000              17000000              17000000             1.4650456E-04         1.0000000E+30            420491       
 NEXT SEEDS:3422EBFE      13       0       0       0       0   181CD    3039       0       0
   34000000              16000000              16000000             1.4657185E-04         1.0000000E+30            433163       
 NEXT SEEDS:1C6C035B      14       0       0       0       0   181CD    3039       0       0
   35000000              15000000              15000000             1.4666310E-04         1.0000000E+30            446168       
 NEXT SEEDS: 4CC7630      15       0       0       0       0   181CD    3039       0       0
   36000000              14000000              14000000             1.4671873E-04         1.0000000E+30            458637       
 NEXT SEEDS:289F0BB1      15       0       0       0       0   181CD    3039       0       0
 COUSET, TXYZ:  0.999999999967302     -0.268167977156610      0.963372168978498    
   37000000              13000000              13000000             1.4677042E-04         1.0000000E+30            471468       
 NEXT SEEDS:10DCB1C8      16       0       0       0       0   181CD    3039       0       0
   38000000              12000000              12000000             1.4683075E-04         1.0000000E+30            484169       
 NEXT SEEDS:34CD0DD6      16       0       0       0       0   181CD    3039       0       0
   39000000              11000000              11000000             1.4687385E-04         1.0000000E+30            496915       
 NEXT SEEDS:1D0E7330      17       0       0       0       0   181CD    3039       0       0
   40000000              10000000              10000000             1.4692988E-04         1.0000000E+30            509780       
 NEXT SEEDS: 564970F      18       0       0       0       0   181CD    3039       0       0
   41000000               9000000               9000000             1.4696605E-04         1.0000000E+30            522355       
 NEXT SEEDS:293C885B      18       0       0       0       0   181CD    3039       0       0
   42000000               8000000               8000000             1.4700230E-04         1.0000000E+30            535119       
 NEXT SEEDS:1189E2F9      19       0       0       0       0   181CD    3039       0       0
   43000000               7000000               7000000             1.4704747E-04         1.0000000E+30            547884       
 NEXT SEEDS:3567BB98      19       0       0       0       0   181CD    3039       0       0
   44000000               6000000               6000000             1.4708624E-04         1.0000000E+30            560455       
 NEXT SEEDS:1DB3604E      1A       0       0       0       0   181CD    3039       0       0
 COUSET, TXYZ:  0.999999999988802      0.881913860624456      0.471410587933779    
   45000000               5000000               5000000             1.4712756E-04         1.0000000E+30            573250       
 NEXT SEEDS: 5F6A13C      1B       0       0       0       0   181CD    3039       0       0
   46000000               4000000               4000000             1.4716572E-04         1.0000000E+30            586164       
 NEXT SEEDS:29D515BB      1B       0       0       0       0   181CD    3039       0       0
 COUSET, TXYZ:   1.00000000001222      0.800827683117297      0.598894833820944    
   47000000               3000000               3000000             1.4721422E-04         1.0000000E+30            599013       
 NEXT SEEDS:121F3F53      1C       0       0       0       0   181CD    3039       0       0
   48000000               2000000               2000000             1.4725185E-04         1.0000000E+30            611660       
 NEXT SEEDS:3608716B      1C       0       0       0       0   181CD    3039       0       0
   49000000               1000000               1000000             1.4728430E-04         1.0000000E+30            624334       
 NEXT SEEDS:1E4FE5FC      1D       0       0       0       0   181CD    3039       0       0
   49999950                    50                    50             1.4732306E-04         1.0000000E+30            637287       
 NEXT SEEDS: 6A8A109      1E       0       0       0       0   181CD    3039       0       0
   49999951                    49                    49             1.4732307E-04         1.0000000E+30            637287       
 NEXT SEEDS: 6A8A34A      1E       0       0       0       0   181CD    3039       0       0
   49999952                    48                    48             1.4732306E-04         1.0000000E+30            637287       
 NEXT SEEDS: 6A8A3D9      1E       0       0       0       0   181CD    3039       0       0
   49999953                    47                    47             1.4732306E-04         1.0000000E+30            637287       
 NEXT SEEDS: 6A8A78B      1E       0       0       0       0   181CD    3039       0       0
   49999954                    46                    46             1.4732306E-04         1.0000000E+30            637287       
 NEXT SEEDS: 6A8A817      1E       0       0       0       0   181CD    3039       0       0
   49999955                    45                    45             1.4732305E-04         1.0000000E+30            637287       
 NEXT SEEDS: 6A8A9EF      1E       0       0       0       0   181CD    3039       0       0
   49999956                    44                    44             1.4732305E-04         1.0000000E+30            637287       
 NEXT SEEDS: 6A8AB61      1E       0       0       0       0   181CD    3039       0       0
   49999957                    43                    43             1.4732305E-04         1.0000000E+30            637287       
 NEXT SEEDS: 6A8AC98      1E       0       0       0       0   181CD    3039       0       0
   49999958                    42                    42             1.4732305E-04         1.0000000E+30            637287       
 NEXT SEEDS: 6A8AE32      1E       0       0       0       0   181CD    3039       0       0
   49999959                    41                    41             1.4732304E-04         1.0000000E+30            637287       
 NEXT SEEDS: 6A8B06D      1E       0       0       0       0   181CD    3039       0       0
   49999960                    40                    40             1.4732304E-04         1.0000000E+30            637287       
 NEXT SEEDS: 6A8B228      1E       0       0       0       0   181CD    3039       0       0
   49999961                    39                    39             1.4732304E-04         1.0000000E+30            637287       
 NEXT SEEDS: 6A8B34F      1E       0       0       0       0   181CD    3039       0       0
   49999962                    38                    38             1.4732303E-04         1.0000000E+30            637287       
 NEXT SEEDS: 6A8B4DE      1E       0       0       0       0   181CD    3039       0       0
   49999963                    37                    37             1.4732303E-04         1.0000000E+30            637287       
 NEXT SEEDS: 6A8B61C      1E       0       0       0       0   181CD    3039       0       0
   49999964                    36                    36             1.4732303E-04         1.0000000E+30            637287       
 NEXT SEEDS: 6A8B6AA      1E       0       0       0       0   181CD    3039       0       0
   49999965                    35                    35             1.4732302E-04         1.0000000E+30            637287       
 NEXT SEEDS: 6A8B73E      1E       0       0       0       0   181CD    3039       0       0
   49999966                    34                    34             1.4732302E-04         1.0000000E+30            637287       
 NEXT SEEDS: 6A8B8C7      1E       0       0       0       0   181CD    3039       0       0
   49999967                    33                    33             1.4732302E-04         1.0000000E+30            637287       
 NEXT SEEDS: 6A8B9AA      1E       0       0       0       0   181CD    3039       0       0
   49999968                    32                    32             1.4732302E-04         1.0000000E+30            637287       
 NEXT SEEDS: 6A8BB70      1E       0       0       0       0   181CD    3039       0       0
   49999969                    31                    31             1.4732302E-04         1.0000000E+30            637287       
 NEXT SEEDS: 6A8BE04      1E       0       0       0       0   181CD    3039       0       0
   49999970                    30                    30             1.4732303E-04         1.0000000E+30            637287       
 NEXT SEEDS: 6A8C0B9      1E       0       0       0       0   181CD    3039       0       0
   49999971                    29                    29             1.4732303E-04         1.0000000E+30            637287       
 NEXT SEEDS: 6A8C2BA      1E       0       0       0       0   181CD    3039       0       0
   49999972                    28                    28             1.4732302E-04         1.0000000E+30            637287       
 NEXT SEEDS: 6A8C351      1E       0       0       0       0   181CD    3039       0       0
   49999973                    27                    27             1.4732303E-04         1.0000000E+30            637287       
 NEXT SEEDS: 6A8C60E      1E       0       0       0       0   181CD    3039       0       0
   49999974                    26                    26             1.4732304E-04         1.0000000E+30            637287       
 NEXT SEEDS: 6A8C867      1E       0       0       0       0   181CD    3039       0       0
   49999975                    25                    25             1.4732303E-04         1.0000000E+30            637287       
 NEXT SEEDS: 6A8CAA7      1E       0       0       0       0   181CD    3039       0       0
   49999976                    24                    24             1.4732304E-04         1.0000000E+30            637287       
 NEXT SEEDS: 6A8CB31      1E       0       0       0       0   181CD    3039       0       0
   49999977                    23                    23             1.4732304E-04         1.0000000E+30            637287       
 NEXT SEEDS: 6A8CC44      1E       0       0       0       0   181CD    3039       0       0
   49999978                    22                    22             1.4732304E-04         1.0000000E+30            637287       
 NEXT SEEDS: 6A8CD45      1E       0       0       0       0   181CD    3039       0       0
   49999979                    21                    21             1.4732304E-04         1.0000000E+30            637287       
 NEXT SEEDS: 6A8CDF4      1E       0       0       0       0   181CD    3039       0       0
   49999980                    20                    20             1.4732305E-04         1.0000000E+30            637287       
 NEXT SEEDS: 6A8CF5D      1E       0       0       0       0   181CD    3039       0       0
   49999981                    19                    19             1.4732305E-04         1.0000000E+30            637287       
 NEXT SEEDS: 6A8D202      1E       0       0       0       0   181CD    3039       0       0
   49999982                    18                    18             1.4732305E-04         1.0000000E+30            637287       
 NEXT SEEDS: 6A8D29A      1E       0       0       0       0   181CD    3039       0       0
   49999983                    17                    17             1.4732305E-04         1.0000000E+30            637287       
 NEXT SEEDS: 6A8D475      1E       0       0       0       0   181CD    3039       0       0
   49999984                    16                    16             1.4732306E-04         1.0000000E+30            637287       
 NEXT SEEDS: 6A8D4F0      1E       0       0       0       0   181CD    3039       0       0
   49999985                    15                    15             1.4732305E-04         1.0000000E+30            637287       
 NEXT SEEDS: 6A8D8CC      1E       0       0       0       0   181CD    3039       0       0
   49999986                    14                    14             1.4732306E-04         1.0000000E+30            637287       
 NEXT SEEDS: 6A8DA2A      1E       0       0       0       0   181CD    3039       0       0
   49999987                    13                    13             1.4732306E-04         1.0000000E+30            637287       
 NEXT SEEDS: 6A8DB16      1E       0       0       0       0   181CD    3039       0       0
   49999988                    12                    12             1.4732306E-04         1.0000000E+30            637287       
 NEXT SEEDS: 6A8DD59      1E       0       0       0       0   181CD    3039       0       0
   49999989                    11                    11             1.4732306E-04         1.0000000E+30            637287       
 NEXT SEEDS: 6A8DEAD      1E       0       0       0       0   181CD    3039       0       0
   49999990                    10                    10             1.4732307E-04         1.0000000E+30            637287       
 NEXT SEEDS: 6A8E217      1E       0       0       0       0   181CD    3039       0       0
   49999991                     9                     9             1.4732307E-04         1.0000000E+30            637287       
 NEXT SEEDS: 6A8E700      1E       0       0       0       0   181CD    3039       0       0
   49999992                     8                     8             1.4732308E-04         1.0000000E+30            637287       
 NEXT SEEDS: 6A8E7C3      1E       0       0       0       0   181CD    3039       0       0
   49999993                     7                     7             1.4732308E-04         1.0000000E+30            637287       
 NEXT SEEDS: 6A8E887      1E       0       0       0       0   181CD    3039       0       0
   49999994                     6                     6             1.4732309E-04         1.0000000E+30            637287       
 NEXT SEEDS: 6A8ED71      1E       0       0       0       0   181CD    3039       0       0
   49999995                     5                     5             1.4732308E-04         1.0000000E+30            637287       
 NEXT SEEDS: 6A8EE08      1E       0       0       0       0   181CD    3039       0       0
   49999996                     4                     4             1.4732309E-04         1.0000000E+30            637287       
 NEXT SEEDS: 6A8EF74      1E       0       0       0       0   181CD    3039       0       0
   49999997                     3                     3             1.4732309E-04         1.0000000E+30            637287       
 NEXT SEEDS: 6A8F223      1E       0       0       0       0   181CD    3039       0       0
   49999998                     2                     2             1.4732309E-04         1.0000000E+30            637287       
 NEXT SEEDS: 6A8F4EB      1E       0       0       0       0   181CD    3039       0       0
   49999999                     1                     1             1.4732310E-04         1.0000000E+30            637287       
 NEXT SEEDS: 6A8F568      1E       0       0       0       0   181CD    3039       0       0
   50000000                     0                     1             1.4732310E-04         1.0000000E+30            637287       
 NEXT SEEDS: 6A8F878      1E       0       0       0       0   181CD    3039       0       0
